ARM GAS  /tmp/cc80ENu1.s 			page 1


   1              		.cpu cortex-m4
   2              		.arch armv7e-m
   3              		.fpu softvfp
   4              		.eabi_attribute 20, 1
   5              		.eabi_attribute 21, 1
   6              		.eabi_attribute 23, 3
   7              		.eabi_attribute 24, 1
   8              		.eabi_attribute 25, 1
   9              		.eabi_attribute 26, 1
  10              		.eabi_attribute 30, 2
  11              		.eabi_attribute 34, 1
  12              		.eabi_attribute 18, 4
  13              		.file	"chcore_v7m.c"
  14              		.file 1 "/usr/lib/gcc/arm-none-eabi/13.2.1/include/stdint.h"
  15              		.file 2 "../os/common/ext/ARM/CMSIS/Core/Include/core_cm4.h"
  16              		.file 3 "../os/common/ports/ARMCMx/chcore.h"
  17              		.file 4 "../os/common/ports/ARMCMx/chcore_v7m.h"
  18              		.file 5 "../os/common/ports/ARMCMx/chcore_v7m.c"
  19              		.file 6 "../os/common/ext/ARM/CMSIS/Core/Include/cmsis_gcc.h"
  20              		.file 7 "../os/rt/include/chschd.h"
  21              		.section	.gnu.debuglto_.debug_info,"e",%progbits
  22              	.Ldebug_info0:
  23              		.hidden	chcore_v7m.c.1a15cb5f
  24              		.weak	chcore_v7m.c.1a15cb5f
  25              	chcore_v7m.c.1a15cb5f:
  26 0000 8C030000 		.4byte	0x38c
  27 0004 0500     		.2byte	0x5
  28 0006 01       		.byte	0x1
  29 0007 04       		.byte	0x4
  30 0008 00000000 		.4byte	.Ldebug_abbrev0
  31 000c 0F       		.uleb128 0xf
  32 000d 9A010000 		.4byte	.LASF48
  33 0011 1D       		.byte	0x1d
  34 0012 23000000 		.4byte	.LASF49
  35 0016 8E000000 		.4byte	.LASF50
  36 001a 00000000 		.4byte	.Ldebug_line0
  37 001e 10       		.uleb128 0x10
  38 001f 04       		.byte	0x4
  39 0020 05       		.byte	0x5
  40 0021 696E7400 		.ascii	"int\000"
  41 0025 02       		.uleb128 0x2
  42 0026 04       		.byte	0x4
  43 0027 07       		.byte	0x7
  44 0028 F5020000 		.4byte	.LASF0
  45 002c 02       		.uleb128 0x2
  46 002d 08       		.byte	0x8
  47 002e 05       		.byte	0x5
  48 002f B9000000 		.4byte	.LASF1
  49 0033 02       		.uleb128 0x2
  50 0034 08       		.byte	0x8
  51 0035 04       		.byte	0x4
  52 0036 7D000000 		.4byte	.LASF2
  53 003a 02       		.uleb128 0x2
  54 003b 01       		.byte	0x1
  55 003c 06       		.byte	0x6
  56 003d 65010000 		.4byte	.LASF3
  57 0041 02       		.uleb128 0x2
ARM GAS  /tmp/cc80ENu1.s 			page 2


  58 0042 02       		.byte	0x2
  59 0043 05       		.byte	0x5
  60 0044 19000000 		.4byte	.LASF4
  61 0048 02       		.uleb128 0x2
  62 0049 04       		.byte	0x4
  63 004a 05       		.byte	0x5
  64 004b E6000000 		.4byte	.LASF5
  65 004f 09       		.uleb128 0x9
  66 0050 63000000 		.4byte	.LASF8
  67 0054 01       		.byte	0x1
  68 0055 2E       		.byte	0x2e
  69 0056 18       		.byte	0x18
  70 0057 60000000 		.4byte	0x60
  71 005b 04       		.uleb128 0x4
  72 005c 4F000000 		.4byte	0x4f
  73 0060 02       		.uleb128 0x2
  74 0061 01       		.byte	0x1
  75 0062 08       		.byte	0x8
  76 0063 57010000 		.4byte	.LASF6
  77 0067 02       		.uleb128 0x2
  78 0068 02       		.byte	0x2
  79 0069 07       		.byte	0x7
  80 006a 55020000 		.4byte	.LASF7
  81 006e 09       		.uleb128 0x9
  82 006f 74000000 		.4byte	.LASF9
  83 0073 01       		.byte	0x1
  84 0074 34       		.byte	0x34
  85 0075 19       		.byte	0x19
  86 0076 84000000 		.4byte	0x84
  87 007a 04       		.uleb128 0x4
  88 007b 6E000000 		.4byte	0x6e
  89 007f 07       		.uleb128 0x7
  90 0080 7A000000 		.4byte	0x7a
  91 0084 02       		.uleb128 0x2
  92 0085 04       		.byte	0x4
  93 0086 07       		.byte	0x7
  94 0087 AF020000 		.4byte	.LASF10
  95 008b 02       		.uleb128 0x2
  96 008c 08       		.byte	0x8
  97 008d 07       		.byte	0x7
  98 008e 71010000 		.4byte	.LASF11
  99 0092 11       		.uleb128 0x11
 100 0093 04       		.byte	0x4
 101 0094 12       		.uleb128 0x12
 102 0095 8C       		.byte	0x8c
 103 0096 02       		.byte	0x2
 104 0097 B801     		.2byte	0x1b8
 105 0099 09       		.byte	0x9
 106 009a C5010000 		.4byte	0x1c5
 107 009e 01       		.uleb128 0x1
 108 009f 54000000 		.4byte	.LASF12
 109 00a3 02       		.byte	0x2
 110 00a4 BA01     		.2byte	0x1ba
 111 00a6 12       		.byte	0x12
 112 00a7 7F000000 		.4byte	0x7f
 113 00ab 00       		.byte	0
 114 00ac 01       		.uleb128 0x1
ARM GAS  /tmp/cc80ENu1.s 			page 3


 115 00ad 89000000 		.4byte	.LASF13
 116 00b1 02       		.byte	0x2
 117 00b2 BB01     		.2byte	0x1bb
 118 00b4 12       		.byte	0x12
 119 00b5 7A000000 		.4byte	0x7a
 120 00b9 04       		.byte	0x4
 121 00ba 01       		.uleb128 0x1
 122 00bb 7A020000 		.4byte	.LASF14
 123 00bf 02       		.byte	0x2
 124 00c0 BC01     		.2byte	0x1bc
 125 00c2 12       		.byte	0x12
 126 00c3 7A000000 		.4byte	0x7a
 127 00c7 08       		.byte	0x8
 128 00c8 01       		.uleb128 0x1
 129 00c9 51010000 		.4byte	.LASF15
 130 00cd 02       		.byte	0x2
 131 00ce BD01     		.2byte	0x1bd
 132 00d0 12       		.byte	0x12
 133 00d1 7A000000 		.4byte	0x7a
 134 00d5 0C       		.byte	0xc
 135 00d6 03       		.uleb128 0x3
 136 00d7 53435200 		.ascii	"SCR\000"
 137 00db 02       		.byte	0x2
 138 00dc BE01     		.2byte	0x1be
 139 00de 12       		.byte	0x12
 140 00df 7A000000 		.4byte	0x7a
 141 00e3 10       		.byte	0x10
 142 00e4 03       		.uleb128 0x3
 143 00e5 43435200 		.ascii	"CCR\000"
 144 00e9 02       		.byte	0x2
 145 00ea BF01     		.2byte	0x1bf
 146 00ec 12       		.byte	0x12
 147 00ed 7A000000 		.4byte	0x7a
 148 00f1 14       		.byte	0x14
 149 00f2 03       		.uleb128 0x3
 150 00f3 53485000 		.ascii	"SHP\000"
 151 00f7 02       		.byte	0x2
 152 00f8 C001     		.2byte	0x1c0
 153 00fa 12       		.byte	0x12
 154 00fb D5010000 		.4byte	0x1d5
 155 00ff 18       		.byte	0x18
 156 0100 01       		.uleb128 0x1
 157 0101 88010000 		.4byte	.LASF16
 158 0105 02       		.byte	0x2
 159 0106 C101     		.2byte	0x1c1
 160 0108 12       		.byte	0x12
 161 0109 7A000000 		.4byte	0x7a
 162 010d 24       		.byte	0x24
 163 010e 01       		.uleb128 0x1
 164 010f 2C010000 		.4byte	.LASF17
 165 0113 02       		.byte	0x2
 166 0114 C201     		.2byte	0x1c2
 167 0116 12       		.byte	0x12
 168 0117 7A000000 		.4byte	0x7a
 169 011b 28       		.byte	0x28
 170 011c 01       		.uleb128 0x1
 171 011d 9B020000 		.4byte	.LASF18
ARM GAS  /tmp/cc80ENu1.s 			page 4


 172 0121 02       		.byte	0x2
 173 0122 C301     		.2byte	0x1c3
 174 0124 12       		.byte	0x12
 175 0125 7A000000 		.4byte	0x7a
 176 0129 2C       		.byte	0x2c
 177 012a 01       		.uleb128 0x1
 178 012b 84020000 		.4byte	.LASF19
 179 012f 02       		.byte	0x2
 180 0130 C401     		.2byte	0x1c4
 181 0132 12       		.byte	0x12
 182 0133 7A000000 		.4byte	0x7a
 183 0137 30       		.byte	0x30
 184 0138 01       		.uleb128 0x1
 185 0139 13000000 		.4byte	.LASF20
 186 013d 02       		.byte	0x2
 187 013e C501     		.2byte	0x1c5
 188 0140 12       		.byte	0x12
 189 0141 7A000000 		.4byte	0x7a
 190 0145 34       		.byte	0x34
 191 0146 01       		.uleb128 0x1
 192 0147 C7000000 		.4byte	.LASF21
 193 014b 02       		.byte	0x2
 194 014c C601     		.2byte	0x1c6
 195 014e 12       		.byte	0x12
 196 014f 7A000000 		.4byte	0x7a
 197 0153 38       		.byte	0x38
 198 0154 01       		.uleb128 0x1
 199 0155 F0020000 		.4byte	.LASF22
 200 0159 02       		.byte	0x2
 201 015a C701     		.2byte	0x1c7
 202 015c 12       		.byte	0x12
 203 015d 7A000000 		.4byte	0x7a
 204 0161 3C       		.byte	0x3c
 205 0162 03       		.uleb128 0x3
 206 0163 50465200 		.ascii	"PFR\000"
 207 0167 02       		.byte	0x2
 208 0168 C801     		.2byte	0x1c8
 209 016a 12       		.byte	0x12
 210 016b EF010000 		.4byte	0x1ef
 211 016f 40       		.byte	0x40
 212 0170 03       		.uleb128 0x3
 213 0171 44465200 		.ascii	"DFR\000"
 214 0175 02       		.byte	0x2
 215 0176 C901     		.2byte	0x1c9
 216 0178 12       		.byte	0x12
 217 0179 7F000000 		.4byte	0x7f
 218 017d 48       		.byte	0x48
 219 017e 03       		.uleb128 0x3
 220 017f 41445200 		.ascii	"ADR\000"
 221 0183 02       		.byte	0x2
 222 0184 CA01     		.2byte	0x1ca
 223 0186 12       		.byte	0x12
 224 0187 7F000000 		.4byte	0x7f
 225 018b 4C       		.byte	0x4c
 226 018c 01       		.uleb128 0x1
 227 018d A0020000 		.4byte	.LASF23
 228 0191 02       		.byte	0x2
ARM GAS  /tmp/cc80ENu1.s 			page 5


 229 0192 CB01     		.2byte	0x1cb
 230 0194 12       		.byte	0x12
 231 0195 09020000 		.4byte	0x209
 232 0199 50       		.byte	0x50
 233 019a 01       		.uleb128 0x1
 234 019b 7F020000 		.4byte	.LASF24
 235 019f 02       		.byte	0x2
 236 01a0 CC01     		.2byte	0x1cc
 237 01a2 12       		.byte	0x12
 238 01a3 23020000 		.4byte	0x223
 239 01a7 60       		.byte	0x60
 240 01a8 01       		.uleb128 0x1
 241 01a9 A5020000 		.4byte	.LASF25
 242 01ad 02       		.byte	0x2
 243 01ae CD01     		.2byte	0x1cd
 244 01b0 12       		.byte	0x12
 245 01b1 28020000 		.4byte	0x228
 246 01b5 74       		.byte	0x74
 247 01b6 01       		.uleb128 0x1
 248 01b7 18030000 		.4byte	.LASF26
 249 01bb 02       		.byte	0x2
 250 01bc CE01     		.2byte	0x1ce
 251 01be 12       		.byte	0x12
 252 01bf 7A000000 		.4byte	0x7a
 253 01c3 88       		.byte	0x88
 254 01c4 00       		.byte	0
 255 01c5 05       		.uleb128 0x5
 256 01c6 5B000000 		.4byte	0x5b
 257 01ca D5010000 		.4byte	0x1d5
 258 01ce 06       		.uleb128 0x6
 259 01cf 25000000 		.4byte	0x25
 260 01d3 0B       		.byte	0xb
 261 01d4 00       		.byte	0
 262 01d5 04       		.uleb128 0x4
 263 01d6 C5010000 		.4byte	0x1c5
 264 01da 05       		.uleb128 0x5
 265 01db 7F000000 		.4byte	0x7f
 266 01df EA010000 		.4byte	0x1ea
 267 01e3 06       		.uleb128 0x6
 268 01e4 25000000 		.4byte	0x25
 269 01e8 01       		.byte	0x1
 270 01e9 00       		.byte	0
 271 01ea 07       		.uleb128 0x7
 272 01eb DA010000 		.4byte	0x1da
 273 01ef 04       		.uleb128 0x4
 274 01f0 EA010000 		.4byte	0x1ea
 275 01f4 05       		.uleb128 0x5
 276 01f5 7F000000 		.4byte	0x7f
 277 01f9 04020000 		.4byte	0x204
 278 01fd 06       		.uleb128 0x6
 279 01fe 25000000 		.4byte	0x25
 280 0202 03       		.byte	0x3
 281 0203 00       		.byte	0
 282 0204 07       		.uleb128 0x7
 283 0205 F4010000 		.4byte	0x1f4
 284 0209 04       		.uleb128 0x4
 285 020a 04020000 		.4byte	0x204
ARM GAS  /tmp/cc80ENu1.s 			page 6


 286 020e 05       		.uleb128 0x5
 287 020f 7F000000 		.4byte	0x7f
 288 0213 1E020000 		.4byte	0x21e
 289 0217 06       		.uleb128 0x6
 290 0218 25000000 		.4byte	0x25
 291 021c 04       		.byte	0x4
 292 021d 00       		.byte	0
 293 021e 07       		.uleb128 0x7
 294 021f 0E020000 		.4byte	0x20e
 295 0223 04       		.uleb128 0x4
 296 0224 1E020000 		.4byte	0x21e
 297 0228 05       		.uleb128 0x5
 298 0229 6E000000 		.4byte	0x6e
 299 022d 38020000 		.4byte	0x238
 300 0231 06       		.uleb128 0x6
 301 0232 25000000 		.4byte	0x25
 302 0236 04       		.byte	0x4
 303 0237 00       		.byte	0
 304 0238 13       		.uleb128 0x13
 305 0239 6B000000 		.4byte	.LASF27
 306 023d 02       		.byte	0x2
 307 023e CF01     		.2byte	0x1cf
 308 0240 03       		.byte	0x3
 309 0241 94000000 		.4byte	0x94
 310 0245 09       		.uleb128 0x9
 311 0246 5A000000 		.4byte	.LASF28
 312 024a 03       		.byte	0x3
 313 024b 65       		.byte	0x65
 314 024c 0F       		.byte	0xf
 315 024d 92000000 		.4byte	0x92
 316 0251 14       		.uleb128 0x14
 317 0252 E4020000 		.4byte	.LASF51
 318 0256 20       		.byte	0x20
 319 0257 04       		.byte	0x4
 320 0258 4101     		.2byte	0x141
 321 025a 08       		.byte	0x8
 322 025b CB020000 		.4byte	0x2cb
 323 025f 03       		.uleb128 0x3
 324 0260 723000   		.ascii	"r0\000"
 325 0263 04       		.byte	0x4
 326 0264 4201     		.2byte	0x142
 327 0266 11       		.byte	0x11
 328 0267 45020000 		.4byte	0x245
 329 026b 00       		.byte	0
 330 026c 03       		.uleb128 0x3
 331 026d 723100   		.ascii	"r1\000"
 332 0270 04       		.byte	0x4
 333 0271 4301     		.2byte	0x143
 334 0273 11       		.byte	0x11
 335 0274 45020000 		.4byte	0x245
 336 0278 04       		.byte	0x4
 337 0279 03       		.uleb128 0x3
 338 027a 723200   		.ascii	"r2\000"
 339 027d 04       		.byte	0x4
 340 027e 4401     		.2byte	0x144
 341 0280 11       		.byte	0x11
 342 0281 45020000 		.4byte	0x245
ARM GAS  /tmp/cc80ENu1.s 			page 7


 343 0285 08       		.byte	0x8
 344 0286 03       		.uleb128 0x3
 345 0287 723300   		.ascii	"r3\000"
 346 028a 04       		.byte	0x4
 347 028b 4501     		.2byte	0x145
 348 028d 11       		.byte	0x11
 349 028e 45020000 		.4byte	0x245
 350 0292 0C       		.byte	0xc
 351 0293 03       		.uleb128 0x3
 352 0294 72313200 		.ascii	"r12\000"
 353 0298 04       		.byte	0x4
 354 0299 4601     		.2byte	0x146
 355 029b 11       		.byte	0x11
 356 029c 45020000 		.4byte	0x245
 357 02a0 10       		.byte	0x10
 358 02a1 01       		.uleb128 0x1
 359 02a2 31010000 		.4byte	.LASF29
 360 02a6 04       		.byte	0x4
 361 02a7 4701     		.2byte	0x147
 362 02a9 11       		.byte	0x11
 363 02aa 45020000 		.4byte	0x245
 364 02ae 14       		.byte	0x14
 365 02af 03       		.uleb128 0x3
 366 02b0 706300   		.ascii	"pc\000"
 367 02b3 04       		.byte	0x4
 368 02b4 4801     		.2byte	0x148
 369 02b6 11       		.byte	0x11
 370 02b7 45020000 		.4byte	0x245
 371 02bb 18       		.byte	0x18
 372 02bc 01       		.uleb128 0x1
 373 02bd 38010000 		.4byte	.LASF30
 374 02c1 04       		.byte	0x4
 375 02c2 4901     		.2byte	0x149
 376 02c4 11       		.byte	0x11
 377 02c5 45020000 		.4byte	0x245
 378 02c9 1C       		.byte	0x1c
 379 02ca 00       		.byte	0
 380 02cb 02       		.uleb128 0x2
 381 02cc 01       		.byte	0x1
 382 02cd 08       		.byte	0x8
 383 02ce 75020000 		.4byte	.LASF31
 384 02d2 02       		.uleb128 0x2
 385 02d3 01       		.byte	0x1
 386 02d4 02       		.byte	0x2
 387 02d5 89020000 		.4byte	.LASF32
 388 02d9 0B       		.uleb128 0xb
 389 02da 3D010000 		.4byte	.LASF33
 390 02de F901     		.2byte	0x1f9
 391 02e0 0B       		.uleb128 0xb
 392 02e1 02030000 		.4byte	.LASF34
 393 02e5 F801     		.2byte	0x1f8
 394 02e7 15       		.uleb128 0x15
 395 02e8 CC000000 		.4byte	.LASF52
 396 02ec 07       		.byte	0x7
 397 02ed D701     		.2byte	0x1d7
 398 02ef 08       		.byte	0x8
 399 02f0 D2020000 		.4byte	0x2d2
ARM GAS  /tmp/cc80ENu1.s 			page 8


 400 02f4 0C       		.uleb128 0xc
 401 02f5 19010000 		.4byte	.LASF35
 402 02f9 87       		.byte	0x87
 403 02fa 0D030000 		.4byte	0x30d
 404 02fe 16       		.uleb128 0x16
 405 02ff 0A       		.uleb128 0xa
 406 0300 70020000 		.4byte	.LASF37
 407 0304 05       		.byte	0x5
 408 0305 8B       		.byte	0x8b
 409 0306 19       		.byte	0x19
 410 0307 0D030000 		.4byte	0x30d
 411 030b 00       		.byte	0
 412 030c 00       		.byte	0
 413 030d 17       		.uleb128 0x17
 414 030e 04       		.byte	0x4
 415 030f 51020000 		.4byte	0x251
 416 0313 0C       		.uleb128 0xc
 417 0314 8E010000 		.4byte	.LASF36
 418 0318 3E       		.byte	0x3e
 419 0319 2A030000 		.4byte	0x32a
 420 031d 0A       		.uleb128 0xa
 421 031e 70020000 		.4byte	.LASF37
 422 0322 05       		.byte	0x5
 423 0323 40       		.byte	0x40
 424 0324 17       		.byte	0x17
 425 0325 0D030000 		.4byte	0x30d
 426 0329 00       		.byte	0
 427 032a 08       		.uleb128 0x8
 428 032b CF020000 		.4byte	.LASF38
 429 032f 8F02     		.2byte	0x28f
 430 0331 08       		.uleb128 0x8
 431 0332 00000000 		.4byte	.LASF39
 432 0336 8402     		.2byte	0x284
 433 0338 08       		.uleb128 0x8
 434 0339 8F020000 		.4byte	.LASF40
 435 033d 7502     		.2byte	0x275
 436 033f 08       		.uleb128 0x8
 437 0340 4A000000 		.4byte	.LASF41
 438 0344 5D02     		.2byte	0x25d
 439 0346 0D       		.uleb128 0xd
 440 0347 C1020000 		.4byte	.LASF42
 441 034b EB01     		.2byte	0x1eb
 442 034d 5E030000 		.4byte	0x35e
 443 0351 0E       		.uleb128 0xe
 444 0352 68020000 		.4byte	.LASF44
 445 0356 EB01     		.2byte	0x1eb
 446 0358 32       		.byte	0x32
 447 0359 6E000000 		.4byte	0x6e
 448 035d 00       		.byte	0
 449 035e 0D       		.uleb128 0xd
 450 035f 0F010000 		.4byte	.LASF43
 451 0363 1501     		.2byte	0x115
 452 0365 76030000 		.4byte	0x376
 453 0369 0E       		.uleb128 0xe
 454 036a EF000000 		.4byte	.LASF45
 455 036e 1501     		.2byte	0x115
 456 0370 2E       		.byte	0x2e
ARM GAS  /tmp/cc80ENu1.s 			page 9


 457 0371 6E000000 		.4byte	0x6e
 458 0375 00       		.byte	0
 459 0376 18       		.uleb128 0x18
 460 0377 FE000000 		.4byte	.LASF46
 461 037b 06       		.byte	0x6
 462 037c F7       		.byte	0xf7
 463 037d 1F       		.byte	0x1f
 464 037e 6E000000 		.4byte	0x6e
 465 0382 0A       		.uleb128 0xa
 466 0383 08010000 		.4byte	.LASF47
 467 0387 06       		.byte	0x6
 468 0388 F9       		.byte	0xf9
 469 0389 0C       		.byte	0xc
 470 038a 6E000000 		.4byte	0x6e
 471 038e 00       		.byte	0
 472 038f 00       		.byte	0
 473              		.section	.gnu.debuglto_.debug_abbrev,"e",%progbits
 474              	.Ldebug_abbrev0:
 475 0000 01       		.uleb128 0x1
 476 0001 0D       		.uleb128 0xd
 477 0002 00       		.byte	0
 478 0003 03       		.uleb128 0x3
 479 0004 0E       		.uleb128 0xe
 480 0005 3A       		.uleb128 0x3a
 481 0006 0B       		.uleb128 0xb
 482 0007 3B       		.uleb128 0x3b
 483 0008 05       		.uleb128 0x5
 484 0009 39       		.uleb128 0x39
 485 000a 0B       		.uleb128 0xb
 486 000b 49       		.uleb128 0x49
 487 000c 13       		.uleb128 0x13
 488 000d 38       		.uleb128 0x38
 489 000e 0B       		.uleb128 0xb
 490 000f 00       		.byte	0
 491 0010 00       		.byte	0
 492 0011 02       		.uleb128 0x2
 493 0012 24       		.uleb128 0x24
 494 0013 00       		.byte	0
 495 0014 0B       		.uleb128 0xb
 496 0015 0B       		.uleb128 0xb
 497 0016 3E       		.uleb128 0x3e
 498 0017 0B       		.uleb128 0xb
 499 0018 03       		.uleb128 0x3
 500 0019 0E       		.uleb128 0xe
 501 001a 00       		.byte	0
 502 001b 00       		.byte	0
 503 001c 03       		.uleb128 0x3
 504 001d 0D       		.uleb128 0xd
 505 001e 00       		.byte	0
 506 001f 03       		.uleb128 0x3
 507 0020 08       		.uleb128 0x8
 508 0021 3A       		.uleb128 0x3a
 509 0022 0B       		.uleb128 0xb
 510 0023 3B       		.uleb128 0x3b
 511 0024 05       		.uleb128 0x5
 512 0025 39       		.uleb128 0x39
 513 0026 0B       		.uleb128 0xb
ARM GAS  /tmp/cc80ENu1.s 			page 10


 514 0027 49       		.uleb128 0x49
 515 0028 13       		.uleb128 0x13
 516 0029 38       		.uleb128 0x38
 517 002a 0B       		.uleb128 0xb
 518 002b 00       		.byte	0
 519 002c 00       		.byte	0
 520 002d 04       		.uleb128 0x4
 521 002e 35       		.uleb128 0x35
 522 002f 00       		.byte	0
 523 0030 49       		.uleb128 0x49
 524 0031 13       		.uleb128 0x13
 525 0032 00       		.byte	0
 526 0033 00       		.byte	0
 527 0034 05       		.uleb128 0x5
 528 0035 01       		.uleb128 0x1
 529 0036 01       		.byte	0x1
 530 0037 49       		.uleb128 0x49
 531 0038 13       		.uleb128 0x13
 532 0039 01       		.uleb128 0x1
 533 003a 13       		.uleb128 0x13
 534 003b 00       		.byte	0
 535 003c 00       		.byte	0
 536 003d 06       		.uleb128 0x6
 537 003e 21       		.uleb128 0x21
 538 003f 00       		.byte	0
 539 0040 49       		.uleb128 0x49
 540 0041 13       		.uleb128 0x13
 541 0042 2F       		.uleb128 0x2f
 542 0043 0B       		.uleb128 0xb
 543 0044 00       		.byte	0
 544 0045 00       		.byte	0
 545 0046 07       		.uleb128 0x7
 546 0047 26       		.uleb128 0x26
 547 0048 00       		.byte	0
 548 0049 49       		.uleb128 0x49
 549 004a 13       		.uleb128 0x13
 550 004b 00       		.byte	0
 551 004c 00       		.byte	0
 552 004d 08       		.uleb128 0x8
 553 004e 2E       		.uleb128 0x2e
 554 004f 00       		.byte	0
 555 0050 03       		.uleb128 0x3
 556 0051 0E       		.uleb128 0xe
 557 0052 3A       		.uleb128 0x3a
 558 0053 21       		.uleb128 0x21
 559 0054 04       		.sleb128 4
 560 0055 3B       		.uleb128 0x3b
 561 0056 05       		.uleb128 0x5
 562 0057 39       		.uleb128 0x39
 563 0058 21       		.uleb128 0x21
 564 0059 14       		.sleb128 20
 565 005a 27       		.uleb128 0x27
 566 005b 19       		.uleb128 0x19
 567 005c 00       		.byte	0
 568 005d 00       		.byte	0
 569 005e 09       		.uleb128 0x9
 570 005f 16       		.uleb128 0x16
ARM GAS  /tmp/cc80ENu1.s 			page 11


 571 0060 00       		.byte	0
 572 0061 03       		.uleb128 0x3
 573 0062 0E       		.uleb128 0xe
 574 0063 3A       		.uleb128 0x3a
 575 0064 0B       		.uleb128 0xb
 576 0065 3B       		.uleb128 0x3b
 577 0066 0B       		.uleb128 0xb
 578 0067 39       		.uleb128 0x39
 579 0068 0B       		.uleb128 0xb
 580 0069 49       		.uleb128 0x49
 581 006a 13       		.uleb128 0x13
 582 006b 00       		.byte	0
 583 006c 00       		.byte	0
 584 006d 0A       		.uleb128 0xa
 585 006e 34       		.uleb128 0x34
 586 006f 00       		.byte	0
 587 0070 03       		.uleb128 0x3
 588 0071 0E       		.uleb128 0xe
 589 0072 3A       		.uleb128 0x3a
 590 0073 0B       		.uleb128 0xb
 591 0074 3B       		.uleb128 0x3b
 592 0075 0B       		.uleb128 0xb
 593 0076 39       		.uleb128 0x39
 594 0077 0B       		.uleb128 0xb
 595 0078 49       		.uleb128 0x49
 596 0079 13       		.uleb128 0x13
 597 007a 00       		.byte	0
 598 007b 00       		.byte	0
 599 007c 0B       		.uleb128 0xb
 600 007d 2E       		.uleb128 0x2e
 601 007e 00       		.byte	0
 602 007f 3F       		.uleb128 0x3f
 603 0080 19       		.uleb128 0x19
 604 0081 03       		.uleb128 0x3
 605 0082 0E       		.uleb128 0xe
 606 0083 3A       		.uleb128 0x3a
 607 0084 21       		.uleb128 0x21
 608 0085 04       		.sleb128 4
 609 0086 3B       		.uleb128 0x3b
 610 0087 05       		.uleb128 0x5
 611 0088 39       		.uleb128 0x39
 612 0089 21       		.uleb128 0x21
 613 008a 08       		.sleb128 8
 614 008b 27       		.uleb128 0x27
 615 008c 19       		.uleb128 0x19
 616 008d 3C       		.uleb128 0x3c
 617 008e 19       		.uleb128 0x19
 618 008f 00       		.byte	0
 619 0090 00       		.byte	0
 620 0091 0C       		.uleb128 0xc
 621 0092 2E       		.uleb128 0x2e
 622 0093 01       		.byte	0x1
 623 0094 3F       		.uleb128 0x3f
 624 0095 19       		.uleb128 0x19
 625 0096 03       		.uleb128 0x3
 626 0097 0E       		.uleb128 0xe
 627 0098 3A       		.uleb128 0x3a
ARM GAS  /tmp/cc80ENu1.s 			page 12


 628 0099 21       		.uleb128 0x21
 629 009a 05       		.sleb128 5
 630 009b 3B       		.uleb128 0x3b
 631 009c 0B       		.uleb128 0xb
 632 009d 39       		.uleb128 0x39
 633 009e 21       		.uleb128 0x21
 634 009f 06       		.sleb128 6
 635 00a0 27       		.uleb128 0x27
 636 00a1 19       		.uleb128 0x19
 637 00a2 01       		.uleb128 0x1
 638 00a3 13       		.uleb128 0x13
 639 00a4 00       		.byte	0
 640 00a5 00       		.byte	0
 641 00a6 0D       		.uleb128 0xd
 642 00a7 2E       		.uleb128 0x2e
 643 00a8 01       		.byte	0x1
 644 00a9 03       		.uleb128 0x3
 645 00aa 0E       		.uleb128 0xe
 646 00ab 3A       		.uleb128 0x3a
 647 00ac 21       		.uleb128 0x21
 648 00ad 06       		.sleb128 6
 649 00ae 3B       		.uleb128 0x3b
 650 00af 05       		.uleb128 0x5
 651 00b0 39       		.uleb128 0x39
 652 00b1 21       		.uleb128 0x21
 653 00b2 1B       		.sleb128 27
 654 00b3 27       		.uleb128 0x27
 655 00b4 19       		.uleb128 0x19
 656 00b5 01       		.uleb128 0x1
 657 00b6 13       		.uleb128 0x13
 658 00b7 00       		.byte	0
 659 00b8 00       		.byte	0
 660 00b9 0E       		.uleb128 0xe
 661 00ba 05       		.uleb128 0x5
 662 00bb 00       		.byte	0
 663 00bc 03       		.uleb128 0x3
 664 00bd 0E       		.uleb128 0xe
 665 00be 3A       		.uleb128 0x3a
 666 00bf 21       		.uleb128 0x21
 667 00c0 06       		.sleb128 6
 668 00c1 3B       		.uleb128 0x3b
 669 00c2 05       		.uleb128 0x5
 670 00c3 39       		.uleb128 0x39
 671 00c4 0B       		.uleb128 0xb
 672 00c5 49       		.uleb128 0x49
 673 00c6 13       		.uleb128 0x13
 674 00c7 00       		.byte	0
 675 00c8 00       		.byte	0
 676 00c9 0F       		.uleb128 0xf
 677 00ca 11       		.uleb128 0x11
 678 00cb 01       		.byte	0x1
 679 00cc 25       		.uleb128 0x25
 680 00cd 0E       		.uleb128 0xe
 681 00ce 13       		.uleb128 0x13
 682 00cf 0B       		.uleb128 0xb
 683 00d0 03       		.uleb128 0x3
 684 00d1 0E       		.uleb128 0xe
ARM GAS  /tmp/cc80ENu1.s 			page 13


 685 00d2 1B       		.uleb128 0x1b
 686 00d3 0E       		.uleb128 0xe
 687 00d4 10       		.uleb128 0x10
 688 00d5 17       		.uleb128 0x17
 689 00d6 00       		.byte	0
 690 00d7 00       		.byte	0
 691 00d8 10       		.uleb128 0x10
 692 00d9 24       		.uleb128 0x24
 693 00da 00       		.byte	0
 694 00db 0B       		.uleb128 0xb
 695 00dc 0B       		.uleb128 0xb
 696 00dd 3E       		.uleb128 0x3e
 697 00de 0B       		.uleb128 0xb
 698 00df 03       		.uleb128 0x3
 699 00e0 08       		.uleb128 0x8
 700 00e1 00       		.byte	0
 701 00e2 00       		.byte	0
 702 00e3 11       		.uleb128 0x11
 703 00e4 0F       		.uleb128 0xf
 704 00e5 00       		.byte	0
 705 00e6 0B       		.uleb128 0xb
 706 00e7 0B       		.uleb128 0xb
 707 00e8 00       		.byte	0
 708 00e9 00       		.byte	0
 709 00ea 12       		.uleb128 0x12
 710 00eb 13       		.uleb128 0x13
 711 00ec 01       		.byte	0x1
 712 00ed 0B       		.uleb128 0xb
 713 00ee 0B       		.uleb128 0xb
 714 00ef 3A       		.uleb128 0x3a
 715 00f0 0B       		.uleb128 0xb
 716 00f1 3B       		.uleb128 0x3b
 717 00f2 05       		.uleb128 0x5
 718 00f3 39       		.uleb128 0x39
 719 00f4 0B       		.uleb128 0xb
 720 00f5 01       		.uleb128 0x1
 721 00f6 13       		.uleb128 0x13
 722 00f7 00       		.byte	0
 723 00f8 00       		.byte	0
 724 00f9 13       		.uleb128 0x13
 725 00fa 16       		.uleb128 0x16
 726 00fb 00       		.byte	0
 727 00fc 03       		.uleb128 0x3
 728 00fd 0E       		.uleb128 0xe
 729 00fe 3A       		.uleb128 0x3a
 730 00ff 0B       		.uleb128 0xb
 731 0100 3B       		.uleb128 0x3b
 732 0101 05       		.uleb128 0x5
 733 0102 39       		.uleb128 0x39
 734 0103 0B       		.uleb128 0xb
 735 0104 49       		.uleb128 0x49
 736 0105 13       		.uleb128 0x13
 737 0106 00       		.byte	0
 738 0107 00       		.byte	0
 739 0108 14       		.uleb128 0x14
 740 0109 13       		.uleb128 0x13
 741 010a 01       		.byte	0x1
ARM GAS  /tmp/cc80ENu1.s 			page 14


 742 010b 03       		.uleb128 0x3
 743 010c 0E       		.uleb128 0xe
 744 010d 0B       		.uleb128 0xb
 745 010e 0B       		.uleb128 0xb
 746 010f 3A       		.uleb128 0x3a
 747 0110 0B       		.uleb128 0xb
 748 0111 3B       		.uleb128 0x3b
 749 0112 05       		.uleb128 0x5
 750 0113 39       		.uleb128 0x39
 751 0114 0B       		.uleb128 0xb
 752 0115 01       		.uleb128 0x1
 753 0116 13       		.uleb128 0x13
 754 0117 00       		.byte	0
 755 0118 00       		.byte	0
 756 0119 15       		.uleb128 0x15
 757 011a 2E       		.uleb128 0x2e
 758 011b 00       		.byte	0
 759 011c 3F       		.uleb128 0x3f
 760 011d 19       		.uleb128 0x19
 761 011e 03       		.uleb128 0x3
 762 011f 0E       		.uleb128 0xe
 763 0120 3A       		.uleb128 0x3a
 764 0121 0B       		.uleb128 0xb
 765 0122 3B       		.uleb128 0x3b
 766 0123 05       		.uleb128 0x5
 767 0124 39       		.uleb128 0x39
 768 0125 0B       		.uleb128 0xb
 769 0126 27       		.uleb128 0x27
 770 0127 19       		.uleb128 0x19
 771 0128 49       		.uleb128 0x49
 772 0129 13       		.uleb128 0x13
 773 012a 3C       		.uleb128 0x3c
 774 012b 19       		.uleb128 0x19
 775 012c 00       		.byte	0
 776 012d 00       		.byte	0
 777 012e 16       		.uleb128 0x16
 778 012f 0B       		.uleb128 0xb
 779 0130 01       		.byte	0x1
 780 0131 00       		.byte	0
 781 0132 00       		.byte	0
 782 0133 17       		.uleb128 0x17
 783 0134 0F       		.uleb128 0xf
 784 0135 00       		.byte	0
 785 0136 0B       		.uleb128 0xb
 786 0137 0B       		.uleb128 0xb
 787 0138 49       		.uleb128 0x49
 788 0139 13       		.uleb128 0x13
 789 013a 00       		.byte	0
 790 013b 00       		.byte	0
 791 013c 18       		.uleb128 0x18
 792 013d 2E       		.uleb128 0x2e
 793 013e 01       		.byte	0x1
 794 013f 03       		.uleb128 0x3
 795 0140 0E       		.uleb128 0xe
 796 0141 3A       		.uleb128 0x3a
 797 0142 0B       		.uleb128 0xb
 798 0143 3B       		.uleb128 0x3b
ARM GAS  /tmp/cc80ENu1.s 			page 15


 799 0144 0B       		.uleb128 0xb
 800 0145 39       		.uleb128 0x39
 801 0146 0B       		.uleb128 0xb
 802 0147 27       		.uleb128 0x27
 803 0148 19       		.uleb128 0x19
 804 0149 49       		.uleb128 0x49
 805 014a 13       		.uleb128 0x13
 806 014b 00       		.byte	0
 807 014c 00       		.byte	0
 808 014d 00       		.byte	0
 809              		.section	.gnu.debuglto_.debug_line,"e",%progbits
 810              	.Ldebug_line0:
 811 0000 60000000 		.4byte	.LELT0-.LSLT0
 812              	.LSLT0:
 813 0004 0500     		.2byte	0x5
 814 0006 04       		.byte	0x4
 815 0007 00       		.byte	0
 816 0008 58000000 		.4byte	.LELTP0-.LASLTP0
 817              	.LASLTP0:
 818 000c 01       		.byte	0x1
 819 000d 01       		.byte	0x1
 820 000e 01       		.byte	0x1
 821 000f F6       		.byte	0xf6
 822 0010 F2       		.byte	0xf2
 823 0011 0D       		.byte	0xd
 824 0012 00       		.byte	0
 825 0013 01       		.byte	0x1
 826 0014 01       		.byte	0x1
 827 0015 01       		.byte	0x1
 828 0016 01       		.byte	0x1
 829 0017 00       		.byte	0
 830 0018 00       		.byte	0
 831 0019 00       		.byte	0
 832 001a 01       		.byte	0x1
 833 001b 00       		.byte	0
 834 001c 00       		.byte	0
 835 001d 01       		.byte	0x1
 836 001e 01       		.byte	0x1
 837 001f 01       		.uleb128 0x1
 838 0020 1F       		.uleb128 0x1f
 839 0021 05       		.uleb128 0x5
 840 0022 59000000 		.4byte	.LASF53
 841 0026 DE000000 		.4byte	.LASF54
 842 002a B7000000 		.4byte	.LASF55
 843 002e 00000000 		.4byte	.LASF56
 844 0032 84000000 		.4byte	.LASF57
 845 0036 02       		.byte	0x2
 846 0037 01       		.uleb128 0x1
 847 0038 1F       		.uleb128 0x1f
 848 0039 02       		.uleb128 0x2
 849 003a 0B       		.uleb128 0xb
 850 003b 08       		.uleb128 0x8
 851 003c 11000000 		.4byte	.LASF58
 852 0040 00       		.byte	0
 853 0041 06010000 		.4byte	.LASF59
 854 0045 04       		.byte	0x4
 855 0046 4E000000 		.4byte	.LASF60
ARM GAS  /tmp/cc80ENu1.s 			page 16


 856 004a 01       		.byte	0x1
 857 004b AE000000 		.4byte	.LASF61
 858 004f 02       		.byte	0x2
 859 0050 D1000000 		.4byte	.LASF62
 860 0054 02       		.byte	0x2
 861 0055 41000000 		.4byte	.LASF63
 862 0059 02       		.byte	0x2
 863 005a 0F010000 		.4byte	.LASF64
 864 005e 01       		.byte	0x1
 865 005f 38000000 		.4byte	.LASF65
 866 0063 03       		.byte	0x3
 867              	.LELTP0:
 868              	.LELT0:
 869              		.section	.gnu.debuglto_.debug_str,"eMS",%progbits,1
 870              	.LASF39:
 871 0000 706F7274 		.ascii	"port_lock_from_isr\000"
 871      5F6C6F63 
 871      6B5F6672 
 871      6F6D5F69 
 871      737200
 872              	.LASF20:
 873 0013 4D4D4641 		.ascii	"MMFAR\000"
 873      5200
 874              	.LASF4:
 875 0019 73686F72 		.ascii	"short int\000"
 875      7420696E 
 875      7400
 876              	.LASF49:
 877 0023 2E2E2F6F 		.ascii	"../os/common/ports/ARMCMx/chcore_v7m.c\000"
 877      732F636F 
 877      6D6D6F6E 
 877      2F706F72 
 877      74732F41 
 878              	.LASF41:
 879 004a 706F7274 		.ascii	"port_lock\000"
 879      5F6C6F63 
 879      6B00
 880              	.LASF12:
 881 0054 43505549 		.ascii	"CPUID\000"
 881      4400
 882              	.LASF28:
 883 005a 72656761 		.ascii	"regarm_t\000"
 883      726D5F74 
 883      00
 884              	.LASF8:
 885 0063 75696E74 		.ascii	"uint8_t\000"
 885      385F7400 
 886              	.LASF27:
 887 006b 5343425F 		.ascii	"SCB_Type\000"
 887      54797065 
 887      00
 888              	.LASF9:
 889 0074 75696E74 		.ascii	"uint32_t\000"
 889      33325F74 
 889      00
 890              	.LASF2:
 891 007d 6C6F6E67 		.ascii	"long double\000"
ARM GAS  /tmp/cc80ENu1.s 			page 17


 891      20646F75 
 891      626C6500 
 892              	.LASF13:
 893 0089 49435352 		.ascii	"ICSR\000"
 893      00
 894              	.LASF50:
 895 008e 2F686F6D 		.ascii	"/home/mayank/chibios-workspace/ChibiOS/app\000"
 895      652F6D61 
 895      79616E6B 
 895      2F636869 
 895      62696F73 
 896              	.LASF1:
 897 00b9 6C6F6E67 		.ascii	"long long int\000"
 897      206C6F6E 
 897      6720696E 
 897      7400
 898              	.LASF21:
 899 00c7 42464152 		.ascii	"BFAR\000"
 899      00
 900              	.LASF52:
 901 00cc 63685363 		.ascii	"chSchIsPreemptionRequired\000"
 901      68497350 
 901      7265656D 
 901      7074696F 
 901      6E526571 
 902              	.LASF5:
 903 00e6 6C6F6E67 		.ascii	"long int\000"
 903      20696E74 
 903      00
 904              	.LASF45:
 905 00ef 746F704F 		.ascii	"topOfProcStack\000"
 905      6650726F 
 905      63537461 
 905      636B00
 906              	.LASF46:
 907 00fe 5F5F6765 		.ascii	"__get_PSP\000"
 907      745F5053 
 907      5000
 908              	.LASF47:
 909 0108 72657375 		.ascii	"result\000"
 909      6C7400
 910              	.LASF43:
 911 010f 5F5F7365 		.ascii	"__set_PSP\000"
 911      745F5053 
 911      5000
 912              	.LASF35:
 913 0119 5F706F72 		.ascii	"_port_irq_epilogue\000"
 913      745F6972 
 913      715F6570 
 913      696C6F67 
 913      756500
 914              	.LASF17:
 915 012c 43465352 		.ascii	"CFSR\000"
 915      00
 916              	.LASF29:
 917 0131 6C725F74 		.ascii	"lr_thd\000"
 917      686400
ARM GAS  /tmp/cc80ENu1.s 			page 18


 918              	.LASF30:
 919 0138 78707372 		.ascii	"xpsr\000"
 919      00
 920              	.LASF33:
 921 013d 5F706F72 		.ascii	"_port_exit_from_isr\000"
 921      745F6578 
 921      69745F66 
 921      726F6D5F 
 921      69737200 
 922              	.LASF15:
 923 0151 41495243 		.ascii	"AIRCR\000"
 923      5200
 924              	.LASF6:
 925 0157 756E7369 		.ascii	"unsigned char\000"
 925      676E6564 
 925      20636861 
 925      7200
 926              	.LASF3:
 927 0165 7369676E 		.ascii	"signed char\000"
 927      65642063 
 927      68617200 
 928              	.LASF11:
 929 0171 6C6F6E67 		.ascii	"long long unsigned int\000"
 929      206C6F6E 
 929      6720756E 
 929      7369676E 
 929      65642069 
 930              	.LASF16:
 931 0188 53484353 		.ascii	"SHCSR\000"
 931      5200
 932              	.LASF36:
 933 018e 5356435F 		.ascii	"SVC_Handler\000"
 933      48616E64 
 933      6C657200 
 934              	.LASF48:
 935 019a 474E5520 		.ascii	"GNU C17 13.2.1 20231009 -mcpu=cortex-m4 -mthumb -mf"
 935      43313720 
 935      31332E32 
 935      2E312032 
 935      30323331 
 936 01cd 6C6F6174 		.ascii	"loat-abi=soft -march=armv7e-m -ggdb -O2 -fomit-fram"
 936      2D616269 
 936      3D736F66 
 936      74202D6D 
 936      61726368 
 937 0200 652D706F 		.ascii	"e-pointer -falign-functions=16 -ffunction-sections "
 937      696E7465 
 937      72202D66 
 937      616C6967 
 937      6E2D6675 
 938 0233 2D666461 		.ascii	"-fdata-sections -fno-common -flto\000"
 938      74612D73 
 938      65637469 
 938      6F6E7320 
 938      2D666E6F 
 939              	.LASF7:
 940 0255 73686F72 		.ascii	"short unsigned int\000"
ARM GAS  /tmp/cc80ENu1.s 			page 19


 940      7420756E 
 940      7369676E 
 940      65642069 
 940      6E7400
 941              	.LASF44:
 942 0268 62617365 		.ascii	"basePri\000"
 942      50726900 
 943              	.LASF37:
 944 0270 63747870 		.ascii	"ctxp\000"
 944      00
 945              	.LASF31:
 946 0275 63686172 		.ascii	"char\000"
 946      00
 947              	.LASF14:
 948 027a 56544F52 		.ascii	"VTOR\000"
 948      00
 949              	.LASF24:
 950 027f 49534152 		.ascii	"ISAR\000"
 950      00
 951              	.LASF19:
 952 0284 44465352 		.ascii	"DFSR\000"
 952      00
 953              	.LASF32:
 954 0289 5F426F6F 		.ascii	"_Bool\000"
 954      6C00
 955              	.LASF40:
 956 028f 706F7274 		.ascii	"port_unlock\000"
 956      5F756E6C 
 956      6F636B00 
 957              	.LASF18:
 958 029b 48465352 		.ascii	"HFSR\000"
 958      00
 959              	.LASF23:
 960 02a0 4D4D4652 		.ascii	"MMFR\000"
 960      00
 961              	.LASF25:
 962 02a5 52455345 		.ascii	"RESERVED0\000"
 962      52564544 
 962      3000
 963              	.LASF10:
 964 02af 6C6F6E67 		.ascii	"long unsigned int\000"
 964      20756E73 
 964      69676E65 
 964      6420696E 
 964      7400
 965              	.LASF42:
 966 02c1 5F5F7365 		.ascii	"__set_BASEPRI\000"
 966      745F4241 
 966      53455052 
 966      4900
 967              	.LASF38:
 968 02cf 706F7274 		.ascii	"port_unlock_from_isr\000"
 968      5F756E6C 
 968      6F636B5F 
 968      66726F6D 
 968      5F697372 
 969              	.LASF51:
ARM GAS  /tmp/cc80ENu1.s 			page 20


 970 02e4 706F7274 		.ascii	"port_extctx\000"
 970      5F657874 
 970      63747800 
 971              	.LASF22:
 972 02f0 41465352 		.ascii	"AFSR\000"
 972      00
 973              	.LASF0:
 974 02f5 756E7369 		.ascii	"unsigned int\000"
 974      676E6564 
 974      20696E74 
 974      00
 975              	.LASF34:
 976 0302 5F706F72 		.ascii	"_port_switch_from_isr\000"
 976      745F7377 
 976      69746368 
 976      5F66726F 
 976      6D5F6973 
 977              	.LASF26:
 978 0318 43504143 		.ascii	"CPACR\000"
 978      5200
 979              		.section	.gnu.debuglto_.debug_line_str,"eMS",%progbits,1
 980              	.LASF56:
 981 0000 2E2E2F6F 		.ascii	"../os/rt/include\000"
 981      732F7274 
 981      2F696E63 
 981      6C756465 
 981      00
 982              	.LASF58:
 983 0011 2E2E2F6F 		.ascii	"../os/common/ports/ARMCMx/chcore_v7m.c\000"
 983      732F636F 
 983      6D6D6F6E 
 983      2F706F72 
 983      74732F41 
 984              	.LASF65:
 985 0038 63687363 		.ascii	"chschd.h\000"
 985      68642E68 
 985      00
 986              	.LASF63:
 987 0041 6368636F 		.ascii	"chcore_v7m.c\000"
 987      72655F76 
 987      376D2E63 
 987      00
 988              	.LASF60:
 989 004e 636F7265 		.ascii	"core_cm4.h\000"
 989      5F636D34 
 989      2E6800
 990              	.LASF53:
 991 0059 2F686F6D 		.ascii	"/home/mayank/chibios-workspace/ChibiOS/app\000"
 991      652F6D61 
 991      79616E6B 
 991      2F636869 
 991      62696F73 
 992              	.LASF57:
 993 0084 2F757372 		.ascii	"/usr/lib/gcc/arm-none-eabi/13.2.1/include\000"
 993      2F6C6962 
 993      2F676363 
 993      2F61726D 
ARM GAS  /tmp/cc80ENu1.s 			page 21


 993      2D6E6F6E 
 994              	.LASF61:
 995 00ae 6368636F 		.ascii	"chcore.h\000"
 995      72652E68 
 995      00
 996              	.LASF55:
 997 00b7 2E2E2F6F 		.ascii	"../os/common/ports/ARMCMx\000"
 997      732F636F 
 997      6D6D6F6E 
 997      2F706F72 
 997      74732F41 
 998              	.LASF62:
 999 00d1 6368636F 		.ascii	"chcore_v7m.h\000"
 999      72655F76 
 999      376D2E68 
 999      00
 1000              	.LASF54:
 1001 00de 2E2E2F6F 		.ascii	"../os/common/ext/ARM/CMSIS/Core/Include\000"
 1001      732F636F 
 1001      6D6D6F6E 
 1001      2F657874 
 1001      2F41524D 
 1002              	.LASF59:
 1003 0106 73746469 		.ascii	"stdint.h\000"
 1003      6E742E68 
 1003      00
 1004              	.LASF64:
 1005 010f 636D7369 		.ascii	"cmsis_gcc.h\000"
 1005      735F6763 
 1005      632E6800 
 1006              		.text
 1007              		.section	.gnu.lto_.profile.537656ec910b75e4,"e",%progbits
 1008 0000 789C6362 		.ascii	"x\234cb\000\001\000\000\022\000\003"
 1008      00010000 
 1008      120003
 1009              		.text
 1010              		.section	.gnu.lto_.icf.537656ec910b75e4,"e",%progbits
 1011 0000 789C5367 		.ascii	"x\234Sg@\000f\206\347'.\034\346ccb`b\204a\346;mK\246"
 1011      40006686 
 1011      E7272E1C 
 1011      E6636362 
 1011      60628461 
 1012 0019 F030B0EC 		.ascii	"\3600\260\354\3728\343&\037\023\02003\000\000\312\303"
 1012      FA38E326 
 1012      1F131030 
 1012      330000CA 
 1012      C3
 1013 002a 0972     		.ascii	"\011r"
 1014              		.text
 1015              		.section	.gnu.lto_.ipa_sra.537656ec910b75e4,"e",%progbits
 1016 0000 789CE367 		.ascii	"x\234\343g@\000f\006\006F\020\311\310\002\244\031\031"
 1016      40006606 
 1016      064610C9 
 1016      C802A419 
 1016      19
 1017 0011 00022900 		.ascii	"\000\002)\000\036"
 1017      1E
ARM GAS  /tmp/cc80ENu1.s 			page 22


 1018              		.text
 1019              		.section	.gnu.lto_.inline.537656ec910b75e4,"e",%progbits
 1020 0000 789CAB62 		.ascii	"x\234\253b@\000f\006\006\336\206\206\206\003L\351\214"
 1020      40006606 
 1020      06DE8686 
 1020      86034CE9 
 1020      8C
 1021 0011 0C0C4C02 		.ascii	"\014\014L\002 &s*\003\003\033\220\321\300\224\302\304"
 1021      2026732A 
 1021      03031B90 
 1021      D1C094C2 
 1021      C4
 1022 0022 C00452C4 		.ascii	"\300\004R\304\304\015Q\312\016\022eN\005\251\344\000"
 1022      C40D51CA 
 1022      0E12654E 
 1022      05A9E400 
 1023 0032 2BC050C9 		.ascii	"+\300P\311\302\300\325\264x\351.\2464\220\032\2369?"
 1023      C2C0D5B4 
 1023      78E92EA6 
 1023      34901A9E 
 1023      393F
 1024 0044 5A3F63AA 		.ascii	"Z?c\252a\344\002\333\014\000W\035\030\267"
 1024      61E402DB 
 1024      0C00571D 
 1024      18B7
 1025              		.text
 1026              		.section	.gnu.lto_.jmpfuncs.537656ec910b75e4,"e",%progbits
 1027 0000 789CE365 		.ascii	"x\234\343e@\000f(\301\002\242\001\001\261\000\030"
 1027      40006628 
 1027      C102A201 
 1027      01B10018 
 1028              		.text
 1029              		.section	.gnu.lto_.pureconst.537656ec910b75e4,"e",%progbits
 1030 0000 789CE362 		.ascii	"x\234\343b```f\330\305\312\274\213\225e\027+\000\013"
 1030      60606066 
 1030      D8C5CABC 
 1030      8B956517 
 1030      2B000B
 1031 0013 F80252   		.ascii	"\370\002R"
 1032              		.text
 1033              		.section	.gnu.lto_.ipa_modref.537656ec910b75e4,"e",%progbits
 1034 0000 789C1361 		.ascii	"x\234\023a@\000F\030\315\304\002\304\254@.\033\003\000"
 1034      40004618 
 1034      CDC402C4 
 1034      AC402E1B 
 1034      0300
 1035 0012 0343002C 		.ascii	"\003C\000,"
 1036              		.text
 1037              		.section	.gnu.lto_.lto.537656ec910b75e4,"e",%progbits
 1038 0000 0D000000 		.ascii	"\015\000\000\000\001\000\000\000"
 1038      01000000 
 1039              		.text
 1040              		.section	.gnu.lto_SVC_Handler.295.537656ec910b75e4,"e",%progbits
 1041 0000 789C8D53 		.ascii	"x\234\215SMLTW\024>\347\335y\3034P#\301\272\204\211"
 1041      4D4C5457 
 1041      143EE7DD 
 1041      79C33450 
ARM GAS  /tmp/cc80ENu1.s 			page 23


 1041      23C1BA84 
 1042 0015 4659A83C 		.ascii	"FY\250<I$\256L4\254XL4L\322\015\013\035^\3072\301\307"
 1042      4924AE4C 
 1042      34AC584C 
 1042      344CD20D 
 1042      0B1D5EC7 
 1043 002c 7BBC37A3 		.ascii	"{\2747\243\020j\3469\203\340O[\177\0266mZ\006\027$`"
 1043      106AE639 
 1043      83E04F5B 
 1043      7F16366D 
 1043      5A061724 
 1044 0041 4C58D41A 		.ascii	"LX\324\032S\007\034\252\326\277\350\200b4h\010b\250"
 1044      53071CAA 
 1044      D6BFE880 
 1044      62346808 
 1044      62A8
 1045 0053 69439369 		.ascii	"iC\223i\215\311\304\370\323s\356\033\264&]t\026\357"
 1045      8DC9C4F8 
 1045      D373EE1B 
 1045      B4265D74 
 1045      16EF
 1046 0065 DEF39DEF 		.ascii	"\336\363\235\357;\347;\367\3369/\000\326\"\300j\000"
 1046      3BE73BF7 
 1046      DE392F00 
 1046      D622C06A 
 1046      00
 1047 0076 400178F2 		.ascii	"@\001x\362\304\021\005\\\327\335Z\246\340\201\023G*"
 1047      C411055C 
 1047      D7DD5AA6 
 1047      E0811347 
 1047      2A
 1048 0087 710C6584 		.ascii	"q\014e\204\220T0\211g\205Fa\361\350\350+\325\035\316"
 1048      90543089 
 1048      67854661 
 1048      F1E8E82B 
 1048      D51DCE
 1049 009a E1224012 		.ascii	"\341\"@\022J?\025\375U\350\243\357'\030T1\360)\001\353"
 1049      4A3F15FD 
 1049      55E8A3EF 
 1049      27185431 
 1049      F02901EB 
 1050 00ae 72AE5B38 		.ascii	"r\256[8\376\3537\325\203\251\345\373\263\230\274\210"
 1050      FEEB37D5 
 1050      83A9E5FB 
 1050      B398BC88 
 1051 00be 3F23535B 		.ascii	"?#S[~\360\227\303\030\262V\250X\016\320s\011\211^N\245"
 1051      7EF097C3 
 1051      18B256A8 
 1051      580ED073 
 1051      09895E4E 
 1052 00d3 2F9CD161 		.ascii	"/\234\321a\034\273K\321\367\323\375#\015\220\303}\024"
 1052      1CBB4BD1 
 1052      F7D3FD23 
 1052      0D90C37D 
 1052      14
 1053 00e4 07BE63CE 		.ascii	"\007\276c\316\006*Y\034>u>\3230\340\346|\211_\260G\026"
 1053      062A591C 
ARM GAS  /tmp/cc80ENu1.s 			page 24


 1053      3E753ED3 
 1053      30E0E67C 
 1053      895FB047 
 1054 00f9 BD8C8ADA 		.ascii	"\275\214\212\3322\345\367Z\026\207\217\315<\3335\237"
 1054      32E5F75A 
 1054      16878FCD 
 1054      3CDB359F 
 1055 0109 76AFBBCC 		.ascii	"v\257\273\314H\226\030\322\243\354Q\374\261\342\012"
 1055      489618D2 
 1055      A3EC51FC 
 1055      B1E20A
 1056 0118 C204F600 		.ascii	"\302\004\366\000\365\276\212\262y\340\001\302\222\374"
 1056      F5BE8AB2 
 1056      79E001C2 
 1056      92FC
 1057 0126 D4DFC796 		.ascii	"\324\337\307\226Q\371\336`\342\032:R}\235\324-\2512"
 1057      51F9DE60 
 1057      E21A3A52 
 1057      7D9DD42D 
 1057      A932
 1058 0138 364B5BE7 		.ascii	"6K[\347\306\222\335lv\342\333\343H\216\235\377\024'"
 1058      C692DD6C 
 1058      76E2DBE3 
 1058      488E9DFF 
 1058      1427
 1059 014a DF89A9D3 		.ascii	"\337\211\251\323-\204\233\350)\001:o\313\246\263K3\025"
 1059      2D849BE8 
 1059      29013A6F 
 1059      CBA6B34B 
 1059      3315
 1060 015c 664E8E56 		.ascii	"fN\216V\017*\211;\330)5y\036\350\367\245\201\212\363"
 1060      0F2A893B 
 1060      D8293579 
 1060      1EE8F7A5 
 1060      818AF3
 1061 016f F96EF7F0 		.ascii	"\371n\367\360V\312&K\331\367\303d\364I6\320\311\263"
 1061      56CA264B 
 1061      D9F7C364 
 1061      F44936D0 
 1061      C9B3
 1062 0181 4C2195A5 		.ascii	"L!\225\245\234\202Y\304\2338zW\235s\213o3\256{\247\346"
 1062      9C8259C4 
 1062      9B387A57 
 1062      9D738B6F 
 1062      33AE7BA7 
 1063 0196 C2E3FB95 		.ascii	"\302\343\373\225t\213J\200.9\213>\376\250@\034\200\021"
 1063      748B4A80 
 1063      2E398B3E 
 1063      FEA8401C 
 1063      8011
 1064 01a8 C117EEFA 		.ascii	"\301\027\356\372\020\316\010\305\333\245s\360Vq\347"
 1064      10CE08C5 
 1064      DBA573F0 
 1064      5671E7
 1065 01b7 4F7F29E4 		.ascii	"O\177)\344:W\301\313\363\251\263\331\314%\205G`p!S\205"
 1065      3A57C1CB 
 1065      F3A9B3D9 
ARM GAS  /tmp/cc80ENu1.s 			page 25


 1065      CC258547 
 1065      60702153 
 1066 01cc B7BCED62 		.ascii	"\267\274\355b\015\364\212\003\253\270\363\237\250b\355"
 1066      0DF48A03 
 1066      ABB8F39F 
 1066      A862ED
 1067 01db 4BEC0B18 		.ascii	"K\354\013\030*~D&\357!\3202\215q f*H\015\205*5\205\032"
 1067      2A7E4426 
 1067      EF21D032 
 1067      8D712066 
 1067      2A480D85 
 1068 01f3 060A7F1D 		.ascii	"\006\012\177\035\374-\267\202\036\231t\222\026\2517"
 1068      FC2DB782 
 1068      1E997492 
 1068      16A937
 1069 0202 FD5FAD16 		.ascii	"\375_\255\026Br\210\235E\3419xNN\322\"}\256/!|B\320"
 1069      4272889D 
 1069      45E13978 
 1069      4E4ED222 
 1069      7DAE2F21 
 1070 0219 430BBE23 		.ascii	"C\013\276#\370$\341\265$\220\034\205\007Q2O\373\222"
 1070      F824E1B5 
 1070      24901C85 
 1070      0751324F 
 1070      FB92
 1071 022b F1734317 		.ascii	"\361sC\027\025\234\364\334\216\015U\341\024J\307|\214"
 1071      159CF4DC 
 1071      8E0D55E1 
 1071      144AC77C 
 1071      8C
 1072 023c 6FD8F151 		.ascii	"o\330\361Q\245/\320\3569~ \035?\304/\244\343Ba\341Y"
 1072      A52FD0EE 
 1072      397E201D 
 1072      3FC42FA4 
 1072      E34261E1 
 1073 0251 80FDF191 		.ascii	"\200\375\361\221\263z\370c\257\344\300\253\351\2115"
 1073      B37AF863 
 1073      AFE4C0AB 
 1073      E98935
 1074 0260 FC74181C 		.ascii	"\374t\030\034\272_\317\353\323\237\362\204\345<\354"
 1074      BA5FCFEB 
 1074      D39FF284 
 1074      E53CEC
 1075 026f 499EB1D4 		.ascii	"I\236\261\324 \035\365e\364'<9YY\034'+W<\316\213\361"
 1075      201DF565 
 1075      F4273C39 
 1075      59591C27 
 1075      2B573CCE 
 1076 0285 2ABCCA56 		.ascii	"*\274\312VR\253\370\336\276V>\264\362HZy\2143\374Jj"
 1076      52ABF8DE 
 1076      BE563EB4 
 1076      F2485A79 
 1076      8C33FC4A 
 1077 029a 33948831 		.ascii	"3\224\2101<\213\236\265\311\201\271|%W\007\350\027t"
 1077      3C8B9EB5 
 1077      C981B97C 
 1077      255707E8 
ARM GAS  /tmp/cc80ENu1.s 			page 26


 1077      1774
 1078 02ac 940B7F1C 		.ascii	"\224\013\177\034B\262*\377\215#\002\275\253L\345(Z\247"
 1078      42B22AFF 
 1078      8D2302BD 
 1078      AB4CE528 
 1078      5AA7
 1079 02be B5994654 		.ascii	"\265\231FT3\"\335\221\216vMo\213\265\306Lg\303>\323"
 1079      3322DD91 
 1079      8E764D6F 
 1079      8BB5C64C 
 1079      67C33ED3 
 1080 02d2 6E77AC88 		.ascii	"nw\254\210\036\325\032\031\331\036\326\"\226\005\265"
 1080      1ED51A19 
 1080      D91ED622 
 1080      9605B5
 1081 02e1 75759AE9 		.ascii	"uu\232\351h\272i\030f\207f\231v\334\321\2665\207\032"
 1081      68BA6918 
 1081      66876699 
 1081      76DCD1B6 
 1081      35871A
 1082 02f4 435D24D4 		.ascii	"C]$\324M;\272s\357f\243N\007\237\036\357\262V\376\033"
 1082      4D3BBA73 
 1082      EF66A34E 
 1082      079F1EEF 
 1082      B256FE1B 
 1083 0308 AAAB8FD4 		.ascii	"\252\253\217\3247\350\255\015\273\377g\2156(k\2158\321"
 1083      37E8AD0D 
 1083      BBFF678D 
 1083      36286B8D 
 1083      38D1
 1084 031a 1D766CD3 		.ascii	"\035vl\323\007\374hW\234\331Zc(\334\024\326\032\211"
 1084      07FC6857 
 1084      9CD95A63 
 1084      28DC14D6 
 1084      1A89
 1085 032c AE3575E8 		.ascii	"\2565u\350{\022\237E5\335pb\316\316\317u\235\304~;\352"
 1085      7B129F45 
 1085      35DD7062 
 1085      CECECF75 
 1085      9DC47E3B 
 1086 0341 24F6C497 		.ascii	"$\366\304\227\305Mk\373\356\035\266\251\207\343\021"
 1086      C54D6BFB 
 1086      EE1DB6A9 
 1086      87E311
 1087 0350 BDBD22D4 		.ascii	"\275\275\"\324\034\016\256\331\270>h9\026\210-6T\204"
 1087      1C0EAED9 
 1087      B83E6839 
 1087      16882D36 
 1087      5484
 1088 0362 C2CD1CAC 		.ascii	"\302\315\034\254'\024\024\033\226s\314}-;&\2612#j\230"
 1088      2714141B 
 1088      9673CC7D 
 1088      2D3B26B1 
 1088      32236A98 
 1089 0376 7637FC03 		.ascii	"v7\374\003\361\325\237\243"
 1089      F1D59FA3 
 1090              		.text
ARM GAS  /tmp/cc80ENu1.s 			page 27


 1091              		.section	.gnu.lto__port_irq_epilogue.296.537656ec910b75e4,"e",%progbits
 1092 0000 789C8D52 		.ascii	"x\234\215RkH\024Q\024>\347\336\231u%\011C\352O\177$"
 1092      6B481451 
 1092      143EE7DE 
 1092      99752509 
 1092      43EA4F7F 
 1093 0015 308BD2C9 		.ascii	"0\213\322\311j\353o!\004\005R(\364\327\326i\312\305"
 1093      6AEB6F21 
 1093      04055228 
 1093      F4D7D669 
 1093      CAC5
 1094 0027 C6597635 		.ascii	"\306Yv5\023\261\275\271>@)1\222LD\0152\332\020,\314"
 1094      13B1BDB9 
 1094      3E402931 
 1094      924C440D 
 1094      32DA102C 
 1095 003c F2B9ADAF 		.ascii	"\362\271\255\257|\220\217L\177\024\005>\312\240\007"
 1095      7C908F4C 
 1095      7F14053E 
 1095      CAA007
 1096 004b 58214844 		.ascii	"X!HDv\357\314\262\031\364\243\201\2319\347\273\347|"
 1096      76EFCCB2 
 1096      19F4A381 
 1096      9939E7BB 
 1096      E77C
 1097 005d E7BBDFBD 		.ascii	"\347\273\337\275;)\300\027\0008\315_\264\001^\257\251"
 1097      3B29C017 
 1097      0038CD5F 
 1097      B4015EAF 
 1097      A9
 1098 006e 24C0183B 		.ascii	"$\300\030;\022E\210\277\246\212`\027\276\253\370\021"
 1098      124588BF 
 1098      A68A6017 
 1098      BEABF811 
 1099 007e 2395D66C 		.ascii	"#\225\326lnX+; Q\254\265[\353\022\326\326\214\017~j"
 1099      6E582B3B 
 1099      2051ACB5 
 1099      5BEB12D6 
 1099      D68C0F7E 
 1100 0093 9E3B867D 		.ascii	"\236;\206}h\"2^\211t#\370\010\225d\364a+U8\262V\325"
 1100      6822325E 
 1100      897423F8 
 1100      089564F4 
 1100      612B5538 
 1101 00aa D67882DD 		.ascii	"\326x\202\335\013\341g\000\037\204\237M<\356F 2\362"
 1101      0BE16700 
 1101      1F849F4D 
 1101      3CEE4620 
 1101      32F2
 1102 00bc A8B807C1 		.ascii	"\250\270\007\301\014\212z\315\2007u~\324\240\033\213"
 1102      0C8A7ACD 
 1102      8037757E 
 1102      D4A01B8B 
 1103 00cc 2CB80F23 		.ascii	",\270\017#x\303\233\362\200\003\202X\310s[\034\3621"
 1103      78C39BF2 
 1103      80038258 
 1103      C8735B1C 
ARM GAS  /tmp/cc80ENu1.s 			page 28


 1103      F231
 1104 00de B6AD182F 		.ascii	"\266\255\030/\243\3752\007\222B|Z\347\215\307M\216F"
 1104      A3FD3207 
 1104      92427C5A 
 1104      E78DC74D 
 1104      8E46
 1105 00f0 16920A06 		.ascii	"\026\222\012\006\260\270\037C\010\203H\244\036|a\223"
 1105      B0B81F43 
 1105      088348A4 
 1105      1E7C6193 
 1106 0100 718F5970 		.ascii	"q\217Yp\365\365\2073\213~6\312D\211/\\\3025\205'\257"
 1106      F5F58733 
 1106      8B7E36CA 
 1106      44892F5C 
 1106      C2358527 
 1107 0115 B5C70C21 		.ascii	"\265\307\014!<\305b!r\030{\"\243{\307vsM\371\177\224"
 1107      3CC56221 
 1107      72187B22 
 1107      A37BC776 
 1107      734DF97F 
 1108 012a 5C73C008 		.ascii	"\\s\300\010z\301\342]\371\261<\277H\331\035F\376\311"
 1108      7AC1E25D 
 1108      F9B13CBF 
 1108      48D91D46 
 1108      FEC9
 1109 013c 3AD11E33 		.ascii	":\321\0363\2060j\261\216\013V\261\3306#\317\263\265"
 1109      86306AB1 
 1109      8E0B56B1 
 1109      D83623CF 
 1109      B3B5
 1110 014e F526C6AA 		.ascii	"\365&\306\252\225\352\367\325O\336Jv\002$\212\362\027"
 1110      95EAF7D5 
 1110      4FDE4A76 
 1110      02248AF2 
 1110      17
 1111 015f 204085A1 		.ascii	" @\205\241LB\270O\211\025\371C\260N\330\267\257-wo!"
 1111      4C42B84F 
 1111      8915F943 
 1111      B04ED8B7 
 1111      AF2D776F 
 1112 0174 3F1F917C 		.ascii	"?\037\221|\377Z\377`\266?\001\237\231\331b\327l\212"
 1112      FF5AFF60 
 1112      B63F019F 
 1112      99D962D7 
 1112      6C8A
 1113 0186 F82FAD4E 		.ascii	"\370/\255Npl\304\302:&\005V\322,\001\216\242\255\000"
 1113      706CC4C2 
 1113      3A260556 
 1113      D22C018E 
 1113      A2AD00
 1114 0199 E3ADBE7B 		.ascii	"\343\255\276{\237\203=\004\307\254\232\325`\034\216"
 1114      9F833D04 
 1114      C7AC9AD5 
 1114      601C8E
 1115 01a8 2394D292 		.ascii	"#\224\322\222\035B\332\014\312\230\270\204\345vC\306"
 1115      1D42DA0C 
 1115      CA98B884 
ARM GAS  /tmp/cc80ENu1.s 			page 29


 1115      E57643C6 
 1116 01b8 682E7402 		.ascii	"h.t\002\201\377&\361\271p#q\231/\350\002\236\346\233"
 1116      81FF26F1 
 1116      B9702371 
 1116      992FE802 
 1116      9EE69B
 1117 01cb E0CC2B2B 		.ascii	"\340\314++\365\217&\267\010v0\365\255\014\337\215\026"
 1117      F58F26B7 
 1117      087630F5 
 1117      AD0CDF8D 
 1117      16
 1118 01dc F2FC7420 		.ascii	"\362\374t \030\330N\371)\333rD#\377\262\327~\266Y\306"
 1118      18D84EF9 
 1118      29DB7244 
 1118      23FFB2D7 
 1118      7EB659C6 
 1119 01f0 56716FEC 		.ascii	"Vqo\354\256\2278\203p\3506\017\317\317\242\306\011\375"
 1119      AE973883 
 1119      70E8360F 
 1119      CFCFA2C6 
 1119      09FD
 1120 0202 D45F57D1 		.ascii	"\324_W\321\"SJ\211m\027\262X\370EJ?\016\356\247\224"
 1120      22534A89 
 1120      6D17B258 
 1120      F8454A3F 
 1120      0EEEA794 
 1121 0216 67D6CDB9 		.ascii	"g\326\315\271Oisp\372\003\010/\312(\205J$\252\023\200"
 1121      4F697370 
 1121      FA03082F 
 1121      CA28854A 
 1121      24AA1380 
 1122 022a C49A6BD2 		.ascii	"\304\232k\322B\177[\035\015\373\264\030\270I\303\026"
 1122      427F5B1D 
 1122      0DFBB418 
 1122      B849C316 
 1123 023a FD1416F5 		.ascii	"\375\024\026\365Z[m\231{H\370\3055m\352\230\342x\320"
 1123      5A5B6D99 
 1123      7B48F8C5 
 1123      356DEA98 
 1123      E278D0
 1124 024d C217A622 		.ascii	"\302\027\246\"6\015\012\233`\243MC\177l\032\336h\223"
 1124      360D0A9B 
 1124      60A34D43 
 1124      7F6C1ADE 
 1124      6893
 1125 025f E9CA2BD3 		.ascii	"\351\312+\323\235\015n\314Om\021$\226^9rv\025\224\230"
 1125      9D0D6ECC 
 1125      4F6D1124 
 1125      965E3972 
 1125      76159498 
 1126 0273 7B0850B4 		.ascii	"{\010P\264\260\222\020\317\366(\331\206\256)\272\263"
 1126      B09210CF 
 1126      F628D986 
 1126      AE29BAB3 
 1127 0283 D0999BA3 		.ascii	"\320\231\233\243\250\331\256,\227\341M*0<9^\267S\325"
 1127      A8D9AE2C 
 1127      97E14D2A 
ARM GAS  /tmp/cc80ENu1.s 			page 30


 1127      303C395E 
 1127      B753D5
 1128 0296 9454819C 		.ascii	"\224T\201\234\314P\234n7$&'+\206WQ\015]7r\025\267\341"
 1128      CC509C6E 
 1128      37242627 
 1128      2B865751 
 1128      0D5D3772 
 1129 02ad C9F32A47 		.ascii	"\311\363*G\323\323R\323.\361F\325\360h\231\027\017\353"
 1129      D3D352D3 
 1129      2EF146D5 
 1129      F0689917 
 1129      0FEB
 1130 02bf C9EA7FD6 		.ascii	"\311\352\177\326eCT\226\323\253\235\362\270\016\376"
 1130      65435496 
 1130      D3AB9DF2 
 1130      B80EFE
 1131 02ce 55AF5DCA 		.ascii	"U\257]\312\023\325JjZ\306\361\014%\225\227+\307s\325"
 1131      13D54A6A 
 1131      5AC6F10C 
 1131      2595972B 
 1131      C773D5
 1132 02e1 0BF96735 		.ascii	"\013\371g5E\325\275.o\346yU\345\315\3336\216LNq\246"
 1132      45D5BD2E 
 1132      6FE67955 
 1132      E5CDDB36 
 1132      8E4C4E71 
 1133 02f6 38D42CC7 		.ascii	"8\324,\3079\210M\313H\217\027\274n\217ko|\302> \036"
 1133      39884DCB 
 1133      488F17BC 
 1133      6E8F6B6F 
 1133      7CC23E20 
 1134 030b 88D235DD 		.ascii	"\210\3225\335\360\024\302o`\013t\250"
 1134      F014C26F 
 1134      600B74A8 
 1135              		.text
 1136              		.section	.gnu.lto__port_irq_epilogue.part.0.304.537656ec910b75e4,"e",%progbits
 1137 0000 789C8D54 		.ascii	"x\234\215T_L\233U\024?\347\336~mu\225E\330\226\030\023"
 1137      5F4C9B55 
 1137      143FE7DE 
 1137      7E6D7595 
 1137      45D89618 
 1138 0015 6934669A 		.ascii	"i4f\232m|.\021}\321\004\303\323L\010\223\352\2031\006"
 1138      6D7C2E11 
 1138      7DD104C3 
 1138      D34C0893 
 1138      EA833106 
 1139 0029 CB673748 		.ascii	"\313g7HW\276\332\226\015\304\312G\371\027KT0\300|0\300"
 1139      57BEDA96 
 1139      0DC4CA47 
 1139      F9174B54 
 1139      30C07C30 
 1140 003e 1231C030 		.ascii	"\0221\3000\230m13\005A\347&\363\337\370\263\261\310"
 1140      986D3133 
 1140      0541E726 
 1140      F3DFF8B3 
 1140      B1C8
 1141 0050 C69C4466 		.ascii	"\306\234Df`\314\300\364\241\331\003\365\334{\273\016"
ARM GAS  /tmp/cc80ENu1.s 			page 31


 1141      60CCC0F4 
 1141      A1D903F5 
 1141      DC7BBB0E 
 1142 0060 CD62FC1E 		.ascii	"\315b\374\036z\317=\347\367;\367w\316\271\267\271\032"
 1142      7ACF3DE7 
 1142      F73BF777 
 1142      CEB9B7B9 
 1142      1A
 1143 0071 C07D0850 		.ascii	"\300}\010P\016\000\350\004<\354\004\313\262\012\034"
 1143      0E00E804 
 1143      3CEC04CB 
 1143      B20A1C
 1144 0080 0ECC962B 		.ascii	"\016\314\226+c\015\355\255\014\317#\355\334\266\306"
 1144      630DEDAD 
 1144      0CCF23ED 
 1144      DCB6C6
 1145 008f F62CB972 		.ascii	"\366,\271r\354l\277W\306md\305\231\342h\330\325\036"
 1145      EC6CBF57 
 1145      C66D64C5 
 1145      99E268D8 
 1145      D51E
 1146 00a1 6F997F51 		.ascii	"o\231\177Q\241\013\034v\254\317\304\020\352\034\214"
 1146      A10B1C76 
 1146      ACCFC410 
 1146      EA1C8C
 1147 00b0 DB343BD6 		.ascii	"\3334;\326\341\020\327P'o\262u\270\373y\253\177\034"
 1147      E110D750 
 1147      276FB275 
 1147      B8FB79AB 
 1147      7F1C
 1148 00c2 5700EA40 		.ascii	"W\000\352@~\302\335fMZ\234\\Q\332\177\201\302\253\341"
 1148      7EC2DD66 
 1148      4D5A9C5C 
 1148      51DA7F81 
 1148      C2ABE1
 1149 00d5 26422410 		.ascii	"&B$\020h\211\322b\223\216\332QT\221\232/\245A\324\223"
 1149      6889D262 
 1149      938EDA51 
 1149      54919A2F 
 1149      A541D493 
 1150 00e9 CB3E18C1 		.ascii	"\313>\030\301\032\345\036\303\214\377\243\313\315\003"
 1150      1AE51EC3 
 1150      8CFFA3CB 
 1150      CD03
 1151 00f7 F9308E87 		.ascii	"\3710\216\207ho\317A\342\333\267\242[C\347\333\344\330"
 1151      686FCF41 
 1151      E2DBB7A2 
 1151      5B43E7DB 
 1151      E4D8
 1152 0109 354E524E 		.ascii	"5NRNv|\336\223\337m\215\333\252\276\301\332S\3705\302"
 1152      767CDE93 
 1152      DF6D8DDB 
 1152      AABEC1DA 
 1152      53F835C2 
 1153 011d 69645A02 		.ascii	"idZ\002\247\354\032\356\220\200w\347~\177m\241\301\232"
 1153      A7EC1AEE 
 1153      908077E7 
ARM GAS  /tmp/cc80ENu1.s 			page 32


 1153      7E7F6DA1 
 1153      C19A
 1154 012f B004249A 		.ascii	"\260\004$\232\206(q\342\344\344q\327\031\204\257\260"
 1154      862871E2 
 1154      E4E471D7 
 1154      1984AFB0 
 1155 013f 5688FC16 		.ascii	"V\210\374\026G3G\217\234}\2344\205\357(y/\037\316\342"
 1155      4733478F 
 1155      9C7D9C34 
 1155      85EF2879 
 1155      2F1FCEE2 
 1156 0153 1BA0F2AE 		.ascii	"\033\240\362\256\336\272vu\201[\037[\354\256Y\177<\356"
 1156      DEBA7675 
 1156      815B1F5B 
 1156      ECAE597F 
 1156      3CEE
 1157 0165 FA1EE13B 		.ascii	"\372\036\341;\225\365\007\225\3259\215p[T\307\315\367"
 1157      95F50795 
 1157      D5398D70 
 1157      5B54C7CD 
 1157      F7
 1158 0176 B34875A3 		.ascii	"\263Hu\243\273\352'4%\373\034\261\023\030s\210\026\220"
 1158      BBEA2734 
 1158      25FB1CB1 
 1158      13187388 
 1158      1690
 1159 0188 6D4E4ACA 		.ascii	"mNJ\312\317\031J\362\330\314o()\201)\254\223\224iII"
 1159      CF194AF2 
 1159      D8CC6F28 
 1159      298129AC 
 1159      93946949 
 1160 019d 69824276 		.ascii	"i\202Bv\002g0\201\353\232\"\264\215X\326;\005@\340h"
 1160      02673081 
 1160      EB9A22B4 
 1160      8D58D63B 
 1160      0540E068 
 1161 01b1 062CFB7B 		.ascii	"\006,\373{\036\251\254\231L\347\217\236\316\206\013"
 1161      1EA9AC99 
 1161      4CE78F9E 
 1161      CE860B
 1162 01c0 68DE5559 		.ascii	"h\336UY4\243\214\312\270\2100\213\223\351\321\371\245"
 1162      34A38CCA 
 1162      B888308B 
 1162      93E9D1F9 
 1162      A5
 1163 01d1 30E7154C 		.ascii	"0\347\025L\317au\356\203\341\207zY\325\034\372%\347"
 1163      CF6175EE 
 1163      83E1877A 
 1163      59D51CFA 
 1163      25E7
 1164 01e3 921CC2D2 		.ascii	"\222\034\302\322\355!$oN}\270\331j\253w\022 \232\006"
 1164      ED21246F 
 1164      4E7DB8D9 
 1164      6AAB7712 
 1164      209A06
 1165 01f6 DC69D644 		.ascii	"\334i\326D\037^F\022\341\027\315\232GJMA\216\263H\327"
 1165      1F5E4612 
ARM GAS  /tmp/cc80ENu1.s 			page 33


 1165      E117CD9A 
 1165      474A4D41 
 1165      8EB348D7 
 1166 020a 4D69BA72 		.ascii	"Mi\272r.\267\273\237f\014\252W\364\355\030oL\247\215"
 1166      2EB7BB9F 
 1166      660CAA57 
 1166      F4ED186F 
 1166      4CA78D
 1167 021d 8BB4A0B2 		.ascii	"\213\264\240\262\376\"bT\334\360\264\326k%S=\224\374"
 1167      FE226254 
 1167      DCF0B4D6 
 1167      6B25533D 
 1167      94FC
 1168 022f 3A66BB28 		.ascii	":f\273(\341,2\021\340\342\307\006l\223\006\314\0050"
 1168      E12C3211 
 1168      E0E2C706 
 1168      6C9306CC 
 1168      0530
 1169 0241 C0C52DB7 		.ascii	"\300\305-\267lH\226CY|\220\263\264\225b\326\302J\007"
 1169      6C489643 
 1169      597C90B3 
 1169      B49562D6 
 1169      C24A07
 1170 0254 D2B30061 		.ascii	"\322\263\000a\016m\025\313\237k\375#=c\014/(\347bO\016"
 1170      0E6D15CB 
 1170      9F6BFD23 
 1170      3D630C2F 
 1170      28E7624F 
 1171 0269 5E54E64A 		.ascii	"^T\346J.4\362\372\207\205\370\033$}\373-lv\3724\274"
 1171      2E34F2FA 
 1171      8785F81B 
 1171      247DFB2D 
 1171      6C76FA34 
 1172 027e 8724FD8A 		.ascii	"\207$\375\212@\313\002\276\005\204\214\271I\015W\234"
 1172      40CB02BE 
 1172      05848CB9 
 1172      490D579C 
 1173 028e D55CE158 		.ascii	"\325\\\341X][\034\234\332B\347P\000\240\201\307\326"
 1173      5D5B1C9C 
 1173      DA42E750 
 1173      00A081C7 
 1173      D6
 1174 029f 5B3E7D84 		.ascii	"[>}\2043\211!4\311f\022=\326\251Q\264\341Ds'\247\217"
 1174      33892134 
 1174      C966123D 
 1174      D6A951B4 
 1174      E1447327 
 1175 02b5 D18BB89A 		.ascii	"\321\213\270\232J\2456gP\\\242\226$*\366W\377c\364\\"
 1175      4AA53667 
 1175      505CA296 
 1175      242AF657 
 1175      FF63F45C 
 1176 02c9 020AA2E1 		.ascii	"\002\012\242\341\020\202\361\346\"\302ST[\377\003\336"
 1176      1082F1E6 
 1176      22C25354 
 1176      5BFF03DE 
 1177 02d9 6B580A60 		.ascii	"kX\012`\277\016\342\305;%\355H\227\246\216Fn\223\231"
ARM GAS  /tmp/cc80ENu1.s 			page 34


 1177      BF0EE2C5 
 1177      3B25ED48 
 1177      97A68E46 
 1177      6E9399
 1178 02ec 28E725B2 		.ascii	"(\347%\262\323E\237\350K01&\001\035\355\313\301y\224"
 1178      D3459FE8 
 1178      4B303126 
 1178      011DEDCB 
 1178      C17994
 1179 02ff D58A86AF 		.ascii	"\325\212\206\257\213j[Y\263\363UU\355\222\254v\031\017"
 1179      8B6A5B59 
 1179      B3F35555 
 1179      ED92AC76 
 1179      190F
 1180 0311 822AAEE9 		.ascii	"\202*\256\351\330\200h\"\212\231\013\372g\333\240\211"
 1180      D8806822 
 1180      8A990BFA 
 1180      67DBA089 
 1181 0321 37F4FAB8 		.ascii	"7\364\372\270\026G\366\312\313\000l\013\254\263\306"
 1181      1647F6CA 
 1181      CB006C0B 
 1181      ACB3C6
 1182 0330 E55367EE 		.ascii	"\345Sg\356\347\232}?\252\277\224A\316\353I\034SsHt9"
 1182      E79A7D3F 
 1182      AABF9441 
 1182      CEEB491C 
 1182      53734874 
 1183 0345 84BAAE78 		.ascii	"\204\272\256x\223\366\257Z\036\364\376\201/\001\304"
 1183      93F6AF5A 
 1183      1EF4FE81 
 1183      2F01C4
 1184 0354 31469B67 		.ascii	"1F\233g</(\256m\003\367\306\177p\3276r\213\025W\333"
 1184      3C2F28AE 
 1184      6D03F7C6 
 1184      7F70D736 
 1184      728B1557 
 1185 0369 30FF2387 		.ascii	"0\377#\2075\370\204[\0236\031\261\247#-<V\240T\016p"
 1185      35F8845B 
 1185      133619B1 
 1185      A7232D3C 
 1185      56A0540E 
 1186 037e 543E4677 		.ascii	"T>FwR/7\003>=\340\255\361V\372u\243\274\242\254\302"
 1186      522F3703 
 1186      3E3DE0AD 
 1186      F156FA75 
 1186      A3BCA2AC 
 1187 0393 0CEF3A64 		.ascii	"\014\357:d\206\374\341\240\327\360\351\205\302S\354"
 1187      86FCE1A0 
 1187      D7F0E985 
 1187      C253EC
 1188 03a2 D1BDC120 		.ascii	"\321\275\301 l\317\313\323\315\260n\230\201\200Y\251"
 1188      6CCFCBD3 
 1188      CDB06E98 
 1188      818059A9 
 1189 03b2 07CD5024 		.ascii	"\007\315P$\254?WRTXTMD\303\014\371J\017>\035\3103\376"
 1189      AC3F5752 
 1189      5458544D 
ARM GAS  /tmp/cc80ENu1.s 			page 35


 1189      44C30CF9 
 1189      4A0F3E1D 
 1190 03c9 27AE1C1C 		.ascii	"'\256\034\034e\336\260oo\250\342\311\177\340}\325\021"
 1190      65DEB06F 
 1190      6FA8E2C9 
 1190      7FE07DD5 
 1190      11
 1191 03da 81D60B8B 		.ascii	"\201\326\013\213<{<z!\301\365=\225\306\201\252\327}"
 1191      3C7B3C7A 
 1191      21C1F53D 
 1191      95C681AA 
 1191      D77D
 1192 03ec BA110857 		.ascii	"\272\021\010W\204K\367\033\006\221\267m<2o\267ww\276"
 1192      844BF71B 
 1192      0691B76D 
 1192      3C326FB7 
 1192      7777BE
 1193 03ff 5196BF0F 		.ascii	"Q\226\277\017\354!_\270\352@\304fD\252\203Y\0213X\274"
 1193      EC215FB8 
 1193      EA40C466 
 1193      44AA8359 
 1193      113358BC 
 1194 0413 6F6FC834 		.ascii	"oo\3104<\021\257\341w\025\225x\334\217>\261\323\035"
 1194      3C11AFE1 
 1194      77159578 
 1194      DC8F3EB1 
 1194      D31D
 1195 0425 0C07813F 		.ascii	"\014\007\201?\033\002W\221\247Dlv\222\027X\010\376\006"
 1195      1B025791 
 1195      A7446C76 
 1195      92175808 
 1195      FE06
 1196 0437 C7861AF9 		.ascii	"\307\206\032\371"
 1197              		.text
 1198              		.section	.gnu.lto_.symbol_nodes.537656ec910b75e4,"e",%progbits
 1199 0000 789CDBC9 		.ascii	"x\234\333\311\000\004L\033\230\352\331\032\200\200\205"
 1199      00044C1B 
 1199      98EAD91A 
 1199      808085
 1200 000f 71C23906 		.ascii	"q\3029\006\206z\006\206\235S\232\232\032\024\200R\214"
 1200      867A0686 
 1200      9D539A9A 
 1200      1A148052 
 1200      8C
 1201 0020 AB98EAD9 		.ascii	"\253\230\352\331\377C\201<X\232\201\241\341B\003\023"
 1201      FF43813C 
 1201      589A81A1 
 1201      E1420313 
 1202 0030 486E3553 		.ascii	"Hn5S=\007\0169\246\345L\365\234(F\356\232\320\004\226"
 1202      3D070E39 
 1202      A6E54CF5 
 1202      9C2846EE 
 1202      9AD00496 
 1203 0044 58C154CF 		.ascii	"X\301T\317\205M\202q%S=7\206i\023\300\24613\260B\264"
 1203      854D8271 
 1203      25533D37 
 1203      866913C0 
ARM GAS  /tmp/cc80ENu1.s 			page 36


 1203      A63133B0 
 1204 005a 2CE16366 		.ascii	",\341cfaX\260\357\302s\006\306G\354\014\000FPB\211"
 1204      6158B0EF 
 1204      C27306C6 
 1204      47EC0C00 
 1204      46504289 
 1205              		.text
 1206              		.section	.gnu.lto_.refs.537656ec910b75e4,"e",%progbits
 1207 0000 789CE366 		.ascii	"x\234\343f```b`b\224a`b\222c`\000\000\002\024\000O"
 1207      60606062 
 1207      60629461 
 1207      60629263 
 1207      60000002 
 1208              		.text
 1209              		.section	.gnu.lto_.decls.537656ec910b75e4,"e",%progbits
 1210 0000 789C9557 		.ascii	"x\234\225W{PT\327\031?\347\354\335\365\240\020\361\325"
 1210      7B5054D7 
 1210      193FE7EC 
 1210      DDF5A010 
 1210      F1D5
 1211 0012 904ED392 		.ascii	"\220N\323\222\177\032\306FV|\267\323\351\024W\255L\306"
 1211      7F1AC646 
 1211      567CB7D3 
 1211      E91457AD 
 1211      4CC6
 1212 0024 C8EC2676 		.ascii	"\310\354&v\246\235vC\326\215\354\010,\356\256\211\376"
 1212      A69D7643 
 1212      D68DEC08 
 1212      2CEEAE89 
 1212      FE
 1213 0035 D199B380 		.ascii	"\321\231\263\200\210\004\013\250A\334\020\\P\033\023"
 1213      88040BA8 
 1213      41DC105C 
 1213      501B13
 1214 0044 5FEB2BA8 		.ascii	"_\353+\250A\271\3620\306'\212o\243\341\241b\304DTb\010"
 1214      41B9F230 
 1214      C6278A6F 
 1214      A3E1A162 
 1214      C4445462 
 1215 0059 C1D8EFDC 		.ascii	"\301\330\357\334s\367\310\222L'\335\341\273\347\361"
 1215      73F7C892 
 1215      4C27DDE1 
 1215      BBE7F1
 1216 0068 FB1EBFEF 		.ascii	"\373\036\277\357;\347\334{(\216Ah\244\001\241\2270B"
 1216      3BE7DC7B 
 1216      288E4168 
 1216      A401A197 
 1216      3042
 1217 007a 4FE0A720 		.ascii	"O\340\247 \204.\202D\203\034\000\271\240\217\315\200"
 1217      842E8244 
 1217      831C00B9 
 1217      A08FCD80 
 1218 008a 9F865605 		.ascii	"\237\206V\005\231\006\375?\200\374\021\344O SAf\202"
 1218      9906FD3F 
 1218      80FC11E4 
 1218      4F205341 
 1218      6682
ARM GAS  /tmp/cc80ENu1.s 			page 37


 1219 009c FC8B083B 		.ascii	"\374\213\010;>\307\355^\206v\016\310\\\2206\030\333"
 1219      3EC7ED5E 
 1219      86760EC8 
 1219      5C903618 
 1219      DB
 1220 00ad A09D07F2 		.ascii	"\240\235\007\362\"\364\377\001\355?A\034 n\260\033\201"
 1220      22F4FF01 
 1220      ED3F411C 
 1220      206EB01B 
 1220      81
 1221 00be 849FC136 		.ascii	"\204\237\3016Nh\027\3506a}\316%\021\344;\230\213\207"
 1221      4E6817E8 
 1221      36617DCE 
 1221      2511E43B 
 1221      988B87
 1222 00d1 361D0B4E 		.ascii	"6\035\013NS@\026\201\257\347t_\323\376\207?\233\316"
 1222      53401681 
 1222      AFE7745F 
 1222      D3FE873F 
 1222      9BCE
 1223 00e3 31CC673A 		.ascii	"1\314g:\026\234\3029\236\322\343\271\364\334f\200\234"
 1223      169CC239 
 1223      9ED2E3B9 
 1223      F4DC6680 
 1223      9C
 1224 00f4 45225638 		.ascii	"E\"V8w\323(\254\230\306\340x\205\\\015|\322\242\214"
 1224      77D328AC 
 1224      98C6E078 
 1224      855C0D7C 
 1224      D2A28C
 1225 0107 5019EB65 		.ascii	"P\031\353ej^T\027:\200\367\003\376\211\320\211\243\004"
 1225      6A5E5417 
 1225      3A80F703 
 1225      FE89D089 
 1225      A304
 1226 0119 D1216832 		.ascii	"\321!h2\323~\365\317\242C0\317)F\323W\220B\256oj\312"
 1226      D37EF5CF 
 1226      A24330CF 
 1226      2946D357 
 1226      9042AE6F 
 1227 012f 3748DBBB 		.ascii	"7H\333\273\302V\305]\250\016#\372W\356 \226\376\015"
 1227      C256C55D 
 1227      A80E23FA 
 1227      57EE2096 
 1227      FE0D
 1228 0141 D134DEA3 		.ascii	"\3214\336\243\324\211h:\242\013\021\315Bt\021\237\212"
 1228      D489683A 
 1228      A20B11CD 
 1228      4274119F 
 1228      8A
 1229 0152 07068C28 		.ascii	"\007\006\214(#\317\263\007\037\306\214\035\0337V\373"
 1229      23CFB307 
 1229      1FC68C1D 
 1229      1B3756FB 
 1230 0162 7177DF16 		.ascii	"qw\337\026_^6\363\335e\275\214\255\012\305\036\306\307"
 1230      5F5E36F3 
 1230      DD65BD8C 
ARM GAS  /tmp/cc80ENu1.s 			page 38


 1230      AD0AC51E 
 1230      C6C7
 1231 0174 703316BC 		.ascii	"p3\026\274\222\020\232\210@#\264\253\254\230\305\347"
 1231      92109A88 
 1231      4023B4AB 
 1231      AC98C5E7 
 1232 0184 152987F1 		.ascii	"\025)\207\361A\011\326\202\034\300\010\230\346\201D"
 1232      4109D682 
 1232      1CC00898 
 1232      E68144
 1233 0193 A193F804 		.ascii	"\241\223\370\004F\307\001\256\303\247\360\005|\036\237"
 1233      46C701AE 
 1233      C3A7F005 
 1233      7C1E9F
 1234 01a2 C167F139 		.ascii	"\301g\3619\334\202O\363,\270\227\200\364\362\251\364"
 1234      DC824FF3 
 1234      2CB89780 
 1234      F4F2A9F4 
 1235 01b2 724478E1 		.ascii	"rDx\341p\205\204\233$\334\200\303\024B\022\255\217\240"
 1235      7085849B 
 1235      24DC80C3 
 1235      144212AD 
 1235      8FA0
 1236 01c4 20D04A89 		.ascii	" \320J\2116F\330\352\256\313%|4\"\2620.\223\350g\003"
 1236      3646D8EA 
 1236      AECB257C 
 1236      3422B230 
 1236      2E93E867 
 1237 01d9 53075B85 		.ascii	"S\007[\205\\\332x\251\177\250,z\030\275\010\242\220"
 1237      5CDA78A9 
 1237      7FA82C7A 
 1237      18BD08A2 
 1237      90
 1238 01ea 1CFFB5C7 		.ascii	"\034\377\265\307Xb\011\002\272$\326\262\000\303\243"
 1238      58620902 
 1238      BA24D6B2 
 1238      00C3A3
 1239 01f9 9BF74643 		.ascii	"\233\367FC\335\203\230\236\341\336V\334{r\3220\234q"
 1239      DD83989E 
 1239      E1DE56DC 
 1239      7B72D230 
 1239      9C71
 1240 020b 0BB662E4 		.ascii	"\013\266b\344(aq\035\243\244\375\330\224\200\371\261"
 1240      2861711D 
 1240      A3A4FDD8 
 1240      9480F9B1 
 1241 021b 1A0E2DA2 		.ascii	"\032\016-\242W\271\362\335s'\372\207\015Wue\261\334"
 1241      57B9F2DD 
 1241      7327FA87 
 1241      0D577565 
 1241      B1DC
 1242 022d 6D38A10E 		.ascii	"m8\241\016\267\342/\260BZ\232\327\367\032\237\025\345"
 1242      B7E22FB0 
 1242      425A9AD7 
 1242      F71A9F15 
 1242      E5
 1243 023e 579576FC 		.ascii	"W\225v\3749\006+\324\201\271?\036\267\025\321\033\334"
ARM GAS  /tmp/cc80ENu1.s 			page 39


 1243      39062BD4 
 1243      81B93F1E 
 1243      B715D11B 
 1243      DC
 1244 024f 8DBAB2B6 		.ascii	"\215\272\262\266q\310\360Vp\243\376\224\233\276\346"
 1244      71C8F056 
 1244      70A3FE94 
 1244      9BBEE6
 1245 025e EFBF3249 		.ascii	"\357\2772I7\267~\344\246\031\361}\203\351\227\230\217"
 1245      37B77EE4 
 1245      A619F17D 
 1245      83E99798 
 1245      8F
 1246 026f 0C0A5973 		.ascii	"\014\012YssWa\364\340\034\356B\016]\340m\177\345\362"
 1246      735761F4 
 1246      E01CEE42 
 1246      0E5DE06D 
 1246      7FE5F2
 1247 0282 2AD30052 		.ascii	"*\323\000R_b\276\012_a\256\000\\\326vU\372\225\001\301"
 1247      5F62BE0A 
 1247      5F61AE00 
 1247      5CD67655 
 1247      FA9501C1 
 1248 0296 2260707F 		.ascii	"\"`p\177\024\321\257!\375\007Z,\225GV\021}\304\263("
 1248      14D1AF21 
 1248      FD075A2C 
 1248      95475611 
 1248      7DC4B328 
 1249 02aa 2CDC5965 		.ascii	",\334Ye\034\034\365\033\210:A!\207\267oj\245\003\202"
 1249      1C1CF51B 
 1249      883A4121 
 1249      87B76F6A 
 1249      A50382
 1250 02bd 3EC47C6D 		.ascii	">\304|m\301\354\033-h\350\342\376mC\007\004\215\200"
 1250      C1EC1B2D 
 1250      68E8E2FE 
 1250      6D430704 
 1250      8D80
 1251 02cf 21CE34DA 		.ascii	"!\3164\332\307#\324u7\264S\255N?Qn\372D\2434\236\346"
 1251      C723D475 
 1251      37B453AD 
 1251      4E3F516E 
 1251      FA44A334 
 1252 02e5 C1112D24 		.ascii	"\301\021-$\274\237@\213\241\277\006d\2356\216\006\266"
 1252      BC9F408B 
 1252      A1BF0664 
 1252      9D368E06 
 1252      B6
 1253 02f6 50F3F5DA 		.ascii	"P\363\365\332`\230BV\206\336\335\216\0073^NPR>1=\217"
 1253      60984256 
 1253      86DEDD8E 
 1253      07335E4E 
 1253      50523E31 
 1254 030c 9F607820 		.ascii	"\237`x \272\201\360\203\335s{\233\201/t7\313\3115\241"
 1254      BA81F083 
 1254      DD737B9B 
 1254      812F7437 
ARM GAS  /tmp/cc80ENu1.s 			page 40


 1254      CBC935A1 
 1255 0320 C9135021 		.ascii	"\311\023P!y\276\016\257 \005D!\367\353\317\257\036\022"
 1255      79BE0EAF 
 1255      20054421 
 1255      F7EBCFAF 
 1255      1E12
 1256 0332 668FDF21 		.ascii	"f\217\337!y$\027\336\\E\204\273\002\333+\201\216\335"
 1256      792417DE 
 1256      5C4584BB 
 1256      02DB2B81 
 1256      8EDD
 1257 0344 DAEAFE94 		.ascii	"\332\352\376\224m\305\231\353\273\210\264]\031iK\267"
 1257      6DC599EB 
 1257      BB88B45D 
 1257      19694BB7 
 1258 0354 00F51D20 		.ascii	"\000\365\035 \273A\366\203\034\002i\320\330\027a\236"
 1258      BB41F683 
 1258      1C0269D0 
 1258      D817619E 
 1259 0364 0BA59F01 		.ascii	"\013\245\237\001\273\227Zv\347\177`\224\357\213\210"
 1259      BB975A76 
 1259      E77F6094 
 1259      EF8B88
 1260 0373 5F1524D7 		.ascii	"_\025$\327\277\265\244r\214\237\251\376\"\345\337d\031"
 1260      BFB5A472 
 1260      8C9FA9FE 
 1260      22E5DF64 
 1260      19
 1261 0384 09E841C4 		.ascii	"\011\350A\304\321l\203\323\265\252R\234\256>\234\003"
 1261      D16C83D3 
 1261      B5AA529C 
 1261      AE3E9C03 
 1262 0394 A828C389 		.ascii	"\250(\303\211A\357\2162\362.\330\004H\035\256&U$H>$"
 1262      41EF8E32 
 1262      F22ED804 
 1262      481DAE26 
 1262      5524483E 
 1263 03a9 9BC95652 		.ascii	"\233\311VRN\326\221md\003\371\210T\220\017H%\331B\376"
 1263      4ED6916D 
 1263      6403F988 
 1263      54900F48 
 1263      25D942FE 
 1264 03bd 4336924D 		.ascii	"C6\222Md=y\237\274\007\372\232\373Z\351~\255t\177Y\006"
 1264      643D799F 
 1264      BC07FA9A 
 1264      FB5AE97E 
 1264      AD747F59 
 1265 03d2 0F48F431 		.ascii	"\017H\3641\016\243\3752x\350\300u\246\301\035\370\032"
 1265      0EA3FD32 
 1265      78E8C075 
 1265      A6C11DF8 
 1265      1A
 1266 03e3 C062EB5F 		.ascii	"\300b\353_\0210\267\256\224\326\337I\353^\001o\002x"
 1266      1130B7AE 
 1266      94D6DF49 
 1266      EB5E016F 
 1266      0278
ARM GAS  /tmp/cc80ENu1.s 			page 41


 1267 03f5 9F6EDD89 		.ascii	"\237n\335\211oJ\353\0332t\357{a\343U\222\330\021\211"
 1267      6F4AEB1B 
 1267      3274EF7B 
 1267      61E35592 
 1267      D81189
 1268 0408 3E92E86A 		.ascii	">\222\350j\211\212w\316M@{t\364\026^3\020\025\246e\222"
 1268      898A77CE 
 1268      4D407B74 
 1268      F4165E33 
 1268      1015A665 
 1269 041d 1593E013 		.ascii	"\025\223\340\023,m\367T\206m\273%\351{OI\177\254\223"
 1269      2C6DF754 
 1269      866DBB25 
 1269      E97B4F49 
 1269      7FAC93
 1270 0430 FE1ADF01 		.ascii	"\376\032\337\001X\034\300\333\032-n\274K\032\337\217"
 1270      581CC0DB 
 1270      1A2D6EBC 
 1270      4B1ADF8F 
 1271 0440 3016912B 		.ascii	"0\026\221+d\344\357#\352!\320~\231R\211\344\325 \321"
 1271      64E4EF23 
 1271      EA21D07E 
 1271      995289E4 
 1271      D520D1
 1272 0453 3E899646 		.ascii	">\211\226F\224C/u\271t\375C\304BM\324H\207t\322\337"
 1272      94432F75 
 1272      B974FD43 
 1272      C4424DD4 
 1272      488774D2 
 1273 0468 E21E40C5 		.ascii	"\342\036@\305\001~ ]\377 ]\027G\004\326]\257\221\256"
 1273      017E205D 
 1273      FF205D17 
 1273      4704D65D 
 1273      AF91AE
 1274 047b FD11F59A 		.ascii	"\375\021\365\232\210h\256\001\216P{\333'\207h\\\344"
 1274      8868AE01 
 1274      8E507BDB 
 1274      2787685C 
 1274      E4
 1275 048c 5EDC4EFE 		.ascii	"^\334N\376\357\315\010\337\203\316US\344\347`\207\036"
 1275      EFCD08DF 
 1275      83CE5553 
 1275      E4E76087 
 1275      1E
 1276 049d 29A41DD3 		.ascii	")\244\035\323\307\035\305\365\321\0171\004(\200\243"
 1276      C71DC5F5 
 1276      D10F3104 
 1276      2880A3
 1277 04ac D2485975 		.ascii	"\322HYu\336J\226\317\032\375\270\234\355c\301=E+\015"
 1277      DE4A96CF 
 1277      1AFDB89C 
 1277      ED63C13D 
 1277      452B0D
 1278 04bf 81EAC602 		.ascii	"\201\352\306\002?(\304U\347\356c\201\320\353\201\000"
 1278      3F28C455 
 1278      E7EE6381 
 1278      D0EB8100 
ARM GAS  /tmp/cc80ENu1.s 			page 42


 1279 04cf 2BAAAF2A 		.ascii	"+\252\257*`A\214s`Z\365\233\002\320\200FQ\034\253\340"
 1279      60418C73 
 1279      605AF59B 
 1279      02D08046 
 1279      511CABE0 
 1280 04e3 1784FCA2 		.ascii	"\027\204\374\242 \366\213\273\002\213a{\030\313\005"
 1280      20F68BBB 
 1280      028B617B 
 1280      18CB05
 1281 04f2 890FE485 		.ascii	"\211\017\344\205T?\244\322\214\203\033\362\001y\035"
 1281      543FA4D2 
 1281      8C831BF2 
 1281      01791D
 1282 0501 A4C47FCB 		.ascii	"\244\304\177\313\277<\246\333\177\233\255\315\271]\022"
 1282      BF3CA6DB 
 1282      7F9BADCD 
 1282      B95D12
 1283 0510 9FCB78A0 		.ascii	"\237\313x\240|\206\313\203\240\241\3463R\315\032X)\253"
 1283      7C86CB83 
 1283      A0A1E633 
 1283      52CD1A58 
 1283      29AB
 1284 0522 58F94C4E 		.ascii	"X\371LNu\367\036\177N\036-\251V\013J\203\215,\326\337"
 1284      75F71E7F 
 1284      4E1E2DA9 
 1284      560B4A83 
 1284      8D2CD6DF 
 1285 0536 DE54E0AF 		.ascii	"\336T\340\257f,vU\020\250\203\214\360s\236 \261\245"
 1285      662C7655 
 1285      10A8838C 
 1285      F0739E20 
 1285      B1A5
 1286 0548 F028511B 		.ascii	"\360(Q\033\331\010?/\\0\217\215`\365jA\011S\013\262"
 1286      D9083F2F 
 1286      5C308F8D 
 1286      60F56A41 
 1286      09530BB2 
 1287 055c 39AD5298 		.ascii	"9\255R\230\301\\\247\224\251,\266T\314P\177P-`\033\301"
 1287      C15CA794 
 1287      A92CB654 
 1287      CC507F50 
 1287      2D601BC1 
 1288 0570 A80A3A1C 		.ascii	"\250\012:\034\035Q\332\012\021rx\207;e\325*[\306\030"
 1288      1D51DA0A 
 1288      11727887 
 1288      3B65D52A 
 1288      5BC618
 1289 0583 D52E3E22 		.ascii	"\325.>\"7\242\267T!=\267\017\326\015\355\341e\014\356"
 1289      37A2B754 
 1289      213DB70F 
 1289      D60DEDE1 
 1289      650CEE
 1290 0596 0D5ED46E 		.ascii	"\015^\324nG\030\215)\3713\302lt,\335d@\264\316\300_"
 1290      47188D29 
 1290      F933C26C 
 1290      742CDD64 
 1290      40B4CEC0 
ARM GAS  /tmp/cc80ENu1.s 			page 43


 1291 05ab 6004DE5F 		.ascii	"`\004\336_\261\360\361.\273\260\033\377\012\264{\030"
 1291      B1F0F12E 
 1291      BBB01BFF 
 1291      0AB47B18 
 1292 05bb 4BB88B3E 		.ascii	"K\270\213>&{a1j\010z\250-W\341\371\374\215Q\011\345"
 1292      267B6131 
 1292      6A087AA8 
 1292      2D57E1F9 
 1292      FC8D5109 
 1293 05d0 E5AC77F3 		.ascii	"\345\254w\363\301\312BC%S\241\316~ZC\366\300\322\203"
 1293      C1CA4243 
 1293      2553A1CE 
 1293      7E5A43F6 
 1293      C0D283
 1294 05e3 C63EE8A0 		.ascii	"\306>\350\240]d'\231\332cL()g%\265*32\026]Cv\207\025"
 1294      5D642799 
 1294      DA634C28 
 1294      296725B5 
 1294      2A333216 
 1295 05fc 760B0544 		.ascii	"v\013\005D\373\370F\332\321\371\371acB9l\200\033e\335"
 1295      FBF846DA 
 1295      D1F9F961 
 1295      6342396C 
 1295      801B65DD 
 1296 0610 EBA32B59 		.ascii	"\353\243+Y=\251!\007\204.:\300\367\310\324V#-Q@\365"
 1296      3DA92107 
 1296      842E3AC0 
 1296      F7C8D456 
 1296      232D5140 
 1297 0625 E0DA5040 		.ascii	"\340\332P@\341\252\241\007\353\213\331\013\240W\253"
 1297      E1AAA107 
 1297      EB8BD90B 
 1297      A057AB
 1298 0634 EBD56A7A 		.ascii	"\353\325jz\227\215t#\327\333r\257#7Z\347\330\277n8k"
 1298      978D7423 
 1298      D7DB72AF 
 1298      23375AE7 
 1298      D8BF6E38 
 1299 0649 D60A5243 		.ascii	"\326\012RC\016\351\332\207t\206\253M4\244 z\014lL\217"
 1299      0EE9DA87 
 1299      7486AB4D 
 1299      34A4207A 
 1299      0C6C4C8F 
 1300 065d 9A4E1619 		.ascii	"\232N\026\031^\300\370\231\027\264\235\2434\020\355"
 1300      5EC0F899 
 1300      17B49DA3 
 1300      3410ED
 1301 066c D35210C7 		.ascii	"\323R\020\307\277\016\207\011\274\342\033I=\201V!\347"
 1301      BF0E8709 
 1301      BCE21B49 
 1301      3D815621 
 1301      E7
 1302 067d 73DAEA4D 		.ascii	"s\332\352M\341\0025\020Q\240\246p\201\232sz\217\014"
 1302      E1023510 
 1302      51A0A670 
 1302      819A737A 
 1302      8F0C
ARM GAS  /tmp/cc80ENu1.s 			page 44


 1303 068f D1F2099E 		.ascii	"\321\362\011\236l\353\262\264\345\006\023\232\210\252"
 1303      6CEBB2B4 
 1303      E506139A 
 1303      88AA
 1304 069d 4756359E 		.ascii	"GV5\236\235F\332\005q\277\343\\\337\251o\2500E!tT\333"
 1304      9D46DA05 
 1304      71BFE35C 
 1304      DFA96FA8 
 1304      30452174 
 1305 06b3 F1EB8E1D 		.ascii	"\361\353\216\035\337j\200\021\202\3571\014\217\366}"
 1305      DF6A8011 
 1305      82EF310C 
 1305      8FF67D
 1306 06c2 553674F0 		.ascii	"U6t\360R\034'\350\0304\274\270\275\265\347\332\036\375"
 1306      521C27E8 
 1306      1834BCB8 
 1306      BDB5E7DA 
 1306      1EFD
 1307 06d4 BD23976D 		.ascii	"\275#\227m\206\355Zb<N>\325\342|FN@O\344x\304Dk\215"
 1307      86ED5A62 
 1307      3C4E3ED5 
 1307      E27C464E 
 1307      404FE478 
 1308 06ec 42F946D9 		.ascii	"B\371F\331\241;\257\267\353\312\270\206\234\024\244"
 1308      A13BAFB7 
 1308      EBCAB886 
 1308      9C14A4
 1309 06fb 4E4147E8 		.ascii	"NAG\350~d\242g\204n\350Jg7\016\353\235\026z\315\320"
 1309      7E64A267 
 1309      846EE84A 
 1309      67370EEB 
 1309      9D167ACD 
 1310 0710 117AFB4C 		.ascii	"\021z\373L\364\232\361G\334\317T\355-4\206\311\266c"
 1310      F49AF147 
 1310      DCCF54ED 
 1310      2D3486C9 
 1310      B663
 1311 0722 41B64594 		.ascii	"A\266E\224%L\366\373\245\222l\0139\243\371=K\316AO8"
 1311      254CF6FB 
 1311      A5926C0B 
 1311      39A3F93D 
 1311      4BCE414F 
 1312 0737 7E64A29D 		.ascii	"~d\242\235\203\035s\323\356+g\337\377u\020\276\227\352"
 1312      831D73D3 
 1312      EE2B67DF 
 1312      FF7510BE 
 1312      97EA
 1313 0749 E8E3E4BC 		.ascii	"\350\343\344\274fv\201\\\204\2360\273nR\310\366\315"
 1313      6676815C 
 1313      849E30BB 
 1313      6E52C8F6 
 1313      CD
 1314 075a 9D27860E 		.ascii	"\235'\206\016\2768\\\202\213\303^\276\255\343\350}\360"
 1314      BE385C82 
 1314      8BC35EBE 
 1314      ADE3E87D 
 1314      F0
ARM GAS  /tmp/cc80ENu1.s 			page 45


 1315 076b 6B5A7D2F 		.ascii	"kZ}/\347X\364pXa\370\033xs\270B\256\022t\215|N`\345"
 1315      E758F470 
 1315      5861F81B 
 1315      7873B842 
 1315      AE12748D 
 1316 0783 FB7F7395 		.ascii	"\373\177s\225\300P!\271\035w~/\257\001W\311e\322\305"
 1316      C05021B9 
 1316      1D777E2F 
 1316      AF0157C9 
 1316      65D2C5
 1317 0796 AF9D843B 		.ascii	"\257\235\204;\005\212g\257\236\274\0375\000\026\351"
 1317      058A67AF 
 1317      9EBC1F35 
 1317      0016E9
 1318 07a5 7E41C2F7 		.ascii	"~A\302\367#\240t\264\254j\3133\203)\265\001\245V\002"
 1318      23A074B4 
 1318      AC6ACB33 
 1318      8329B501 
 1318      A55602
 1319 07b8 0A4380D6 		.ascii	"\012C\200\3264\205\324n\270r?f\200\237\016\322\016~"
 1319      3485D46E 
 1319      B8723F66 
 1319      809F0ED2 
 1319      0E7E
 1320 07ca 6E10AE08 		.ascii	"n\020\256\010\2678"
 1320      B738
 1321 07d0 B974E511 		.ascii	"\271t\345\021KwS,\311-\350\210\022\3544\321\025&\261"
 1321      4B77532C 
 1321      C92DE888 
 1321      12EC34D1 
 1321      1526B1
 1322 07e3 747DB79E 		.ascii	"t}\267\236.]\247\320\273\015\035\241W\007\274\332[>"
 1322      2E5DA7D0 
 1322      BB0D1DA1 
 1322      5707BCDA 
 1322      5B3E
 1323 07f5 0D3CFD77 		.ascii	"\015<\375w\252F\177\345~\251\245\365\360\322\272\313"
 1323      AA467FE5 
 1323      7EA9A5F5 
 1323      F0D2BACB 
 1324 0805 31126BD2 		.ascii	"1\022k\322\261;\332\253zI\266\327\363\333\304D\263\333"
 1324      B13BDAAB 
 1324      7A49B6D7 
 1324      F3DBC444 
 1324      B3DB
 1325 0817 6B76B833 		.ascii	"kv\27033\335Y\346l\267\307\3475'[\347X\346,1;\322\035"
 1325      33DD59E6 
 1325      6CB7C7E7 
 1325      35275BE7 
 1325      58E62C31 
 1326 082e 6E8FD3FE 		.ascii	"n\217\323\376\326\324\314D\007\375\313+\257\305[\222"
 1326      D6D4CC44 
 1326      07FDCB2B 
 1326      AFC55B92 
 1327 083e A6A25F0C 		.ascii	"\246\242_\014\234MLJK\232\354xc\362\233\210z\234\013"
 1327      9C4D4C4A 
 1327      4B9AEC78 
ARM GAS  /tmp/cc80ENu1.s 			page 46


 1327      63F29B88 
 1327      7A9C0B
 1328 0851 D23C9976 		.ascii	"\322<\231v\037\311v\2302<v_\372|\203'i\002\361L$\036"
 1328      1FC97698 
 1328      323C765F 
 1328      FA7C8327 
 1328      6902F14C 
 1329 0867 782611CF 		.ascii	"x&\021\317\370a\334\271\335\271\304\347\360-\371\235"
 1329      F861DCB9 
 1329      DDB9C4E7 
 1329      F02DF99D 
 1330 0877 39DD9DE9 		.ascii	"9\335\235\3514g\246-M\313Z\010\201\\o\270\334\336qo"
 1330      3467A62D 
 1330      4DCB5A08 
 1330      815C6FB8 
 1330      DCDE716F 
 1331 088b BB3D0BBD 		.ascii	"\273=\013\275\331i\016\247\331\302g\346\332\314i\331"
 1331      D9690EA7 
 1331      D9C267E6 
 1331      DACC69D9 
 1332 089b D9E8C59F 		.ascii	"\331\350\305\237\3050\035EYg\332fZ\347\315\2341\236"
 1332      C5301D45 
 1332      5967DA66 
 1332      5AE7CD9C 
 1332      319E
 1333 08ad 2E7665F9 		.ascii	".ve\371&N\260\373\224\024[\262U\2313g\226\325\220<\303"
 1333      264EB0FB 
 1333      94145BB2 
 1333      55993367 
 1333      96D5903C 
 1334 08c2 6A98016D 		.ascii	"j\230\001m\352,\253\222<\313fU\246\317J\266\032\001"
 1334      EA2CAB92 
 1334      3CCB6655 
 1334      A6CF4AB6 
 1334      1A01
 1335 08d4 0285197C 		.ascii	"\002\205\031|<\233?,\3600\332f[lV\203mv\352\020\356"
 1335      3C9B3F2C 
 1335      F030DA66 
 1335      5B6C5683 
 1335      6D76EA10 
 1336 08e9 679ADD67 		.ascii	"g\232\335g\260X`l\261\032\223S\254\026\2532\357\325"
 1336      B058606C 
 1336      B11A9353 
 1336      AC16AB32 
 1336      EFD5
 1337 08fb B9562505 		.ascii	"\271V%\005t\214\226\324\327Rf\3003\331b\235\030\301"
 1337      748C96D4 
 1337      D75266C0 
 1337      33D9629D 
 1337      18C1
 1338 090d 12B2E41C 		.ascii	"\022\262\344\034\315\2269\266\024\233\331\002$\315)"
 1338      CD9639B6 
 1338      149BD902 
 1338      24CD29
 1339 091c 598E8CC5 		.ascii	"Y\216\214\305\363\235f\215\261#s\0220\2466\313t\373"
 1339      F39D668D 
 1339      B1237312 
ARM GAS  /tmp/cc80ENu1.s 			page 47


 1339      30A636CB 
 1339      74FB
 1340 092e AB4BB39D 		.ascii	"\253K\263\235\206\244)(\012\312\367\326T\347\270L4\024"
 1340      86A42928 
 1340      0ACAF7D6 
 1340      54E7B84C 
 1340      3414
 1341 0940 547CCE25 		.ascii	"T|\316%\3432'\241\347\354Z\321\\\236Evg\266+\303\275"
 1341      E33227A1 
 1341      E7EC5AD1 
 1341      5C9E4576 
 1341      67B62BC3 
 1342 0955 60B13331 		.ascii	"`\26131;\315\343K\034?\362\307\310\317+\224\003\215"
 1342      3BCDE34B 
 1342      1C3FF2C7 
 1342      C8CF2B94 
 1342      038D
 1343 0967 11A6DEB7 		.ascii	"\021\246\336\267]>G\272\375M\217;\323\356\362zF\331"
 1343      5D3E47BA 
 1343      FD4D8F3B 
 1343      D3EEF27A 
 1343      46D9
 1344 0979 F5F571F9 		.ascii	"\365\365q\371\344\3340\333<\213}vZ\326\374\014\247\347"
 1344      E4DC30DB 
 1344      3C8B7D76 
 1344      5AD6FC0C 
 1344      A7E7
 1345 098b 3947BACD 		.ascii	"9G\272\315\221\236\342M\3658\235\231\331>\227;\313\352"
 1345      919EE24D 
 1345      F5389D99 
 1345      D93E973B 
 1345      CBEA
 1346 099d 5CB4D8E5 		.ascii	"\\\264\330\345q\3167\332\247\273\335\031\277\024\321"
 1346      71CE37DA 
 1346      A7BBDD19 
 1346      BF14D1
 1347 09ac 3D3EB32B 		.ascii	"=>\263+\234i\272\327\221>\037\362\214\261\333\275N\237"
 1347      9C69BAD7 
 1347      913E1FF2 
 1347      8CB1DBBD 
 1347      4E9F
 1348 09be 7D7AB26D 		.ascii	"}z\262mf\2525%&-\343\355\264\245^\273++\303\225\345"
 1348      66AA3525 
 1348      262DE3ED 
 1348      B4A55EBB 
 1348      2B2BC395 
 1349 09d3 9CF4B3EB 		.ascii	"\234\364\263\353\226\351uy\355\013\034\016p8Z\243\272"
 1349      96E97579 
 1349      ED0B1C0E 
 1349      70385AA3 
 1349      BA
 1350 09e4 382BC3ED 		.ascii	"8+\303\355X\370\224\354\200\311(\273}\001DL\265\245"
 1350      58F894EC 
 1350      80C928BB 
 1350      7D01444C 
 1350      B5A5
 1351 09f6 4689D8D0 		.ascii	"F\211\330\320S\034\351i\236\221\232R\204]\224\234\372"
ARM GAS  /tmp/cc80ENu1.s 			page 48


 1351      531CE969 
 1351      9E919A52 
 1351      845D949C 
 1351      FA
 1352 0a07 2F39FB02 		.ascii	"/9\373\002j"
 1352      6A
 1353              		.text
 1354              		.section	.gnu.lto_.symtab.537656ec910b75e4,"e",%progbits
 1355 0000 5356435F 		.ascii	"SVC_Handler\000"
 1355      48616E64 
 1355      6C657200 
 1356 000c 00       		.ascii	"\000"
 1357 000d 00       		.ascii	"\000"
 1358 000e 00       		.ascii	"\000"
 1359 000f 00000000 		.ascii	"\000\000\000\000\000\000\000\000"
 1359      00000000 
 1360 0017 3E010000 		.ascii	">\001\000\000"
 1361 001b 5F706F72 		.ascii	"_port_irq_epilogue\000"
 1361      745F6972 
 1361      715F6570 
 1361      696C6F67 
 1361      756500
 1362 002e 00       		.ascii	"\000"
 1363 002f 00       		.ascii	"\000"
 1364 0030 00       		.ascii	"\000"
 1365 0031 00000000 		.ascii	"\000\000\000\000\000\000\000\000"
 1365      00000000 
 1366 0039 37010000 		.ascii	"7\001\000\000"
 1367 003d 5F706F72 		.ascii	"_port_switch_from_isr\000"
 1367      745F7377 
 1367      69746368 
 1367      5F66726F 
 1367      6D5F6973 
 1368 0053 00       		.ascii	"\000"
 1369 0054 02       		.ascii	"\002"
 1370 0055 00       		.ascii	"\000"
 1371 0056 00000000 		.ascii	"\000\000\000\000\000\000\000\000"
 1371      00000000 
 1372 005e 3A010000 		.ascii	":\001\000\000"
 1373 0062 5F706F72 		.ascii	"_port_exit_from_isr\000"
 1373      745F6578 
 1373      69745F66 
 1373      726F6D5F 
 1373      69737200 
 1374 0076 00       		.ascii	"\000"
 1375 0077 02       		.ascii	"\002"
 1376 0078 00       		.ascii	"\000"
 1377 0079 00000000 		.ascii	"\000\000\000\000\000\000\000\000"
 1377      00000000 
 1378 0081 3C010000 		.ascii	"<\001\000\000"
 1379 0085 63685363 		.ascii	"chSchIsPreemptionRequired\000"
 1379      68497350 
 1379      7265656D 
 1379      7074696F 
 1379      6E526571 
 1380 009f 00       		.ascii	"\000"
 1381 00a0 02       		.ascii	"\002"
ARM GAS  /tmp/cc80ENu1.s 			page 49


 1382 00a1 00       		.ascii	"\000"
 1383 00a2 00000000 		.ascii	"\000\000\000\000\000\000\000\000"
 1383      00000000 
 1384 00aa 45010000 		.ascii	"E\001\000\000"
 1385              		.text
 1386              		.section	.gnu.lto_.ext_symtab.537656ec910b75e4,"e",%progbits
 1387 0000 01       		.ascii	"\001"
 1388 0001 01       		.ascii	"\001"
 1389 0002 00       		.ascii	"\000"
 1390 0003 01       		.ascii	"\001"
 1391 0004 00       		.ascii	"\000"
 1392 0005 01       		.ascii	"\001"
 1393 0006 00       		.ascii	"\000"
 1394 0007 01       		.ascii	"\001"
 1395 0008 00       		.ascii	"\000"
 1396 0009 01       		.ascii	"\001"
 1397 000a 00       		.ascii	"\000"
 1398              		.text
 1399              		.section	.gnu.lto_.opts,"e",%progbits
 1400 0000 272D666E 		.ascii	"'-fno-openmp' '-fno-openacc' '-fno-pie' '-fcf-prote"
 1400      6F2D6F70 
 1400      656E6D70 
 1400      2720272D 
 1400      666E6F2D 
 1401 0033 6374696F 		.ascii	"ction=none' '-g' '-mcpu=cortex-m4' '-mthumb' '-mflo"
 1401      6E3D6E6F 
 1401      6E652720 
 1401      272D6727 
 1401      20272D6D 
 1402 0066 61742D61 		.ascii	"at-abi=soft' '-mlibarch=armv7e-m' '-march=armv7e-m'"
 1402      62693D73 
 1402      6F667427 
 1402      20272D6D 
 1402      6C696261 
 1403 0099 20272D4F 		.ascii	" '-O2' '-fomit-frame-pointer' '-falign-functions=16"
 1403      32272027 
 1403      2D666F6D 
 1403      69742D66 
 1403      72616D65 
 1404 00cc 2720272D 		.ascii	"' '-ffunction-sections' '-fdata-sections' '-fno-com"
 1404      6666756E 
 1404      6374696F 
 1404      6E2D7365 
 1404      6374696F 
 1405 00ff 6D6F6E27 		.ascii	"mon' '-flto' '-Xassembler' '-alms=./build/lst/chcor"
 1405      20272D66 
 1405      6C746F27 
 1405      20272D58 
 1405      61737365 
 1406 0132 655F7637 		.ascii	"e_v7m.lst'\000"
 1406      6D2E6C73 
 1406      742700
 1407              		.text
 1408              		.comm	__gnu_lto_slim,1,1
 1409              		.ident	"GCC: (15:13.2.rel1-2) 13.2.1 20231009"
ARM GAS  /tmp/cc80ENu1.s 			page 50


DEFINED SYMBOLS
                            *ABS*:00000000 chcore_v7m.c
     /tmp/cc80ENu1.s:25     .gnu.debuglto_.debug_info:00000000 chcore_v7m.c.1a15cb5f
                            *COM*:00000001 __gnu_lto_slim

NO UNDEFINED SYMBOLS
