ARM GAS  /tmp/ccsbMH7i.s 			page 1


   1              		.cpu cortex-m4
   2              		.arch armv7e-m
   3              		.fpu softvfp
   4              		.eabi_attribute 20, 1
   5              		.eabi_attribute 21, 1
   6              		.eabi_attribute 23, 3
   7              		.eabi_attribute 24, 1
   8              		.eabi_attribute 25, 1
   9              		.eabi_attribute 26, 1
  10              		.eabi_attribute 30, 2
  11              		.eabi_attribute 34, 1
  12              		.eabi_attribute 18, 4
  13              		.file	"chtrace.c"
  14              		.section	.gnu.debuglto_.debug_info,"e",%progbits
  15              	.Ldebug_info0:
  16              		.hidden	chtrace.c.3f9fbc5d
  17              		.weak	chtrace.c.3f9fbc5d
  18              	chtrace.c.3f9fbc5d:
  19 0000 76000000 		.4byte	0x76
  20 0004 0500     		.2byte	0x5
  21 0006 01       		.byte	0x1
  22 0007 04       		.byte	0x4
  23 0008 00000000 		.4byte	.Ldebug_abbrev0
  24 000c 02       		.uleb128 0x2
  25 000d A8000000 		.4byte	.LASF12
  26 0011 1D       		.byte	0x1d
  27 0012 44000000 		.4byte	.LASF13
  28 0016 77000000 		.4byte	.LASF14
  29 001a 00000000 		.4byte	.Ldebug_line0
  30 001e 03       		.uleb128 0x3
  31 001f 04       		.byte	0x4
  32 0020 05       		.byte	0x5
  33 0021 696E7400 		.ascii	"int\000"
  34 0025 01       		.uleb128 0x1
  35 0026 04       		.byte	0x4
  36 0027 07       		.byte	0x7
  37 0028 0E000000 		.4byte	.LASF0
  38 002c 01       		.uleb128 0x1
  39 002d 08       		.byte	0x8
  40 002e 05       		.byte	0x5
  41 002f 00000000 		.4byte	.LASF1
  42 0033 01       		.uleb128 0x1
  43 0034 08       		.byte	0x8
  44 0035 04       		.byte	0x4
  45 0036 82010000 		.4byte	.LASF2
  46 003a 01       		.uleb128 0x1
  47 003b 01       		.byte	0x1
  48 003c 06       		.byte	0x6
  49 003d 76010000 		.4byte	.LASF3
  50 0041 01       		.uleb128 0x1
  51 0042 02       		.byte	0x2
  52 0043 05       		.byte	0x5
  53 0044 8E010000 		.4byte	.LASF4
  54 0048 01       		.uleb128 0x1
  55 0049 04       		.byte	0x4
  56 004a 05       		.byte	0x5
  57 004b 6E000000 		.4byte	.LASF5
ARM GAS  /tmp/ccsbMH7i.s 			page 2


  58 004f 01       		.uleb128 0x1
  59 0050 01       		.byte	0x1
  60 0051 08       		.byte	0x8
  61 0052 5B000000 		.4byte	.LASF6
  62 0056 01       		.uleb128 0x1
  63 0057 02       		.byte	0x2
  64 0058 07       		.byte	0x7
  65 0059 63010000 		.4byte	.LASF7
  66 005d 01       		.uleb128 0x1
  67 005e 04       		.byte	0x4
  68 005f 07       		.byte	0x7
  69 0060 1B000000 		.4byte	.LASF8
  70 0064 01       		.uleb128 0x1
  71 0065 08       		.byte	0x8
  72 0066 07       		.byte	0x7
  73 0067 2D000000 		.4byte	.LASF9
  74 006b 01       		.uleb128 0x1
  75 006c 01       		.byte	0x1
  76 006d 08       		.byte	0x8
  77 006e 69000000 		.4byte	.LASF10
  78 0072 01       		.uleb128 0x1
  79 0073 01       		.byte	0x1
  80 0074 02       		.byte	0x2
  81 0075 A2000000 		.4byte	.LASF11
  82 0079 00       		.byte	0
  83              		.section	.gnu.debuglto_.debug_abbrev,"e",%progbits
  84              	.Ldebug_abbrev0:
  85 0000 01       		.uleb128 0x1
  86 0001 24       		.uleb128 0x24
  87 0002 00       		.byte	0
  88 0003 0B       		.uleb128 0xb
  89 0004 0B       		.uleb128 0xb
  90 0005 3E       		.uleb128 0x3e
  91 0006 0B       		.uleb128 0xb
  92 0007 03       		.uleb128 0x3
  93 0008 0E       		.uleb128 0xe
  94 0009 00       		.byte	0
  95 000a 00       		.byte	0
  96 000b 02       		.uleb128 0x2
  97 000c 11       		.uleb128 0x11
  98 000d 01       		.byte	0x1
  99 000e 25       		.uleb128 0x25
 100 000f 0E       		.uleb128 0xe
 101 0010 13       		.uleb128 0x13
 102 0011 0B       		.uleb128 0xb
 103 0012 03       		.uleb128 0x3
 104 0013 0E       		.uleb128 0xe
 105 0014 1B       		.uleb128 0x1b
 106 0015 0E       		.uleb128 0xe
 107 0016 10       		.uleb128 0x10
 108 0017 17       		.uleb128 0x17
 109 0018 00       		.byte	0
 110 0019 00       		.byte	0
 111 001a 03       		.uleb128 0x3
 112 001b 24       		.uleb128 0x24
 113 001c 00       		.byte	0
 114 001d 0B       		.uleb128 0xb
ARM GAS  /tmp/ccsbMH7i.s 			page 3


 115 001e 0B       		.uleb128 0xb
 116 001f 3E       		.uleb128 0x3e
 117 0020 0B       		.uleb128 0xb
 118 0021 03       		.uleb128 0x3
 119 0022 08       		.uleb128 0x8
 120 0023 00       		.byte	0
 121 0024 00       		.byte	0
 122 0025 00       		.byte	0
 123              		.section	.gnu.debuglto_.debug_line,"e",%progbits
 124              	.Ldebug_line0:
 125 0000 2D000000 		.4byte	.LELT0-.LSLT0
 126              	.LSLT0:
 127 0004 0500     		.2byte	0x5
 128 0006 04       		.byte	0x4
 129 0007 00       		.byte	0
 130 0008 25000000 		.4byte	.LELTP0-.LASLTP0
 131              	.LASLTP0:
 132 000c 01       		.byte	0x1
 133 000d 01       		.byte	0x1
 134 000e 01       		.byte	0x1
 135 000f F6       		.byte	0xf6
 136 0010 F2       		.byte	0xf2
 137 0011 0D       		.byte	0xd
 138 0012 00       		.byte	0
 139 0013 01       		.byte	0x1
 140 0014 01       		.byte	0x1
 141 0015 01       		.byte	0x1
 142 0016 01       		.byte	0x1
 143 0017 00       		.byte	0
 144 0018 00       		.byte	0
 145 0019 00       		.byte	0
 146 001a 01       		.byte	0x1
 147 001b 00       		.byte	0
 148 001c 00       		.byte	0
 149 001d 01       		.byte	0x1
 150 001e 01       		.byte	0x1
 151 001f 01       		.uleb128 0x1
 152 0020 1F       		.uleb128 0x1f
 153 0021 01       		.uleb128 0x1
 154 0022 00000000 		.4byte	.LASF15
 155 0026 02       		.byte	0x2
 156 0027 01       		.uleb128 0x1
 157 0028 1F       		.uleb128 0x1f
 158 0029 02       		.uleb128 0x2
 159 002a 0B       		.uleb128 0xb
 160 002b 01       		.uleb128 0x1
 161 002c 2B000000 		.4byte	.LASF16
 162 0030 00       		.byte	0
 163              	.LELTP0:
 164              	.LELT0:
 165              		.section	.gnu.debuglto_.debug_str,"eMS",%progbits,1
 166              	.LASF1:
 167 0000 6C6F6E67 		.ascii	"long long int\000"
 167      206C6F6E 
 167      6720696E 
 167      7400
 168              	.LASF0:
ARM GAS  /tmp/ccsbMH7i.s 			page 4


 169 000e 756E7369 		.ascii	"unsigned int\000"
 169      676E6564 
 169      20696E74 
 169      00
 170              	.LASF8:
 171 001b 6C6F6E67 		.ascii	"long unsigned int\000"
 171      20756E73 
 171      69676E65 
 171      6420696E 
 171      7400
 172              	.LASF9:
 173 002d 6C6F6E67 		.ascii	"long long unsigned int\000"
 173      206C6F6E 
 173      6720756E 
 173      7369676E 
 173      65642069 
 174              	.LASF13:
 175 0044 2E2E2F6F 		.ascii	"../os/rt/src/chtrace.c\000"
 175      732F7274 
 175      2F737263 
 175      2F636874 
 175      72616365 
 176              	.LASF6:
 177 005b 756E7369 		.ascii	"unsigned char\000"
 177      676E6564 
 177      20636861 
 177      7200
 178              	.LASF10:
 179 0069 63686172 		.ascii	"char\000"
 179      00
 180              	.LASF5:
 181 006e 6C6F6E67 		.ascii	"long int\000"
 181      20696E74 
 181      00
 182              	.LASF14:
 183 0077 2F686F6D 		.ascii	"/home/mayank/chibios-workspace/ChibiOS/app\000"
 183      652F6D61 
 183      79616E6B 
 183      2F636869 
 183      62696F73 
 184              	.LASF11:
 185 00a2 5F426F6F 		.ascii	"_Bool\000"
 185      6C00
 186              	.LASF12:
 187 00a8 474E5520 		.ascii	"GNU C17 13.2.1 20231009 -mcpu=cortex-m4 -mthumb -mf"
 187      43313720 
 187      31332E32 
 187      2E312032 
 187      30323331 
 188 00db 6C6F6174 		.ascii	"loat-abi=soft -march=armv7e-m -ggdb -O2 -fomit-fram"
 188      2D616269 
 188      3D736F66 
 188      74202D6D 
 188      61726368 
 189 010e 652D706F 		.ascii	"e-pointer -falign-functions=16 -ffunction-sections "
 189      696E7465 
 189      72202D66 
ARM GAS  /tmp/ccsbMH7i.s 			page 5


 189      616C6967 
 189      6E2D6675 
 190 0141 2D666461 		.ascii	"-fdata-sections -fno-common -flto\000"
 190      74612D73 
 190      65637469 
 190      6F6E7320 
 190      2D666E6F 
 191              	.LASF7:
 192 0163 73686F72 		.ascii	"short unsigned int\000"
 192      7420756E 
 192      7369676E 
 192      65642069 
 192      6E7400
 193              	.LASF3:
 194 0176 7369676E 		.ascii	"signed char\000"
 194      65642063 
 194      68617200 
 195              	.LASF2:
 196 0182 6C6F6E67 		.ascii	"long double\000"
 196      20646F75 
 196      626C6500 
 197              	.LASF4:
 198 018e 73686F72 		.ascii	"short int\000"
 198      7420696E 
 198      7400
 199              		.section	.gnu.debuglto_.debug_line_str,"eMS",%progbits,1
 200              	.LASF15:
 201 0000 2F686F6D 		.ascii	"/home/mayank/chibios-workspace/ChibiOS/app\000"
 201      652F6D61 
 201      79616E6B 
 201      2F636869 
 201      62696F73 
 202              	.LASF16:
 203 002b 2E2E2F6F 		.ascii	"../os/rt/src/chtrace.c\000"
 203      732F7274 
 203      2F737263 
 203      2F636874 
 203      72616365 
 204              		.text
 205              		.section	.gnu.lto_.profile.faf191d231500e71,"e",%progbits
 206 0000 789C6362 		.ascii	"x\234cb\000\001\000\000\022\000\003"
 206      00010000 
 206      120003
 207              		.text
 208              		.section	.gnu.lto_.icf.faf191d231500e71,"e",%progbits
 209 0000 789C6362 		.ascii	"x\234cb@\006\000\000*\000\003"
 209      40060000 
 209      2A0003
 210              		.text
 211              		.section	.gnu.lto_.ipa_sra.faf191d231500e71,"e",%progbits
 212 0000 789C6362 		.ascii	"x\234cb@\006\000\000*\000\003"
 212      40060000 
 212      2A0003
 213              		.text
 214              		.section	.gnu.lto_.inline.faf191d231500e71,"e",%progbits
 215 0000 789C6362 		.ascii	"x\234cb@\006\000\000*\000\003"
 215      40060000 
ARM GAS  /tmp/ccsbMH7i.s 			page 6


 215      2A0003
 216              		.text
 217              		.section	.gnu.lto_.jmpfuncs.faf191d231500e71,"e",%progbits
 218 0000 789C6362 		.ascii	"x\234cb@\006\000\000*\000\003"
 218      40060000 
 218      2A0003
 219              		.text
 220              		.section	.gnu.lto_.pureconst.faf191d231500e71,"e",%progbits
 221 0000 789C6364 		.ascii	"x\234cd\000\002\000\000\012\000\002"
 221      00020000 
 221      0A0002
 222              		.text
 223              		.section	.gnu.lto_.ipa_modref.faf191d231500e71,"e",%progbits
 224 0000 789C6362 		.ascii	"x\234cb@\006\000\000*\000\003"
 224      40060000 
 224      2A0003
 225              		.text
 226              		.section	.gnu.lto_.lto.faf191d231500e71,"e",%progbits
 227 0000 0D000000 		.ascii	"\015\000\000\000\001\000\000\000"
 227      01000000 
 228              		.text
 229              		.section	.gnu.lto_.symbol_nodes.faf191d231500e71,"e",%progbits
 230 0000 789C6362 		.ascii	"x\234cb\000\001\000\000\022\000\003"
 230      00010000 
 230      120003
 231              		.text
 232              		.section	.gnu.lto_.refs.faf191d231500e71,"e",%progbits
 233 0000 789C6364 		.ascii	"x\234cd\000\002\000\000\012\000\002"
 233      00020000 
 233      0A0002
 234              		.text
 235              		.section	.gnu.lto_.decls.faf191d231500e71,"e",%progbits
 236 0000 789C6360 		.ascii	"x\234c````\004b\036 \376\017\004 \366u\006(\000\000"
 236      60606004 
 236      621E20FE 
 236      0F0420F6 
 236      75062800 
 237 0015 469004E2 		.ascii	"F\220\004\342"
 238              		.text
 239              		.section	.gnu.lto_.symtab.faf191d231500e71,"e",%progbits
 240              		.text
 241              		.section	.gnu.lto_.ext_symtab.faf191d231500e71,"e",%progbits
 242 0000 01       		.ascii	"\001"
 243              		.text
 244              		.section	.gnu.lto_.opts,"e",%progbits
 245 0000 272D666E 		.ascii	"'-fno-openmp' '-fno-openacc' '-fno-pie' '-fcf-prote"
 245      6F2D6F70 
 245      656E6D70 
 245      2720272D 
 245      666E6F2D 
 246 0033 6374696F 		.ascii	"ction=none' '-g' '-mcpu=cortex-m4' '-mthumb' '-mflo"
 246      6E3D6E6F 
 246      6E652720 
 246      272D6727 
 246      20272D6D 
 247 0066 61742D61 		.ascii	"at-abi=soft' '-mlibarch=armv7e-m' '-march=armv7e-m'"
 247      62693D73 
ARM GAS  /tmp/ccsbMH7i.s 			page 7


 247      6F667427 
 247      20272D6D 
 247      6C696261 
 248 0099 20272D4F 		.ascii	" '-O2' '-fomit-frame-pointer' '-falign-functions=16"
 248      32272027 
 248      2D666F6D 
 248      69742D66 
 248      72616D65 
 249 00cc 2720272D 		.ascii	"' '-ffunction-sections' '-fdata-sections' '-fno-com"
 249      6666756E 
 249      6374696F 
 249      6E2D7365 
 249      6374696F 
 250 00ff 6D6F6E27 		.ascii	"mon' '-flto' '-Xassembler' '-alms=./build/lst/chtra"
 250      20272D66 
 250      6C746F27 
 250      20272D58 
 250      61737365 
 251 0132 63652E6C 		.ascii	"ce.lst'\000"
 251      73742700 
 252              		.text
 253              		.comm	__gnu_lto_slim,1,1
 254              		.ident	"GCC: (15:13.2.rel1-2) 13.2.1 20231009"
ARM GAS  /tmp/ccsbMH7i.s 			page 8


DEFINED SYMBOLS
                            *ABS*:00000000 chtrace.c
     /tmp/ccsbMH7i.s:18     .gnu.debuglto_.debug_info:00000000 chtrace.c.3f9fbc5d
                            *COM*:00000001 __gnu_lto_slim

NO UNDEFINED SYMBOLS
