ARM GAS  /tmp/ccxlqwqK.s 			page 1


   1              		.cpu cortex-m4
   2              		.arch armv7e-m
   3              		.fpu softvfp
   4              		.eabi_attribute 20, 1
   5              		.eabi_attribute 21, 1
   6              		.eabi_attribute 23, 3
   7              		.eabi_attribute 24, 1
   8              		.eabi_attribute 25, 1
   9              		.eabi_attribute 26, 1
  10              		.eabi_attribute 30, 2
  11              		.eabi_attribute 34, 1
  12              		.eabi_attribute 18, 4
  13              		.file	"crt1.c"
  14              		.file 1 "../os/common/startup/ARMCMx/compilers/GCC/crt1.c"
  15              		.file 2 "/usr/lib/gcc/arm-none-eabi/13.2.1/include/stdint.h"
  16              		.section	.gnu.debuglto_.debug_info,"e",%progbits
  17              	.Ldebug_info0:
  18              		.hidden	crt1.c.5c72c9f2
  19              		.weak	crt1.c.5c72c9f2
  20              	crt1.c.5c72c9f2:
  21 0000 86020000 		.4byte	0x286
  22 0004 0500     		.2byte	0x5
  23 0006 01       		.byte	0x1
  24 0007 04       		.byte	0x4
  25 0008 00000000 		.4byte	.Ldebug_abbrev0
  26 000c 09       		.uleb128 0x9
  27 000d 33020000 		.4byte	.LASF51
  28 0011 1D       		.byte	0x1d
  29 0012 E9000000 		.4byte	.LASF52
  30 0016 3D000000 		.4byte	.LASF53
  31 001a 00000000 		.4byte	.Ldebug_line0
  32 001e 02       		.uleb128 0x2
  33 001f 01       		.byte	0x1
  34 0020 06       		.byte	0x6
  35 0021 19040000 		.4byte	.LASF0
  36 0025 02       		.uleb128 0x2
  37 0026 02       		.byte	0x2
  38 0027 05       		.byte	0x5
  39 0028 CF030000 		.4byte	.LASF1
  40 002c 02       		.uleb128 0x2
  41 002d 04       		.byte	0x4
  42 002e 05       		.byte	0x5
  43 002f 00040000 		.4byte	.LASF2
  44 0033 02       		.uleb128 0x2
  45 0034 08       		.byte	0x8
  46 0035 05       		.byte	0x5
  47 0036 7C030000 		.4byte	.LASF3
  48 003a 02       		.uleb128 0x2
  49 003b 01       		.byte	0x1
  50 003c 08       		.byte	0x8
  51 003d E0010000 		.4byte	.LASF4
  52 0041 02       		.uleb128 0x2
  53 0042 02       		.byte	0x2
  54 0043 07       		.byte	0x7
  55 0044 AB000000 		.4byte	.LASF5
  56 0048 06       		.uleb128 0x6
  57 0049 F7030000 		.4byte	.LASF13
ARM GAS  /tmp/ccxlqwqK.s 			page 2


  58 004d 02       		.byte	0x2
  59 004e 34       		.byte	0x34
  60 004f 19       		.byte	0x19
  61 0050 54000000 		.4byte	0x54
  62 0054 02       		.uleb128 0x2
  63 0055 04       		.byte	0x4
  64 0056 07       		.byte	0x7
  65 0057 85010000 		.4byte	.LASF6
  66 005b 02       		.uleb128 0x2
  67 005c 08       		.byte	0x8
  68 005d 07       		.byte	0x7
  69 005e 28030000 		.4byte	.LASF7
  70 0062 0A       		.uleb128 0xa
  71 0063 04       		.byte	0x4
  72 0064 05       		.byte	0x5
  73 0065 696E7400 		.ascii	"int\000"
  74 0069 02       		.uleb128 0x2
  75 006a 04       		.byte	0x4
  76 006b 07       		.byte	0x7
  77 006c 1B030000 		.4byte	.LASF8
  78 0070 0B       		.uleb128 0xb
  79 0071 10       		.byte	0x10
  80 0072 01       		.byte	0x1
  81 0073 35       		.byte	0x35
  82 0074 09       		.byte	0x9
  83 0075 A6000000 		.4byte	0xa6
  84 0079 03       		.uleb128 0x3
  85 007a D9030000 		.4byte	.LASF9
  86 007e 36       		.byte	0x36
  87 007f A6000000 		.4byte	0xa6
  88 0083 00       		.byte	0
  89 0084 03       		.uleb128 0x3
  90 0085 84000000 		.4byte	.LASF10
  91 0089 37       		.byte	0x37
  92 008a A6000000 		.4byte	0xa6
  93 008e 04       		.byte	0x4
  94 008f 03       		.uleb128 0x3
  95 0090 50010000 		.4byte	.LASF11
  96 0094 38       		.byte	0x38
  97 0095 A6000000 		.4byte	0xa6
  98 0099 08       		.byte	0x8
  99 009a 03       		.uleb128 0x3
 100 009b 5F030000 		.4byte	.LASF12
 101 009f 39       		.byte	0x39
 102 00a0 A6000000 		.4byte	0xa6
 103 00a4 0C       		.byte	0xc
 104 00a5 00       		.byte	0
 105 00a6 07       		.uleb128 0x7
 106 00a7 48000000 		.4byte	0x48
 107 00ab 06       		.uleb128 0x6
 108 00ac 10020000 		.4byte	.LASF14
 109 00b0 01       		.byte	0x1
 110 00b1 3A       		.byte	0x3a
 111 00b2 03       		.byte	0x3
 112 00b3 70000000 		.4byte	0x70
 113 00b7 08       		.uleb128 0x8
 114 00b8 AB000000 		.4byte	0xab
ARM GAS  /tmp/ccxlqwqK.s 			page 3


 115 00bc 01       		.uleb128 0x1
 116 00bd 98000000 		.4byte	.LASF15
 117 00c1 41       		.byte	0x41
 118 00c2 11       		.byte	0x11
 119 00c3 48000000 		.4byte	0x48
 120 00c7 01       		.uleb128 0x1
 121 00c8 97010000 		.4byte	.LASF16
 122 00cc 41       		.byte	0x41
 123 00cd 25       		.byte	0x25
 124 00ce 48000000 		.4byte	0x48
 125 00d2 01       		.uleb128 0x1
 126 00d3 E8030000 		.4byte	.LASF17
 127 00d7 41       		.byte	0x41
 128 00d8 34       		.byte	0x34
 129 00d9 48000000 		.4byte	0x48
 130 00dd 01       		.uleb128 0x1
 131 00de 2D000000 		.4byte	.LASF18
 132 00e2 41       		.byte	0x41
 133 00e3 44       		.byte	0x44
 134 00e4 48000000 		.4byte	0x48
 135 00e8 01       		.uleb128 0x1
 136 00e9 9A030000 		.4byte	.LASF19
 137 00ed 44       		.byte	0x44
 138 00ee 11       		.byte	0x11
 139 00ef 48000000 		.4byte	0x48
 140 00f3 01       		.uleb128 0x1
 141 00f4 CD000000 		.4byte	.LASF20
 142 00f8 44       		.byte	0x44
 143 00f9 25       		.byte	0x25
 144 00fa 48000000 		.4byte	0x48
 145 00fe 01       		.uleb128 0x1
 146 00ff B3010000 		.4byte	.LASF21
 147 0103 44       		.byte	0x44
 148 0104 34       		.byte	0x34
 149 0105 48000000 		.4byte	0x48
 150 0109 01       		.uleb128 0x1
 151 010a 09040000 		.4byte	.LASF22
 152 010e 44       		.byte	0x44
 153 010f 44       		.byte	0x44
 154 0110 48000000 		.4byte	0x48
 155 0114 01       		.uleb128 0x1
 156 0115 FD010000 		.4byte	.LASF23
 157 0119 47       		.byte	0x47
 158 011a 11       		.byte	0x11
 159 011b 48000000 		.4byte	0x48
 160 011f 01       		.uleb128 0x1
 161 0120 11000000 		.4byte	.LASF24
 162 0124 47       		.byte	0x47
 163 0125 25       		.byte	0x25
 164 0126 48000000 		.4byte	0x48
 165 012a 01       		.uleb128 0x1
 166 012b AD030000 		.4byte	.LASF25
 167 012f 47       		.byte	0x47
 168 0130 34       		.byte	0x34
 169 0131 48000000 		.4byte	0x48
 170 0135 01       		.uleb128 0x1
 171 0136 8A030000 		.4byte	.LASF26
ARM GAS  /tmp/ccxlqwqK.s 			page 4


 172 013a 47       		.byte	0x47
 173 013b 44       		.byte	0x44
 174 013c 48000000 		.4byte	0x48
 175 0140 01       		.uleb128 0x1
 176 0141 3D010000 		.4byte	.LASF27
 177 0145 4A       		.byte	0x4a
 178 0146 11       		.byte	0x11
 179 0147 48000000 		.4byte	0x48
 180 014b 01       		.uleb128 0x1
 181 014c D2010000 		.4byte	.LASF28
 182 0150 4A       		.byte	0x4a
 183 0151 25       		.byte	0x25
 184 0152 48000000 		.4byte	0x48
 185 0156 01       		.uleb128 0x1
 186 0157 BE000000 		.4byte	.LASF29
 187 015b 4A       		.byte	0x4a
 188 015c 34       		.byte	0x34
 189 015d 48000000 		.4byte	0x48
 190 0161 01       		.uleb128 0x1
 191 0162 6C030000 		.4byte	.LASF30
 192 0166 4A       		.byte	0x4a
 193 0167 44       		.byte	0x44
 194 0168 48000000 		.4byte	0x48
 195 016c 01       		.uleb128 0x1
 196 016d BC030000 		.4byte	.LASF31
 197 0171 4D       		.byte	0x4d
 198 0172 11       		.byte	0x11
 199 0173 48000000 		.4byte	0x48
 200 0177 01       		.uleb128 0x1
 201 0178 EE020000 		.4byte	.LASF32
 202 017c 4D       		.byte	0x4d
 203 017d 25       		.byte	0x25
 204 017e 48000000 		.4byte	0x48
 205 0182 01       		.uleb128 0x1
 206 0183 FC020000 		.4byte	.LASF33
 207 0187 4D       		.byte	0x4d
 208 0188 34       		.byte	0x34
 209 0189 48000000 		.4byte	0x48
 210 018d 01       		.uleb128 0x1
 211 018e 0B030000 		.4byte	.LASF34
 212 0192 4D       		.byte	0x4d
 213 0193 44       		.byte	0x44
 214 0194 48000000 		.4byte	0x48
 215 0198 01       		.uleb128 0x1
 216 0199 20020000 		.4byte	.LASF35
 217 019d 50       		.byte	0x50
 218 019e 11       		.byte	0x11
 219 019f 48000000 		.4byte	0x48
 220 01a3 01       		.uleb128 0x1
 221 01a4 A5010000 		.4byte	.LASF36
 222 01a8 50       		.byte	0x50
 223 01a9 25       		.byte	0x25
 224 01aa 48000000 		.4byte	0x48
 225 01ae 01       		.uleb128 0x1
 226 01af 25040000 		.4byte	.LASF37
 227 01b3 50       		.byte	0x50
 228 01b4 34       		.byte	0x34
ARM GAS  /tmp/ccxlqwqK.s 			page 5


 229 01b5 48000000 		.4byte	0x48
 230 01b9 01       		.uleb128 0x1
 231 01ba C2010000 		.4byte	.LASF38
 232 01be 50       		.byte	0x50
 233 01bf 44       		.byte	0x44
 234 01c0 48000000 		.4byte	0x48
 235 01c4 01       		.uleb128 0x1
 236 01c5 1A010000 		.4byte	.LASF39
 237 01c9 53       		.byte	0x53
 238 01ca 11       		.byte	0x11
 239 01cb 48000000 		.4byte	0x48
 240 01cf 01       		.uleb128 0x1
 241 01d0 DB000000 		.4byte	.LASF40
 242 01d4 53       		.byte	0x53
 243 01d5 25       		.byte	0x25
 244 01d6 48000000 		.4byte	0x48
 245 01da 01       		.uleb128 0x1
 246 01db 67010000 		.4byte	.LASF41
 247 01df 53       		.byte	0x53
 248 01e0 34       		.byte	0x34
 249 01e1 48000000 		.4byte	0x48
 250 01e5 01       		.uleb128 0x1
 251 01e6 2D010000 		.4byte	.LASF42
 252 01ea 53       		.byte	0x53
 253 01eb 44       		.byte	0x44
 254 01ec 48000000 		.4byte	0x48
 255 01f0 01       		.uleb128 0x1
 256 01f1 3F030000 		.4byte	.LASF43
 257 01f5 56       		.byte	0x56
 258 01f6 11       		.byte	0x11
 259 01f7 48000000 		.4byte	0x48
 260 01fb 01       		.uleb128 0x1
 261 01fc 1F000000 		.4byte	.LASF44
 262 0200 56       		.byte	0x56
 263 0201 25       		.byte	0x25
 264 0202 48000000 		.4byte	0x48
 265 0206 01       		.uleb128 0x1
 266 0207 76010000 		.4byte	.LASF45
 267 020b 56       		.byte	0x56
 268 020c 34       		.byte	0x34
 269 020d 48000000 		.4byte	0x48
 270 0211 01       		.uleb128 0x1
 271 0212 74000000 		.4byte	.LASF46
 272 0216 56       		.byte	0x56
 273 0217 44       		.byte	0x44
 274 0218 48000000 		.4byte	0x48
 275 021c 0C       		.uleb128 0xc
 276 021d B7000000 		.4byte	0xb7
 277 0221 2C020000 		.4byte	0x22c
 278 0225 0D       		.uleb128 0xd
 279 0226 69000000 		.4byte	0x69
 280 022a 07       		.byte	0x7
 281 022b 00       		.byte	0
 282 022c 08       		.uleb128 0x8
 283 022d 1C020000 		.4byte	0x21c
 284 0231 0E       		.uleb128 0xe
 285 0232 8E000000 		.4byte	.LASF47
ARM GAS  /tmp/ccxlqwqK.s 			page 6


 286 0236 01       		.byte	0x1
 287 0237 5D       		.byte	0x5d
 288 0238 1E       		.byte	0x1e
 289 0239 2C020000 		.4byte	0x22c
 290 023d 0F       		.uleb128 0xf
 291 023e 00000000 		.4byte	.LASF54
 292 0242 01       		.byte	0x1
 293 0243 C1       		.byte	0xc1
 294 0244 06       		.byte	0x6
 295 0245 6A020000 		.4byte	0x26a
 296 0249 04       		.uleb128 0x4
 297 024a 72617000 		.ascii	"rap\000"
 298 024e C3       		.byte	0xc3
 299 024f 1A       		.byte	0x1a
 300 0250 6A020000 		.4byte	0x26a
 301 0254 10       		.uleb128 0x10
 302 0255 04       		.uleb128 0x4
 303 0256 747000   		.ascii	"tp\000"
 304 0259 C6       		.byte	0xc6
 305 025a 0F       		.byte	0xf
 306 025b A6000000 		.4byte	0xa6
 307 025f 04       		.uleb128 0x4
 308 0260 7000     		.ascii	"p\000"
 309 0262 C7       		.byte	0xc7
 310 0263 0F       		.byte	0xf
 311 0264 A6000000 		.4byte	0xa6
 312 0268 00       		.byte	0
 313 0269 00       		.byte	0
 314 026a 07       		.uleb128 0x7
 315 026b B7000000 		.4byte	0xb7
 316 026f 11       		.uleb128 0x11
 317 0270 EE010000 		.4byte	.LASF55
 318 0274 01       		.byte	0x1
 319 0275 B7       		.byte	0xb7
 320 0276 06       		.byte	0x6
 321 0277 05       		.uleb128 0x5
 322 0278 5B010000 		.4byte	.LASF48
 323 027c AA       		.byte	0xaa
 324 027d 05       		.uleb128 0x5
 325 027e 52030000 		.4byte	.LASF49
 326 0282 9C       		.byte	0x9c
 327 0283 05       		.uleb128 0x5
 328 0284 68000000 		.4byte	.LASF50
 329 0288 89       		.byte	0x89
 330 0289 00       		.byte	0
 331              		.section	.gnu.debuglto_.debug_abbrev,"e",%progbits
 332              	.Ldebug_abbrev0:
 333 0000 01       		.uleb128 0x1
 334 0001 34       		.uleb128 0x34
 335 0002 00       		.byte	0
 336 0003 03       		.uleb128 0x3
 337 0004 0E       		.uleb128 0xe
 338 0005 3A       		.uleb128 0x3a
 339 0006 21       		.uleb128 0x21
 340 0007 01       		.sleb128 1
 341 0008 3B       		.uleb128 0x3b
 342 0009 0B       		.uleb128 0xb
ARM GAS  /tmp/ccxlqwqK.s 			page 7


 343 000a 39       		.uleb128 0x39
 344 000b 0B       		.uleb128 0xb
 345 000c 49       		.uleb128 0x49
 346 000d 13       		.uleb128 0x13
 347 000e 3F       		.uleb128 0x3f
 348 000f 19       		.uleb128 0x19
 349 0010 3C       		.uleb128 0x3c
 350 0011 19       		.uleb128 0x19
 351 0012 00       		.byte	0
 352 0013 00       		.byte	0
 353 0014 02       		.uleb128 0x2
 354 0015 24       		.uleb128 0x24
 355 0016 00       		.byte	0
 356 0017 0B       		.uleb128 0xb
 357 0018 0B       		.uleb128 0xb
 358 0019 3E       		.uleb128 0x3e
 359 001a 0B       		.uleb128 0xb
 360 001b 03       		.uleb128 0x3
 361 001c 0E       		.uleb128 0xe
 362 001d 00       		.byte	0
 363 001e 00       		.byte	0
 364 001f 03       		.uleb128 0x3
 365 0020 0D       		.uleb128 0xd
 366 0021 00       		.byte	0
 367 0022 03       		.uleb128 0x3
 368 0023 0E       		.uleb128 0xe
 369 0024 3A       		.uleb128 0x3a
 370 0025 21       		.uleb128 0x21
 371 0026 01       		.sleb128 1
 372 0027 3B       		.uleb128 0x3b
 373 0028 0B       		.uleb128 0xb
 374 0029 39       		.uleb128 0x39
 375 002a 21       		.uleb128 0x21
 376 002b 1A       		.sleb128 26
 377 002c 49       		.uleb128 0x49
 378 002d 13       		.uleb128 0x13
 379 002e 38       		.uleb128 0x38
 380 002f 0B       		.uleb128 0xb
 381 0030 00       		.byte	0
 382 0031 00       		.byte	0
 383 0032 04       		.uleb128 0x4
 384 0033 34       		.uleb128 0x34
 385 0034 00       		.byte	0
 386 0035 03       		.uleb128 0x3
 387 0036 08       		.uleb128 0x8
 388 0037 3A       		.uleb128 0x3a
 389 0038 21       		.uleb128 0x21
 390 0039 01       		.sleb128 1
 391 003a 3B       		.uleb128 0x3b
 392 003b 0B       		.uleb128 0xb
 393 003c 39       		.uleb128 0x39
 394 003d 0B       		.uleb128 0xb
 395 003e 49       		.uleb128 0x49
 396 003f 13       		.uleb128 0x13
 397 0040 00       		.byte	0
 398 0041 00       		.byte	0
 399 0042 05       		.uleb128 0x5
ARM GAS  /tmp/ccxlqwqK.s 			page 8


 400 0043 2E       		.uleb128 0x2e
 401 0044 00       		.byte	0
 402 0045 3F       		.uleb128 0x3f
 403 0046 19       		.uleb128 0x19
 404 0047 03       		.uleb128 0x3
 405 0048 0E       		.uleb128 0xe
 406 0049 3A       		.uleb128 0x3a
 407 004a 21       		.uleb128 0x21
 408 004b 01       		.sleb128 1
 409 004c 3B       		.uleb128 0x3b
 410 004d 0B       		.uleb128 0xb
 411 004e 39       		.uleb128 0x39
 412 004f 21       		.uleb128 0x21
 413 0050 06       		.sleb128 6
 414 0051 27       		.uleb128 0x27
 415 0052 19       		.uleb128 0x19
 416 0053 00       		.byte	0
 417 0054 00       		.byte	0
 418 0055 06       		.uleb128 0x6
 419 0056 16       		.uleb128 0x16
 420 0057 00       		.byte	0
 421 0058 03       		.uleb128 0x3
 422 0059 0E       		.uleb128 0xe
 423 005a 3A       		.uleb128 0x3a
 424 005b 0B       		.uleb128 0xb
 425 005c 3B       		.uleb128 0x3b
 426 005d 0B       		.uleb128 0xb
 427 005e 39       		.uleb128 0x39
 428 005f 0B       		.uleb128 0xb
 429 0060 49       		.uleb128 0x49
 430 0061 13       		.uleb128 0x13
 431 0062 00       		.byte	0
 432 0063 00       		.byte	0
 433 0064 07       		.uleb128 0x7
 434 0065 0F       		.uleb128 0xf
 435 0066 00       		.byte	0
 436 0067 0B       		.uleb128 0xb
 437 0068 21       		.uleb128 0x21
 438 0069 04       		.sleb128 4
 439 006a 49       		.uleb128 0x49
 440 006b 13       		.uleb128 0x13
 441 006c 00       		.byte	0
 442 006d 00       		.byte	0
 443 006e 08       		.uleb128 0x8
 444 006f 26       		.uleb128 0x26
 445 0070 00       		.byte	0
 446 0071 49       		.uleb128 0x49
 447 0072 13       		.uleb128 0x13
 448 0073 00       		.byte	0
 449 0074 00       		.byte	0
 450 0075 09       		.uleb128 0x9
 451 0076 11       		.uleb128 0x11
 452 0077 01       		.byte	0x1
 453 0078 25       		.uleb128 0x25
 454 0079 0E       		.uleb128 0xe
 455 007a 13       		.uleb128 0x13
 456 007b 0B       		.uleb128 0xb
ARM GAS  /tmp/ccxlqwqK.s 			page 9


 457 007c 03       		.uleb128 0x3
 458 007d 0E       		.uleb128 0xe
 459 007e 1B       		.uleb128 0x1b
 460 007f 0E       		.uleb128 0xe
 461 0080 10       		.uleb128 0x10
 462 0081 17       		.uleb128 0x17
 463 0082 00       		.byte	0
 464 0083 00       		.byte	0
 465 0084 0A       		.uleb128 0xa
 466 0085 24       		.uleb128 0x24
 467 0086 00       		.byte	0
 468 0087 0B       		.uleb128 0xb
 469 0088 0B       		.uleb128 0xb
 470 0089 3E       		.uleb128 0x3e
 471 008a 0B       		.uleb128 0xb
 472 008b 03       		.uleb128 0x3
 473 008c 08       		.uleb128 0x8
 474 008d 00       		.byte	0
 475 008e 00       		.byte	0
 476 008f 0B       		.uleb128 0xb
 477 0090 13       		.uleb128 0x13
 478 0091 01       		.byte	0x1
 479 0092 0B       		.uleb128 0xb
 480 0093 0B       		.uleb128 0xb
 481 0094 3A       		.uleb128 0x3a
 482 0095 0B       		.uleb128 0xb
 483 0096 3B       		.uleb128 0x3b
 484 0097 0B       		.uleb128 0xb
 485 0098 39       		.uleb128 0x39
 486 0099 0B       		.uleb128 0xb
 487 009a 01       		.uleb128 0x1
 488 009b 13       		.uleb128 0x13
 489 009c 00       		.byte	0
 490 009d 00       		.byte	0
 491 009e 0C       		.uleb128 0xc
 492 009f 01       		.uleb128 0x1
 493 00a0 01       		.byte	0x1
 494 00a1 49       		.uleb128 0x49
 495 00a2 13       		.uleb128 0x13
 496 00a3 01       		.uleb128 0x1
 497 00a4 13       		.uleb128 0x13
 498 00a5 00       		.byte	0
 499 00a6 00       		.byte	0
 500 00a7 0D       		.uleb128 0xd
 501 00a8 21       		.uleb128 0x21
 502 00a9 00       		.byte	0
 503 00aa 49       		.uleb128 0x49
 504 00ab 13       		.uleb128 0x13
 505 00ac 2F       		.uleb128 0x2f
 506 00ad 0B       		.uleb128 0xb
 507 00ae 00       		.byte	0
 508 00af 00       		.byte	0
 509 00b0 0E       		.uleb128 0xe
 510 00b1 34       		.uleb128 0x34
 511 00b2 00       		.byte	0
 512 00b3 03       		.uleb128 0x3
 513 00b4 0E       		.uleb128 0xe
ARM GAS  /tmp/ccxlqwqK.s 			page 10


 514 00b5 3A       		.uleb128 0x3a
 515 00b6 0B       		.uleb128 0xb
 516 00b7 3B       		.uleb128 0x3b
 517 00b8 0B       		.uleb128 0xb
 518 00b9 39       		.uleb128 0x39
 519 00ba 0B       		.uleb128 0xb
 520 00bb 49       		.uleb128 0x49
 521 00bc 13       		.uleb128 0x13
 522 00bd 00       		.byte	0
 523 00be 00       		.byte	0
 524 00bf 0F       		.uleb128 0xf
 525 00c0 2E       		.uleb128 0x2e
 526 00c1 01       		.byte	0x1
 527 00c2 3F       		.uleb128 0x3f
 528 00c3 19       		.uleb128 0x19
 529 00c4 03       		.uleb128 0x3
 530 00c5 0E       		.uleb128 0xe
 531 00c6 3A       		.uleb128 0x3a
 532 00c7 0B       		.uleb128 0xb
 533 00c8 3B       		.uleb128 0x3b
 534 00c9 0B       		.uleb128 0xb
 535 00ca 39       		.uleb128 0x39
 536 00cb 0B       		.uleb128 0xb
 537 00cc 27       		.uleb128 0x27
 538 00cd 19       		.uleb128 0x19
 539 00ce 01       		.uleb128 0x1
 540 00cf 13       		.uleb128 0x13
 541 00d0 00       		.byte	0
 542 00d1 00       		.byte	0
 543 00d2 10       		.uleb128 0x10
 544 00d3 0B       		.uleb128 0xb
 545 00d4 01       		.byte	0x1
 546 00d5 00       		.byte	0
 547 00d6 00       		.byte	0
 548 00d7 11       		.uleb128 0x11
 549 00d8 2E       		.uleb128 0x2e
 550 00d9 00       		.byte	0
 551 00da 3F       		.uleb128 0x3f
 552 00db 19       		.uleb128 0x19
 553 00dc 03       		.uleb128 0x3
 554 00dd 0E       		.uleb128 0xe
 555 00de 3A       		.uleb128 0x3a
 556 00df 0B       		.uleb128 0xb
 557 00e0 3B       		.uleb128 0x3b
 558 00e1 0B       		.uleb128 0xb
 559 00e2 39       		.uleb128 0x39
 560 00e3 0B       		.uleb128 0xb
 561 00e4 27       		.uleb128 0x27
 562 00e5 19       		.uleb128 0x19
 563 00e6 8701     		.uleb128 0x87
 564 00e8 19       		.uleb128 0x19
 565 00e9 00       		.byte	0
 566 00ea 00       		.byte	0
 567 00eb 00       		.byte	0
 568              		.section	.gnu.debuglto_.debug_line,"e",%progbits
 569              	.Ldebug_line0:
 570 0000 3F000000 		.4byte	.LELT0-.LSLT0
ARM GAS  /tmp/ccxlqwqK.s 			page 11


 571              	.LSLT0:
 572 0004 0500     		.2byte	0x5
 573 0006 04       		.byte	0x4
 574 0007 00       		.byte	0
 575 0008 37000000 		.4byte	.LELTP0-.LASLTP0
 576              	.LASLTP0:
 577 000c 01       		.byte	0x1
 578 000d 01       		.byte	0x1
 579 000e 01       		.byte	0x1
 580 000f F6       		.byte	0xf6
 581 0010 F2       		.byte	0xf2
 582 0011 0D       		.byte	0xd
 583 0012 00       		.byte	0
 584 0013 01       		.byte	0x1
 585 0014 01       		.byte	0x1
 586 0015 01       		.byte	0x1
 587 0016 01       		.byte	0x1
 588 0017 00       		.byte	0
 589 0018 00       		.byte	0
 590 0019 00       		.byte	0
 591 001a 01       		.byte	0x1
 592 001b 00       		.byte	0
 593 001c 00       		.byte	0
 594 001d 01       		.byte	0x1
 595 001e 01       		.byte	0x1
 596 001f 01       		.uleb128 0x1
 597 0020 1F       		.uleb128 0x1f
 598 0021 03       		.uleb128 0x3
 599 0022 07000000 		.4byte	.LASF56
 600 0026 96000000 		.4byte	.LASF57
 601 002a 6C000000 		.4byte	.LASF58
 602 002e 02       		.byte	0x2
 603 002f 01       		.uleb128 0x1
 604 0030 1F       		.uleb128 0x1f
 605 0031 02       		.uleb128 0x2
 606 0032 0B       		.uleb128 0xb
 607 0033 03       		.uleb128 0x3
 608 0034 3B000000 		.4byte	.LASF59
 609 0038 00       		.byte	0
 610 0039 00000000 		.4byte	.LASF60
 611 003d 01       		.byte	0x1
 612 003e 32000000 		.4byte	.LASF61
 613 0042 02       		.byte	0x2
 614              	.LELTP0:
 615              	.LELT0:
 616              		.section	.gnu.debuglto_.debug_str,"eMS",%progbits,1
 617              	.LASF54:
 618 0000 5F5F696E 		.ascii	"__init_ram_areas\000"
 618      69745F72 
 618      616D5F61 
 618      72656173 
 618      00
 619              	.LASF24:
 620 0011 5F5F7261 		.ascii	"__ram2_init__\000"
 620      6D325F69 
 620      6E69745F 
 620      5F00
ARM GAS  /tmp/ccxlqwqK.s 			page 12


 621              	.LASF44:
 622 001f 5F5F7261 		.ascii	"__ram7_init__\000"
 622      6D375F69 
 622      6E69745F 
 622      5F00
 623              	.LASF18:
 624 002d 5F5F7261 		.ascii	"__ram0_noinit__\000"
 624      6D305F6E 
 624      6F696E69 
 624      745F5F00 
 625              	.LASF53:
 626 003d 2F686F6D 		.ascii	"/home/mayank/chibios-workspace/ChibiOS/app\000"
 626      652F6D61 
 626      79616E6B 
 626      2F636869 
 626      62696F73 
 627              	.LASF50:
 628 0068 5F5F636F 		.ascii	"__core_init\000"
 628      72655F69 
 628      6E697400 
 629              	.LASF46:
 630 0074 5F5F7261 		.ascii	"__ram7_noinit__\000"
 630      6D375F6E 
 630      6F696E69 
 630      745F5F00 
 631              	.LASF10:
 632 0084 696E6974 		.ascii	"init_area\000"
 632      5F617265 
 632      6100
 633              	.LASF47:
 634 008e 72616D5F 		.ascii	"ram_areas\000"
 634      61726561 
 634      7300
 635              	.LASF15:
 636 0098 5F5F7261 		.ascii	"__ram0_init_text__\000"
 636      6D305F69 
 636      6E69745F 
 636      74657874 
 636      5F5F00
 637              	.LASF5:
 638 00ab 73686F72 		.ascii	"short unsigned int\000"
 638      7420756E 
 638      7369676E 
 638      65642069 
 638      6E7400
 639              	.LASF29:
 640 00be 5F5F7261 		.ascii	"__ram3_clear__\000"
 640      6D335F63 
 640      6C656172 
 640      5F5F00
 641              	.LASF20:
 642 00cd 5F5F7261 		.ascii	"__ram1_init__\000"
 642      6D315F69 
 642      6E69745F 
 642      5F00
 643              	.LASF40:
 644 00db 5F5F7261 		.ascii	"__ram6_init__\000"
ARM GAS  /tmp/ccxlqwqK.s 			page 13


 644      6D365F69 
 644      6E69745F 
 644      5F00
 645              	.LASF52:
 646 00e9 2E2E2F6F 		.ascii	"../os/common/startup/ARMCMx/compilers/GCC/crt1.c\000"
 646      732F636F 
 646      6D6D6F6E 
 646      2F737461 
 646      72747570 
 647              	.LASF39:
 648 011a 5F5F7261 		.ascii	"__ram6_init_text__\000"
 648      6D365F69 
 648      6E69745F 
 648      74657874 
 648      5F5F00
 649              	.LASF42:
 650 012d 5F5F7261 		.ascii	"__ram6_noinit__\000"
 650      6D365F6E 
 650      6F696E69 
 650      745F5F00 
 651              	.LASF27:
 652 013d 5F5F7261 		.ascii	"__ram3_init_text__\000"
 652      6D335F69 
 652      6E69745F 
 652      74657874 
 652      5F5F00
 653              	.LASF11:
 654 0150 636C6561 		.ascii	"clear_area\000"
 654      725F6172 
 654      656100
 655              	.LASF48:
 656 015b 5F5F6C61 		.ascii	"__late_init\000"
 656      74655F69 
 656      6E697400 
 657              	.LASF41:
 658 0167 5F5F7261 		.ascii	"__ram6_clear__\000"
 658      6D365F63 
 658      6C656172 
 658      5F5F00
 659              	.LASF45:
 660 0176 5F5F7261 		.ascii	"__ram7_clear__\000"
 660      6D375F63 
 660      6C656172 
 660      5F5F00
 661              	.LASF6:
 662 0185 6C6F6E67 		.ascii	"long unsigned int\000"
 662      20756E73 
 662      69676E65 
 662      6420696E 
 662      7400
 663              	.LASF16:
 664 0197 5F5F7261 		.ascii	"__ram0_init__\000"
 664      6D305F69 
 664      6E69745F 
 664      5F00
 665              	.LASF36:
 666 01a5 5F5F7261 		.ascii	"__ram5_init__\000"
ARM GAS  /tmp/ccxlqwqK.s 			page 14


 666      6D355F69 
 666      6E69745F 
 666      5F00
 667              	.LASF21:
 668 01b3 5F5F7261 		.ascii	"__ram1_clear__\000"
 668      6D315F63 
 668      6C656172 
 668      5F5F00
 669              	.LASF38:
 670 01c2 5F5F7261 		.ascii	"__ram5_noinit__\000"
 670      6D355F6E 
 670      6F696E69 
 670      745F5F00 
 671              	.LASF28:
 672 01d2 5F5F7261 		.ascii	"__ram3_init__\000"
 672      6D335F69 
 672      6E69745F 
 672      5F00
 673              	.LASF4:
 674 01e0 756E7369 		.ascii	"unsigned char\000"
 674      676E6564 
 674      20636861 
 674      7200
 675              	.LASF55:
 676 01ee 5F5F6465 		.ascii	"__default_exit\000"
 676      6661756C 
 676      745F6578 
 676      697400
 677              	.LASF23:
 678 01fd 5F5F7261 		.ascii	"__ram2_init_text__\000"
 678      6D325F69 
 678      6E69745F 
 678      74657874 
 678      5F5F00
 679              	.LASF14:
 680 0210 72616D5F 		.ascii	"ram_init_area_t\000"
 680      696E6974 
 680      5F617265 
 680      615F7400 
 681              	.LASF35:
 682 0220 5F5F7261 		.ascii	"__ram5_init_text__\000"
 682      6D355F69 
 682      6E69745F 
 682      74657874 
 682      5F5F00
 683              	.LASF51:
 684 0233 474E5520 		.ascii	"GNU C17 13.2.1 20231009 -mcpu=cortex-m4 -mthumb -mf"
 684      43313720 
 684      31332E32 
 684      2E312032 
 684      30323331 
 685 0266 6C6F6174 		.ascii	"loat-abi=soft -march=armv7e-m -ggdb -O2 -fomit-fram"
 685      2D616269 
 685      3D736F66 
 685      74202D6D 
 685      61726368 
 686 0299 652D706F 		.ascii	"e-pointer -falign-functions=16 -ffunction-sections "
ARM GAS  /tmp/ccxlqwqK.s 			page 15


 686      696E7465 
 686      72202D66 
 686      616C6967 
 686      6E2D6675 
 687 02cc 2D666461 		.ascii	"-fdata-sections -fno-common -flto\000"
 687      74612D73 
 687      65637469 
 687      6F6E7320 
 687      2D666E6F 
 688              	.LASF32:
 689 02ee 5F5F7261 		.ascii	"__ram4_init__\000"
 689      6D345F69 
 689      6E69745F 
 689      5F00
 690              	.LASF33:
 691 02fc 5F5F7261 		.ascii	"__ram4_clear__\000"
 691      6D345F63 
 691      6C656172 
 691      5F5F00
 692              	.LASF34:
 693 030b 5F5F7261 		.ascii	"__ram4_noinit__\000"
 693      6D345F6E 
 693      6F696E69 
 693      745F5F00 
 694              	.LASF8:
 695 031b 756E7369 		.ascii	"unsigned int\000"
 695      676E6564 
 695      20696E74 
 695      00
 696              	.LASF7:
 697 0328 6C6F6E67 		.ascii	"long long unsigned int\000"
 697      206C6F6E 
 697      6720756E 
 697      7369676E 
 697      65642069 
 698              	.LASF43:
 699 033f 5F5F7261 		.ascii	"__ram7_init_text__\000"
 699      6D375F69 
 699      6E69745F 
 699      74657874 
 699      5F5F00
 700              	.LASF49:
 701 0352 5F5F6561 		.ascii	"__early_init\000"
 701      726C795F 
 701      696E6974 
 701      00
 702              	.LASF12:
 703 035f 6E6F5F69 		.ascii	"no_init_area\000"
 703      6E69745F 
 703      61726561 
 703      00
 704              	.LASF30:
 705 036c 5F5F7261 		.ascii	"__ram3_noinit__\000"
 705      6D335F6E 
 705      6F696E69 
 705      745F5F00 
 706              	.LASF3:
ARM GAS  /tmp/ccxlqwqK.s 			page 16


 707 037c 6C6F6E67 		.ascii	"long long int\000"
 707      206C6F6E 
 707      6720696E 
 707      7400
 708              	.LASF26:
 709 038a 5F5F7261 		.ascii	"__ram2_noinit__\000"
 709      6D325F6E 
 709      6F696E69 
 709      745F5F00 
 710              	.LASF19:
 711 039a 5F5F7261 		.ascii	"__ram1_init_text__\000"
 711      6D315F69 
 711      6E69745F 
 711      74657874 
 711      5F5F00
 712              	.LASF25:
 713 03ad 5F5F7261 		.ascii	"__ram2_clear__\000"
 713      6D325F63 
 713      6C656172 
 713      5F5F00
 714              	.LASF31:
 715 03bc 5F5F7261 		.ascii	"__ram4_init_text__\000"
 715      6D345F69 
 715      6E69745F 
 715      74657874 
 715      5F5F00
 716              	.LASF1:
 717 03cf 73686F72 		.ascii	"short int\000"
 717      7420696E 
 717      7400
 718              	.LASF9:
 719 03d9 696E6974 		.ascii	"init_text_area\000"
 719      5F746578 
 719      745F6172 
 719      656100
 720              	.LASF17:
 721 03e8 5F5F7261 		.ascii	"__ram0_clear__\000"
 721      6D305F63 
 721      6C656172 
 721      5F5F00
 722              	.LASF13:
 723 03f7 75696E74 		.ascii	"uint32_t\000"
 723      33325F74 
 723      00
 724              	.LASF2:
 725 0400 6C6F6E67 		.ascii	"long int\000"
 725      20696E74 
 725      00
 726              	.LASF22:
 727 0409 5F5F7261 		.ascii	"__ram1_noinit__\000"
 727      6D315F6E 
 727      6F696E69 
 727      745F5F00 
 728              	.LASF0:
 729 0419 7369676E 		.ascii	"signed char\000"
 729      65642063 
 729      68617200 
ARM GAS  /tmp/ccxlqwqK.s 			page 17


 730              	.LASF37:
 731 0425 5F5F7261 		.ascii	"__ram5_clear__\000"
 731      6D355F63 
 731      6C656172 
 731      5F5F00
 732              		.section	.gnu.debuglto_.debug_line_str,"eMS",%progbits,1
 733              	.LASF60:
 734 0000 63727431 		.ascii	"crt1.c\000"
 734      2E6300
 735              	.LASF56:
 736 0007 2F686F6D 		.ascii	"/home/mayank/chibios-workspace/ChibiOS/app\000"
 736      652F6D61 
 736      79616E6B 
 736      2F636869 
 736      62696F73 
 737              	.LASF61:
 738 0032 73746469 		.ascii	"stdint.h\000"
 738      6E742E68 
 738      00
 739              	.LASF59:
 740 003b 2E2E2F6F 		.ascii	"../os/common/startup/ARMCMx/compilers/GCC/crt1.c\000"
 740      732F636F 
 740      6D6D6F6E 
 740      2F737461 
 740      72747570 
 741              	.LASF58:
 742 006c 2F757372 		.ascii	"/usr/lib/gcc/arm-none-eabi/13.2.1/include\000"
 742      2F6C6962 
 742      2F676363 
 742      2F61726D 
 742      2D6E6F6E 
 743              	.LASF57:
 744 0096 2E2E2F6F 		.ascii	"../os/common/startup/ARMCMx/compilers/GCC\000"
 744      732F636F 
 744      6D6D6F6E 
 744      2F737461 
 744      72747570 
 745              		.text
 746              		.section	.gnu.lto_.profile.eb516e35b7a5aeee,"e",%progbits
 747 0000 789C6362 		.ascii	"x\234cb\000\001\000\000\022\000\003"
 747      00010000 
 747      120003
 748              		.text
 749              		.section	.gnu.lto_.icf.eb516e35b7a5aeee,"e",%progbits
 750 0000 789C7367 		.ascii	"x\234sg@\0006\206\177\017\277\336`g`\204PL\020\212y"
 750      40003686 
 750      7F0FBFDE 
 750      60676084 
 750      504C108A 
 751 0015 DD9373C7 		.ascii	"\335\223s\307\330\030X\366>~\263\233\213\217\211\201"
 751      D81858F6 
 751      3E7EB39B 
 751      8B8F8981 
 752 0025 89118C61 		.ascii	"\211\021\214a\000\306\006\322\254\367\357\354\374\315"
 752      00C606D2 
 752      ACF7EFEC 
 752      FCCD
ARM GAS  /tmp/ccxlqwqK.s 			page 18


 753 0033 C60000E6 		.ascii	"\306\000\000\346?\025\242"
 753      3F15A2
 754              		.text
 755              		.section	.gnu.lto_.ipa_sra.eb516e35b7a5aeee,"e",%progbits
 756 0000 789C1364 		.ascii	"x\234\023d@\000V\006\006FF\006F&\006Ff\006F\026\006"
 756      40005606 
 756      06464606 
 756      46260646 
 756      66064616 
 757 0015 46060002 		.ascii	"F\006\000\002\315\000&"
 757      CD0026
 758              		.text
 759              		.section	.gnu.lto_.inline.eb516e35b7a5aeee,"e",%progbits
 760 0000 789CDBC6 		.ascii	"x\234\333\306\200\000\254\014\014\314\015@\300\224\302"
 760      8000AC0C 
 760      0CCC0D40 
 760      C094C2
 761 000f C8C0C0C4 		.ascii	"\310\300\300\304\300\320\010d\32710\260A\304\230@B\014"
 761      C0D00864 
 761      D73130B0 
 761      41C49840 
 761      420C
 762 0021 0C8C44A8 		.ascii	"\014\214D\250a\"B\0153\220\002K\240\250a\2010\240jX"
 762      6122420D 
 762      3390024B 
 762      A0A86181 
 762      30A06A58 
 763 0035 1844DE1D 		.ascii	"\030D\336\035]\267\2219\007\244F\011\310\334\300\234"
 763      5DB79139 
 763      07A44609 
 763      C8DCC09C 
 764 0045 836E0E03 		.ascii	"\203n\016\003\000?F(\013"
 764      003F4628 
 764      0B
 765              		.text
 766              		.section	.gnu.lto_.jmpfuncs.eb516e35b7a5aeee,"e",%progbits
 767 0000 789C1364 		.ascii	"x\234\023d@\000V fd``b``f``\001r\000\002\245\000!"
 767      40005620 
 767      66646060 
 767      62606066 
 767      60600172 
 768              		.text
 769              		.section	.gnu.lto_.pureconst.eb516e35b7a5aeee,"e",%progbits
 770 0000 789C1360 		.ascii	"x\234\023````e\230\301\3028\203\205i\006\013\363\026"
 770      60606065 
 770      98C1C238 
 770      83856906 
 770      0BF316
 771 0013 1696592C 		.ascii	"\026\226Y,\000\032\274\003J"
 771      001ABC03 
 771      4A
 772              		.text
 773              		.section	.gnu.lto_.ipa_modref.eb516e35b7a5aeee,"e",%progbits
 774 0000 789CF361 		.ascii	"x\234\363a@\000V\004\223\021\316b\202\263\230\341B,"
 774      40005604 
 774      9311CE62 
 774      82B398E1 
ARM GAS  /tmp/ccxlqwqK.s 			page 19


 774      422C
 775 0012 60928999 		.ascii	"`\222\211\231\201\221\211\205\221\201\211\025H\263\002"
 775      81918985 
 775      91818915 
 775      48B302
 776 0021 7530C259 		.ascii	"u0\302YL\014\000!=\000\220"
 776      4C0C0021 
 776      3D0090
 777              		.text
 778              		.section	.gnu.lto_.lto.eb516e35b7a5aeee,"e",%progbits
 779 0000 0D000000 		.ascii	"\015\000\000\000\001\000\000\000"
 779      01000000 
 780              		.text
 781              		.section	.gnu.lto_ram_areas.130.eb516e35b7a5aeee,"e",%progbits
 782 0000 789C4DCC 		.ascii	"x\234M\314\311J\303P\024\306\361|j\365\011\334\026\367"
 782      C94AC350 
 782      14C6F17C 
 782      6AF509DC 
 782      16F7
 783 0012 622F4537 		.ascii	"b/E7\256\244\004\021\221\"ZDDDb(\266\324\353M\232\212"
 783      AEA40411 
 783      91225A44 
 783      44446228 
 783      B6D4EB4D 
 784 0028 8AC82D75 		.ascii	"\212\310-u#\276\200\257\340^\304\261u\250u\236\347y"
 784      23BE80AF 
 784      E05EC4B1 
 784      75A8759E 
 784      E779
 785 003a D685CFE0 		.ascii	"\326\205\317\340\302h\2149g\365\361\347\360\033+R\224"
 785      C2688C39 
 785      67F5F1E7 
 785      F01B2B52 
 785      94
 786 004b 6EC5391F 		.ascii	"n\3059\037&\220I\247\277\012\223\237y\277\"G\3350\325"
 786      269049A7 
 786      BF0A939F 
 786      79BF2247 
 786      DD30D5
 787 005e 2147FE77 		.ascii	"!G\376w\255\034\376\337%r\320\336u\231\361t\305\200"
 787      AD1CFEDF 
 787      2572D0DE 
 787      7599F174 
 787      C580
 788 0070 B5047311 		.ascii	"\265\004s\021b\001|\036>\224\226\243\354\357k\3561\357"
 788      62017C1E 
 788      3E9496A3 
 788      ECEF6BEE 
 788      31EF
 789 0082 970962C5 		.ascii	"\227\011b\305\211\325K\254\250g\255\301\\\205X\001_"
 789      89D54BAC 
 789      A867ADC1 
 789      5C855801 
 789      5F
 790 0093 76AC52D7 		.ascii	"v\254R\327\272\263-\235X\032\261\272\211\325\345Y[0"
 790      BAB32D9D 
 790      581AB1BA 
ARM GAS  /tmp/ccxlqwqK.s 			page 20


 790      89D5E559 
 790      5B30
 791 00a5 372136C0 		.ascii	"7!6\300\013\216\345s\255k\333\352$V\007\261\332\211"
 791      0B8EE573 
 791      AD6BDBEA 
 791      245607B1 
 791      DA89
 792 00b7 D5E65907 		.ascii	"\325\346Y\0070\367!\366\300w\035\253\304\265\016l+B"
 792      30F721F6 
 792      C0771DAB 
 792      C4B50E6C 
 792      2B42
 793 00c9 AC166235 		.ascii	"\254\026b5\023+\354Yg0O!N\300\217\035\253\330\265vm"
 793      132BEC59 
 793      67304F21 
 793      4EC08F1D 
 793      ABD8B576 
 794 00de AB89588D 		.ascii	"\253\211X\215\304j V\275g\335\300\274\206\270\002\277"
 794      C46A2056 
 794      BD67DDC0 
 794      BC86B802 
 794      BF
 795 00ef 74AC22D7 		.ascii	"t\254\"\327\332\262-\225X!b-K\202e\245\247=\301|\204"
 795      DAB22D95 
 795      5821622D 
 795      4B8265A5 
 795      A73DC17C 
 796 0104 7800BF87 		.ascii	"x\000\277\207\353\344lgQ\022h^\022i\226J3Dz\207\371"
 796      EBE46C67 
 796      5112685E 
 796      1269964A 
 796      33447A87 
 797 0119 06F10AFE 		.ascii	"\006\361\012\376\362[V0-\253?P\363\214;\334\342\002"
 797      F25B5630 
 797      2DAB3F50 
 797      F38C3BDC 
 797      E202
 798 012b E738C221 		.ascii	"\3478\302!v\260\215u\344\221C\026J%\213\011\036e\\\033"
 798      76B08D75 
 798      E4914316 
 798      4A258B09 
 798      1E655C1B 
 799 013f D6FA134C 		.ascii	"\326\372\023L\217\305{\342\302\252\032\024\311\204e"
 799      8FC57BE2 
 799      C2AA1A14 
 799      C98465
 800 014e 687A94A9 		.ascii	"hz\224\251?\2459\3024\303P\202\201\000\023\026\323\005"
 800      3FA539C2 
 800      34C35082 
 800      81001316 
 800      D305
 801 0160 E7A29F59 		.ascii	"\347\242\237Y)-\231\0320X\2505\254\206\207~\252\021"
 801      292D991A 
 801      3058A835 
 801      AC86877E 
 801      AA11
 802 0172 EF8B262D 		.ascii	"\357\213&-\326\240\252LO\246\202\001]\371\006 \234\371"
ARM GAS  /tmp/ccxlqwqK.s 			page 21


 802      D6A0AA4C 
 802      4FA68201 
 802      5DF90620 
 802      9CF9
 803 0184 9E       		.ascii	"\236"
 804              		.text
 805              		.section	.gnu.lto___core_init.131.eb516e35b7a5aeee,"e",%progbits
 806 0000 789CCB62 		.ascii	"x\234\313b``\210\007be fdf`\2344\261\213\211\241\241"
 806      60608807 
 806      62652066 
 806      6466609C 
 806      34B18B89 
 807 0016 A1C1819D 		.ascii	"\241\301\201\235\211\261qb\227 \343NF0\217\221\241\236"
 807      89B17162 
 807      9720E34E 
 807      46308F91 
 807      A19E
 808 0028 89B19E71 		.ascii	"\211\261\236q\015\263>\220\373\243{\375&\257\206\025"
 808      0DB33E90 
 808      FBA37BFD 
 808      26AF8615 
 809 0038 0718DF30 		.ascii	"\007\030\33700\3243@\0017\204\315\010\304\353/\261>"
 809      30D43340 
 809      013784CD 
 809      08C4EB2F 
 809      B13E
 810 004a 68F8F17F 		.ascii	"h\370\361\177~CCW\037\343\357\225LL\014\014+\231A\246"
 810      7E434357 
 810      1FE3EF95 
 810      4C4C0C0C 
 810      2B9941A6 
 811 005e 36B03032 		.ascii	"6\26002\254bf\202\260\032\0170\374gjPbhgnR\000\233\260"
 811      AC626682 
 811      B01A0F30 
 811      FC676A50 
 811      6268676E 
 812 0076 92991122 		.ascii	"\222\231\021\"\323p\000\310\323\326\317\310\317M\325"
 812      D37000C8 
 812      D3D6CFC8 
 812      CF4DD5
 813 0085 CF4DAC4C 		.ascii	"\317M\254L\314\313\326O\316\310L\312\314/\326-\317/"
 813      CCCBD64F 
 813      CEC84CCA 
 813      CC2FD62D 
 813      CF2F
 814 0097 CA2E2E48 		.ascii	"\312..HLN\325w\006\211\370\007\353'\026\0240\030\352"
 814      4C4ED577 
 814      0689F807 
 814      EB271614 
 814      3018EA
 815 00aa E9E9E717 		.ascii	"\351\351\347\027\353'\347\347\346\346\347\351\027\227"
 815      EB27E7E7 
 815      E6E6E7E9 
 815      1797
 816 00b8 24169594 		.ascii	"$\026\225\224\026\350;\006\371:\373V\200D\0132sR\213"
 816      16E83B06 
 816      F93AFB56 
ARM GAS  /tmp/ccxlqwqK.s 			page 22


 816      80440B32 
 816      73528B
 817 00cb 8AF5DD9D 		.ascii	"\212\365\335\235\235\365\223\213J\014\365\222\031\000"
 817      9DF5938B 
 817      4A0CF592 
 817      1900
 818 00d9 940A4A6D 		.ascii	"\224\012Jm"
 819              		.text
 820              		.section	.gnu.lto___early_init.132.eb516e35b7a5aeee,"e",%progbits
 821 0000 789CCB64 		.ascii	"x\234\313d``\210\007be fdf`\2344\261\213\211\241\241"
 821      60608807 
 821      62652066 
 821      6466609C 
 821      34B18B89 
 822 0016 A1C1819D 		.ascii	"\241\301\201\235\211\261qb\227 \343NF0\217\221\241\236"
 822      89B17162 
 822      9720E34E 
 822      46308F91 
 822      A19E
 823 0028 89B19E71 		.ascii	"\211\261\236q\015\263>\220\373\243{\375\017\257\206"
 823      0DB33E90 
 823      FBA37BFD 
 823      0FAF86
 824 0037 150718DF 		.ascii	"\025\007\030\33700\3243@\0017\204\315\010\304\353/\261"
 824      3030D433 
 824      40013784 
 824      CD08C4EB 
 824      2FB1
 825 0049 3E68F8F1 		.ascii	">h\370\361\177~C\303\252>\306K\314L\014\014+\231A\206"
 825      7F7E43C3 
 825      AA3EC64B 
 825      CC4C0C0C 
 825      2B994186 
 826 005d 36B03032 		.ascii	"6\26002\254bf\202\260\032\0170\374gjPbhgnR\000\033\260"
 826      AC626682 
 826      B01A0F30 
 826      FC676A50 
 826      6268676E 
 827 0075 92991122 		.ascii	"\222\231\021\"\323p\000\310\323\326\317\310\317M\325"
 827      D37000C8 
 827      D3D6CFC8 
 827      CF4DD5
 828 0084 CF4DAC4C 		.ascii	"\317M\254L\314\313\326O\316\310L\312\314/\326-\317/"
 828      CCCBD64F 
 828      CEC84CCA 
 828      CC2FD62D 
 828      CF2F
 829 0096 CA2E2E48 		.ascii	"\312..HLN\325w\006\211\370\007\353'\026\0240\030\352"
 829      4C4ED577 
 829      0689F807 
 829      EB271614 
 829      3018EA
 830 00a9 E9E9E717 		.ascii	"\351\351\347\027\353'\347\347\346\346\347\351\027\227"
 830      EB27E7E7 
 830      E6E6E7E9 
 830      1797
 831 00b7 24169594 		.ascii	"$\026\225\224\026\350;\006\371:\373V\200D\0132sR\213"
ARM GAS  /tmp/ccxlqwqK.s 			page 23


 831      16E83B06 
 831      F93AFB56 
 831      80440B32 
 831      73528B
 832 00ca 8AF5DD9D 		.ascii	"\212\365\335\235\235\365\223\213J\014\365\222\031\000"
 832      9DF5938B 
 832      4A0CF592 
 832      1900
 833 00d8 450F4A01 		.ascii	"E\017J\001"
 834              		.text
 835              		.section	.gnu.lto___late_init.133.eb516e35b7a5aeee,"e",%progbits
 836 0000 789CCB64 		.ascii	"x\234\313d``\210\007be fdf`\2344\261\213\211\241\241"
 836      60608807 
 836      62652066 
 836      6466609C 
 836      34B18B89 
 837 0016 A1C1819D 		.ascii	"\241\301\201\235\211\261qb\227 \343NF0\217\221\241\236"
 837      89B17162 
 837      9720E34E 
 837      46308F91 
 837      A19E
 838 0028 89B19E71 		.ascii	"\211\261\236q\015\263>\220\373\243{\375\026\357\206"
 838      0DB33E90 
 838      FBA37BFD 
 838      16EF86
 839 0037 150718DF 		.ascii	"\025\007\030\33700\3243@\0017\204\315\010\304\353/\261"
 839      3030D433 
 839      40013784 
 839      CD08C4EB 
 839      2FB1
 840 0049 3E68F8F1 		.ascii	">h\370\361\177~CCW\037\343)f&\006\206\225\314 C\033"
 840      7F7E4343 
 840      571FE329 
 840      66260686 
 840      95CC2043 
 841 005e 58181956 		.ascii	"X\030\031V13AX\215\007\030\37635(1\26437)\200\015X\311"
 841      31334158 
 841      8D0718FE 
 841      33352831 
 841      B4333729 
 842 0076 CC089169 		.ascii	"\314\010\221i8\000\344i\353g\344\347\246\352\347&V&"
 842      3800E469 
 842      EB67E4E7 
 842      A6EAE726 
 842      5626
 843 0088 E665EB27 		.ascii	"\346e\353'gd&e\346\027\353\226\347\027e\027\027$&\247"
 843      67642665 
 843      E617EB96 
 843      E7176517 
 843      172426A7 
 844 009c EA3B8344 		.ascii	"\352;\203D\374\203\365\023\013\012\030\014\365\364\364"
 844      FC83F513 
 844      0B0A180C 
 844      F5F4F4
 845 00ab F38BF593 		.ascii	"\363\213\365\223\363ss\363\363\364\213K\022\213JJ\013"
 845      F37373F3 
 845      F3F48B4B 
ARM GAS  /tmp/ccxlqwqK.s 			page 24


 845      128B4A4A 
 845      0B
 846 00bc F41D837C 		.ascii	"\364\035\203|\235}+@\242\005\2319\251E\305\372\356\316"
 846      9D7D2B40 
 846      A2059939 
 846      A945C5FA 
 846      EECE
 847 00ce CEFAC945 		.ascii	"\316\372\311E%\206z\311\014\000\373ZI\226"
 847      25867AC9 
 847      0C00FB5A 
 847      4996
 848              		.text
 849              		.section	.gnu.lto___default_exit.134.eb516e35b7a5aeee,"e",%progbits
 850 0000 789C6B61 		.ascii	"x\234ka``\210\007b\007 fde`\2344\261\213\211\241\241"
 850      60608807 
 850      62072066 
 850      6465609C 
 850      34B18B89 
 851 0016 A1C1819D 		.ascii	"\241\301\201\235\211q\362D.0\213\231q\012\224\305\302"
 851      8971F244 
 851      2E308B99 
 851      710A94C5 
 851      C2
 852 0027 38D910CC 		.ascii	"8\331\020\314`d\250gbfa\004\022\014\010\260\206Y\037"
 852      6064A867 
 852      62666104 
 852      120C08B0 
 852      86591F
 853 003a 28F9A37B 		.ascii	"(\371\243{\375=\357\206\025\007\030\33700\324\303\244"
 853      FD3DEF86 
 853      150718DF 
 853      3030D4C3 
 853      A4
 854 004b B8216C46 		.ascii	"\270!lF ^\177\211\365A\303\217\377\363\033\032^\365"
 854      205E7F89 
 854      F541C38F 
 854      FFF31B1A 
 854      5EF5
 855 005d 313E5ECF 		.ascii	"1>^\317\004\024[\311\314p\344}\007+#\220\301\004f0\256"
 855      04145BC9 
 855      CC70E47D 
 855      072B2390 
 855      C1046630 
 856 0072 6266061A 		.ascii	"bf\006\032\325\300\302\330x\200\341?S\303\243\227\323"
 856      D5C0C2D8 
 856      7880E13F 
 856      53C3A397 
 856      D3
 857 0083 85197732 		.ascii	"\205\031w2\202\231o\304\241\"\222\014 \235,\020u\214"
 857      82996FC4 
 857      A122920C 
 857      209D2C10 
 857      758C
 858 0095 2B991919 		.ascii	"+\231\031\031\330\201\"\332\372\031\371\271\251\372"
 858      D88122DA 
 858      FA19F9B9 
 858      A9FA
ARM GAS  /tmp/ccxlqwqK.s 			page 25


 859 00a3 B9899589 		.ascii	"\271\211\225\211y\331\372\311\031\231I\231\371\305\272"
 859      79D9FAC9 
 859      19994999 
 859      F9C5BA
 860 00b2 E5F945D9 		.ascii	"\345\371E\331\305\005\211\311\251\372\316 \021\377`"
 860      C50589C9 
 860      A9FACE20 
 860      11FF60
 861 00c1 FDC48202 		.ascii	"\375\304\202\002\006C==\375\374b\375\344\374\334\334"
 861      06433D3D 
 861      FDFC62FD 
 861      E4FCDCDC 
 862 00d1 FC3CFDE2 		.ascii	"\374<\375\342\222\304\242\222\322\002}\307 _g\337\012"
 862      92C4A292 
 862      D2027DC7 
 862      205F67DF 
 862      0A
 863 00e2 90684166 		.ascii	"\220hAfNjQ\261\276\273\263\263~rQ\211\241^2\003\000"
 863      4E6A51B1 
 863      BEBBB3B3 
 863      7E725189 
 863      A15E3203 
 864 00f7 8D825B64 		.ascii	"\215\202[d"
 865              		.text
 866              		.section	.gnu.lto___init_ram_areas.135.eb516e35b7a5aeee,"e",%progbits
 867 0000 789C6D54 		.ascii	"x\234mT\355k[e\024?\3479\317}i\222\206\230\270/\342"
 867      ED6B5B65 
 867      143FE739 
 867      CF7D6992 
 867      8698B82F 
 868 0015 4BF59350 		.ascii	"K\365\223P\314\245\003\265\372\251\022A\277l\202\376"
 868      CCA503B5 
 868      FAA91241 
 868      BF6C82FE 
 869 0025 03C6ACBA 		.ascii	"\003\306\254\272P\263dIf\035\245\364.k;H\241Y6ju&s "
 869      50B36449 
 869      661DA5F4 
 869      2E6B3B48 
 869      A159366A 
 870 003d C3A4D4CE 		.ascii	"\303\244\324\316\212\202s\353\232V\367R\007\005\247"
 870      8A8273EB 
 870      9A56F752 
 870      0705A7
 871 004c C357E698 		.ascii	"\303W\346\230\310\250\233\243L\305\271\017\316\363\334"
 871      C8A89BA3 
 871      4CC5B90F 
 871      CEF3DC
 872 005b DB9BA6E8 		.ascii	"\333\233\246\350\205\373\334s\317\371\235\337s~\347"
 872      85FBDC73 
 872      CFF99DDF 
 872      737EE7
 873 006a 39F7E625 		.ascii	"9\367\346%\300n\000X\341\033\003\200\007\312E\001\266"
 873      C06E0058 
 873      E11B0380 
 873      07CA4501 
 873      B6
 874 007b 6DF71802 		.ascii	"m\367\030\002\017\226}\216E8Q.\276\367\373u\023\027"
ARM GAS  /tmp/ccxlqwqK.s 			page 26


 874      0F967D8E 
 874      4538512E 
 874      BEF7FB75 
 874      1317
 875 008d D171489C 		.ascii	"\321qH\234\230\365`\232\030.\217\011\216\\X\275\335"
 875      98F5609A 
 875      182E8F09 
 875      8E5C58BD 
 875      DD
 876 009e 2D0FEDBF 		.ascii	"-\017\355\277\2023\245\021C\372p\322t\001:N\316\272"
 876      8233A511 
 876      43FA70D2 
 876      74013A4E 
 876      CEBA
 877 00b0 3C86186D 		.ascii	"<\206\030m\201\276\351AM\361\366\376\017\037\3049\305"
 877      81BEE941 
 877      4DF1F6FE 
 877      0F1FC439 
 877      C5
 878 00c1 DD2DDF62 		.ascii	"\335-\337b7\033\246\364\343\301\331\220K\321\206{\312"
 878      371BA6F4 
 878      E3C1D990 
 878      4BD1867B 
 878      CA
 879 00d2 C5C9BF9E 		.ascii	"\305\311\277\236v1=\006\302\220 \251\371t\303\364\267"
 879      76313D06 
 879      C29020A9 
 879      F974C3F4 
 879      B7
 880 00e3 E19024C0 		.ascii	"\341\220$\300\206Dc}\001\367\322`\3752Z\354i\262\230"
 880      8644637D 
 880      01F7D260 
 880      FD325AEC 
 880      69B298
 881 00f6 E7D6D8B1 		.ascii	"\347\326\330\261\003[\355Z\003\257\003\014y!\015\365"
 881      035BED5A 
 881      03AF030C 
 881      79210DF5 
 882 0106 084A5E37 		.ascii	"\010J^7a\207\206\346\213\354\350l\330\366\352\033\343"
 882      618786E6 
 882      8BECE86C 
 882      D8F6EA1B 
 882      E3
 883 0117 D5FB8F14 		.ascii	"\325\373\217\024B\203'q\350\004~\212\012\272mI\372a"
 883      42832771 
 883      E8047E8A 
 883      0ABA6D49 
 883      FA61
 884 0129 0E552E32 		.ascii	"\016U.2t\227\007=\274\\R\320\201\371\026\350OLi\366"
 884      7497073D 
 884      BC5C52D0 
 884      81F916E8 
 884      4F4C69F6 
 885 013d AF213EA8 		.ascii	"\257!>\250\214\227\354\216\341\216\201\205\026\304E"
 885      8C97EC8E 
 885      E18E8185 
 885      16C445
ARM GAS  /tmp/ccxlqwqK.s 			page 27


 886 014c 265BC406 		.ascii	"&[\304\006\302)\204m_Kv\022\236D\\@\234\307c\027\264"
 886      C229846D 
 886      5F4B7612 
 886      9E445C40 
 886      9CC76317 
 887 0161 CBF6AD3B 		.ascii	"\313\366\255;\357\330\366\314C_\235=\177B\334\215 H"
 887      EFD8F6CC 
 887      435F9D3D 
 887      7F42DC8D 
 887      2048
 888 0173 8010C4B7 		.ascii	"\200\020\304\267\004\006j\300P\035\030l\250%\240^\333"
 888      04066AC0 
 888      501D186C 
 888      A825A05E 
 888      DB
 889 0184 951554D1 		.ascii	"\225\025T\321\220\262\302j\211\250\000@\235@\365\036"
 889      90B2C26A 
 889      89A80040 
 889      9D40F51E 
 890 0194 618A8463 		.ascii	"a\212\204c\354i\300\035a_y\277B\374,\034YA\305\211z"
 890      EC69C01D 
 890      615F79BF 
 890      42FC2C1C 
 890      5941C589 
 891 01a9 3F72CD45 		.ascii	"?r\315E~*u\323(s\247\361s\204\"\216\332v\355\331\376"
 891      7E2A75D3 
 891      2873A7F1 
 891      7384228E 
 891      DA76EDD9 
 892 01be 334EE953 		.ascii	"3N\351SD\253\267k\335.E\241G\355G\322a\373\270\022\341"
 892      44ABB76B 
 892      DD2E45A1 
 892      47ED47D2 
 892      61FBB812 
 893 01d3 2373CCE3 		.ascii	"#s\314\343\225M|\360\260\227\012\247\352\017P\200\251"
 893      954D7CF0 
 893      B0970AA7 
 893      EA0F5080 
 893      A9
 894 01e4 07D1A1E4 		.ascii	"\007\321\241\344\203\250Y;_;\207\360\3300\037{z\011"
 894      83A8593B 
 894      5F3B87F0 
 894      D8301F7B 
 894      7A09
 895 01f6 53CCA96A 		.ascii	"S\314\251j\030\344J)\340d\317U4/\265\335K\212\266$\235"
 895      18E44A29 
 895      E064CF55 
 895      342FB5DD 
 895      4B8AB624 
 896 020b C7BE66D2 		.ascii	"\307\276f\322<R\273\223\264\302IP\"\351T\373\311\330"
 896      3C52BB93 
 896      B4C24950 
 896      22E954FB 
 896      C9D8
 897 021d BE308B10 		.ascii	"\2760\213\020_l\345\212(\350\237\271\266p\227*h\212"
 897      5F6CE58A 
 897      28E89FB9 
ARM GAS  /tmp/ccxlqwqK.s 			page 28


 897      B670972A 
 897      688A
 898 022f 6479E49B 		.ascii	"dy\344\233\263\3445\340\267\212\241v:4v\232H5`\000\301"
 898      B3E435E0 
 898      B78AA176 
 898      3A34769A 
 898      48356000 
 899 0244 D9CE4CE6 		.ascii	"\331\316L\346\227Y-\207n\026\217\222[\201\221\314\262"
 899      97592D87 
 899      6E168F92 
 899      5B8191CC 
 899      B2
 900 0255 8F5C81AB 		.ascii	"\217\\\201\253\367rp\357G\243#Da\322\361\270\362\026"
 900      F77270EF 
 900      47A32344 
 900      61D2F1B8 
 900      F216
 901 0267 3A543561 		.ascii	":T5a'\376\247C\314\200\011\242\010iM\000k\2148M\324"
 901      27FEA743 
 901      CC8009A2 
 901      08694D00 
 901      6B8C384D 
 902 027c 98D296EB 		.ascii	"\230\322\226\353]\344L\235M\241\020\332\232\240\303"
 902      5DE44C9D 
 902      4DA110DA 
 902      9AA0C3
 903 028b A2D9C44E 		.ascii	"\242\331\304N\022k\2350[\032\361%\276\302d\377\210\341"
 903      126B9D30 
 903      5B1AF125 
 903      BEC264FF 
 903      88E1
 904 029d 4B9FDD44 		.ascii	"K\237\335D\022\314\000\252\007\032\005h\371\347\277"
 904      12CC00AA 
 904      071A0568 
 904      F9E7BF
 905 02ac 792B3973 		.ascii	"y+9su\011K\244S;\335P\216\260\034\277\312\003Q'\237"
 905      75094BA4 
 905      533BDD50 
 905      8EB01CBF 
 905      CA035127 
 906 02c1 73863845 		.ascii	"s\2068E\372\206~\324\253N?\376\250\335\343i\316\260"
 906      FA867ED4 
 906      AB4E3FFE 
 906      A8DDE369 
 906      CEB0
 907 02d3 663D89E0 		.ascii	"f=\211\340\204\247\357k\252\016\221\321\252:\344\210"
 907      84A7EF6B 
 907      AA0E91D1 
 907      AA3AE488 
 908 02e3 32FE2BCA 		.ascii	"2\376+\312p\022\217V7h\241\377\321r\021{[\264\020\031"
 908      70128F56 
 908      3768A1FF 
 908      D172117B 
 908      5BB41019 
 909 02f7 AE168374 		.ascii	"\256\026\203t\237\004\012\3517~\365\216\320\\\237?\036"
 909      9F040AE9 
 909      377EF58E 
ARM GAS  /tmp/ccxlqwqK.s 			page 29


 909      D05C9F3F 
 909      1E
 910 0308 BAAAD6AC 		.ascii	"\272\252\326\254)H\222?\347\220[\024\217e\320\235&\265"
 910      2948923F 
 910      E7905B14 
 910      8F65D09D 
 910      26B5
 911 031a 37CF2553 		.ascii	"7\317%S\377\030\243 \237\362%@s\343\234\177\247\346"
 911      FF18A320 
 911      9FF22540 
 911      73E39C7F 
 911      A7E6
 912 032c 5CC36EAE 		.ascii	"\\\303n\256\244\366\344\316\357\361[5\352\356\334?<"
 912      A4F6E4CE 
 912      EFF15B35 
 912      EAEEDC3F 
 912      3C
 913 033d F803BA3F 		.ascii	"\370\003\272?\213:\371\027\257\275\333\245\272\326\346"
 913      8B3AF917 
 913      AFBDDBA5 
 913      BAD6E6
 914 034c 7D45FBA8 		.ascii	"}E\373\250p\371\227*\256\305\235?\034\332\015~\351\264"
 914      70F9972A 
 914      AEC59D3F 
 914      1CDA0D7E 
 914      E9B4
 915 035e B6A753BD 		.ascii	"\266\247S\275V*\276;\276\243\317JlO\276\224L\347\036"
 915      562ABE3B 
 915      BEA3CF4A 
 915      6C4FBE94 
 915      4CE71E
 916 0371 E94F67FB 		.ascii	"\351Og\373r\231x\242\327\212)\317s/X\361L\006\272\242"
 916      729978A2 
 916      D78A29CF 
 916      732F58F1 
 916      4C06BAA2 
 917 0385 512B9DB3 		.ascii	"Q+\235\263\022\351T*\275\303\312\345\343\331\374\256"
 917      12E9542A 
 917      BDC3CAE5 
 917      E3D9FCAE 
 918 0395 8CF5D4F3 		.ascii	"\214\365\324\363[b[^W\336L\362\325\336l\316z&\026\263"
 918      5B625B5E 
 918      57DE4CF2 
 918      D5DE6CCE 
 918      7A2616B3 
 919 03a9 12D97C57 		.ascii	"\022\331|W4\001\224\215gB\256\035}4\361\370\346\304"
 919      3401948D 
 919      6742AE1D 
 919      7D34F1F8 
 919      E6C4
 920 03bb 132F6F06 		.ascii	"\023/o\006\314\210|\346_\324v\300\326"
 920      CC887CE6 
 920      5FD476C0 
 920      D6
 921              		.text
 922              		.section	.gnu.lto_.symbol_nodes.eb516e35b7a5aeee,"e",%progbits
 923 0000 789C6DCD 		.ascii	"x\234m\315\3332\202a\030\305\361\367_>_\311\246\022"
ARM GAS  /tmp/ccxlqwqK.s 			page 30


 923      DB328261 
 923      18C5F1F7 
 923      5F3E5FC9 
 923      A612
 924 0012 22A42DE5 		.ascii	"\"\244-\345\246\334\311kR\012\321\247\015*\373]g]\200"
 924      A6DCC96B 
 924      520AD1A7 
 924      0D2AFB5D 
 924      675D80
 925 0025 23078EDD 		.ascii	"#\007\216\335\212[\320\267\216\214\3519\371\315\254"
 925      8A5BD0B7 
 925      8E8CE939 
 925      F9CDAC
 926 0034 B5669E3A 		.ascii	"\265f\236:\306\230\300\021v\366pr3x\337\306Xc>\274J"
 926      C698C011 
 926      76F67072 
 926      3378DFC6 
 926      58633EBC 
 927 0049 C02FAA58 		.ascii	"\300/\252XwjQ\303\206\246\026\307\330\360\327O\303\371"
 927      776A51C3 
 927      86A616C7 
 927      D8F0D74F 
 927      C3F9
 928 005b 93EB451D 		.ascii	"\223\353E\035;7n\325\334\177{\247B\344\263:Y\004\235"
 928      3B376ED5 
 928      DC7F7BA7 
 928      42E4B33A 
 928      59049D
 929 006e 06F3077E 		.ascii	"\006\363\007~r\302\202<eQ\236\261$\233D\34591yA\\\266"
 929      72C2823C 
 929      65519EB1 
 929      249B44E5 
 929      39317941 
 930 0084 58961E09 		.ascii	"X\226\036\011y\311\212l\263*;\254\311.I\331c]^\261!"
 930      79C98A6C 
 930      B32A3BAC 
 930      C92E49D9 
 930      635D5EB1 
 931 0099 AF49C91B 		.ascii	"\257I\311\0336e\237-9`[\016I\313[v\344\035\031yOV>\220"
 931      36659F2D 
 931      39605B0E 
 931      49CB5B76 
 931      E41D1979 
 932 00b1 938FE4E5 		.ascii	"\223\217\344\345\023\005\371LQ\276\260+_\331\223o\224"
 932      1305F94C 
 932      51BEB02B 
 932      5FD9936F 
 932      94
 933 00c2 E43B6539 		.ascii	"\344;e9b\337\327\374\002|\313G?"
 933      62DFD7FC 
 933      027CCB47 
 933      3F
 934              		.text
 935              		.section	.gnu.lto_.refs.eb516e35b7a5aeee,"e",%progbits
 936 0000 789C05C1 		.ascii	"x\234\005\301i\032B`\030\000\300\367\231|h\221\222h"
 936      691A4260 
 936      1800C0F7 
ARM GAS  /tmp/ccxlqwqK.s 			page 31


 936      997C6891 
 936      9268
 937 0012 A7C52F67 		.ascii	"\247\305/gq\377\3534\263D\204LZ\2054\307\230\344\012"
 937      71FFEB34 
 937      B344844C 
 937      5A8534C7 
 937      98E40A
 938 0025 A5B58DAD 		.ascii	"\245\265\215\255\235\312^\355\340\250q\322:\353\364"
 938      9DCA5EED 
 938      E0A871D2 
 938      3AEBF4
 939 0034 2EAE6EEE 		.ascii	".\256n\356\036\236^\006\243\267\217\257\237)\376\200"
 939      1E9E5E06 
 939      A3B78FAF 
 939      9F29FE80 
 940 0044 6803A5   		.ascii	"h\003\245"
 941              		.text
 942              		.section	.gnu.lto_.decls.eb516e35b7a5aeee,"e",%progbits
 943 0000 789C9596 		.ascii	"x\234\225\226]P\033\327\031\206\317Ym\304A\374\011\362"
 943      5D501BD7 
 943      1986CF59 
 943      6DC441FC 
 943      09F2
 944 0012 53C693F1 		.ascii	"S\306\223\361\320L'ab\033Y\374Ng\270h\207\213\\\271"
 944      D04C2761 
 944      621B59FC 
 944      4E67B868 
 944      878B5CB9 
 945 0026 9D69A7BD 		.ascii	"\235i\247\275UT\252L\250\371\033!7N/:G d\031\004\010"
 945      5554AA4C 
 945      A8F91B21 
 945      374E2F3A 
 945      47206419 
 946 003c 863A8A60 		.ascii	"\206:\212`@\226\335\3241\256+\247x\202\211\201\005c"
 946      4096DDD4 
 946      31AE2BA7 
 946      78828981 
 946      0563
 947 004e 63023522 		.ascii	"c\0025\"\261\011\001\034c\300\006\027\0344\206b X\356"
 947      B109011C 
 947      63C00617 
 947      1C348662 
 947      2058EE
 948 0061 77769735 		.ascii	"wv\2275\013\275\251f^\264\273\337\363\236\363\236o\317"
 948      0BBDA966 
 948      5EB4BBDF 
 948      F39EF39E 
 948      6FCF
 949 0073 2ECAD621 		.ascii	".\312\326!\364\007\015B!\214\320s\370D!\204\276\001"
 949      F4070D42 
 949      218CD073 
 949      F8442184 
 949      BE01
 950 0085 1D04F582 		.ascii	"\035\004\365\202B \0014\002\032\005\365\200&@wA\323"
 950      42200134 
 950      021A05F5 
 950      80264077 
ARM GAS  /tmp/ccxlqwqK.s 			page 32


 950      41D3
 951 0097 A007A079 		.ascii	"\240\007\240yP\030\364\004\264\012Z\003\255\2036A[\240"
 951      5018F404 
 951      B40A5A03 
 951      AD833641 
 951      5BA0
 952 00a9 0808C1F8 		.ascii	"\010\010\301\370\034\210\007iA\004\244\003\305\202\342"
 952      1C880769 
 952      4104A403 
 952      C582E2
 953 00b8 417A5012 		.ascii	"AzP\022\350\025\320k\240d\320>\320\353\240\375\240\024"
 953      E815D06B 
 953      A064D03E 
 953      D0EBA0FD 
 953      A014
 954 00ca D01BA09F 		.ascii	"\320\033\240\237\200\336\004\245\202\336\006\035\004"
 954      80DE04A5 
 954      82DE061D 
 954      04
 955 00d7 A5810E83 		.ascii	"\245\201\016\203\356\203\336\222\363\036\226\257\037"
 955      EE83DE92 
 955      F31E96AF 
 955      1F
 956 00e4 943996FF 		.ascii	"\2249\226\377K\320\020h\0304\210\2441\336\224\307|C"
 956      4BD01068 
 956      183488A4 
 956      31DE94C7 
 956      7C43
 957 00f6 9E63BF3C 		.ascii	"\236c\277<\347>9\303kr\246$9c\274\234Y'\257A+\257\211"
 957      E73E39C3 
 957      6B72A624 
 957      3963BC9C 
 957      5927AF41 
 958 010d AD8DAD31 		.ascii	"\255\215\2551\"\257yS\356\301\232\334\023\326\233e\320"
 958      22AF7953 
 958      EEC19ADC 
 958      13D69B65 
 958      D0
 959 011e 652C6262 		.ascii	"e,bb\017\277\220\217Y/{\345c\326\323!\371\230\365v\204"
 959      0FBF908F 
 959      592F7BE5 
 959      63D6D321 
 959      F998F576 
 960 0133 CD29F778 		.ascii	"\315)\367x\373^\2605\032\261\324\363\345\035\367f{}"
 960      FB5EB035 
 960      1AB1D4F3 
 960      E51DF766 
 960      7B7D
 961 0145 3D3BD6A8 		.ascii	"=;\326\250}\031\363\332Wq\2126\025\263\333\233\000\337"
 961      7D19F3DA 
 961      57718A36 
 961      15B3DB9B 
 961      00DF
 962 0157 8870288B 		.ascii	"\210p(\213\212\237\231}\250\213\315\204Pn,9\202xn\351"
 962      8A9F997D 
 962      A88BCD84 
 962      506E2C39 
ARM GAS  /tmp/ccxlqwqK.s 			page 33


 962      82786EE9 
 963 016b F6F0564C 		.ascii	"\366\360VL\202@\351:\245'\223P'\276\202Q\017N\355\306"
 963      8240E93A 
 963      A5279350 
 963      27BE8251 
 963      0F4EEDC6 
 964 017f 57F11798 		.ascii	"W\361\027\230\347.5U\314&$\212e\301\021-`\261.f\347"
 964      E72E3555 
 964      CC26248A 
 964      65C1112D 
 964      60B12E66 
 965 0194 B9CEF16B 		.ascii	"\271\316\361k\203\032\245\326+\327\372\260\230\201\220"
 965      831AA5D6 
 965      2BD7FAB0 
 965      988190
 966 01a3 DF226246 		.ascii	"\337\"bF\344(;\321C \212\311\237\020\257[\237\254\234"
 966      E4283BD1 
 966      43208AC9 
 966      9F10AF5B 
 966      9FAC9C
 967 01b6 236FC327 		.ascii	"#o\303'\231\031{\032\027\257\347v\012'\250\307^\201"
 967      99197B1A 
 967      17AFE776 
 967      0A27A8C7 
 967      5E81
 968 01c8 7BF120BE 		.ascii	"{\361 \276%\217r\015\324\211\0210\301\251\015J\223\274"
 968      258F720D 
 968      D4891130 
 968      C1A90D4A 
 968      93BC
 969 01da A417DF50 		.ascii	"\244\027\337P\252F\2042\304\332w\333\265\353;k\2621"
 969      AA468432 
 969      C4DA77DB 
 969      B5EB3B6B 
 969      B231
 970 01ec BC5DEC57 		.ascii	"\274]\354W\015\233\201\240\017\016P4\272\211\007\340"
 970      0D9B81A0 
 970      0F0E5034 
 970      BA8907E0 
 971 01fc C22DDC8D 		.ascii	"\302-\334\215\207\3600\376\027\376\222\265\206<\300"
 971      87F030FE 
 971      17FE92B5 
 971      863CC0
 972 020b B0B896DB 		.ascii	"\260\270\226\333\225uq\311\214\024\024r\004\357By\356"
 972      957571C9 
 972      8C141472 
 972      04EF4279 
 972      EE
 973 021c E258CB5F 		.ascii	"\342X\313_b\224\036\204\344iF\305\376\214\337\374\250"
 973      62941E84 
 973      E46946C5 
 973      FE8CDFFC 
 973      A8
 974 022d 92883561 		.ascii	"\222\2105aO\357\236\315\326\365\305\256`\030\337E\005"
 974      4FEF9ECD 
 974      D6F5C5AE 
 974      6018DF45 
ARM GAS  /tmp/ccxlqwqK.s 			page 34


 974      05
 975 023e 7B3FA101 		.ascii	"{?\241\001G\015u\322~;\366\322\016\352ow\327h|\201~"
 975      470D75D2 
 975      7E3BF6D2 
 975      0EEA6F77 
 975      D7687C81 
 976 0253 971D80E4 		.ascii	"\227\035\200\344@E\007\365\005\337\365\371\250\273\357"
 976      404507F5 
 976      05DFF5F9 
 976      A8BBEF
 977 0262 B48BFA31 		.ascii	"\264\213\3721.\207\313\202]\353\203/ \334\311\264\231"
 977      2E87CB82 
 977      5DEB832F 
 977      20DCC9B4 
 977      99
 978 0273 DD5BA7DB 		.ascii	"\335[\247\333\217\355\322m\246q\264\235\322\012P\212"
 978      8FEDD26D 
 978      A671B49D 
 978      D20A508A 
 979 0283 CF1114EC 		.ascii	"\317\021\024\354\260\336\020\366\237qB\345]\220\307"
 979      B0DE10F6 
 979      9F7142E5 
 979      5D90C7
 980 0292 FED07E22 		.ascii	"\376\320~\".l_\240\037\225/xR*(\233\310I\261\327\017"
 980      2E6C5FA0 
 980      1F952F78 
 980      522A289B 
 980      C849B1D7 
 981 02a7 84E0A45C 		.ascii	"\204\340\244\\\200^\243\365\264\271&\276<\320\336j/"
 981      805EA3F5 
 981      B4B926BE 
 981      3CD0DE6A 
 981      2F
 982 02b8 77104F40 		.ascii	"w\020O@p\325\373\373\251\336>s\335e\017P\252o\360Ct"
 982      70D5FBFB 
 982      A9DE3E73 
 982      DD650F50 
 982      AA6FF043 
 983 02cd 50A29DE5 		.ascii	"P\242\235\345\004\351\353\341\217G\350\247\211v\326"
 983      04E9EBE1 
 983      8F47E8A7 
 983      8976D6
 984 02dc 5DBF8326 		.ascii	"]\277\203&\322>\301\345\241\202\253\224\305\252\207"
 984      D23EC1E5 
 984      A182AB94 
 984      C5AA87
 985 02eb 2B9831F5 		.ascii	"+\2301\365T\240\372z\351\012\261\373\005\027=\013\246"
 985      54A0FA7A 
 985      E90AB1FB 
 985      05173D0B 
 985      A6
 986 02fc D370C0AA 		.ascii	"\323p\300\252\211\365\3230C9;`\203\322\200@+)%\342\236"
 986      89F5D330 
 986      43393B60 
 986      83D28040 
 986      2B2925E2 
 987 0311 95D6C6C9 		.ascii	"\225\326\306\311\337\204\347V\027\272zt\253\254\215"
ARM GAS  /tmp/ccxlqwqK.s 			page 35


 987      DF84E756 
 987      17BA7A74 
 987      ABAC8D
 988 0320 73ADC17A 		.ascii	"s\255\301z,\275v^\365\374\014a\372\212\236\324r\210"
 988      2CBD765E 
 988      F5FC0C61 
 988      FA8A9ED4 
 988      7288
 989 0332 F838E876 		.ascii	"\3708\350v\260yk\224D#4&\355M\016\266\243\036\356\317"
 989      B0796B94 
 989      44233426 
 989      ED4D0EB6 
 989      A31EEECF 
 990 0346 A9B17FE2 		.ascii	"\251\261\177\342\327\301\273Ji\352\022\372\026\217C"
 990      D7C1BB4A 
 990      69EA12FA 
 990      168F43
 991 0355 7902A315 		.ascii	"y\002\243\025\361\316N\334\273<\254M\365zh\370\263\252"
 991      F1CE4EDC 
 991      BB3CAC4D 
 991      F57A68F8 
 991      B3AA
 992 0367 157CCE03 		.ascii	"\025|\316\003\034\236\300w`\003\300\373\022\243;\030"
 992      1C9EC077 
 992      6003C0FB 
 992      12A33B18 
 993 0377 DDC65FE3 		.ascii	"\335\306_\343\334\212\227H\353\356)x\356a\345\334\017"
 993      DC8A9748 
 993      EBEE2978 
 993      EE61E5DC 
 993      0F
 994 0388 F1CC1C5C 		.ascii	"\361\314\034\\\257\252\243)\345\260~2\201\247D\363]"
 994      AFAAA329 
 994      E5B07E32 
 994      81A744F3 
 994      5D
 995 0399 8CA664F3 		.ascii	"\214\246d\3633\236\\\330k\356\356\241\275\342\314\301"
 995      339E5CD8 
 995      6BEEEEA1 
 995      BDE2CCC1 
 996 03a9 F6EA17E6 		.ascii	"\366\352\027\346{\242y\032\243{\262\371)O:`\201\003"
 996      7BA2791A 
 996      A37BB2F9 
 996      294F3A60 
 996      8103
 997 03bb 6C80470B 		.ascii	"l\200G\013\267'\023`\200Yq\200\331\223\243W\243\245"
 997      B7271360 
 997      80597180 
 997      D993A357 
 997      A3A5
 998 03cd E1E6E019 		.ascii	"\341\346\340\031\246m3\355Q\251\0350\336w;\306\233\021"
 998      A66D33ED 
 998      51A91D30 
 998      DE773BC6 
 998      9B11
 999 03df C783BD3E 		.ascii	"\307\203\275>#\217\267\314\223\020\033\353\316\264\263"
 999      238FB7CC 
ARM GAS  /tmp/ccxlqwqK.s 			page 36


 999      93101BEB 
 999      CEB4B3
 1000 03ee 5597EAF5 		.ascii	"U\227\352\365\322`C-\303\251\210\317\2138\274\226d\272"
 1000      D260432D 
 1000      C3A988CF 
 1000      8B38BC96 
 1000      64BA
 1001 0400 8B27F739 		.ascii	"\213'\3679\326L\212\331\303M\340(\212\347\354#\325\177"
 1001      D64C8AD9 
 1001      C34DE028 
 1001      8AE7EC23 
 1001      D57F
 1002 0412 E312A8FC 		.ascii	"\343\022\250\3746yY\332\361\21712.A\016\307\274c+>Y"
 1002      367959DA 
 1002      F18F3132 
 1002      2E410EC7 
 1002      BC632B3E 
 1003 0427 FDF0FD8F 		.ascii	"\375\360\375\217G\352\323\232\215\201\230\037I\230\300"
 1003      47EAD39A 
 1003      8D81981F 
 1003      4998C0
 1004 0436 7F8F17F1 		.ascii	"\177\217\027\361\277\241\260\214\3318P\276\354X\032"
 1004      BFA1B08C 
 1004      D93850BE 
 1004      EC581A
 1005 0445 D529E590 		.ascii	"\325)\345\220\272|\240\021\356\327\246\263\025\373\271"
 1005      BA7CA011 
 1005      EED7A6B3 
 1005      15FBB9
 1006 0454 307E0423 		.ascii	"0~\004#K\325G\030\177\216s/\361d\221-p\344\336\263?"
 1006      4BD54718 
 1006      7F8E732F 
 1006      F164912D 
 1006      70E4DEB3 
 1007 0469 1F18A734 		.ascii	"\037\030\2474\334p\243q\377iN\300O\000\224\242>\301"
 1007      DC70A371 
 1007      FF694EC0 
 1007      4F0094A2 
 1007      3EC1
 1008 047b 28F72A26 		.ascii	"(\367*&\021\206-_j\253\302\214\013\3716\250+\011\011"
 1008      11862D5F 
 1008      6AABC28C 
 1008      0BF936A8 
 1008      2B0909
 1009 048e 7855E156 		.ascii	"xU\341V\201\033\300\304\255\001n\346\3433\035\0227."
 1009      811BC0C4 
 1009      AD016EE6 
 1009      E3331D12 
 1009      372E
 1010 04a0 736B0AB7 		.ascii	"sk\012\267\006\334W\23041\356\302\324\354@\264\310y"
 1010      06DC5798 
 1010      3431EEC2 
 1010      D4EC40B4 
 1010      C879
 1011 04b2 9D75F4C7 		.ascii	"\235u\364\307\274\200\327\025n\035\270\273\230\2641"
 1011      BC80D715 
 1011      6E1DB8BB 
ARM GAS  /tmp/ccxlqwqK.s 			page 37


 1011      98B431
 1012 04c1 CE37587B 		.ascii	"\3167X{\205\023\363y\345|\233\012\267\011\334\002&\335"
 1012      8513F379 
 1012      E57C9B0A 
 1012      B709DC02 
 1012      26DD
 1013 04d3 8CABFEFA 		.ascii	"\214\253\376\372\376\337\325\371\266\024n\013\270\025"
 1013      FEDFD5F9 
 1013      B6146E0B 
 1013      B815
 1014 04e1 4C861977 		.ascii	"L\206\031w\322\2762\020\245\312\027Q\270\010p\021L&"
 1014      D2BE3210 
 1014      A5CA1751 
 1014      B8087011 
 1014      4C26
 1015 04f3 19179EF6 		.ascii	"\031\027\236\366\254D\251\362Qn\233\203g.\367$G\026"
 1015      AC44A9F2 
 1015      516E9B83 
 1015      672EF724 
 1015      4716
 1016 0505 19B7B5B8 		.ascii	"\031\267\265\270Y\255\025\363\265\310\371\312\025\256"
 1016      59AD15F3 
 1016      B5C8F9CA 
 1016      15AE
 1017 0513 1CB8468E 		.ascii	"\034\270F\216D\030\367\261\373\212/J\225\317\241p\016"
 1017      4418F7B1 
 1017      FB8A2F4A 
 1017      95CFA170 
 1017      0E
 1018 0524 E05A39E2 		.ascii	"\340Z9\342\346\201{\336\327\325\307\251\3629\025\316"
 1018      E6817BDE 
 1018      D7D5C7A9 
 1018      F23915CE 
 1019 0534 09DC798E 		.ascii	"\011\334y\21641\256\271\356\354\003^\225\317\245p.\340"
 1019      3431AEB9 
 1019      EEEC035E 
 1019      95CFA570 
 1019      2EE0
 1020 0546 2E73A48D 		.ascii	".s\244\215q\213\337\256\364H\375k\227\363U)\\\025p\002"
 1020      718BDFAE 
 1020      F448FD6B 
 1020      97F35529 
 1020      5C157002 
 1021 055a 47BA19D7 		.ascii	"G\272\031\327\325\372is\202*\237[\341\334\300\015qd"
 1021      D5FA6973 
 1021      822A9F5B 
 1021      E1DCC00D 
 1021      7164
 1022 056c 98714264 		.ascii	"\230qBd\365T\202*_\255\302\301\033&w\214#\223\214{\324"
 1022      F554822A 
 1022      5FADC2C1 
 1022      1B26778C 
 1022      23938C7B 
 1023 0581 3ADFA355 		.ascii	":\337\243U\345\363(\234\007\270\373\320?\306\215\371"
 1023      E5F3289C 
 1023      07B8FBD0 
 1023      3FC68DF9 
ARM GAS  /tmp/ccxlqwqK.s 			page 38


 1024 0591 AF87A47C 		.ascii	"\257\207\244|\235r\276\006\205k\000n\011\372\307\270"
 1024      9D72BE06 
 1024      856B006E 
 1024      09FAC7B8 
 1025 05a1 FE5B1B97 		.ascii	"\376[\033\227\324\371\032\025\256\021\270\247\320\277"
 1025      D4F91A15 
 1025      AE11B8A7 
 1025      D0BF
 1026 05af 97D83EED 		.ascii	"\227\330>\355\261'\251\342\235R\260S\200\225kH\023\303"
 1026      B127A9E2 
 1026      9D52B053 
 1026      80956B48 
 1026      13C3
 1027 05c1 5A07674F 		.ascii	"Z\007gO\350T\361\274\012\347\005\256FC\332\030\367x"
 1027      E854F1BC 
 1027      0AE705AE 
 1027      4643DA18 
 1027      F778
 1028 05d3 A86D43DC 		.ascii	"\250mC\334\246\341\220\034\317\247p\3602\315\365jH7"
 1028      A6E1901C 
 1028      CFA770F0 
 1028      32CDF56A 
 1028      4837
 1029 05e5 E356EB2E 		.ascii	"\343V\353.\314kU\361\232\025\256\031\2703\0322\314\270"
 1029      CC6B55F1 
 1029      9A15AE19 
 1029      B8331A32 
 1029      CCB8
 1030 05f7 819B915A 		.ascii	"\201\233\221Z\365\366kQ\270\026\340.j\310$\343\266f"
 1030      F5F66B51 
 1030      B816E02E 
 1030      6AC824E3 
 1030      B666
 1031 0609 E71EC7A8 		.ascii	"\347\036\307\250\362\371\025\316\017\334\025\015Yd\334"
 1031      F2F915CE 
 1031      0FDC150D 
 1031      5964DC
 1032 0618 54F7C853 		.ascii	"T\367\310S\221\013\217\311\371\002\012\027\000\256_"
 1032      910B8FC9 
 1032      F9020A17 
 1032      00AE5F
 1033 0627 43228CF3 		.ascii	"C\"\214\363wW\207\324\333\357\254\302\235\005nDC\334"
 1033      775787D4 
 1033      DBEFACC2 
 1033      9D056E44 
 1033      43DC
 1034 0639 5AE0BE99 		.ascii	"Z\340\276\231\351\033\217S\345\373D\341>\001n\002\372"
 1034      E91B8F53 
 1034      E5FB44E1 
 1034      3E016E02 
 1034      FA
 1035 064a C7B8E9A6 		.ascii	"\307\270\351\246>\237\372\3618\247p\347\200{\000\375"
 1035      3E9FFAF1 
 1035      38A770E7 
 1035      807B00FD 
 1036 065a 63DC4CEF 		.ascii	"c\334L\357d\013\021\363M\311\371\316+\334y\340\302\320"
 1036      640B11F3 
ARM GAS  /tmp/ccxlqwqK.s 			page 39


 1036      4DC9F9CE 
 1036      2BDC79E0 
 1036      C2D0
 1037 066c 3FC64DAE 		.ascii	"?\306M\256}\377\225\372\366^P8\370\247\220\373\003\364"
 1037      7DFF95FA 
 1037      F65E5038 
 1037      F8A790FB 
 1037      03F4
 1038 067e 8F71150F 		.ascii	"\217q\025\017\373\377\023\257\312wQ\341.\002\347\344"
 1038      FBFF13AF 
 1038      CA7751E1 
 1038      2E02E7E4 
 1039 068e C924E39E 		.ascii	"\311$\343\236\334\010\335P\367/\250pA\340\352y\236\373"
 1039      DC08DD50 
 1039      F72FA870 
 1039      41E0EA79 
 1039      9EFB
 1040 06a0 C7F3BF3E 		.ascii	"\307\363\277>\346\224_+a\271\372\031\307~>\247\245\031"
 1040      E6945F2B 
 1040      61B9FA19 
 1040      C77E3EA7 
 1040      A519
 1041 06b2 4ACA0CF9 		.ascii	"J\312\014\371%EE%\305\2062\233\331j;Vj\370\371\257\216"
 1041      25454525 
 1041      C586329B 
 1041      D96A3B56 
 1041      6AF8F9AF 
 1042 06c7 E41D39CE 		.ascii	"\344\0359\316\256\226\026\024Z\254e\206w\362\362\014"
 1042      AE961614 
 1042      5AAC6586 
 1042      77F2F20C 
 1043 06d7 F9569B31 		.ascii	"\371V\2331-\237\274\363\213\337\244\344\031s\220^:O"
 1043      2D9FBCF3 
 1043      8BDFA4E4 
 1043      1973905E 
 1043      3A4F
 1044 06e9 CBCACF49 		.ascii	"\313\312\317I\317\377\351{\351\210\034+(\266e\244\233"
 1044      CFFFE97B 
 1044      E9881C2B 
 1044      28B665A4 
 1044      9B
 1045 06fa 6CBAFC42 		.ascii	"l\272\374B\213\331j2[-\346\350\202\342\002\233x\024"
 1045      8BD96A32 
 1045      5B2DE6E8 
 1045      82E2029B 
 1045      7814
 1046 070c 2F1ED92C 		.ascii	"/\036\331,\307\245\323\330\342\022\223R;`x\277\244\310"
 1046      C7A5D3D8 
 1046      E2129352 
 1046      3B6078BF 
 1046      A4C8
 1047 071e 6228327F 		.ascii	"b(2\177h.>j\310\177\277\340w\005%e\207>(\261\036-+5"
 1047      682E3E6A 
 1047      C87FBFE0 
 1047      77052565 
 1047      873E28B1 
 1048 0736 E75B0C79 		.ascii	"\347[\014y\354\312/\177m0\227\226\"\343\377\033\030"
ARM GAS  /tmp/ccxlqwqK.s 			page 40


 1048      ECCA2F7F 
 1048      6D309796 
 1048      22E3FF1B 
 1048      18
 1049 0747 2558CD45 		.ascii	"%X\315E/\3462\3314\306l\024m\266\026\3751\307r\250\010"
 1049      2FE632D9 
 1049      34C66C14 
 1049      6DB616FD 
 1049      31C772A8 
 1050 075c E9F24BAC 		.ascii	"\351\362K\254\220\352PQ&\2121\231\340\304\"\262\374"
 1050      90EA5051 
 1050      268A3199 
 1050      E0C422B2 
 1050      FC
 1051 076d 0716F3D1 		.ascii	"\007\026\363\321X\223\011\026R\370\241x\005\252\205"
 1051      58930916 
 1051      52F8A178 
 1051      05AA85
 1052 077c 669B548D 		.ascii	"f\233T\2157\231~oy\317|\254\320f\262\034/\260\221b\260"
 1052      37997E6F 
 1052      79CF7CAC 
 1052      D066B21C 
 1052      2FB09162 
 1053 0791 D98E598B 		.ascii	"\331\216Y\213\365&i\"6#\233\254,Z9J2\261\253\207M/\332"
 1053      F5266922 
 1053      36239BAC 
 1053      2C5A394A 
 1053      32B1AB87 
 1054 07a8 608ADB79 		.ascii	"`\212\333y\311\024/\237I\3153%\310\247\305%RY\362\033"
 1054      C9142F9F 
 1054      49CD3325 
 1054      C8A7C525 
 1054      5259F21B 
 1055 07bc F7FA8D2A 		.ascii	"\367\372\215*\277Q\3557\356\362\247\357\365\247\253"
 1055      BF51ED37 
 1055      EEF2A7EF 
 1055      F5A7AB
 1056 07cb FCE96A7F 		.ascii	"\374\351j\177\372"
 1056      FA
 1057 07d0 2E7FC65E 		.ascii	".\177\306^\177\206\312\237\241\366g\354\362g\356\365"
 1057      7F86CA9F 
 1057      A1F667EC 
 1057      F267EEF5 
 1058 07e0 67AAFC99 		.ascii	"g\252\374\231j\177\346.\177\326^\177\226\312\237\245"
 1058      6A7FE62E 
 1058      7FD65E7F 
 1058      96CA9FA5 
 1059 07f0 F667EDF2 		.ascii	"\366g\355\362g\357\365g\253\374\331j\177\366.\177\316"
 1059      67EFF567 
 1059      ABFCD96A 
 1059      7FF62E7F 
 1059      CE
 1060 0801 5E7F8ECA 		.ascii	"^\177\216\312\237\243\366\347(\376\377\002\215\033P"
 1060      9FA3F6E7 
 1060      28FEFF02 
 1060      8D1B50
 1061 0810 C1       		.ascii	"\301"
ARM GAS  /tmp/ccxlqwqK.s 			page 41


 1062              		.text
 1063              		.section	.gnu.lto_.symtab.eb516e35b7a5aeee,"e",%progbits
 1064 0000 5F5F636F 		.ascii	"__core_init\000"
 1064      72655F69 
 1064      6E697400 
 1065 000c 00       		.ascii	"\000"
 1066 000d 01       		.ascii	"\001"
 1067 000e 00       		.ascii	"\000"
 1068 000f 00000000 		.ascii	"\000\000\000\000\000\000\000\000"
 1068      00000000 
 1069 0017 DA000000 		.ascii	"\332\000\000\000"
 1070 001b 5F5F6561 		.ascii	"__early_init\000"
 1070      726C795F 
 1070      696E6974 
 1070      00
 1071 0028 00       		.ascii	"\000"
 1072 0029 01       		.ascii	"\001"
 1073 002a 00       		.ascii	"\000"
 1074 002b 00000000 		.ascii	"\000\000\000\000\000\000\000\000"
 1074      00000000 
 1075 0033 DD000000 		.ascii	"\335\000\000\000"
 1076 0037 5F5F6C61 		.ascii	"__late_init\000"
 1076      74655F69 
 1076      6E697400 
 1077 0043 00       		.ascii	"\000"
 1078 0044 01       		.ascii	"\001"
 1079 0045 00       		.ascii	"\000"
 1080 0046 00000000 		.ascii	"\000\000\000\000\000\000\000\000"
 1080      00000000 
 1081 004e E0000000 		.ascii	"\340\000\000\000"
 1082 0052 5F5F6465 		.ascii	"__default_exit\000"
 1082      6661756C 
 1082      745F6578 
 1082      697400
 1083 0061 00       		.ascii	"\000"
 1084 0062 01       		.ascii	"\001"
 1085 0063 00       		.ascii	"\000"
 1086 0064 00000000 		.ascii	"\000\000\000\000\000\000\000\000"
 1086      00000000 
 1087 006c E5000000 		.ascii	"\345\000\000\000"
 1088 0070 5F5F696E 		.ascii	"__init_ram_areas\000"
 1088      69745F72 
 1088      616D5F61 
 1088      72656173 
 1088      00
 1089 0081 00       		.ascii	"\000"
 1090 0082 00       		.ascii	"\000"
 1091 0083 00       		.ascii	"\000"
 1092 0084 00000000 		.ascii	"\000\000\000\000\000\000\000\000"
 1092      00000000 
 1093 008c E7000000 		.ascii	"\347\000\000\000"
 1094 0090 5F5F7261 		.ascii	"__ram0_init_text__\000"
 1094      6D305F69 
 1094      6E69745F 
 1094      74657874 
 1094      5F5F00
 1095 00a3 00       		.ascii	"\000"
ARM GAS  /tmp/ccxlqwqK.s 			page 42


 1096 00a4 02       		.ascii	"\002"
 1097 00a5 00       		.ascii	"\000"
 1098 00a6 00000000 		.ascii	"\000\000\000\000\000\000\000\000"
 1098      00000000 
 1099 00ae F2000000 		.ascii	"\362\000\000\000"
 1100 00b2 5F5F7261 		.ascii	"__ram0_init__\000"
 1100      6D305F69 
 1100      6E69745F 
 1100      5F00
 1101 00c0 00       		.ascii	"\000"
 1102 00c1 02       		.ascii	"\002"
 1103 00c2 00       		.ascii	"\000"
 1104 00c3 00000000 		.ascii	"\000\000\000\000\000\000\000\000"
 1104      00000000 
 1105 00cb F4000000 		.ascii	"\364\000\000\000"
 1106 00cf 5F5F7261 		.ascii	"__ram0_clear__\000"
 1106      6D305F63 
 1106      6C656172 
 1106      5F5F00
 1107 00de 00       		.ascii	"\000"
 1108 00df 02       		.ascii	"\002"
 1109 00e0 00       		.ascii	"\000"
 1110 00e1 00000000 		.ascii	"\000\000\000\000\000\000\000\000"
 1110      00000000 
 1111 00e9 F6000000 		.ascii	"\366\000\000\000"
 1112 00ed 5F5F7261 		.ascii	"__ram0_noinit__\000"
 1112      6D305F6E 
 1112      6F696E69 
 1112      745F5F00 
 1113 00fd 00       		.ascii	"\000"
 1114 00fe 02       		.ascii	"\002"
 1115 00ff 00       		.ascii	"\000"
 1116 0100 00000000 		.ascii	"\000\000\000\000\000\000\000\000"
 1116      00000000 
 1117 0108 F8000000 		.ascii	"\370\000\000\000"
 1118 010c 5F5F7261 		.ascii	"__ram1_init_text__\000"
 1118      6D315F69 
 1118      6E69745F 
 1118      74657874 
 1118      5F5F00
 1119 011f 00       		.ascii	"\000"
 1120 0120 02       		.ascii	"\002"
 1121 0121 00       		.ascii	"\000"
 1122 0122 00000000 		.ascii	"\000\000\000\000\000\000\000\000"
 1122      00000000 
 1123 012a FA000000 		.ascii	"\372\000\000\000"
 1124 012e 5F5F7261 		.ascii	"__ram1_init__\000"
 1124      6D315F69 
 1124      6E69745F 
 1124      5F00
 1125 013c 00       		.ascii	"\000"
 1126 013d 02       		.ascii	"\002"
 1127 013e 00       		.ascii	"\000"
 1128 013f 00000000 		.ascii	"\000\000\000\000\000\000\000\000"
 1128      00000000 
 1129 0147 FC000000 		.ascii	"\374\000\000\000"
 1130 014b 5F5F7261 		.ascii	"__ram1_clear__\000"
ARM GAS  /tmp/ccxlqwqK.s 			page 43


 1130      6D315F63 
 1130      6C656172 
 1130      5F5F00
 1131 015a 00       		.ascii	"\000"
 1132 015b 02       		.ascii	"\002"
 1133 015c 00       		.ascii	"\000"
 1134 015d 00000000 		.ascii	"\000\000\000\000\000\000\000\000"
 1134      00000000 
 1135 0165 FE000000 		.ascii	"\376\000\000\000"
 1136 0169 5F5F7261 		.ascii	"__ram1_noinit__\000"
 1136      6D315F6E 
 1136      6F696E69 
 1136      745F5F00 
 1137 0179 00       		.ascii	"\000"
 1138 017a 02       		.ascii	"\002"
 1139 017b 00       		.ascii	"\000"
 1140 017c 00000000 		.ascii	"\000\000\000\000\000\000\000\000"
 1140      00000000 
 1141 0184 00010000 		.ascii	"\000\001\000\000"
 1142 0188 5F5F7261 		.ascii	"__ram2_init_text__\000"
 1142      6D325F69 
 1142      6E69745F 
 1142      74657874 
 1142      5F5F00
 1143 019b 00       		.ascii	"\000"
 1144 019c 02       		.ascii	"\002"
 1145 019d 00       		.ascii	"\000"
 1146 019e 00000000 		.ascii	"\000\000\000\000\000\000\000\000"
 1146      00000000 
 1147 01a6 02010000 		.ascii	"\002\001\000\000"
 1148 01aa 5F5F7261 		.ascii	"__ram2_init__\000"
 1148      6D325F69 
 1148      6E69745F 
 1148      5F00
 1149 01b8 00       		.ascii	"\000"
 1150 01b9 02       		.ascii	"\002"
 1151 01ba 00       		.ascii	"\000"
 1152 01bb 00000000 		.ascii	"\000\000\000\000\000\000\000\000"
 1152      00000000 
 1153 01c3 04010000 		.ascii	"\004\001\000\000"
 1154 01c7 5F5F7261 		.ascii	"__ram2_clear__\000"
 1154      6D325F63 
 1154      6C656172 
 1154      5F5F00
 1155 01d6 00       		.ascii	"\000"
 1156 01d7 02       		.ascii	"\002"
 1157 01d8 00       		.ascii	"\000"
 1158 01d9 00000000 		.ascii	"\000\000\000\000\000\000\000\000"
 1158      00000000 
 1159 01e1 06010000 		.ascii	"\006\001\000\000"
 1160 01e5 5F5F7261 		.ascii	"__ram2_noinit__\000"
 1160      6D325F6E 
 1160      6F696E69 
 1160      745F5F00 
 1161 01f5 00       		.ascii	"\000"
 1162 01f6 02       		.ascii	"\002"
 1163 01f7 00       		.ascii	"\000"
ARM GAS  /tmp/ccxlqwqK.s 			page 44


 1164 01f8 00000000 		.ascii	"\000\000\000\000\000\000\000\000"
 1164      00000000 
 1165 0200 08010000 		.ascii	"\010\001\000\000"
 1166 0204 5F5F7261 		.ascii	"__ram3_init_text__\000"
 1166      6D335F69 
 1166      6E69745F 
 1166      74657874 
 1166      5F5F00
 1167 0217 00       		.ascii	"\000"
 1168 0218 02       		.ascii	"\002"
 1169 0219 00       		.ascii	"\000"
 1170 021a 00000000 		.ascii	"\000\000\000\000\000\000\000\000"
 1170      00000000 
 1171 0222 0A010000 		.ascii	"\012\001\000\000"
 1172 0226 5F5F7261 		.ascii	"__ram3_init__\000"
 1172      6D335F69 
 1172      6E69745F 
 1172      5F00
 1173 0234 00       		.ascii	"\000"
 1174 0235 02       		.ascii	"\002"
 1175 0236 00       		.ascii	"\000"
 1176 0237 00000000 		.ascii	"\000\000\000\000\000\000\000\000"
 1176      00000000 
 1177 023f 0C010000 		.ascii	"\014\001\000\000"
 1178 0243 5F5F7261 		.ascii	"__ram3_clear__\000"
 1178      6D335F63 
 1178      6C656172 
 1178      5F5F00
 1179 0252 00       		.ascii	"\000"
 1180 0253 02       		.ascii	"\002"
 1181 0254 00       		.ascii	"\000"
 1182 0255 00000000 		.ascii	"\000\000\000\000\000\000\000\000"
 1182      00000000 
 1183 025d 0E010000 		.ascii	"\016\001\000\000"
 1184 0261 5F5F7261 		.ascii	"__ram3_noinit__\000"
 1184      6D335F6E 
 1184      6F696E69 
 1184      745F5F00 
 1185 0271 00       		.ascii	"\000"
 1186 0272 02       		.ascii	"\002"
 1187 0273 00       		.ascii	"\000"
 1188 0274 00000000 		.ascii	"\000\000\000\000\000\000\000\000"
 1188      00000000 
 1189 027c 10010000 		.ascii	"\020\001\000\000"
 1190 0280 5F5F7261 		.ascii	"__ram4_init_text__\000"
 1190      6D345F69 
 1190      6E69745F 
 1190      74657874 
 1190      5F5F00
 1191 0293 00       		.ascii	"\000"
 1192 0294 02       		.ascii	"\002"
 1193 0295 00       		.ascii	"\000"
 1194 0296 00000000 		.ascii	"\000\000\000\000\000\000\000\000"
 1194      00000000 
 1195 029e 12010000 		.ascii	"\022\001\000\000"
 1196 02a2 5F5F7261 		.ascii	"__ram4_init__\000"
 1196      6D345F69 
ARM GAS  /tmp/ccxlqwqK.s 			page 45


 1196      6E69745F 
 1196      5F00
 1197 02b0 00       		.ascii	"\000"
 1198 02b1 02       		.ascii	"\002"
 1199 02b2 00       		.ascii	"\000"
 1200 02b3 00000000 		.ascii	"\000\000\000\000\000\000\000\000"
 1200      00000000 
 1201 02bb 14010000 		.ascii	"\024\001\000\000"
 1202 02bf 5F5F7261 		.ascii	"__ram4_clear__\000"
 1202      6D345F63 
 1202      6C656172 
 1202      5F5F00
 1203 02ce 00       		.ascii	"\000"
 1204 02cf 02       		.ascii	"\002"
 1205 02d0 00       		.ascii	"\000"
 1206 02d1 00000000 		.ascii	"\000\000\000\000\000\000\000\000"
 1206      00000000 
 1207 02d9 16010000 		.ascii	"\026\001\000\000"
 1208 02dd 5F5F7261 		.ascii	"__ram4_noinit__\000"
 1208      6D345F6E 
 1208      6F696E69 
 1208      745F5F00 
 1209 02ed 00       		.ascii	"\000"
 1210 02ee 02       		.ascii	"\002"
 1211 02ef 00       		.ascii	"\000"
 1212 02f0 00000000 		.ascii	"\000\000\000\000\000\000\000\000"
 1212      00000000 
 1213 02f8 18010000 		.ascii	"\030\001\000\000"
 1214 02fc 5F5F7261 		.ascii	"__ram5_init_text__\000"
 1214      6D355F69 
 1214      6E69745F 
 1214      74657874 
 1214      5F5F00
 1215 030f 00       		.ascii	"\000"
 1216 0310 02       		.ascii	"\002"
 1217 0311 00       		.ascii	"\000"
 1218 0312 00000000 		.ascii	"\000\000\000\000\000\000\000\000"
 1218      00000000 
 1219 031a 1A010000 		.ascii	"\032\001\000\000"
 1220 031e 5F5F7261 		.ascii	"__ram5_init__\000"
 1220      6D355F69 
 1220      6E69745F 
 1220      5F00
 1221 032c 00       		.ascii	"\000"
 1222 032d 02       		.ascii	"\002"
 1223 032e 00       		.ascii	"\000"
 1224 032f 00000000 		.ascii	"\000\000\000\000\000\000\000\000"
 1224      00000000 
 1225 0337 1C010000 		.ascii	"\034\001\000\000"
 1226 033b 5F5F7261 		.ascii	"__ram5_clear__\000"
 1226      6D355F63 
 1226      6C656172 
 1226      5F5F00
 1227 034a 00       		.ascii	"\000"
 1228 034b 02       		.ascii	"\002"
 1229 034c 00       		.ascii	"\000"
 1230 034d 00000000 		.ascii	"\000\000\000\000\000\000\000\000"
ARM GAS  /tmp/ccxlqwqK.s 			page 46


 1230      00000000 
 1231 0355 1E010000 		.ascii	"\036\001\000\000"
 1232 0359 5F5F7261 		.ascii	"__ram5_noinit__\000"
 1232      6D355F6E 
 1232      6F696E69 
 1232      745F5F00 
 1233 0369 00       		.ascii	"\000"
 1234 036a 02       		.ascii	"\002"
 1235 036b 00       		.ascii	"\000"
 1236 036c 00000000 		.ascii	"\000\000\000\000\000\000\000\000"
 1236      00000000 
 1237 0374 20010000 		.ascii	" \001\000\000"
 1238 0378 5F5F7261 		.ascii	"__ram6_init_text__\000"
 1238      6D365F69 
 1238      6E69745F 
 1238      74657874 
 1238      5F5F00
 1239 038b 00       		.ascii	"\000"
 1240 038c 02       		.ascii	"\002"
 1241 038d 00       		.ascii	"\000"
 1242 038e 00000000 		.ascii	"\000\000\000\000\000\000\000\000"
 1242      00000000 
 1243 0396 22010000 		.ascii	"\"\001\000\000"
 1244 039a 5F5F7261 		.ascii	"__ram6_init__\000"
 1244      6D365F69 
 1244      6E69745F 
 1244      5F00
 1245 03a8 00       		.ascii	"\000"
 1246 03a9 02       		.ascii	"\002"
 1247 03aa 00       		.ascii	"\000"
 1248 03ab 00000000 		.ascii	"\000\000\000\000\000\000\000\000"
 1248      00000000 
 1249 03b3 24010000 		.ascii	"$\001\000\000"
 1250 03b7 5F5F7261 		.ascii	"__ram6_clear__\000"
 1250      6D365F63 
 1250      6C656172 
 1250      5F5F00
 1251 03c6 00       		.ascii	"\000"
 1252 03c7 02       		.ascii	"\002"
 1253 03c8 00       		.ascii	"\000"
 1254 03c9 00000000 		.ascii	"\000\000\000\000\000\000\000\000"
 1254      00000000 
 1255 03d1 26010000 		.ascii	"&\001\000\000"
 1256 03d5 5F5F7261 		.ascii	"__ram6_noinit__\000"
 1256      6D365F6E 
 1256      6F696E69 
 1256      745F5F00 
 1257 03e5 00       		.ascii	"\000"
 1258 03e6 02       		.ascii	"\002"
 1259 03e7 00       		.ascii	"\000"
 1260 03e8 00000000 		.ascii	"\000\000\000\000\000\000\000\000"
 1260      00000000 
 1261 03f0 28010000 		.ascii	"(\001\000\000"
 1262 03f4 5F5F7261 		.ascii	"__ram7_init_text__\000"
 1262      6D375F69 
 1262      6E69745F 
 1262      74657874 
ARM GAS  /tmp/ccxlqwqK.s 			page 47


 1262      5F5F00
 1263 0407 00       		.ascii	"\000"
 1264 0408 02       		.ascii	"\002"
 1265 0409 00       		.ascii	"\000"
 1266 040a 00000000 		.ascii	"\000\000\000\000\000\000\000\000"
 1266      00000000 
 1267 0412 2A010000 		.ascii	"*\001\000\000"
 1268 0416 5F5F7261 		.ascii	"__ram7_init__\000"
 1268      6D375F69 
 1268      6E69745F 
 1268      5F00
 1269 0424 00       		.ascii	"\000"
 1270 0425 02       		.ascii	"\002"
 1271 0426 00       		.ascii	"\000"
 1272 0427 00000000 		.ascii	"\000\000\000\000\000\000\000\000"
 1272      00000000 
 1273 042f 2C010000 		.ascii	",\001\000\000"
 1274 0433 5F5F7261 		.ascii	"__ram7_clear__\000"
 1274      6D375F63 
 1274      6C656172 
 1274      5F5F00
 1275 0442 00       		.ascii	"\000"
 1276 0443 02       		.ascii	"\002"
 1277 0444 00       		.ascii	"\000"
 1278 0445 00000000 		.ascii	"\000\000\000\000\000\000\000\000"
 1278      00000000 
 1279 044d 2E010000 		.ascii	".\001\000\000"
 1280 0451 5F5F7261 		.ascii	"__ram7_noinit__\000"
 1280      6D375F6E 
 1280      6F696E69 
 1280      745F5F00 
 1281 0461 00       		.ascii	"\000"
 1282 0462 02       		.ascii	"\002"
 1283 0463 00       		.ascii	"\000"
 1284 0464 00000000 		.ascii	"\000\000\000\000\000\000\000\000"
 1284      00000000 
 1285 046c 30010000 		.ascii	"0\001\000\000"
 1286              		.text
 1287              		.section	.gnu.lto_.ext_symtab.eb516e35b7a5aeee,"e",%progbits
 1288 0000 01       		.ascii	"\001"
 1289 0001 01       		.ascii	"\001"
 1290 0002 00       		.ascii	"\000"
 1291 0003 01       		.ascii	"\001"
 1292 0004 00       		.ascii	"\000"
 1293 0005 01       		.ascii	"\001"
 1294 0006 00       		.ascii	"\000"
 1295 0007 01       		.ascii	"\001"
 1296 0008 00       		.ascii	"\000"
 1297 0009 01       		.ascii	"\001"
 1298 000a 00       		.ascii	"\000"
 1299 000b 02       		.ascii	"\002"
 1300 000c 01       		.ascii	"\001"
 1301 000d 02       		.ascii	"\002"
 1302 000e 01       		.ascii	"\001"
 1303 000f 02       		.ascii	"\002"
 1304 0010 01       		.ascii	"\001"
 1305 0011 02       		.ascii	"\002"
ARM GAS  /tmp/ccxlqwqK.s 			page 48


 1306 0012 01       		.ascii	"\001"
 1307 0013 02       		.ascii	"\002"
 1308 0014 01       		.ascii	"\001"
 1309 0015 02       		.ascii	"\002"
 1310 0016 01       		.ascii	"\001"
 1311 0017 02       		.ascii	"\002"
 1312 0018 01       		.ascii	"\001"
 1313 0019 02       		.ascii	"\002"
 1314 001a 01       		.ascii	"\001"
 1315 001b 02       		.ascii	"\002"
 1316 001c 01       		.ascii	"\001"
 1317 001d 02       		.ascii	"\002"
 1318 001e 01       		.ascii	"\001"
 1319 001f 02       		.ascii	"\002"
 1320 0020 01       		.ascii	"\001"
 1321 0021 02       		.ascii	"\002"
 1322 0022 01       		.ascii	"\001"
 1323 0023 02       		.ascii	"\002"
 1324 0024 01       		.ascii	"\001"
 1325 0025 02       		.ascii	"\002"
 1326 0026 01       		.ascii	"\001"
 1327 0027 02       		.ascii	"\002"
 1328 0028 01       		.ascii	"\001"
 1329 0029 02       		.ascii	"\002"
 1330 002a 01       		.ascii	"\001"
 1331 002b 02       		.ascii	"\002"
 1332 002c 01       		.ascii	"\001"
 1333 002d 02       		.ascii	"\002"
 1334 002e 01       		.ascii	"\001"
 1335 002f 02       		.ascii	"\002"
 1336 0030 01       		.ascii	"\001"
 1337 0031 02       		.ascii	"\002"
 1338 0032 01       		.ascii	"\001"
 1339 0033 02       		.ascii	"\002"
 1340 0034 01       		.ascii	"\001"
 1341 0035 02       		.ascii	"\002"
 1342 0036 01       		.ascii	"\001"
 1343 0037 02       		.ascii	"\002"
 1344 0038 01       		.ascii	"\001"
 1345 0039 02       		.ascii	"\002"
 1346 003a 01       		.ascii	"\001"
 1347 003b 02       		.ascii	"\002"
 1348 003c 01       		.ascii	"\001"
 1349 003d 02       		.ascii	"\002"
 1350 003e 01       		.ascii	"\001"
 1351 003f 02       		.ascii	"\002"
 1352 0040 01       		.ascii	"\001"
 1353 0041 02       		.ascii	"\002"
 1354 0042 01       		.ascii	"\001"
 1355 0043 02       		.ascii	"\002"
 1356 0044 01       		.ascii	"\001"
 1357 0045 02       		.ascii	"\002"
 1358 0046 01       		.ascii	"\001"
 1359 0047 02       		.ascii	"\002"
 1360 0048 01       		.ascii	"\001"
 1361 0049 02       		.ascii	"\002"
 1362 004a 01       		.ascii	"\001"
ARM GAS  /tmp/ccxlqwqK.s 			page 49


 1363              		.text
 1364              		.section	.gnu.lto_.opts,"e",%progbits
 1365 0000 272D666E 		.ascii	"'-fno-openmp' '-fno-openacc' '-fno-pie' '-fcf-prote"
 1365      6F2D6F70 
 1365      656E6D70 
 1365      2720272D 
 1365      666E6F2D 
 1366 0033 6374696F 		.ascii	"ction=none' '-g' '-mcpu=cortex-m4' '-mthumb' '-mflo"
 1366      6E3D6E6F 
 1366      6E652720 
 1366      272D6727 
 1366      20272D6D 
 1367 0066 61742D61 		.ascii	"at-abi=soft' '-mlibarch=armv7e-m' '-march=armv7e-m'"
 1367      62693D73 
 1367      6F667427 
 1367      20272D6D 
 1367      6C696261 
 1368 0099 20272D4F 		.ascii	" '-O2' '-fomit-frame-pointer' '-falign-functions=16"
 1368      32272027 
 1368      2D666F6D 
 1368      69742D66 
 1368      72616D65 
 1369 00cc 2720272D 		.ascii	"' '-ffunction-sections' '-fdata-sections' '-fno-com"
 1369      6666756E 
 1369      6374696F 
 1369      6E2D7365 
 1369      6374696F 
 1370 00ff 6D6F6E27 		.ascii	"mon' '-flto' '-Xassembler' '-alms=./build/lst/crt1."
 1370      20272D66 
 1370      6C746F27 
 1370      20272D58 
 1370      61737365 
 1371 0132 6C737427 		.ascii	"lst'\000"
 1371      00
 1372              		.text
 1373              		.comm	__gnu_lto_slim,1,1
 1374              		.ident	"GCC: (15:13.2.rel1-2) 13.2.1 20231009"
ARM GAS  /tmp/ccxlqwqK.s 			page 50


DEFINED SYMBOLS
                            *ABS*:00000000 crt1.c
     /tmp/ccxlqwqK.s:20     .gnu.debuglto_.debug_info:00000000 crt1.c.5c72c9f2
                            *COM*:00000001 __gnu_lto_slim

NO UNDEFINED SYMBOLS
