ARM GAS  /tmp/ccxWovfp.s 			page 1


   1              		.cpu cortex-m4
   2              		.arch armv7e-m
   3              		.fpu softvfp
   4              		.eabi_attribute 20, 1
   5              		.eabi_attribute 21, 1
   6              		.eabi_attribute 23, 3
   7              		.eabi_attribute 24, 1
   8              		.eabi_attribute 25, 1
   9              		.eabi_attribute 26, 1
  10              		.eabi_attribute 30, 2
  11              		.eabi_attribute 34, 1
  12              		.eabi_attribute 18, 4
  13              		.file	"hal.c"
  14              		.file 1 "../os/hal/include/hal_st.h"
  15              		.file 2 "../os/hal/boards/ST_STM32F401C_DISCOVERY/board.h"
  16              		.file 3 "../os/hal/include/hal_serial.h"
  17              		.file 4 "../os/hal/ports/STM32/LLD/GPIOv2/hal_pal_lld.h"
  18              		.file 5 "../os/hal/ports/STM32/STM32F4xx/hal_lld_type1.h"
  19              		.file 6 "../os/hal/src/hal.c"
  20              		.file 7 "../os/hal/osal/rt/osal.h"
  21              		.section	.gnu.debuglto_.debug_info,"e",%progbits
  22              	.Ldebug_info0:
  23              		.hidden	hal.c.05c48c23
  24              		.weak	hal.c.05c48c23
  25              	hal.c.05c48c23:
  26 0000 AF000000 		.4byte	0xaf
  27 0004 0500     		.2byte	0x5
  28 0006 01       		.byte	0x1
  29 0007 04       		.byte	0x4
  30 0008 00000000 		.4byte	.Ldebug_abbrev0
  31 000c 03       		.uleb128 0x3
  32 000d D1000000 		.4byte	.LASF17
  33 0011 1D       		.byte	0x1d
  34 0012 A2010000 		.4byte	.LASF18
  35 0016 71000000 		.4byte	.LASF19
  36 001a 00000000 		.4byte	.Ldebug_line0
  37 001e 04       		.uleb128 0x4
  38 001f 04       		.byte	0x4
  39 0020 05       		.byte	0x5
  40 0021 696E7400 		.ascii	"int\000"
  41 0025 01       		.uleb128 0x1
  42 0026 04       		.byte	0x4
  43 0027 07       		.byte	0x7
  44 0028 21000000 		.4byte	.LASF0
  45 002c 01       		.uleb128 0x1
  46 002d 08       		.byte	0x8
  47 002e 05       		.byte	0x5
  48 002f 00000000 		.4byte	.LASF1
  49 0033 01       		.uleb128 0x1
  50 0034 08       		.byte	0x8
  51 0035 04       		.byte	0x4
  52 0036 BF010000 		.4byte	.LASF2
  53 003a 01       		.uleb128 0x1
  54 003b 01       		.byte	0x1
  55 003c 06       		.byte	0x6
  56 003d 96010000 		.4byte	.LASF3
  57 0041 01       		.uleb128 0x1
ARM GAS  /tmp/ccxWovfp.s 			page 2


  58 0042 02       		.byte	0x2
  59 0043 05       		.byte	0x5
  60 0044 AD000000 		.4byte	.LASF4
  61 0048 01       		.uleb128 0x1
  62 0049 04       		.byte	0x4
  63 004a 05       		.byte	0x5
  64 004b 9C000000 		.4byte	.LASF5
  65 004f 01       		.uleb128 0x1
  66 0050 01       		.byte	0x1
  67 0051 08       		.byte	0x8
  68 0052 5E000000 		.4byte	.LASF6
  69 0056 01       		.uleb128 0x1
  70 0057 02       		.byte	0x2
  71 0058 07       		.byte	0x7
  72 0059 0E000000 		.4byte	.LASF7
  73 005d 01       		.uleb128 0x1
  74 005e 04       		.byte	0x4
  75 005f 07       		.byte	0x7
  76 0060 35000000 		.4byte	.LASF8
  77 0064 01       		.uleb128 0x1
  78 0065 08       		.byte	0x8
  79 0066 07       		.byte	0x7
  80 0067 47000000 		.4byte	.LASF9
  81 006b 01       		.uleb128 0x1
  82 006c 01       		.byte	0x1
  83 006d 08       		.byte	0x8
  84 006e 6C000000 		.4byte	.LASF10
  85 0072 01       		.uleb128 0x1
  86 0073 01       		.byte	0x1
  87 0074 02       		.byte	0x2
  88 0075 BE000000 		.4byte	.LASF11
  89 0079 05       		.uleb128 0x5
  90 007a 2E000000 		.4byte	.LASF12
  91 007e 01       		.byte	0x1
  92 007f 56       		.byte	0x56
  93 0080 08       		.byte	0x8
  94 0081 02       		.uleb128 0x2
  95 0082 8C010000 		.4byte	.LASF13
  96 0086 02       		.byte	0x2
  97 0087 4F05     		.2byte	0x54f
  98 0089 02       		.uleb128 0x2
  99 008a B7000000 		.4byte	.LASF14
 100 008e 03       		.byte	0x3
 101 008f 2201     		.2byte	0x122
 102 0091 02       		.uleb128 0x2
 103 0092 CB010000 		.4byte	.LASF15
 104 0096 04       		.byte	0x4
 105 0097 F201     		.2byte	0x1f2
 106 0099 02       		.uleb128 0x2
 107 009a C4000000 		.4byte	.LASF16
 108 009e 05       		.byte	0x5
 109 009f B407     		.2byte	0x7b4
 110 00a1 06       		.uleb128 0x6
 111 00a2 A5000000 		.4byte	.LASF20
 112 00a6 06       		.byte	0x6
 113 00a7 38       		.byte	0x38
 114 00a8 06       		.byte	0x6
ARM GAS  /tmp/ccxWovfp.s 			page 3


 115 00a9 07       		.uleb128 0x7
 116 00aa B6010000 		.4byte	.LASF21
 117 00ae 07       		.byte	0x7
 118 00af D301     		.2byte	0x1d3
 119 00b1 14       		.byte	0x14
 120 00b2 00       		.byte	0
 121              		.section	.gnu.debuglto_.debug_abbrev,"e",%progbits
 122              	.Ldebug_abbrev0:
 123 0000 01       		.uleb128 0x1
 124 0001 24       		.uleb128 0x24
 125 0002 00       		.byte	0
 126 0003 0B       		.uleb128 0xb
 127 0004 0B       		.uleb128 0xb
 128 0005 3E       		.uleb128 0x3e
 129 0006 0B       		.uleb128 0xb
 130 0007 03       		.uleb128 0x3
 131 0008 0E       		.uleb128 0xe
 132 0009 00       		.byte	0
 133 000a 00       		.byte	0
 134 000b 02       		.uleb128 0x2
 135 000c 2E       		.uleb128 0x2e
 136 000d 00       		.byte	0
 137 000e 3F       		.uleb128 0x3f
 138 000f 19       		.uleb128 0x19
 139 0010 03       		.uleb128 0x3
 140 0011 0E       		.uleb128 0xe
 141 0012 3A       		.uleb128 0x3a
 142 0013 0B       		.uleb128 0xb
 143 0014 3B       		.uleb128 0x3b
 144 0015 05       		.uleb128 0x5
 145 0016 39       		.uleb128 0x39
 146 0017 21       		.uleb128 0x21
 147 0018 08       		.sleb128 8
 148 0019 27       		.uleb128 0x27
 149 001a 19       		.uleb128 0x19
 150 001b 3C       		.uleb128 0x3c
 151 001c 19       		.uleb128 0x19
 152 001d 00       		.byte	0
 153 001e 00       		.byte	0
 154 001f 03       		.uleb128 0x3
 155 0020 11       		.uleb128 0x11
 156 0021 01       		.byte	0x1
 157 0022 25       		.uleb128 0x25
 158 0023 0E       		.uleb128 0xe
 159 0024 13       		.uleb128 0x13
 160 0025 0B       		.uleb128 0xb
 161 0026 03       		.uleb128 0x3
 162 0027 0E       		.uleb128 0xe
 163 0028 1B       		.uleb128 0x1b
 164 0029 0E       		.uleb128 0xe
 165 002a 10       		.uleb128 0x10
 166 002b 17       		.uleb128 0x17
 167 002c 00       		.byte	0
 168 002d 00       		.byte	0
 169 002e 04       		.uleb128 0x4
 170 002f 24       		.uleb128 0x24
 171 0030 00       		.byte	0
ARM GAS  /tmp/ccxWovfp.s 			page 4


 172 0031 0B       		.uleb128 0xb
 173 0032 0B       		.uleb128 0xb
 174 0033 3E       		.uleb128 0x3e
 175 0034 0B       		.uleb128 0xb
 176 0035 03       		.uleb128 0x3
 177 0036 08       		.uleb128 0x8
 178 0037 00       		.byte	0
 179 0038 00       		.byte	0
 180 0039 05       		.uleb128 0x5
 181 003a 2E       		.uleb128 0x2e
 182 003b 00       		.byte	0
 183 003c 3F       		.uleb128 0x3f
 184 003d 19       		.uleb128 0x19
 185 003e 03       		.uleb128 0x3
 186 003f 0E       		.uleb128 0xe
 187 0040 3A       		.uleb128 0x3a
 188 0041 0B       		.uleb128 0xb
 189 0042 3B       		.uleb128 0x3b
 190 0043 0B       		.uleb128 0xb
 191 0044 39       		.uleb128 0x39
 192 0045 0B       		.uleb128 0xb
 193 0046 27       		.uleb128 0x27
 194 0047 19       		.uleb128 0x19
 195 0048 3C       		.uleb128 0x3c
 196 0049 19       		.uleb128 0x19
 197 004a 00       		.byte	0
 198 004b 00       		.byte	0
 199 004c 06       		.uleb128 0x6
 200 004d 2E       		.uleb128 0x2e
 201 004e 00       		.byte	0
 202 004f 3F       		.uleb128 0x3f
 203 0050 19       		.uleb128 0x19
 204 0051 03       		.uleb128 0x3
 205 0052 0E       		.uleb128 0xe
 206 0053 3A       		.uleb128 0x3a
 207 0054 0B       		.uleb128 0xb
 208 0055 3B       		.uleb128 0x3b
 209 0056 0B       		.uleb128 0xb
 210 0057 39       		.uleb128 0x39
 211 0058 0B       		.uleb128 0xb
 212 0059 27       		.uleb128 0x27
 213 005a 19       		.uleb128 0x19
 214 005b 00       		.byte	0
 215 005c 00       		.byte	0
 216 005d 07       		.uleb128 0x7
 217 005e 2E       		.uleb128 0x2e
 218 005f 00       		.byte	0
 219 0060 03       		.uleb128 0x3
 220 0061 0E       		.uleb128 0xe
 221 0062 3A       		.uleb128 0x3a
 222 0063 0B       		.uleb128 0xb
 223 0064 3B       		.uleb128 0x3b
 224 0065 05       		.uleb128 0x5
 225 0066 39       		.uleb128 0x39
 226 0067 0B       		.uleb128 0xb
 227 0068 27       		.uleb128 0x27
 228 0069 19       		.uleb128 0x19
ARM GAS  /tmp/ccxWovfp.s 			page 5


 229 006a 00       		.byte	0
 230 006b 00       		.byte	0
 231 006c 00       		.byte	0
 232              		.section	.gnu.debuglto_.debug_line,"e",%progbits
 233              	.Ldebug_line0:
 234 0000 68000000 		.4byte	.LELT0-.LSLT0
 235              	.LSLT0:
 236 0004 0500     		.2byte	0x5
 237 0006 04       		.byte	0x4
 238 0007 00       		.byte	0
 239 0008 60000000 		.4byte	.LELTP0-.LASLTP0
 240              	.LASLTP0:
 241 000c 01       		.byte	0x1
 242 000d 01       		.byte	0x1
 243 000e 01       		.byte	0x1
 244 000f F6       		.byte	0xf6
 245 0010 F2       		.byte	0xf2
 246 0011 0D       		.byte	0xd
 247 0012 00       		.byte	0
 248 0013 01       		.byte	0x1
 249 0014 01       		.byte	0x1
 250 0015 01       		.byte	0x1
 251 0016 01       		.byte	0x1
 252 0017 00       		.byte	0
 253 0018 00       		.byte	0
 254 0019 00       		.byte	0
 255 001a 01       		.byte	0x1
 256 001b 00       		.byte	0
 257 001c 00       		.byte	0
 258 001d 01       		.byte	0x1
 259 001e 01       		.byte	0x1
 260 001f 01       		.uleb128 0x1
 261 0020 1F       		.uleb128 0x1f
 262 0021 07       		.uleb128 0x7
 263 0022 6E000000 		.4byte	.LASF22
 264 0026 EC000000 		.4byte	.LASF23
 265 002a 21000000 		.4byte	.LASF24
 266 002e DA000000 		.4byte	.LASF25
 267 0032 00000000 		.4byte	.LASF26
 268 0036 33000000 		.4byte	.LASF27
 269 003a A9000000 		.4byte	.LASF28
 270 003e 02       		.byte	0x2
 271 003f 01       		.uleb128 0x1
 272 0040 1F       		.uleb128 0x1f
 273 0041 02       		.uleb128 0x2
 274 0042 0B       		.uleb128 0xb
 275 0043 08       		.uleb128 0x8
 276 0044 5A000000 		.4byte	.LASF29
 277 0048 00       		.byte	0
 278 0049 1B010000 		.4byte	.LASF30
 279 004d 02       		.byte	0x2
 280 004e C4000000 		.4byte	.LASF31
 281 0052 01       		.byte	0x1
 282 0053 B7000000 		.4byte	.LASF32
 283 0057 02       		.byte	0x2
 284 0058 CC000000 		.4byte	.LASF33
 285 005c 04       		.byte	0x4
ARM GAS  /tmp/ccxWovfp.s 			page 6


 286 005d 99000000 		.4byte	.LASF34
 287 0061 05       		.byte	0x5
 288 0062 15010000 		.4byte	.LASF35
 289 0066 06       		.byte	0x6
 290 0067 53000000 		.4byte	.LASF36
 291 006b 03       		.byte	0x3
 292              	.LELTP0:
 293              	.LELT0:
 294              		.section	.gnu.debuglto_.debug_str,"eMS",%progbits,1
 295              	.LASF1:
 296 0000 6C6F6E67 		.ascii	"long long int\000"
 296      206C6F6E 
 296      6720696E 
 296      7400
 297              	.LASF7:
 298 000e 73686F72 		.ascii	"short unsigned int\000"
 298      7420756E 
 298      7369676E 
 298      65642069 
 298      6E7400
 299              	.LASF0:
 300 0021 756E7369 		.ascii	"unsigned int\000"
 300      676E6564 
 300      20696E74 
 300      00
 301              	.LASF12:
 302 002e 7374496E 		.ascii	"stInit\000"
 302      697400
 303              	.LASF8:
 304 0035 6C6F6E67 		.ascii	"long unsigned int\000"
 304      20756E73 
 304      69676E65 
 304      6420696E 
 304      7400
 305              	.LASF9:
 306 0047 6C6F6E67 		.ascii	"long long unsigned int\000"
 306      206C6F6E 
 306      6720756E 
 306      7369676E 
 306      65642069 
 307              	.LASF6:
 308 005e 756E7369 		.ascii	"unsigned char\000"
 308      676E6564 
 308      20636861 
 308      7200
 309              	.LASF10:
 310 006c 63686172 		.ascii	"char\000"
 310      00
 311              	.LASF19:
 312 0071 2F686F6D 		.ascii	"/home/mayank/chibios-workspace/ChibiOS/app\000"
 312      652F6D61 
 312      79616E6B 
 312      2F636869 
 312      62696F73 
 313              	.LASF5:
 314 009c 6C6F6E67 		.ascii	"long int\000"
 314      20696E74 
ARM GAS  /tmp/ccxWovfp.s 			page 7


 314      00
 315              	.LASF20:
 316 00a5 68616C49 		.ascii	"halInit\000"
 316      6E697400 
 317              	.LASF4:
 318 00ad 73686F72 		.ascii	"short int\000"
 318      7420696E 
 318      7400
 319              	.LASF14:
 320 00b7 7364496E 		.ascii	"sdInit\000"
 320      697400
 321              	.LASF11:
 322 00be 5F426F6F 		.ascii	"_Bool\000"
 322      6C00
 323              	.LASF16:
 324 00c4 68616C5F 		.ascii	"hal_lld_init\000"
 324      6C6C645F 
 324      696E6974 
 324      00
 325              	.LASF17:
 326 00d1 474E5520 		.ascii	"GNU C17 13.2.1 20231009 -mcpu=cortex-m4 -mthumb -mf"
 326      43313720 
 326      31332E32 
 326      2E312032 
 326      30323331 
 327 0104 6C6F6174 		.ascii	"loat-abi=soft -march=armv7e-m -ggdb -O2 -fomit-fram"
 327      2D616269 
 327      3D736F66 
 327      74202D6D 
 327      61726368 
 328 0137 652D706F 		.ascii	"e-pointer -falign-functions=16 -ffunction-sections "
 328      696E7465 
 328      72202D66 
 328      616C6967 
 328      6E2D6675 
 329 016a 2D666461 		.ascii	"-fdata-sections -fno-common -flto\000"
 329      74612D73 
 329      65637469 
 329      6F6E7320 
 329      2D666E6F 
 330              	.LASF13:
 331 018c 626F6172 		.ascii	"boardInit\000"
 331      64496E69 
 331      7400
 332              	.LASF3:
 333 0196 7369676E 		.ascii	"signed char\000"
 333      65642063 
 333      68617200 
 334              	.LASF18:
 335 01a2 2E2E2F6F 		.ascii	"../os/hal/src/hal.c\000"
 335      732F6861 
 335      6C2F7372 
 335      632F6861 
 335      6C2E6300 
 336              	.LASF21:
 337 01b6 6F73616C 		.ascii	"osalInit\000"
 337      496E6974 
ARM GAS  /tmp/ccxWovfp.s 			page 8


 337      00
 338              	.LASF2:
 339 01bf 6C6F6E67 		.ascii	"long double\000"
 339      20646F75 
 339      626C6500 
 340              	.LASF15:
 341 01cb 5F70616C 		.ascii	"_pal_lld_init\000"
 341      5F6C6C64 
 341      5F696E69 
 341      7400
 342              		.section	.gnu.debuglto_.debug_line_str,"eMS",%progbits,1
 343              	.LASF26:
 344 0000 2E2E2F6F 		.ascii	"../os/hal/ports/STM32/LLD/GPIOv2\000"
 344      732F6861 
 344      6C2F706F 
 344      7274732F 
 344      53544D33 
 345              	.LASF24:
 346 0021 2E2E2F6F 		.ascii	"../os/hal/include\000"
 346      732F6861 
 346      6C2F696E 
 346      636C7564 
 346      6500
 347              	.LASF27:
 348 0033 2E2E2F6F 		.ascii	"../os/hal/ports/STM32/STM32F4xx\000"
 348      732F6861 
 348      6C2F706F 
 348      7274732F 
 348      53544D33 
 349              	.LASF36:
 350 0053 6F73616C 		.ascii	"osal.h\000"
 350      2E6800
 351              	.LASF29:
 352 005a 2E2E2F6F 		.ascii	"../os/hal/src/hal.c\000"
 352      732F6861 
 352      6C2F7372 
 352      632F6861 
 352      6C2E6300 
 353              	.LASF22:
 354 006e 2F686F6D 		.ascii	"/home/mayank/chibios-workspace/ChibiOS/app\000"
 354      652F6D61 
 354      79616E6B 
 354      2F636869 
 354      62696F73 
 355              	.LASF34:
 356 0099 68616C5F 		.ascii	"hal_lld_type1.h\000"
 356      6C6C645F 
 356      74797065 
 356      312E6800 
 357              	.LASF28:
 358 00a9 2E2E2F6F 		.ascii	"../os/hal/src\000"
 358      732F6861 
 358      6C2F7372 
 358      6300
 359              	.LASF32:
 360 00b7 68616C5F 		.ascii	"hal_serial.h\000"
 360      73657269 
ARM GAS  /tmp/ccxWovfp.s 			page 9


 360      616C2E68 
 360      00
 361              	.LASF31:
 362 00c4 626F6172 		.ascii	"board.h\000"
 362      642E6800 
 363              	.LASF33:
 364 00cc 68616C5F 		.ascii	"hal_pal_lld.h\000"
 364      70616C5F 
 364      6C6C642E 
 364      6800
 365              	.LASF25:
 366 00da 2E2E2F6F 		.ascii	"../os/hal/osal/rt\000"
 366      732F6861 
 366      6C2F6F73 
 366      616C2F72 
 366      7400
 367              	.LASF23:
 368 00ec 2E2E2F6F 		.ascii	"../os/hal/boards/ST_STM32F401C_DISCOVERY\000"
 368      732F6861 
 368      6C2F626F 
 368      61726473 
 368      2F53545F 
 369              	.LASF35:
 370 0115 68616C2E 		.ascii	"hal.c\000"
 370      6300
 371              	.LASF30:
 372 011b 68616C5F 		.ascii	"hal_st.h\000"
 372      73742E68 
 372      00
 373              		.text
 374              		.section	.gnu.lto_.profile.f354ab8e03efcceb,"e",%progbits
 375 0000 789C6362 		.ascii	"x\234cb\000\001\000\000\022\000\003"
 375      00010000 
 375      120003
 376              		.text
 377              		.section	.gnu.lto_.icf.f354ab8e03efcceb,"e",%progbits
 378 0000 789CE364 		.ascii	"x\234\343d@\000F\206\367'.\036be`\000\000\023@\003Z"
 378      40004686 
 378      F7272E1E 
 378      62656000 
 378      00134003 
 379              		.text
 380              		.section	.gnu.lto_.ipa_sra.f354ab8e03efcceb,"e",%progbits
 381 0000 789CE367 		.ascii	"x\234\343g@\000F\020B@\000\001\351\000\027"
 381      40004610 
 381      42400001 
 381      E90017
 382              		.text
 383              		.section	.gnu.lto_.inline.f354ab8e03efcceb,"e",%progbits
 384 0000 789C7361 		.ascii	"x\234sa@\000F\006\006\216\206\206\206\005\314\031@\026"
 384      40004606 
 384      068E8686 
 384      8605CC19 
 384      4016
 385 0012 13034323 		.ascii	"\023\003C#\220S\307\300\300\006\244\032\230R\230@B@"
 385      9053C7C0 
 385      C006A41A 
ARM GAS  /tmp/ccxWovfp.s 			page 10


 385      98529840 
 385      4240
 386 0024 455CF848 		.ascii	"E\\\370H\006\000\234\304\010\002"
 386      06009CC4 
 386      0802
 387              		.text
 388              		.section	.gnu.lto_.jmpfuncs.f354ab8e03efcceb,"e",%progbits
 389 0000 789CE362 		.ascii	"x\234\343b@\000F8\013\000\000\374\000\014"
 389      40004638 
 389      0B0000FC 
 389      000C
 390              		.text
 391              		.section	.gnu.lto_.pureconst.f354ab8e03efcceb,"e",%progbits
 392 0000 789C6361 		.ascii	"x\234ca```d\230\301\002\000\001`\000\242"
 392      60606064 
 392      98C10200 
 392      016000A2 
 393              		.text
 394              		.section	.gnu.lto_.ipa_modref.f354ab8e03efcceb,"e",%progbits
 395 0000 789CE361 		.ascii	"x\234\343a@\000F$6\000\001D\000\016"
 395      40004624 
 395      36000144 
 395      000E
 396              		.text
 397              		.section	.gnu.lto_.lto.f354ab8e03efcceb,"e",%progbits
 398 0000 0D000000 		.ascii	"\015\000\000\000\001\000\000\000"
 398      01000000 
 399              		.text
 400              		.section	.gnu.lto_halInit.328.f354ab8e03efcceb,"e",%progbits
 401 0000 789CBBCB 		.ascii	"x\234\273\313\300\300\340\004\304\312@\314\310\314\300"
 401      C0C0E004 
 401      C4CA40CC 
 401      C8CCC0
 402 000f 38696217 		.ascii	"8ib\027\023CCC\203\003;\023c\343\304.A\306\235\214`"
 402      13434343 
 402      83033B13 
 402      63E3C42E 
 402      41C69D8C 
 403 0024 1E23433D 		.ascii	"\036#C=\023c=\343\032f} \367G\367\372\017\254\015+\016"
 403      13633DE3 
 403      1A667D20 
 403      F747F7FA 
 403      0FAC0D2B 
 404 0039 30BE6160 		.ascii	"0\276a`\250g\200\002n\010\233\021\210\327_b}\320\360"
 404      A8678002 
 404      6E089B11 
 404      88D75F62 
 404      7DD0F0
 405 004c E3FFFC86 		.ascii	"\343\377\374\206\206\256n\306\303\253\231\330\031\030"
 405      86AE6EC6 
 405      C3AB99D8 
 405      1918
 406 005a 5632834C 		.ascii	"V2\203Lm`adX\305\314\004a5\037`\370\317\324\360\350"
 406      6D606164 
 406      58C5CC04 
 406      61351F60 
 406      F8CFD4F0 
ARM GAS  /tmp/ccxWovfp.s 			page 11


 407 006f AD3498FA 		.ascii	"\2554\230\372\301\314\320\312\334\254\300\320\305\310"
 407      C1CCD0CA 
 407      DCACC0D0 
 407      C5C8
 408 007d 545BCDC0 		.ascii	"T[\315\300\300\304\014\026]\301\203\020-\207\213\356"
 408      C0C40C16 
 408      5DC18310 
 408      2D878BEE 
 409 008d E0438896 		.ascii	"\340C\210\226\302E\377\210 D\213\021jE\021\242\205`"
 409      C245FF88 
 409      20448B11 
 409      6A4511A2 
 409      8560
 410 009f D176E6A6 		.ascii	"\321v\346\246\007\017\2472\202\035\275\222\231\021\342"
 410      070FA732 
 410      821DBD92 
 410      9911E2
 411 00ae 98A60340 		.ascii	"\230\246\003@\236\266~F~n\252~nbeb^\266~rFfRf~\261n"
 411      9EB67E46 
 411      7E6EAA7E 
 411      6E626562 
 411      5EB67E72 
 412 00c9 797E5176 		.ascii	"y~QvqAbr\252\2763H\304?X?\261\240\200ADOO?\277X?#1G"
 412      71416272 
 412      AABE3348 
 412      C43F583F 
 412      B1A08041 
 413 00e7 BFB82819 		.ascii	"\277\270(\031D\353%3\000\000\353ia\250"
 413      44EB2533 
 413      0000EB69 
 413      61A8
 414              		.text
 415              		.section	.gnu.lto_.symbol_nodes.f354ab8e03efcceb,"e",%progbits
 416 0000 789C75CE 		.ascii	"x\234u\316\313\021\200 \020\003\320l\026h\303\346\354"
 416      CB118020 
 416      1003D06C 
 416      1668C3E6 
 416      EC
 417 0011 63192BA0 		.ascii	"c\031+\240\010\253\260\002\377\035x\263\017e\200+9e"
 417      08ABB002 
 417      FF1D78B3 
 417      0F65802B 
 417      3965
 418 0023 F22E7990 		.ascii	"\362.y\220\303\225\206\230\343$\335\200\001K\232\230"
 418      C3958698 
 418      E324DD80 
 418      014B9A98 
 419 0033 412E9A7C 		.ascii	"A.\232|-CA \246X\354\244\261g\007M{\266\323\\\3176\232"
 419      2D434120 
 419      A658ECA4 
 419      B167074D 
 419      7BB6D35C 
 420 004a EF98C2D7 		.ascii	"\357\230\302\327\213\243\302\3256\213Bk}se[\203B\332"
 420      8BA3C2D5 
 420      368B426B 
 420      7D73655B 
 420      8342DA
ARM GAS  /tmp/ccxWovfp.s 			page 12


 421 005d 1AF003F8 		.ascii	"\032\360\003\370\227SJ"
 421      97534A
 422              		.text
 423              		.section	.gnu.lto_.refs.f354ab8e03efcceb,"e",%progbits
 424 0000 789C6364 		.ascii	"x\234cd\000\002\000\000\012\000\002"
 424      00020000 
 424      0A0002
 425              		.text
 426              		.section	.gnu.lto_.decls.f354ab8e03efcceb,"e",%progbits
 427 0000 789C7591 		.ascii	"x\234u\221_hSW\034\307\317\3576\304[m\265\325\012B\205"
 427      5F685357 
 427      1CC7CFEF 
 427      36C45B6D 
 427      B5D50A42 
 428 0015 557C1146 		.ascii	"U|\021Fs\233Z\247\017>\024\252\223B\265b\335`O1\246"
 428      739B5AA7 
 428      0F3E14AA 
 428      9342B562 
 428      DD604F31 
 429 002a 81049B26 		.ascii	"\201\004\233&$\261\266o\277\233\\\343\235\266\354F\235"
 429      24B1B66F 
 429      BF9B5CE3 
 429      9DB6EC46 
 429      9D
 430 003b 8D41F4F6 		.ascii	"\215A\364\366*C\220\015\3012\352\354\237Cv\211%\250"
 430      2A43900D 
 430      C132EAEC 
 430      9F437689 
 430      25A8
 431 004d 086E2A6C 		.ascii	"\010n*l\214QA\312\330C\207}\250L\331~\347\346J}\320"
 431      8C5141CA 
 431      D843877D 
 431      A84CD97E 
 431      E7E64A7D 
 432 0062 03DF7BCE 		.ascii	"\003\337{\316\371\375>\337\337\357\234s\357K\214\235"
 432      F9FD3EDF 
 432      DFEF9C73 
 432      EF4B8C9D 
 433 0072 07C67A18 		.ascii	"\007\306z\030c\377\321\240-{F\362\2228\251D\262Ie\322"
 433      63FFD1A0 
 433      2D7B46F2 
 433      9238A944 
 433      B24965D2 
 434 0086 3CA94252 		.ascii	"<\251BR\211\227\335\374C76\347\346\313./|\036\351\355"
 434      8997DDFC 
 434      433736E7 
 434      E6CB2E2F 
 434      7C1EE9ED 
 435 009a 8B6F4A75 		.ascii	"\213oJu\257\000\021u\344\252-\243\245\215a\016m\025"
 435      AF001175 
 435      E4AA2DA3 
 435      A58D610E 
 435      6D15
 436 00ac 0A3885E6 		.ascii	"\0128\205\346\344\350XM\321\262u\225\200-Vv\012\213"
 436      E4E8584D 
 436      D1B27595 
 436      802D5676 
ARM GAS  /tmp/ccxWovfp.s 			page 13


 436      0A8B
 437 00be B78F158B 		.ascii	"\267\217\025\2138Z\232\320\321\004\310P\230\253\336"
 437      385A9AD0 
 437      D104C850 
 437      98ABDE
 438 00cd 224D448C 		.ascii	"\"MD\214n\301+\264\302\334\250\011\302 F=N\"fI-E\355"
 438      6EC12BB4 
 438      C2DCA809 
 438      C220463D 
 438      4E226649 
 439 00e4 365751C3 		.ascii	"6WQ\303\307`^\317Q\346\030\311P_\252g\352\227\324E\034"
 439      C7605ECF 
 439      51E618C9 
 439      505FAA67 
 439      EA97D445 
 440 00f9 CF2C1A2D 		.ascii	"\317,\032-Y\024\215r\010\005\223\010\236C\311\302\237"
 440      59148D72 
 440      08059308 
 440      9E43C9C2 
 440      9F
 441 010a 318F57C6 		.ascii	"1\217W\306\326g\254yT3\0326\344M[7,\324\341\037\313"
 441      D667AC79 
 441      54331A36 
 441      E44D5B37 
 441      2CD4E11F 
 442 011f A614EA1B 		.ascii	"\246\024\352\033\015*j\240\255C^D,Mo\024\037\323\342"
 442      0D2A6AA0 
 442      AD435E44 
 442      2C4D6F14 
 442      1FD3E2
 443 0132 BA733E23 		.ascii	"\272s>#\303\345\011S\243\363jStO\256S\000\011\261)\202"
 443      C3E50953 
 443      A3F36A53 
 443      744FAE53 
 443      0009B129 
 444 0147 7A6335A2 		.ascii	"zc5\242!\030\246\206\347\311\264\315\240\016\"\335\270"
 444      2118A686 
 444      E7C9B4CD 
 444      A00E22DD 
 444      B8
 445 0158 44F554B1 		.ascii	"D\365T\261\240zr\336\344T\315\303\304\250^Mrg\331#-"
 445      A07A72DE 
 445      E454CDC3 
 445      C4A85E4D 
 445      7267D923 
 446 016d 2FCECCAD 		.ascii	"/\316\314\255]\026\257X\340\342\3770`\233\215N\006\330"
 446      5D16AF58 
 446      E0E2FF30 
 446      609B8D4E 
 446      06D8
 447 017f D4203733 		.ascii	"\324 73y;\333UE\027\232\33148%:\353\274\233@\362n\206"
 447      793BDB55 
 447      45179AD9 
 447      3438253A 
 447      EBBC9B40 
 448 0196 068FF4FC 		.ascii	"\006\217\364\374\322\323;\260\225\322\313\210;\376f"
 448      D2D33BB0 
ARM GAS  /tmp/ccxWovfp.s 			page 14


 448      95D2CB88 
 448      3BFE66
 449 01a5 73304B0C 		.ascii	"s0K\014\007\366\312\371CWo|_Z\263\243P\300\225\353c"
 449      07F6CAF9 
 449      43576F7C 
 449      5F5AB3A3 
 449      50C095EB 
 450 01ba 6FB27B73 		.ascii	"o\262{s\323\210\247\211m \342\036\3148\325\356\001\373"
 450      D388A789 
 450      6D20E21E 
 450      CC38D5EE 
 450      01FB
 451 01cc 09EE42E7 		.ascii	"\011\356B\347\004\310y \313R\371\342\002Y\020W\376\374"
 451      04C87920 
 451      CB52F9E2 
 451      02591057 
 451      FEFC
 452 01de F6F75CDD 		.ascii	"\366\367\\\335U,I\034J.\\\022\337\316\021yR\220\277"
 452      552C491C 
 452      4A2E5C12 
 452      DFCE1179 
 452      5290BF
 453 01f1 BD38F77A 		.ascii	"\2758\367z\235 \247V\306g\177\204*i\273\244\355\220"
 453      9D20A756 
 453      C6677F84 
 453      2A69BBA4 
 453      ED90
 454 0203 2AC84B02 		.ascii	"*\310K\002}\372\327\235\2675\016:}\355\342\205\015\374"
 454      7DFAD79D 
 454      B7350E3A 
 454      7DEDE285 
 454      0DFC
 455 0215 3087B20B 		.ascii	"0\207\262\013\226\035\360k\220\307%\002o\235\375c\245"
 455      961DF06B 
 455      90C72502 
 455      6F9DFD63 
 455      A5
 456 0226 5A73F2BB 		.ascii	"Zs\362\273_\2569\340\274\013\316;`\036\344_\005hg+\225"
 456      5FAE39E0 
 456      BC0BCE3B 
 456      601EE45F 
 456      0568672B 
 457 023b F50E78F3 		.ascii	"\365\016x\363\207\347\377\272\315+.Zq\320\313@\317\344"
 457      87E7FFBA 
 457      CD2B2E5A 
 457      71D0CB40 
 457      CFE4
 458 024d A1676AF1 		.ascii	"\241gj\361H\013O\356\027=\215\234n\205\\\253\345\360"
 458      480B4FEE 
 458      173D8D9C 
 458      6E855CAB 
 458      E5F0
 459 025f 101E10F3 		.ascii	"\020\036\020\363Hp5\376\317Xm0\031\033\332\035n\215"
 459      487035FE 
 459      CF586D30 
 459      191BDA1D 
 459      6E8D
ARM GAS  /tmp/ccxWovfp.s 			page 15


 460 0271 B1B5A178 		.ascii	"\261\265\241x2\035\036n\215u\2605\221\340@\367`4\275"
 460      321D1E6E 
 460      8D75B035 
 460      91E040F7 
 460      6034BD
 461 0284 C9E753E2 		.ascii	"\311\347S\342)\205vJ*\031\022\263/$\0378\364EK\227\177"
 461      2985764A 
 461      2A1912B3 
 461      2F241F38 
 461      F4454B97 
 462 0299 37DBE06C 		.ascii	"7\333\340l}m\273B\035{B\355;\331\247J$\036\013+\261"
 462      7D6DBB42 
 462      1D7B42ED 
 462      3BD9A74A 
 462      241E0B2B 
 463 02ae E04870F0 		.ascii	"\340Hp\360\204\022\212D\217G\343\251\326S\361\344\211"
 463      84128A44 
 463      8F47E3A9 
 463      D653F1E4 
 463      89
 464 02bf 5422180A 		.ascii	"T\"\030\012+]\"\322\333\247\004\023\011\326\364\201"
 464      2B5D22D2 
 464      DBA70413 
 464      09D6F481 
 465 02cf C2CC9B4A 		.ascii	"\302\314\233J\213\246\315\253\271\350`h\340d\177X\254"
 465      8BA6CDAB 
 465      B9E86068 
 465      E0647F58 
 465      AC
 466 02e0 03A9B42F 		.ascii	"\003\251\264/\302j\217\307\203\311~A\371W)'\226R\372"
 466      C26A8FC7 
 466      83C97E41 
 466      F9572927 
 466      9652FA
 467 02f3 8E06FA8E 		.ascii	"\216\006\372\216\036\334\331\376yG\233\277+\260\257"
 467      1EDCD9FE 
 467      79479BBF 
 467      2BB0AF
 468 0302 BBAFABF7 		.ascii	"\273\257\253\367\313\375G\276\252\246\311\353M9\306"
 468      CBFD47BE 
 468      AAA6C9EB 
 468      4D39C6
 469 0311 4F3E523E 		.ascii	"O>R>\234\214\322)\"\254>\220\240\355\300@\177 J\264"
 469      9C8CD229 
 469      22AC3E90 
 469      A0EDC040 
 469      7F204AB4 
 470 0325 B24A27E8 		.ascii	"\262J'\350yD\027j\241\364\364\354S\016\034\356\356\035"
 470      7944176A 
 470      A1F4F4EC 
 470      530E1CEE 
 470      EE1D
 471 0337 6A77CCAE 		.ascii	"jw\314\256\203\334u\221\367\314m\0376\273\247\034\036"
 471      83DC7591 
 471      F7CC6D1F 
 471      36BBA71C 
 471      1E
ARM GAS  /tmp/ccxWovfp.s 			page 16


 472 0348 56DEC1E9 		.ascii	"V\336\301\351\221D\330O\356\377\001m\005\266m"
 472      9144D84F 
 472      EEFF016D 
 472      05B66D
 473              		.text
 474              		.section	.gnu.lto_.symtab.f354ab8e03efcceb,"e",%progbits
 475 0000 68616C49 		.ascii	"halInit\000"
 475      6E697400 
 476 0008 00       		.ascii	"\000"
 477 0009 00       		.ascii	"\000"
 478 000a 00       		.ascii	"\000"
 479 000b 00000000 		.ascii	"\000\000\000\000\000\000\000\000"
 479      00000000 
 480 0013 C0000000 		.ascii	"\300\000\000\000"
 481 0017 7374496E 		.ascii	"stInit\000"
 481      697400
 482 001e 00       		.ascii	"\000"
 483 001f 02       		.ascii	"\002"
 484 0020 00       		.ascii	"\000"
 485 0021 00000000 		.ascii	"\000\000\000\000\000\000\000\000"
 485      00000000 
 486 0029 C2000000 		.ascii	"\302\000\000\000"
 487 002d 626F6172 		.ascii	"boardInit\000"
 487      64496E69 
 487      7400
 488 0037 00       		.ascii	"\000"
 489 0038 02       		.ascii	"\002"
 490 0039 00       		.ascii	"\000"
 491 003a 00000000 		.ascii	"\000\000\000\000\000\000\000\000"
 491      00000000 
 492 0042 C4000000 		.ascii	"\304\000\000\000"
 493 0046 7364496E 		.ascii	"sdInit\000"
 493      697400
 494 004d 00       		.ascii	"\000"
 495 004e 02       		.ascii	"\002"
 496 004f 00       		.ascii	"\000"
 497 0050 00000000 		.ascii	"\000\000\000\000\000\000\000\000"
 497      00000000 
 498 0058 C6000000 		.ascii	"\306\000\000\000"
 499 005c 5F70616C 		.ascii	"_pal_lld_init\000"
 499      5F6C6C64 
 499      5F696E69 
 499      7400
 500 006a 00       		.ascii	"\000"
 501 006b 02       		.ascii	"\002"
 502 006c 00       		.ascii	"\000"
 503 006d 00000000 		.ascii	"\000\000\000\000\000\000\000\000"
 503      00000000 
 504 0075 C8000000 		.ascii	"\310\000\000\000"
 505 0079 68616C5F 		.ascii	"hal_lld_init\000"
 505      6C6C645F 
 505      696E6974 
 505      00
 506 0086 00       		.ascii	"\000"
 507 0087 02       		.ascii	"\002"
 508 0088 00       		.ascii	"\000"
 509 0089 00000000 		.ascii	"\000\000\000\000\000\000\000\000"
ARM GAS  /tmp/ccxWovfp.s 			page 17


 509      00000000 
 510 0091 CA000000 		.ascii	"\312\000\000\000"
 511              		.text
 512              		.section	.gnu.lto_.ext_symtab.f354ab8e03efcceb,"e",%progbits
 513 0000 01       		.ascii	"\001"
 514 0001 01       		.ascii	"\001"
 515 0002 00       		.ascii	"\000"
 516 0003 01       		.ascii	"\001"
 517 0004 00       		.ascii	"\000"
 518 0005 01       		.ascii	"\001"
 519 0006 00       		.ascii	"\000"
 520 0007 01       		.ascii	"\001"
 521 0008 00       		.ascii	"\000"
 522 0009 01       		.ascii	"\001"
 523 000a 00       		.ascii	"\000"
 524 000b 01       		.ascii	"\001"
 525 000c 00       		.ascii	"\000"
 526              		.text
 527              		.section	.gnu.lto_.opts,"e",%progbits
 528 0000 272D666E 		.ascii	"'-fno-openmp' '-fno-openacc' '-fno-pie' '-fcf-prote"
 528      6F2D6F70 
 528      656E6D70 
 528      2720272D 
 528      666E6F2D 
 529 0033 6374696F 		.ascii	"ction=none' '-g' '-mcpu=cortex-m4' '-mthumb' '-mflo"
 529      6E3D6E6F 
 529      6E652720 
 529      272D6727 
 529      20272D6D 
 530 0066 61742D61 		.ascii	"at-abi=soft' '-mlibarch=armv7e-m' '-march=armv7e-m'"
 530      62693D73 
 530      6F667427 
 530      20272D6D 
 530      6C696261 
 531 0099 20272D4F 		.ascii	" '-O2' '-fomit-frame-pointer' '-falign-functions=16"
 531      32272027 
 531      2D666F6D 
 531      69742D66 
 531      72616D65 
 532 00cc 2720272D 		.ascii	"' '-ffunction-sections' '-fdata-sections' '-fno-com"
 532      6666756E 
 532      6374696F 
 532      6E2D7365 
 532      6374696F 
 533 00ff 6D6F6E27 		.ascii	"mon' '-flto' '-Xassembler' '-alms=./build/lst/hal.l"
 533      20272D66 
 533      6C746F27 
 533      20272D58 
 533      61737365 
 534 0132 73742700 		.ascii	"st'\000"
 535              		.text
 536              		.comm	__gnu_lto_slim,1,1
 537              		.ident	"GCC: (15:13.2.rel1-2) 13.2.1 20231009"
ARM GAS  /tmp/ccxWovfp.s 			page 18


DEFINED SYMBOLS
                            *ABS*:00000000 hal.c
     /tmp/ccxWovfp.s:25     .gnu.debuglto_.debug_info:00000000 hal.c.05c48c23
                            *COM*:00000001 __gnu_lto_slim

NO UNDEFINED SYMBOLS
