ARM GAS  /tmp/cccF14OH.s 			page 1


   1              		.cpu cortex-m4
   2              		.arch armv7e-m
   3              		.fpu softvfp
   4              		.eabi_attribute 20, 1
   5              		.eabi_attribute 21, 1
   6              		.eabi_attribute 23, 3
   7              		.eabi_attribute 24, 1
   8              		.eabi_attribute 25, 1
   9              		.eabi_attribute 26, 1
  10              		.eabi_attribute 30, 2
  11              		.eabi_attribute 34, 1
  12              		.eabi_attribute 18, 4
  13              		.file	"hal_pal_lld.c"
  14              		.file 1 "/usr/lib/gcc/arm-none-eabi/13.2.1/include/stdint.h"
  15              		.file 2 "../os/hal/ports/STM32/LLD/GPIOv2/stm32_gpio.h"
  16              		.file 3 "../os/hal/ports/STM32/LLD/GPIOv2/hal_pal_lld.h"
  17              		.file 4 "../os/hal/ports/STM32/LLD/GPIOv2/hal_pal_lld.c"
  18              		.section	.gnu.debuglto_.debug_info,"e",%progbits
  19              	.Ldebug_info0:
  20              		.hidden	hal_pal_lld.c.f7cd1200
  21              		.weak	hal_pal_lld.c.f7cd1200
  22              	hal_pal_lld.c.f7cd1200:
  23 0000 2C020000 		.4byte	0x22c
  24 0004 0500     		.2byte	0x5
  25 0006 01       		.byte	0x1
  26 0007 04       		.byte	0x4
  27 0008 00000000 		.4byte	.Ldebug_abbrev0
  28 000c 0B       		.uleb128 0xb
  29 000d 43010000 		.4byte	.LASF36
  30 0011 1D       		.byte	0x1d
  31 0012 12020000 		.4byte	.LASF37
  32 0016 0E000000 		.4byte	.LASF38
  33 001a 00000000 		.4byte	.Ldebug_line0
  34 001e 0C       		.uleb128 0xc
  35 001f 04       		.byte	0x4
  36 0020 05       		.byte	0x5
  37 0021 696E7400 		.ascii	"int\000"
  38 0025 01       		.uleb128 0x1
  39 0026 04       		.byte	0x4
  40 0027 07       		.byte	0x7
  41 0028 F0000000 		.4byte	.LASF0
  42 002c 01       		.uleb128 0x1
  43 002d 08       		.byte	0x8
  44 002e 05       		.byte	0x5
  45 002f 00000000 		.4byte	.LASF1
  46 0033 01       		.uleb128 0x1
  47 0034 08       		.byte	0x8
  48 0035 04       		.byte	0x4
  49 0036 1F010000 		.4byte	.LASF2
  50 003a 01       		.uleb128 0x1
  51 003b 01       		.byte	0x1
  52 003c 06       		.byte	0x6
  53 003d 59020000 		.4byte	.LASF3
  54 0041 01       		.uleb128 0x1
  55 0042 02       		.byte	0x2
  56 0043 05       		.byte	0x5
  57 0044 CA000000 		.4byte	.LASF4
ARM GAS  /tmp/cccF14OH.s 			page 2


  58 0048 01       		.uleb128 0x1
  59 0049 04       		.byte	0x4
  60 004a 05       		.byte	0x5
  61 004b 4A020000 		.4byte	.LASF5
  62 004f 01       		.uleb128 0x1
  63 0050 01       		.byte	0x1
  64 0051 08       		.byte	0x8
  65 0052 84000000 		.4byte	.LASF6
  66 0056 03       		.uleb128 0x3
  67 0057 09020000 		.4byte	.LASF8
  68 005b 01       		.byte	0x1
  69 005c 31       		.byte	0x31
  70 005d 19       		.byte	0x19
  71 005e 62000000 		.4byte	0x62
  72 0062 01       		.uleb128 0x1
  73 0063 02       		.byte	0x2
  74 0064 07       		.byte	0x7
  75 0065 A9000000 		.4byte	.LASF7
  76 0069 03       		.uleb128 0x3
  77 006a 41020000 		.4byte	.LASF9
  78 006e 01       		.byte	0x1
  79 006f 34       		.byte	0x34
  80 0070 19       		.byte	0x19
  81 0071 7A000000 		.4byte	0x7a
  82 0075 08       		.uleb128 0x8
  83 0076 69000000 		.4byte	0x69
  84 007a 01       		.uleb128 0x1
  85 007b 04       		.byte	0x4
  86 007c 07       		.byte	0x7
  87 007d 97000000 		.4byte	.LASF10
  88 0081 01       		.uleb128 0x1
  89 0082 08       		.byte	0x8
  90 0083 07       		.byte	0x7
  91 0084 6B020000 		.4byte	.LASF11
  92 0088 01       		.uleb128 0x1
  93 0089 01       		.byte	0x1
  94 008a 08       		.byte	0x8
  95 008b 02010000 		.4byte	.LASF12
  96 008f 01       		.uleb128 0x1
  97 0090 01       		.byte	0x1
  98 0091 02       		.byte	0x2
  99 0092 65020000 		.4byte	.LASF13
 100 0096 09       		.uleb128 0x9
 101 0097 04       		.byte	0x4
 102 0098 5B       		.byte	0x5b
 103 0099 05       		.byte	0x5
 104 009a B6000000 		.4byte	0xb6
 105 009e 06       		.uleb128 0x6
 106 009f 73657400 		.ascii	"set\000"
 107 00a3 5C       		.byte	0x5c
 108 00a4 56000000 		.4byte	0x56
 109 00a8 00       		.byte	0
 110 00a9 02       		.uleb128 0x2
 111 00aa 41000000 		.4byte	.LASF14
 112 00ae 5D       		.byte	0x5d
 113 00af 19       		.byte	0x19
 114 00b0 56000000 		.4byte	0x56
ARM GAS  /tmp/cccF14OH.s 			page 3


 115 00b4 02       		.byte	0x2
 116 00b5 00       		.byte	0
 117 00b6 0D       		.uleb128 0xd
 118 00b7 04       		.byte	0x4
 119 00b8 02       		.byte	0x2
 120 00b9 59       		.byte	0x59
 121 00ba 0C       		.byte	0xc
 122 00bb D2000000 		.4byte	0xd2
 123 00bf 0A       		.uleb128 0xa
 124 00c0 5700     		.ascii	"W\000"
 125 00c2 5A       		.byte	0x5a
 126 00c3 19       		.byte	0x19
 127 00c4 69000000 		.4byte	0x69
 128 00c8 0A       		.uleb128 0xa
 129 00c9 4800     		.ascii	"H\000"
 130 00cb 5E       		.byte	0x5e
 131 00cc 07       		.byte	0x7
 132 00cd 96000000 		.4byte	0x96
 133 00d1 00       		.byte	0
 134 00d2 08       		.uleb128 0x8
 135 00d3 B6000000 		.4byte	0xb6
 136 00d7 09       		.uleb128 0x9
 137 00d8 28       		.byte	0x28
 138 00d9 51       		.byte	0x51
 139 00da 09       		.byte	0x9
 140 00db 56010000 		.4byte	0x156
 141 00df 02       		.uleb128 0x2
 142 00e0 47000000 		.4byte	.LASF15
 143 00e4 53       		.byte	0x53
 144 00e5 19       		.byte	0x19
 145 00e6 75000000 		.4byte	0x75
 146 00ea 00       		.byte	0
 147 00eb 02       		.uleb128 0x2
 148 00ec 60000000 		.4byte	.LASF16
 149 00f0 54       		.byte	0x54
 150 00f1 19       		.byte	0x19
 151 00f2 75000000 		.4byte	0x75
 152 00f6 04       		.byte	0x4
 153 00f7 02       		.uleb128 0x2
 154 00f8 39000000 		.4byte	.LASF17
 155 00fc 55       		.byte	0x55
 156 00fd 19       		.byte	0x19
 157 00fe 75000000 		.4byte	0x75
 158 0102 08       		.byte	0x8
 159 0103 02       		.uleb128 0x2
 160 0104 2B010000 		.4byte	.LASF18
 161 0108 56       		.byte	0x56
 162 0109 19       		.byte	0x19
 163 010a 75000000 		.4byte	0x75
 164 010e 0C       		.byte	0xc
 165 010f 06       		.uleb128 0x6
 166 0110 49445200 		.ascii	"IDR\000"
 167 0114 57       		.byte	0x57
 168 0115 75000000 		.4byte	0x75
 169 0119 10       		.byte	0x10
 170 011a 06       		.uleb128 0x6
 171 011b 4F445200 		.ascii	"ODR\000"
ARM GAS  /tmp/cccF14OH.s 			page 4


 172 011f 58       		.byte	0x58
 173 0120 75000000 		.4byte	0x75
 174 0124 14       		.byte	0x14
 175 0125 02       		.uleb128 0x2
 176 0126 5B000000 		.4byte	.LASF19
 177 012a 5F       		.byte	0x5f
 178 012b 05       		.byte	0x5
 179 012c D2000000 		.4byte	0xd2
 180 0130 18       		.byte	0x18
 181 0131 02       		.uleb128 0x2
 182 0132 0C010000 		.4byte	.LASF20
 183 0136 60       		.byte	0x60
 184 0137 19       		.byte	0x19
 185 0138 75000000 		.4byte	0x75
 186 013c 1C       		.byte	0x1c
 187 013d 02       		.uleb128 0x2
 188 013e BC000000 		.4byte	.LASF21
 189 0142 61       		.byte	0x61
 190 0143 19       		.byte	0x19
 191 0144 75000000 		.4byte	0x75
 192 0148 20       		.byte	0x20
 193 0149 02       		.uleb128 0x2
 194 014a 92000000 		.4byte	.LASF22
 195 014e 62       		.byte	0x62
 196 014f 19       		.byte	0x19
 197 0150 75000000 		.4byte	0x75
 198 0154 24       		.byte	0x24
 199 0155 00       		.byte	0
 200 0156 03       		.uleb128 0x3
 201 0157 12010000 		.4byte	.LASF23
 202 015b 02       		.byte	0x2
 203 015c 63       		.byte	0x63
 204 015d 03       		.byte	0x3
 205 015e D7000000 		.4byte	0xd7
 206 0162 03       		.uleb128 0x3
 207 0163 6E000000 		.4byte	.LASF24
 208 0167 03       		.byte	0x3
 209 0168 C2       		.byte	0xc2
 210 0169 12       		.byte	0x12
 211 016a 69000000 		.4byte	0x69
 212 016e 03       		.uleb128 0x3
 213 016f 7B000000 		.4byte	.LASF25
 214 0173 03       		.byte	0x3
 215 0174 C7       		.byte	0xc7
 216 0175 12       		.byte	0x12
 217 0176 69000000 		.4byte	0x69
 218 017a 03       		.uleb128 0x3
 219 017b FE010000 		.4byte	.LASF26
 220 017f 03       		.byte	0x3
 221 0180 D9       		.byte	0xd9
 222 0181 18       		.byte	0x18
 223 0182 86010000 		.4byte	0x186
 224 0186 0E       		.uleb128 0xe
 225 0187 04       		.byte	0x4
 226 0188 56010000 		.4byte	0x156
 227 018c 0F       		.uleb128 0xf
 228 018d DA000000 		.4byte	.LASF39
ARM GAS  /tmp/cccF14OH.s 			page 5


 229 0191 04       		.byte	0x4
 230 0192 59       		.byte	0x59
 231 0193 06       		.byte	0x6
 232 0194 27020000 		.4byte	0x227
 233 0198 07       		.uleb128 0x7
 234 0199 3E010000 		.4byte	.LASF27
 235 019d 59       		.byte	0x59
 236 019e 27       		.byte	0x27
 237 019f 7A010000 		.4byte	0x17a
 238 01a3 07       		.uleb128 0x7
 239 01a4 39010000 		.4byte	.LASF28
 240 01a8 5A       		.byte	0x5a
 241 01a9 29       		.byte	0x29
 242 01aa 62010000 		.4byte	0x162
 243 01ae 07       		.uleb128 0x7
 244 01af 07010000 		.4byte	.LASF29
 245 01b3 5B       		.byte	0x5b
 246 01b4 25       		.byte	0x25
 247 01b5 6E010000 		.4byte	0x16e
 248 01b9 04       		.uleb128 0x4
 249 01ba 53020000 		.4byte	.LASF30
 250 01be 5D       		.byte	0x5d
 251 01bf 0C       		.byte	0xc
 252 01c0 69000000 		.4byte	0x69
 253 01c4 04       		.uleb128 0x4
 254 01c5 67000000 		.4byte	.LASF31
 255 01c9 5E       		.byte	0x5e
 256 01ca 0C       		.byte	0xc
 257 01cb 69000000 		.4byte	0x69
 258 01cf 04       		.uleb128 0x4
 259 01d0 31010000 		.4byte	.LASF32
 260 01d4 5F       		.byte	0x5f
 261 01d5 0C       		.byte	0xc
 262 01d6 69000000 		.4byte	0x69
 263 01da 04       		.uleb128 0x4
 264 01db D4000000 		.4byte	.LASF33
 265 01df 60       		.byte	0x60
 266 01e0 0C       		.byte	0xc
 267 01e1 69000000 		.4byte	0x69
 268 01e5 04       		.uleb128 0x4
 269 01e6 FD000000 		.4byte	.LASF34
 270 01ea 61       		.byte	0x61
 271 01eb 0C       		.byte	0xc
 272 01ec 69000000 		.4byte	0x69
 273 01f0 05       		.uleb128 0x5
 274 01f1 62697400 		.ascii	"bit\000"
 275 01f5 62       		.byte	0x62
 276 01f6 0C       		.byte	0xc
 277 01f7 69000000 		.4byte	0x69
 278 01fb 10       		.uleb128 0x10
 279 01fc 04       		.uleb128 0x4
 280 01fd C1000000 		.4byte	.LASF35
 281 0201 65       		.byte	0x65
 282 0202 10       		.byte	0x10
 283 0203 69000000 		.4byte	0x69
 284 0207 05       		.uleb128 0x5
 285 0208 6D3100   		.ascii	"m1\000"
ARM GAS  /tmp/cccF14OH.s 			page 6


 286 020b 65       		.byte	0x65
 287 020c 1A       		.byte	0x1a
 288 020d 69000000 		.4byte	0x69
 289 0211 05       		.uleb128 0x5
 290 0212 6D3200   		.ascii	"m2\000"
 291 0215 65       		.byte	0x65
 292 0216 1E       		.byte	0x1e
 293 0217 69000000 		.4byte	0x69
 294 021b 05       		.uleb128 0x5
 295 021c 6D3400   		.ascii	"m4\000"
 296 021f 65       		.byte	0x65
 297 0220 22       		.byte	0x22
 298 0221 69000000 		.4byte	0x69
 299 0225 00       		.byte	0
 300 0226 00       		.byte	0
 301 0227 11       		.uleb128 0x11
 302 0228 4D000000 		.4byte	.LASF40
 303 022c 04       		.byte	0x4
 304 022d 41       		.byte	0x41
 305 022e 06       		.byte	0x6
 306 022f 00       		.byte	0
 307              		.section	.gnu.debuglto_.debug_abbrev,"e",%progbits
 308              	.Ldebug_abbrev0:
 309 0000 01       		.uleb128 0x1
 310 0001 24       		.uleb128 0x24
 311 0002 00       		.byte	0
 312 0003 0B       		.uleb128 0xb
 313 0004 0B       		.uleb128 0xb
 314 0005 3E       		.uleb128 0x3e
 315 0006 0B       		.uleb128 0xb
 316 0007 03       		.uleb128 0x3
 317 0008 0E       		.uleb128 0xe
 318 0009 00       		.byte	0
 319 000a 00       		.byte	0
 320 000b 02       		.uleb128 0x2
 321 000c 0D       		.uleb128 0xd
 322 000d 00       		.byte	0
 323 000e 03       		.uleb128 0x3
 324 000f 0E       		.uleb128 0xe
 325 0010 3A       		.uleb128 0x3a
 326 0011 21       		.uleb128 0x21
 327 0012 02       		.sleb128 2
 328 0013 3B       		.uleb128 0x3b
 329 0014 0B       		.uleb128 0xb
 330 0015 39       		.uleb128 0x39
 331 0016 0B       		.uleb128 0xb
 332 0017 49       		.uleb128 0x49
 333 0018 13       		.uleb128 0x13
 334 0019 38       		.uleb128 0x38
 335 001a 0B       		.uleb128 0xb
 336 001b 00       		.byte	0
 337 001c 00       		.byte	0
 338 001d 03       		.uleb128 0x3
 339 001e 16       		.uleb128 0x16
 340 001f 00       		.byte	0
 341 0020 03       		.uleb128 0x3
 342 0021 0E       		.uleb128 0xe
ARM GAS  /tmp/cccF14OH.s 			page 7


 343 0022 3A       		.uleb128 0x3a
 344 0023 0B       		.uleb128 0xb
 345 0024 3B       		.uleb128 0x3b
 346 0025 0B       		.uleb128 0xb
 347 0026 39       		.uleb128 0x39
 348 0027 0B       		.uleb128 0xb
 349 0028 49       		.uleb128 0x49
 350 0029 13       		.uleb128 0x13
 351 002a 00       		.byte	0
 352 002b 00       		.byte	0
 353 002c 04       		.uleb128 0x4
 354 002d 34       		.uleb128 0x34
 355 002e 00       		.byte	0
 356 002f 03       		.uleb128 0x3
 357 0030 0E       		.uleb128 0xe
 358 0031 3A       		.uleb128 0x3a
 359 0032 21       		.uleb128 0x21
 360 0033 04       		.sleb128 4
 361 0034 3B       		.uleb128 0x3b
 362 0035 0B       		.uleb128 0xb
 363 0036 39       		.uleb128 0x39
 364 0037 0B       		.uleb128 0xb
 365 0038 49       		.uleb128 0x49
 366 0039 13       		.uleb128 0x13
 367 003a 00       		.byte	0
 368 003b 00       		.byte	0
 369 003c 05       		.uleb128 0x5
 370 003d 34       		.uleb128 0x34
 371 003e 00       		.byte	0
 372 003f 03       		.uleb128 0x3
 373 0040 08       		.uleb128 0x8
 374 0041 3A       		.uleb128 0x3a
 375 0042 21       		.uleb128 0x21
 376 0043 04       		.sleb128 4
 377 0044 3B       		.uleb128 0x3b
 378 0045 0B       		.uleb128 0xb
 379 0046 39       		.uleb128 0x39
 380 0047 0B       		.uleb128 0xb
 381 0048 49       		.uleb128 0x49
 382 0049 13       		.uleb128 0x13
 383 004a 00       		.byte	0
 384 004b 00       		.byte	0
 385 004c 06       		.uleb128 0x6
 386 004d 0D       		.uleb128 0xd
 387 004e 00       		.byte	0
 388 004f 03       		.uleb128 0x3
 389 0050 08       		.uleb128 0x8
 390 0051 3A       		.uleb128 0x3a
 391 0052 21       		.uleb128 0x21
 392 0053 02       		.sleb128 2
 393 0054 3B       		.uleb128 0x3b
 394 0055 0B       		.uleb128 0xb
 395 0056 39       		.uleb128 0x39
 396 0057 21       		.uleb128 0x21
 397 0058 19       		.sleb128 25
 398 0059 49       		.uleb128 0x49
 399 005a 13       		.uleb128 0x13
ARM GAS  /tmp/cccF14OH.s 			page 8


 400 005b 38       		.uleb128 0x38
 401 005c 0B       		.uleb128 0xb
 402 005d 00       		.byte	0
 403 005e 00       		.byte	0
 404 005f 07       		.uleb128 0x7
 405 0060 05       		.uleb128 0x5
 406 0061 00       		.byte	0
 407 0062 03       		.uleb128 0x3
 408 0063 0E       		.uleb128 0xe
 409 0064 3A       		.uleb128 0x3a
 410 0065 21       		.uleb128 0x21
 411 0066 04       		.sleb128 4
 412 0067 3B       		.uleb128 0x3b
 413 0068 0B       		.uleb128 0xb
 414 0069 39       		.uleb128 0x39
 415 006a 0B       		.uleb128 0xb
 416 006b 49       		.uleb128 0x49
 417 006c 13       		.uleb128 0x13
 418 006d 00       		.byte	0
 419 006e 00       		.byte	0
 420 006f 08       		.uleb128 0x8
 421 0070 35       		.uleb128 0x35
 422 0071 00       		.byte	0
 423 0072 49       		.uleb128 0x49
 424 0073 13       		.uleb128 0x13
 425 0074 00       		.byte	0
 426 0075 00       		.byte	0
 427 0076 09       		.uleb128 0x9
 428 0077 13       		.uleb128 0x13
 429 0078 01       		.byte	0x1
 430 0079 0B       		.uleb128 0xb
 431 007a 0B       		.uleb128 0xb
 432 007b 3A       		.uleb128 0x3a
 433 007c 21       		.uleb128 0x21
 434 007d 02       		.sleb128 2
 435 007e 3B       		.uleb128 0x3b
 436 007f 0B       		.uleb128 0xb
 437 0080 39       		.uleb128 0x39
 438 0081 0B       		.uleb128 0xb
 439 0082 01       		.uleb128 0x1
 440 0083 13       		.uleb128 0x13
 441 0084 00       		.byte	0
 442 0085 00       		.byte	0
 443 0086 0A       		.uleb128 0xa
 444 0087 0D       		.uleb128 0xd
 445 0088 00       		.byte	0
 446 0089 03       		.uleb128 0x3
 447 008a 08       		.uleb128 0x8
 448 008b 3A       		.uleb128 0x3a
 449 008c 21       		.uleb128 0x21
 450 008d 02       		.sleb128 2
 451 008e 3B       		.uleb128 0x3b
 452 008f 0B       		.uleb128 0xb
 453 0090 39       		.uleb128 0x39
 454 0091 0B       		.uleb128 0xb
 455 0092 49       		.uleb128 0x49
 456 0093 13       		.uleb128 0x13
ARM GAS  /tmp/cccF14OH.s 			page 9


 457 0094 00       		.byte	0
 458 0095 00       		.byte	0
 459 0096 0B       		.uleb128 0xb
 460 0097 11       		.uleb128 0x11
 461 0098 01       		.byte	0x1
 462 0099 25       		.uleb128 0x25
 463 009a 0E       		.uleb128 0xe
 464 009b 13       		.uleb128 0x13
 465 009c 0B       		.uleb128 0xb
 466 009d 03       		.uleb128 0x3
 467 009e 0E       		.uleb128 0xe
 468 009f 1B       		.uleb128 0x1b
 469 00a0 0E       		.uleb128 0xe
 470 00a1 10       		.uleb128 0x10
 471 00a2 17       		.uleb128 0x17
 472 00a3 00       		.byte	0
 473 00a4 00       		.byte	0
 474 00a5 0C       		.uleb128 0xc
 475 00a6 24       		.uleb128 0x24
 476 00a7 00       		.byte	0
 477 00a8 0B       		.uleb128 0xb
 478 00a9 0B       		.uleb128 0xb
 479 00aa 3E       		.uleb128 0x3e
 480 00ab 0B       		.uleb128 0xb
 481 00ac 03       		.uleb128 0x3
 482 00ad 08       		.uleb128 0x8
 483 00ae 00       		.byte	0
 484 00af 00       		.byte	0
 485 00b0 0D       		.uleb128 0xd
 486 00b1 17       		.uleb128 0x17
 487 00b2 01       		.byte	0x1
 488 00b3 0B       		.uleb128 0xb
 489 00b4 0B       		.uleb128 0xb
 490 00b5 3A       		.uleb128 0x3a
 491 00b6 0B       		.uleb128 0xb
 492 00b7 3B       		.uleb128 0x3b
 493 00b8 0B       		.uleb128 0xb
 494 00b9 39       		.uleb128 0x39
 495 00ba 0B       		.uleb128 0xb
 496 00bb 01       		.uleb128 0x1
 497 00bc 13       		.uleb128 0x13
 498 00bd 00       		.byte	0
 499 00be 00       		.byte	0
 500 00bf 0E       		.uleb128 0xe
 501 00c0 0F       		.uleb128 0xf
 502 00c1 00       		.byte	0
 503 00c2 0B       		.uleb128 0xb
 504 00c3 0B       		.uleb128 0xb
 505 00c4 49       		.uleb128 0x49
 506 00c5 13       		.uleb128 0x13
 507 00c6 00       		.byte	0
 508 00c7 00       		.byte	0
 509 00c8 0F       		.uleb128 0xf
 510 00c9 2E       		.uleb128 0x2e
 511 00ca 01       		.byte	0x1
 512 00cb 3F       		.uleb128 0x3f
 513 00cc 19       		.uleb128 0x19
ARM GAS  /tmp/cccF14OH.s 			page 10


 514 00cd 03       		.uleb128 0x3
 515 00ce 0E       		.uleb128 0xe
 516 00cf 3A       		.uleb128 0x3a
 517 00d0 0B       		.uleb128 0xb
 518 00d1 3B       		.uleb128 0x3b
 519 00d2 0B       		.uleb128 0xb
 520 00d3 39       		.uleb128 0x39
 521 00d4 0B       		.uleb128 0xb
 522 00d5 27       		.uleb128 0x27
 523 00d6 19       		.uleb128 0x19
 524 00d7 01       		.uleb128 0x1
 525 00d8 13       		.uleb128 0x13
 526 00d9 00       		.byte	0
 527 00da 00       		.byte	0
 528 00db 10       		.uleb128 0x10
 529 00dc 0B       		.uleb128 0xb
 530 00dd 01       		.byte	0x1
 531 00de 00       		.byte	0
 532 00df 00       		.byte	0
 533 00e0 11       		.uleb128 0x11
 534 00e1 2E       		.uleb128 0x2e
 535 00e2 00       		.byte	0
 536 00e3 3F       		.uleb128 0x3f
 537 00e4 19       		.uleb128 0x19
 538 00e5 03       		.uleb128 0x3
 539 00e6 0E       		.uleb128 0xe
 540 00e7 3A       		.uleb128 0x3a
 541 00e8 0B       		.uleb128 0xb
 542 00e9 3B       		.uleb128 0x3b
 543 00ea 0B       		.uleb128 0xb
 544 00eb 39       		.uleb128 0x39
 545 00ec 0B       		.uleb128 0xb
 546 00ed 27       		.uleb128 0x27
 547 00ee 19       		.uleb128 0x19
 548 00ef 00       		.byte	0
 549 00f0 00       		.byte	0
 550 00f1 00       		.byte	0
 551              		.section	.gnu.debuglto_.debug_line,"e",%progbits
 552              	.Ldebug_line0:
 553 0000 49000000 		.4byte	.LELT0-.LSLT0
 554              	.LSLT0:
 555 0004 0500     		.2byte	0x5
 556 0006 04       		.byte	0x4
 557 0007 00       		.byte	0
 558 0008 41000000 		.4byte	.LELTP0-.LASLTP0
 559              	.LASLTP0:
 560 000c 01       		.byte	0x1
 561 000d 01       		.byte	0x1
 562 000e 01       		.byte	0x1
 563 000f F6       		.byte	0xf6
 564 0010 F2       		.byte	0xf2
 565 0011 0D       		.byte	0xd
 566 0012 00       		.byte	0
 567 0013 01       		.byte	0x1
 568 0014 01       		.byte	0x1
 569 0015 01       		.byte	0x1
 570 0016 01       		.byte	0x1
ARM GAS  /tmp/cccF14OH.s 			page 11


 571 0017 00       		.byte	0
 572 0018 00       		.byte	0
 573 0019 00       		.byte	0
 574 001a 01       		.byte	0x1
 575 001b 00       		.byte	0
 576 001c 00       		.byte	0
 577 001d 01       		.byte	0x1
 578 001e 01       		.byte	0x1
 579 001f 01       		.uleb128 0x1
 580 0020 1F       		.uleb128 0x1f
 581 0021 03       		.uleb128 0x3
 582 0022 0E000000 		.4byte	.LASF41
 583 0026 A9000000 		.4byte	.LASF42
 584 002a 42000000 		.4byte	.LASF43
 585 002e 02       		.byte	0x2
 586 002f 01       		.uleb128 0x1
 587 0030 1F       		.uleb128 0x1f
 588 0031 02       		.uleb128 0x2
 589 0032 0B       		.uleb128 0xb
 590 0033 05       		.uleb128 0x5
 591 0034 6C000000 		.4byte	.LASF44
 592 0038 00       		.byte	0
 593 0039 39000000 		.4byte	.LASF45
 594 003d 02       		.byte	0x2
 595 003e CA000000 		.4byte	.LASF46
 596 0042 01       		.byte	0x1
 597 0043 00000000 		.4byte	.LASF47
 598 0047 01       		.byte	0x1
 599 0048 9B000000 		.4byte	.LASF48
 600 004c 01       		.byte	0x1
 601              	.LELTP0:
 602              	.LELT0:
 603              		.section	.gnu.debuglto_.debug_str,"eMS",%progbits,1
 604              	.LASF1:
 605 0000 6C6F6E67 		.ascii	"long long int\000"
 605      206C6F6E 
 605      6720696E 
 605      7400
 606              	.LASF38:
 607 000e 2F686F6D 		.ascii	"/home/mayank/chibios-workspace/ChibiOS/app\000"
 607      652F6D61 
 607      79616E6B 
 607      2F636869 
 607      62696F73 
 608              	.LASF17:
 609 0039 4F535045 		.ascii	"OSPEEDR\000"
 609      45445200 
 610              	.LASF14:
 611 0041 636C6561 		.ascii	"clear\000"
 611      7200
 612              	.LASF15:
 613 0047 4D4F4445 		.ascii	"MODER\000"
 613      5200
 614              	.LASF40:
 615 004d 5F70616C 		.ascii	"_pal_lld_init\000"
 615      5F6C6C64 
 615      5F696E69 
ARM GAS  /tmp/cccF14OH.s 			page 12


 615      7400
 616              	.LASF19:
 617 005b 42535252 		.ascii	"BSRR\000"
 617      00
 618              	.LASF16:
 619 0060 4F545950 		.ascii	"OTYPER\000"
 619      455200
 620              	.LASF31:
 621 0067 6F747970 		.ascii	"otyper\000"
 621      657200
 622              	.LASF24:
 623 006e 696F706F 		.ascii	"ioportmask_t\000"
 623      72746D61 
 623      736B5F74 
 623      00
 624              	.LASF25:
 625 007b 696F6D6F 		.ascii	"iomode_t\000"
 625      64655F74 
 625      00
 626              	.LASF6:
 627 0084 756E7369 		.ascii	"unsigned char\000"
 627      676E6564 
 627      20636861 
 627      7200
 628              	.LASF22:
 629 0092 41465248 		.ascii	"AFRH\000"
 629      00
 630              	.LASF10:
 631 0097 6C6F6E67 		.ascii	"long unsigned int\000"
 631      20756E73 
 631      69676E65 
 631      6420696E 
 631      7400
 632              	.LASF7:
 633 00a9 73686F72 		.ascii	"short unsigned int\000"
 633      7420756E 
 633      7369676E 
 633      65642069 
 633      6E7400
 634              	.LASF21:
 635 00bc 4146524C 		.ascii	"AFRL\000"
 635      00
 636              	.LASF35:
 637 00c1 616C7472 		.ascii	"altrmask\000"
 637      6D61736B 
 637      00
 638              	.LASF4:
 639 00ca 73686F72 		.ascii	"short int\000"
 639      7420696E 
 639      7400
 640              	.LASF33:
 641 00d4 70757064 		.ascii	"pupdr\000"
 641      7200
 642              	.LASF39:
 643 00da 5F70616C 		.ascii	"_pal_lld_setgroupmode\000"
 643      5F6C6C64 
 643      5F736574 
ARM GAS  /tmp/cccF14OH.s 			page 13


 643      67726F75 
 643      706D6F64 
 644              	.LASF0:
 645 00f0 756E7369 		.ascii	"unsigned int\000"
 645      676E6564 
 645      20696E74 
 645      00
 646              	.LASF34:
 647 00fd 616C7472 		.ascii	"altr\000"
 647      00
 648              	.LASF12:
 649 0102 63686172 		.ascii	"char\000"
 649      00
 650              	.LASF29:
 651 0107 6D6F6465 		.ascii	"mode\000"
 651      00
 652              	.LASF20:
 653 010c 4C4F434B 		.ascii	"LOCKR\000"
 653      5200
 654              	.LASF23:
 655 0112 73746D33 		.ascii	"stm32_gpio_t\000"
 655      325F6770 
 655      696F5F74 
 655      00
 656              	.LASF2:
 657 011f 6C6F6E67 		.ascii	"long double\000"
 657      20646F75 
 657      626C6500 
 658              	.LASF18:
 659 012b 50555044 		.ascii	"PUPDR\000"
 659      5200
 660              	.LASF32:
 661 0131 6F737065 		.ascii	"ospeedr\000"
 661      65647200 
 662              	.LASF28:
 663 0139 6D61736B 		.ascii	"mask\000"
 663      00
 664              	.LASF27:
 665 013e 706F7274 		.ascii	"port\000"
 665      00
 666              	.LASF36:
 667 0143 474E5520 		.ascii	"GNU C17 13.2.1 20231009 -mcpu=cortex-m4 -mthumb -mf"
 667      43313720 
 667      31332E32 
 667      2E312032 
 667      30323331 
 668 0176 6C6F6174 		.ascii	"loat-abi=soft -march=armv7e-m -ggdb -O2 -fomit-fram"
 668      2D616269 
 668      3D736F66 
 668      74202D6D 
 668      61726368 
 669 01a9 652D706F 		.ascii	"e-pointer -falign-functions=16 -ffunction-sections "
 669      696E7465 
 669      72202D66 
 669      616C6967 
 669      6E2D6675 
 670 01dc 2D666461 		.ascii	"-fdata-sections -fno-common -flto\000"
ARM GAS  /tmp/cccF14OH.s 			page 14


 670      74612D73 
 670      65637469 
 670      6F6E7320 
 670      2D666E6F 
 671              	.LASF26:
 672 01fe 696F706F 		.ascii	"ioportid_t\000"
 672      72746964 
 672      5F7400
 673              	.LASF8:
 674 0209 75696E74 		.ascii	"uint16_t\000"
 674      31365F74 
 674      00
 675              	.LASF37:
 676 0212 2E2E2F6F 		.ascii	"../os/hal/ports/STM32/LLD/GPIOv2/hal_pal_lld.c\000"
 676      732F6861 
 676      6C2F706F 
 676      7274732F 
 676      53544D33 
 677              	.LASF9:
 678 0241 75696E74 		.ascii	"uint32_t\000"
 678      33325F74 
 678      00
 679              	.LASF5:
 680 024a 6C6F6E67 		.ascii	"long int\000"
 680      20696E74 
 680      00
 681              	.LASF30:
 682 0253 6D6F6465 		.ascii	"moder\000"
 682      7200
 683              	.LASF3:
 684 0259 7369676E 		.ascii	"signed char\000"
 684      65642063 
 684      68617200 
 685              	.LASF13:
 686 0265 5F426F6F 		.ascii	"_Bool\000"
 686      6C00
 687              	.LASF11:
 688 026b 6C6F6E67 		.ascii	"long long unsigned int\000"
 688      206C6F6E 
 688      6720756E 
 688      7369676E 
 688      65642069 
 689              		.section	.gnu.debuglto_.debug_line_str,"eMS",%progbits,1
 690              	.LASF47:
 691 0000 68616C5F 		.ascii	"hal_pal_lld.h\000"
 691      70616C5F 
 691      6C6C642E 
 691      6800
 692              	.LASF41:
 693 000e 2F686F6D 		.ascii	"/home/mayank/chibios-workspace/ChibiOS/app\000"
 693      652F6D61 
 693      79616E6B 
 693      2F636869 
 693      62696F73 
 694              	.LASF45:
 695 0039 73746469 		.ascii	"stdint.h\000"
 695      6E742E68 
ARM GAS  /tmp/cccF14OH.s 			page 15


 695      00
 696              	.LASF43:
 697 0042 2F757372 		.ascii	"/usr/lib/gcc/arm-none-eabi/13.2.1/include\000"
 697      2F6C6962 
 697      2F676363 
 697      2F61726D 
 697      2D6E6F6E 
 698              	.LASF44:
 699 006c 2E2E2F6F 		.ascii	"../os/hal/ports/STM32/LLD/GPIOv2/hal_pal_lld.c\000"
 699      732F6861 
 699      6C2F706F 
 699      7274732F 
 699      53544D33 
 700              	.LASF48:
 701 009b 68616C5F 		.ascii	"hal_pal_lld.c\000"
 701      70616C5F 
 701      6C6C642E 
 701      6300
 702              	.LASF42:
 703 00a9 2E2E2F6F 		.ascii	"../os/hal/ports/STM32/LLD/GPIOv2\000"
 703      732F6861 
 703      6C2F706F 
 703      7274732F 
 703      53544D33 
 704              	.LASF46:
 705 00ca 73746D33 		.ascii	"stm32_gpio.h\000"
 705      325F6770 
 705      696F2E68 
 705      00
 706              		.text
 707              		.section	.gnu.lto_.profile.bd5fd951375637bc,"e",%progbits
 708 0000 789C6362 		.ascii	"x\234cb\000\001\000\000\022\000\003"
 708      00010000 
 708      120003
 709              		.text
 710              		.section	.gnu.lto_.icf.bd5fd951375637bc,"e",%progbits
 711 0000 789C8B60 		.ascii	"x\234\213`@\000&\206\177\017\277\336`g`<\370\375\345"
 711      40002686 
 711      7F0FBFDE 
 711      6067603C 
 711      F8FDE5
 712 0013 19161526 		.ascii	"\031\026\025&\006&Fj`\006\000~\327\007\376"
 712      0626466A 
 712      6006007E 
 712      D707FE
 713              		.text
 714              		.section	.gnu.lto_.ipa_sra.bd5fd951375637bc,"e",%progbits
 715 0000 789C1361 		.ascii	"x\234\023a@\000&\006\006FFf \203\005&\302\310\000\000"
 715      40002606 
 715      06464666 
 715      20830526 
 715      C2C80000 
 716 0014 03440021 		.ascii	"\003D\000!"
 717              		.text
 718              		.section	.gnu.lto_.inline.bd5fd951375637bc,"e",%progbits
 719 0000 789C458E 		.ascii	"x\234E\216-\016\302@\020\205\337\274\331,+\020(DO\300"
 719      2D0EC240 
ARM GAS  /tmp/cccF14OH.s 			page 16


 719      1085DFBC 
 719      D92C2B10 
 719      28444FC0 
 720 0014 1938CFD2 		.ascii	"\0318\317\322&\240\340\000\004\022\\\017\200$$\3246"
 720      26A0E000 
 720      04125C0F 
 720      802424D4 
 720      36
 721 0025 486882AC 		.ascii	"Hh\202\254A\220\364\010\240\220\010\016\300nW\3602\342"
 721      4190F408 
 721      A090080E 
 721      C06E57F0 
 721      32E2
 722 0037 9B2F999F 		.ascii	"\233/\231\237\032\377\020\320M\010\275\364\3156\360"
 722      1AFF10D0 
 722      4D08BDF4 
 722      CD36F0
 723 0046 1AB0C931 		.ascii	"\032\260\3111*@\360\300\353\335\356\270\020(\227\244"
 723      2A40F0C0 
 723      EBDDEEB8 
 723      102897A4 
 724 0056 9D08219E 		.ascii	"\235\010!\236\212@\312\025)\027IB\256Ba\034\033L\017"
 724      8A40CA15 
 724      29174942 
 724      AE42611C 
 724      1B4C0F
 725 0069 4DF7E41C 		.ascii	"M\367\344\034\030~\332\372\253y\3346\256\366\315\221"
 725      187EDAFA 
 725      AB79DC36 
 725      AEF6CD91 
 726 0079 0546E984 		.ascii	"\005F\351\204\316\034\021*\013|\326\302\301!\273w\345"
 726      CE1C112A 
 726      0B7CD6C2 
 726      C121BB77 
 726      E5
 727 008a 4D730303 		.ascii	"Ms\003\003{j\272R\275!L\377\007~\011Q&\226"
 727      7B6ABA52 
 727      BD214CFF 
 727      077E0951 
 727      2696
 728              		.text
 729              		.section	.gnu.lto_.jmpfuncs.bd5fd951375637bc,"e",%progbits
 730 0000 789C1361 		.ascii	"x\234\023a@\000& fdfdd\264\257gb\254gb\251gbb\000\000"
 730      40002620 
 730      66646664 
 730      64B4AF67 
 730      62AC6762 
 731 001a 109001E7 		.ascii	"\020\220\001\347"
 732              		.text
 733              		.section	.gnu.lto_.pureconst.bd5fd951375637bc,"e",%progbits
 734 0000 789C6367 		.ascii	"x\234cg```bh`a\234\305\002\000\0041\001-"
 734      60606062 
 734      6860619C 
 734      C5020004 
 734      31012D
 735              		.text
 736              		.section	.gnu.lto_.ipa_modref.bd5fd951375637bc,"e",%progbits
ARM GAS  /tmp/cccF14OH.s 			page 17


 737 0000 789CB363 		.ascii	"x\234\263c@\000FFf\201=l`\026\023+\020\263101020(40"
 737      40004646 
 737      66813D6C 
 737      6016132B 
 737      10B33130 
 738 001b 02A90626 		.ascii	"\002\251\006&\205\003x$\330\030\000\234\267\005L"
 738      85037824 
 738      D818009C 
 738      B7054C
 739              		.text
 740              		.section	.gnu.lto_.lto.bd5fd951375637bc,"e",%progbits
 741 0000 0D000000 		.ascii	"\015\000\000\000\001\000\000\000"
 741      01000000 
 742              		.text
 743              		.section	.gnu.lto__pal_lld_init.328.bd5fd951375637bc,"e",%progbits
 744 0000 789CCB62 		.ascii	"x\234\313b``\210\005be fdf`\2344\261\213\211\241\241"
 744      60608805 
 744      62652066 
 744      6466609C 
 744      34B18B89 
 745 0016 A1C1819D 		.ascii	"\241\301\201\235\211\261qb\227 \343NF0\217\221\241\236"
 745      89B17162 
 745      9720E34E 
 745      46308F91 
 745      A19E
 746 0028 89B19E71 		.ascii	"\211\261\236q\015\263>\220\373\243{\375$\267\206\025"
 746      0DB33E90 
 746      FBA37BFD 
 746      24B78615 
 747 0038 0718DF30 		.ascii	"\007\030\33700\3243@\0017\204\315\010\304\353/\261>"
 747      30D43340 
 747      013784CD 
 747      08C4EB2F 
 747      B13E
 748 004a 68F8F17F 		.ascii	"h\370\361\177~C\303\251>\306\3133\231\230\030\030V2"
 748      7E43C3A9 
 748      3EC6CB33 
 748      99981818 
 748      5632
 749 005c 834C6D60 		.ascii	"\203Lm`adX\305\314\004a5\036`\370\317\324\240\304\320"
 749      616458C5 
 749      CC046135 
 749      1E60F8CF 
 749      D4A0C4D0 
 750 0070 CEDCA400 		.ascii	"\316\334\244\0006a%3#D\246\341\000\220\247\255\237\221"
 750      36612533 
 750      2344A6E1 
 750      0090A7AD 
 750      9F91
 751 0082 9F9BAA9F 		.ascii	"\237\233\252\237\233X\231\230\227\255\237\234\221\231"
 751      9B589998 
 751      97AD9F9C 
 751      9199
 752 0090 94995FAC 		.ascii	"\224\231_\254[\236_\224]\\\220\230\234\252\357\014\022"
 752      5B9E5F94 
 752      5D5C9098 
 752      9CAAEF0C 
ARM GAS  /tmp/cccF14OH.s 			page 18


 752      12
 753 00a1 F10FD64F 		.ascii	"\361\017\326O,(`\320\327\323\323\317/\326\317H\314\321"
 753      2C2860D0 
 753      D7D3D3CF 
 753      2FD6CF48 
 753      CCD1
 754 00b3 2FC82F2A 		.ascii	"/\310/*)\326\017\016\36156\322\367\361q\321w\017\360"
 754      29D60F0E 
 754      F13536D2 
 754      F7F171D1 
 754      770FF0
 755 00c6 F42F3302 		.ascii	"\364/3\002I\305\027\000qNN\212^2\003\000\301\026H\231"
 755      49C51700 
 755      714E4E8A 
 755      5E320300 
 755      C1164899 
 756              		.text
 757              		.section	.gnu.lto__pal_lld_setgroupmode.329.bd5fd951375637bc,"e",%progbits
 758 0000 789C7D56 		.ascii	"x\234}V}PU\325\026\337k\257s\356\007\027.*\"*\312\207"
 758      7D5055D5 
 758      16DF6BAF 
 758      73EE0717 
 758      2E2A222A 
 759 0016 A9A9C03D 		.ascii	"\251\251\300=\300{#\370\021b55\315\200\340\253\277+"
 759      C07B23F8 
 759      11623535 
 759      CD80E0AB 
 759      BF2B
 760 0028 BA503ACA 		.ascii	"\272P:\312\2737\260\030\307)\217\350\345\226M\027\256"
 760      BB37B018 
 760      C7298FE8 
 760      E5964D17 
 760      AE
 761 0039 F1879999 		.ascii	"\361\207\231\231\305\330\210c\230\276q\336\263\314!"
 761      C5D88863 
 761      98BE71DE 
 761      B3CC21
 762 0048 3FD0AC14 		.ascii	"?\320\254\0244\262\232W\223N\2747\274\327\0079\332("
 762      34B29A57 
 762      934EBC37 
 762      BCD70739 
 762      DA28
 763 005a 11B6F6DE 		.ascii	"\021\266\366\336\367\034\2163\014\314\374\356\331\353"
 763      F71C8E33 
 763      0CCCFCEE 
 763      D9EB
 764 0068 ACDF5AEB 		.ascii	"\254\337Z\353\267\327\336gof'3\366\001c\354\016\001"
 764      B7D7DE67 
 764      6F662733 
 764      F60163EC 
 764      0E01
 765 007a 5219EC88 		.ascii	"R\031\354\210o\347\3144\315r7\207\327\342Ir\204|[\374"
 765      6FE7CC34 
 765      CD723787 
 765      D7E24972 
 765      847C5BFC 
 766 008e 150E9F03 		.ascii	"\025\016\237\003Y9\332\356\266k\271\360\245\032k<\022"
ARM GAS  /tmp/cccF14OH.s 			page 19


 766      5939DAEE 
 766      B66BB9F0 
 766      A51A6B3C 
 766      12
 767 009f F7FDD871 		.ascii	"\367\375\330q5]{\275\355\032\264\377{\317\"M\347-q\237"
 767      355D7BBD 
 767      ED1AB4FF 
 767      7BCF224D 
 767      E72D719F 
 768 00b3 7446E37E 		.ascii	"tF\343~\371t\301\316\035\357\200\314\344\026\303\\\225"
 768      F974C1CE 
 768      1DEF80CC 
 768      E416C35C 
 768      95
 769 00c4 DF03BB69 		.ascii	"\337\003\273i\2542\225\273\275|W\333\021\225\364\015"
 769      AC3295BB 
 769      BD7C57DB 
 769      1195F40D 
 770 00d4 4A250749 		.ascii	"J%\007I\202\241\334>IV\201\311\374\315\266#\271$\247"
 770      82A1DC3E 
 770      495681C9 
 770      FCCDB623 
 770      B924A7
 771 00e7 AB35E2D6 		.ascii	"\2535\342\326\366\020\373\322\320p\251\226\002[\342"
 771      F610FBD2 
 771      D070A996 
 771      025BE2
 772 00f6 DBFFD937 		.ascii	"\333\377\3317Kr\374\360\332\341\355g\217=)\015`\233"
 772      4B72FCF0 
 772      DAE1ED67 
 772      8F3D290D 
 772      609B
 773 0108 396ABACB 		.ascii	"9j\272\313\355\361&\371\222S\374@&\203n\015\262\345"
 773      EDF126F9 
 773      9253FC40 
 773      26836E0D 
 773      B2E5
 774 011a 0F4BFC1D 		.ascii	"\017K\374\035D\203\350\267^9t\375!s\1777\374\310\330"
 774      4483E8B7 
 774      5E3974FD 
 774      21737F37 
 774      FCC8D8
 775 012d 66E5D0C1 		.ascii	"f\345\320\301\225\006\032\375\246C\216\016\236\307Y"
 775      95061AFD 
 775      A6438E0E 
 775      9EC759
 776 013c 41B769F6 		.ascii	"A\267i\366\356\271m\232S\330\013\307a\363\207\360\001"
 776      EEB96D9A 
 776      53D80BC7 
 776      61F387F0 
 776      01
 777 014d 30C621B8 		.ascii	"0\306!\270\023\311\275I\272\207n\364\034\314\332\313"
 777      13C9BD49 
 777      BA876EF4 
 777      1CCCDACB 
 778 015d 379DB0DD 		.ascii	"7\235\260\335<\330!\334&(\377o=\357\222\177c\267\355"
 778      3CD821DC 
ARM GAS  /tmp/cccF14OH.s 			page 20


 778      2628FF6F 
 778      3DEF927F 
 778      63B7ED
 779 0170 C760178A 		.ascii	"\307`\027\212Z\236\010\320o\236\340\264GcY{\233'5\235"
 779      5A9E08D0 
 779      6F9EE0B4 
 779      4763597B 
 779      9B27359D 
 780 0184 B4488C05 		.ascii	"\264H\214\005\207D\222\227-\312\373;\242\255f\316\266"
 780      87449297 
 780      2DCAFB3B 
 780      A2AD66CE 
 780      B6
 781 0195 9CA6D30E 		.ascii	"\234\246\323\016\312\200\240\304lJ[\202\322\343\240"
 781      CA80A0C4 
 781      6C4A5B82 
 781      D2E3A0
 782 01a4 7C2328ED 		.ascii	"|#(\3556e\264EQ\3169(\027\005e\267M\031IP\316;(\247"
 782      3665B445 
 782      51CE3928 
 782      170565B7 
 782      4D194950 
 783 01bc 05A5C3A6 		.ascii	"\005\245\303\246\014'(\2379(\307\320\307>\207O\341\023"
 783      0C27289F 
 783      3928C7D0 
 783      C73E874F 
 783      E113
 784 01ce 380B67E0 		.ascii	"8\013g\340\024\210\236\002Eu\332\223\334\025\335''y"
 784      14889E02 
 784      4575DA93 
 784      DC15DD27 
 784      2779
 785 01e0 D111F506 		.ascii	"\321\021\365\006u\333s\320\242\364\216\334\242V\227"
 785      75DB73D0 
 785      A2F48EDC 
 785      A25697
 786 01ef 37F53918 		.ascii	"7\3659\030q\3018d3n(\306e\007#*\030GlF\257b\364;\030"
 786      71C13864 
 786      336E28C6 
 786      6507232A 
 786      18476C46 
 787 0208 23A4ED4B 		.ascii	"#\244\355K\370\002.A/\260\013\300\202\277#9\222\340"
 787      F8022E41 
 787      2FB00BC0 
 787      82BF2339 
 787      92E0
 788 021a 3380F300 		.ascii	"3\200\363\000\347\000z\000N\003\234\004\350\007\270"
 788      E7007A00 
 788      4E039C04 
 788      E807B8
 789 0229 0CD00770 		.ascii	"\014\320\007p\021\016]\322\2777o\335y\3134\177\016\034"
 789      110E5DD2 
 789      BF376FDD 
 789      79CB347F 
 789      0E1C
 790 023b FEF47227 		.ascii	"\376\364r'\377\0330\256s\002\0224\202Np\021\334\004"
 790      FF1B30AE 
ARM GAS  /tmp/cccF14OH.s 			page 21


 790      73021234 
 790      824E7011 
 790      DC04
 791 024d 0FE32E2F 		.ascii	"\017\343./=\223\350\351#$\3238\205\340'\244\022&\021"
 791      3D93E8E9 
 791      2324D338 
 791      85E027A4 
 791      122611
 792 0260 2613A610 		.ascii	"&\023\246\020\322\010S\011\351\204i\204\014\302t\302"
 792      D2085309 
 792      E9846984 
 792      0CC274C2 
 793 0270 0CC24C42 		.ascii	"\014\302LB&a\026a6!\213\220M\310!\344\022\346\020\356"
 793      26611661 
 793      36218B90 
 793      4DC821E4 
 793      12E610EE 
 794 0284 21CC25CC 		.ascii	"!\314%\314#\314'\334KX@XHXD\310#\344\023\012\030\234"
 794      23CC27DC 
 794      4B584058 
 794      485844C8 
 794      23E4130A 
 795 029a 8000A369 		.ascii	"\200\000\243i\032\214&Z\310h\252E\214&[\314h\256\213"
 795      1A8C265A 
 795      C868AA45 
 795      8C265BCC 
 795      68AE8B
 796 02ad 01BAA144 		.ascii	"\001\272\241DxK\205w\211\360.\025\336e\214\232\261\034"
 796      784B8577 
 796      89F02E15 
 796      DE658C9A 
 796      B11C
 797 02bf 28B68C51 		.ascii	"(\266\214QCV0jI9\243\246\254d\324\226\373\001\216C\205"
 797      4356306A 
 797      4939A3A6 
 797      AC64D496 
 797      FB018E43 
 798 02d4 C85C29C2 		.ascii	"\310\\)\302V\211\260*\021V-R\255\026\231\031\353D64"
 798      5689B02A 
 798      11562D52 
 798      AD169919 
 798      EB443634 
 799 02e8 BCBF14D8 		.ascii	"\274\277\024\330\001\344r\260\245\233\335\341\346\265"
 799      01E472B0 
 799      A59BDDE1 
 799      E6B5
 800 02f6 9BAF22DB 		.ascii	"\233\257\"\333\212[wF\317 \226\340b\327\002@z\337\234"
 800      8A5B7746 
 800      CF2096E0 
 800      62D70240 
 800      7ADF9C
 801 0309 43915822 		.ascii	"C\221X\"\031\267\025c\264\345L\012\0021\276c\300\355"
 801      19B71563 
 801      B4E54C0A 
 801      0231BE63 
 801      C0ED
 802 031b 9052040A 		.ascii	"\220R\004\012\001\025r\036\260T\206\374a\205\364\247"
ARM GAS  /tmp/cccF14OH.s 			page 22


 802      0115721E 
 802      B05486FC 
 802      6185F4A7 
 803 032b 20C7C550 		.ascii	" \307\305P`\363\227 \207+\011\3729\300%\222\376vl\254"
 803      60F39720 
 803      872B09FA 
 803      39C02592 
 803      FE766CAC 
 804 033f 02AA0ABA 		.ascii	"\002\252\012\272\035\261\024\321\216\350\001\\*#\366"
 804      1DB114D1 
 804      8EE8015C 
 804      2A23F6
 805 034e 59119154 		.ascii	"Y\021\221T\324T\204\333\216X\206\032iJU!\247\001\227"
 805      D45484DB 
 805      8E58861A 
 805      694A5521 
 805      A70197
 806 0361 C990CE98 		.ascii	"\311\220\316\230\234\330\336g\251\035\256&\271\013\017"
 806      9CD8DE67 
 806      A91DAE26 
 806      B90B0F
 807 0370 20D2A963 		.ascii	" \322\251cj\252\027\315\345\242SXLC.*\025\311\001\211"
 807      6AAA17CD 
 807      E5A25358 
 807      4C432E2A 
 807      15C90189 
 808 0384 2C94039A 		.ascii	",\224\003\232\234!\007\324\230\200\034\234\000,\220"
 808      9C2107D4 
 808      98801C9C 
 808      002C90
 809 0393 A9DF8BA5 		.ascii	"\251\337\213\245\321\221(\207\207c\011\3457\021u,\200"
 809      D1912887 
 809      876309E5 
 809      3711752C 
 809      80
 810 03a4 AF818DF2 		.ascii	"\257\201\215\362m\377;E\211u\022%\317\264V,\300\345"
 810      6DFF3B45 
 810      89751225 
 810      CFB4562C 
 810      C0E5
 811 03b6 5C6358E1 		.ascii	"\\cX\341\357z\247o2\205\266b\000Kx\327/\337\003V\373"
 811      EF7AA76F 
 811      3285B662 
 811      004B78D7 
 811      2FDF0356 
 812 03cb 7FEEF89A 		.ascii	"\177\356\370\232^\030X\312/\210\027\225\376\226\016"
 812      5E1858CA 
 812      2F881795 
 812      FE960E
 813 03da B20B7109 		.ascii	"\262\013q\011\377O\010W\371\273:\006\311,\302\245<v"
 813      FF4F0857 
 813      F9BB3A06 
 813      C92CC2A5 
 813      3C76
 814 03ec 9DDC55FE 		.ascii	"\235\334U\376\013\222_\014\337\002\277 \336\254\366"
 814      0B925F0C 
 814      DF02BF20 
ARM GAS  /tmp/cccF14OH.s 			page 23


 814      DEACF6
 815 03fb C7DEFD58 		.ascii	"\307\336\375X\254\263\266\205&\307\255\205>\032\313"
 815      ACB3B685 
 815      26C7AD85 
 815      3E1ACB
 816 040a A0035F0E 		.ascii	"\240\003_\016\217\373\225\306\210\027]XL\262d\357\216"
 816      8FFB95C6 
 816      88175D58 
 816      4CB264EF 
 816      8E
 817 041b B4F47BD1 		.ascii	"\264\364{\321\215.\2625a\217\264Dt,\243n\272U'\373\001"
 817      8D2EB235 
 817      618FB444 
 817      742CA36E 
 817      BA5527FB 
 818 0430 CB64F8D5 		.ascii	"\313d\370\325\230[\371\007\020=\220O\035\333\212\315"
 818      985BF907 
 818      103D904F 
 818      1DDB8ACD 
 819 0440 A3D17D88 		.ascii	"\243\321}\210+\320\243\270\227\001WH\356@,\221{@G\257"
 819      2BD0A3B8 
 819      97015748 
 819      EE402C91 
 819      7B4047AF 
 820 0454 ACC5EDD8 		.ascii	"\254\305\355\330$(@\257\035[\216I*\266\017\260\\\306"
 820      242840AF 
 820      1D5B8E49 
 820      2AB60FB0 
 820      5CC6
 821 0466 0E5A75A8 		.ascii	"\016Zu\250\227>\261\304\251\350\266\351+\351\000\221"
 821      973EB1C4 
 821      A9E8B6E9 
 821      2BE90091 
 822 0476 F48B802B 		.ascii	"\364\213\200+%\375'I?y\242s9&\323\205\361\2028~\016"
 822      25FD2749 
 822      3F79A273 
 822      3926D385 
 822      F182387E 
 823 048b 8A2BCCF3 		.ascii	"\212+\314\363\354\360\213?\000[\3746\015C\003POK@Yv"
 823      ECF08B3F 
 823      005BFC36 
 823      0D430350 
 823      4F4B4059 
 824 04a0 456F7A31 		.ascii	"Eoz1\205d\312V\320\324\375\230\214)\302j\217\236\361"
 824      8564CA56 
 824      D0D4FD98 
 824      8C29C26A 
 824      8F9EF1
 825 04b3 612AD986 		.ascii	"a*\331\206\310w}{\277\236H\264?\323\231\351\277\"\023"
 825      C8777D7B 
 825      BF9E48B4 
 825      3FD399E9 
 825      BF2213
 826 04c6 A6CADABF 		.ascii	"\246\312\332\277\216\325\2364^\325AXgU\215\370p2MPV"
 826      8ED59E34 
 826      5ED54158 
 826      67558DF8 
ARM GAS  /tmp/cccF14OH.s 			page 24


 826      70324D50 
 827 04db 1DF0E214 		.ascii	"\035\360\342\024\234\204\223U\325~\037\246\221]8a\325"
 827      9C849355 
 827      D57E1FA6 
 827      915D3861 
 827      D5
 828 04ec FF8B4C98 		.ascii	"\377\213L\230\246\276\335\261\252S\307\253\372\023\254"
 828      A6BEDDB1 
 828      AA53C7AB 
 828      FA13AC
 829 04fb 9555C567 		.ascii	"\225U\305g\341\305t\252;UU:\352\303id\027MX\351\027"
 829      E1C574AA 
 829      3B55553A 
 829      EAC36964 
 829      174D58E9 
 830 0510 118DD3D4 		.ascii	"\021\215\323\324\031@\225h\037\017\236\272D\247\002"
 830      19409568 
 830      1F0F9EBA 
 830      44A702
 831 051f 5C55FBF8 		.ascii	"\\U\373\370\000\352\357\267F\2560k\207\355k\235!H\337"
 831      00EAEFB7 
 831      46AE306B 
 831      87ED6B9D 
 831      2148DF
 832 0532 9EBA465F 		.ascii	"\236\272F_\021}b\356\004\313\365\325\331\223y\026\251"
 832      117D62EE 
 832      04CBF5D5 
 832      D9937916 
 832      A9
 833 0543 B3355369 		.ascii	"\2635Si\276\0173\306\323|\035\236\261:E\335\231Nkk\351"
 833      BE0F33C6 
 833      D37C1D9E 
 833      B13A45DD 
 833      994E6B6B 
 834 0558 9F811938 		.ascii	"\237\201\0318\335\326?\223\3542\245\177\300\326\237"
 834      DDD63F93 
 834      EC32A57F 
 834      C0D69F
 835 0567 EDCC7443 		.ascii	"\355\314tCd\302\231R\202\333)\341\360\230\204\314\361"
 835      64C29952 
 835      82DB29E1 
 835      F09884CC 
 835      F1
 836 0578 24FC0675 		.ascii	"$\374\006u\016\011\263\034\022fc&\316\262%d\221=\261"
 836      0E09B31C 
 836      12666326 
 836      CEB22564 
 836      913DB1
 837 058b 845B2213 		.ascii	"\204[\"\023fI\011\236\273zu\224z%5\224a\366x\032\206"
 837      6649099E 
 837      BB7A7594 
 837      7A253594 
 837      61F6781A 
 838 05a0 21682D1D 		.ascii	"!h-\035i\310\241\245\313\2667I.\331\001U\367\246]w\266"
 838      69C8A1A5 
 838      CBB63749 
 838      2ED90155 
ARM GAS  /tmp/cccF14OH.s 			page 25


 838      F7A65D77 
 839 05b5 337A4444 		.ascii	"3zDDc\256\254\353\355\245\343\036\254\272\203cu\347"
 839      63AEACEB 
 839      EDA5E31E 
 839      ACBA8363 
 839      75E7
 840 05c7 8C5777F4 		.ascii	"\214Ww\364\256\272\367P\3359v\335\271dO\\\327\344\242"
 840      AEBAF750 
 840      DD3976DD 
 840      B9644F5C 
 840      D7E4A2
 841 05da EE5CF539 		.ascii	"\356\\\3659:w\003\014Y[&i\377\277>\372\302n\303\257"
 841      3A77030C 
 841      595B2669 
 841      FFBF3EFA 
 841      C26EC3AF 
 842 05ee 634B316F 		.ascii	"cK1o<9\315\334\271\033\346;\226\342^\234\207\363\355"
 842      3C39CDDC 
 842      B91BE63B 
 842      96E25E9C 
 842      87F3ED
 843 0601 A55840F6 		.ascii	"\245X@\366\304K\261Md\302\005R\203\357.\015\267\307"
 843      C44BB14D 
 843      64C20552 
 843      83EF2E0D 
 843      B7C7
 844 0613 342C1C4F 		.ascii	"4,\034OC\013wn\207E\016\015y\270\020\027\331\032\362"
 844      430B776E 
 844      87450E0D 
 844      79B81017 
 844      D91AF2
 845 0626 C99E58C3 		.ascii	"\311\236X\303K\"\023\346K\015\311\216\233\207>\235\366"
 845      4B2213E6 
 845      4B0DC98E 
 845      9B873E9D 
 845      F6
 846 0637 747183C8 		.ascii	"tq\203\310+\215\016\267\012\2729\362\325\361F\227L\205"
 846      2B8D0EB7 
 846      0ABA39F2 
 846      D5F14697 
 846      4C85
 847 0649 FA70DA75 		.ascii	"\372p\332u\365\011\322UR\341\332\244\372I\211R\234\267"
 847      F509D255 
 847      52E1DAA4 
 847      FA498952 
 847      9CB7
 848 065b F97BED6E 		.ascii	"\371{\355n\026\305\346\275\256\204\323\037\217\\9\213"
 848      16C5E6BD 
 848      AE84D31F 
 848      8F5C398B 
 849 066b 96F71FED 		.ascii	"\226\367\037\355\272:P\351\222\254D\303*A7[\245\332"
 849      BA3A50E9 
 849      92AC44C3 
 849      2A41375B 
 849      A5DA
 850 067d 9496BF1F 		.ascii	"\224\226\277\037q\025\026\302Wc\027\365*I8f\021\216"
 850      711516C2 
ARM GAS  /tmp/cccF14OH.s 			page 26


 850      576317F5 
 850      2A493866 
 850      118E
 851 068f 22566191 		.ascii	"\"Va\221M\240\333\262J\022>r\020\2521`\023\350\316\254"
 851      4DA0DBB2 
 851      4A123E72 
 851      10AA3160 
 851      13E8CEAC 
 852 06a3 56778722 		.ascii	"Vw\207\"\354i\211 \256\226\247D\202A\263Z\235\270Lg"
 852      EC698920 
 852      AE96A744 
 852      8241B35A 
 852      9DB84C67 
 853 06b7 30F1EF0A 		.ascii	"0\361\357\012\310y\231\335d\344\031kB\365uF}\315\306"
 853      C87999DD 
 853      64E4196B 
 853      42F57546 
 853      7DCDC6
 854 06ca 9ABFAF33 		.ascii	"\232\277\2573\202k\326>\2656\324X\320\024jX\327\030"
 854      826BD63E 
 854      B536D458 
 854      D0146A58 
 854      D718
 855 06dc AE09D619 		.ascii	"\256\011\326\031\017\2107U\217\0325\34103\002\001#\324"
 855      0F883755 
 855      8F1A35E1 
 855      30330201 
 855      23D4
 856 06ee 68ACA959 		.ascii	"h\254\251Yo\204C\015\033\032\215G\037\253\374K\261Q"
 856      6F84430D 
 856      1B1A8D47 
 856      1FABFC4B 
 856      B151
 857 0700 51F1A0F1 		.ascii	"Q\361\240\361p\365#U\317\027\013\327\023a\302\372\365"
 857      70F52355 
 857      CF170BD7 
 857      1361C2FA 
 857      F5
 858 0711 B58120D3 		.ascii	"\265\201 \323\004+\343\256w\201\247K\202\265E\305\205"
 858      042BE3AE 
 858      7781A74B 
 858      82B545C5 
 858      85
 859 0722 854CABAF 		.ascii	"\205L\253\257i\\\247\325\207j\353\360\251\265\033\264"
 859      695CA7D5 
 859      876AEBF0 
 859      A9B51BB4 
 860 0732 9AF51B1A 		.ascii	"\232\365\033\032\364\360s\341\332\006w\2501\\WW\333"
 860      F4F073E1 
 860      DA0677A8 
 860      315C5757 
 860      DB
 861 0743 E00A6DD8 		.ascii	"\340\012m\330\030\256k\320\005\245\201\327\377\225\327"
 861      18AE6BD0 
 861      05A581D7 
 861      FF95D7
 862 0752 17F3FA22 		.ascii	"\027\363\372\"\217 \212\320?\001^L1\325"
ARM GAS  /tmp/cccF14OH.s 			page 27


 862      8F208AD0 
 862      3F015E4C 
 862      31D5
 863              		.text
 864              		.section	.gnu.lto_.symbol_nodes.bd5fd951375637bc,"e",%progbits
 865 0000 789C3366 		.ascii	"x\2343f\000\002\246\023L\365\354\015@\300\3028\341\034"
 865      0002A613 
 865      4CF5EC0D 
 865      40C0C238 
 865      E11C
 866 0012 03433D03 		.ascii	"\003C=\003\303\256\011ML \211\223L\365\034\037~\255"
 866      C3AE094D 
 866      4C208993 
 866      4CF51C1F 
 866      7EAD
 867 0024 B0401367 		.ascii	"\260@\023g\000\000\232\\\017\000"
 867      00009A5C 
 867      0F00
 868              		.text
 869              		.section	.gnu.lto_.refs.bd5fd951375637bc,"e",%progbits
 870 0000 789C6364 		.ascii	"x\234cd\000\002\000\000\012\000\002"
 870      00020000 
 870      0A0002
 871              		.text
 872              		.section	.gnu.lto_.decls.bd5fd951375637bc,"e",%progbits
 873 0000 789C9555 		.ascii	"x\234\225U\177P\223e\034\177\276\357\306|\370\325Fe"
 873      7F509365 
 873      1C7FBEEF 
 873      C67CF8D5 
 873      4665
 874 0012 61D775FB 		.ascii	"a\327u\373\317\035\235L\260\364\316\2772!\365\302\306"
 874      CF1D9D4C 
 874      B0F4CEBF 
 874      3221F5C2 
 874      C6
 875 0023 0D3DAF3F 		.ascii	"\015=\257?j.\230\262\203\271\035L\253\177\272\347\035"
 875      6A2E98B2 
 875      83B91D4C 
 875      AB7FBAE7 
 875      1D
 876 0034 632E43DC 		.ascii	"c.C\3348+nR\215\325\245\345\217\346\351]j\"o\200H\344"
 876      382B6E52 
 876      8DD5A5E5 
 876      8FE6E95D 
 876      6A226F80 
 877 004a AFFC81A4 		.ascii	"\257\374\201\244b\212\251$\024\004\250\010\"}\237\275"
 877      628AA924 
 877      1404A808 
 877      227D9FBD 
 878 005a 6332AEBA 		.ascii	"c2\256\272z\357>{\336\367\371|?\337_\317\217\355R\021"
 878      7AEF3E7B 
 878      DEF7F97C 
 878      3FDF5FCF 
 878      8FED5211 
 879 006e F21910C2 		.ascii	"\362\031\020\302\010!\023\370(p\274\200HD\034B\014\""
 879      082113F8 
 879      2870BC80 
ARM GAS  /tmp/cccF14OH.s 			page 28


 879      48441C42 
 879      0C22
 880 0080 8611C710 		.ascii	"\206\021\307\020w\021\375\210&\304\030\"\001u\367\020"
 880      7711FD88 
 880      26C41822 
 880      0175F710 
 881 0090 10FD4E16 		.ascii	"\020\375N\026\010QG\347\007\243\366\223\332\331\210"
 881      085147E7 
 881      07A3F693 
 881      DAD988
 882 009f 37A6E8AF 		.ascii	"7\246\350\257#n\"z\021\267\0207\020=\010\325\023\240"
 882      236E227A 
 882      11B71037 
 882      103D08D5 
 882      13A0
 883 00b1 54CD04AD 		.ascii	"T\315\004\255Rp\211]\343\220&16\302$w\242\356\020\034"
 883      5270895D 
 883      E3902631 
 883      36C22477 
 883      A2EE101C 
 884 00c5 44B7DF21 		.ascii	"D\267\337!\250@^d\221'\364\0149\314\203\023\2620\005"
 884      A8405E64 
 884      9127F40C 
 884      39CC8313 
 884      B23005
 885 00d8 855A6A24 		.ascii	"\205Zj$*\035\3602\3248\022\272\212(\205\306\201\346"
 885      2A1DF032 
 885      D43812BA 
 885      8A2885C6 
 885      81E6
 886 00ea 6EAABECA 		.ascii	"n\252\276\312\335\260\367\037'\0217M\240k\200\357A\002"
 886      DDB0F71F 
 886      2711374D 
 886      A06B80EF 
 886      4102
 887 00fc 14A5D3D5 		.ascii	"\024\245\323\325\204\256!\264\004m\373\316\035\177\220"
 887      84AE21B4 
 887      046DFBCE 
 887      1D7F90
 888 010b AC96FEDE 		.ascii	"\254\226\376\336\226\332\010&\246A\211@\355D5\033\343"
 888      96DA0826 
 888      A6418940 
 888      ED44351B 
 888      E3
 889 011c 28F097D0 		.ascii	"(\360\227\320\365\250\354\227\202\375\251\\9\314Xe\022"
 889      F5A8EC97 
 889      82FDA95C 
 889      39CC5865 
 889      12
 890 012d 69871F81 		.ascii	"i\207\037\201\234\202\331\015p\022N\000}\217(U}\325"
 890      9C82D90D 
 890      70124E00 
 890      7D8F2855 
 890      7DD5
 891 013f E29D948C 		.ascii	"\342\235\224\214\364\014\356}\347\326+\225o\3727\242"
 891      F40CEE7D 
 891      E7D62B95 
ARM GAS  /tmp/cccF14OH.s 			page 29


 891      6FFA37A2 
 892 014f EDA6B0E6 		.ascii	"\355\246\260\3464\374\004g!\242 Y\204\314#X\230\033"
 892      34FC0467 
 892      21A22059 
 892      84CC2358 
 892      981B
 893 0161 9120C727 		.ascii	"\221 \307'g\241\001\316\3009^'j\303\243\255\325L\353"
 893      67A101CE 
 893      C0395E27 
 893      6AC3A3AD 
 893      D54CEB
 894 0174 AA529E86 		.ascii	"\252R\236\206\343Se\355\2001\276=\367\301\011U\306,"
 894      E35365ED 
 894      8031BE3D 
 894      F7C10955 
 894      C62C
 895 0186 1E233CEC 		.ascii	"\036#<\354\331\302\264\356*e\033\034\203\016\220]M\272"
 895      D9C2B4EE 
 895      2A651B1C 
 895      830E905D 
 895      4DBA
 896 0198 C7F25862 		.ascii	"\307\362Xb\324}\007\272?\017\027\270{\234\035x\320\232"
 896      D47D07BA 
 896      3F0F17B8 
 896      7B9C1D78 
 896      D09A
 897 01aa BC435A74 		.ascii	"\274CZt\026~\210\027)\205\366\333{>\244\263\202\377"
 897      167E8817 
 897      2985F6DB 
 897      7B3EA4B3 
 897      82FF
 898 01bc 28C6BE68 		.ascii	"(\306\276hh\027\266\343\032\360wJo\340{/b\0101\032\231"
 898      6817B6E3 
 898      1AF0774A 
 898      6FE07B2F 
 898      6208311A 
 899 01d1 D361FF24 		.ascii	"\323a\377$\2012\201(\237b\337\004/\314\310\220\237t"
 899      81328128 
 899      9F62DF04 
 899      2FCCC890 
 899      9F74
 900 01e3 C4358CDD 		.ascii	"\3045\214\335\331Z\367\\\320\345\021\232\341\027\350"
 900      D95AF75C 
 900      D0E5119A 
 900      E117E8
 901 01f2 7D14FD10 		.ascii	"}\024\375\020\220zd\037\266\016B\233\264\250\023Zcd"
 901      907A641F 
 901      B60E429B 
 901      B4A8135A 
 901      6364
 902 0204 0BF0DCB8 		.ascii	"\013\360\334\270t\353\261I\351\365\030{\004\"Z\244\303"
 902      74EBB149 
 902      E9F5187B 
 902      04225AA4 
 902      C3
 903 0215 17A3CD68 		.ascii	"\027\243\315h\206+1\372\362\2448\\\263q\222m\214\023"
 903      862B31FA 
ARM GAS  /tmp/cccF14OH.s 			page 30


 903      F2A4385C 
 903      B371926D 
 903      8C13
 904 0227 CB6C474C 		.ascii	"\313lGL{ujV2y%F^\212\221?\303\224UL$\335\200\035!\275"
 904      7B756A56 
 904      32792546 
 904      5E8A913F 
 904      C394554C 
 905 0241 D8A9DFE0 		.ascii	"\330\251\337\340W\270\005}p\033~\207\033\360\007\364"
 905      57B8057D 
 905      701B7E87 
 905      1BF007F4 
 906 0251 C04DDE39 		.ascii	"\300M\3369\356\347r\314OW\\\202\321\374\007b\364\305"
 906      EEE772CC 
 906      4F575C82 
 906      D1FC0762 
 906      F4C5
 907 0263 B83051DA 		.ascii	"\2700Q\332\027+\340h\\o\220\246\225\330ma\370h\205K"
 907      172BE068 
 907      5C6F90A6 
 907      95D86D61 
 907      F868854B 
 908 0277 488F4FA9 		.ascii	"H\217O\251\037\376%'\2450zr\342\226\020;~\003Q\257\177"
 908      1FFE2527 
 908      A5307A72 
 908      E296103B 
 908      7E0351AF 
 909 028c A284D01A 		.ascii	"\242\204\320\032\356s,|\240W=\335`\020d\213O\270Ec\315"
 909      EE732C7C 
 909      A0573DDD 
 909      6010648B 
 909      4FB84563 
 910 02a1 8E6D8A69 		.ascii	"\216m\212i\307i8v\234\276\344&M]#g\022\247\231\334\235"
 910      C7693876 
 910      9CBEE426 
 910      4D5D2367 
 910      12A799DC 
 911 02b6 34510AE3 		.ascii	"4Q\012\343\327\2674\245\014\001&\355e\222\330BY\310"
 911      D7B734A5 
 911      0C0126ED 
 911      6592D842 
 911      59C8
 912 02c8 BD997958 		.ascii	"\275\231yX\213\010\265\354\000\013\356\257\332\254\010"
 912      8B08B5EC 
 912      000BEEAF 
 912      DAAC08
 913 02d7 845ABC22 		.ascii	"\204Z\274\"\032\244\207*\016\260@xu \300\252\232\352"
 913      1AA4872A 
 913      0EB04078 
 913      7520C0AA 
 913      9AEA
 914 02e9 BD2C08E0 		.ascii	"\275,\010\340\302iIT\005p@\213\252tV\307/\015OU\020"
 914      C2694954 
 914      0570408B 
 914      AA7456C7 
 914      2F0D4F55 
 915 02fe 44F9FE60 		.ascii	"D\371\376`\251l?c\025\010m\300\035\226Dl\317i\010~\356"
ARM GAS  /tmp/cccF14OH.s 			page 31


 915      A96C3F63 
 915      15086DC0 
 915      1D96446C 
 915      CF69087E 
 916 0313 416635C2 		.ascii	"Af5\302'\336\0247\246\016\210=\354cW\217O[\301x \017"
 916      27DE1437 
 916      A60E883D 
 916      EC63578F 
 916      4F5BC178 
 917 0329 83DA205A 		.ascii	"\203\332 ZH\036&\204X3\363\263\272\315\217\271B\273"
 917      481E2684 
 917      5833F3B3 
 917      BACD8FB9 
 917      42BB
 918 033b B68B2E37 		.ascii	"\266\213.7\365\205$\257?\330\3024b\367Q\257\030bLS\023"
 918      F58524AF 
 918      3FD8C234 
 918      62F751AF 
 918      18624C53 
 919 0350 C4D41169 		.ascii	"\304\324\021i\"\317\023\241\361\343\217Ojai\"_\214\240"
 919      22CF13A1 
 919      F1E38F4F 
 919      6A616922 
 919      5F8CA0
 920 0363 9BA5B126 		.ascii	"\233\245\261&\311\353c\222\327\301\323\362\343\014p"
 920      C9EB6392 
 920      D7C1D3F2 
 920      E30C70
 921 0372 1B3F9398 		.ascii	"\033?\223\230\306/\317P1(y\331\027(\252\307\027\316"
 921      C62FCF50 
 921      312879D9 
 921      1728AAC7 
 921      17CE
 922 0384 A6F9AF62 		.ascii	"\246\371\257b\004\027\177\341NYHb\225\214\321\310e("
 922      04177FE1 
 922      4E594862 
 922      958CD1C8 
 922      6528
 923 0396 D7264447 		.ascii	"\327&DG\212\313\337\323\320\2304\314\333xx\273oo\344"
 923      8ACBDFD3 
 923      D09834CC 
 923      DB7878BB 
 923      6F6FE4
 924 03a9 C60432D3 		.ascii	"\306\0042\323\367\022\001\366\244\206\036\347\013\321"
 924      F71201F6 
 924      A4861EE7 
 924      0BD1
 925 03b7 F951C73E 		.ascii	"\371Q\307>x\226E.0]\237|\201\2211 C\221\315\260-0\021"
 925      7896452E 
 925      305D9F7C 
 925      81913120 
 925      4391CDB0 
 926 03ce 4AD6D5D5 		.ascii	"J\326\325\325\262\221\236\3355\036\305\247L\342\275"
 926      B2919EDD 
 926      351EC5A7 
 926      4CE2BD
 927 03dd A56330CA 		.ascii	"\245c0\312W\033\037<\340\367a\004\026nW\322M\012\024"
ARM GAS  /tmp/cccF14OH.s 			page 32


 927      571B1F3C 
 927      E0F76104 
 927      166E57D2 
 927      4D0A14
 928 03f0 1CDCD77E 		.ascii	"\034\334\327~*\225\377\207\334\201!\374\364\354>r\220"
 928      2A95FF87 
 928      DC8121FC 
 928      F4EC3E72 
 928      90
 929 0401 F2CF7BF0 		.ascii	"\362\317{\360\020\227\365R\345\336jH\217\256\201B\316"
 929      1097F552 
 929      E5DE6A48 
 929      8FAE8142 
 929      CE
 930 0412 596890F7 		.ascii	"Yh\220\367\335\371\316\266ju\034\327\0171\322\335\364"
 930      DDF9CEB6 
 930      6A751CD7 
 930      0F31D2DD 
 930      F4
 931 0423 704815DB 		.ascii	"pH\025\333s\242 oJ\227\300\271\257\331\216\257\324\323"
 931      73A2206F 
 931      4A97C0B9 
 931      AFD98EAF 
 931      D4D3
 932 0435 B94190C9 		.ascii	"\271A\220\311\235g\272OE\022\250\020&\370\276j\363\355"
 932      9D67BA4F 
 932      4512A810 
 932      26F8BE6A 
 932      F3ED
 933 0447 A4D3ABC5 		.ascii	"\244\323\253\305\223\342\216\030\357\271\177\244G\241"
 933      93E28E18 
 933      EFB97FA4 
 933      47A1
 934 0455 ABAD65E1 		.ascii	"\253\255e\341A~\356\"\245V\012\343\321R\307\243\245"
 934      417EEE22 
 934      A5560AE3 
 934      D152C7A3 
 934      A5
 935 0466 56294866 		.ascii	"V)Hff\246\336^\256/6\227\352\035\3662g\271\276`\305"
 935      66A6DE5E 
 935      AE2F3697 
 935      EA1DF632 
 935      67B9BE60 
 936 047b F279D9FA 		.ascii	"\362y\331\372\274\274\034\375\222\374e\206\015\331\234"
 936      BCBC1CFD 
 936      92FC6586 
 936      0DD99C
 937 048a 323910A5 		.ascii	"29\020\245\245E\231\205t\311k+\265\213\263\026\220\247"
 937      A5459985 
 937      74C96B2B 
 937      B58BB316 
 937      90A7
 938 049c E3A633D7 		.ascii	"\343\2463\327,(,\312\312\236;\227(\027\275b\314\243"
 938      2C282CCA 
 938      CA9E3B97 
 938      2817BD62 
 938      CCA3
ARM GAS  /tmp/cccF14OH.s 			page 33


 939 04ae EBADEB9C 		.ascii	"\353\255\353\234\363\262M\316\204<\303\342W\215\312"
 939      F3B24DCE 
 939      843CC3E2 
 939      578DCA
 940 04bd 970B8C46 		.ascii	"\227\013\214FX\005K\023\012K-\346\262\010\2335\337\344"
 940      58054B13 
 940      0A4B2DE6 
 940      B2089B35 
 940      DFE4
 941 04cf 54945B9C 		.ascii	"T\224[\234\317\353\213\3556\213\336f~\327\274\256D_"
 941      CFEB8BED 
 941      368BDE66 
 941      7ED7BCAE 
 941      445F
 942 04e1 586C7DCB 		.ascii	"Xl}\313j/\237\363\266\275\254\244\334a.\264\350\027"
 942      6A2F9FF3 
 942      B6BDACA4 
 942      DC612EB4 
 942      E817
 943 04f3 F3194381 		.ascii	"\363\031C\201\336\354p\374\207\\\313\2356\014\273\326"
 943      DEEC70FC 
 943      875CCB9D 
 943      360CBBD6 
 944 0503 61B56716 		.ascii	"a\265g\026\023\205!\307\250X\226cL\310_\231\237c\234"
 944      138521C7 
 944      A8589663 
 944      4CC85F99 
 944      9F639C
 945 0516 6128C8CF 		.ascii	"a(\310\317\315\3151\252\014+^\317\3175&,7\344\344\032"
 945      CDCD31AA 
 945      0C2B5ECF 
 945      CF35262C 
 945      37E4E41A 
 946 052a 79B64B53 		.ascii	"y\266KS\036\251L\316$\253\235\373\266\026\231\234\324"
 946      1EA94CCE 
 946      24AB9DFB 
 946      B616999C 
 946      D4
 947 053b 6AB7D98B 		.ascii	"j\267\331\213,&g\212<g3\227\227`\322Y\363I\242\271\314"
 947      2C26678A 
 947      3C673397 
 947      9760D259 
 947      F349A2B9 
 948 0550 B6618165 		.ascii	"\266a\201e\216\215$\025\"ayg\216\355\005\222:\331\016"
 948      8E8D2415 
 948      22617967 
 948      8EED0592 
 948      3AD90E
 949 0563 93759DD5 		.ascii	"\223u\235\325\251\377\177}%3cjl\312\3322\373z\007\217"
 949      A9FF7F7D 
 949      2533636A 
 949      6CCADA32 
 949      FB7A078F 
 950 0577 FD17D707 		.ascii	"\375\027\327\007%\366"
 950      25F6
 951              		.text
 952              		.section	.gnu.lto_.symtab.bd5fd951375637bc,"e",%progbits
ARM GAS  /tmp/cccF14OH.s 			page 34


 953 0000 5F70616C 		.ascii	"_pal_lld_init\000"
 953      5F6C6C64 
 953      5F696E69 
 953      7400
 954 000e 00       		.ascii	"\000"
 955 000f 00       		.ascii	"\000"
 956 0010 00       		.ascii	"\000"
 957 0011 00000000 		.ascii	"\000\000\000\000\000\000\000\000"
 957      00000000 
 958 0019 FB000000 		.ascii	"\373\000\000\000"
 959 001d 5F70616C 		.ascii	"_pal_lld_setgroupmode\000"
 959      5F6C6C64 
 959      5F736574 
 959      67726F75 
 959      706D6F64 
 960 0033 00       		.ascii	"\000"
 961 0034 00       		.ascii	"\000"
 962 0035 00       		.ascii	"\000"
 963 0036 00000000 		.ascii	"\000\000\000\000\000\000\000\000"
 963      00000000 
 964 003e 05010000 		.ascii	"\005\001\000\000"
 965              		.text
 966              		.section	.gnu.lto_.ext_symtab.bd5fd951375637bc,"e",%progbits
 967 0000 01       		.ascii	"\001"
 968 0001 01       		.ascii	"\001"
 969 0002 00       		.ascii	"\000"
 970 0003 01       		.ascii	"\001"
 971 0004 00       		.ascii	"\000"
 972              		.text
 973              		.section	.gnu.lto_.opts,"e",%progbits
 974 0000 272D666E 		.ascii	"'-fno-openmp' '-fno-openacc' '-fno-pie' '-fcf-prote"
 974      6F2D6F70 
 974      656E6D70 
 974      2720272D 
 974      666E6F2D 
 975 0033 6374696F 		.ascii	"ction=none' '-g' '-mcpu=cortex-m4' '-mthumb' '-mflo"
 975      6E3D6E6F 
 975      6E652720 
 975      272D6727 
 975      20272D6D 
 976 0066 61742D61 		.ascii	"at-abi=soft' '-mlibarch=armv7e-m' '-march=armv7e-m'"
 976      62693D73 
 976      6F667427 
 976      20272D6D 
 976      6C696261 
 977 0099 20272D4F 		.ascii	" '-O2' '-fomit-frame-pointer' '-falign-functions=16"
 977      32272027 
 977      2D666F6D 
 977      69742D66 
 977      72616D65 
 978 00cc 2720272D 		.ascii	"' '-ffunction-sections' '-fdata-sections' '-fno-com"
 978      6666756E 
 978      6374696F 
 978      6E2D7365 
 978      6374696F 
 979 00ff 6D6F6E27 		.ascii	"mon' '-flto' '-Xassembler' '-alms=./build/lst/hal_p"
 979      20272D66 
ARM GAS  /tmp/cccF14OH.s 			page 35


 979      6C746F27 
 979      20272D58 
 979      61737365 
 980 0132 616C5F6C 		.ascii	"al_lld.lst'\000"
 980      6C642E6C 
 980      73742700 
 981              		.text
 982              		.comm	__gnu_lto_slim,1,1
 983              		.ident	"GCC: (15:13.2.rel1-2) 13.2.1 20231009"
ARM GAS  /tmp/cccF14OH.s 			page 36


DEFINED SYMBOLS
                            *ABS*:00000000 hal_pal_lld.c
     /tmp/cccF14OH.s:22     .gnu.debuglto_.debug_info:00000000 hal_pal_lld.c.f7cd1200
                            *COM*:00000001 __gnu_lto_slim

NO UNDEFINED SYMBOLS
