ARM GAS  /tmp/cc5RUPAs.s 			page 1


   1              		.cpu cortex-m4
   2              		.arch armv7e-m
   3              		.fpu softvfp
   4              		.eabi_attribute 20, 1
   5              		.eabi_attribute 21, 1
   6              		.eabi_attribute 23, 3
   7              		.eabi_attribute 24, 1
   8              		.eabi_attribute 25, 1
   9              		.eabi_attribute 26, 1
  10              		.eabi_attribute 30, 2
  11              		.eabi_attribute 34, 1
  12              		.eabi_attribute 18, 4
  13              		.file	"hal_pal.c"
  14              		.file 1 "/usr/lib/gcc/arm-none-eabi/13.2.1/include/stdint.h"
  15              		.file 2 "../os/hal/ports/STM32/LLD/GPIOv2/stm32_gpio.h"
  16              		.file 3 "../os/hal/ports/STM32/LLD/GPIOv2/hal_pal_lld.h"
  17              		.file 4 "../os/hal/include/hal_pal.h"
  18              		.file 5 "../os/hal/src/hal_pal.c"
  19              		.section	.gnu.debuglto_.debug_info,"e",%progbits
  20              	.Ldebug_info0:
  21              		.hidden	hal_pal.c.497ad15d
  22              		.weak	hal_pal.c.497ad15d
  23              	hal_pal.c.497ad15d:
  24 0000 CC020000 		.4byte	0x2cc
  25 0004 0500     		.2byte	0x5
  26 0006 01       		.byte	0x1
  27 0007 04       		.byte	0x4
  28 0008 00000000 		.4byte	.Ldebug_abbrev0
  29 000c 11       		.uleb128 0x11
  30 000d 02010000 		.4byte	.LASF39
  31 0011 1D       		.byte	0x1d
  32 0012 93000000 		.4byte	.LASF40
  33 0016 00000000 		.4byte	.LASF41
  34 001a 00000000 		.4byte	.Ldebug_line0
  35 001e 12       		.uleb128 0x12
  36 001f 04       		.byte	0x4
  37 0020 05       		.byte	0x5
  38 0021 696E7400 		.ascii	"int\000"
  39 0025 01       		.uleb128 0x1
  40 0026 04       		.byte	0x4
  41 0027 07       		.byte	0x7
  42 0028 D3010000 		.4byte	.LASF0
  43 002c 01       		.uleb128 0x1
  44 002d 08       		.byte	0x8
  45 002e 05       		.byte	0x5
  46 002f 03020000 		.4byte	.LASF1
  47 0033 01       		.uleb128 0x1
  48 0034 08       		.byte	0x8
  49 0035 04       		.byte	0x4
  50 0036 48020000 		.4byte	.LASF2
  51 003a 01       		.uleb128 0x1
  52 003b 01       		.byte	0x1
  53 003c 06       		.byte	0x6
  54 003d 54020000 		.4byte	.LASF3
  55 0041 01       		.uleb128 0x1
  56 0042 02       		.byte	0x2
  57 0043 05       		.byte	0x5
ARM GAS  /tmp/cc5RUPAs.s 			page 2


  58 0044 F8000000 		.4byte	.LASF4
  59 0048 01       		.uleb128 0x1
  60 0049 04       		.byte	0x4
  61 004a 05       		.byte	0x5
  62 004b 3F020000 		.4byte	.LASF5
  63 004f 01       		.uleb128 0x1
  64 0050 01       		.byte	0x1
  65 0051 08       		.byte	0x8
  66 0052 BB000000 		.4byte	.LASF6
  67 0056 03       		.uleb128 0x3
  68 0057 2D020000 		.4byte	.LASF8
  69 005b 01       		.byte	0x1
  70 005c 31       		.byte	0x31
  71 005d 19       		.byte	0x19
  72 005e 62000000 		.4byte	0x62
  73 0062 01       		.uleb128 0x1
  74 0063 02       		.byte	0x2
  75 0064 07       		.byte	0x7
  76 0065 E0000000 		.4byte	.LASF7
  77 0069 03       		.uleb128 0x3
  78 006a 36020000 		.4byte	.LASF9
  79 006e 01       		.byte	0x1
  80 006f 34       		.byte	0x34
  81 0070 19       		.byte	0x19
  82 0071 7A000000 		.4byte	0x7a
  83 0075 0C       		.uleb128 0xc
  84 0076 69000000 		.4byte	0x69
  85 007a 01       		.uleb128 0x1
  86 007b 04       		.byte	0x4
  87 007c 07       		.byte	0x7
  88 007d CE000000 		.4byte	.LASF10
  89 0081 01       		.uleb128 0x1
  90 0082 08       		.byte	0x8
  91 0083 07       		.byte	0x7
  92 0084 66020000 		.4byte	.LASF11
  93 0088 03       		.uleb128 0x3
  94 0089 4A000000 		.4byte	.LASF12
  95 008d 01       		.byte	0x1
  96 008e 4B       		.byte	0x4b
  97 008f 1D       		.byte	0x1d
  98 0090 25000000 		.4byte	0x25
  99 0094 01       		.uleb128 0x1
 100 0095 01       		.byte	0x1
 101 0096 08       		.byte	0x8
 102 0097 E0010000 		.4byte	.LASF13
 103 009b 04       		.uleb128 0x4
 104 009c 94000000 		.4byte	0x94
 105 00a0 01       		.uleb128 0x1
 106 00a1 01       		.byte	0x1
 107 00a2 02       		.byte	0x2
 108 00a3 60020000 		.4byte	.LASF14
 109 00a7 05       		.uleb128 0x5
 110 00a8 04       		.byte	0x4
 111 00a9 02       		.byte	0x2
 112 00aa 5B       		.byte	0x5b
 113 00ab 05       		.byte	0x5
 114 00ac C9000000 		.4byte	0xc9
ARM GAS  /tmp/cc5RUPAs.s 			page 3


 115 00b0 06       		.uleb128 0x6
 116 00b1 73657400 		.ascii	"set\000"
 117 00b5 5C       		.byte	0x5c
 118 00b6 56000000 		.4byte	0x56
 119 00ba 00       		.byte	0
 120 00bb 02       		.uleb128 0x2
 121 00bc 33000000 		.4byte	.LASF15
 122 00c0 02       		.byte	0x2
 123 00c1 5D       		.byte	0x5d
 124 00c2 19       		.byte	0x19
 125 00c3 56000000 		.4byte	0x56
 126 00c7 02       		.byte	0x2
 127 00c8 00       		.byte	0
 128 00c9 13       		.uleb128 0x13
 129 00ca 04       		.byte	0x4
 130 00cb 02       		.byte	0x2
 131 00cc 59       		.byte	0x59
 132 00cd 0C       		.byte	0xc
 133 00ce E5000000 		.4byte	0xe5
 134 00d2 0D       		.uleb128 0xd
 135 00d3 5700     		.ascii	"W\000"
 136 00d5 5A       		.byte	0x5a
 137 00d6 19       		.byte	0x19
 138 00d7 69000000 		.4byte	0x69
 139 00db 0D       		.uleb128 0xd
 140 00dc 4800     		.ascii	"H\000"
 141 00de 5E       		.byte	0x5e
 142 00df 07       		.byte	0x7
 143 00e0 A7000000 		.4byte	0xa7
 144 00e4 00       		.byte	0
 145 00e5 0C       		.uleb128 0xc
 146 00e6 C9000000 		.4byte	0xc9
 147 00ea 05       		.uleb128 0x5
 148 00eb 28       		.byte	0x28
 149 00ec 02       		.byte	0x2
 150 00ed 51       		.byte	0x51
 151 00ee 09       		.byte	0x9
 152 00ef 72010000 		.4byte	0x172
 153 00f3 02       		.uleb128 0x2
 154 00f4 39000000 		.4byte	.LASF16
 155 00f8 02       		.byte	0x2
 156 00f9 53       		.byte	0x53
 157 00fa 19       		.byte	0x19
 158 00fb 75000000 		.4byte	0x75
 159 00ff 00       		.byte	0
 160 0100 02       		.uleb128 0x2
 161 0101 AB000000 		.4byte	.LASF17
 162 0105 02       		.byte	0x2
 163 0106 54       		.byte	0x54
 164 0107 19       		.byte	0x19
 165 0108 75000000 		.4byte	0x75
 166 010c 04       		.byte	0x4
 167 010d 02       		.uleb128 0x2
 168 010e 2B000000 		.4byte	.LASF18
 169 0112 02       		.byte	0x2
 170 0113 55       		.byte	0x55
 171 0114 19       		.byte	0x19
ARM GAS  /tmp/cc5RUPAs.s 			page 4


 172 0115 75000000 		.4byte	0x75
 173 0119 08       		.byte	0x8
 174 011a 02       		.uleb128 0x2
 175 011b FD010000 		.4byte	.LASF19
 176 011f 02       		.byte	0x2
 177 0120 56       		.byte	0x56
 178 0121 19       		.byte	0x19
 179 0122 75000000 		.4byte	0x75
 180 0126 0C       		.byte	0xc
 181 0127 06       		.uleb128 0x6
 182 0128 49445200 		.ascii	"IDR\000"
 183 012c 57       		.byte	0x57
 184 012d 75000000 		.4byte	0x75
 185 0131 10       		.byte	0x10
 186 0132 06       		.uleb128 0x6
 187 0133 4F445200 		.ascii	"ODR\000"
 188 0137 58       		.byte	0x58
 189 0138 75000000 		.4byte	0x75
 190 013c 14       		.byte	0x14
 191 013d 02       		.uleb128 0x2
 192 013e 57000000 		.4byte	.LASF20
 193 0142 02       		.byte	0x2
 194 0143 5F       		.byte	0x5f
 195 0144 05       		.byte	0x5
 196 0145 E5000000 		.4byte	0xe5
 197 0149 18       		.byte	0x18
 198 014a 02       		.uleb128 0x2
 199 014b EA010000 		.4byte	.LASF21
 200 014f 02       		.byte	0x2
 201 0150 60       		.byte	0x60
 202 0151 19       		.byte	0x19
 203 0152 75000000 		.4byte	0x75
 204 0156 1C       		.byte	0x1c
 205 0157 02       		.uleb128 0x2
 206 0158 F3000000 		.4byte	.LASF22
 207 015c 02       		.byte	0x2
 208 015d 61       		.byte	0x61
 209 015e 19       		.byte	0x19
 210 015f 75000000 		.4byte	0x75
 211 0163 20       		.byte	0x20
 212 0164 02       		.uleb128 0x2
 213 0165 C9000000 		.4byte	.LASF23
 214 0169 02       		.byte	0x2
 215 016a 62       		.byte	0x62
 216 016b 19       		.byte	0x19
 217 016c 75000000 		.4byte	0x75
 218 0170 24       		.byte	0x24
 219 0171 00       		.byte	0
 220 0172 03       		.uleb128 0x3
 221 0173 F0010000 		.4byte	.LASF24
 222 0177 02       		.byte	0x2
 223 0178 63       		.byte	0x63
 224 0179 03       		.byte	0x3
 225 017a EA000000 		.4byte	0xea
 226 017e 03       		.uleb128 0x3
 227 017f 7D000000 		.4byte	.LASF25
 228 0183 03       		.byte	0x3
ARM GAS  /tmp/cc5RUPAs.s 			page 5


 229 0184 C2       		.byte	0xc2
 230 0185 12       		.byte	0x12
 231 0186 69000000 		.4byte	0x69
 232 018a 03       		.uleb128 0x3
 233 018b B2000000 		.4byte	.LASF26
 234 018f 03       		.byte	0x3
 235 0190 C7       		.byte	0xc7
 236 0191 12       		.byte	0x12
 237 0192 69000000 		.4byte	0x69
 238 0196 03       		.uleb128 0x3
 239 0197 22020000 		.4byte	.LASF27
 240 019b 03       		.byte	0x3
 241 019c D9       		.byte	0xd9
 242 019d 18       		.byte	0x18
 243 019e A2010000 		.4byte	0x1a2
 244 01a2 0E       		.uleb128 0xe
 245 01a3 72010000 		.4byte	0x172
 246 01a7 05       		.uleb128 0x5
 247 01a8 0C       		.byte	0xc
 248 01a9 04       		.byte	0x4
 249 01aa B7       		.byte	0xb7
 250 01ab 09       		.byte	0x9
 251 01ac D8010000 		.4byte	0x1d8
 252 01b0 02       		.uleb128 0x2
 253 01b1 76000000 		.4byte	.LASF28
 254 01b5 04       		.byte	0x4
 255 01b6 BB       		.byte	0xbb
 256 01b7 19       		.byte	0x19
 257 01b8 96010000 		.4byte	0x196
 258 01bc 00       		.byte	0
 259 01bd 02       		.uleb128 0x2
 260 01be 11020000 		.4byte	.LASF29
 261 01c2 04       		.byte	0x4
 262 01c3 C1       		.byte	0xc1
 263 01c4 19       		.byte	0x19
 264 01c5 7E010000 		.4byte	0x17e
 265 01c9 04       		.byte	0x4
 266 01ca 02       		.uleb128 0x2
 267 01cb 1B020000 		.4byte	.LASF30
 268 01cf 04       		.byte	0x4
 269 01d0 C5       		.byte	0xc5
 270 01d1 19       		.byte	0x19
 271 01d2 88000000 		.4byte	0x88
 272 01d6 08       		.byte	0x8
 273 01d7 00       		.byte	0
 274 01d8 03       		.uleb128 0x3
 275 01d9 7D020000 		.4byte	.LASF31
 276 01dd 04       		.byte	0x4
 277 01de C6       		.byte	0xc6
 278 01df 03       		.byte	0x3
 279 01e0 A7010000 		.4byte	0x1a7
 280 01e4 04       		.uleb128 0x4
 281 01e5 D8010000 		.4byte	0x1d8
 282 01e9 14       		.uleb128 0x14
 283 01ea BD010000 		.4byte	.LASF37
 284 01ee 03       		.byte	0x3
 285 01ef F301     		.2byte	0x1f3
ARM GAS  /tmp/cc5RUPAs.s 			page 6


 286 01f1 08       		.byte	0x8
 287 01f2 06020000 		.4byte	0x206
 288 01f6 07       		.uleb128 0x7
 289 01f7 96010000 		.4byte	0x196
 290 01fb 07       		.uleb128 0x7
 291 01fc 7E010000 		.4byte	0x17e
 292 0200 07       		.uleb128 0x7
 293 0201 8A010000 		.4byte	0x18a
 294 0205 00       		.byte	0
 295 0206 0F       		.uleb128 0xf
 296 0207 68000000 		.4byte	.LASF33
 297 020b 71       		.byte	0x71
 298 020c 30020000 		.4byte	0x230
 299 0210 08       		.uleb128 0x8
 300 0211 62757300 		.ascii	"bus\000"
 301 0215 71       		.byte	0x71
 302 0216 21       		.byte	0x21
 303 0217 30020000 		.4byte	0x230
 304 021b 10       		.uleb128 0x10
 305 021c E5010000 		.4byte	.LASF32
 306 0220 71       		.byte	0x71
 307 0221 2F       		.byte	0x2f
 308 0222 8A010000 		.4byte	0x18a
 309 0226 09       		.uleb128 0x9
 310 0227 8A000000 		.4byte	.LASF36
 311 022b 45020000 		.4byte	0x245
 312 022f 00       		.byte	0
 313 0230 0E       		.uleb128 0xe
 314 0231 E4010000 		.4byte	0x1e4
 315 0235 0A       		.uleb128 0xa
 316 0236 9B000000 		.4byte	0x9b
 317 023a 45020000 		.4byte	0x245
 318 023e 0B       		.uleb128 0xb
 319 023f 25000000 		.4byte	0x25
 320 0243 0D       		.byte	0xd
 321 0244 00       		.byte	0
 322 0245 04       		.uleb128 0x4
 323 0246 35020000 		.4byte	0x235
 324 024a 0F       		.uleb128 0xf
 325 024b 5C000000 		.4byte	.LASF34
 326 024f 5A       		.byte	0x5a
 327 0250 80020000 		.4byte	0x280
 328 0254 08       		.uleb128 0x8
 329 0255 62757300 		.ascii	"bus\000"
 330 0259 5A       		.byte	0x5a
 331 025a 1F       		.byte	0x1f
 332 025b 30020000 		.4byte	0x230
 333 025f 10       		.uleb128 0x10
 334 0260 16020000 		.4byte	.LASF35
 335 0264 5A       		.byte	0x5a
 336 0265 31       		.byte	0x31
 337 0266 7E010000 		.4byte	0x17e
 338 026a 09       		.uleb128 0x9
 339 026b 8A000000 		.4byte	.LASF36
 340 026f 90020000 		.4byte	0x290
 341 0273 15       		.uleb128 0x15
 342 0274 16       		.uleb128 0x16
ARM GAS  /tmp/cc5RUPAs.s 			page 7


 343 0275 7700     		.ascii	"w\000"
 344 0277 05       		.byte	0x5
 345 0278 5E       		.byte	0x5e
 346 0279 03       		.byte	0x3
 347 027a 69000000 		.4byte	0x69
 348 027e 00       		.byte	0
 349 027f 00       		.byte	0
 350 0280 0A       		.uleb128 0xa
 351 0281 9B000000 		.4byte	0x9b
 352 0285 90020000 		.4byte	0x290
 353 0289 0B       		.uleb128 0xb
 354 028a 25000000 		.4byte	0x25
 355 028e 0B       		.byte	0xb
 356 028f 00       		.byte	0
 357 0290 04       		.uleb128 0x4
 358 0291 80020000 		.4byte	0x280
 359 0295 17       		.uleb128 0x17
 360 0296 3F000000 		.4byte	.LASF38
 361 029a 05       		.byte	0x5
 362 029b 41       		.byte	0x41
 363 029c 0E       		.byte	0xe
 364 029d 7E010000 		.4byte	0x17e
 365 02a1 BA020000 		.4byte	0x2ba
 366 02a5 08       		.uleb128 0x8
 367 02a6 62757300 		.ascii	"bus\000"
 368 02aa 41       		.byte	0x41
 369 02ab 26       		.byte	0x26
 370 02ac 30020000 		.4byte	0x230
 371 02b0 09       		.uleb128 0x9
 372 02b1 8A000000 		.4byte	.LASF36
 373 02b5 CA020000 		.4byte	0x2ca
 374 02b9 00       		.byte	0
 375 02ba 0A       		.uleb128 0xa
 376 02bb 9B000000 		.4byte	0x9b
 377 02bf CA020000 		.4byte	0x2ca
 378 02c3 0B       		.uleb128 0xb
 379 02c4 25000000 		.4byte	0x25
 380 02c8 0A       		.byte	0xa
 381 02c9 00       		.byte	0
 382 02ca 04       		.uleb128 0x4
 383 02cb BA020000 		.4byte	0x2ba
 384 02cf 00       		.byte	0
 385              		.section	.gnu.debuglto_.debug_abbrev,"e",%progbits
 386              	.Ldebug_abbrev0:
 387 0000 01       		.uleb128 0x1
 388 0001 24       		.uleb128 0x24
 389 0002 00       		.byte	0
 390 0003 0B       		.uleb128 0xb
 391 0004 0B       		.uleb128 0xb
 392 0005 3E       		.uleb128 0x3e
 393 0006 0B       		.uleb128 0xb
 394 0007 03       		.uleb128 0x3
 395 0008 0E       		.uleb128 0xe
 396 0009 00       		.byte	0
 397 000a 00       		.byte	0
 398 000b 02       		.uleb128 0x2
 399 000c 0D       		.uleb128 0xd
ARM GAS  /tmp/cc5RUPAs.s 			page 8


 400 000d 00       		.byte	0
 401 000e 03       		.uleb128 0x3
 402 000f 0E       		.uleb128 0xe
 403 0010 3A       		.uleb128 0x3a
 404 0011 0B       		.uleb128 0xb
 405 0012 3B       		.uleb128 0x3b
 406 0013 0B       		.uleb128 0xb
 407 0014 39       		.uleb128 0x39
 408 0015 0B       		.uleb128 0xb
 409 0016 49       		.uleb128 0x49
 410 0017 13       		.uleb128 0x13
 411 0018 38       		.uleb128 0x38
 412 0019 0B       		.uleb128 0xb
 413 001a 00       		.byte	0
 414 001b 00       		.byte	0
 415 001c 03       		.uleb128 0x3
 416 001d 16       		.uleb128 0x16
 417 001e 00       		.byte	0
 418 001f 03       		.uleb128 0x3
 419 0020 0E       		.uleb128 0xe
 420 0021 3A       		.uleb128 0x3a
 421 0022 0B       		.uleb128 0xb
 422 0023 3B       		.uleb128 0x3b
 423 0024 0B       		.uleb128 0xb
 424 0025 39       		.uleb128 0x39
 425 0026 0B       		.uleb128 0xb
 426 0027 49       		.uleb128 0x49
 427 0028 13       		.uleb128 0x13
 428 0029 00       		.byte	0
 429 002a 00       		.byte	0
 430 002b 04       		.uleb128 0x4
 431 002c 26       		.uleb128 0x26
 432 002d 00       		.byte	0
 433 002e 49       		.uleb128 0x49
 434 002f 13       		.uleb128 0x13
 435 0030 00       		.byte	0
 436 0031 00       		.byte	0
 437 0032 05       		.uleb128 0x5
 438 0033 13       		.uleb128 0x13
 439 0034 01       		.byte	0x1
 440 0035 0B       		.uleb128 0xb
 441 0036 0B       		.uleb128 0xb
 442 0037 3A       		.uleb128 0x3a
 443 0038 0B       		.uleb128 0xb
 444 0039 3B       		.uleb128 0x3b
 445 003a 0B       		.uleb128 0xb
 446 003b 39       		.uleb128 0x39
 447 003c 0B       		.uleb128 0xb
 448 003d 01       		.uleb128 0x1
 449 003e 13       		.uleb128 0x13
 450 003f 00       		.byte	0
 451 0040 00       		.byte	0
 452 0041 06       		.uleb128 0x6
 453 0042 0D       		.uleb128 0xd
 454 0043 00       		.byte	0
 455 0044 03       		.uleb128 0x3
 456 0045 08       		.uleb128 0x8
ARM GAS  /tmp/cc5RUPAs.s 			page 9


 457 0046 3A       		.uleb128 0x3a
 458 0047 21       		.uleb128 0x21
 459 0048 02       		.sleb128 2
 460 0049 3B       		.uleb128 0x3b
 461 004a 0B       		.uleb128 0xb
 462 004b 39       		.uleb128 0x39
 463 004c 21       		.uleb128 0x21
 464 004d 19       		.sleb128 25
 465 004e 49       		.uleb128 0x49
 466 004f 13       		.uleb128 0x13
 467 0050 38       		.uleb128 0x38
 468 0051 0B       		.uleb128 0xb
 469 0052 00       		.byte	0
 470 0053 00       		.byte	0
 471 0054 07       		.uleb128 0x7
 472 0055 05       		.uleb128 0x5
 473 0056 00       		.byte	0
 474 0057 49       		.uleb128 0x49
 475 0058 13       		.uleb128 0x13
 476 0059 00       		.byte	0
 477 005a 00       		.byte	0
 478 005b 08       		.uleb128 0x8
 479 005c 05       		.uleb128 0x5
 480 005d 00       		.byte	0
 481 005e 03       		.uleb128 0x3
 482 005f 08       		.uleb128 0x8
 483 0060 3A       		.uleb128 0x3a
 484 0061 21       		.uleb128 0x21
 485 0062 05       		.sleb128 5
 486 0063 3B       		.uleb128 0x3b
 487 0064 0B       		.uleb128 0xb
 488 0065 39       		.uleb128 0x39
 489 0066 0B       		.uleb128 0xb
 490 0067 49       		.uleb128 0x49
 491 0068 13       		.uleb128 0x13
 492 0069 00       		.byte	0
 493 006a 00       		.byte	0
 494 006b 09       		.uleb128 0x9
 495 006c 34       		.uleb128 0x34
 496 006d 00       		.byte	0
 497 006e 03       		.uleb128 0x3
 498 006f 0E       		.uleb128 0xe
 499 0070 49       		.uleb128 0x49
 500 0071 13       		.uleb128 0x13
 501 0072 34       		.uleb128 0x34
 502 0073 19       		.uleb128 0x19
 503 0074 00       		.byte	0
 504 0075 00       		.byte	0
 505 0076 0A       		.uleb128 0xa
 506 0077 01       		.uleb128 0x1
 507 0078 01       		.byte	0x1
 508 0079 49       		.uleb128 0x49
 509 007a 13       		.uleb128 0x13
 510 007b 01       		.uleb128 0x1
 511 007c 13       		.uleb128 0x13
 512 007d 00       		.byte	0
 513 007e 00       		.byte	0
ARM GAS  /tmp/cc5RUPAs.s 			page 10


 514 007f 0B       		.uleb128 0xb
 515 0080 21       		.uleb128 0x21
 516 0081 00       		.byte	0
 517 0082 49       		.uleb128 0x49
 518 0083 13       		.uleb128 0x13
 519 0084 2F       		.uleb128 0x2f
 520 0085 0B       		.uleb128 0xb
 521 0086 00       		.byte	0
 522 0087 00       		.byte	0
 523 0088 0C       		.uleb128 0xc
 524 0089 35       		.uleb128 0x35
 525 008a 00       		.byte	0
 526 008b 49       		.uleb128 0x49
 527 008c 13       		.uleb128 0x13
 528 008d 00       		.byte	0
 529 008e 00       		.byte	0
 530 008f 0D       		.uleb128 0xd
 531 0090 0D       		.uleb128 0xd
 532 0091 00       		.byte	0
 533 0092 03       		.uleb128 0x3
 534 0093 08       		.uleb128 0x8
 535 0094 3A       		.uleb128 0x3a
 536 0095 21       		.uleb128 0x21
 537 0096 02       		.sleb128 2
 538 0097 3B       		.uleb128 0x3b
 539 0098 0B       		.uleb128 0xb
 540 0099 39       		.uleb128 0x39
 541 009a 0B       		.uleb128 0xb
 542 009b 49       		.uleb128 0x49
 543 009c 13       		.uleb128 0x13
 544 009d 00       		.byte	0
 545 009e 00       		.byte	0
 546 009f 0E       		.uleb128 0xe
 547 00a0 0F       		.uleb128 0xf
 548 00a1 00       		.byte	0
 549 00a2 0B       		.uleb128 0xb
 550 00a3 21       		.uleb128 0x21
 551 00a4 04       		.sleb128 4
 552 00a5 49       		.uleb128 0x49
 553 00a6 13       		.uleb128 0x13
 554 00a7 00       		.byte	0
 555 00a8 00       		.byte	0
 556 00a9 0F       		.uleb128 0xf
 557 00aa 2E       		.uleb128 0x2e
 558 00ab 01       		.byte	0x1
 559 00ac 3F       		.uleb128 0x3f
 560 00ad 19       		.uleb128 0x19
 561 00ae 03       		.uleb128 0x3
 562 00af 0E       		.uleb128 0xe
 563 00b0 3A       		.uleb128 0x3a
 564 00b1 21       		.uleb128 0x21
 565 00b2 05       		.sleb128 5
 566 00b3 3B       		.uleb128 0x3b
 567 00b4 0B       		.uleb128 0xb
 568 00b5 39       		.uleb128 0x39
 569 00b6 21       		.uleb128 0x21
 570 00b7 06       		.sleb128 6
ARM GAS  /tmp/cc5RUPAs.s 			page 11


 571 00b8 27       		.uleb128 0x27
 572 00b9 19       		.uleb128 0x19
 573 00ba 01       		.uleb128 0x1
 574 00bb 13       		.uleb128 0x13
 575 00bc 00       		.byte	0
 576 00bd 00       		.byte	0
 577 00be 10       		.uleb128 0x10
 578 00bf 05       		.uleb128 0x5
 579 00c0 00       		.byte	0
 580 00c1 03       		.uleb128 0x3
 581 00c2 0E       		.uleb128 0xe
 582 00c3 3A       		.uleb128 0x3a
 583 00c4 21       		.uleb128 0x21
 584 00c5 05       		.sleb128 5
 585 00c6 3B       		.uleb128 0x3b
 586 00c7 0B       		.uleb128 0xb
 587 00c8 39       		.uleb128 0x39
 588 00c9 0B       		.uleb128 0xb
 589 00ca 49       		.uleb128 0x49
 590 00cb 13       		.uleb128 0x13
 591 00cc 00       		.byte	0
 592 00cd 00       		.byte	0
 593 00ce 11       		.uleb128 0x11
 594 00cf 11       		.uleb128 0x11
 595 00d0 01       		.byte	0x1
 596 00d1 25       		.uleb128 0x25
 597 00d2 0E       		.uleb128 0xe
 598 00d3 13       		.uleb128 0x13
 599 00d4 0B       		.uleb128 0xb
 600 00d5 03       		.uleb128 0x3
 601 00d6 0E       		.uleb128 0xe
 602 00d7 1B       		.uleb128 0x1b
 603 00d8 0E       		.uleb128 0xe
 604 00d9 10       		.uleb128 0x10
 605 00da 17       		.uleb128 0x17
 606 00db 00       		.byte	0
 607 00dc 00       		.byte	0
 608 00dd 12       		.uleb128 0x12
 609 00de 24       		.uleb128 0x24
 610 00df 00       		.byte	0
 611 00e0 0B       		.uleb128 0xb
 612 00e1 0B       		.uleb128 0xb
 613 00e2 3E       		.uleb128 0x3e
 614 00e3 0B       		.uleb128 0xb
 615 00e4 03       		.uleb128 0x3
 616 00e5 08       		.uleb128 0x8
 617 00e6 00       		.byte	0
 618 00e7 00       		.byte	0
 619 00e8 13       		.uleb128 0x13
 620 00e9 17       		.uleb128 0x17
 621 00ea 01       		.byte	0x1
 622 00eb 0B       		.uleb128 0xb
 623 00ec 0B       		.uleb128 0xb
 624 00ed 3A       		.uleb128 0x3a
 625 00ee 0B       		.uleb128 0xb
 626 00ef 3B       		.uleb128 0x3b
 627 00f0 0B       		.uleb128 0xb
ARM GAS  /tmp/cc5RUPAs.s 			page 12


 628 00f1 39       		.uleb128 0x39
 629 00f2 0B       		.uleb128 0xb
 630 00f3 01       		.uleb128 0x1
 631 00f4 13       		.uleb128 0x13
 632 00f5 00       		.byte	0
 633 00f6 00       		.byte	0
 634 00f7 14       		.uleb128 0x14
 635 00f8 2E       		.uleb128 0x2e
 636 00f9 01       		.byte	0x1
 637 00fa 3F       		.uleb128 0x3f
 638 00fb 19       		.uleb128 0x19
 639 00fc 03       		.uleb128 0x3
 640 00fd 0E       		.uleb128 0xe
 641 00fe 3A       		.uleb128 0x3a
 642 00ff 0B       		.uleb128 0xb
 643 0100 3B       		.uleb128 0x3b
 644 0101 05       		.uleb128 0x5
 645 0102 39       		.uleb128 0x39
 646 0103 0B       		.uleb128 0xb
 647 0104 27       		.uleb128 0x27
 648 0105 19       		.uleb128 0x19
 649 0106 3C       		.uleb128 0x3c
 650 0107 19       		.uleb128 0x19
 651 0108 01       		.uleb128 0x1
 652 0109 13       		.uleb128 0x13
 653 010a 00       		.byte	0
 654 010b 00       		.byte	0
 655 010c 15       		.uleb128 0x15
 656 010d 0B       		.uleb128 0xb
 657 010e 01       		.byte	0x1
 658 010f 00       		.byte	0
 659 0110 00       		.byte	0
 660 0111 16       		.uleb128 0x16
 661 0112 34       		.uleb128 0x34
 662 0113 00       		.byte	0
 663 0114 03       		.uleb128 0x3
 664 0115 08       		.uleb128 0x8
 665 0116 3A       		.uleb128 0x3a
 666 0117 0B       		.uleb128 0xb
 667 0118 3B       		.uleb128 0x3b
 668 0119 0B       		.uleb128 0xb
 669 011a 39       		.uleb128 0x39
 670 011b 0B       		.uleb128 0xb
 671 011c 49       		.uleb128 0x49
 672 011d 13       		.uleb128 0x13
 673 011e 00       		.byte	0
 674 011f 00       		.byte	0
 675 0120 17       		.uleb128 0x17
 676 0121 2E       		.uleb128 0x2e
 677 0122 01       		.byte	0x1
 678 0123 3F       		.uleb128 0x3f
 679 0124 19       		.uleb128 0x19
 680 0125 03       		.uleb128 0x3
 681 0126 0E       		.uleb128 0xe
 682 0127 3A       		.uleb128 0x3a
 683 0128 0B       		.uleb128 0xb
 684 0129 3B       		.uleb128 0x3b
ARM GAS  /tmp/cc5RUPAs.s 			page 13


 685 012a 0B       		.uleb128 0xb
 686 012b 39       		.uleb128 0x39
 687 012c 0B       		.uleb128 0xb
 688 012d 27       		.uleb128 0x27
 689 012e 19       		.uleb128 0x19
 690 012f 49       		.uleb128 0x49
 691 0130 13       		.uleb128 0x13
 692 0131 01       		.uleb128 0x1
 693 0132 13       		.uleb128 0x13
 694 0133 00       		.byte	0
 695 0134 00       		.byte	0
 696 0135 00       		.byte	0
 697              		.section	.gnu.debuglto_.debug_line,"e",%progbits
 698              	.Ldebug_line0:
 699 0000 56000000 		.4byte	.LELT0-.LSLT0
 700              	.LSLT0:
 701 0004 0500     		.2byte	0x5
 702 0006 04       		.byte	0x4
 703 0007 00       		.byte	0
 704 0008 4E000000 		.4byte	.LELTP0-.LASLTP0
 705              	.LASLTP0:
 706 000c 01       		.byte	0x1
 707 000d 01       		.byte	0x1
 708 000e 01       		.byte	0x1
 709 000f F6       		.byte	0xf6
 710 0010 F2       		.byte	0xf2
 711 0011 0D       		.byte	0xd
 712 0012 00       		.byte	0
 713 0013 01       		.byte	0x1
 714 0014 01       		.byte	0x1
 715 0015 01       		.byte	0x1
 716 0016 01       		.byte	0x1
 717 0017 00       		.byte	0
 718 0018 00       		.byte	0
 719 0019 00       		.byte	0
 720 001a 01       		.byte	0x1
 721 001b 00       		.byte	0
 722 001c 00       		.byte	0
 723 001d 01       		.byte	0x1
 724 001e 01       		.byte	0x1
 725 001f 01       		.uleb128 0x1
 726 0020 1F       		.uleb128 0x1f
 727 0021 05       		.uleb128 0x5
 728 0022 4C000000 		.4byte	.LASF42
 729 0026 D4000000 		.4byte	.LASF43
 730 002a 00000000 		.4byte	.LASF44
 731 002e AB000000 		.4byte	.LASF45
 732 0032 77000000 		.4byte	.LASF46
 733 0036 02       		.byte	0x2
 734 0037 01       		.uleb128 0x1
 735 0038 1F       		.uleb128 0x1f
 736 0039 02       		.uleb128 0x2
 737 003a 0B       		.uleb128 0xb
 738 003b 06       		.uleb128 0x6
 739 003c 21000000 		.4byte	.LASF47
 740 0040 00       		.byte	0
 741 0041 39000000 		.4byte	.LASF48
ARM GAS  /tmp/cc5RUPAs.s 			page 14


 742 0045 04       		.byte	0x4
 743 0046 B9000000 		.4byte	.LASF49
 744 004a 02       		.byte	0x2
 745 004b C6000000 		.4byte	.LASF50
 746 004f 02       		.byte	0x2
 747 0050 A1000000 		.4byte	.LASF51
 748 0054 01       		.byte	0x1
 749 0055 42000000 		.4byte	.LASF52
 750 0059 03       		.byte	0x3
 751              	.LELTP0:
 752              	.LELT0:
 753              		.section	.gnu.debuglto_.debug_str,"eMS",%progbits,1
 754              	.LASF41:
 755 0000 2F686F6D 		.ascii	"/home/mayank/chibios-workspace/ChibiOS/app\000"
 755      652F6D61 
 755      79616E6B 
 755      2F636869 
 755      62696F73 
 756              	.LASF18:
 757 002b 4F535045 		.ascii	"OSPEEDR\000"
 757      45445200 
 758              	.LASF15:
 759 0033 636C6561 		.ascii	"clear\000"
 759      7200
 760              	.LASF16:
 761 0039 4D4F4445 		.ascii	"MODER\000"
 761      5200
 762              	.LASF38:
 763 003f 70616C52 		.ascii	"palReadBus\000"
 763      65616442 
 763      757300
 764              	.LASF12:
 765 004a 75696E74 		.ascii	"uint_fast8_t\000"
 765      5F666173 
 765      74385F74 
 765      00
 766              	.LASF20:
 767 0057 42535252 		.ascii	"BSRR\000"
 767      00
 768              	.LASF34:
 769 005c 70616C57 		.ascii	"palWriteBus\000"
 769      72697465 
 769      42757300 
 770              	.LASF33:
 771 0068 70616C53 		.ascii	"palSetBusMode\000"
 771      65744275 
 771      734D6F64 
 771      6500
 772              	.LASF28:
 773 0076 706F7274 		.ascii	"portid\000"
 773      696400
 774              	.LASF25:
 775 007d 696F706F 		.ascii	"ioportmask_t\000"
 775      72746D61 
 775      736B5F74 
 775      00
 776              	.LASF36:
ARM GAS  /tmp/cc5RUPAs.s 			page 15


 777 008a 5F5F6675 		.ascii	"__func__\000"
 777      6E635F5F 
 777      00
 778              	.LASF40:
 779 0093 2E2E2F6F 		.ascii	"../os/hal/src/hal_pal.c\000"
 779      732F6861 
 779      6C2F7372 
 779      632F6861 
 779      6C5F7061 
 780              	.LASF17:
 781 00ab 4F545950 		.ascii	"OTYPER\000"
 781      455200
 782              	.LASF26:
 783 00b2 696F6D6F 		.ascii	"iomode_t\000"
 783      64655F74 
 783      00
 784              	.LASF6:
 785 00bb 756E7369 		.ascii	"unsigned char\000"
 785      676E6564 
 785      20636861 
 785      7200
 786              	.LASF23:
 787 00c9 41465248 		.ascii	"AFRH\000"
 787      00
 788              	.LASF10:
 789 00ce 6C6F6E67 		.ascii	"long unsigned int\000"
 789      20756E73 
 789      69676E65 
 789      6420696E 
 789      7400
 790              	.LASF7:
 791 00e0 73686F72 		.ascii	"short unsigned int\000"
 791      7420756E 
 791      7369676E 
 791      65642069 
 791      6E7400
 792              	.LASF22:
 793 00f3 4146524C 		.ascii	"AFRL\000"
 793      00
 794              	.LASF4:
 795 00f8 73686F72 		.ascii	"short int\000"
 795      7420696E 
 795      7400
 796              	.LASF39:
 797 0102 474E5520 		.ascii	"GNU C17 13.2.1 20231009 -mcpu=cortex-m4 -mthumb -mf"
 797      43313720 
 797      31332E32 
 797      2E312032 
 797      30323331 
 798 0135 6C6F6174 		.ascii	"loat-abi=soft -march=armv7e-m -ggdb -O2 -fomit-fram"
 798      2D616269 
 798      3D736F66 
 798      74202D6D 
 798      61726368 
 799 0168 652D706F 		.ascii	"e-pointer -falign-functions=16 -ffunction-sections "
 799      696E7465 
 799      72202D66 
ARM GAS  /tmp/cc5RUPAs.s 			page 16


 799      616C6967 
 799      6E2D6675 
 800 019b 2D666461 		.ascii	"-fdata-sections -fno-common -flto\000"
 800      74612D73 
 800      65637469 
 800      6F6E7320 
 800      2D666E6F 
 801              	.LASF37:
 802 01bd 5F70616C 		.ascii	"_pal_lld_setgroupmode\000"
 802      5F6C6C64 
 802      5F736574 
 802      67726F75 
 802      706D6F64 
 803              	.LASF0:
 804 01d3 756E7369 		.ascii	"unsigned int\000"
 804      676E6564 
 804      20696E74 
 804      00
 805              	.LASF13:
 806 01e0 63686172 		.ascii	"char\000"
 806      00
 807              	.LASF32:
 808 01e5 6D6F6465 		.ascii	"mode\000"
 808      00
 809              	.LASF21:
 810 01ea 4C4F434B 		.ascii	"LOCKR\000"
 810      5200
 811              	.LASF24:
 812 01f0 73746D33 		.ascii	"stm32_gpio_t\000"
 812      325F6770 
 812      696F5F74 
 812      00
 813              	.LASF19:
 814 01fd 50555044 		.ascii	"PUPDR\000"
 814      5200
 815              	.LASF1:
 816 0203 6C6F6E67 		.ascii	"long long int\000"
 816      206C6F6E 
 816      6720696E 
 816      7400
 817              	.LASF29:
 818 0211 6D61736B 		.ascii	"mask\000"
 818      00
 819              	.LASF35:
 820 0216 62697473 		.ascii	"bits\000"
 820      00
 821              	.LASF30:
 822 021b 6F666673 		.ascii	"offset\000"
 822      657400
 823              	.LASF27:
 824 0222 696F706F 		.ascii	"ioportid_t\000"
 824      72746964 
 824      5F7400
 825              	.LASF8:
 826 022d 75696E74 		.ascii	"uint16_t\000"
 826      31365F74 
 826      00
ARM GAS  /tmp/cc5RUPAs.s 			page 17


 827              	.LASF9:
 828 0236 75696E74 		.ascii	"uint32_t\000"
 828      33325F74 
 828      00
 829              	.LASF5:
 830 023f 6C6F6E67 		.ascii	"long int\000"
 830      20696E74 
 830      00
 831              	.LASF2:
 832 0248 6C6F6E67 		.ascii	"long double\000"
 832      20646F75 
 832      626C6500 
 833              	.LASF3:
 834 0254 7369676E 		.ascii	"signed char\000"
 834      65642063 
 834      68617200 
 835              	.LASF14:
 836 0260 5F426F6F 		.ascii	"_Bool\000"
 836      6C00
 837              	.LASF11:
 838 0266 6C6F6E67 		.ascii	"long long unsigned int\000"
 838      206C6F6E 
 838      6720756E 
 838      7369676E 
 838      65642069 
 839              	.LASF31:
 840 027d 494F4275 		.ascii	"IOBus\000"
 840      7300
 841              		.section	.gnu.debuglto_.debug_line_str,"eMS",%progbits,1
 842              	.LASF44:
 843 0000 2E2E2F6F 		.ascii	"../os/hal/ports/STM32/LLD/GPIOv2\000"
 843      732F6861 
 843      6C2F706F 
 843      7274732F 
 843      53544D33 
 844              	.LASF47:
 845 0021 2E2E2F6F 		.ascii	"../os/hal/src/hal_pal.c\000"
 845      732F6861 
 845      6C2F7372 
 845      632F6861 
 845      6C5F7061 
 846              	.LASF48:
 847 0039 73746469 		.ascii	"stdint.h\000"
 847      6E742E68 
 847      00
 848              	.LASF52:
 849 0042 68616C5F 		.ascii	"hal_pal.c\000"
 849      70616C2E 
 849      6300
 850              	.LASF42:
 851 004c 2F686F6D 		.ascii	"/home/mayank/chibios-workspace/ChibiOS/app\000"
 851      652F6D61 
 851      79616E6B 
 851      2F636869 
 851      62696F73 
 852              	.LASF46:
 853 0077 2F757372 		.ascii	"/usr/lib/gcc/arm-none-eabi/13.2.1/include\000"
ARM GAS  /tmp/cc5RUPAs.s 			page 18


 853      2F6C6962 
 853      2F676363 
 853      2F61726D 
 853      2D6E6F6E 
 854              	.LASF51:
 855 00a1 68616C5F 		.ascii	"hal_pal.h\000"
 855      70616C2E 
 855      6800
 856              	.LASF45:
 857 00ab 2E2E2F6F 		.ascii	"../os/hal/src\000"
 857      732F6861 
 857      6C2F7372 
 857      6300
 858              	.LASF49:
 859 00b9 73746D33 		.ascii	"stm32_gpio.h\000"
 859      325F6770 
 859      696F2E68 
 859      00
 860              	.LASF50:
 861 00c6 68616C5F 		.ascii	"hal_pal_lld.h\000"
 861      70616C5F 
 861      6C6C642E 
 861      6800
 862              	.LASF43:
 863 00d4 2E2E2F6F 		.ascii	"../os/hal/include\000"
 863      732F6861 
 863      6C2F696E 
 863      636C7564 
 863      6500
 864              		.text
 865              		.section	.gnu.lto_.profile.a46aacc57423c4a1,"e",%progbits
 866 0000 789C6362 		.ascii	"x\234cb\000\001\000\000\022\000\003"
 866      00010000 
 866      120003
 867              		.text
 868              		.section	.gnu.lto_.icf.a46aacc57423c4a1,"e",%progbits
 869 0000 789C7366 		.ascii	"x\234sf@\000f\206I\273V\177b\347`b`bdbbbfb\001\323\214"
 869      40006686 
 869      49BB567F 
 869      62E76062 
 869      60626462 
 870 001b 8C2D5D2B 		.ascii	"\214-]+v\360s\200\230`!\2204+P\372\326\315\363\355<"
 870      76F07380 
 870      98602190 
 870      342B50FA 
 870      D6CDF3ED 
 871 0030 6C50D560 		.ascii	"lP\325`)\006\000x5\0116"
 871      29060078 
 871      350936
 872              		.text
 873              		.section	.gnu.lto_.ipa_sra.a46aacc57423c4a1,"e",%progbits
 874 0000 789C758B 		.ascii	"x\234u\2131\016\000 \010\003iK\200\301\247\372\377Y"
 874      310E0020 
 874      0803694B 
 874      80C1A7FA 
 874      FF59
 875 0012 7171A2CB 		.ascii	"qq\242\3135\271\334\266?\031\304\240\231\203I\372E\321"
ARM GAS  /tmp/cc5RUPAs.s 			page 19


 875      35B9DCB6 
 875      3F19C4A0 
 875      998349FA 
 875      45D1
 876 0024 CB512B04 		.ascii	"\313Q+\004\216\256[p\364\331\032B\343\335\346\001{\353"
 876      8EAE5B70 
 876      F4D91A42 
 876      E3DDE601 
 876      7BEB
 877 0036 01A4     		.ascii	"\001\244"
 878              		.text
 879              		.section	.gnu.lto_.inline.a46aacc57423c4a1,"e",%progbits
 880 0000 789CAD91 		.ascii	"x\234\255\221\301\015\3020\014E\277\355\250\244*\240"
 880      C10DC230 
 880      0C45BFED 
 880      A8A42AA0 
 881 0010 1E3970C8 		.ascii	"\0369p\310(L\300\020\264\202-\020l\300\010\214\300\231"
 881      284CC010 
 881      B4822D10 
 881      6CC0088C 
 881      C099
 882 0022 E9B01DA5 		.ascii	"\351\260\035\245!\007nX\221b\377\330\362\263\363&,&"
 882      21076E58 
 882      9162FFD8 
 882      F2B3F326 
 882      2C26
 883 0034 407F53E3 		.ascii	"@\177S\3433\251O\334\231\242w\204\034\354^A\022bg)2"
 883      33A94FDC 
 883      99A27784 
 883      1CEC5E41 
 883      12626729 
 884 0049 03EEF0CC 		.ascii	"\003\356\360\314`\220\273'FX|\204\252\306\252\306\252"
 884      6090BB27 
 884      46587C84 
 884      AAC6AAC6 
 884      AA
 885 005a 8E551DAD 		.ascii	"\216U\035\255=a\253\321S\264{ \342\336\265\334\364\013"
 885      3D61ABD1 
 885      53B47B20 
 885      E2DEB5DC 
 885      F40B
 886 006c C2A106F6 		.ascii	"\302\241\006\366\302\251\201(\332\257\306!\247b\335"
 886      C2A98128 
 886      DAAFC621 
 886      A762DD
 887 007b 20888F33 		.ascii	" \210\2173)B\031l_\337S\255O\206\303\0304z\361\245]"
 887      2942196C 
 887      5FDF53AD 
 887      4F86C318 
 887      347AF1A5 
 888 0090 50C3A8DC 		.ascii	"P\303\250\334wM\272\376yAe\272\235q\204\215}\327\343"
 888      774DBAFE 
 888      794165BA 
 888      9D71848D 
 888      7DD7E3
 889 00a3 887CF001 		.ascii	"\210|\360\001\227\036Q\225"
 889      971E5195 
ARM GAS  /tmp/cc5RUPAs.s 			page 20


 890              		.text
 891              		.section	.gnu.lto_.jmpfuncs.a46aacc57423c4a1,"e",%progbits
 892 0000 789C0B66 		.ascii	"x\234\013f@\000f\006FFf\006&FF \342\007\322\365L\234"
 892      40006606 
 892      46466606 
 892      26464620 
 892      E207D2F5 
 893 0016 4C402637 		.ascii	"L@&7X\210\213\215\201\201\361\000\013#\003\020\377\007"
 893      58888B8D 
 893      8181F100 
 893      0B230310 
 893      FF07
 894 0028 027E0674 		.ascii	"\002~\006t>K=#\206\022\000\007\013\022m"
 894      3E4B3D23 
 894      86120007 
 894      0B126D
 895              		.text
 896              		.section	.gnu.lto_.pureconst.a46aacc57423c4a1,"e",%progbits
 897 0000 789CE362 		.ascii	"x\234\343b```f\230\305\3028\213\205i&\013\000\011\370"
 897      60606066 
 897      98C5C238 
 897      8B856926 
 897      0B0009F8 
 898 0014 01EA     		.ascii	"\001\352"
 899              		.text
 900              		.section	.gnu.lto_.ipa_modref.a46aacc57423c4a1,"e",%progbits
 901 0000 789C9BC7 		.ascii	"x\234\233\307\200\000\314\014\2145@\212\211\211\233"
 901      8000CC0C 
 901      8C35408A 
 901      89899B
 902 000f 8199898D 		.ascii	"\201\231\211\215\201\021\010\031\024\024\2308\300\254"
 902      81110819 
 902      14149838 
 902      C0AC
 903 001d 0320263B 		.ascii	"\003 &;\230\251\000d\361002\3612\202t\26112\211\200"
 903      98A90064 
 903      F1303032 
 903      F1328274 
 903      B1313289 
 904 0032 6846B036 		.ascii	"hF\2606\204\012$mp\263\200\212@\032\371\200\0346&dm"
 904      840A246D 
 904      70B3808A 
 904      401AF980 
 904      1C362664 
 905 0047 08DBB019 		.ascii	"\010\333\260\031\000v\035\000kV\007\021"
 905      00761D00 
 905      6B560711 
 906              		.text
 907              		.section	.gnu.lto_.lto.a46aacc57423c4a1,"e",%progbits
 908 0000 0D000000 		.ascii	"\015\000\000\000\001\000\000\000"
 908      01000000 
 909              		.text
 910              		.section	.gnu.lto_palReadBus.328.a46aacc57423c4a1,"e",%progbits
 911 0000 789C658F 		.ascii	"x\234e\217O(\004q\024\307\337\373\275\2311\242\024)"
 911      4F280471 
 911      14C7DFFB 
 911      BD9931A2 
ARM GAS  /tmp/cc5RUPAs.s 			page 21


 911      1429
 912 0012 39480E2E 		.ascii	"9H\016.\262\277\224?\271)\007\312\301\301\3356;6\273"
 912      B2BF943F 
 912      B92907CA 
 912      C1C1DD36 
 912      3B36BB
 913 0025 AD356327 		.ascii	"\2555c'\011m\373\263\353O\341b\017\332\203\362\247\034"
 913      096DFBB3 
 913      EB4FE162 
 913      0FDA83F2 
 913      A71C
 914 0037 88E4A2C8 		.ascii	"\210\344\242\310\237\215\344*\027W9\311\325\205\013"
 914      9F8DE42A 
 914      175739C9 
 914      D5850B
 915 0046 DECC8A83 		.ascii	"\336\314\212\203\303\373\377\351\275\367M!\3000\000"
 915      C3FBFFE9 
 915      BDF74D21 
 915      C03000
 916 0055 34B32101 		.ascii	"4\263!\001\346\327\226\005(\245z\312\004\316\255-?\036"
 916      E6D79605 
 916      28A57ACA 
 916      04CEAD2D 
 916      3F1E
 917 0067 BF987881 		.ascii	"\277\230x\201A\003!#0\203\007\244\243Q\203\032\373Z"
 917      41032123 
 917      308307A4 
 917      A351831A 
 917      FB5A
 918 0079 6C9445A5 		.ascii	"l\224E\245\336W\216\362\213UO\271\205\376\014\244\317"
 918      DE578EF2 
 918      8B554FB9 
 918      85FE0CA4 
 918      CF
 919 008a F0945702 		.ascii	"\360\224W\002\350h\366A+O\3577>\224\252\206\331s\374"
 919      E868F641 
 919      2B4FEF37 
 919      3E94AA86 
 919      D973FC
 920 009d 990931B0 		.ascii	"\231\0111\260\253\003T\000\244\375\243lG\017\372\223"
 920      AB035400 
 920      A4FDA36C 
 920      470FFA93 
 921 00ad 7AFFDA54 		.ascii	"z\377\332T\352u\035\337\012\242\\\200 \002\241i t\235"
 921      EA751DDF 
 921      0AA25C80 
 921      2002A169 
 921      20749D
 922 00c0 A3C15686 		.ascii	"\243\301V\206x\216&\010\346\367\310\177Qi\010\373$J"
 922      788E2608 
 922      E6F7C87F 
 922      516908FB 
 922      244A
 923 00d2 D95C11BE 		.ascii	"\331\\\021\276\204z>\\%?6\371n\247!h\235TB\216\262\227"
 923      847A3E5C 
 923      253F36F9 
 923      6EA72168 
ARM GAS  /tmp/cc5RUPAs.s 			page 22


 923      9D54428E 
 924 00e8 7BF524F8 		.ascii	"{\365$\370\345Y\344\317\016|A\246\347^!t\316s6QD\207"
 924      E559E4CF 
 924      0E7C41A6 
 924      E75E2174 
 924      CE733651 
 925 00fe D7E6E8FA 		.ascii	"\327\346\350\372\262\234|y\311?*1s\315\3246g\361\033"
 925      B29C7C79 
 925      C93F2A31 
 925      73CDD436 
 925      67F11B
 926 0111 1C0DA82C 		.ascii	"\034\015\250,S\332\377-\321[\264\203y\356s\021I'\"\355"
 926      53DAFF2D 
 926      D15BB483 
 926      79EE7311 
 926      492722ED 
 927 0125 0736FEC3 		.ascii	"\0076\376\303\326\035\206Kpa\011\311d\334\200%\312n"
 927      D61D864B 
 927      706109C9 
 927      64DC8025 
 927      CA6E
 928 0137 196442A0 		.ascii	"\031dB\240\020K\272T\221\253\026\031s\222Q\231\264\246"
 928      104BBA54 
 928      91AB1619 
 928      73925199 
 928      B4A6
 929 0149 ADF184B4 		.ascii	"\255\361\204\264c\361H\334\361Z\247\234T\302s-;*{\375"
 929      63F148DC 
 929      F15AA79C 
 929      54C2732D 
 929      3B2A7BFD 
 930 015d CEE090B4 		.ascii	"\316\340\220\264\\\027\352B!\351x2f\215I/e\3731\354"
 930      5C17EA42 
 930      21E97832 
 930      668D492F 
 930      65FB31EC 
 931 0171 5A63211B 		.ascii	"Zc!\033(2\351\325\374\226\241\366\356.k\244\255c\004"
 931      2832E9D5 
 931      FC96A1F6 
 931      EE2E6BA4 
 931      AD6304
 932 0184 BE018F5C 		.ascii	"\276\001\217\\\215#"
 932      8D23
 933              		.text
 934              		.section	.gnu.lto_palWriteBus.329.a46aacc57423c4a1,"e",%progbits
 935 0000 789C6552 		.ascii	"x\234eRMh\023Q\020\236\357\275\335\315nc\260Z\004OR"
 935      4D681351 
 935      109EEFBD 
 935      DDCD6E63 
 935      B05A044F 
 936 0015 F4589A45 		.ascii	"\364X\232E\320\2127Q\320C\016\036<\211H\330l\242\211"
 936      D08A3751 
 936      D0430E1E 
 936      3C8948D8 
 936      6CA289
 937 0028 69DCD86D 		.ascii	"i\334\330m)EJ^\023\261P\311\241\342\241((\366\244R\350"
 937      29454A5E 
ARM GAS  /tmp/cc5RUPAs.s 			page 23


 937      13B150C9 
 937      A1E2A128 
 937      28F6A452 
 938 003d 5D4BDC16 		.ascii	"]K\334\026\377\020[\244x\025\213g\005\203=D\255\326"
 938      FF105BA4 
 938      78158B67 
 938      05833D44 
 938      ADD6
 939 004f D95D5B0F 		.ascii	"\331][\017]\230\367\346{\363\3157o\346\355IAT \242C"
 939      5D98F7E6 
 939      7BF3CD37 
 939      6FE6ED49 
 939      415420A2 
 940 0064 6C9084DB 		.ascii	"l\220\204\333\323S\202\224R'\022\002\023\323S{\360\034"
 940      D3538294 
 940      52271202 
 940      13D3537B 
 940      F01C
 941 0076 1102D504 		.ascii	"\021\002\325\004j\230\2236\303\316\255\371\365\323\352"
 941      6A989336 
 941      C3CEADF9 
 941      F5D3EA
 942 0085 51802F44 		.ascii	"Q\200/D5\212>\035F\0174^\367\241W\207y\206\372\003\245"
 942      358A3E1D 
 942      460F345E 
 942      F7A15787 
 942      7986FA03 
 943 009a DEFFE928 		.ascii	"\336\377\351(\265\227\306\027P{\206\247 \022\310|`\222"
 943      B597C617 
 943      507B86A7 
 943      2012C87C 
 943      6092
 944 00ac 998DC3AB 		.ascii	"\231\215\303\253?\302\360\365\326vXd>iD\311H\025\314"
 944      3FC2F0F5 
 944      D6765864 
 944      3E6944C9 
 944      4815CC
 945 00bf CBB36E1F 		.ascii	"\313\263n\0373\277m\274j\343\215\322\306\026\267\250"
 945      33BF6DBC 
 945      6AE38DD2 
 945      C616B7A8 
 946 00cf 4499752D 		.ascii	"D\231u-IK\240\000\224\371\256\361\021\260\210\371U}"
 946      494BA000 
 946      94F9AEF1 
 946      11B088F9 
 946      557D
 947 00e1 4D75361F 		.ascii	"Mu6\037(\265\222n/\377\272'v\003hA\220\320$\233\306"
 947      28B5926E 
 947      2FFFBA27 
 947      76036841 
 947      90D0249B 
 948 00f6 A693D00D 		.ascii	"\246\223\320\015\266\004\373&\233\305\326E\302\330\005"
 948      B604FB26 
 948      9BC5D645 
 948      C2D805
 949 0105 2C20452C 		.ascii	", E,B\364X\2063P\254\372D\212\330\233\010hS\250\317"
 949      42F45886 
ARM GAS  /tmp/cc5RUPAs.s 			page 24


 949      3350ACFA 
 949      448AD89B 
 949      086853A8 
 950 011a EDA60CF7 		.ascii	"\355\246\014\367\203\3412{ :\372\331\354\006\337\243"
 950      83E1327B 
 950      203AFAD9 
 950      EC06DFA3 
 951 012a 21EB7727 		.ascii	"!\353w'!\205\214\334\226%%Oc\034\334\301\\8B\363\332"
 951      21858CDC 
 951      9625254F 
 951      631CDCC1 
 951      5C3842F3 
 952 013f A517A081 		.ascii	"\245\027\240\201\033\354y/Q\341\006\032\2621\303\011"
 952      1BEC792F 
 952      51E1061A 
 952      B231C309 
 953 014f 1AA7C87F 		.ascii	"\032\247\310\177)\372Nr\3715J1\371\376MHC\352\306GB"
 953      29FA4E72 
 953      F9354A31 
 953      F9FE4D48 
 953      43EAC647 
 954 0164 77883718 		.ascii	"w\2107\030'8\335\330R2%\"\245(b1\324Cp\207#)&Z|\331"
 954      2738DDD8 
 954      52322522 
 954      A5286231 
 954      D4437087 
 955 017e 7A2FB727 		.ascii	"z/\267'Sq\007q\311\256\235%/\277E!*\2714cq\017\356\377"
 955      53710771 
 955      C9AE9D25 
 955      2FBF4521 
 955      2AB93463 
 956 0196 1E9C2BEF 		.ascii	"\036\234+\357B0\360\220\375\3542.\022E\356\205\025\234"
 956      4230F090 
 956      FDEC322E 
 956      1245EE85 
 956      159C
 957 01a8 278A7567 		.ascii	"'\212ug\277&\371\237\241IY_\373\335\214\036\212\247"
 957      BF26F99F 
 957      A149595F 
 957      FBDD8C1E 
 957      8AA7
 958 01ba 8978862A 		.ascii	"\211x\206*`\324g\027\275J\301\2568c\316\325\262\355"
 958      60D46717 
 958      BD4AC1AE 
 958      3863CED5 
 958      B2ED
 959 01cc 164BB992 		.ascii	"\026K\271\222\347\367\217zCe\277\352\270\005\373Txr"
 959      E7F78F7A 
 959      4365BFEA 
 959      B805FB54 
 959      7872
 960 01de F69CED54 		.ascii	"\366\234\355T\253\264?\235\266=\337.:\203\266?\344\206"
 960      ABB43F9D 
 960      B63DDF2E 
 960      3A83B63F 
 960      E486
 961 01f0 7BB6EA0C 		.ascii	"{\266\352\014\246]\222\271\021\277g\033\246\217\034"
ARM GAS  /tmp/cc5RUPAs.s 			page 25


 961      A65D92B9 
 961      11BF671B 
 961      A68F1C
 962 01ff 3FE6E40F 		.ascii	"?\346\344\017\037\315\223\226+\015\373\030\375\013\352"
 962      1FCD9396 
 962      2B0DFB18 
 962      FD0BEA
 963 020e F7C357   		.ascii	"\367\303W"
 964              		.text
 965              		.section	.gnu.lto_palSetBusMode.330.a46aacc57423c4a1,"e",%progbits
 966 0000 789C6550 		.ascii	"x\234eP=K\003A\020\235\267sg\"\026AE\260\022\321R\314"
 966      3D4B0341 
 966      109DB773 
 966      67221641 
 966      45B012D1 
 967 0016 22F8819D 		.ascii	"\"\370\201\235`a\221\302\302\037\020\316K0!&\027s\210"
 967      606191C2 
 967      C21F10CE 
 967      4B302126 
 967      177388
 968 0029 8884ACDF 		.ascii	"\210\204\254\337\020\213\250m@\301\312\004\305N\360"
 968      108BA86D 
 968      40C1CA04 
 968      C54EF0
 969 0038 831845AC 		.ascii	"\203\030E\254\305_ \326v6\012\202\356\335A\232,\354"
 969      C55F20D6 
 969      76360A82 
 969      EEDD419A 
 969      2CEC
 970 004a CCBCF786 		.ascii	"\314\274\367\206\3357\223\003\221MD\303\372\202\011"
 970      DD379303 
 970      914D44C3 
 970      FA8209
 971 0059 C7476541 		.ascii	"\307GeAJ\251\231\220\300\346Q\271\033\017\360\021\250"
 971      4AA99990 
 971      C0E651B9 
 971      1B0FF011 
 971      A8
 972 006a 2450C205 		.ascii	"$P\302\005K\015\277\017\256\336\346\324y\023\237D%\362"
 972      4B0DBF0F 
 972      AEDEE6D4 
 972      79139F44 
 972      25F2
 973 007c 8F898E5E 		.ascii	"\217\211\216^\030:\366a\320Dx\216F\233J\275\036\377"
 973      183AF661 
 973      D044788E 
 973      469B4ABD 
 973      1EFF
 974 008e 28D543C5 		.ascii	"(\325C\305{\224\356p\253\177\022\210\035\352\246p<\220"
 974      7B94EE70 
 974      AB7F1288 
 974      1DEAA670 
 974      3C90
 975 00a0 1BBEBCD1 		.ascii	"\033\276\274\321h\311\"V5\210\272\202W5AWo\346\273\372"
 975      68C92256 
 975      3588BA82 
 975      57354157 
ARM GAS  /tmp/cc5RUPAs.s 			page 26


 975      6FE6BBFA 
 976 00b4 FE3B55AA 		.ascii	"\376;U\252^\305\327\211\350\024$\230I\030\006\011\323"
 976      5EC5D789 
 976      E8142498 
 976      49180609 
 976      D3
 977 00c5 D4B903B8 		.ascii	"\324\271\003\270G\010h\350\356\032{\316\225\001\252"
 977      470868E8 
 977      EE1A7BCE 
 977      9501AA
 978 00d4 B308AACD 		.ascii	"\263\010\252\315&\375\011\365qYa/\017y\341l\300\247"
 978      26FD09F5 
 978      7159612F 
 978      0F79E16C 
 978      C0A7
 979 00e6 AE23B4CD 		.ascii	"\256#\264\315[\215N\026\332t\021z\200\013o\322\260["
 979      5B8D4E16 
 979      DA74117A 
 979      800B6FD2 
 979      B05B
 980 00f8 78044DEE 		.ascii	"x\004M\356\350j\345\011\216\266\020tq\273\236}F\246"
 980      E86AE509 
 980      8EB61074 
 980      71BB9E7D 
 980      46A6
 981 010a A51BED7A 		.ascii	"\245\033\355z\372\005K\276\276\375\273\0076\231\331"
 981      FA054BBE 
 981      BEFDBB07 
 981      3699D9
 982 0119 A05DDE1B 		.ascii	"\240]\336\033\2442DR\357\234\205&C\"B\373\274\365~S"
 982      A4324452 
 982      EF9C8526 
 982      432242FB 
 982      BCF57E53 
 983 012d 81BFC71A 		.ascii	"\201\277\307\032#p\256\232\032\215\310\224\223M\312"
 983      2370AE9A 
 983      1A8DC894 
 983      934DCA
 984 013c ACB56EE5 		.ascii	"\254\265n\3452\322N\245\027\323\216;\272\346\0242n\336"
 984      32D24EA5 
 984      17D38E3B 
 984      BAE61432 
 984      6EDE
 985 014e B29372D6 		.ascii	"\262\223r\326c\346\027\244\225\317S\1774*\035W\246\254"
 985      63E617A4 
 985      95CF537F 
 985      342A1D57 
 985      A6AC
 986 0160 65E9166C 		.ascii	"e\351\026l/\307\363\326r\324&^\\u{[0:>=e%\306&\022d"
 986      2FC7F3D6 
 986      72D4265E 
 986      5C757B5B 
 986      303A3E3D 
 987 017a 649D44F2 		.ascii	"d\235D\362\037\010r\214\254"
 987      1F08728C 
 987      AC
 988              		.text
ARM GAS  /tmp/cc5RUPAs.s 			page 27


 989              		.section	.gnu.lto_.symbol_nodes.a46aacc57423c4a1,"e",%progbits
 990 0000 789C2B61 		.ascii	"x\234+a\000\002\246\023L\365\374\015@\300\3028\341\034"
 990      0002A613 
 990      4CF5FC0D 
 990      40C0C238 
 990      E11C
 991 0012 03433D03 		.ascii	"\003C=\003\303\256\011ML \211\223L\365\002X%N1\325\013"
 991      C3AE094D 
 991      4C208993 
 991      4CF50258 
 991      254E31D5 
 992 0027 6293603C 		.ascii	"b\223`<\313T/\364\037\012\344\301\222\014\014\015\023"
 992      CB542FF4 
 992      1F0AE4C1 
 992      920C0C0D 
 992      13
 993 0038 1A4072CC 		.ascii	"\032@r\314L\314\020-K\330\030\000LL$\271"
 993      4CCC102D 
 993      4BD81800 
 993      4C4C24B9 
 994              		.text
 995              		.section	.gnu.lto_.refs.a46aacc57423c4a1,"e",%progbits
 996 0000 789C6364 		.ascii	"x\234cd\000\002\000\000\012\000\002"
 996      00020000 
 996      0A0002
 997              		.text
 998              		.section	.gnu.lto_.decls.a46aacc57423c4a1,"e",%progbits
 999 0000 789C8556 		.ascii	"x\234\205V}PT\327\025\277\347\356cy\300\302.5\2668\223"
 999      7D5054D7 
 999      15BFE7EE 
 999      6379C0C2 
 999      2E35B638 
 1000 0015 C930E31F 		.ascii	"\3110\343\037R:\262\203&\261\235igj\204\032'Z\230\305"
 1000      523AB283 
 1000      26B19D69 
 1000      676A841A 
 1000      275A98C5 
 1001 0029 4CA69D4E 		.ascii	"L\246\235N\311\026\326\260#\270\014\273\246\037\177"
 1001      C916D6B0 
 1001      23B80CBB 
 1001      A61F7F
 1002 0038 DD5D605D 		.ascii	"\335]`]#\342.\321\210@\354\272\306\024jM\32663\305\224"
 1002      23E22ED1 
 1002      8840ECBA 
 1002      C6146A4D 
 1002      D63633C5 
 1003 004d 84E78A88 		.ascii	"\204\347\212\210\024E\361\263I0\200\222 \001\331\206"
 1003      1445F1B3 
 1003      49308092 
 1003      2001D986 
 1004 005d 4D2488DA 		.ascii	"M$\210\332s\337{<>\214\351\316\034\336}\367w\316\357"
 1004      73DF7B3C 
 1004      3E8CE9CE 
 1004      1CDE7DF7 
 1004      77CEEF
 1005 0070 77EEB9E7 		.ascii	"w\356\271\347\336\307\211\004B\356\002!9h\017\361'\020"
 1005      DEC78904 
ARM GAS  /tmp/cc5RUPAs.s 			page 28


 1005      42EE0221 
 1005      39680FF1 
 1005      2710
 1006 0082 42AEA12D 		.ascii	"B\256\241-A\213\242\305\343\274\210\226\200\226\210"
 1006      418BA2C5 
 1006      E3BC8896 
 1006      809688
 1007 0091 96846640 		.ascii	"\226\204f@KFKA\233D\037\023>\365hwp|\022\355*\3322|"
 1007      4B464B41 
 1007      9B441F13 
 1007      3EF56877 
 1007      707C12ED 
 1008 00a9 7F0A6D39 		.ascii	"\177\012m9\332\017\321VSBR\211\342\3171\316;\201\343"
 1008      DA0FD156 
 1008      53425289 
 1008      E2CF31CE 
 1008      3B81E3
 1009 00bc 1568BF21 		.ascii	"\025h\277!J<\347\325\251Z\263\\#D\321\001US@\373\031"
 1009      4A3CE7D5 
 1009      A95AB35C 
 1009      2344D101 
 1009      555340FB 
 1010 00d1 723D4114 		.ascii	"r=A\024\376x5\207\316y\\\023*\337\254\377l\374b~\236"
 1010      FE783587 
 1010      CE795C13 
 1010      2ADFACFF 
 1010      6CFC627E 
 1011 00e6 E74D55E7 		.ascii	"\347MU\347\022\332z\3445\021%g\316k\372\216\034\027"
 1011      12DA7AE4 
 1011      35112567 
 1011      CE6BFA8E 
 1011      1C17
 1012 00f8 7367AAEB 		.ascii	"sg\252\353\314\340\265X\002\202~)\244\213\224<\303\344"
 1012      CCE0B558 
 1012      02827E29 
 1012      A48B943C 
 1012      C3E4
 1013 010a 5F2485FC 		.ascii	"_$\205\374\013\001\316m@4]\\C\364\031\300\353m\304'"
 1013      0B01CE6D 
 1013      40345D5C 
 1013      43F419C0 
 1013      EB6DC427 
 1014 011e 117F4A04 		.ascii	"\021\177J\004\332\036=5$\032\007\030\233bl\347\367\310"
 1014      DA1E3D35 
 1014      241A0718 
 1014      9B626CE7 
 1014      F7C8
 1015 0130 FB7002C8 		.ascii	"\373p\002\310I\310h\003\011\332\001\203\322\304\\\""
 1015      49C86803 
 1015      09DA0183 
 1015      D2C45C22 
 1016 0140 BE40C47C 		.ascii	"\276@\304|\364\035\273\3343\223d\224\276\335W\264\020"
 1016      F41DBBDC 
 1016      33936494 
 1016      BEDD57B4 
 1016      10
 1017 0151 54376108 		.ascii	"T7a\010\0257\023\375\012\324\321\341_\"\376\032#'\244"
ARM GAS  /tmp/cc5RUPAs.s 			page 29


 1017      153713FD 
 1017      0AD4D1E1 
 1017      5F22FE1A 
 1017      2327A4
 1018 0164 E044328F 		.ascii	"\340D2\217\2141V\235H\316B7\220\363\260\242\015\316"
 1018      8C31569D 
 1018      48CE4237 
 1018      90F3B0A2 
 1018      0DCE
 1019 0176 410F8845 		.ascii	"A\017\210ED\320\217\325\272\2772d\246er\366\366\332"
 1019      44D08FD5 
 1019      BABF3264 
 1019      A66572F6 
 1019      F6DA
 1020 0188 A3D5BF0D 		.ascii	"\243\325\277\015\354@\337\327\302\246^\270\000} G\220"
 1020      EC40DFD7 
 1020      C2A65EB8 
 1020      007D2047 
 1020      90
 1021 0199 6CDC5182 		.ascii	"l\334Q\202\013\253B\213S\364I\037\264\301E\270\304\327"
 1021      0BAB428B 
 1021      53F4491F 
 1021      B4C145B8 
 1021      C4D7
 1022 01ab 89B1E1E9 		.ascii	"\211\261\341\351\316Z\226\356\251\021z\341\337\363\303"
 1022      CE5A96EE 
 1022      A9117AE1 
 1022      DFF3C3
 1023 01ba CE026AFC 		.ascii	"\316\002j\374\363\362\256s\372\314e\\#\034\363\356a"
 1023      F3F2AE73 
 1023      FACC655C 
 1023      231CF3EE 
 1023      61
 1024 01cb E95535C2 		.ascii	"\351U5\302\031\350\204+\240P\315\322\343\362X\202J\177"
 1024      19E8842B 
 1024      A050CDD2 
 1024      E3F25882 
 1024      4A7F
 1025 01dd 05E92FC3 		.ascii	"\005\351/\303UN\217\263\321\231\316\244fim\037t-\014"
 1025      554E8FB3 
 1025      D199CEA4 
 1025      66696D1F 
 1025      742D0C
 1026 01f0 1268F7E8 		.ascii	"\022h\367\350;\373\304e\301\307\006c]Lb\004\313\321"
 1026      3BFBC465 
 1026      C1C70663 
 1026      5D4C6204 
 1026      CBD1
 1027 0202 097C2C8A 		.ascii	"\011|,\212\230\230x\001\355:\332\247\362\\\006\326O"
 1027      98987801 
 1027      ED3ADAA7 
 1027      F25C06D6 
 1027      4F
 1028 0213 A2E230A6 		.ascii	"\242\3420\246\372}\366n\360Z|\246\362KC\033D\355\353"
 1028      FA7DF66E 
 1028      F05A7CA6 
 1028      F24B431B 
ARM GAS  /tmp/cc5RUPAs.s 			page 30


 1028      44EDEB
 1029 0226 9D4D4F05 		.ascii	"\235MO\005=^\032\201\0330:\247\376>\220C\210>\350\374"
 1029      3D5E1A81 
 1029      1B303AA7 
 1029      FE3E9043 
 1029      883EE8FC 
 1030 023a 12BAA4B5 		.ascii	"\022\272\244\265\327\340\264\006\236\342'\200\360\320"
 1030      D7E0B406 
 1030      9EE22780 
 1030      F0D0
 1031 0248 BD676643 		.ascii	"\275gfC\2074\364\003\220c\021\016\177\244\026#\002\375"
 1031      8734F403 
 1031      9063110E 
 1031      7FA41623 
 1031      02FD
 1032 025a 1AFCF16C 		.ascii	"\032\374\361lp\270n\307,\372\341\202`\005\275\252\305"
 1032      70B86EC7 
 1032      2CFAE182 
 1032      6005BDAA 
 1032      C5
 1033 026b 7E3A3F2B 		.ascii	"~:?+\005\274\241\201\037i\340u\230\267\213\011d\020"
 1033      05BCA181 
 1033      1F69E075 
 1033      98B78B09 
 1033      6410
 1034 027d 06706214 		.ascii	"\006pb\024+5\0027\3413\370\002n\303\030\334\202q\370"
 1034      2B350237 
 1034      E133F802 
 1034      6EC318DC 
 1034      8271F8
 1035 0290 1C8679E5 		.ascii	"\034\206y\3458\317'\032\317'\013\022T\363\217j\360\177"
 1035      38CF271A 
 1035      CF270B12 
 1035      54F38F6A 
 1035      F07F
 1036 02a2 16C8A8B0 		.ascii	"\026\310\250\260_[@\307\202\332 ,\216b\265i\354t\245"
 1036      5F5B40C7 
 1036      82DA202C 
 1036      8E62B569 
 1036      EC74A5
 1037 02b5 87A62D4C 		.ascii	"\207\246-L\351\016|GN\002\235>\377\360s\232*\237\005"
 1037      E90E7C47 
 1037      4E029D3E 
 1037      FFF0739A 
 1037      2A9F05
 1038 02c8 A92A6142 		.ascii	"\251*aBe\215b\010\202\343\323\375\177\322\260\250\212"
 1038      658D6208 
 1038      82E3D3FD 
 1038      7FD2B0A8 
 1038      8A
 1039 02d9 FD97DF69 		.ascii	"\375\227\337ix\351\2113\334%\322?\325\227\260\350,M"
 1039      78E98933 
 1039      DC25D23F 
 1039      D597B0E8 
 1039      2C4D
 1040 02eb 6A676927 		.ascii	"jgi'E\227\217\253\217\327B\232r\224\231N>\307_s~.\177"
 1040      45978FAB 
ARM GAS  /tmp/cc5RUPAs.s 			page 31


 1040      8FD7429A 
 1040      7294994E 
 1040      3EC75F73 
 1041 0302 E57A57AD 		.ascii	"\345zW\255q\001v\0074\260*\362`R\257\351\337U\365\247"
 1041      71017607 
 1041      34B02AF2 
 1041      6052AFE9 
 1041      DF55F5A7 
 1042 0316 B8BE9F13 		.ascii	"\270\276\237\023\377\2255\267\030\027\343\337\300\224"
 1042      FF9535B7 
 1042      1817E3DF 
 1042      C094
 1043 0324 728918B0 		.ascii	"r\211\030\260\015\007\210\330H\211\276\237\250\267\005"
 1043      0D0788D8 
 1043      4889BE9F 
 1043      A8B705
 1044 0333 0E8818E2 		.ascii	"\016\210\030\342\261o\304z\337\204Ey3\332O\332\340!"
 1044      B16FC47A 
 1044      DF844579 
 1044      33DA4FDA 
 1044      E021
 1045 0345 3C00413C 		.ascii	"<\000A<yv8\215w,z\264\316\274\335Pkd~w%\270\351}\250"
 1045      7976388D 
 1045      772C7AB4 
 1045      CEBCDD50 
 1045      6B647E77 
 1046 035e A4F31B4B 		.ascii	"\244\363\033K+\366\014\334\303\211J\332\006U\264\232"
 1046      2BF60CDC 
 1046      C3894ADA 
 1046      0655B49A 
 1047 036e 7AA87A8E 		.ascii	"z\250z\216\277\336\245\354\3314|\245E\312m\305\301\272"
 1047      BFDEA5EC 
 1047      D9347CA5 
 1047      45CA6DC5 
 1047      C1BA
 1048 0380 5A058CC1 		.ascii	"Z\005\214\301\227\363A\276\237=<\311\246\336\013\257"
 1048      97F341BE 
 1048      9F3D3CC9 
 1048      A6DE0BAF 
 1049 0390 A7C8FB29 		.ascii	"\247\310\373)i\022^\272@C\240G\232\272\032A\253\302"
 1049      69125EBA 
 1049      4043A047 
 1049      9ABA1A41 
 1049      ABC2
 1050 03a2 0E95C647 		.ascii	"\016\225\306G9\346q\367\337\237\3032\024h\247\014\335"
 1050      39E671F7 
 1050      DF9FC332 
 1050      1468A70C 
 1050      DD
 1051 03b3 0BB77E61 		.ascii	"\013\267~a\\\274\361\337\200\272\363w\317\364\014\033"
 1051      5CBCF1DF 
 1051      80BAF377 
 1051      CFF40C1B 
 1052 03c3 34B45FBD 		.ascii	"4\264_\275\007v\311\221}G\206n\317E\316\336\03752Vs"
 1052      0776C991 
 1052      7D47866E 
 1052      CF45CEDE 
ARM GAS  /tmp/cc5RUPAs.s 			page 32


 1052      1F353256 
 1053 03d8 BCE3788A 		.ascii	"\274\343x\212\214I\217\266\323\355s\273Z\364r\315\245"
 1053      8C498FB6 
 1053      D3ED73BB 
 1053      5AF472CD 
 1053      A5
 1054 03e9 477B45A0 		.ascii	"G{E\240\257\015\357\275dX\004\317m\211\330\307+\322"
 1054      AF0DEFBD 
 1054      645804CF 
 1054      6D89D8C7 
 1054      2BD2
 1055 03fb 5ED7DCA8 		.ascii	"^\327\334\250[\264m~\252Q\334\277\271'b\230\004\254"
 1055      5BB46D7E 
 1055      AA51DCBF 
 1055      B9276298 
 1055      04AC
 1056 040d 988F49EE 		.ascii	"\230\217I\356\016\221\205\252v3/\353pC=ke\301\367jv"
 1056      0E9185AA 
 1056      76332FEB 
 1056      70433D6B 
 1056      65C1F76A 
 1057 0422 EB1A421D 		.ascii	"\353\032B\035>7:\244\205*[YC\370\345\206\006V\0239\344"
 1057      3E373AA4 
 1057      852A5B59 
 1057      43F8E586 
 1057      06561339 
 1058 0437 6341000F 		.ascii	"cA\000\017NKn}\003>\320\243&\2155\361\256\364\326\004"
 1058      4E4B6E7D 
 1058      033ED0A3 
 1058      268D35F1 
 1058      AEF4D604 
 1059 044b C1AD7668 		.ascii	"\301\255vh2{\217\261J\264\364\206\252\260\344\306\255"
 1059      327B8FB1 
 1059      4AB4F486 
 1059      AAB0E4C6 
 1059      AD
 1060 045c BF00C1C3 		.ascii	"\277\000\301\303^D^F\363\273?s\357H\216\272G\330~\317"
 1060      5E445E46 
 1060      F3BB3F73 
 1060      EF488EBA 
 1060      47D87ECF 
 1061 0470 883FBD92 		.ascii	"\210?\275\222q!/\203\372 zH^FC\354\024\013\260\246\335"
 1061      71212F83 
 1061      FA207A48 
 1061      5E4643EC 
 1061      140BB0A6 
 1062 0485 299ED0D8 		.ascii	")\236\320\3301\267\247J\364\207$_ \330\301L\356\241"
 1062      31B7A74A 
 1062      F487245F 
 1062      20D8C14C 
 1062      EEA1
 1063 0497 D33E7788 		.ascii	"\323>w\2101S]\020SGKu\363<\321L\001\374\343\227:X\252"
 1063      31535D10 
 1063      53474B75 
 1063      F33CD14C 
 1063      01FCE397 
 1064 04ae 9B375AB0 		.ascii	"\2337Z\260\212\245\262\210\344\3633\311W\316\323\012"
ARM GAS  /tmp/cc5RUPAs.s 			page 33


 1064      8AA5B288 
 1064      E4F333C9 
 1064      57CED30A 
 1065 04be E00C709F 		.ascii	"\340\014p\237\000\223\230)\240\314\210\356\240\344c"
 1065      00939829 
 1065      A0CC88EE 
 1065      A0E463
 1066 04cd 6F61D021 		.ascii	"oa\320!\034p450\200\012\036>\340\244,$\261j\306D\371"
 1066      1C703435 
 1066      30800A1E 
 1066      3EE0A42C 
 1066      24B16AC6 
 1067 04e3 342A6BA3 		.ascii	"4*k\243\352S\304{d\344\203\366\304\030/\343\3141\277"
 1067      EA53C47B 
 1067      64E483F6 
 1067      C4182FE3 
 1067      CC31BF
 1068 04f6 F2E905B2 		.ascii	"\362\351\005\262\324\377s\002\354\011\223\030{\314\241"
 1068      D4FF7302 
 1068      EC099318 
 1068      7BCCA1
 1069 0505 DE47D573 		.ascii	"\336G\325s{k\360!3\310\230\244b^\252\201\373\336\351"
 1069      7B6BF021 
 1069      33C898A4 
 1069      625EAA81 
 1069      FBDEE9
 1070 0518 BE3CD792 		.ascii	"\276<\327\222o\250\355\272_\356\236\256\261k\027)\376"
 1070      6FA8EDBA 
 1070      5FEE9EAE 
 1070      B16B1729 
 1070      FE
 1071 0529 4B85AF93 		.ascii	"K\205\257\223\370\332:8r#\376I&\177m3b\352G\360\000"
 1071      F8DA3A38 
 1071      7223FE49 
 1071      267F6D33 
 1071      62EA47F0 
 1072 053e 25F54A1B 		.ascii	"%\365J\0336\365\004\214\031\365\365lj\346\335:\257\361"
 1072      36F5048C 
 1072      19F5F56C 
 1072      6AE6DD3A 
 1072      AFF1
 1073 0550 2093F8FE 		.ascii	" \223\370\376\211\007\350^E\212\354\245\344uZG\227\357"
 1073      8907E85E 
 1073      458AECA5 
 1073      E4755A47 
 1073      97EF
 1074 0562 8B13EB75 		.ascii	"\213\023\353u\274\247\3776\270;\236\263\307\200\263"
 1074      BCA7FF36 
 1074      B83B9EB3 
 1074      C780B3
 1075 0571 47F70F05 		.ascii	"G\367\017\005\222\024\261&*\320\243\367\242a\343\254"
 1075      9214B126 
 1075      2AD0A3F7 
 1075      A261E3AC 
 1076 0581 D898F269 		.ascii	"\330\230\362i'\007)yS\026\273\3240\3523p\261h\314;\011"
 1076      27072979 
 1076      5316BBD4 
ARM GAS  /tmp/cc5RUPAs.s 			page 34


 1076      30EA3370 
 1076      B168CC3B 
 1077 0596 CD7C6D70 		.ascii	"\315|mp\2206\252J\215\252R\267 \276\305\225N\374\243"
 1077      9036AA4A 
 1077      8DAA52B7 
 1077      20BEC595 
 1077      4EFCA3
 1078 05a9 BB379953 		.ascii	"\2737\231S\007\344u\214_l?\237\250(\035B\245\223\335"
 1078      07E4758C 
 1078      5F6C3F9F 
 1078      A8281D42 
 1078      A593DD
 1079 05bc E37B1E51 		.ascii	"\343{\036Q:LIHV\352\365\216W\247p\245p\037\277\356\345"
 1079      3A4C4948 
 1079      56EAF58E 
 1079      57A770A5 
 1079      701FBFEE 
 1080 05d1 351DA641 		.ascii	"5\035\246AU)\250*y\005\361\357\337\242\344=\366\341"
 1080      5529A82A 
 1080      7905F1EF 
 1080      DFA2E43D 
 1080      F6E1
 1081 05e3 095159E2 		.ascii	"\011QY\342\333|M}C\275\362\3534\374\005_\357w\371\217"
 1081      DB7C4D7D 
 1081      43BDF2EB 
 1081      34FC055F 
 1081      EF77F98F 
 1082 05f7 8A8B855B 		.ascii	"\212\213\205[(i\226\205\017\334\334\331\257\317\250"
 1082      28699685 
 1082      0FDCDCD9 
 1082      AFCFA8
 1083 0606 C78D1968 		.ascii	"\307\215\031h\273\372g\303A\026\241-\364\210\252{\204"
 1083      BBFA67C3 
 1083      4116A12D 
 1083      F488AA7B 
 1083      84
 1084 0617 DF35CB6F 		.ascii	"\3375\313o\353\004\3322~\353n\262\266\177-\352\376\035"
 1084      EB04DA32 
 1084      7EEB6EB2 
 1084      B67F2DEA 
 1084      FE1D
 1085 0629 E5F80FB2 		.ascii	"\345\370\017\262\262\314\016\247\271\304ZjvV\024\361"
 1085      B2CC0EA7 
 1085      B9C45A6A 
 1085      765614F1 
 1086 0639 6761B9B5 		.ascii	"ga\271\2654\253H\\\377\313\027\323\327e\257!K\264\251"
 1086      34AB485C 
 1086      FFCB17D3 
 1086      D765AF21 
 1086      4BB4A9
 1087 064c ACA77FB2 		.ascii	"\254\247\177\262\306Z\234\375L1\021\326\376\302\262"
 1087      C65A9CFD 
 1087      4C3111D6 
 1087      FEC2B2
 1088 065b 51DC6EDF 		.ascii	"Q\334n\337\346Z\275\252\320\025\2671o\335\013\026\341"
 1088      E65ABDAA 
 1088      D015B731 
ARM GAS  /tmp/cc5RUPAs.s 			page 35


 1088      6FDD0B16 
 1088      E1
 1089 066c B9028B05 		.ascii	"\271\002\213\005^\202\347\343\212Jm\326\012\031\315"
 1089      5E82E7E3 
 1089      8A4A6DD6 
 1089      0A19CD
 1090 067b 7EB6D0A5 		.ascii	"~\266\320\245s\332\\?2\2278\312l\3462\353\037\255\333"
 1090      73DA5C3F 
 1090      329738CA 
 1090      6CE632EB 
 1090      1FADDB
 1091 068e B69A8B4A 		.ascii	"\266\232\213J\354\277\263;\234+\177\357\250\330\352"
 1091      ECBFB33B 
 1091      9C2B7FEF 
 1091      A8D8EA
 1092 069d 2CB716D9 		.ascii	",\267\026\331\314\353\370L^\201\331Z^N\262\346\022*"
 1092      CCEBF84C 
 1092      5E81D95A 
 1092      5E4EB2E6 
 1092      122A
 1093 06af 7754B89C 		.ascii	"wT\270\234\346\202\315\233V\2572o\334\230c^\237\277"
 1093      E682CD9B 
 1093      56AF326F 
 1093      DC98635E 
 1093      9FBF
 1094 06c1 21EFD555 		.ascii	"!\357\325Uf\247\253\014e_)\267;\262J\210./\307\242\333"
 1094      66A7AB0C 
 1094      655F29B7 
 1094      3BB24A88 
 1094      2E2FC7A2 
 1095 06d6 906389CB 		.ascii	"\220c\211\313\1771?\307\022\237W\220\237\233\233c\321"
 1095      7F313FC7 
 1095      129F5790 
 1095      9F9B9B63 
 1095      D1
 1096 06e7 E76DFE55 		.ascii	"\347m\376U~\256%nS^N\256\205g\373\274a.\252\320%\224"
 1096      7EAE256E 
 1096      535E4EAE 
 1096      8567FBBC 
 1096      612EAAD0 
 1097 06fd 599D5B0D 		.ascii	"Y\235[\015v\007\027\340\303B\227\236\017\355\305\211"
 1097      760717E0 
 1097      C342979E 
 1097      0FEDC589 
 1098 070d CA9CBD18 		.ascii	"\312\234\275\030g\034[\266`\352\006\276\216\302-V\247"
 1098      671C5BB6 
 1098      60EA06BE 
 1098      8EC22D56 
 1098      A7
 1099 071e EBC785AE 		.ascii	"\353\307\205\256'\347r\263o+*\335^l\323\012VB\3426\344"
 1099      27E772B3 
 1099      6F2B2ADD 
 1099      5E6CD30A 
 1099      5642E236 
 1100 0733 3DB7DD29 		.ascii	"=\267\335)\332\035e\216b\033\256;\373Y\222`\255({u\215"
 1100      DA1D658E 
 1100      621BAE3B 
ARM GAS  /tmp/cc5RUPAs.s 			page 36


 1100      FB599260 
 1100      AD287B75 
 1101 0748 6D651949 		.ascii	"me\031I,BZ\333\037V\226=M\022\321\335b\263\026\243s"
 1101      2C425ADB 
 1101      1F56963D 
 1101      4D12D1DD 
 1101      62B316A3 
 1102 075d DA638A4F 		.ascii	"\332c\212O\222\360\361R\205\335eC\247d\034\027\330\\"
 1102      92F0F152 
 1102      85DD6543 
 1102      A7641C17 
 1102      D85C
 1103 076f 38DA84C4 		.ascii	"8\332\204\304K\271Gaiiq!&\367J\205c{9\2273\377\337\242"
 1103      4BB94761 
 1103      69697121 
 1103      26F74A85 
 1103      637B3997 
 1104 0787 A9DC3C12 		.ascii	"\251\334<\022s\375\037\265\203U\337"
 1104      73FD1FB5 
 1104      8355DF
 1105              		.text
 1106              		.section	.gnu.lto_.symtab.a46aacc57423c4a1,"e",%progbits
 1107 0000 70616C52 		.ascii	"palReadBus\000"
 1107      65616442 
 1107      757300
 1108 000b 00       		.ascii	"\000"
 1109 000c 00       		.ascii	"\000"
 1110 000d 00       		.ascii	"\000"
 1111 000e 00000000 		.ascii	"\000\000\000\000\000\000\000\000"
 1111      00000000 
 1112 0016 19010000 		.ascii	"\031\001\000\000"
 1113 001a 70616C57 		.ascii	"palWriteBus\000"
 1113      72697465 
 1113      42757300 
 1114 0026 00       		.ascii	"\000"
 1115 0027 00       		.ascii	"\000"
 1116 0028 00       		.ascii	"\000"
 1117 0029 00000000 		.ascii	"\000\000\000\000\000\000\000\000"
 1117      00000000 
 1118 0031 1E010000 		.ascii	"\036\001\000\000"
 1119 0035 70616C53 		.ascii	"palSetBusMode\000"
 1119      65744275 
 1119      734D6F64 
 1119      6500
 1120 0043 00       		.ascii	"\000"
 1121 0044 00       		.ascii	"\000"
 1122 0045 00       		.ascii	"\000"
 1123 0046 00000000 		.ascii	"\000\000\000\000\000\000\000\000"
 1123      00000000 
 1124 004e 23010000 		.ascii	"#\001\000\000"
 1125 0052 5F70616C 		.ascii	"_pal_lld_setgroupmode\000"
 1125      5F6C6C64 
 1125      5F736574 
 1125      67726F75 
 1125      706D6F64 
 1126 0068 00       		.ascii	"\000"
 1127 0069 02       		.ascii	"\002"
ARM GAS  /tmp/cc5RUPAs.s 			page 37


 1128 006a 00       		.ascii	"\000"
 1129 006b 00000000 		.ascii	"\000\000\000\000\000\000\000\000"
 1129      00000000 
 1130 0073 29010000 		.ascii	")\001\000\000"
 1131              		.text
 1132              		.section	.gnu.lto_.ext_symtab.a46aacc57423c4a1,"e",%progbits
 1133 0000 01       		.ascii	"\001"
 1134 0001 01       		.ascii	"\001"
 1135 0002 00       		.ascii	"\000"
 1136 0003 01       		.ascii	"\001"
 1137 0004 00       		.ascii	"\000"
 1138 0005 01       		.ascii	"\001"
 1139 0006 00       		.ascii	"\000"
 1140 0007 01       		.ascii	"\001"
 1141 0008 00       		.ascii	"\000"
 1142              		.text
 1143              		.section	.gnu.lto_.opts,"e",%progbits
 1144 0000 272D666E 		.ascii	"'-fno-openmp' '-fno-openacc' '-fno-pie' '-fcf-prote"
 1144      6F2D6F70 
 1144      656E6D70 
 1144      2720272D 
 1144      666E6F2D 
 1145 0033 6374696F 		.ascii	"ction=none' '-g' '-mcpu=cortex-m4' '-mthumb' '-mflo"
 1145      6E3D6E6F 
 1145      6E652720 
 1145      272D6727 
 1145      20272D6D 
 1146 0066 61742D61 		.ascii	"at-abi=soft' '-mlibarch=armv7e-m' '-march=armv7e-m'"
 1146      62693D73 
 1146      6F667427 
 1146      20272D6D 
 1146      6C696261 
 1147 0099 20272D4F 		.ascii	" '-O2' '-fomit-frame-pointer' '-falign-functions=16"
 1147      32272027 
 1147      2D666F6D 
 1147      69742D66 
 1147      72616D65 
 1148 00cc 2720272D 		.ascii	"' '-ffunction-sections' '-fdata-sections' '-fno-com"
 1148      6666756E 
 1148      6374696F 
 1148      6E2D7365 
 1148      6374696F 
 1149 00ff 6D6F6E27 		.ascii	"mon' '-flto' '-Xassembler' '-alms=./build/lst/hal_p"
 1149      20272D66 
 1149      6C746F27 
 1149      20272D58 
 1149      61737365 
 1150 0132 616C2E6C 		.ascii	"al.lst'\000"
 1150      73742700 
 1151              		.text
 1152              		.comm	__gnu_lto_slim,1,1
 1153              		.ident	"GCC: (15:13.2.rel1-2) 13.2.1 20231009"
ARM GAS  /tmp/cc5RUPAs.s 			page 38


DEFINED SYMBOLS
                            *ABS*:00000000 hal_pal.c
     /tmp/cc5RUPAs.s:23     .gnu.debuglto_.debug_info:00000000 hal_pal.c.497ad15d
                            *COM*:00000001 __gnu_lto_slim

NO UNDEFINED SYMBOLS
