ARM GAS  /tmp/cc3eaI69.s 			page 1


   1              		.cpu cortex-m4
   2              		.arch armv7e-m
   3              		.fpu softvfp
   4              		.eabi_attribute 20, 1
   5              		.eabi_attribute 21, 1
   6              		.eabi_attribute 23, 3
   7              		.eabi_attribute 24, 1
   8              		.eabi_attribute 25, 1
   9              		.eabi_attribute 26, 1
  10              		.eabi_attribute 30, 2
  11              		.eabi_attribute 34, 1
  12              		.eabi_attribute 18, 4
  13              		.file	"hal_st.c"
  14              		.file 1 "/usr/lib/gcc/arm-none-eabi/13.2.1/include/stdint.h"
  15              		.file 2 "../os/rt/include/chtime.h"
  16              		.file 3 "../os/hal/ports/STM32/LLD/TIMv1/stm32_tim.h"
  17              		.file 4 "../os/hal/src/hal_st.c"
  18              		.file 5 "../os/hal/ports/STM32/LLD/TIMv1/hal_st_lld.h"
  19              		.section	.gnu.debuglto_.debug_info,"e",%progbits
  20              	.Ldebug_info0:
  21              		.hidden	hal_st.c.461d7d26
  22              		.weak	hal_st.c.461d7d26
  23              	hal_st.c.461d7d26:
  24 0000 A2020000 		.4byte	0x2a2
  25 0004 0500     		.2byte	0x5
  26 0006 01       		.byte	0x1
  27 0007 04       		.byte	0x4
  28 0008 00000000 		.4byte	.Ldebug_abbrev0
  29 000c 0D       		.uleb128 0xd
  30 000d 30000000 		.4byte	.LASF31
  31 0011 1D       		.byte	0x1d
  32 0012 8C010000 		.4byte	.LASF32
  33 0016 05000000 		.4byte	.LASF33
  34 001a 00000000 		.4byte	.Ldebug_line0
  35 001e 0E       		.uleb128 0xe
  36 001f 04       		.byte	0x4
  37 0020 05       		.byte	0x5
  38 0021 696E7400 		.ascii	"int\000"
  39 0025 01       		.uleb128 0x1
  40 0026 04       		.byte	0x4
  41 0027 07       		.byte	0x7
  42 0028 BE010000 		.4byte	.LASF0
  43 002c 01       		.uleb128 0x1
  44 002d 08       		.byte	0x8
  45 002e 05       		.byte	0x5
  46 002f E9010000 		.4byte	.LASF1
  47 0033 01       		.uleb128 0x1
  48 0034 08       		.byte	0x8
  49 0035 04       		.byte	0x4
  50 0036 41020000 		.4byte	.LASF2
  51 003a 01       		.uleb128 0x1
  52 003b 01       		.byte	0x1
  53 003c 06       		.byte	0x6
  54 003d 4D020000 		.4byte	.LASF3
  55 0041 01       		.uleb128 0x1
  56 0042 02       		.byte	0x2
  57 0043 05       		.byte	0x5
ARM GAS  /tmp/cc3eaI69.s 			page 2


  58 0044 A3010000 		.4byte	.LASF4
  59 0048 01       		.uleb128 0x1
  60 0049 04       		.byte	0x4
  61 004a 05       		.byte	0x5
  62 004b 2D020000 		.4byte	.LASF5
  63 004f 01       		.uleb128 0x1
  64 0050 01       		.byte	0x1
  65 0051 08       		.byte	0x8
  66 0052 5B010000 		.4byte	.LASF6
  67 0056 01       		.uleb128 0x1
  68 0057 02       		.byte	0x2
  69 0058 07       		.byte	0x7
  70 0059 F5000000 		.4byte	.LASF7
  71 005d 0A       		.uleb128 0xa
  72 005e 24020000 		.4byte	.LASF10
  73 0062 01       		.byte	0x1
  74 0063 34       		.byte	0x34
  75 0064 19       		.byte	0x19
  76 0065 6E000000 		.4byte	0x6e
  77 0069 07       		.uleb128 0x7
  78 006a 5D000000 		.4byte	0x5d
  79 006e 01       		.uleb128 0x1
  80 006f 04       		.byte	0x4
  81 0070 07       		.byte	0x7
  82 0071 69010000 		.4byte	.LASF8
  83 0075 01       		.uleb128 0x1
  84 0076 08       		.byte	0x8
  85 0077 07       		.byte	0x7
  86 0078 5F020000 		.4byte	.LASF9
  87 007c 0A       		.uleb128 0xa
  88 007d EB000000 		.4byte	.LASF11
  89 0081 02       		.byte	0x2
  90 0082 6D       		.byte	0x6d
  91 0083 12       		.byte	0x12
  92 0084 5D000000 		.4byte	0x5d
  93 0088 04       		.uleb128 0x4
  94 0089 69000000 		.4byte	0x69
  95 008d 98000000 		.4byte	0x98
  96 0091 05       		.uleb128 0x5
  97 0092 25000000 		.4byte	0x25
  98 0096 01       		.byte	0x1
  99 0097 00       		.byte	0
 100 0098 07       		.uleb128 0x7
 101 0099 88000000 		.4byte	0x88
 102 009d 04       		.uleb128 0x4
 103 009e 69000000 		.4byte	0x69
 104 00a2 AD000000 		.4byte	0xad
 105 00a6 05       		.uleb128 0x5
 106 00a7 25000000 		.4byte	0x25
 107 00ab 03       		.byte	0x3
 108 00ac 00       		.byte	0
 109 00ad 07       		.uleb128 0x7
 110 00ae 9D000000 		.4byte	0x9d
 111 00b2 0F       		.uleb128 0xf
 112 00b3 60       		.byte	0x60
 113 00b4 03       		.byte	0x3
 114 00b5 F501     		.2byte	0x1f5
ARM GAS  /tmp/cc3eaI69.s 			page 3


 115 00b7 09       		.byte	0x9
 116 00b8 AB010000 		.4byte	0x1ab
 117 00bc 02       		.uleb128 0x2
 118 00bd 43523100 		.ascii	"CR1\000"
 119 00c1 F601     		.2byte	0x1f6
 120 00c3 69000000 		.4byte	0x69
 121 00c7 00       		.byte	0
 122 00c8 02       		.uleb128 0x2
 123 00c9 43523200 		.ascii	"CR2\000"
 124 00cd F701     		.2byte	0x1f7
 125 00cf 69000000 		.4byte	0x69
 126 00d3 04       		.byte	0x4
 127 00d4 03       		.uleb128 0x3
 128 00d5 0D020000 		.4byte	.LASF12
 129 00d9 F801     		.2byte	0x1f8
 130 00db 69000000 		.4byte	0x69
 131 00df 08       		.byte	0x8
 132 00e0 03       		.uleb128 0x3
 133 00e1 32010000 		.4byte	.LASF13
 134 00e5 F901     		.2byte	0x1f9
 135 00e7 69000000 		.4byte	0x69
 136 00eb 0C       		.byte	0xc
 137 00ec 02       		.uleb128 0x2
 138 00ed 535200   		.ascii	"SR\000"
 139 00f0 FA01     		.2byte	0x1fa
 140 00f2 69000000 		.4byte	0x69
 141 00f6 10       		.byte	0x10
 142 00f7 02       		.uleb128 0x2
 143 00f8 45475200 		.ascii	"EGR\000"
 144 00fc FB01     		.2byte	0x1fb
 145 00fe 69000000 		.4byte	0x69
 146 0102 14       		.byte	0x14
 147 0103 03       		.uleb128 0x3
 148 0104 12020000 		.4byte	.LASF14
 149 0108 FC01     		.2byte	0x1fc
 150 010a 69000000 		.4byte	0x69
 151 010e 18       		.byte	0x18
 152 010f 03       		.uleb128 0x3
 153 0110 18020000 		.4byte	.LASF15
 154 0114 FD01     		.2byte	0x1fd
 155 0116 69000000 		.4byte	0x69
 156 011a 1C       		.byte	0x1c
 157 011b 03       		.uleb128 0x3
 158 011c 08020000 		.4byte	.LASF16
 159 0120 FE01     		.2byte	0x1fe
 160 0122 69000000 		.4byte	0x69
 161 0126 20       		.byte	0x20
 162 0127 02       		.uleb128 0x2
 163 0128 434E5400 		.ascii	"CNT\000"
 164 012c FF01     		.2byte	0x1ff
 165 012e 69000000 		.4byte	0x69
 166 0132 24       		.byte	0x24
 167 0133 02       		.uleb128 0x2
 168 0134 50534300 		.ascii	"PSC\000"
 169 0138 0002     		.2byte	0x200
 170 013a 69000000 		.4byte	0x69
 171 013e 28       		.byte	0x28
ARM GAS  /tmp/cc3eaI69.s 			page 4


 172 013f 02       		.uleb128 0x2
 173 0140 41525200 		.ascii	"ARR\000"
 174 0144 0102     		.2byte	0x201
 175 0146 69000000 		.4byte	0x69
 176 014a 2C       		.byte	0x2c
 177 014b 02       		.uleb128 0x2
 178 014c 52435200 		.ascii	"RCR\000"
 179 0150 0202     		.2byte	0x202
 180 0152 69000000 		.4byte	0x69
 181 0156 30       		.byte	0x30
 182 0157 02       		.uleb128 0x2
 183 0158 43435200 		.ascii	"CCR\000"
 184 015c 0302     		.2byte	0x203
 185 015e AD000000 		.4byte	0xad
 186 0162 34       		.byte	0x34
 187 0163 03       		.uleb128 0x3
 188 0164 00000000 		.4byte	.LASF17
 189 0168 0402     		.2byte	0x204
 190 016a 69000000 		.4byte	0x69
 191 016e 44       		.byte	0x44
 192 016f 02       		.uleb128 0x2
 193 0170 44435200 		.ascii	"DCR\000"
 194 0174 0502     		.2byte	0x205
 195 0176 69000000 		.4byte	0x69
 196 017a 48       		.byte	0x48
 197 017b 03       		.uleb128 0x3
 198 017c AD010000 		.4byte	.LASF18
 199 0180 0602     		.2byte	0x206
 200 0182 69000000 		.4byte	0x69
 201 0186 4C       		.byte	0x4c
 202 0187 02       		.uleb128 0x2
 203 0188 4F5200   		.ascii	"OR\000"
 204 018b 0702     		.2byte	0x207
 205 018d 69000000 		.4byte	0x69
 206 0191 50       		.byte	0x50
 207 0192 03       		.uleb128 0x3
 208 0193 1E020000 		.4byte	.LASF19
 209 0197 0802     		.2byte	0x208
 210 0199 69000000 		.4byte	0x69
 211 019d 54       		.byte	0x54
 212 019e 03       		.uleb128 0x3
 213 019f 76020000 		.4byte	.LASF20
 214 01a3 0902     		.2byte	0x209
 215 01a5 98000000 		.4byte	0x98
 216 01a9 58       		.byte	0x58
 217 01aa 00       		.byte	0
 218 01ab 10       		.uleb128 0x10
 219 01ac 26010000 		.4byte	.LASF21
 220 01b0 03       		.byte	0x3
 221 01b1 0A02     		.2byte	0x20a
 222 01b3 03       		.byte	0x3
 223 01b4 B2000000 		.4byte	0xb2
 224 01b8 01       		.uleb128 0x1
 225 01b9 01       		.byte	0x1
 226 01ba 08       		.byte	0x8
 227 01bb CB010000 		.4byte	.LASF22
 228 01bf 08       		.uleb128 0x8
ARM GAS  /tmp/cc3eaI69.s 			page 5


 229 01c0 B8010000 		.4byte	0x1b8
 230 01c4 01       		.uleb128 0x1
 231 01c5 01       		.byte	0x1
 232 01c6 02       		.byte	0x2
 233 01c7 59020000 		.4byte	.LASF23
 234 01cb 11       		.uleb128 0x11
 235 01cc 08010000 		.4byte	.LASF34
 236 01d0 05       		.byte	0x5
 237 01d1 81       		.byte	0x81
 238 01d2 08       		.byte	0x8
 239 01d3 12       		.uleb128 0x12
 240 01d4 7B020000 		.4byte	.LASF35
 241 01d8 04       		.byte	0x4
 242 01d9 79       		.byte	0x79
 243 01da 0B       		.byte	0xb
 244 01db 7C000000 		.4byte	0x7c
 245 01df ED010000 		.4byte	0x1ed
 246 01e3 09       		.uleb128 0x9
 247 01e4 37010000 		.4byte	.LASF24
 248 01e8 FD010000 		.4byte	0x1fd
 249 01ec 00       		.byte	0
 250 01ed 04       		.uleb128 0x4
 251 01ee BF010000 		.4byte	0x1bf
 252 01f2 FD010000 		.4byte	0x1fd
 253 01f6 05       		.uleb128 0x5
 254 01f7 25000000 		.4byte	0x25
 255 01fb 0A       		.byte	0xa
 256 01fc 00       		.byte	0
 257 01fd 08       		.uleb128 0x8
 258 01fe ED010000 		.4byte	0x1ed
 259 0202 0B       		.uleb128 0xb
 260 0203 36020000 		.4byte	.LASF25
 261 0207 69       		.byte	0x69
 262 0208 22020000 		.4byte	0x222
 263 020c 06       		.uleb128 0x6
 264 020d 53010000 		.4byte	.LASF27
 265 0211 04       		.byte	0x4
 266 0212 69       		.byte	0x69
 267 0213 1B       		.byte	0x1b
 268 0214 7C000000 		.4byte	0x7c
 269 0218 09       		.uleb128 0x9
 270 0219 37010000 		.4byte	.LASF24
 271 021d FD010000 		.4byte	0x1fd
 272 0221 00       		.byte	0
 273 0222 0C       		.uleb128 0xc
 274 0223 B2010000 		.4byte	.LASF28
 275 0227 5B       		.byte	0x5b
 276 0228 0B       		.uleb128 0xb
 277 0229 D0010000 		.4byte	.LASF26
 278 022d 4D       		.byte	0x4d
 279 022e 48020000 		.4byte	0x248
 280 0232 06       		.uleb128 0x6
 281 0233 53010000 		.4byte	.LASF27
 282 0237 04       		.byte	0x4
 283 0238 4D       		.byte	0x4d
 284 0239 1D       		.byte	0x1d
 285 023a 7C000000 		.4byte	0x7c
ARM GAS  /tmp/cc3eaI69.s 			page 6


 286 023e 09       		.uleb128 0x9
 287 023f 37010000 		.4byte	.LASF24
 288 0243 58020000 		.4byte	0x258
 289 0247 00       		.byte	0
 290 0248 04       		.uleb128 0x4
 291 0249 BF010000 		.4byte	0x1bf
 292 024d 58020000 		.4byte	0x258
 293 0251 05       		.uleb128 0x5
 294 0252 25000000 		.4byte	0x25
 295 0256 0C       		.byte	0xc
 296 0257 00       		.byte	0
 297 0258 08       		.uleb128 0x8
 298 0259 48020000 		.4byte	0x248
 299 025d 0C       		.uleb128 0xc
 300 025e E2010000 		.4byte	.LASF29
 301 0262 3C       		.byte	0x3c
 302 0263 13       		.uleb128 0x13
 303 0264 F7010000 		.4byte	.LASF36
 304 0268 05       		.byte	0x5
 305 0269 C3       		.byte	0xc3
 306 026a 19       		.byte	0x19
 307 026b 7C000000 		.4byte	0x7c
 308 026f 14       		.uleb128 0x14
 309 0270 7B010000 		.4byte	.LASF37
 310 0274 05       		.byte	0x5
 311 0275 B7       		.byte	0xb7
 312 0276 14       		.byte	0x14
 313 0277 88020000 		.4byte	0x288
 314 027b 06       		.uleb128 0x6
 315 027c DD010000 		.4byte	.LASF30
 316 0280 05       		.byte	0x5
 317 0281 B7       		.byte	0xb7
 318 0282 2F       		.byte	0x2f
 319 0283 7C000000 		.4byte	0x7c
 320 0287 00       		.byte	0
 321 0288 15       		.uleb128 0x15
 322 0289 14010000 		.4byte	.LASF38
 323 028d 05       		.byte	0x5
 324 028e AB       		.byte	0xab
 325 028f 14       		.byte	0x14
 326 0290 16       		.uleb128 0x16
 327 0291 40010000 		.4byte	.LASF39
 328 0295 05       		.byte	0x5
 329 0296 9F       		.byte	0x9f
 330 0297 14       		.byte	0x14
 331 0298 06       		.uleb128 0x6
 332 0299 DD010000 		.4byte	.LASF30
 333 029d 05       		.byte	0x5
 334 029e 9F       		.byte	0x9f
 335 029f 31       		.byte	0x31
 336 02a0 7C000000 		.4byte	0x7c
 337 02a4 00       		.byte	0
 338 02a5 00       		.byte	0
 339              		.section	.gnu.debuglto_.debug_abbrev,"e",%progbits
 340              	.Ldebug_abbrev0:
 341 0000 01       		.uleb128 0x1
 342 0001 24       		.uleb128 0x24
ARM GAS  /tmp/cc3eaI69.s 			page 7


 343 0002 00       		.byte	0
 344 0003 0B       		.uleb128 0xb
 345 0004 0B       		.uleb128 0xb
 346 0005 3E       		.uleb128 0x3e
 347 0006 0B       		.uleb128 0xb
 348 0007 03       		.uleb128 0x3
 349 0008 0E       		.uleb128 0xe
 350 0009 00       		.byte	0
 351 000a 00       		.byte	0
 352 000b 02       		.uleb128 0x2
 353 000c 0D       		.uleb128 0xd
 354 000d 00       		.byte	0
 355 000e 03       		.uleb128 0x3
 356 000f 08       		.uleb128 0x8
 357 0010 3A       		.uleb128 0x3a
 358 0011 21       		.uleb128 0x21
 359 0012 03       		.sleb128 3
 360 0013 3B       		.uleb128 0x3b
 361 0014 05       		.uleb128 0x5
 362 0015 39       		.uleb128 0x39
 363 0016 21       		.uleb128 0x21
 364 0017 19       		.sleb128 25
 365 0018 49       		.uleb128 0x49
 366 0019 13       		.uleb128 0x13
 367 001a 38       		.uleb128 0x38
 368 001b 0B       		.uleb128 0xb
 369 001c 00       		.byte	0
 370 001d 00       		.byte	0
 371 001e 03       		.uleb128 0x3
 372 001f 0D       		.uleb128 0xd
 373 0020 00       		.byte	0
 374 0021 03       		.uleb128 0x3
 375 0022 0E       		.uleb128 0xe
 376 0023 3A       		.uleb128 0x3a
 377 0024 21       		.uleb128 0x21
 378 0025 03       		.sleb128 3
 379 0026 3B       		.uleb128 0x3b
 380 0027 05       		.uleb128 0x5
 381 0028 39       		.uleb128 0x39
 382 0029 21       		.uleb128 0x21
 383 002a 19       		.sleb128 25
 384 002b 49       		.uleb128 0x49
 385 002c 13       		.uleb128 0x13
 386 002d 38       		.uleb128 0x38
 387 002e 0B       		.uleb128 0xb
 388 002f 00       		.byte	0
 389 0030 00       		.byte	0
 390 0031 04       		.uleb128 0x4
 391 0032 01       		.uleb128 0x1
 392 0033 01       		.byte	0x1
 393 0034 49       		.uleb128 0x49
 394 0035 13       		.uleb128 0x13
 395 0036 01       		.uleb128 0x1
 396 0037 13       		.uleb128 0x13
 397 0038 00       		.byte	0
 398 0039 00       		.byte	0
 399 003a 05       		.uleb128 0x5
ARM GAS  /tmp/cc3eaI69.s 			page 8


 400 003b 21       		.uleb128 0x21
 401 003c 00       		.byte	0
 402 003d 49       		.uleb128 0x49
 403 003e 13       		.uleb128 0x13
 404 003f 2F       		.uleb128 0x2f
 405 0040 0B       		.uleb128 0xb
 406 0041 00       		.byte	0
 407 0042 00       		.byte	0
 408 0043 06       		.uleb128 0x6
 409 0044 05       		.uleb128 0x5
 410 0045 00       		.byte	0
 411 0046 03       		.uleb128 0x3
 412 0047 0E       		.uleb128 0xe
 413 0048 3A       		.uleb128 0x3a
 414 0049 0B       		.uleb128 0xb
 415 004a 3B       		.uleb128 0x3b
 416 004b 0B       		.uleb128 0xb
 417 004c 39       		.uleb128 0x39
 418 004d 0B       		.uleb128 0xb
 419 004e 49       		.uleb128 0x49
 420 004f 13       		.uleb128 0x13
 421 0050 00       		.byte	0
 422 0051 00       		.byte	0
 423 0052 07       		.uleb128 0x7
 424 0053 35       		.uleb128 0x35
 425 0054 00       		.byte	0
 426 0055 49       		.uleb128 0x49
 427 0056 13       		.uleb128 0x13
 428 0057 00       		.byte	0
 429 0058 00       		.byte	0
 430 0059 08       		.uleb128 0x8
 431 005a 26       		.uleb128 0x26
 432 005b 00       		.byte	0
 433 005c 49       		.uleb128 0x49
 434 005d 13       		.uleb128 0x13
 435 005e 00       		.byte	0
 436 005f 00       		.byte	0
 437 0060 09       		.uleb128 0x9
 438 0061 34       		.uleb128 0x34
 439 0062 00       		.byte	0
 440 0063 03       		.uleb128 0x3
 441 0064 0E       		.uleb128 0xe
 442 0065 49       		.uleb128 0x49
 443 0066 13       		.uleb128 0x13
 444 0067 34       		.uleb128 0x34
 445 0068 19       		.uleb128 0x19
 446 0069 00       		.byte	0
 447 006a 00       		.byte	0
 448 006b 0A       		.uleb128 0xa
 449 006c 16       		.uleb128 0x16
 450 006d 00       		.byte	0
 451 006e 03       		.uleb128 0x3
 452 006f 0E       		.uleb128 0xe
 453 0070 3A       		.uleb128 0x3a
 454 0071 0B       		.uleb128 0xb
 455 0072 3B       		.uleb128 0x3b
 456 0073 0B       		.uleb128 0xb
ARM GAS  /tmp/cc3eaI69.s 			page 9


 457 0074 39       		.uleb128 0x39
 458 0075 0B       		.uleb128 0xb
 459 0076 49       		.uleb128 0x49
 460 0077 13       		.uleb128 0x13
 461 0078 00       		.byte	0
 462 0079 00       		.byte	0
 463 007a 0B       		.uleb128 0xb
 464 007b 2E       		.uleb128 0x2e
 465 007c 01       		.byte	0x1
 466 007d 3F       		.uleb128 0x3f
 467 007e 19       		.uleb128 0x19
 468 007f 03       		.uleb128 0x3
 469 0080 0E       		.uleb128 0xe
 470 0081 3A       		.uleb128 0x3a
 471 0082 21       		.uleb128 0x21
 472 0083 04       		.sleb128 4
 473 0084 3B       		.uleb128 0x3b
 474 0085 0B       		.uleb128 0xb
 475 0086 39       		.uleb128 0x39
 476 0087 21       		.uleb128 0x21
 477 0088 06       		.sleb128 6
 478 0089 27       		.uleb128 0x27
 479 008a 19       		.uleb128 0x19
 480 008b 01       		.uleb128 0x1
 481 008c 13       		.uleb128 0x13
 482 008d 00       		.byte	0
 483 008e 00       		.byte	0
 484 008f 0C       		.uleb128 0xc
 485 0090 2E       		.uleb128 0x2e
 486 0091 00       		.byte	0
 487 0092 3F       		.uleb128 0x3f
 488 0093 19       		.uleb128 0x19
 489 0094 03       		.uleb128 0x3
 490 0095 0E       		.uleb128 0xe
 491 0096 3A       		.uleb128 0x3a
 492 0097 21       		.uleb128 0x21
 493 0098 04       		.sleb128 4
 494 0099 3B       		.uleb128 0x3b
 495 009a 0B       		.uleb128 0xb
 496 009b 39       		.uleb128 0x39
 497 009c 21       		.uleb128 0x21
 498 009d 06       		.sleb128 6
 499 009e 27       		.uleb128 0x27
 500 009f 19       		.uleb128 0x19
 501 00a0 00       		.byte	0
 502 00a1 00       		.byte	0
 503 00a2 0D       		.uleb128 0xd
 504 00a3 11       		.uleb128 0x11
 505 00a4 01       		.byte	0x1
 506 00a5 25       		.uleb128 0x25
 507 00a6 0E       		.uleb128 0xe
 508 00a7 13       		.uleb128 0x13
 509 00a8 0B       		.uleb128 0xb
 510 00a9 03       		.uleb128 0x3
 511 00aa 0E       		.uleb128 0xe
 512 00ab 1B       		.uleb128 0x1b
 513 00ac 0E       		.uleb128 0xe
ARM GAS  /tmp/cc3eaI69.s 			page 10


 514 00ad 10       		.uleb128 0x10
 515 00ae 17       		.uleb128 0x17
 516 00af 00       		.byte	0
 517 00b0 00       		.byte	0
 518 00b1 0E       		.uleb128 0xe
 519 00b2 24       		.uleb128 0x24
 520 00b3 00       		.byte	0
 521 00b4 0B       		.uleb128 0xb
 522 00b5 0B       		.uleb128 0xb
 523 00b6 3E       		.uleb128 0x3e
 524 00b7 0B       		.uleb128 0xb
 525 00b8 03       		.uleb128 0x3
 526 00b9 08       		.uleb128 0x8
 527 00ba 00       		.byte	0
 528 00bb 00       		.byte	0
 529 00bc 0F       		.uleb128 0xf
 530 00bd 13       		.uleb128 0x13
 531 00be 01       		.byte	0x1
 532 00bf 0B       		.uleb128 0xb
 533 00c0 0B       		.uleb128 0xb
 534 00c1 3A       		.uleb128 0x3a
 535 00c2 0B       		.uleb128 0xb
 536 00c3 3B       		.uleb128 0x3b
 537 00c4 05       		.uleb128 0x5
 538 00c5 39       		.uleb128 0x39
 539 00c6 0B       		.uleb128 0xb
 540 00c7 01       		.uleb128 0x1
 541 00c8 13       		.uleb128 0x13
 542 00c9 00       		.byte	0
 543 00ca 00       		.byte	0
 544 00cb 10       		.uleb128 0x10
 545 00cc 16       		.uleb128 0x16
 546 00cd 00       		.byte	0
 547 00ce 03       		.uleb128 0x3
 548 00cf 0E       		.uleb128 0xe
 549 00d0 3A       		.uleb128 0x3a
 550 00d1 0B       		.uleb128 0xb
 551 00d2 3B       		.uleb128 0x3b
 552 00d3 05       		.uleb128 0x5
 553 00d4 39       		.uleb128 0x39
 554 00d5 0B       		.uleb128 0xb
 555 00d6 49       		.uleb128 0x49
 556 00d7 13       		.uleb128 0x13
 557 00d8 00       		.byte	0
 558 00d9 00       		.byte	0
 559 00da 11       		.uleb128 0x11
 560 00db 2E       		.uleb128 0x2e
 561 00dc 00       		.byte	0
 562 00dd 3F       		.uleb128 0x3f
 563 00de 19       		.uleb128 0x19
 564 00df 03       		.uleb128 0x3
 565 00e0 0E       		.uleb128 0xe
 566 00e1 3A       		.uleb128 0x3a
 567 00e2 0B       		.uleb128 0xb
 568 00e3 3B       		.uleb128 0x3b
 569 00e4 0B       		.uleb128 0xb
 570 00e5 39       		.uleb128 0x39
ARM GAS  /tmp/cc3eaI69.s 			page 11


 571 00e6 0B       		.uleb128 0xb
 572 00e7 27       		.uleb128 0x27
 573 00e8 19       		.uleb128 0x19
 574 00e9 3C       		.uleb128 0x3c
 575 00ea 19       		.uleb128 0x19
 576 00eb 00       		.byte	0
 577 00ec 00       		.byte	0
 578 00ed 12       		.uleb128 0x12
 579 00ee 2E       		.uleb128 0x2e
 580 00ef 01       		.byte	0x1
 581 00f0 3F       		.uleb128 0x3f
 582 00f1 19       		.uleb128 0x19
 583 00f2 03       		.uleb128 0x3
 584 00f3 0E       		.uleb128 0xe
 585 00f4 3A       		.uleb128 0x3a
 586 00f5 0B       		.uleb128 0xb
 587 00f6 3B       		.uleb128 0x3b
 588 00f7 0B       		.uleb128 0xb
 589 00f8 39       		.uleb128 0x39
 590 00f9 0B       		.uleb128 0xb
 591 00fa 27       		.uleb128 0x27
 592 00fb 19       		.uleb128 0x19
 593 00fc 49       		.uleb128 0x49
 594 00fd 13       		.uleb128 0x13
 595 00fe 01       		.uleb128 0x1
 596 00ff 13       		.uleb128 0x13
 597 0100 00       		.byte	0
 598 0101 00       		.byte	0
 599 0102 13       		.uleb128 0x13
 600 0103 2E       		.uleb128 0x2e
 601 0104 00       		.byte	0
 602 0105 03       		.uleb128 0x3
 603 0106 0E       		.uleb128 0xe
 604 0107 3A       		.uleb128 0x3a
 605 0108 0B       		.uleb128 0xb
 606 0109 3B       		.uleb128 0x3b
 607 010a 0B       		.uleb128 0xb
 608 010b 39       		.uleb128 0x39
 609 010c 0B       		.uleb128 0xb
 610 010d 27       		.uleb128 0x27
 611 010e 19       		.uleb128 0x19
 612 010f 49       		.uleb128 0x49
 613 0110 13       		.uleb128 0x13
 614 0111 00       		.byte	0
 615 0112 00       		.byte	0
 616 0113 14       		.uleb128 0x14
 617 0114 2E       		.uleb128 0x2e
 618 0115 01       		.byte	0x1
 619 0116 03       		.uleb128 0x3
 620 0117 0E       		.uleb128 0xe
 621 0118 3A       		.uleb128 0x3a
 622 0119 0B       		.uleb128 0xb
 623 011a 3B       		.uleb128 0x3b
 624 011b 0B       		.uleb128 0xb
 625 011c 39       		.uleb128 0x39
 626 011d 0B       		.uleb128 0xb
 627 011e 27       		.uleb128 0x27
ARM GAS  /tmp/cc3eaI69.s 			page 12


 628 011f 19       		.uleb128 0x19
 629 0120 01       		.uleb128 0x1
 630 0121 13       		.uleb128 0x13
 631 0122 00       		.byte	0
 632 0123 00       		.byte	0
 633 0124 15       		.uleb128 0x15
 634 0125 2E       		.uleb128 0x2e
 635 0126 00       		.byte	0
 636 0127 03       		.uleb128 0x3
 637 0128 0E       		.uleb128 0xe
 638 0129 3A       		.uleb128 0x3a
 639 012a 0B       		.uleb128 0xb
 640 012b 3B       		.uleb128 0x3b
 641 012c 0B       		.uleb128 0xb
 642 012d 39       		.uleb128 0x39
 643 012e 0B       		.uleb128 0xb
 644 012f 27       		.uleb128 0x27
 645 0130 19       		.uleb128 0x19
 646 0131 00       		.byte	0
 647 0132 00       		.byte	0
 648 0133 16       		.uleb128 0x16
 649 0134 2E       		.uleb128 0x2e
 650 0135 01       		.byte	0x1
 651 0136 03       		.uleb128 0x3
 652 0137 0E       		.uleb128 0xe
 653 0138 3A       		.uleb128 0x3a
 654 0139 0B       		.uleb128 0xb
 655 013a 3B       		.uleb128 0x3b
 656 013b 0B       		.uleb128 0xb
 657 013c 39       		.uleb128 0x39
 658 013d 0B       		.uleb128 0xb
 659 013e 27       		.uleb128 0x27
 660 013f 19       		.uleb128 0x19
 661 0140 00       		.byte	0
 662 0141 00       		.byte	0
 663 0142 00       		.byte	0
 664              		.section	.gnu.debuglto_.debug_line,"e",%progbits
 665              	.Ldebug_line0:
 666 0000 56000000 		.4byte	.LELT0-.LSLT0
 667              	.LSLT0:
 668 0004 0500     		.2byte	0x5
 669 0006 04       		.byte	0x4
 670 0007 00       		.byte	0
 671 0008 4E000000 		.4byte	.LELTP0-.LASLTP0
 672              	.LASLTP0:
 673 000c 01       		.byte	0x1
 674 000d 01       		.byte	0x1
 675 000e 01       		.byte	0x1
 676 000f F6       		.byte	0xf6
 677 0010 F2       		.byte	0xf2
 678 0011 0D       		.byte	0xd
 679 0012 00       		.byte	0
 680 0013 01       		.byte	0x1
 681 0014 01       		.byte	0x1
 682 0015 01       		.byte	0x1
 683 0016 01       		.byte	0x1
 684 0017 00       		.byte	0
ARM GAS  /tmp/cc3eaI69.s 			page 13


 685 0018 00       		.byte	0
 686 0019 00       		.byte	0
 687 001a 01       		.byte	0x1
 688 001b 00       		.byte	0
 689 001c 00       		.byte	0
 690 001d 01       		.byte	0x1
 691 001e 01       		.byte	0x1
 692 001f 01       		.uleb128 0x1
 693 0020 1F       		.uleb128 0x1f
 694 0021 05       		.uleb128 0x5
 695 0022 30000000 		.4byte	.LASF40
 696 0026 85000000 		.4byte	.LASF41
 697 002a A5000000 		.4byte	.LASF42
 698 002e 00000000 		.4byte	.LASF43
 699 0032 5B000000 		.4byte	.LASF44
 700 0036 02       		.byte	0x2
 701 0037 01       		.uleb128 0x1
 702 0038 1F       		.uleb128 0x1f
 703 0039 02       		.uleb128 0x2
 704 003a 0B       		.uleb128 0xb
 705 003b 06       		.uleb128 0x6
 706 003c BF000000 		.4byte	.LASF45
 707 0040 00       		.byte	0
 708 0041 11000000 		.4byte	.LASF46
 709 0045 04       		.byte	0x4
 710 0046 27000000 		.4byte	.LASF47
 711 004a 03       		.byte	0x3
 712 004b B3000000 		.4byte	.LASF48
 713 004f 01       		.byte	0x1
 714 0050 D6000000 		.4byte	.LASF49
 715 0054 02       		.byte	0x2
 716 0055 1A000000 		.4byte	.LASF50
 717 0059 01       		.byte	0x1
 718              	.LELTP0:
 719              	.LELT0:
 720              		.section	.gnu.debuglto_.debug_str,"eMS",%progbits,1
 721              	.LASF17:
 722 0000 42445452 		.ascii	"BDTR\000"
 722      00
 723              	.LASF33:
 724 0005 2F686F6D 		.ascii	"/home/mayank/chibios-workspace/ChibiOS/app\000"
 724      652F6D61 
 724      79616E6B 
 724      2F636869 
 724      62696F73 
 725              	.LASF31:
 726 0030 474E5520 		.ascii	"GNU C17 13.2.1 20231009 -mcpu=cortex-m4 -mthumb -mf"
 726      43313720 
 726      31332E32 
 726      2E312032 
 726      30323331 
 727 0063 6C6F6174 		.ascii	"loat-abi=soft -march=armv7e-m -ggdb -O2 -fomit-fram"
 727      2D616269 
 727      3D736F66 
 727      74202D6D 
 727      61726368 
 728 0096 652D706F 		.ascii	"e-pointer -falign-functions=16 -ffunction-sections "
ARM GAS  /tmp/cc3eaI69.s 			page 14


 728      696E7465 
 728      72202D66 
 728      616C6967 
 728      6E2D6675 
 729 00c9 2D666461 		.ascii	"-fdata-sections -fno-common -flto\000"
 729      74612D73 
 729      65637469 
 729      6F6E7320 
 729      2D666E6F 
 730              	.LASF11:
 731 00eb 73797374 		.ascii	"systime_t\000"
 731      696D655F 
 731      7400
 732              	.LASF7:
 733 00f5 73686F72 		.ascii	"short unsigned int\000"
 733      7420756E 
 733      7369676E 
 733      65642069 
 733      6E7400
 734              	.LASF34:
 735 0108 73745F6C 		.ascii	"st_lld_init\000"
 735      6C645F69 
 735      6E697400 
 736              	.LASF38:
 737 0114 73745F6C 		.ascii	"st_lld_stop_alarm\000"
 737      6C645F73 
 737      746F705F 
 737      616C6172 
 737      6D00
 738              	.LASF21:
 739 0126 73746D33 		.ascii	"stm32_tim_t\000"
 739      325F7469 
 739      6D5F7400 
 740              	.LASF13:
 741 0132 44494552 		.ascii	"DIER\000"
 741      00
 742              	.LASF24:
 743 0137 5F5F6675 		.ascii	"__func__\000"
 743      6E635F5F 
 743      00
 744              	.LASF39:
 745 0140 73745F6C 		.ascii	"st_lld_start_alarm\000"
 745      6C645F73 
 745      74617274 
 745      5F616C61 
 745      726D00
 746              	.LASF27:
 747 0153 61627374 		.ascii	"abstime\000"
 747      696D6500 
 748              	.LASF6:
 749 015b 756E7369 		.ascii	"unsigned char\000"
 749      676E6564 
 749      20636861 
 749      7200
 750              	.LASF8:
 751 0169 6C6F6E67 		.ascii	"long unsigned int\000"
 751      20756E73 
ARM GAS  /tmp/cc3eaI69.s 			page 15


 751      69676E65 
 751      6420696E 
 751      7400
 752              	.LASF37:
 753 017b 73745F6C 		.ascii	"st_lld_set_alarm\000"
 753      6C645F73 
 753      65745F61 
 753      6C61726D 
 753      00
 754              	.LASF32:
 755 018c 2E2E2F6F 		.ascii	"../os/hal/src/hal_st.c\000"
 755      732F6861 
 755      6C2F7372 
 755      632F6861 
 755      6C5F7374 
 756              	.LASF4:
 757 01a3 73686F72 		.ascii	"short int\000"
 757      7420696E 
 757      7400
 758              	.LASF18:
 759 01ad 444D4152 		.ascii	"DMAR\000"
 759      00
 760              	.LASF28:
 761 01b2 73745374 		.ascii	"stStopAlarm\000"
 761      6F70416C 
 761      61726D00 
 762              	.LASF0:
 763 01be 756E7369 		.ascii	"unsigned int\000"
 763      676E6564 
 763      20696E74 
 763      00
 764              	.LASF22:
 765 01cb 63686172 		.ascii	"char\000"
 765      00
 766              	.LASF26:
 767 01d0 73745374 		.ascii	"stStartAlarm\000"
 767      61727441 
 767      6C61726D 
 767      00
 768              	.LASF30:
 769 01dd 74696D65 		.ascii	"time\000"
 769      00
 770              	.LASF29:
 771 01e2 7374496E 		.ascii	"stInit\000"
 771      697400
 772              	.LASF1:
 773 01e9 6C6F6E67 		.ascii	"long long int\000"
 773      206C6F6E 
 773      6720696E 
 773      7400
 774              	.LASF36:
 775 01f7 73745F6C 		.ascii	"st_lld_get_alarm\000"
 775      6C645F67 
 775      65745F61 
 775      6C61726D 
 775      00
 776              	.LASF16:
ARM GAS  /tmp/cc3eaI69.s 			page 16


 777 0208 43434552 		.ascii	"CCER\000"
 777      00
 778              	.LASF12:
 779 020d 534D4352 		.ascii	"SMCR\000"
 779      00
 780              	.LASF14:
 781 0212 43434D52 		.ascii	"CCMR1\000"
 781      3100
 782              	.LASF15:
 783 0218 43434D52 		.ascii	"CCMR2\000"
 783      3200
 784              	.LASF19:
 785 021e 43434D52 		.ascii	"CCMR3\000"
 785      3300
 786              	.LASF10:
 787 0224 75696E74 		.ascii	"uint32_t\000"
 787      33325F74 
 787      00
 788              	.LASF5:
 789 022d 6C6F6E67 		.ascii	"long int\000"
 789      20696E74 
 789      00
 790              	.LASF25:
 791 0236 73745365 		.ascii	"stSetAlarm\000"
 791      74416C61 
 791      726D00
 792              	.LASF2:
 793 0241 6C6F6E67 		.ascii	"long double\000"
 793      20646F75 
 793      626C6500 
 794              	.LASF3:
 795 024d 7369676E 		.ascii	"signed char\000"
 795      65642063 
 795      68617200 
 796              	.LASF23:
 797 0259 5F426F6F 		.ascii	"_Bool\000"
 797      6C00
 798              	.LASF9:
 799 025f 6C6F6E67 		.ascii	"long long unsigned int\000"
 799      206C6F6E 
 799      6720756E 
 799      7369676E 
 799      65642069 
 800              	.LASF20:
 801 0276 43435852 		.ascii	"CCXR\000"
 801      00
 802              	.LASF35:
 803 027b 73744765 		.ascii	"stGetAlarm\000"
 803      74416C61 
 803      726D00
 804              		.section	.gnu.debuglto_.debug_line_str,"eMS",%progbits,1
 805              	.LASF43:
 806 0000 2E2E2F6F 		.ascii	"../os/rt/include\000"
 806      732F7274 
 806      2F696E63 
 806      6C756465 
 806      00
ARM GAS  /tmp/cc3eaI69.s 			page 17


 807              	.LASF46:
 808 0011 73746469 		.ascii	"stdint.h\000"
 808      6E742E68 
 808      00
 809              	.LASF50:
 810 001a 68616C5F 		.ascii	"hal_st_lld.h\000"
 810      73745F6C 
 810      6C642E68 
 810      00
 811              	.LASF47:
 812 0027 63687469 		.ascii	"chtime.h\000"
 812      6D652E68 
 812      00
 813              	.LASF40:
 814 0030 2F686F6D 		.ascii	"/home/mayank/chibios-workspace/ChibiOS/app\000"
 814      652F6D61 
 814      79616E6B 
 814      2F636869 
 814      62696F73 
 815              	.LASF44:
 816 005b 2F757372 		.ascii	"/usr/lib/gcc/arm-none-eabi/13.2.1/include\000"
 816      2F6C6962 
 816      2F676363 
 816      2F61726D 
 816      2D6E6F6E 
 817              	.LASF41:
 818 0085 2E2E2F6F 		.ascii	"../os/hal/ports/STM32/LLD/TIMv1\000"
 818      732F6861 
 818      6C2F706F 
 818      7274732F 
 818      53544D33 
 819              	.LASF42:
 820 00a5 2E2E2F6F 		.ascii	"../os/hal/src\000"
 820      732F6861 
 820      6C2F7372 
 820      6300
 821              	.LASF48:
 822 00b3 73746D33 		.ascii	"stm32_tim.h\000"
 822      325F7469 
 822      6D2E6800 
 823              	.LASF45:
 824 00bf 2E2E2F6F 		.ascii	"../os/hal/src/hal_st.c\000"
 824      732F6861 
 824      6C2F7372 
 824      632F6861 
 824      6C5F7374 
 825              	.LASF49:
 826 00d6 68616C5F 		.ascii	"hal_st.c\000"
 826      73742E63 
 826      00
 827              		.text
 828              		.section	.gnu.lto_.profile.5064471e51a19db9,"e",%progbits
 829 0000 789C6362 		.ascii	"x\234cb\000\001\000\000\022\000\003"
 829      00010000 
 829      120003
 830              		.text
 831              		.section	.gnu.lto_.icf.5064471e51a19db9,"e",%progbits
ARM GAS  /tmp/cc3eaI69.s 			page 18


 832 0000 789CB365 		.ascii	"x\234\263e@\000V\206k3\216\274`d`\\\266\273y&\017\033"
 832      40005686 
 832      6B338EBC 
 832      6064605C 
 832      B6BB7926 
 833 0016 13031323 		.ascii	"\023\003\023#\034\257\272\362\370\0367\023\210\311\334"
 833      1CAFBAF2 
 833      F81E3713 
 833      88C9DC
 834 0025 F5E2DC0B 		.ascii	"\365\342\334\013&0\223\345\324\317\335\253\371\301L"
 834      263093E5 
 834      D4CFDDAB 
 834      F9C14C
 835 0034 0600115A 		.ascii	"\006\000\021Z\017\307"
 835      0FC7
 836              		.text
 837              		.section	.gnu.lto_.ipa_sra.5064471e51a19db9,"e",%progbits
 838 0000 789C9366 		.ascii	"x\234\223f@\000V\006\006F\006FFF\020\233\221\211\201"
 838      40005606 
 838      06460646 
 838      4646109B 
 838      918981
 839 0013 9119C262 		.ascii	"\221\031\302ba`f\000\000\005\237\0005"
 839      61606600 
 839      00059F00 
 839      35
 840              		.text
 841              		.section	.gnu.lto_.inline.5064471e51a19db9,"e",%progbits
 842 0000 789CDBC3 		.ascii	"x\234\333\303\200\000\254\014\014,\015@\300\234\306"
 842      8000AC0C 
 842      0C2C0D40 
 842      C09CC6
 843 000f C8C0C0C4 		.ascii	"\310\300\300\304\300\320\010d\32710\260\201\304\230"
 843      C0D00864 
 843      D73130B0 
 843      81C498
 844 001e 52984042 		.ascii	"R\230@B\014\014\214\\`\022,z\200)\025\244\022\254\200"
 844      0C0C8C5C 
 844      60122C7A 
 844      802915A4 
 844      12AC80
 845 0031 39055D25 		.ascii	"9\005]%\023\324\264\024\220\032&\260T2\272\032f\"\324"
 845      13D4B414 
 845      901A26B0 
 845      5432BA1A 
 845      6622D4
 846 0044 B010A186 		.ascii	"\260\020\241\206\001\000L\211%\222"
 846      01004C89 
 846      2592
 847              		.text
 848              		.section	.gnu.lto_.jmpfuncs.5064471e51a19db9,"e",%progbits
 849 0000 789C9362 		.ascii	"x\234\223b@\000V\020\301\310\310\310\\\317\304\304\304"
 849      40005610 
 849      C1C8C8C8 
 849      5CCFC4C4 
 849      C4
 850 0011 C0C00C61 		.ascii	"\300\300\014a\261\000\005\001\021\252\001:"
ARM GAS  /tmp/cc3eaI69.s 			page 19


 850      B1000501 
 850      11AA013A 
 851              		.text
 852              		.section	.gnu.lto_.pureconst.5064471e51a19db9,"e",%progbits
 853 0000 789C1360 		.ascii	"x\234\023````e\230\301\3028\213\205i\026\013\363,\026"
 853      60606065 
 853      98C1C238 
 853      8B856916 
 853      0BF32C16 
 854 0014 96592C00 		.ascii	"\226Y,\000\032`\0034"
 854      1A600334 
 855              		.text
 856              		.section	.gnu.lto_.ipa_modref.5064471e51a19db9,"e",%progbits
 857 0000 789C0B61 		.ascii	"x\234\013a@\000V\004\223\021J11\0031\013\220\307\306"
 857      40005604 
 857      93114A31 
 857      3103310B 
 857      90C7C6
 858 0013 8421C28C 		.ascii	"\204!\302\214!\302\202\312\007\2120\000\000-~\000\264"
 858      21C282CA 
 858      078A3000 
 858      002D7E00 
 858      B4
 859              		.text
 860              		.section	.gnu.lto_.lto.5064471e51a19db9,"e",%progbits
 861 0000 0D000000 		.ascii	"\015\000\000\000\001\000\000\000"
 861      01000000 
 862              		.text
 863              		.section	.gnu.lto_stInit.328.5064471e51a19db9,"e",%progbits
 864 0000 789CAB61 		.ascii	"x\234\253a``p\005be fdf`\2344\261\213\211\241\241\241"
 864      60607005 
 864      62652066 
 864      6466609C 
 864      34B18B89 
 865 0017 C1819D89 		.ascii	"\301\201\235\211\261qb\227 \343NF0\217\221\241\236\211"
 865      B1716297 
 865      20E34E46 
 865      308F91A1 
 865      9E89
 866 0029 B19E710D 		.ascii	"\261\236q\015\263>\220\373\243{\375\017\326\206\025"
 866      B33E90FB 
 866      A37BFD0F 
 866      D68615
 867 0038 0718DF30 		.ascii	"\007\030\33700\3243@\0017\204\315\010\304\353/\261>"
 867      30D43340 
 867      013784CD 
 867      08C4EB2F 
 867      B13E
 868 004a 68F8F17F 		.ascii	"h\370\361\177~C\303\253.\306\337\342\314\014\014+\231"
 868      7E43C3AB 
 868      2EC6DFE2 
 868      CC0C0C2B 
 868      99
 869 005b 418636B0 		.ascii	"A\2066\26002\254bf\202\260\032\0170\374gjx\364S\232"
 869      3032AC62 
 869      6682B01A 
 869      0F30FC67 
ARM GAS  /tmp/cc3eaI69.s 			page 20


 869      6A78F453 
 870 0070 A195B959 		.ascii	"\241\225\271Y\201\241\213\221\251\266\232\201\201\211"
 870      81A18B91 
 870      A9B69A81 
 870      8189
 871 007e 99A19DB9 		.ascii	"\231\241\235\271\351\301_n\260\231+\231\031!\212\033"
 871      E9C15F6E 
 871      B0992B99 
 871      19218A1B 
 872 008e 0E0079DA 		.ascii	"\016\000y\332\372\031\371\271\251\372\271\211\225\211"
 872      FA19F9B9 
 872      A9FAB989 
 872      9589
 873 009c 79D9FAC9 		.ascii	"y\331\372\311\031\231I\231\371\305\272\345\371E\331"
 873      19994999 
 873      F9C5BAE5 
 873      F945D9
 874 00ab C50589C9 		.ascii	"\305\005\211\311\251\372\316 \021\377`\375\304\202\002"
 874      A9FACE20 
 874      11FF60FD 
 874      C48202
 875 00ba 06713D3D 		.ascii	"\006q==\375\374b\375\214\304\034\375\342\242d\020\035"
 875      FDFC62FD 
 875      8CC41CFD 
 875      E2A26410 
 875      1D
 876 00cb 5F5CA297 		.ascii	"_\\\242\227\314\000\000\\\371G8"
 876      CC00005C 
 876      F94738
 877              		.text
 878              		.section	.gnu.lto_stStartAlarm.329.5064471e51a19db9,"e",%progbits
 879 0000 789C7D51 		.ascii	"x\234}QMk\023Q\024\275g&\223\006\212\210-\325\245E\027"
 879      4D6B1351 
 879      14BD6726 
 879      93068A88 
 879      2DD5A545 
 880 0015 2EDAE4D1 		.ascii	".\332\344\321Zb\226\202R\020Z]\264\3732M\002\011I\234"
 880      5A629682 
 880      52105A5D 
 880      B4FB324D 
 880      0209499C 
 881 0029 34132D25 		.ascii	"4\023-%\224\274\246\013\241~`\025K\220\242(T2\022-\350"
 881      94BCA60B 
 881      A17E6015 
 881      4B90A228 
 881      5432122D 
 882 003e A6D4AAD3 		.ascii	"\246\324\252\323\026\277\012\202\324?P\263\024\027\026"
 882      16BF0A82 
 882      D43F50B3 
 882      141716
 883 004d 5D84A2D6 		.ascii	"]\204\242\326\373f*\272r`\356{\367\234{\316\275\357"
 883      FB662ABA 
 883      7260EE7B 
 883      F79C7BCE 
 883      BDEF
 884 005f BD06886E 		.ascii	"\275\006\210n\022\321Q\376\241\023n\314\316h$\245<\331"
 884      12D151FE 
ARM GAS  /tmp/cc3eaI69.s 			page 21


 884      A1136ECC 
 884      CE6824A5 
 884      3CD9
 885 0071 A2616A76 		.ascii	"\242ajv\346\000\236\303\313@e\015e\324u\301i\363\362"
 885      E6009EC3 
 885      CB40650D 
 885      65D475C1 
 885      69F3F2
 886 0084 E272BFAC 		.ascii	"\342r\277\254\271\370BT&\3573\020lG\200c\007:\015\204"
 886      B9F84254 
 886      26EF3310 
 886      6C478063 
 886      073A0D84 
 887 0098 FA29EC4A 		.ascii	"\372)\354J\371a\247)e\033M\256\240\374\014\313\334I"
 887      F961A729 
 887      651B4DAE 
 887      A0FC0CCB 
 887      DC49
 888 00aa C3D92701 		.ascii	"\303\331'\001\242VO\006\003\274)\275\004\213C&\007%"
 888      A2564F06 
 888      03BC29BD 
 888      048B4326 
 888      0725
 889 00bc 692E5DFB 		.ascii	"i.]\373\265\321wG\272\201I\027%O\265\012\226U\015\003"
 889      B5D17747 
 889      BA814917 
 889      254FB50A 
 889      96550D03 
 890 00d0 5D8A6F6E 		.ascii	"]\212on>\255\356\227\327\247B\314\227\367x\257\177+"
 890      3EADEE97 
 890      D7A742CC 
 890      97F778AF 
 890      7F2B
 891 00e2 0FB6E4C4 		.ascii	"\017\266\344\304\327@/PR-\326\301\326\212[\3344\266"
 891      D7402F50 
 891      522DD6C1 
 891      D68A5BDC 
 891      34B6
 892 00f4 6473F7AE 		.ascii	"ds\367\256\224\217\217}z\367\361\266\026\324\200\025"
 892      948F8F7D 
 892      7AF7F1B6 
 892      16D48015 
 893 0104 661C5D1D 		.ascii	"f\034]\035U\006@\017u\315\337M\273\264\253\311\306\317"
 893      5506400F 
 893      75CDDF4D 
 893      BBB4ABC9 
 893      C6CF
 894 0116 2BBA5A8F 		.ascii	"+\272Z\217\250p\377\240\007=\330\307K\245\023\253\320"
 894      A870FFA0 
 894      073DD8C7 
 894      4BA513AB 
 894      D0
 895 0127 35057CDB 		.ascii	"5\005|\333\236\377q\253\256\201\033*za\256\035\353\240"
 895      9EFF71AB 
 895      AE811B2A 
 895      7A61AE1D 
 895      EBA0
ARM GAS  /tmp/cc3eaI69.s 			page 22


 896 0139 697D6DDE 		.ascii	"i}m\336\211\361=L\250cq\364l\015\324A\343\257\361J\201"
 896      89F13D4C 
 896      A86371F4 
 896      6C0DD441 
 896      E3AFF14A 
 897 014e D17B52D6 		.ascii	"\321{R\326\016_x\003\233G\214\251\244{\354-\272\325"
 897      0E5F7803 
 897      9B478CA9 
 897      A47BEC2D 
 897      BAD5
 898 0160 C0BE73C3 		.ascii	"\300\276s\303\231\323\225\321\367Z\354\037\241/\033"
 898      99D395D1 
 898      F75AEC1F 
 898      A12F1B
 899 016f DB80C585 		.ascii	"\333\200\305\205\301\034\217\257J\037\375\247\364=2"
 899      C11C8FAF 
 899      4A1FFDA7 
 899      F43D32
 900 017e 7EA972AD 		.ascii	"~\251r\255|\335^\370\\\005\277'\324\205]\322+[\316U"
 900      7CDD5EF8 
 900      5C05BF27 
 900      D4855DD2 
 900      2B5BCE55 
 901 0192 786FE7E8 		.ascii	"xo\347\350\376\224\250\270\234u\211\224\225K\212\234"
 901      FE94A8B8 
 901      9C758994 
 901      954B8A9C 
 902 01a2 39619ECF 		.ascii	"9a\236\317\210x*=\232\266\354\360\270U\310\330y3\236"
 902      88782A3D 
 902      9AB6ECF0 
 902      B855C8D8 
 902      79339E
 903 01b5 14A71472 		.ascii	"\024\247\024rnH\230\371<\035\212D\204e\213\224\231\025"
 903      6E4898F9 
 903      3C1D8A44 
 903      84658B94 
 903      9915
 904 01c7 7621AED6 		.ascii	"v!\256\326\021\273\030\211S\2139j\027\323\271d\333\037"
 904      11BB1889 
 904      538B396A 
 904      17D3B964 
 904      DB1F
 905 01d9 24D217ED 		.ascii	"$\322\027\355I\234H\364F)\240\360\360_]\336*\024m14"
 905      499C48F4 
 905      4629A0F0 
 905      F05F5DDE 
 905      2A146D31 
 906 01ee 3C78BC57 		.ascii	"<x\274W\014\014\234\026\303g\006/\366\3549\215d\263"
 906      0C0C9C16 
 906      C367062F 
 906      F6EC398D 
 906      64B3
 907 0200 89488A7E 		.ascii	"\211H\212~\003\303\334\330\313"
 907      03C3DCD8 
 907      CB
 908              		.text
 909              		.section	.gnu.lto_stStopAlarm.330.5064471e51a19db9,"e",%progbits
ARM GAS  /tmp/cc3eaI69.s 			page 23


 910 0000 789C454F 		.ascii	"x\234EO\317K\002A\030\375\276\231\326\016\235\242C\307"
 910      CF4B0241 
 910      18FDBE99 
 910      D60E9DA2 
 910      43C7
 911 0012 0E1DC31D 		.ascii	"\016\035\303\035*\350\034\024A\240t\320\273l\233\260"
 911      2AE81C14 
 911      41A074D0 
 911      BB6C9BB0 
 912 0022 E2DA2E8E 		.ascii	"\342\332.\216%\022\342\250\207B\351`\007\011:D7\015"
 912      2512E2A8 
 912      8742E960 
 912      07093A44 
 912      370D
 913 0034 C16B3FAC 		.ascii	"\301k?\254\226 \272\367\027Tg\251\304\012o6\263\012"
 913      9620BAF7 
 913      175467A9 
 913      C40A6F36 
 913      B30A
 914 0046 0D7CF3BD 		.ascii	"\015|\363\275\367\346}\363f\336\000\200\313\232\227"
 914      F7E67DF3 
 914      66DE0080 
 914      CB9A97
 915 0055 8514F0A4 		.ascii	"\205\024\360\244V! \204X\235$X\254U\246\361\032}\206"
 915      56212084 
 915      589D2458 
 915      AC55A6F1 
 915      1A7D86
 916 0068 502058C0 		.ascii	"P X\300\026e\222\016\252\355\337\015\321\360\260\013"
 916      1665920E 
 916      AAEDDF0D 
 916      D1F0B00B 
 917 0078 5080F19A 		.ascii	"P\200\361\232\3621j(A\376\026A\002i\275\2723\341\006"
 917      F2316A28 
 917      41FE1641 
 917      0269BDBA 
 917      33E106
 918 008b F3EAB483 		.ascii	"\363\352\264\203RE\351l\277h\257b0<\027\342C/>\367\317"
 918      5245E96C 
 918      BF68AF62 
 918      303C17E2 
 918      432F3EF7 
 919 00a0 08056852 		.ascii	"\010\005hR\225*&\020.)\031\241\262\007C\"\336\177\216"
 919      952A2610 
 919      2E2919A1 
 919      B2074322 
 919      DE7F8E
 920 00b3 A9EAFDDE 		.ascii	"\251\352\375\336i\267\336\"\352\016_\255\317`\007\241"
 920      69B7DE22 
 920      EA0E5FAD 
 920      CF6007A1 
 921 00c3 4C1FBF1B 		.ascii	"L\037\277\033\272\206\201\003\025(w\177T\303\026B\356"
 921      BA868103 
 921      1528777F 
 921      54C31642 
 921      EE
 922 00d4 01EF1156 		.ascii	"\001\357\021V.\204h\314e=\334\223\371\001.\343\017i"
ARM GAS  /tmp/cc3eaI69.s 			page 24


 922      2E8468CC 
 922      653DDC93 
 922      F9012EE3 
 922      0F69
 923 00e6 E9ABF7F4 		.ascii	"\351\253\367\364y\204\362k\376\303\233t4\205%O\262\005"
 923      7984F26B 
 923      FEC39B74 
 923      3485254F 
 923      B205
 924 00f8 6639A938 		.ascii	"f9\2518K\0319c7\311L+\261\235px0\353\244\223\3345\314"
 924      4B193963 
 924      37C94C2B 
 924      B19D7078 
 924      30EBA493 
 925 010f 385B53CA 		.ascii	"8[S\312V\204\031\256\013\263\272\316\034\316,\303f<"
 925      568419AE 
 925      0BB3BACE 
 925      1CCE2CC3 
 925      663C
 926 0121 6DAA1EE3 		.ascii	"m\252\036\343\031\335\204\340\277\356:\351\014g\221"
 926      19DD84E0 
 926      BFEE3AE9 
 926      0C6791
 927 0130 68787989 		.ascii	"hxy\211\205B\353,\272\031\336_\034;c\266\275\243[\360"
 927      8542EB2C 
 927      BA19DE5F 
 927      1C3B63B6 
 927      BDA35BF0 
 928 0144 07DD0D7A 		.ascii	"\007\335\015z'"
 928      27
 929              		.text
 930              		.section	.gnu.lto_stSetAlarm.331.5064471e51a19db9,"e",%progbits
 931 0000 789C4550 		.ascii	"x\234EPMH\024a\030~\237ofrA(R\252cRG\335\371\320b\363"
 931      4D481461 
 931      187E9F6F 
 931      66724128 
 931      52AA6352 
 932 001a 181445A0 		.ascii	"\030\024E\240u\320\273\214\263\013\273\270\333l;[\""
 932      75D0BB8C 
 932      B30BBBB8 
 932      DB6C3B5B 
 932      22
 933 002b 8BCCE77A 		.ascii	"\213\314\347z\010L\226\264\203\036\254(\010\334X\022"
 933      084C96B4 
 933      831EAC28 
 933      08DC5812 
 934 003b 3A496E35 		.ascii	":In5\253\364G\227\350^H\320\255 \021t\242\203\275\337"
 934      ABF44797 
 934      E85E48D0 
 934      AD201174 
 934      A283BDDF 
 935 004f 683430EF 		.ascii	"h40\357\373\275\317\303\363\274?\263 \272GD\247\371"
 935      FBBDCFC3 
 935      F3BC3FB3 
 935      20BA4744 
 935      A7F9
 936 0061 8741989F 		.ascii	"\207A\230\237\233\021\244\224:\337&057s\024/\021W\240"
ARM GAS  /tmp/cc3eaI69.s 			page 25


 936      9B11A494 
 936      3ADF2630 
 936      35377314 
 936      2F1157A0 
 937 0075 402040C3 		.ascii	"@ @\303\220\\FwV\236_V\313!~\020\005\024\177\026\016"
 937      905C4677 
 937      569E5F56 
 937      CB217E10 
 937      05147F16 
 938 008a 75C2E478 		.ascii	"u\302\344x\014]\026\022\227(\031*\365i'R\252\203&\233"
 938      0C5D1612 
 938      9728192A 
 938      F5692752 
 938      AA83269B 
 939 009e 08D6F082 		.ascii	"\010\326\360\202;\011\\\2355\211\332c\031,\360\243\362"
 939      3B095C9D 
 939      3589DA63 
 939      192CF0A3 
 939      F2
 940 00af 1A2C4E38 		.ascii	"\032,N8\034\264$Z\255}\375(\037\250\320\234\014Q\211"
 940      1CB4245A 
 940      AD7DFD28 
 940      1FA8D09C 
 940      0C5189
 941 00c2 552DB0EC 		.ascii	"U-\260\354\017{wk>\232_[<\242\356N%\230\017\016\370"
 941      0F7B776B 
 941      3E9A5F5B 
 941      3CA2EE4E 
 941      25980F0E 
 942 00d7 B87F3B0F 		.ascii	"\270\177;\017\266\372\305]\007\275BE\267\330\000[kn"
 942      B6FAC55D 
 942      07BD4245 
 942      B7D8005B 
 942      6B6E
 943 00e9 E5B3B5A9 		.ascii	"\345\263\265\251\242\275\207J=K\265>l\337\027\246\000"
 943      A2BD874A 
 943      3D4BB53E 
 943      6CDF17A6 
 943      00
 944 00fa 9ACCD40D 		.ascii	"\232\314\324\015\275\2522AO\015\261\377\232\016iO\250"
 944      BDAA3241 
 944      4F0DB1FF 
 944      9A0E694F 
 944      A8
 945 010b 6F3F6B86 		.ascii	"o?k\206\316\247tx|<\206v\016s\252v\241\005Ch`{k\251"
 945      CEA77478 
 945      7C3C8676 
 945      0E73AA76 
 945      A1054368 
 946 0123 B9D010E0 		.ascii	"\271\320\020\340\206\232\376\276\320\211\015\320\264"
 946      869AFEBE 
 946      D0890DD0 
 946      B4
 947 0130 B1BE54EF 		.ascii	"\261\276T\357\347;L\350\2658\306\266\026\032\240\361"
 947      E73B4CE8 
 947      B538C6B6 
 947      161AA0F1 
ARM GAS  /tmp/cc3eaI69.s 			page 26


 948 0140 B778A3C1 		.ascii	"\267x\243\301\324#\245\226O\336|\007\237G\354\327E\317"
 948      D423A596 
 948      4FDE7C07 
 948      9F47ECD7 
 948      45CF
 949 0152 8DF7E8D1 		.ascii	"\215\367\350\321\003\307\316\325_[Ov\027\301\227\207"
 949      03C7CED5 
 949      5F5B4F76 
 949      17C19787 
 950 0162 5EEDB651 		.ascii	"^\355\266Q\335\374]C|\345\272\261\357\207j\310U\267"
 950      DDFC5D43 
 950      7CE5BAB1 
 950      EF876AC8 
 950      55B7
 951 0174 CC7A858C 		.ascii	"\314z\205\214,8\023\316\3651\351fs\2439\317O\216{\245"
 951      2C3813CE 
 951      F531E966 
 951      73A339CF 
 951      4F8E7BA5 
 952 0188 31BFE8B8 		.ascii	"1\277\350\270\031yA#\327\206\244S,\322\011\333\226\236"
 952      19794123 
 952      D786A453 
 952      2CD209DB 
 952      969E
 953 019a 2FB34E5E 		.ascii	"/\263N^\372%W\347\021\277l\273\324\346\214\372\345\\"
 953      FA2557E7 
 953      11BF6CBB 
 953      D4E68CFA 
 953      E55C
 954 01ac 21D3F10F 		.ascii	"!\323\361\017\261\317\246z\323\347\322})25\236\374\257"
 954      B1CFA67A 
 954      D3E7D27D 
 954      2932359E 
 954      FCAF
 955 01be 2B7AA5B2 		.ascii	"+z\245\262/\207\206\007\317\364\311\201\201\213r\370"
 955      2F878607 
 955      CFF4C981 
 955      818B72F8 
 956 01ce CAE0ADDE 		.ascii	"\312\340\255\336\003\247\221|>mg\351/\025\272\273;"
 956      03A7917C 
 956      3E6D67E9 
 956      2F15BABB 
 956      3B
 957              		.text
 958              		.section	.gnu.lto_stGetAlarm.332.5064471e51a19db9,"e",%progbits
 959 0000 789C4590 		.ascii	"x\234E\220?H\202A\030\306\337\367N-\210h\220\012\232"
 959      3F488241 
 959      18C6DFF7 
 959      4E2D8868 
 959      900A9A
 960 0013 A2A1A5F4 		.ascii	"\242\241\245\364\250 \232\"\250!Ak\320]\276LP\324>\363"
 960      A8209A22 
 960      A821416B 
 960      D05DBE4C 
 960      50D43EF3 
 961 0027 B32444BC 		.ascii	"\263$D\274\224\010l\010\233\032\004)\0102$\247 \373"
 961      94086C08 
ARM GAS  /tmp/cc3eaI69.s 			page 27


 961      9B1A0429 
 961      083224A7 
 961      20FB
 962 0039 63FE195C 		.ascii	"c\376\031\\\303\245U\232Z\202J\010\227\260;\015:\270"
 962      C3A5559A 
 962      5A824A08 
 962      97B03B0D 
 962      3AB8
 963 004b F779DFE7 		.ascii	"\367y\337\347^\036~\334\010\002h\0000).R\300\223t\212"
 963      5E1E7EDC 
 963      08026800 
 963      30292E52 
 963      C093748A 
 964 005f 00E77CA9 		.ascii	"\000\347|\251\217\340~:\365\362\364\326\217\367\330"
 964      8FE07E3A 
 964      F5F2F4D6 
 964      8FF7D8
 965 006e 3510E204 		.ascii	"5\020\342\004\343\230\247z4\030Q'\3520\216\2632\347"
 965      E398A77A 
 965      34185127 
 965      EA308EB3 
 965      32E7
 966 0080 EDA3C257 		.ascii	"\355\243\302W}\260\231<X\215C\354\016\213\"R\236\001"
 966      7DB0993C 
 966      588D43EC 
 966      0E8B2252 
 966      9E01
 967 0092 809808D5 		.ascii	"\200\230\010\325\243h\242\217\010\242\0219\267?5\003"
 967      A368A28F 
 967      08A21139 
 967      B73F3503 
 968 00a2 3C60543E 		.ascii	"<`T>\227P\330r\273\320\3207y\273\223\345\374z\261Ro"
 968      9750D872 
 968      BBD0D037 
 968      79BB93E5 
 968      FC7AB152 
 969 00b7 65092540 		.ascii	"e\011%@(@\216J\026\256C\270\242\244\327%\313\320!\374"
 969      28408E4A 
 969      16AE43B8 
 969      A2A4D725 
 969      CBD021FC 
 970 00cb F5FD984A 		.ascii	"\365\375\230J\235\220\345|\244k}\017Ii}\236\3463E\""
 970      9D90E57C 
 970      A46B7D0F 
 970      49697D9E 
 970      E6334522 
 971 00df 93A57993 		.ascii	"\223\245y\2231b\011!I\253\215\334\030%\002:\"ID\355"
 971      31620921 
 971      49AB8DDC 
 971      1825023A 
 971      224944ED 
 972 00f3 C6E9318F 		.ascii	"\306\3511\217\260S\301\2624\347\3178\277\264hU\334\026"
 972      B053C1B2 
 972      34E7CF38 
 972      BFB46855 
 972      DC16
 973 0105 640B7258 		.ascii	"d\013rXSk8-9\341\220&>Z\027\235\3474\021\337!\350@\302"
ARM GAS  /tmp/cc3eaI69.s 			page 28


 973      536B382D 
 973      39E19026 
 973      3E5A179D 
 973      E73411DF 
 974 011d F5323051 		.ascii	"\36520Q\026\323\024\363\250\0017\013({\312\226\217\271"
 974      16D314F3 
 974      A801370B 
 974      287BCA96 
 974      8FB9
 975 012f 3CDE0DAF 		.ascii	"<\336\015\257\252\231\"j\310\247\005\025\227\233-Kg"
 975      AA99226A 
 975      C8A70515 
 975      979B2D4B 
 975      67
 976 0140 DDCE9460 		.ascii	"\335\316\224`\020F\315f\246j\314\243\370\231\026rIu"
 976      1046CD66 
 976      A66ACCA3 
 976      F8991672 
 976      4975
 977 0152 6A61B30B 		.ascii	"ja\263\013L\377~P\015\2055fw\330\346f\231\325\272\302"
 977      4CFF7E50 
 977      0D853566 
 977      77D8E666 
 977      99D5BAC2 
 978 0166 1C16DBEE 		.ascii	"\034\026\333\356\314\337\246\323\357\3374{\340\027\036"
 978      CCDFA6D3 
 978      EFDF347B 
 978      E0171E
 979 0175 678B2C   		.ascii	"g\213,"
 980              		.text
 981              		.section	.gnu.lto_.symbol_nodes.5064471e51a19db9,"e",%progbits
 982 0000 789C6DCE 		.ascii	"x\234m\316I\021\2000\024\004\321\311\260c\0023\370\232"
 982      49118030 
 982      1404D1C9 
 982      B0630233 
 982      F89A
 983 0012 5414C404 		.ascii	"T\024\304\004&P\300n\011\022*\307\337\327w\351\005)"
 983      2650C06E 
 983      09122AC7 
 983      DFD777E9 
 983      0529
 984 0024 6E54E353 		.ascii	"nT\343S\265\213\017 `\215\201\031v\2525\341\240:\023"
 984      B58B0F20 
 984      608D8119 
 984      76AA35E1 
 984      A03A13
 985 0037 4EAA37E1 		.ascii	"N\2527\341\242\006\013\334M\215oi\372\021\360\321g\253"
 985      A2060BDC 
 985      4D8D6F69 
 985      FA11F0D1 
 985      67AB
 986 0049 50B6667C 		.ascii	"P\266f|\017\2632l"
 986      0FB3326C 
 987              		.text
 988              		.section	.gnu.lto_.refs.5064471e51a19db9,"e",%progbits
 989 0000 789C6364 		.ascii	"x\234cd\000\002\000\000\012\000\002"
 989      00020000 
ARM GAS  /tmp/cc3eaI69.s 			page 29


 989      0A0002
 990              		.text
 991              		.section	.gnu.lto_.decls.5064471e51a19db9,"e",%progbits
 992 0000 789C9555 		.ascii	"x\234\225UmPTe\024~\317\273\027|A\212ESi\372\242\351"
 992      6D505465 
 992      147ECFBB 
 992      177C418A 
 992      455369FA 
 993 0016 873B166C 		.ascii	"\207;\026l\013\246?\372\223-\216\343\214\224\263\350"
 993      0BA63FFA 
 993      932D8EE3 
 993      8C94B3E8 
 994 0026 543F1ADC 		.ascii	"T?\032\334p'\231D\030v\263\217\037\365\336u\201\215"
 994      70279944 
 994      1876B38F 
 994      1FF5DE75 
 994      818D
 995 0038 8F765703 		.ascii	"\217vW\003iC]6+\373S\370Q\243$q\303\365\243\374\210"
 995      69435D36 
 995      2BFB53F8 
 995      51A32471 
 995      C3F5A3FC 
 996 004d D2D2F223 		.ascii	"\322\322\362#\202JLT\004\0222\261\316{\357\335\013\313"
 996      824A4C54 
 996      041232B1 
 996      CE7BEFDD 
 996      0BCB
 997 005f D834DD99 		.ascii	"\3304\335\231s\337s\317\363\234\347\234{\356\275\357"
 997      73DF73CF 
 997      F39CE79C 
 997      7BEEBDEF 
 998 006f 8D32422E 		.ascii	"\2152B.\003!7\010!\177\343\221\214\353I\264\251hmh\024"
 998      03213708 
 998      217FE391 
 998      8CEB49B4 
 998      A9686D68 
 999 0084 31090DD0 		.ascii	"1\011\015\320\366\2138\256\351h\031h\323\321f\242e\242"
 999      F68B38AE 
 999      E9681968 
 999      D3D166A2 
 999      65A2
 1000 0096 CDA2C8D3 		.ascii	"\315\242\310\323\361;\365X*\332}T\323J\327u\356\002"
 1000      F13BF558 
 1000      2ADA7D54 
 1000      D34AD775 
 1000      EE02
 1001 00a8 4D53E89D 		.ascii	"MS\350\235\300\370\000\321to\242}\2136\202\366\000\346"
 1001      C0F800D1 
 1001      746FA27D 
 1001      8B3682F6 
 1001      00E6
 1002 00ba 4C215A8D 		.ascii	"L!Z\215{&\360\367\353\270\340\315F\016\266\256\366 "
 1002      7B26F0F7 
 1002      EBB8E0CD 
 1002      460EB6AE 
 1002      F620
 1003 00cc 74EFFB17 		.ascii	"t\357\373\027\335l\344\245\020\215#z\275\037m6\2715"
ARM GAS  /tmp/cc3eaI69.s 			page 30


 1003      DD6CE4A5 
 1003      108D237A 
 1003      BD1F6D36 
 1003      B935
 1004 00de 37793A48 		.ascii	"7y:H\3113 K\242^\371\354\030d(\234\217r\305\227bi\203"
 1004      C933204B 
 1004      A25EF9EC 
 1004      1864289C 
 1004      8F72C597 
 1005 00f5 3D48FD0C 		.ascii	"=H\375\014T\312)qb\310S\204\323E\030%\311\026\020\263"
 1005      54CA2971 
 1005      62C85384 
 1005      D3451825 
 1005      C91610B3 
 1006 0109 4BC79530 		.ascii	"K\307\2250F\036\341\352\321\223N\366a\012\036\2264\366"
 1006      461EE1EA 
 1006      D1934EF6 
 1006      610A1E96 
 1006      34F6
 1007 011b 289168C7 		.ascii	"(\221h\307\300\276\036\226\336-T\371\033\323\210\252"
 1007      C0BE1E96 
 1007      DE2D54F9 
 1007      1BD388AA 
 1008 012b BA1F2C31 		.ascii	"\272\037,1\350\204/\200\345\013\271C\204-\"l\211p\025"
 1008      E8842F80 
 1008      E50BB943 
 1008      842D226C 
 1008      897015
 1009 013e C2968AF5 		.ascii	"\302\226\212\365a43\226\343\300\226\213k\223D\337\372"
 1009      61343396 
 1009      E3C0968B 
 1009      6B9344DF 
 1009      FA
 1010 014f 75474D5A 		.ascii	"uGMZ:\327\205\246k\355}\013\304\366\015H\264\377\304"
 1010      3AD785A6 
 1010      6BED7D0B 
 1010      C4F60D48 
 1010      B4FFC4
 1011 0162 911B53D3 		.ascii	"\221\033S\323\225[W\221\350\236\315\325-\311\2630\327"
 1011      955B5791 
 1011      E89ECDD5 
 1011      2DC9B330 
 1011      D7
 1012 0173 C7B9221D 		.ascii	"\307\271\"\035\207\257\341\230\030\003\210|\354q40:"
 1012      87AFE198 
 1012      1803887C 
 1012      EC713430 
 1012      3A
 1013 0184 06067C20 		.ascii	"\006\006| \021f\317\210\006,\354Y\302\234\302\313b."
 1013      1166CF88 
 1013      062CEC59 
 1013      C29CC2CB 
 1013      622E
 1014 0196 C24A8497 		.ascii	"\302J\204\227\311\326\020\346!\354U\302^#L\3061T\241"
 1014      C9D610E6 
 1014      21EC55C2 
 1014      5E234CC6 
ARM GAS  /tmp/cc3eaI69.s 			page 31


 1014      3154A1
 1015 01a9 D5A20540 		.ascii	"\325\242\005@\340\335D\334A2\333\000X\243\246f{K\322"
 1015      E0DD44DC 
 1015      4132DB00 
 1015      58A3A666 
 1015      7B4BD2
 1016 01bc E4F62F60 		.ascii	"\344\366/`\373\271\022\375\342\243\367\272\331\204\366"
 1016      FBB912FD 
 1016      E2A3F7BA 
 1016      D984F6
 1017 01cb 3E877604 		.ascii	">\207v\004\177\007\201c\352\366Jeg\352\204\366\022\341"
 1017      7F078163 
 1017      EAF64A65 
 1017      67EA84F6 
 1017      12E1
 1018 01dd 393B2EB6 		.ascii	"9;.\266\267M\2313\351\310\024\247\237\261ZoC]\365\353"
 1018      B74D9933 
 1018      E9C814A7 
 1018      9FB15A6F 
 1018      435DF5EB 
 1019 01f1 1BABB1EA 		.ascii	"\033\253\261\352\372V\363\0018\0037@\253\375#Z\036A"
 1019      FA56F301 
 1019      38033740 
 1019      ABFD235A 
 1019      1E41
 1020 0203 4AEBB52D 		.ascii	"J\353\265-\001\236\345\253C\345n\003\025\003h\003\025"
 1020      019EE5AB 
 1020      43E56E03 
 1020      15036803 
 1020      15
 1021 0214 0EF70CC0 		.ascii	"\016\367\014\300!e\301\001\370\312@\017\031\271\315"
 1021      2165C101 
 1021      F8CA400F 
 1021      19B9CD
 1022 0223 71F0CB04 		.ascii	"q\360\313\004PO]\037GO\031\350I\015mA\264\261\207!\370"
 1022      504F5D1F 
 1022      474F19E8 
 1022      490D6D41 
 1022      B4B18721 
 1023 0238 1D7421A8 		.ascii	"\035t!\250\215\374\350x\3529\243\251_\214\\\233\201"
 1023      8DFCE878 
 1023      EA39A3A9 
 1023      5F8C5C9B 
 1023      81
 1024 0249 8E1AE84F 		.ascii	"\216\032\350O\006z\326hj\300@{\015\264\335@\317\030"
 1024      067AD668 
 1024      6AC0407B 
 1024      0DB4DD40 
 1024      CF18
 1025 025b E8AF1395 		.ascii	"\350\257\023\22550\030\357\370\207\204\2165\360\246"
 1025      353018EF 
 1025      F887848E 
 1025      35F0A6
 1026 026a 91793A61 		.ascii	"\221y:a\214zS\203\006\334\223PV\207\257\033\360\271"
 1026      8C7A5383 
 1026      06DC9350 
 1026      5687AF1B 
ARM GAS  /tmp/cc3eaI69.s 			page 32


 1026      F0B9
 1027 027c 849E75F8 		.ascii	"\204\236u\370\255x\345\357\015\364\250ZY\214j\207\030"
 1027      AD78E5EF 
 1027      0DF4A85A 
 1027      598C6A87 
 1027      18
 1028 028d 155C843E 		.ascii	"\025\\\204>\304\264\307\277W\305\264\227\202\247\220"
 1028      C4B4C7BF 
 1028      57C5B497 
 1028      82A790
 1029 029c F3F09BD8 		.ascii	"\363\360\233\330\320 \006\177\300 \014\303(\374\015"
 1029      D020067F 
 1029      C0200CC3 
 1029      28FC0D
 1030 02ab 976008FE 		.ascii	"\227`\010\376\204~\030\201k0\000\327\341*\214\301e\270"
 1030      847E1881 
 1030      6B3000D7 
 1030      E12A8CC1 
 1030      65B8
 1031 02bd 029CDE84 		.ascii	"\002\234\336\204\277\304G*\3126\305\313\0361\312\036"
 1031      BFC4472A 
 1031      CA36C5CB 
 1031      1E31CA1E 
 1032 02cd 1E6FAA35 		.ascii	"\036o\2525\216*\006\3321\216\016\033w\364s\302\213\243"
 1032      8E2A06DA 
 1032      318E0E1B 
 1032      77F473C2 
 1032      8BA3
 1033 02df 4D6B733C 		.ascii	"Mks<\367`Bn\036aW\305\007\021\256\373\340\372\224\314"
 1033      F760426E 
 1033      1E6157C5 
 1033      0711AEFB 
 1033      E0FA94CC 
 1034 02f3 C41B90E9 		.ascii	"\304\033\220\351\377\274\003\211\2164_\0324\031\273"
 1034      FFBC0389 
 1034      8E345F1A 
 1034      3419BB
 1035 0302 96976A85 		.ascii	"\226\227j\205\326\211\235rL\2249\037k\351O\233\2643"
 1035      D6899D72 
 1035      4C94391F 
 1035      6BE94F9B 
 1035      B433
 1036 0314 F8A8B133 		.ascii	"\370\250\2613\214\365\006:\323\206\000[\360sE\2161\036"
 1036      8CF5063A 
 1036      D386005B 
 1036      F073458E 
 1036      311E
 1037 0326 F5D5F32A 		.ascii	"\365\325\363*\036\223\241\211\357\346\221]u\365\246"
 1037      1E93A189 
 1037      EFE6915D 
 1037      75F5A6
 1038 0335 7034E697 		.ascii	"p4\346\227\221\220\031]\267\233\207[W\204\303\274\256"
 1038      9190195D 
 1038      B79B875B 
 1038      5784C3BC 
 1038      AE
 1039 0346 B3C5CF23 		.ascii	"\263\305\317#\000^\014+rr\030\027d\324e\362f\261\007"
ARM GAS  /tmp/cc3eaI69.s 			page 33


 1039      005E0C2B 
 1039      72721817 
 1039      64D465F2 
 1039      66B107
 1040 0359 56D54540 		.ascii	"V\325E@\326\266C~\033\337\305\371:\264\254\260\257U"
 1040      D6B6437E 
 1040      1BDFC5F9 
 1040      3AB4ACB0 
 1040      AF55
 1041 036b 91F166BB 		.ascii	"\221\361f\273 \362n\025\"+\320\202\362or\365m\003r\037"
 1041      20F26E15 
 1041      222BD082 
 1041      F26F72F5 
 1041      6D03721F 
 1042 037f DFE8ED0B 		.ascii	"\337\350\355\013f\255\343\242P\025\207\246\0102\224"
 1042      66ADE3A2 
 1042      501587A6 
 1042      083294
 1043 038e 2A4EA37C 		.ascii	"*N\243|\037\017\361\346\372\333\275\321\275[e\257\217"
 1043      1F0FF1E6 
 1043      FADBBDD1 
 1043      BD5B65AF 
 1043      8F
 1044 039f 05A38A3F 		.ascii	"\005\243\212?\024\211q\263\334\263\337/G97\257\217`"
 1044      148971B3 
 1044      DCB3DF2F 
 1044      473937AF 
 1044      8F60
 1045 03b1 EB6819B2 		.ascii	"\353h\031\262\350\023\315\034\302SP\211\361\014Y\214"
 1045      E813CD1C 
 1045      C2535089 
 1045      F10C598C 
 1046 03c1 36E2E319 		.ascii	"6\342\343\031\274S\361\007\271\342/\027m\2050\002\202"
 1046      BC53F107 
 1046      B9E22F17 
 1046      6D853002 
 1046      82
 1047 03d2 13E20A37 		.ascii	"\023\342\0127\207\264\010\223#\212\237o\305\244\026"
 1047      87B40893 
 1047      238A9F6F 
 1047      C5A416
 1048 03e1 74049A11 		.ascii	"t\004\232\021\352\306\012^\341\010Q\036Ux%\347L\335"
 1048      EAC60A5E 
 1048      E108511E 
 1048      557825E7 
 1048      4CDD
 1049 03f3 DBB57BA3 		.ascii	"\333\265{\243\372\312$:\334\327\336\221:,\306\330\277"
 1049      FACA243A 
 1049      DCD7DE91 
 1049      3A2CC6D8 
 1049      BF
 1050 0404 B5AB41FD 		.ascii	"\265\253A\375\001\000\231\021|\214\000\277\303\314\""
 1050      01009911 
 1050      7C8C00BF 
 1050      C3CC22
 1051 0413 546C8714 		.ascii	"Tl\207\024wC\263DO5~\277\023\356F\3460\347\226~RC\337"
 1051      7743B344 
ARM GAS  /tmp/cc3eaI69.s 			page 34


 1051      4F357EBF 
 1051      13EE46E6 
 1051      30E7967E 
 1052 042a C067554B 		.ascii	"\300gUK\311\220\37287\015\015]\277\335\322\324\304G"
 1052      C990FA38 
 1052      370D0D5D 
 1052      BFDDD2D4 
 1052      C447
 1053 043c F7BE3FFA 		.ascii	"\367\276?\372v:\357R\013\325R?\215\251\252~J\252i\025"
 1053      763AEF52 
 1053      0BD5523F 
 1053      8DA9AA7E 
 1053      4AAA6915 
 1054 0450 B59C9558 		.ascii	"\265\234\225X\007E~\177M\303\345$\361\257\253\244Cx"
 1054      07457E7F 
 1054      4DC3E524 
 1054      F1AFABA4 
 1054      4378
 1055 0462 79F893BA 		.ascii	"y\370\223\272C\246\311\342\001J\336\024\177j\332\321"
 1055      43A6C9E2 
 1055      014ADE14 
 1055      7F6ADAD1 
 1056 0472 BEEBC354 		.ascii	"\276\353\303T!\336\332V\205o\256xz,@\353u\351z]z\233"
 1056      21DEDA56 
 1056      856FAE78 
 1056      7A2C40EB 
 1056      75E97A5D 
 1057 0488 C48E0869 		.ascii	"\304\216\010i\345\302\310NP\331\327\014v-\015\351\354"
 1057      E5C2C84E 
 1057      50D9D70C 
 1057      762D0DE9 
 1057      EC
 1058 0499 90CE8E4A 		.ascii	"\220\316\216J\354\224`o:\266\355\315)*{G\365\270\366"
 1058      EC94606F 
 1058      3AB6EDCD 
 1058      292A7B47 
 1058      F5B8F6
 1059 04ac 069DBD41 		.ascii	"\006\235\275Ag{%\326+\330\203\373\276{*\336f%\325\332"
 1059      677B25D6 
 1059      2BD883FB 
 1059      BE7B2ADE 
 1059      6625D5DA 
 1060 04c0 6C8CCF40 		.ascii	"l\214\317@\361\306|\352\014\006\006\017\326\337\033"
 1060      F1C67CEA 
 1060      0C06060F 
 1060      D6DF1B
 1061 04cf 11CF4C6A 		.ascii	"\021\317Lj\244\015\272T\203.u\334\304.\013\251c]\247"
 1061      A40DBA54 
 1061      832E75DC 
 1061      C42E0BA9 
 1061      635DA7
 1062 04e2 37524B13 		.ascii	"7RK\023\276\340}\037\257\257I\333\314;q\\M:\271\211"
 1062      BEE07D1F 
 1062      AFAF49DB 
 1062      CC3B715C 
 1062      4D3AB989 
 1063 04f6 8A3FF161 		.ascii	"\212?\361a\374}\366\034?\030\226\214\357\244V\377N\302"
ARM GAS  /tmp/cc3eaI69.s 			page 35


 1063      FC7DF61C 
 1063      3F18968C 
 1063      EFA456FF 
 1063      4EC2
 1064 0508 E23BD966 		.ascii	"\342;\331f\"\226 V\273Y\323(\252)\212\024\240\357h\002"
 1064      22962056 
 1064      BB59D328 
 1064      AA298A14 
 1064      A0EF6802 
 1065 051c CDE868E5 		.ascii	"\315\350h\345\202I\3543\215\327\372i\255v\2032\312l"
 1065      8249EC33 
 1065      8DD7FA69 
 1065      AD768332 
 1065      CA6C
 1066 052e D2789BD1 		.ascii	"\322x\233\321\321x\376$vT\347\2353x\001\272E\343E\320"
 1066      D178FE24 
 1066      7654E79D 
 1066      337801BA 
 1066      45E345D0 
 1067 0542 D1785724 		.ascii	"\321xW$vN\257\333x\254Y\257\333H[4^\024\035\215\327"
 1067      764EAFDB 
 1067      78AC59AF 
 1067      DB485B34 
 1067      5E141D8D 
 1068 0557 2B9124BB 		.ascii	"+\221$\273\275\300\22173'\307Z\346\266\256r\256\266"
 1068      BDC09137 
 1068      3327C75A 
 1068      E6B6AE72 
 1068      AEB6
 1069 0569 BA2B8AC5 		.ascii	"\272+\212\305Z\344\366\344\024\263EO,\317\262\333\346"
 1069      5AE4F6E4 
 1069      14B3454F 
 1069      2CCFB2DB 
 1069      E6
 1070 057a 9369F148 		.ascii	"\223i\361H\316\334y\266\225\363W\346\316#\354\305\222"
 1070      CEDC79B6 
 1070      95F357E6 
 1070      CE23ECC5 
 1070      92
 1071 058b 359EBCDC 		.ascii	"5\236\274\334\"\017}\322!\345\027,p\230\362\355\016"
 1071      220F7DD2 
 1071      21E5172C 
 1071      7098F2ED 
 1071      0E
 1072 059c E9F1FC65 		.ascii	"\351\361\374e\016\223\335\35609\320\0268\034\246\245"
 1072      0E93DDEE 
 1072      3039D016 
 1072      381CA6A5 
 1073 05ac 857693FD 		.ascii	"\205v\223\375\211e\222\335\276\320\241\326\312U\317"
 1073      896592DD 
 1073      BED0A1D6 
 1073      CA55CF
 1074 05bb 36D3C245 		.ascii	"6\323\302E\016Z\210\231\213\027:\244\302\002d\333\035"
 1074      0E5A8899 
 1074      8B173AA4 
 1074      C20264DB 
 1074      1D
ARM GAS  /tmp/cc3eaI69.s 			page 36


 1075 05cc B9683664 		.ascii	"\271h6d>\355x\320\272\252\254\324e-u\276\342\\\363\202"
 1075      3EED78D0 
 1075      BAAAACD4 
 1075      652D75BE 
 1075      E25CF382 
 1076 05e0 B57855C9 		.ascii	"\265xU\311s%e\356\354\227\312*^p\227;\213]V\273\210"
 1076      732565EE 
 1076      EC97CA2A 
 1076      5E70973B 
 1076      8B5D56BB 
 1077 05f5 3C596875 		.ascii	"<Yhu\226\227\223\207\306{//\253\360\270\255\205\313"
 1077      96979387 
 1077      C67B2F2F 
 1077      ABF0B8AD 
 1077      85CB
 1078 0607 0AF272AD 		.ascii	"\012\362r\255K\226\344[\227-.Xk\263\272=\245\242\317"
 1078      4B96E45B 
 1078      972D2E58 
 1078      6BB3BA3D 
 1078      A5A2CF
 1079 061a 92D29C55 		.ascii	"\222\322\234Ud\252qQ\344Iq\277\342F\307U\3441\331\346"
 1079      64AA7151 
 1079      E44971BF 
 1079      E246C755 
 1079      E431D9E6 
 1080 062e 91146745 		.ascii	"\221\024gE\351\332\371\256\354R\222Z\2142\256\227\263"
 1080      E9DAF9AE 
 1080      EC52925A 
 1080      8C32AE97 
 1080      B3
 1081 063f 4BE79264 		.ascii	"K\347\222d\267g\361\232\022\317\254[\217\207\244\271"
 1081      B767F19A 
 1081      12CFAC5B 
 1081      8F87A4B9 
 1082 064f 3D851E67 		.ascii	"=\205\036g\205g\301jL\236*.\312\312U?\025}\227'\356"
 1082      8567C16A 
 1082      4C9E2A2E 
 1082      CACA553F 
 1082      157D9727 
 1083 0664 2E72198C 		.ascii	".r\031\214\242\325\253W\026\225\240d\366\177u\255\025"
 1083      A2D5AB57 
 1083      1695A064 
 1083      F67F75AD 
 1083      15
 1084 0675 117C6C7B 		.ascii	"\021|l{\232\236\351\026\325\212\234B,\303\010\225\225"
 1084      9A9EE916 
 1084      D58A9C42 
 1084      2CC30895 
 1084      95
 1085 0686 6B11733C 		.ascii	"k\021s<\342\362$\006\236\217\007\376\001\275t\351%"
 1085      E2F22406 
 1085      9E8F07FE 
 1085      01BD74E9 
 1085      25
 1086              		.text
 1087              		.section	.gnu.lto_.symtab.5064471e51a19db9,"e",%progbits
 1088 0000 7374496E 		.ascii	"stInit\000"
ARM GAS  /tmp/cc3eaI69.s 			page 37


 1088      697400
 1089 0007 00       		.ascii	"\000"
 1090 0008 00       		.ascii	"\000"
 1091 0009 00       		.ascii	"\000"
 1092 000a 00000000 		.ascii	"\000\000\000\000\000\000\000\000"
 1092      00000000 
 1093 0012 0B010000 		.ascii	"\013\001\000\000"
 1094 0016 73745374 		.ascii	"stStartAlarm\000"
 1094      61727441 
 1094      6C61726D 
 1094      00
 1095 0023 00       		.ascii	"\000"
 1096 0024 00       		.ascii	"\000"
 1097 0025 00       		.ascii	"\000"
 1098 0026 00000000 		.ascii	"\000\000\000\000\000\000\000\000"
 1098      00000000 
 1099 002e 0F010000 		.ascii	"\017\001\000\000"
 1100 0032 73745374 		.ascii	"stStopAlarm\000"
 1100      6F70416C 
 1100      61726D00 
 1101 003e 00       		.ascii	"\000"
 1102 003f 00       		.ascii	"\000"
 1103 0040 00       		.ascii	"\000"
 1104 0041 00000000 		.ascii	"\000\000\000\000\000\000\000\000"
 1104      00000000 
 1105 0049 11010000 		.ascii	"\021\001\000\000"
 1106 004d 73745365 		.ascii	"stSetAlarm\000"
 1106      74416C61 
 1106      726D00
 1107 0058 00       		.ascii	"\000"
 1108 0059 00       		.ascii	"\000"
 1109 005a 00       		.ascii	"\000"
 1110 005b 00000000 		.ascii	"\000\000\000\000\000\000\000\000"
 1110      00000000 
 1111 0063 13010000 		.ascii	"\023\001\000\000"
 1112 0067 73744765 		.ascii	"stGetAlarm\000"
 1112      74416C61 
 1112      726D00
 1113 0072 00       		.ascii	"\000"
 1114 0073 00       		.ascii	"\000"
 1115 0074 00       		.ascii	"\000"
 1116 0075 00000000 		.ascii	"\000\000\000\000\000\000\000\000"
 1116      00000000 
 1117 007d 16010000 		.ascii	"\026\001\000\000"
 1118 0081 73745F6C 		.ascii	"st_lld_init\000"
 1118      6C645F69 
 1118      6E697400 
 1119 008d 00       		.ascii	"\000"
 1120 008e 02       		.ascii	"\002"
 1121 008f 00       		.ascii	"\000"
 1122 0090 00000000 		.ascii	"\000\000\000\000\000\000\000\000"
 1122      00000000 
 1123 0098 18010000 		.ascii	"\030\001\000\000"
 1124              		.text
 1125              		.section	.gnu.lto_.ext_symtab.5064471e51a19db9,"e",%progbits
 1126 0000 01       		.ascii	"\001"
 1127 0001 01       		.ascii	"\001"
ARM GAS  /tmp/cc3eaI69.s 			page 38


 1128 0002 00       		.ascii	"\000"
 1129 0003 01       		.ascii	"\001"
 1130 0004 00       		.ascii	"\000"
 1131 0005 01       		.ascii	"\001"
 1132 0006 00       		.ascii	"\000"
 1133 0007 01       		.ascii	"\001"
 1134 0008 00       		.ascii	"\000"
 1135 0009 01       		.ascii	"\001"
 1136 000a 00       		.ascii	"\000"
 1137 000b 01       		.ascii	"\001"
 1138 000c 00       		.ascii	"\000"
 1139              		.text
 1140              		.section	.gnu.lto_.opts,"e",%progbits
 1141 0000 272D666E 		.ascii	"'-fno-openmp' '-fno-openacc' '-fno-pie' '-fcf-prote"
 1141      6F2D6F70 
 1141      656E6D70 
 1141      2720272D 
 1141      666E6F2D 
 1142 0033 6374696F 		.ascii	"ction=none' '-g' '-mcpu=cortex-m4' '-mthumb' '-mflo"
 1142      6E3D6E6F 
 1142      6E652720 
 1142      272D6727 
 1142      20272D6D 
 1143 0066 61742D61 		.ascii	"at-abi=soft' '-mlibarch=armv7e-m' '-march=armv7e-m'"
 1143      62693D73 
 1143      6F667427 
 1143      20272D6D 
 1143      6C696261 
 1144 0099 20272D4F 		.ascii	" '-O2' '-fomit-frame-pointer' '-falign-functions=16"
 1144      32272027 
 1144      2D666F6D 
 1144      69742D66 
 1144      72616D65 
 1145 00cc 2720272D 		.ascii	"' '-ffunction-sections' '-fdata-sections' '-fno-com"
 1145      6666756E 
 1145      6374696F 
 1145      6E2D7365 
 1145      6374696F 
 1146 00ff 6D6F6E27 		.ascii	"mon' '-flto' '-Xassembler' '-alms=./build/lst/hal_s"
 1146      20272D66 
 1146      6C746F27 
 1146      20272D58 
 1146      61737365 
 1147 0132 742E6C73 		.ascii	"t.lst'\000"
 1147      742700
 1148              		.text
 1149              		.comm	__gnu_lto_slim,1,1
 1150              		.ident	"GCC: (15:13.2.rel1-2) 13.2.1 20231009"
ARM GAS  /tmp/cc3eaI69.s 			page 39


DEFINED SYMBOLS
                            *ABS*:00000000 hal_st.c
     /tmp/cc3eaI69.s:23     .gnu.debuglto_.debug_info:00000000 hal_st.c.461d7d26
                            *COM*:00000001 __gnu_lto_slim

NO UNDEFINED SYMBOLS
