ARM GAS  /tmp/ccJUbk6V.s 			page 1


   1              		.cpu cortex-m4
   2              		.arch armv7e-m
   3              		.fpu softvfp
   4              		.eabi_attribute 20, 1
   5              		.eabi_attribute 21, 1
   6              		.eabi_attribute 23, 3
   7              		.eabi_attribute 24, 1
   8              		.eabi_attribute 25, 1
   9              		.eabi_attribute 26, 1
  10              		.eabi_attribute 30, 2
  11              		.eabi_attribute 34, 1
  12              		.eabi_attribute 18, 4
  13              		.file	"hal_st_lld.c"
  14              		.file 1 "../os/common/ext/ST/STM32F4xx/stm32f401xc.h"
  15              		.file 2 "/usr/lib/gcc/arm-none-eabi/13.2.1/include/stdint.h"
  16              		.file 3 "../os/hal/ports/STM32/LLD/TIMv1/stm32_tim.h"
  17              		.file 4 "../os/rt/include/chsys.h"
  18              		.file 5 "../os/common/ports/ARMCMx/chcore_v7m.h"
  19              		.file 6 "../os/hal/ports/STM32/LLD/TIMv1/hal_st_lld.c"
  20              		.file 7 "../os/hal/osal/rt/osal.h"
  21              		.file 8 "../os/hal/ports/common/ARMCMx/nvic.h"
  22              		.file 9 "../os/common/ext/ARM/CMSIS/Core/Include/cmsis_gcc.h"
  23              		.section	.gnu.debuglto_.debug_info,"e",%progbits
  24              	.Ldebug_info0:
  25              		.hidden	hal_st_lld.c.f2ec6e77
  26              		.weak	hal_st_lld.c.f2ec6e77
  27              	hal_st_lld.c.f2ec6e77:
  28 0000 AC040000 		.4byte	0x4ac
  29 0004 0500     		.2byte	0x5
  30 0006 01       		.byte	0x1
  31 0007 04       		.byte	0x4
  32 0008 00000000 		.4byte	.Ldebug_abbrev0
  33 000c 0E       		.uleb128 0xe
  34 000d F1010000 		.4byte	.LASF70
  35 0011 1D       		.byte	0x1d
  36 0012 16030000 		.4byte	.LASF71
  37 0016 B3000000 		.4byte	.LASF72
  38 001a 00000000 		.4byte	.Ldebug_line0
  39 001e 0F       		.uleb128 0xf
  40 001f 04       		.byte	0x4
  41 0020 05       		.byte	0x5
  42 0021 696E7400 		.ascii	"int\000"
  43 0025 03       		.uleb128 0x3
  44 0026 04       		.byte	0x4
  45 0027 07       		.byte	0x7
  46 0028 C9010000 		.4byte	.LASF0
  47 002c 03       		.uleb128 0x3
  48 002d 08       		.byte	0x8
  49 002e 05       		.byte	0x5
  50 002f F1000000 		.4byte	.LASF1
  51 0033 03       		.uleb128 0x3
  52 0034 08       		.byte	0x8
  53 0035 04       		.byte	0x4
  54 0036 3D010000 		.4byte	.LASF2
  55 003a 03       		.uleb128 0x3
  56 003b 01       		.byte	0x1
  57 003c 06       		.byte	0x6
ARM GAS  /tmp/ccJUbk6V.s 			page 2


  58 003d 9D010000 		.4byte	.LASF3
  59 0041 03       		.uleb128 0x3
  60 0042 02       		.byte	0x2
  61 0043 05       		.byte	0x5
  62 0044 7B000000 		.4byte	.LASF4
  63 0048 03       		.uleb128 0x3
  64 0049 04       		.byte	0x4
  65 004a 05       		.byte	0x5
  66 004b FF000000 		.4byte	.LASF5
  67 004f 03       		.uleb128 0x3
  68 0050 01       		.byte	0x1
  69 0051 08       		.byte	0x8
  70 0052 76010000 		.4byte	.LASF6
  71 0056 03       		.uleb128 0x3
  72 0057 02       		.byte	0x2
  73 0058 07       		.byte	0x7
  74 0059 B9020000 		.4byte	.LASF7
  75 005d 09       		.uleb128 0x9
  76 005e C0010000 		.4byte	.LASF13
  77 0062 02       		.byte	0x2
  78 0063 34       		.byte	0x34
  79 0064 19       		.byte	0x19
  80 0065 6E000000 		.4byte	0x6e
  81 0069 07       		.uleb128 0x7
  82 006a 5D000000 		.4byte	0x5d
  83 006e 03       		.uleb128 0x3
  84 006f 04       		.byte	0x4
  85 0070 07       		.byte	0x7
  86 0071 DF010000 		.4byte	.LASF8
  87 0075 03       		.uleb128 0x3
  88 0076 08       		.byte	0x8
  89 0077 07       		.byte	0x7
  90 0078 A9010000 		.4byte	.LASF9
  91 007c 05       		.uleb128 0x5
  92 007d 5D000000 		.4byte	0x5d
  93 0081 8C000000 		.4byte	0x8c
  94 0085 06       		.uleb128 0x6
  95 0086 25000000 		.4byte	0x25
  96 008a 00       		.byte	0
  97 008b 00       		.byte	0
  98 008c 05       		.uleb128 0x5
  99 008d 5D000000 		.4byte	0x5d
 100 0091 9C000000 		.4byte	0x9c
 101 0095 06       		.uleb128 0x6
 102 0096 25000000 		.4byte	0x25
 103 009a 01       		.byte	0x1
 104 009b 00       		.byte	0
 105 009c 10       		.uleb128 0x10
 106 009d 10       		.byte	0x10
 107 009e 01       		.byte	0x1
 108 009f DB       		.byte	0xdb
 109 00a0 09       		.byte	0x9
 110 00a1 D3000000 		.4byte	0xd3
 111 00a5 08       		.uleb128 0x8
 112 00a6 CE030000 		.4byte	.LASF10
 113 00aa DD       		.byte	0xdd
 114 00ab 69000000 		.4byte	0x69
ARM GAS  /tmp/ccJUbk6V.s 			page 3


 115 00af 00       		.byte	0
 116 00b0 11       		.uleb128 0x11
 117 00b1 435200   		.ascii	"CR\000"
 118 00b4 01       		.byte	0x1
 119 00b5 DE       		.byte	0xde
 120 00b6 11       		.byte	0x11
 121 00b7 69000000 		.4byte	0x69
 122 00bb 04       		.byte	0x4
 123 00bc 08       		.uleb128 0x8
 124 00bd 27010000 		.4byte	.LASF11
 125 00c1 DF       		.byte	0xdf
 126 00c2 69000000 		.4byte	0x69
 127 00c6 08       		.byte	0x8
 128 00c7 08       		.uleb128 0x8
 129 00c8 94000000 		.4byte	.LASF12
 130 00cc E0       		.byte	0xe0
 131 00cd 69000000 		.4byte	0x69
 132 00d1 0C       		.byte	0xc
 133 00d2 00       		.byte	0
 134 00d3 09       		.uleb128 0x9
 135 00d4 07030000 		.4byte	.LASF14
 136 00d8 01       		.byte	0x1
 137 00d9 E1       		.byte	0xe1
 138 00da 02       		.byte	0x2
 139 00db 9C000000 		.4byte	0x9c
 140 00df 05       		.uleb128 0x5
 141 00e0 69000000 		.4byte	0x69
 142 00e4 EF000000 		.4byte	0xef
 143 00e8 06       		.uleb128 0x6
 144 00e9 25000000 		.4byte	0x25
 145 00ed 01       		.byte	0x1
 146 00ee 00       		.byte	0
 147 00ef 07       		.uleb128 0x7
 148 00f0 DF000000 		.4byte	0xdf
 149 00f4 05       		.uleb128 0x5
 150 00f5 69000000 		.4byte	0x69
 151 00f9 04010000 		.4byte	0x104
 152 00fd 06       		.uleb128 0x6
 153 00fe 25000000 		.4byte	0x25
 154 0102 03       		.byte	0x3
 155 0103 00       		.byte	0
 156 0104 07       		.uleb128 0x7
 157 0105 F4000000 		.4byte	0xf4
 158 0109 0A       		.uleb128 0xa
 159 010a 90       		.byte	0x90
 160 010b 01       		.byte	0x1
 161 010c 6201     		.2byte	0x162
 162 010e D2020000 		.4byte	0x2d2
 163 0112 02       		.uleb128 0x2
 164 0113 435200   		.ascii	"CR\000"
 165 0116 01       		.byte	0x1
 166 0117 6401     		.2byte	0x164
 167 0119 11       		.byte	0x11
 168 011a 69000000 		.4byte	0x69
 169 011e 00       		.byte	0
 170 011f 01       		.uleb128 0x1
 171 0120 B1020000 		.4byte	.LASF15
ARM GAS  /tmp/ccJUbk6V.s 			page 4


 172 0124 01       		.byte	0x1
 173 0125 6501     		.2byte	0x165
 174 0127 11       		.byte	0x11
 175 0128 69000000 		.4byte	0x69
 176 012c 04       		.byte	0x4
 177 012d 01       		.uleb128 0x1
 178 012e 8F000000 		.4byte	.LASF16
 179 0132 01       		.byte	0x1
 180 0133 6601     		.2byte	0x166
 181 0135 11       		.byte	0x11
 182 0136 69000000 		.4byte	0x69
 183 013a 08       		.byte	0x8
 184 013b 02       		.uleb128 0x2
 185 013c 43495200 		.ascii	"CIR\000"
 186 0140 01       		.byte	0x1
 187 0141 6701     		.2byte	0x167
 188 0143 11       		.byte	0x11
 189 0144 69000000 		.4byte	0x69
 190 0148 0C       		.byte	0xc
 191 0149 01       		.uleb128 0x1
 192 014a 09040000 		.4byte	.LASF17
 193 014e 01       		.byte	0x1
 194 014f 6801     		.2byte	0x168
 195 0151 11       		.byte	0x11
 196 0152 69000000 		.4byte	0x69
 197 0156 10       		.byte	0x10
 198 0157 01       		.uleb128 0x1
 199 0158 D6010000 		.4byte	.LASF18
 200 015c 01       		.byte	0x1
 201 015d 6901     		.2byte	0x169
 202 015f 11       		.byte	0x11
 203 0160 69000000 		.4byte	0x69
 204 0164 14       		.byte	0x14
 205 0165 01       		.uleb128 0x1
 206 0166 12040000 		.4byte	.LASF19
 207 016a 01       		.byte	0x1
 208 016b 6A01     		.2byte	0x16a
 209 016d 11       		.byte	0x11
 210 016e 69000000 		.4byte	0x69
 211 0172 18       		.byte	0x18
 212 0173 01       		.uleb128 0x1
 213 0174 68030000 		.4byte	.LASF20
 214 0178 01       		.byte	0x1
 215 0179 6B01     		.2byte	0x16b
 216 017b 11       		.byte	0x11
 217 017c 5D000000 		.4byte	0x5d
 218 0180 1C       		.byte	0x1c
 219 0181 01       		.uleb128 0x1
 220 0182 23000000 		.4byte	.LASF21
 221 0186 01       		.byte	0x1
 222 0187 6C01     		.2byte	0x16c
 223 0189 11       		.byte	0x11
 224 018a 69000000 		.4byte	0x69
 225 018e 20       		.byte	0x20
 226 018f 01       		.uleb128 0x1
 227 0190 55030000 		.4byte	.LASF22
 228 0194 01       		.byte	0x1
ARM GAS  /tmp/ccJUbk6V.s 			page 5


 229 0195 6D01     		.2byte	0x16d
 230 0197 11       		.byte	0x11
 231 0198 69000000 		.4byte	0x69
 232 019c 24       		.byte	0x24
 233 019d 01       		.uleb128 0x1
 234 019e 72030000 		.4byte	.LASF23
 235 01a2 01       		.byte	0x1
 236 01a3 6E01     		.2byte	0x16e
 237 01a5 11       		.byte	0x11
 238 01a6 8C000000 		.4byte	0x8c
 239 01aa 28       		.byte	0x28
 240 01ab 01       		.uleb128 0x1
 241 01ac C6030000 		.4byte	.LASF24
 242 01b0 01       		.byte	0x1
 243 01b1 6F01     		.2byte	0x16f
 244 01b3 11       		.byte	0x11
 245 01b4 69000000 		.4byte	0x69
 246 01b8 30       		.byte	0x30
 247 01b9 01       		.uleb128 0x1
 248 01ba 2C000000 		.4byte	.LASF25
 249 01be 01       		.byte	0x1
 250 01bf 7001     		.2byte	0x170
 251 01c1 11       		.byte	0x11
 252 01c2 69000000 		.4byte	0x69
 253 01c6 34       		.byte	0x34
 254 01c7 01       		.uleb128 0x1
 255 01c8 AB000000 		.4byte	.LASF26
 256 01cc 01       		.byte	0x1
 257 01cd 7101     		.2byte	0x171
 258 01cf 11       		.byte	0x11
 259 01d0 69000000 		.4byte	0x69
 260 01d4 38       		.byte	0x38
 261 01d5 01       		.uleb128 0x1
 262 01d6 7C030000 		.4byte	.LASF27
 263 01da 01       		.byte	0x1
 264 01db 7201     		.2byte	0x172
 265 01dd 11       		.byte	0x11
 266 01de 5D000000 		.4byte	0x5d
 267 01e2 3C       		.byte	0x3c
 268 01e3 01       		.uleb128 0x1
 269 01e4 9B000000 		.4byte	.LASF28
 270 01e8 01       		.byte	0x1
 271 01e9 7301     		.2byte	0x173
 272 01eb 11       		.byte	0x11
 273 01ec 69000000 		.4byte	0x69
 274 01f0 40       		.byte	0x40
 275 01f1 01       		.uleb128 0x1
 276 01f2 84010000 		.4byte	.LASF29
 277 01f6 01       		.byte	0x1
 278 01f7 7401     		.2byte	0x174
 279 01f9 11       		.byte	0x11
 280 01fa 69000000 		.4byte	0x69
 281 01fe 44       		.byte	0x44
 282 01ff 01       		.uleb128 0x1
 283 0200 86030000 		.4byte	.LASF30
 284 0204 01       		.byte	0x1
 285 0205 7501     		.2byte	0x175
ARM GAS  /tmp/ccJUbk6V.s 			page 6


 286 0207 11       		.byte	0x11
 287 0208 8C000000 		.4byte	0x8c
 288 020c 48       		.byte	0x48
 289 020d 01       		.uleb128 0x1
 290 020e 00000000 		.4byte	.LASF31
 291 0212 01       		.byte	0x1
 292 0213 7601     		.2byte	0x176
 293 0215 11       		.byte	0x11
 294 0216 69000000 		.4byte	0x69
 295 021a 50       		.byte	0x50
 296 021b 01       		.uleb128 0x1
 297 021c 5E030000 		.4byte	.LASF32
 298 0220 01       		.byte	0x1
 299 0221 7701     		.2byte	0x177
 300 0223 11       		.byte	0x11
 301 0224 69000000 		.4byte	0x69
 302 0228 54       		.byte	0x54
 303 0229 01       		.uleb128 0x1
 304 022a 85000000 		.4byte	.LASF33
 305 022e 01       		.byte	0x1
 306 022f 7801     		.2byte	0x178
 307 0231 11       		.byte	0x11
 308 0232 69000000 		.4byte	0x69
 309 0236 58       		.byte	0x58
 310 0237 01       		.uleb128 0x1
 311 0238 90030000 		.4byte	.LASF34
 312 023c 01       		.byte	0x1
 313 023d 7901     		.2byte	0x179
 314 023f 11       		.byte	0x11
 315 0240 5D000000 		.4byte	0x5d
 316 0244 5C       		.byte	0x5c
 317 0245 01       		.uleb128 0x1
 318 0246 D4020000 		.4byte	.LASF35
 319 024a 01       		.byte	0x1
 320 024b 7A01     		.2byte	0x17a
 321 024d 11       		.byte	0x11
 322 024e 69000000 		.4byte	0x69
 323 0252 60       		.byte	0x60
 324 0253 01       		.uleb128 0x1
 325 0254 1B040000 		.4byte	.LASF36
 326 0258 01       		.byte	0x1
 327 0259 7B01     		.2byte	0x17b
 328 025b 11       		.byte	0x11
 329 025c 69000000 		.4byte	0x69
 330 0260 64       		.byte	0x64
 331 0261 01       		.uleb128 0x1
 332 0262 9A030000 		.4byte	.LASF37
 333 0266 01       		.byte	0x1
 334 0267 7C01     		.2byte	0x17c
 335 0269 11       		.byte	0x11
 336 026a 8C000000 		.4byte	0x8c
 337 026e 68       		.byte	0x68
 338 026f 01       		.uleb128 0x1
 339 0270 4A000000 		.4byte	.LASF38
 340 0274 01       		.byte	0x1
 341 0275 7D01     		.2byte	0x17d
 342 0277 11       		.byte	0x11
ARM GAS  /tmp/ccJUbk6V.s 			page 7


 343 0278 69000000 		.4byte	0x69
 344 027c 70       		.byte	0x70
 345 027d 02       		.uleb128 0x2
 346 027e 43535200 		.ascii	"CSR\000"
 347 0282 01       		.byte	0x1
 348 0283 7E01     		.2byte	0x17e
 349 0285 11       		.byte	0x11
 350 0286 69000000 		.4byte	0x69
 351 028a 74       		.byte	0x74
 352 028b 01       		.uleb128 0x1
 353 028c A4030000 		.4byte	.LASF39
 354 0290 01       		.byte	0x1
 355 0291 7F01     		.2byte	0x17f
 356 0293 11       		.byte	0x11
 357 0294 8C000000 		.4byte	0x8c
 358 0298 78       		.byte	0x78
 359 0299 01       		.uleb128 0x1
 360 029a 75000000 		.4byte	.LASF40
 361 029e 01       		.byte	0x1
 362 029f 8001     		.2byte	0x180
 363 02a1 11       		.byte	0x11
 364 02a2 69000000 		.4byte	0x69
 365 02a6 80       		.byte	0x80
 366 02a7 01       		.uleb128 0x1
 367 02a8 60000000 		.4byte	.LASF41
 368 02ac 01       		.byte	0x1
 369 02ad 8101     		.2byte	0x181
 370 02af 11       		.byte	0x11
 371 02b0 69000000 		.4byte	0x69
 372 02b4 84       		.byte	0x84
 373 02b5 01       		.uleb128 0x1
 374 02b6 AE030000 		.4byte	.LASF42
 375 02ba 01       		.byte	0x1
 376 02bb 8201     		.2byte	0x182
 377 02bd 11       		.byte	0x11
 378 02be 7C000000 		.4byte	0x7c
 379 02c2 88       		.byte	0x88
 380 02c3 01       		.uleb128 0x1
 381 02c4 A3000000 		.4byte	.LASF43
 382 02c8 01       		.byte	0x1
 383 02c9 8301     		.2byte	0x183
 384 02cb 11       		.byte	0x11
 385 02cc 69000000 		.4byte	0x69
 386 02d0 8C       		.byte	0x8c
 387 02d1 00       		.byte	0
 388 02d2 0B       		.uleb128 0xb
 389 02d3 08010000 		.4byte	.LASF44
 390 02d7 01       		.byte	0x1
 391 02d8 8401     		.2byte	0x184
 392 02da 09010000 		.4byte	0x109
 393 02de 0A       		.uleb128 0xa
 394 02df 60       		.byte	0x60
 395 02e0 03       		.byte	0x3
 396 02e1 F501     		.2byte	0x1f5
 397 02e3 FE030000 		.4byte	0x3fe
 398 02e7 02       		.uleb128 0x2
 399 02e8 43523100 		.ascii	"CR1\000"
ARM GAS  /tmp/ccJUbk6V.s 			page 8


 400 02ec 03       		.byte	0x3
 401 02ed F601     		.2byte	0x1f6
 402 02ef 19       		.byte	0x19
 403 02f0 69000000 		.4byte	0x69
 404 02f4 00       		.byte	0
 405 02f5 02       		.uleb128 0x2
 406 02f6 43523200 		.ascii	"CR2\000"
 407 02fa 03       		.byte	0x3
 408 02fb F701     		.2byte	0x1f7
 409 02fd 19       		.byte	0x19
 410 02fe 69000000 		.4byte	0x69
 411 0302 04       		.byte	0x4
 412 0303 01       		.uleb128 0x1
 413 0304 5E010000 		.4byte	.LASF45
 414 0308 03       		.byte	0x3
 415 0309 F801     		.2byte	0x1f8
 416 030b 19       		.byte	0x19
 417 030c 69000000 		.4byte	0x69
 418 0310 08       		.byte	0x8
 419 0311 01       		.uleb128 0x1
 420 0312 AC020000 		.4byte	.LASF46
 421 0316 03       		.byte	0x3
 422 0317 F901     		.2byte	0x1f9
 423 0319 19       		.byte	0x19
 424 031a 69000000 		.4byte	0x69
 425 031e 0C       		.byte	0xc
 426 031f 02       		.uleb128 0x2
 427 0320 535200   		.ascii	"SR\000"
 428 0323 03       		.byte	0x3
 429 0324 FA01     		.2byte	0x1fa
 430 0326 19       		.byte	0x19
 431 0327 69000000 		.4byte	0x69
 432 032b 10       		.byte	0x10
 433 032c 02       		.uleb128 0x2
 434 032d 45475200 		.ascii	"EGR\000"
 435 0331 03       		.byte	0x3
 436 0332 FB01     		.2byte	0x1fb
 437 0334 19       		.byte	0x19
 438 0335 69000000 		.4byte	0x69
 439 0339 14       		.byte	0x14
 440 033a 01       		.uleb128 0x1
 441 033b 39000000 		.4byte	.LASF47
 442 033f 03       		.byte	0x3
 443 0340 FC01     		.2byte	0x1fc
 444 0342 19       		.byte	0x19
 445 0343 69000000 		.4byte	0x69
 446 0347 18       		.byte	0x18
 447 0348 01       		.uleb128 0x1
 448 0349 3F000000 		.4byte	.LASF48
 449 034d 03       		.byte	0x3
 450 034e FD01     		.2byte	0x1fd
 451 0350 19       		.byte	0x19
 452 0351 69000000 		.4byte	0x69
 453 0355 1C       		.byte	0x1c
 454 0356 01       		.uleb128 0x1
 455 0357 0A000000 		.4byte	.LASF49
 456 035b 03       		.byte	0x3
ARM GAS  /tmp/ccJUbk6V.s 			page 9


 457 035c FE01     		.2byte	0x1fe
 458 035e 19       		.byte	0x19
 459 035f 69000000 		.4byte	0x69
 460 0363 20       		.byte	0x20
 461 0364 02       		.uleb128 0x2
 462 0365 434E5400 		.ascii	"CNT\000"
 463 0369 03       		.byte	0x3
 464 036a FF01     		.2byte	0x1ff
 465 036c 19       		.byte	0x19
 466 036d 69000000 		.4byte	0x69
 467 0371 24       		.byte	0x24
 468 0372 02       		.uleb128 0x2
 469 0373 50534300 		.ascii	"PSC\000"
 470 0377 03       		.byte	0x3
 471 0378 0002     		.2byte	0x200
 472 037a 19       		.byte	0x19
 473 037b 69000000 		.4byte	0x69
 474 037f 28       		.byte	0x28
 475 0380 02       		.uleb128 0x2
 476 0381 41525200 		.ascii	"ARR\000"
 477 0385 03       		.byte	0x3
 478 0386 0102     		.2byte	0x201
 479 0388 19       		.byte	0x19
 480 0389 69000000 		.4byte	0x69
 481 038d 2C       		.byte	0x2c
 482 038e 02       		.uleb128 0x2
 483 038f 52435200 		.ascii	"RCR\000"
 484 0393 03       		.byte	0x3
 485 0394 0202     		.2byte	0x202
 486 0396 19       		.byte	0x19
 487 0397 69000000 		.4byte	0x69
 488 039b 30       		.byte	0x30
 489 039c 02       		.uleb128 0x2
 490 039d 43435200 		.ascii	"CCR\000"
 491 03a1 03       		.byte	0x3
 492 03a2 0302     		.2byte	0x203
 493 03a4 19       		.byte	0x19
 494 03a5 04010000 		.4byte	0x104
 495 03a9 34       		.byte	0x34
 496 03aa 01       		.uleb128 0x1
 497 03ab EF020000 		.4byte	.LASF50
 498 03af 03       		.byte	0x3
 499 03b0 0402     		.2byte	0x204
 500 03b2 19       		.byte	0x19
 501 03b3 69000000 		.4byte	0x69
 502 03b7 44       		.byte	0x44
 503 03b8 02       		.uleb128 0x2
 504 03b9 44435200 		.ascii	"DCR\000"
 505 03bd 03       		.byte	0x3
 506 03be 0502     		.2byte	0x205
 507 03c0 19       		.byte	0x19
 508 03c1 69000000 		.4byte	0x69
 509 03c5 48       		.byte	0x48
 510 03c6 01       		.uleb128 0x1
 511 03c7 34000000 		.4byte	.LASF51
 512 03cb 03       		.byte	0x3
 513 03cc 0602     		.2byte	0x206
ARM GAS  /tmp/ccJUbk6V.s 			page 10


 514 03ce 19       		.byte	0x19
 515 03cf 69000000 		.4byte	0x69
 516 03d3 4C       		.byte	0x4c
 517 03d4 02       		.uleb128 0x2
 518 03d5 4F5200   		.ascii	"OR\000"
 519 03d8 03       		.byte	0x3
 520 03d9 0702     		.2byte	0x207
 521 03db 19       		.byte	0x19
 522 03dc 69000000 		.4byte	0x69
 523 03e0 50       		.byte	0x50
 524 03e1 01       		.uleb128 0x1
 525 03e2 37010000 		.4byte	.LASF52
 526 03e6 03       		.byte	0x3
 527 03e7 0802     		.2byte	0x208
 528 03e9 19       		.byte	0x19
 529 03ea 69000000 		.4byte	0x69
 530 03ee 54       		.byte	0x54
 531 03ef 01       		.uleb128 0x1
 532 03f0 45000000 		.4byte	.LASF53
 533 03f4 03       		.byte	0x3
 534 03f5 0902     		.2byte	0x209
 535 03f7 19       		.byte	0x19
 536 03f8 EF000000 		.4byte	0xef
 537 03fc 58       		.byte	0x58
 538 03fd 00       		.byte	0
 539 03fe 0B       		.uleb128 0xb
 540 03ff E3020000 		.4byte	.LASF54
 541 0403 03       		.byte	0x3
 542 0404 0A02     		.2byte	0x20a
 543 0406 DE020000 		.4byte	0x2de
 544 040a 03       		.uleb128 0x3
 545 040b 01       		.byte	0x1
 546 040c 08       		.byte	0x8
 547 040d DE020000 		.4byte	.LASF55
 548 0411 03       		.uleb128 0x3
 549 0412 01       		.byte	0x1
 550 0413 02       		.byte	0x2
 551 0414 43030000 		.4byte	.LASF56
 552 0418 12       		.uleb128 0x12
 553 0419 8C010000 		.4byte	.LASF73
 554 041d 08       		.byte	0x8
 555 041e 4E       		.byte	0x4e
 556 041f 08       		.byte	0x8
 557 0420 2F040000 		.4byte	0x42f
 558 0424 0C       		.uleb128 0xc
 559 0425 5D000000 		.4byte	0x5d
 560 0429 0C       		.uleb128 0xc
 561 042a 5D000000 		.4byte	0x5d
 562 042e 00       		.byte	0
 563 042f 0D       		.uleb128 0xd
 564 0430 EA030000 		.4byte	.LASF57
 565 0434 04       		.byte	0x4
 566 0435 1F01     		.2byte	0x11f
 567 0437 0D       		.uleb128 0xd
 568 0438 63010000 		.4byte	.LASF58
 569 043c 05       		.byte	0x5
 570 043d F501     		.2byte	0x1f5
ARM GAS  /tmp/ccJUbk6V.s 			page 11


 571 043f 13       		.uleb128 0x13
 572 0440 FD030000 		.4byte	.LASF59
 573 0444 06       		.byte	0x6
 574 0445 1901     		.2byte	0x119
 575 0447 06       		.byte	0x6
 576 0448 14       		.uleb128 0x14
 577 0449 2E010000 		.4byte	.LASF60
 578 044d 06       		.byte	0x6
 579 044e FD       		.byte	0xfd
 580 044f 01       		.byte	0x1
 581 0450 04       		.uleb128 0x4
 582 0451 0F000000 		.4byte	.LASF61
 583 0455 07       		.byte	0x7
 584 0456 5902     		.2byte	0x259
 585 0458 04       		.uleb128 0x4
 586 0459 49010000 		.4byte	.LASF62
 587 045d 07       		.byte	0x7
 588 045e 1E02     		.2byte	0x21e
 589 0460 04       		.uleb128 0x4
 590 0461 F4020000 		.4byte	.LASF63
 591 0465 07       		.byte	0x7
 592 0466 1302     		.2byte	0x213
 593 0468 04       		.uleb128 0x4
 594 0469 DE000000 		.4byte	.LASF64
 595 046d 04       		.byte	0x4
 596 046e 9D01     		.2byte	0x19d
 597 0470 04       		.uleb128 0x4
 598 0471 4F000000 		.4byte	.LASF65
 599 0475 04       		.byte	0x4
 600 0476 8901     		.2byte	0x189
 601 0478 04       		.uleb128 0x4
 602 0479 D5030000 		.4byte	.LASF66
 603 047d 05       		.byte	0x5
 604 047e 8F02     		.2byte	0x28f
 605 0480 04       		.uleb128 0x4
 606 0481 14010000 		.4byte	.LASF67
 607 0485 05       		.byte	0x5
 608 0486 8402     		.2byte	0x284
 609 0488 04       		.uleb128 0x4
 610 0489 49030000 		.4byte	.LASF68
 611 048d 05       		.byte	0x5
 612 048e 7502     		.2byte	0x275
 613 0490 04       		.uleb128 0x4
 614 0491 6B000000 		.4byte	.LASF69
 615 0495 05       		.byte	0x5
 616 0496 5D02     		.2byte	0x25d
 617 0498 15       		.uleb128 0x15
 618 0499 B8030000 		.4byte	.LASF74
 619 049d 09       		.byte	0x9
 620 049e EB01     		.2byte	0x1eb
 621 04a0 1B       		.byte	0x1b
 622 04a1 16       		.uleb128 0x16
 623 04a2 CC020000 		.4byte	.LASF75
 624 04a6 09       		.byte	0x9
 625 04a7 EB01     		.2byte	0x1eb
 626 04a9 32       		.byte	0x32
 627 04aa 5D000000 		.4byte	0x5d
ARM GAS  /tmp/ccJUbk6V.s 			page 12


 628 04ae 00       		.byte	0
 629 04af 00       		.byte	0
 630              		.section	.gnu.debuglto_.debug_abbrev,"e",%progbits
 631              	.Ldebug_abbrev0:
 632 0000 01       		.uleb128 0x1
 633 0001 0D       		.uleb128 0xd
 634 0002 00       		.byte	0
 635 0003 03       		.uleb128 0x3
 636 0004 0E       		.uleb128 0xe
 637 0005 3A       		.uleb128 0x3a
 638 0006 0B       		.uleb128 0xb
 639 0007 3B       		.uleb128 0x3b
 640 0008 05       		.uleb128 0x5
 641 0009 39       		.uleb128 0x39
 642 000a 0B       		.uleb128 0xb
 643 000b 49       		.uleb128 0x49
 644 000c 13       		.uleb128 0x13
 645 000d 38       		.uleb128 0x38
 646 000e 0B       		.uleb128 0xb
 647 000f 00       		.byte	0
 648 0010 00       		.byte	0
 649 0011 02       		.uleb128 0x2
 650 0012 0D       		.uleb128 0xd
 651 0013 00       		.byte	0
 652 0014 03       		.uleb128 0x3
 653 0015 08       		.uleb128 0x8
 654 0016 3A       		.uleb128 0x3a
 655 0017 0B       		.uleb128 0xb
 656 0018 3B       		.uleb128 0x3b
 657 0019 05       		.uleb128 0x5
 658 001a 39       		.uleb128 0x39
 659 001b 0B       		.uleb128 0xb
 660 001c 49       		.uleb128 0x49
 661 001d 13       		.uleb128 0x13
 662 001e 38       		.uleb128 0x38
 663 001f 0B       		.uleb128 0xb
 664 0020 00       		.byte	0
 665 0021 00       		.byte	0
 666 0022 03       		.uleb128 0x3
 667 0023 24       		.uleb128 0x24
 668 0024 00       		.byte	0
 669 0025 0B       		.uleb128 0xb
 670 0026 0B       		.uleb128 0xb
 671 0027 3E       		.uleb128 0x3e
 672 0028 0B       		.uleb128 0xb
 673 0029 03       		.uleb128 0x3
 674 002a 0E       		.uleb128 0xe
 675 002b 00       		.byte	0
 676 002c 00       		.byte	0
 677 002d 04       		.uleb128 0x4
 678 002e 2E       		.uleb128 0x2e
 679 002f 00       		.byte	0
 680 0030 03       		.uleb128 0x3
 681 0031 0E       		.uleb128 0xe
 682 0032 3A       		.uleb128 0x3a
 683 0033 0B       		.uleb128 0xb
 684 0034 3B       		.uleb128 0x3b
ARM GAS  /tmp/ccJUbk6V.s 			page 13


 685 0035 05       		.uleb128 0x5
 686 0036 39       		.uleb128 0x39
 687 0037 21       		.uleb128 0x21
 688 0038 14       		.sleb128 20
 689 0039 27       		.uleb128 0x27
 690 003a 19       		.uleb128 0x19
 691 003b 00       		.byte	0
 692 003c 00       		.byte	0
 693 003d 05       		.uleb128 0x5
 694 003e 01       		.uleb128 0x1
 695 003f 01       		.byte	0x1
 696 0040 49       		.uleb128 0x49
 697 0041 13       		.uleb128 0x13
 698 0042 01       		.uleb128 0x1
 699 0043 13       		.uleb128 0x13
 700 0044 00       		.byte	0
 701 0045 00       		.byte	0
 702 0046 06       		.uleb128 0x6
 703 0047 21       		.uleb128 0x21
 704 0048 00       		.byte	0
 705 0049 49       		.uleb128 0x49
 706 004a 13       		.uleb128 0x13
 707 004b 2F       		.uleb128 0x2f
 708 004c 0B       		.uleb128 0xb
 709 004d 00       		.byte	0
 710 004e 00       		.byte	0
 711 004f 07       		.uleb128 0x7
 712 0050 35       		.uleb128 0x35
 713 0051 00       		.byte	0
 714 0052 49       		.uleb128 0x49
 715 0053 13       		.uleb128 0x13
 716 0054 00       		.byte	0
 717 0055 00       		.byte	0
 718 0056 08       		.uleb128 0x8
 719 0057 0D       		.uleb128 0xd
 720 0058 00       		.byte	0
 721 0059 03       		.uleb128 0x3
 722 005a 0E       		.uleb128 0xe
 723 005b 3A       		.uleb128 0x3a
 724 005c 21       		.uleb128 0x21
 725 005d 01       		.sleb128 1
 726 005e 3B       		.uleb128 0x3b
 727 005f 0B       		.uleb128 0xb
 728 0060 39       		.uleb128 0x39
 729 0061 21       		.uleb128 0x21
 730 0062 11       		.sleb128 17
 731 0063 49       		.uleb128 0x49
 732 0064 13       		.uleb128 0x13
 733 0065 38       		.uleb128 0x38
 734 0066 0B       		.uleb128 0xb
 735 0067 00       		.byte	0
 736 0068 00       		.byte	0
 737 0069 09       		.uleb128 0x9
 738 006a 16       		.uleb128 0x16
 739 006b 00       		.byte	0
 740 006c 03       		.uleb128 0x3
 741 006d 0E       		.uleb128 0xe
ARM GAS  /tmp/ccJUbk6V.s 			page 14


 742 006e 3A       		.uleb128 0x3a
 743 006f 0B       		.uleb128 0xb
 744 0070 3B       		.uleb128 0x3b
 745 0071 0B       		.uleb128 0xb
 746 0072 39       		.uleb128 0x39
 747 0073 0B       		.uleb128 0xb
 748 0074 49       		.uleb128 0x49
 749 0075 13       		.uleb128 0x13
 750 0076 00       		.byte	0
 751 0077 00       		.byte	0
 752 0078 0A       		.uleb128 0xa
 753 0079 13       		.uleb128 0x13
 754 007a 01       		.byte	0x1
 755 007b 0B       		.uleb128 0xb
 756 007c 0B       		.uleb128 0xb
 757 007d 3A       		.uleb128 0x3a
 758 007e 0B       		.uleb128 0xb
 759 007f 3B       		.uleb128 0x3b
 760 0080 05       		.uleb128 0x5
 761 0081 39       		.uleb128 0x39
 762 0082 21       		.uleb128 0x21
 763 0083 09       		.sleb128 9
 764 0084 01       		.uleb128 0x1
 765 0085 13       		.uleb128 0x13
 766 0086 00       		.byte	0
 767 0087 00       		.byte	0
 768 0088 0B       		.uleb128 0xb
 769 0089 16       		.uleb128 0x16
 770 008a 00       		.byte	0
 771 008b 03       		.uleb128 0x3
 772 008c 0E       		.uleb128 0xe
 773 008d 3A       		.uleb128 0x3a
 774 008e 0B       		.uleb128 0xb
 775 008f 3B       		.uleb128 0x3b
 776 0090 05       		.uleb128 0x5
 777 0091 39       		.uleb128 0x39
 778 0092 21       		.uleb128 0x21
 779 0093 03       		.sleb128 3
 780 0094 49       		.uleb128 0x49
 781 0095 13       		.uleb128 0x13
 782 0096 00       		.byte	0
 783 0097 00       		.byte	0
 784 0098 0C       		.uleb128 0xc
 785 0099 05       		.uleb128 0x5
 786 009a 00       		.byte	0
 787 009b 49       		.uleb128 0x49
 788 009c 13       		.uleb128 0x13
 789 009d 00       		.byte	0
 790 009e 00       		.byte	0
 791 009f 0D       		.uleb128 0xd
 792 00a0 2E       		.uleb128 0x2e
 793 00a1 00       		.byte	0
 794 00a2 3F       		.uleb128 0x3f
 795 00a3 19       		.uleb128 0x19
 796 00a4 03       		.uleb128 0x3
 797 00a5 0E       		.uleb128 0xe
 798 00a6 3A       		.uleb128 0x3a
ARM GAS  /tmp/ccJUbk6V.s 			page 15


 799 00a7 0B       		.uleb128 0xb
 800 00a8 3B       		.uleb128 0x3b
 801 00a9 05       		.uleb128 0x5
 802 00aa 39       		.uleb128 0x39
 803 00ab 21       		.uleb128 0x21
 804 00ac 08       		.sleb128 8
 805 00ad 27       		.uleb128 0x27
 806 00ae 19       		.uleb128 0x19
 807 00af 3C       		.uleb128 0x3c
 808 00b0 19       		.uleb128 0x19
 809 00b1 00       		.byte	0
 810 00b2 00       		.byte	0
 811 00b3 0E       		.uleb128 0xe
 812 00b4 11       		.uleb128 0x11
 813 00b5 01       		.byte	0x1
 814 00b6 25       		.uleb128 0x25
 815 00b7 0E       		.uleb128 0xe
 816 00b8 13       		.uleb128 0x13
 817 00b9 0B       		.uleb128 0xb
 818 00ba 03       		.uleb128 0x3
 819 00bb 0E       		.uleb128 0xe
 820 00bc 1B       		.uleb128 0x1b
 821 00bd 0E       		.uleb128 0xe
 822 00be 10       		.uleb128 0x10
 823 00bf 17       		.uleb128 0x17
 824 00c0 00       		.byte	0
 825 00c1 00       		.byte	0
 826 00c2 0F       		.uleb128 0xf
 827 00c3 24       		.uleb128 0x24
 828 00c4 00       		.byte	0
 829 00c5 0B       		.uleb128 0xb
 830 00c6 0B       		.uleb128 0xb
 831 00c7 3E       		.uleb128 0x3e
 832 00c8 0B       		.uleb128 0xb
 833 00c9 03       		.uleb128 0x3
 834 00ca 08       		.uleb128 0x8
 835 00cb 00       		.byte	0
 836 00cc 00       		.byte	0
 837 00cd 10       		.uleb128 0x10
 838 00ce 13       		.uleb128 0x13
 839 00cf 01       		.byte	0x1
 840 00d0 0B       		.uleb128 0xb
 841 00d1 0B       		.uleb128 0xb
 842 00d2 3A       		.uleb128 0x3a
 843 00d3 0B       		.uleb128 0xb
 844 00d4 3B       		.uleb128 0x3b
 845 00d5 0B       		.uleb128 0xb
 846 00d6 39       		.uleb128 0x39
 847 00d7 0B       		.uleb128 0xb
 848 00d8 01       		.uleb128 0x1
 849 00d9 13       		.uleb128 0x13
 850 00da 00       		.byte	0
 851 00db 00       		.byte	0
 852 00dc 11       		.uleb128 0x11
 853 00dd 0D       		.uleb128 0xd
 854 00de 00       		.byte	0
 855 00df 03       		.uleb128 0x3
ARM GAS  /tmp/ccJUbk6V.s 			page 16


 856 00e0 08       		.uleb128 0x8
 857 00e1 3A       		.uleb128 0x3a
 858 00e2 0B       		.uleb128 0xb
 859 00e3 3B       		.uleb128 0x3b
 860 00e4 0B       		.uleb128 0xb
 861 00e5 39       		.uleb128 0x39
 862 00e6 0B       		.uleb128 0xb
 863 00e7 49       		.uleb128 0x49
 864 00e8 13       		.uleb128 0x13
 865 00e9 38       		.uleb128 0x38
 866 00ea 0B       		.uleb128 0xb
 867 00eb 00       		.byte	0
 868 00ec 00       		.byte	0
 869 00ed 12       		.uleb128 0x12
 870 00ee 2E       		.uleb128 0x2e
 871 00ef 01       		.byte	0x1
 872 00f0 3F       		.uleb128 0x3f
 873 00f1 19       		.uleb128 0x19
 874 00f2 03       		.uleb128 0x3
 875 00f3 0E       		.uleb128 0xe
 876 00f4 3A       		.uleb128 0x3a
 877 00f5 0B       		.uleb128 0xb
 878 00f6 3B       		.uleb128 0x3b
 879 00f7 0B       		.uleb128 0xb
 880 00f8 39       		.uleb128 0x39
 881 00f9 0B       		.uleb128 0xb
 882 00fa 27       		.uleb128 0x27
 883 00fb 19       		.uleb128 0x19
 884 00fc 3C       		.uleb128 0x3c
 885 00fd 19       		.uleb128 0x19
 886 00fe 01       		.uleb128 0x1
 887 00ff 13       		.uleb128 0x13
 888 0100 00       		.byte	0
 889 0101 00       		.byte	0
 890 0102 13       		.uleb128 0x13
 891 0103 2E       		.uleb128 0x2e
 892 0104 00       		.byte	0
 893 0105 3F       		.uleb128 0x3f
 894 0106 19       		.uleb128 0x19
 895 0107 03       		.uleb128 0x3
 896 0108 0E       		.uleb128 0xe
 897 0109 3A       		.uleb128 0x3a
 898 010a 0B       		.uleb128 0xb
 899 010b 3B       		.uleb128 0x3b
 900 010c 05       		.uleb128 0x5
 901 010d 39       		.uleb128 0x39
 902 010e 0B       		.uleb128 0xb
 903 010f 27       		.uleb128 0x27
 904 0110 19       		.uleb128 0x19
 905 0111 00       		.byte	0
 906 0112 00       		.byte	0
 907 0113 14       		.uleb128 0x14
 908 0114 2E       		.uleb128 0x2e
 909 0115 00       		.byte	0
 910 0116 3F       		.uleb128 0x3f
 911 0117 19       		.uleb128 0x19
 912 0118 03       		.uleb128 0x3
ARM GAS  /tmp/ccJUbk6V.s 			page 17


 913 0119 0E       		.uleb128 0xe
 914 011a 3A       		.uleb128 0x3a
 915 011b 0B       		.uleb128 0xb
 916 011c 3B       		.uleb128 0x3b
 917 011d 0B       		.uleb128 0xb
 918 011e 39       		.uleb128 0x39
 919 011f 0B       		.uleb128 0xb
 920 0120 27       		.uleb128 0x27
 921 0121 19       		.uleb128 0x19
 922 0122 00       		.byte	0
 923 0123 00       		.byte	0
 924 0124 15       		.uleb128 0x15
 925 0125 2E       		.uleb128 0x2e
 926 0126 01       		.byte	0x1
 927 0127 03       		.uleb128 0x3
 928 0128 0E       		.uleb128 0xe
 929 0129 3A       		.uleb128 0x3a
 930 012a 0B       		.uleb128 0xb
 931 012b 3B       		.uleb128 0x3b
 932 012c 05       		.uleb128 0x5
 933 012d 39       		.uleb128 0x39
 934 012e 0B       		.uleb128 0xb
 935 012f 27       		.uleb128 0x27
 936 0130 19       		.uleb128 0x19
 937 0131 00       		.byte	0
 938 0132 00       		.byte	0
 939 0133 16       		.uleb128 0x16
 940 0134 05       		.uleb128 0x5
 941 0135 00       		.byte	0
 942 0136 03       		.uleb128 0x3
 943 0137 0E       		.uleb128 0xe
 944 0138 3A       		.uleb128 0x3a
 945 0139 0B       		.uleb128 0xb
 946 013a 3B       		.uleb128 0x3b
 947 013b 05       		.uleb128 0x5
 948 013c 39       		.uleb128 0x39
 949 013d 0B       		.uleb128 0xb
 950 013e 49       		.uleb128 0x49
 951 013f 13       		.uleb128 0x13
 952 0140 00       		.byte	0
 953 0141 00       		.byte	0
 954 0142 00       		.byte	0
 955              		.section	.gnu.debuglto_.debug_line,"e",%progbits
 956              	.Ldebug_line0:
 957 0000 7A000000 		.4byte	.LELT0-.LSLT0
 958              	.LSLT0:
 959 0004 0500     		.2byte	0x5
 960 0006 04       		.byte	0x4
 961 0007 00       		.byte	0
 962 0008 72000000 		.4byte	.LELTP0-.LASLTP0
 963              	.LASLTP0:
 964 000c 01       		.byte	0x1
 965 000d 01       		.byte	0x1
 966 000e 01       		.byte	0x1
 967 000f F6       		.byte	0xf6
 968 0010 F2       		.byte	0xf2
 969 0011 0D       		.byte	0xd
ARM GAS  /tmp/ccJUbk6V.s 			page 18


 970 0012 00       		.byte	0
 971 0013 01       		.byte	0x1
 972 0014 01       		.byte	0x1
 973 0015 01       		.byte	0x1
 974 0016 01       		.byte	0x1
 975 0017 00       		.byte	0
 976 0018 00       		.byte	0
 977 0019 00       		.byte	0
 978 001a 01       		.byte	0x1
 979 001b 00       		.byte	0
 980 001c 00       		.byte	0
 981 001d 01       		.byte	0x1
 982 001e 01       		.byte	0x1
 983 001f 01       		.uleb128 0x1
 984 0020 1F       		.uleb128 0x1f
 985 0021 09       		.uleb128 0x9
 986 0022 48000000 		.4byte	.LASF76
 987 0026 3B010000 		.4byte	.LASF77
 988 002a 72010000 		.4byte	.LASF78
 989 002e C9000000 		.4byte	.LASF79
 990 0032 90010000 		.4byte	.LASF80
 991 0036 9D000000 		.4byte	.LASF81
 992 003a 10010000 		.4byte	.LASF82
 993 003e 0E000000 		.4byte	.LASF83
 994 0042 73000000 		.4byte	.LASF84
 995 0046 02       		.byte	0x2
 996 0047 01       		.uleb128 0x1
 997 0048 1F       		.uleb128 0x1f
 998 0049 02       		.uleb128 0x2
 999 004a 0B       		.uleb128 0xb
 1000 004b 0A       		.uleb128 0xa
 1001 004c E3000000 		.4byte	.LASF85
 1002 0050 00       		.byte	0
 1003 0051 00000000 		.4byte	.LASF86
 1004 0055 02       		.byte	0x2
 1005 0056 2C000000 		.4byte	.LASF87
 1006 005a 08       		.byte	0x8
 1007 005b BD000000 		.4byte	.LASF88
 1008 005f 05       		.byte	0x5
 1009 0060 63010000 		.4byte	.LASF89
 1010 0064 07       		.byte	0x7
 1011 0065 2E010000 		.4byte	.LASF90
 1012 0069 03       		.byte	0x3
 1013 006a 1F000000 		.4byte	.LASF91
 1014 006e 05       		.byte	0x5
 1015 006f 35000000 		.4byte	.LASF92
 1016 0073 04       		.byte	0x4
 1017 0074 6B010000 		.4byte	.LASF93
 1018 0078 06       		.byte	0x6
 1019 0079 3C000000 		.4byte	.LASF94
 1020 007d 01       		.byte	0x1
 1021              	.LELTP0:
 1022              	.LELT0:
 1023              		.section	.gnu.debuglto_.debug_str,"eMS",%progbits,1
 1024              	.LASF31:
 1025 0000 41484231 		.ascii	"AHB1LPENR\000"
 1025      4C50454E 
ARM GAS  /tmp/ccJUbk6V.s 			page 19


 1025      5200
 1026              	.LASF49:
 1027 000a 43434552 		.ascii	"CCER\000"
 1027      00
 1028              	.LASF61:
 1029 000f 6F73616C 		.ascii	"osalOsTimerHandlerI\000"
 1029      4F735469 
 1029      6D657248 
 1029      616E646C 
 1029      65724900 
 1030              	.LASF21:
 1031 0023 41504231 		.ascii	"APB1RSTR\000"
 1031      52535452 
 1031      00
 1032              	.LASF25:
 1033 002c 41484232 		.ascii	"AHB2ENR\000"
 1033      454E5200 
 1034              	.LASF51:
 1035 0034 444D4152 		.ascii	"DMAR\000"
 1035      00
 1036              	.LASF47:
 1037 0039 43434D52 		.ascii	"CCMR1\000"
 1037      3100
 1038              	.LASF48:
 1039 003f 43434D52 		.ascii	"CCMR2\000"
 1039      3200
 1040              	.LASF53:
 1041 0045 43435852 		.ascii	"CCXR\000"
 1041      00
 1042              	.LASF38:
 1043 004a 42444352 		.ascii	"BDCR\000"
 1043      00
 1044              	.LASF65:
 1045 004f 63685379 		.ascii	"chSysLockFromISR\000"
 1045      734C6F63 
 1045      6B46726F 
 1045      6D495352 
 1045      00
 1046              	.LASF41:
 1047 0060 504C4C49 		.ascii	"PLLI2SCFGR\000"
 1047      32534346 
 1047      475200
 1048              	.LASF69:
 1049 006b 706F7274 		.ascii	"port_lock\000"
 1049      5F6C6F63 
 1049      6B00
 1050              	.LASF40:
 1051 0075 53534347 		.ascii	"SSCGR\000"
 1051      5200
 1052              	.LASF4:
 1053 007b 73686F72 		.ascii	"short int\000"
 1053      7420696E 
 1053      7400
 1054              	.LASF33:
 1055 0085 41484233 		.ascii	"AHB3LPENR\000"
 1055      4C50454E 
 1055      5200
ARM GAS  /tmp/ccJUbk6V.s 			page 20


 1056              	.LASF16:
 1057 008f 43464752 		.ascii	"CFGR\000"
 1057      00
 1058              	.LASF12:
 1059 0094 41504232 		.ascii	"APB2FZ\000"
 1059      465A00
 1060              	.LASF28:
 1061 009b 41504231 		.ascii	"APB1ENR\000"
 1061      454E5200 
 1062              	.LASF43:
 1063 00a3 44434B43 		.ascii	"DCKCFGR\000"
 1063      46475200 
 1064              	.LASF26:
 1065 00ab 41484233 		.ascii	"AHB3ENR\000"
 1065      454E5200 
 1066              	.LASF72:
 1067 00b3 2F686F6D 		.ascii	"/home/mayank/chibios-workspace/ChibiOS/app\000"
 1067      652F6D61 
 1067      79616E6B 
 1067      2F636869 
 1067      62696F73 
 1068              	.LASF64:
 1069 00de 63685379 		.ascii	"chSysUnlockFromISR\000"
 1069      73556E6C 
 1069      6F636B46 
 1069      726F6D49 
 1069      535200
 1070              	.LASF1:
 1071 00f1 6C6F6E67 		.ascii	"long long int\000"
 1071      206C6F6E 
 1071      6720696E 
 1071      7400
 1072              	.LASF5:
 1073 00ff 6C6F6E67 		.ascii	"long int\000"
 1073      20696E74 
 1073      00
 1074              	.LASF44:
 1075 0108 5243435F 		.ascii	"RCC_TypeDef\000"
 1075      54797065 
 1075      44656600 
 1076              	.LASF67:
 1077 0114 706F7274 		.ascii	"port_lock_from_isr\000"
 1077      5F6C6F63 
 1077      6B5F6672 
 1077      6F6D5F69 
 1077      737200
 1078              	.LASF11:
 1079 0127 41504231 		.ascii	"APB1FZ\000"
 1079      465A00
 1080              	.LASF60:
 1081 012e 56656374 		.ascii	"VectorB0\000"
 1081      6F724230 
 1081      00
 1082              	.LASF52:
 1083 0137 43434D52 		.ascii	"CCMR3\000"
 1083      3300
 1084              	.LASF2:
ARM GAS  /tmp/ccJUbk6V.s 			page 21


 1085 013d 6C6F6E67 		.ascii	"long double\000"
 1085      20646F75 
 1085      626C6500 
 1086              	.LASF62:
 1087 0149 6F73616C 		.ascii	"osalSysUnlockFromISR\000"
 1087      53797355 
 1087      6E6C6F63 
 1087      6B46726F 
 1087      6D495352 
 1088              	.LASF45:
 1089 015e 534D4352 		.ascii	"SMCR\000"
 1089      00
 1090              	.LASF58:
 1091 0163 5F706F72 		.ascii	"_port_irq_epilogue\000"
 1091      745F6972 
 1091      715F6570 
 1091      696C6F67 
 1091      756500
 1092              	.LASF6:
 1093 0176 756E7369 		.ascii	"unsigned char\000"
 1093      676E6564 
 1093      20636861 
 1093      7200
 1094              	.LASF29:
 1095 0184 41504232 		.ascii	"APB2ENR\000"
 1095      454E5200 
 1096              	.LASF73:
 1097 018c 6E766963 		.ascii	"nvicEnableVector\000"
 1097      456E6162 
 1097      6C655665 
 1097      63746F72 
 1097      00
 1098              	.LASF3:
 1099 019d 7369676E 		.ascii	"signed char\000"
 1099      65642063 
 1099      68617200 
 1100              	.LASF9:
 1101 01a9 6C6F6E67 		.ascii	"long long unsigned int\000"
 1101      206C6F6E 
 1101      6720756E 
 1101      7369676E 
 1101      65642069 
 1102              	.LASF13:
 1103 01c0 75696E74 		.ascii	"uint32_t\000"
 1103      33325F74 
 1103      00
 1104              	.LASF0:
 1105 01c9 756E7369 		.ascii	"unsigned int\000"
 1105      676E6564 
 1105      20696E74 
 1105      00
 1106              	.LASF18:
 1107 01d6 41484232 		.ascii	"AHB2RSTR\000"
 1107      52535452 
 1107      00
 1108              	.LASF8:
 1109 01df 6C6F6E67 		.ascii	"long unsigned int\000"
ARM GAS  /tmp/ccJUbk6V.s 			page 22


 1109      20756E73 
 1109      69676E65 
 1109      6420696E 
 1109      7400
 1110              	.LASF70:
 1111 01f1 474E5520 		.ascii	"GNU C17 13.2.1 20231009 -mcpu=cortex-m4 -mthumb -mf"
 1111      43313720 
 1111      31332E32 
 1111      2E312032 
 1111      30323331 
 1112 0224 6C6F6174 		.ascii	"loat-abi=soft -march=armv7e-m -ggdb -O2 -fomit-fram"
 1112      2D616269 
 1112      3D736F66 
 1112      74202D6D 
 1112      61726368 
 1113 0257 652D706F 		.ascii	"e-pointer -falign-functions=16 -ffunction-sections "
 1113      696E7465 
 1113      72202D66 
 1113      616C6967 
 1113      6E2D6675 
 1114 028a 2D666461 		.ascii	"-fdata-sections -fno-common -flto\000"
 1114      74612D73 
 1114      65637469 
 1114      6F6E7320 
 1114      2D666E6F 
 1115              	.LASF46:
 1116 02ac 44494552 		.ascii	"DIER\000"
 1116      00
 1117              	.LASF15:
 1118 02b1 504C4C43 		.ascii	"PLLCFGR\000"
 1118      46475200 
 1119              	.LASF7:
 1120 02b9 73686F72 		.ascii	"short unsigned int\000"
 1120      7420756E 
 1120      7369676E 
 1120      65642069 
 1120      6E7400
 1121              	.LASF75:
 1122 02cc 62617365 		.ascii	"basePri\000"
 1122      50726900 
 1123              	.LASF35:
 1124 02d4 41504231 		.ascii	"APB1LPENR\000"
 1124      4C50454E 
 1124      5200
 1125              	.LASF55:
 1126 02de 63686172 		.ascii	"char\000"
 1126      00
 1127              	.LASF54:
 1128 02e3 73746D33 		.ascii	"stm32_tim_t\000"
 1128      325F7469 
 1128      6D5F7400 
 1129              	.LASF50:
 1130 02ef 42445452 		.ascii	"BDTR\000"
 1130      00
 1131              	.LASF63:
 1132 02f4 6F73616C 		.ascii	"osalSysLockFromISR\000"
 1132      5379734C 
ARM GAS  /tmp/ccJUbk6V.s 			page 23


 1132      6F636B46 
 1132      726F6D49 
 1132      535200
 1133              	.LASF14:
 1134 0307 4442474D 		.ascii	"DBGMCU_TypeDef\000"
 1134      43555F54 
 1134      79706544 
 1134      656600
 1135              	.LASF71:
 1136 0316 2E2E2F6F 		.ascii	"../os/hal/ports/STM32/LLD/TIMv1/hal_st_lld.c\000"
 1136      732F6861 
 1136      6C2F706F 
 1136      7274732F 
 1136      53544D33 
 1137              	.LASF56:
 1138 0343 5F426F6F 		.ascii	"_Bool\000"
 1138      6C00
 1139              	.LASF68:
 1140 0349 706F7274 		.ascii	"port_unlock\000"
 1140      5F756E6C 
 1140      6F636B00 
 1141              	.LASF22:
 1142 0355 41504232 		.ascii	"APB2RSTR\000"
 1142      52535452 
 1142      00
 1143              	.LASF32:
 1144 035e 41484232 		.ascii	"AHB2LPENR\000"
 1144      4C50454E 
 1144      5200
 1145              	.LASF20:
 1146 0368 52455345 		.ascii	"RESERVED0\000"
 1146      52564544 
 1146      3000
 1147              	.LASF23:
 1148 0372 52455345 		.ascii	"RESERVED1\000"
 1148      52564544 
 1148      3100
 1149              	.LASF27:
 1150 037c 52455345 		.ascii	"RESERVED2\000"
 1150      52564544 
 1150      3200
 1151              	.LASF30:
 1152 0386 52455345 		.ascii	"RESERVED3\000"
 1152      52564544 
 1152      3300
 1153              	.LASF34:
 1154 0390 52455345 		.ascii	"RESERVED4\000"
 1154      52564544 
 1154      3400
 1155              	.LASF37:
 1156 039a 52455345 		.ascii	"RESERVED5\000"
 1156      52564544 
 1156      3500
 1157              	.LASF39:
 1158 03a4 52455345 		.ascii	"RESERVED6\000"
 1158      52564544 
 1158      3600
ARM GAS  /tmp/ccJUbk6V.s 			page 24


 1159              	.LASF42:
 1160 03ae 52455345 		.ascii	"RESERVED7\000"
 1160      52564544 
 1160      3700
 1161              	.LASF74:
 1162 03b8 5F5F7365 		.ascii	"__set_BASEPRI\000"
 1162      745F4241 
 1162      53455052 
 1162      4900
 1163              	.LASF24:
 1164 03c6 41484231 		.ascii	"AHB1ENR\000"
 1164      454E5200 
 1165              	.LASF10:
 1166 03ce 4944434F 		.ascii	"IDCODE\000"
 1166      444500
 1167              	.LASF66:
 1168 03d5 706F7274 		.ascii	"port_unlock_from_isr\000"
 1168      5F756E6C 
 1168      6F636B5F 
 1168      66726F6D 
 1168      5F697372 
 1169              	.LASF57:
 1170 03ea 63685379 		.ascii	"chSysTimerHandlerI\000"
 1170      7354696D 
 1170      65724861 
 1170      6E646C65 
 1170      724900
 1171              	.LASF59:
 1172 03fd 73745F6C 		.ascii	"st_lld_init\000"
 1172      6C645F69 
 1172      6E697400 
 1173              	.LASF17:
 1174 0409 41484231 		.ascii	"AHB1RSTR\000"
 1174      52535452 
 1174      00
 1175              	.LASF19:
 1176 0412 41484233 		.ascii	"AHB3RSTR\000"
 1176      52535452 
 1176      00
 1177              	.LASF36:
 1178 041b 41504232 		.ascii	"APB2LPENR\000"
 1178      4C50454E 
 1178      5200
 1179              		.section	.gnu.debuglto_.debug_line_str,"eMS",%progbits,1
 1180              	.LASF86:
 1181 0000 73746D33 		.ascii	"stm32f401xc.h\000"
 1181      32663430 
 1181      3178632E 
 1181      6800
 1182              	.LASF83:
 1183 000e 2E2E2F6F 		.ascii	"../os/rt/include\000"
 1183      732F7274 
 1183      2F696E63 
 1183      6C756465 
 1183      00
 1184              	.LASF91:
 1185 001f 68616C5F 		.ascii	"hal_st_lld.c\000"
ARM GAS  /tmp/ccJUbk6V.s 			page 25


 1185      73745F6C 
 1185      6C642E63 
 1185      00
 1186              	.LASF87:
 1187 002c 73746469 		.ascii	"stdint.h\000"
 1187      6E742E68 
 1187      00
 1188              	.LASF92:
 1189 0035 6F73616C 		.ascii	"osal.h\000"
 1189      2E6800
 1190              	.LASF94:
 1191 003c 636D7369 		.ascii	"cmsis_gcc.h\000"
 1191      735F6763 
 1191      632E6800 
 1192              	.LASF76:
 1193 0048 2F686F6D 		.ascii	"/home/mayank/chibios-workspace/ChibiOS/app\000"
 1193      652F6D61 
 1193      79616E6B 
 1193      2F636869 
 1193      62696F73 
 1194              	.LASF84:
 1195 0073 2F757372 		.ascii	"/usr/lib/gcc/arm-none-eabi/13.2.1/include\000"
 1195      2F6C6962 
 1195      2F676363 
 1195      2F61726D 
 1195      2D6E6F6E 
 1196              	.LASF81:
 1197 009d 2E2E2F6F 		.ascii	"../os/hal/ports/STM32/LLD/TIMv1\000"
 1197      732F6861 
 1197      6C2F706F 
 1197      7274732F 
 1197      53544D33 
 1198              	.LASF88:
 1199 00bd 73746D33 		.ascii	"stm32_tim.h\000"
 1199      325F7469 
 1199      6D2E6800 
 1200              	.LASF79:
 1201 00c9 2E2E2F6F 		.ascii	"../os/common/ports/ARMCMx\000"
 1201      732F636F 
 1201      6D6D6F6E 
 1201      2F706F72 
 1201      74732F41 
 1202              	.LASF85:
 1203 00e3 2E2E2F6F 		.ascii	"../os/hal/ports/STM32/LLD/TIMv1/hal_st_lld.c\000"
 1203      732F6861 
 1203      6C2F706F 
 1203      7274732F 
 1203      53544D33 
 1204              	.LASF82:
 1205 0110 2E2E2F6F 		.ascii	"../os/hal/ports/common/ARMCMx\000"
 1205      732F6861 
 1205      6C2F706F 
 1205      7274732F 
 1205      636F6D6D 
 1206              	.LASF90:
 1207 012e 6368636F 		.ascii	"chcore_v7m.h\000"
 1207      72655F76 
ARM GAS  /tmp/ccJUbk6V.s 			page 26


 1207      376D2E68 
 1207      00
 1208              	.LASF77:
 1209 013b 2E2E2F6F 		.ascii	"../os/common/ext/ARM/CMSIS/Core/Include\000"
 1209      732F636F 
 1209      6D6D6F6E 
 1209      2F657874 
 1209      2F41524D 
 1210              	.LASF89:
 1211 0163 63687379 		.ascii	"chsys.h\000"
 1211      732E6800 
 1212              	.LASF93:
 1213 016b 6E766963 		.ascii	"nvic.h\000"
 1213      2E6800
 1214              	.LASF78:
 1215 0172 2E2E2F6F 		.ascii	"../os/common/ext/ST/STM32F4xx\000"
 1215      732F636F 
 1215      6D6D6F6E 
 1215      2F657874 
 1215      2F53542F 
 1216              	.LASF80:
 1217 0190 2E2E2F6F 		.ascii	"../os/hal/osal/rt\000"
 1217      732F6861 
 1217      6C2F6F73 
 1217      616C2F72 
 1217      7400
 1218              		.text
 1219              		.section	.gnu.lto_.profile.cff44e7bfbf214f8,"e",%progbits
 1220 0000 789C6362 		.ascii	"x\234cb\000\001\000\000\022\000\003"
 1220      00010000 
 1220      120003
 1221              		.text
 1222              		.section	.gnu.lto_.icf.cff44e7bfbf214f8,"e",%progbits
 1223 0000 789C0B61 		.ascii	"x\234\013a@\000&\206\207\213\347\334\346fab`b\004a\306"
 1223      40002686 
 1223      878BE7DC 
 1223      E6666162 
 1223      60620461 
 1224 0015 09CFA63D 		.ascii	"\011\317\246=b\225\0032\231\260`f(f\304\207\031\000"
 1224      62950332 
 1224      99B06066 
 1224      2866C487 
 1224      1900
 1225 0027 EB1606D1 		.ascii	"\353\026\006\321"
 1226              		.text
 1227              		.section	.gnu.lto_.ipa_sra.cff44e7bfbf214f8,"e",%progbits
 1228 0000 789CE363 		.ascii	"x\234\343c@\000&\006\006F\020\004\023\014\000\001\311"
 1228      40002606 
 1228      06461004 
 1228      130C0001 
 1228      C9
 1229 0011 0017     		.ascii	"\000\027"
 1230              		.text
 1231              		.section	.gnu.lto_.inline.cff44e7bfbf214f8,"e",%progbits
 1232 0000 789C4B60 		.ascii	"x\234K`@\000&\006\006\236\207_/\036aJg\004r\370\346"
 1232      40002606 
 1232      069E875F 
ARM GAS  /tmp/ccJUbk6V.s 			page 27


 1232      2F1E614A 
 1232      670472F8 
 1233 0015 75ADDBCF 		.ascii	"u\255\333\317\224\312\300\300\326\000\004L)L y\006\006"
 1233      94CAC0C0 
 1233      D600044C 
 1233      294C2079 
 1233      0606
 1234 0027 462E2492 		.ascii	"F.$\222A\002,\227\001R\257\002d-`JGW\317\314\0031\031"
 1234      41022C97 
 1234      0152AF02 
 1234      642D604A 
 1234      4757CFCC 
 1235 003e 08001AD4 		.ascii	"\010\000\032\324\021\212"
 1235      118A
 1236              		.text
 1237              		.section	.gnu.lto_.jmpfuncs.cff44e7bfbf214f8,"e",%progbits
 1238 0000 789CD366 		.ascii	"x\234\323f@\000&0\311\310\300\300\302\304V\316(\303"
 1238      40002630 
 1238      C9C8C0C0 
 1238      C2C456CE 
 1238      28C3
 1239 0012 C0788085 		.ascii	"\300x\200\205Q\006\210\2012@>\007\230\317\001\3463\000"
 1239      51068881 
 1239      32403E07 
 1239      98CF01E6 
 1239      3300
 1240 0024 00592704 		.ascii	"\000Y'\004\221"
 1240      91
 1241              		.text
 1242              		.section	.gnu.lto_.pureconst.cff44e7bfbf214f8,"e",%progbits
 1243 0000 789C6367 		.ascii	"x\234cg```b\330\305\3128\213\005\000\005W\001h"
 1243      60606062 
 1243      D8C5CA38 
 1243      8B050005 
 1243      570168
 1244              		.text
 1245              		.section	.gnu.lto_.ipa_modref.cff44e7bfbf214f8,"e",%progbits
 1246 0000 789C3361 		.ascii	"x\2343a@\000FF\020\311\304\304\312\300\310\304\306\310"
 1246      40004646 
 1246      10C9C4C4 
 1246      CAC0C8C4 
 1246      C6C8
 1247 0012 C0C40EA1 		.ascii	"\300\304\016\241\031\230\321E\2308\2402l\014\000\027"
 1247      1998D145 
 1247      9838A032 
 1247      6C0C0017 
 1248 0022 24009E   		.ascii	"$\000\236"
 1249              		.text
 1250              		.section	.gnu.lto_.lto.cff44e7bfbf214f8,"e",%progbits
 1251 0000 0D000000 		.ascii	"\015\000\000\000\001\000\000\000"
 1251      01000000 
 1252              		.text
 1253              		.section	.gnu.lto_VectorB0.328.cff44e7bfbf214f8,"e",%progbits
 1254 0000 789C6D52 		.ascii	"x\234mRmL[e\024>\347}[\276d\306e\301\304\177d\311\202"
 1254      6D4C5B65 
 1254      143EE77D 
 1254      5BBE64C6 
ARM GAS  /tmp/ccJUbk6V.s 			page 28


 1254      65C1C47F 
 1255 0017 73A3D7A1 		.ascii	"s\243\327\241\214_F\015\306\204d\315\226u\2111\306\324"
 1255      8C5F460D 
 1255      C68464CD 
 1255      96758931 
 1255      C6D4
 1256 0029 AEABD240 		.ascii	"\256\253\322@\271]/\373 \206p\2450\022fD\324\305-\333"
 1256      B95D2FFB 
 1256      208670A5 
 1256      30126644 
 1256      D4C52DDB 
 1257 003d F830A040 		.ascii	"\3700\240@\230\223\254\020p\245\2261\204\225\225\017"
 1257      9893AC10 
 1257      70A59631 
 1257      8495950F 
 1258 004d 6531CE69 		.ascii	"e1\316i:\\413v\037\030B\304y\336\373\336B\027\327\244"
 1258      3A5C3431 
 1258      33761F18 
 1258      42C479DE 
 1258      FBDE4217 
 1259 0063 EFC7739E 		.ascii	"\357\307s\236s\336\347<\367\264[\000\012\020`\017\000"
 1259      73DEE73C 
 1259      F7B45B00 
 1259      0A10600F 
 1259      00
 1260 0074 A015F0A3 		.ascii	"\240\025\360\243\326f\006\272\256\277\224\311X\260\365"
 1260      D66606BA 
 1260      AEBF94C9 
 1260      58B0F5
 1261 0083 38C3116C 		.ascii	"8\303\021l\376\262%\317\322\320\372\370\337\363\311"
 1261      FEB225CF 
 1261      D2D0FAF8 
 1261      DFF3C9
 1262 0092 672C1C3F 		.ascii	"g,\034?i\215\005\377\372\360\324\2538\215\006\317\202"
 1262      698D05FF 
 1262      FAF0D4AB 
 1262      388D06CF 
 1262      82
 1263 00a3 EFB5C6C6 		.ascii	"\357\265\306\306?=\273\225\250\006\200P\307\270\005"
 1263      3F3DBB95 
 1263      A8068050 
 1263      C7B805
 1264 00b2 EBB09F2B 		.ascii	"\353\260\237+\004,\037?\277\262[\357\211\342m\200:0"
 1264      042C1F3F 
 1264      BFB25BEF 
 1264      89E26D80 
 1264      3A30
 1265 00c4 7F8F1967 		.ascii	"\177\217\031gnE:\324^D\240\003Q\207[z\021\276\306w\315"
 1265      6E453AD4 
 1265      5E44A003 
 1265      51875B7A 
 1265      11BEC677 
 1266 00d9 6B78F9D8 		.ascii	"kx\371\330\271\201\\\010c\215\011\234\271\321tz\003"
 1266      B9815C08 
 1266      638D099C 
 1266      B9D1747A 
 1266      03
ARM GAS  /tmp/ccJUbk6V.s 			page 29


 1267 00ea 8CE291D4 		.ascii	"\214\342\221\324}\256\371\203b\210\340!\272glB\013\255"
 1267      7DAEF983 
 1267      6288E021 
 1267      BA676C42 
 1267      0BAD
 1268 00fc 79986FC5 		.ascii	"y\230o\305\254aQ\2610J\217w\234\031j/n\323\243\026\355"
 1268      AC6151B1 
 1268      304A8F77 
 1268      9C196A2F 
 1268      6ED3A316 
 1269 0111 12D68E61 		.ascii	"\022\326\216a\024a\034Y\306\022vf[q\233A8\261\362\333"
 1269      14611C59 
 1269      C6127666 
 1269      5B719B41 
 1269      38B1F2DB 
 1270 0125 5B8B417D 		.ascii	"[\213A}J\027\224:\223B\022MI\361\013\271\227\021\276"
 1270      4A17943A 
 1270      9342124D 
 1270      49F10BB9 
 1270      9711BE
 1271 0138 C15AA179 		.ascii	"\301Z\241y\002\245V\200\203\223)\321\341\360\330\225"
 1271      02A55680 
 1271      839329D1 
 1271      E1F0D895 
 1272 0148 1C527D50 		.ascii	"\034R}P\020\246p\322$\250\261\024\341\344\251l\012\253"
 1272      10A670D2 
 1272      24A8B114 
 1272      E1E4A96C 
 1272      0AAB
 1273 015a 129EC635 		.ascii	"\022\236\3065\234\332\233\242\366\256\242o\275\275+"
 1273      9CDA9BA2 
 1273      F6AEA26F 
 1273      BDBD2B
 1274 0169 1B208E15 		.ascii	"\033 \216\025\353\355\365\026\303\014zAjM^\377=\261"
 1274      EBEDF516 
 1274      C30C7A41 
 1274      6A4D5EFF 
 1274      3DB1
 1275 017b C8F52E9D 		.ascii	"\310\365.\235=R\351\362\205\3349\204Y\251t^(\025\301"
 1275      3D52E9F2 
 1275      85DC3984 
 1275      59A9745E 
 1275      2815C1
 1276 018e F3DF5913 		.ascii	"\363\337Y\023\372\362\203v]oQV'[~\370\330\232\203\300"
 1276      FAF28376 
 1276      5D6F5156 
 1276      275B7EF8 
 1276      D89A83C0 
 1277 01a2 7219FD01 		.ascii	"r\031\375\001z\271\370\326\272\005\241\2173y\012F\341"
 1277      7AB9F8D6 
 1277      BA05A18F 
 1277      33790A46 
 1277      E1
 1278 01b3 01D31757 		.ascii	"\001\323\027W\333\271\3307?b\371l\004\015\312@\027\207"
 1278      DBB9D837 
 1278      3F62F96C 
 1278      040DCA40 
ARM GAS  /tmp/ccJUbk6V.s 			page 30


 1278      1787
 1279 01c5 20BF14E9 		.ascii	" \277\024\351\335\316\221\234\367\210\276h5\312X\261"
 1279      DDCE919C 
 1279      F788BE68 
 1279      35CA58B1 
 1280 01d5 5F1CB2DC 		.ascii	"_\034\262\334\013\370=\302\316N:\272\256\241\223\364"
 1280      0BF83DC2 
 1280      CE4E3ABA 
 1280      AEA193F4 
 1281 01e5 0479F064 		.ascii	"\004y\360d\323\211L\3168f<\215\014\376e\015\177\214"
 1281      D3894CCE 
 1281      38663C8D 
 1281      0CFE650D 
 1281      7F8C
 1282 01f7 17714617 		.ascii	"\027qF\0279\032}\234\317%Wz0\245d\260\313*\236\271\337"
 1282      391A7D9C 
 1282      CF25577A 
 1282      30A564B0 
 1282      CB2A9EB9 
 1283 020c 63338BF6 		.ascii	"c3\213\366lM\257\372\243\250\232\241Q\262 \217\022\231"
 1283      6C4DAFFA 
 1283      A3A89AA1 
 1283      51B2208F 
 1283      1299
 1284 021e F67B374F 		.ascii	"\366{7O\367O\214m\021\036\030%&v\030\350\235\266[\241"
 1284      F74F8C6D 
 1284      111E1825 
 1284      267618E8 
 1284      9DB65BA1 
 1285 0232 7E866189 		.ascii	"~\206a\211\376\0312Z\2747\326\367\325\002qG%:\262`p"
 1285      FE19325A 
 1285      BC37D6F7 
 1285      D5027147 
 1285      253AB260 
 1286 0247 7F5D8A13 		.ascii	"\177]\212\023\0261\363g\004V\337a\001\034Gz+_\346\015"
 1286      1631F367 
 1286      0456DF61 
 1286      011C477A 
 1286      2B5FE60D 
 1287 025b DF8E5C64 		.ascii	"\337\216\\dxYr\226\"\233p\002\241\201\327o\026\306\277"
 1287      78597296 
 1287      229B7002 
 1287      A181D76F 
 1287      16C6BF
 1288 026e CFAC5870 		.ascii	"\317\254Xp\226\035\313z\323\212\331\324\325\317\010"
 1288      961DCB7A 
 1288      D38AD9D4 
 1288      D5CF08
 1289 027d B4FD8237 		.ascii	"\264\375\2027\204K\005\035\024xC\300\011Cw}2\332\027"
 1289      844B051D 
 1289      147843C0 
 1289      0943777D 
 1289      32DA17
 1290 0290 9AD928AA 		.ascii	"\232\331(\252\033m\334\275\323\226\014\305\326\204."
 1290      1B6DDCBD 
 1290      D3960CC5 
 1290      D6842E
ARM GAS  /tmp/ccJUbk6V.s 			page 31


 1291 029f 855E9068 		.ascii	"\205^\220h\343\347}\210\322}\352\360\226P8i\366\022"
 1291      E3E77D88 
 1291      D27DEAF0 
 1291      96503869 
 1291      F612
 1292 02b1 1F603885 		.ascii	"\037`8\205\320\310\203\371\320\214\354\365\327\350\302"
 1292      D0C883F9 
 1292      D08CECF5 
 1292      D7E8C2
 1293 02c0 F2645AF7 		.ascii	"\362dZ\367Ci\313\302\230\230L\353\374\226\322\246\321"
 1293      4369CBC2 
 1293      98984CEB 
 1293      FC96D2A6 
 1293      D1
 1294 02d1 34E7FE20 		.ascii	"4\347\376 \231sUFV\007_\224\214\2412c\357\036J\231\365"
 1294      99735546 
 1294      56075F94 
 1294      8CA13263 
 1294      EF1E4A99 
 1295 02e6 8F302B2E 		.ascii	"\2170+.Y\335\327\244Y\203\263\204\315H\354\346\354\232"
 1295      59DDD7A4 
 1295      5983B384 
 1295      CD48ECE6 
 1295      EC9A
 1296 02f8 59B388D7 		.ascii	"Y\263\210\3271\335\253\271u\257\346\323\2752\254\371"
 1296      31DDABB9 
 1296      75AFE6D3 
 1296      BD32ACF9 
 1297 0308 C9B028CD 		.ascii	"\311\260(\315\222\304\354FQC\016\205%}<\357&\033\277"
 1297      92C4EC46 
 1297      51430E85 
 1297      257D3CEF 
 1297      261BBF
 1298 031b C8315BFA 		.ascii	"\3101[\372\337\210\256y\340\000aA\023\257O,u\311\341"
 1298      DF88AE79 
 1298      E0006141 
 1298      13AF4F2C 
 1298      75C9E1
 1299 032e EAE5723C 		.ascii	"\352\345r<\261>J\267mJ\271\352\363(>W\215\253\252Bq"
 1299      B13E4AB7 
 1299      6D4AB9EA 
 1299      F3283E57 
 1299      8DABAA42 
 1300 0343 977BF77B 		.ascii	"\227{\367{U\255\360\210\032\250\320\374.\267G)\025\310"
 1300      55ADF088 
 1300      1AA8D0FC 
 1300      2EB74729 
 1300      15C8
 1301 0355 6E87E2F2 		.ascii	"n\207\342\362\373\241\320fSTM)wU*~5P\255)\216}\366\347"
 1301      FBA1D066 
 1301      53544D29 
 1301      77552A7E 
 1301      3550AD29 
 1302 036d 8A945DBB 		.ascii	"\212\224]\273^Q\366\225\331\017\357\020\021\247V\355"
 1302      5E51F695 
 1302      D90FEF10 
 1302      11A756ED 
ARM GAS  /tmp/ccJUbk6V.s 			page 32


 1303 037d ACAC3C60 		.ascii	"\254\254<`s\303S\353lU\243%Pm\354\266\362T\204\000o"
 1303      73C353EB 
 1303      6C55A325 
 1303      506DECB6 
 1303      F2548400 
 1304 0392 95BBF2D0 		.ascii	"\225\273\362\320\001\017\275\253\325h\024)\220\021\267"
 1304      010FBDAB 
 1304      D5681429 
 1304      9011B7
 1305 03a1 EAF3A955 		.ascii	"\352\363\251U\346#/\357\265\227\332\217\022\305\255"
 1305      E6232FEF 
 1305      B597DA8F 
 1305      12C5AD
 1306 03b0 063CCEC3 		.ascii	"\006<\316\303%>\342e\356wi\236=\001\357\363\017\361"
 1306      253EE265 
 1306      EE77699E 
 1306      3D01EFF3 
 1306      0FF1
 1307 03c2 3D47AB05 		.ascii	"=G\253\005[)\265;\312\034J)\321\225\262\324\003>\315"
 1307      5B29B53B 
 1307      CA1C4A29 
 1307      D195B2D4 
 1307      033ECD
 1308 03d5 AB39DF71 		.ascii	"\2539\337q\273)\371\311t\231\266\267\213<\356\235\236"
 1308      BB29F9C9 
 1308      7499B6B7 
 1308      8B3CEE9D 
 1308      9E
 1309 03e6 921278C2 		.ascii	"\222\022x\302\356\330\233/\352\372\003\336\355\371["
 1309      EED89B2F 
 1309      EAFA03DE 
 1309      EDF95B
 1310 03f5 9E051680 		.ascii	"\236\005\026\200L\237\307\247\006j\340?*\372! "
 1310      4C9FC7A7 
 1310      066AE03F 
 1310      2AFA2120 
 1311              		.text
 1312              		.section	.gnu.lto_st_lld_init.329.cff44e7bfbf214f8,"e",%progbits
 1313 0000 789C7D93 		.ascii	"x\234}\223Mh\023A\030\206\277w&\211I\004EAP\020\374"
 1313      4D681341 
 1313      1886BF77 
 1313      26894904 
 1313      45415010 
 1314 0015 03116C33 		.ascii	"\003\021l3\250 =\012zPh\021ME\244HXc0%\211\233v\253"
 1314      A8203D0A 
 1314      7A506811 
 1314      4D45A448 
 1314      58633025 
 1315 002d A178C8D4 		.ascii	"\241x\310\324PZ\"\210\025\357\242\240\246Z\350A/E[b"
 1315      505A2288 
 1315      15EFA2A0 
 1315      A65AE841 
 1315      2F455B62 
 1316 0041 11511123 		.ascii	"\021Q\021#\012JE$\255x\020\024\264z\250\207\022gf\023"
 1316      0A4A4524 
 1316      AD781014 
 1316      B47AA887 
ARM GAS  /tmp/ccJUbk6V.s 			page 33


 1316      12676613 
 1317 0055 623566E0 		.ascii	"b5f\340]\276\331}\336\357gwv\230\023u\021\321\026%p"
 1317      5DBED97D 
 1317      DEEF6777 
 1317      76981375 
 1317      11D11625 
 1318 006a C2E5913C 		.ascii	"\302\345\221<#)\345\236e\014\003#\371U\230\200\331\201"
 1318      2329E59E 
 1318      650C0323 
 1318      F9559880 
 1318      D981
 1319 007c B20C598C 		.ascii	"\262\014Y\214q\241\266\013\027\306\347\017\313B\021"
 1319      71A1B60B 
 1319      17C6E70F 
 1319      CB4211
 1320 008b 5F88B254 		.ascii	"_\210\262T]\313\335\030J\343\257\274e\271P\271*e\376"
 1320      5DCBDD18 
 1320      4AE3AFBC 
 1320      65B950B9 
 1320      2A65FE
 1321 009e 227E94D8 		.ascii	"\"~\224\330\032\020\003S\342J\036%\277R@)\250D4\312"
 1321      1A100353 
 1321      E24A1E25 
 1321      BF524029 
 1321      A84434CA 
 1322 00b2 7545E901 		.ascii	"uE\351\001\335\346\314\215\006\212Tarn\361\006\247\034"
 1322      DDE6CC8D 
 1322      068A5461 
 1322      726EF106 
 1322      A71C
 1323 00c4 9F9E0A70 		.ascii	"\237\236\012px\341;\0072W\371mXz\274\030\323\235\371"
 1323      78E13B07 
 1323      3257F96D 
 1323      587ABC18 
 1323      D39DF9
 1324 00d7 FB1FE03E 		.ascii	"\373\037\340>h\3675\025f&qFU\317\361\334\225!p\306\341"
 1324      68F73515 
 1324      66267146 
 1324      55CFF1DC 
 1324      952170C6 
 1325 00ec DB0668FF 		.ascii	"\333\006h\377|\036\215\360\242\3069\323\2256\353\313"
 1325      7C1E8DF0 
 1325      A2C639D3 
 1325      9536EBCB 
 1326 00fc 755FB518 		.ascii	"u_\265\030\257\322\373\377\244\247\341\324\222\257\343"
 1326      AFD2FBFF 
 1326      A4A7E1D4 
 1326      92AFE3
 1327 010b 1ECE31F5 		.ascii	"\036\3161\365W\356%\364#Ms\217I\273\272\232\326\337"
 1327      57EE25F4 
 1327      234D738F 
 1327      49BBBA9A 
 1327      D6DF
 1328 011d 087C6CD2 		.ascii	"\010|l\322j\354\356&3\363\235\233\265\231\003j\332\036"
 1328      6AECEE26 
 1328      33F39D9B 
 1328      B599036A 
ARM GAS  /tmp/ccJUbk6V.s 			page 34


 1328      DA1E
 1329 012f 33730F64 		.ascii	"3s\017d\361\222\\Q\033\302~\212'5\3773\244\3523\007"
 1329      F1925C51 
 1329      1BC27E8A 
 1329      2735FF33 
 1329      A4EA3307 
 1330 0143 79E09FB6 		.ascii	"y\340\237\266\226\320\3175\315\203\246\320\275\255\032"
 1330      96D0CF35 
 1330      CD83A6D0 
 1330      BDAD1A
 1331 0152 FC596853 		.ascii	"\374YhS\005\022\246L\002\346\355W\215\205\015\335%\274"
 1331      0512A64C 
 1331      02E6ED57 
 1331      8D850DDD 
 1331      25BC
 1332 0164 A8395FE2 		.ascii	"\2509_\342\024\221/\206\322C\323\355\334\204\333\246"
 1332      14912F86 
 1332      D243D3ED 
 1332      DC84DBA6 
 1333 0174 B137C05F 		.ascii	"\2617\300_#j\360\212Z+\215a\262\271\341\015,cp\263\317"
 1333      236AF08A 
 1333      5A2B8D61 
 1333      B2B9E10D 
 1333      2C6370B3 
 1334 0189 FE0FF6C2 		.ascii	"\376\017\366\302\340\221\031\034'jSa\241%\363\016-\372"
 1334      E091191C 
 1334      276A5361 
 1334      A125F30E 
 1334      2DFA
 1335 019b E0BD85B1 		.ascii	"\340\275\205\261~j^\347=\272\352\354\347\346\354\007"
 1335      7E6A5EE7 
 1335      3DBAEAEC 
 1335      E7E6EC07 
 1336 01ab 1CABB35F 		.ascii	"\034\253\263_\233\263e\0345\375\273\360\367\346\360"
 1336      9BB3651C 
 1336      35FDBBF0 
 1336      F7E6F0
 1337 01ba 471C5189 		.ascii	"G\034Q\211g]vQ\261\203|p#\345\301\302\207L\222\365J"
 1337      675D7651 
 1337      B1837C70 
 1337      23E5C1C2 
 1337      874C92F5 
 1338 01cf 7EB69686 		.ascii	"~\266\226\206\370\371\362\257[0\377\327(w\277\216:\012"
 1338      F8F9F2AF 
 1338      5B30FFD7 
 1338      2877BF8E 
 1338      3A0A
 1339 01e1 6AB75DC4 		.ascii	"j\267]\304\355TL\244\254~\353tBD\343\335'\272m\2475"
 1339      ED544CA4 
 1339      AC7EEB74 
 1339      4244E3DD 
 1339      27BA6DA7 
 1340 01f6 63F7269C 		.ascii	"c\367&\234\264\025\215\211\275\372\316\301\260\260\322"
 1340      B4158D89 
 1340      BDFACEC1 
 1340      B0B0D2
 1341 0205 696A0D85 		.ascii	"ij\015\205\204\355\210\270\225\024i\273\267\317\021"
ARM GAS  /tmp/ccJUbk6V.s 			page 35


 1341      84ED88B8 
 1341      951469BB 
 1341      B7CF11
 1342 0214 E1CE8E5D 		.ascii	"\341\316\216];E{\373>\321y\240\343\354\016\375$\342"
 1342      3B457BFB 
 1342      3ED179A0 
 1342      E3EC0EFD 
 1342      24E2
 1343 0226 F44592C9 		.ascii	"\364E\222\311\223\241(\375\006\367\206F\255"
 1343      93A128FD 
 1343      06F78646 
 1343      AD
 1344              		.text
 1345              		.section	.gnu.lto_.symbol_nodes.cff44e7bfbf214f8,"e",%progbits
 1346 0000 789C5BC9 		.ascii	"x\234[\311\000\004L'\230\3529\033\200\200\205q\3029"
 1346      00044C27 
 1346      98EA391B 
 1346      80808571 
 1346      C239
 1347 0012 06867A06 		.ascii	"\006\206z\006\206]\023\232\230@\022'\231\352\271\260"
 1347      865D139A 
 1347      98401227 
 1347      99EAB9B0 
 1348 0022 49309E62 		.ascii	"I0\236b\252\347\376\017\005\362`I\006\206\206\011\015"
 1348      AAE7FE0F 
 1348      05F26049 
 1348      06868609 
 1348      0D
 1349 0033 60B9D34C 		.ascii	"`\271\323L\365<\270\344\3160\325\363\342\220cf`\276"
 1349      F53CB8E4 
 1349      CE30D5F3 
 1349      E2906366 
 1349      60BE
 1350 0045 F0E1D70A 		.ascii	"\360\341\327\012F\306\026!f\006&\210\255G\244\231\031"
 1350      46C61621 
 1350      66062688 
 1350      AD47A499 
 1350      19
 1351 0056 59A04C21 		.ascii	"Y\240L!\006\000\257\007=\243"
 1351      0600AF07 
 1351      3DA3
 1352              		.text
 1353              		.section	.gnu.lto_.refs.cff44e7bfbf214f8,"e",%progbits
 1354 0000 789C6364 		.ascii	"x\234cd\000\002\000\000\012\000\002"
 1354      00020000 
 1354      0A0002
 1355              		.text
 1356              		.section	.gnu.lto_.decls.cff44e7bfbf214f8,"e",%progbits
 1357 0000 789CAD58 		.ascii	"x\234\255X{LTW\036>\347\334+\234QQj\355\326f7Y\367\217"
 1357      7B4C5457 
 1357      1E3EE7DC 
 1357      2B9C5151 
 1357      6AEDD666 
 1358 0018 4D497775 		.ascii	"MIwu\034\260\265\311&\315\302\200\302\256T3\243\315"
 1358      1CB0B5C9 
 1358      26CDC280 
 1358      C2AE5433 
ARM GAS  /tmp/ccJUbk6V.s 			page 36


 1358      A3CD
 1359 002a A64D764A 		.ascii	"\246MvJq,\264<\\\006_i6=3\274FDy\324*R\264\003\326\326"
 1359      712CB43C 
 1359      5C065F69 
 1359      363D33BC 
 1359      464479D4 
 1360 0044 565B29DA 		.ascii	"V[)\332j-\352\210\250Tk\353\003\225Z_\240RV\241\"\240"
 1360      6A2DEA88 
 1360      A8546BEB 
 1360      03955A5F 
 1360      A05256A1 
 1361 005a 2222EEEF 		.ascii	"\"\"\356\357\334s\347\314\\v\223M\223\235\370q\317="
 1361      DC73E7CC 
 1361      5C76934D 
 1361      939DF871 
 1361      CF3D
 1362 006c DFF77B9E 		.ascii	"\337\367{\236s\317\334\261-\022\241\025*B\0231B\217"
 1362      73CFDCB1 
 1362      2D12A115 
 1362      2A421331 
 1362      428F
 1363 007e E0A32084 		.ascii	"\340\243 \204\316\001\306\001\366\000\010\314\317\005"
 1363      CE01C601 
 1363      F60008CC 
 1363      CF05
 1364 008c BC023805 		.ascii	"\274\0028\005\367s\340z\010\256/\303\025\003^\003,\000"
 1364      F773E07A 
 1364      08AE2FC3 
 1364      15035E03 
 1364      2C00
 1365 009e 2C04A401 		.ascii	",\004\244\00129O\020z\022\011\316\005X\014X\012X\016"
 1365      32394F10 
 1365      7A1209CE 
 1365      05580C58 
 1365      0A580E
 1366 00b1 784BF7F3 		.ascii	"xK\367\363O\270\276\015p\003\362\000\005\200\247\365"
 1366      4FB8BE0D 
 1366      7003F200 
 1366      0580A7F5 
 1367 00c1 78588F31 		.ascii	"xX\2171\014(\206q)\240L\367\237\242\307\372\006b<\205"
 1367      0C288671 
 1367      29A04CF7 
 1367      9FA2C7FA 
 1367      06623C85 
 1368 00d5 446C6EC7 		.ascii	"Dln\307s\014\344\026\013\327?\3519\363<_\302A\277w\220"
 1368      730CE416 
 1368      0BD73FE9 
 1368      39F33C5F 
 1368      C241BF77 
 1369 00ea 887F0BD0 		.ascii	"\210\177\013\320\013h\001\364\000\356\001n\003\272\000"
 1369      0B6801F4 
 1369      00EE016E 
 1369      03BA00
 1370 00f9 FD8072BD 		.ascii	"\375\200r\275\226\014@\330\343X\015{\002OV\211\307}"
 1370      960C40D8 
 1370      E3580D7B 
 1370      024F5689 
ARM GAS  /tmp/ccJUbk6V.s 			page 37


 1370      C77D
 1371 010b F1217ECC 		.ascii	"\361!~\314\317\330\000\363\347\233\242\366\340\257\200"
 1371      CFD800F3 
 1371      E79BA2F6 
 1371      E0AF80
 1372 011a FE5A485A 		.ascii	"\376ZHZ\371\037\012:?\037\234@\224\240\260(\314{:\036"
 1372      F91F0A3A 
 1372      3F1F9C40 
 1372      94A0B028 
 1372      CC7B3A1E 
 1373 012e AE8852F4 		.ascii	"\256\210R\364,\323>\265\277F\007\301\004>/\214\245\363"
 1373      2CD33EB5 
 1373      BF4607C1 
 1373      043E2F8C 
 1373      A5F3
 1374 0140 914AF6F7 		.ascii	"\221J\366\367\034l\247\343\257p\257l\305\004\244y=\204"
 1374      1C6CA7E3 
 1374      AF70AF6C 
 1374      C504A479 
 1374      3D84
 1375 0152 A39A7023 		.ascii	"\243\232p#>\200\351\337\271\273fDS\020]\310\207~D\337"
 1375      3E80E9DF 
 1375      B9BB6644 
 1375      53105DC8 
 1375      877E44DF 
 1376 0166 E0D76980 		.ascii	"\340\327i\200H\010\3070\315\346\367\212J\326\\\257/"
 1376      4808C730 
 1376      CDE6F78A 
 1376      4AD65CAF 
 1376      2F
 1377 0177 1E3B9EE9 		.ascii	"\036;\236\351\216\036\027\351\235\302\310r\022\253\244"
 1377      8E1E17E9 
 1377      9DC2C872 
 1377      12ABA4
 1378 0186 ABE5DBA1 		.ascii	"\253\345\333\2411\343\375\377=\212J\276\332XT\023\366"
 1378      31E3FDFF 
 1378      3D8A4ABE 
 1378      DA585413 
 1378      F6
 1379 0197 24D8E633 		.ascii	"$\330\3463\346WO\343\357\361w`\334\202\271=\3448P:\360"
 1379      E6574FE3 
 1379      EFF17760 
 1379      DC82B93D 
 1379      E438503A 
 1380 01ac 104BFAB0 		.ascii	"\020K\372\260\221\246.\236@\024]\212\350[|4\231\276"
 1380      91A62E9E 
 1380      40145D8A 
 1380      E85B7C34 
 1380      99BE
 1381 01be 8D28AC2A 		.ascii	"\215(\254*\014'Q/\324\276\032\260\006P\011x\017\340"
 1381      0C27512F 
 1381      D4BE1AB0 
 1381      06500978 
 1381      0FE0
 1382 01d0 036C067C 		.ascii	"\003l\006|\254i\256 ^F\030\375\024C\240\342\342\317"
 1382      AC69AE20 
 1382      5E4618FD 
ARM GAS  /tmp/ccJUbk6V.s 			page 38


 1382      1443A0E2 
 1382      E2CF
 1383 01e2 6B468DAC 		.ascii	"kF\215\254\341_PC\264J\016|\266\371\012\015\311q\037"
 1383      E15F5043 
 1383      B44A0E7C 
 1383      B6F90A0D 
 1383      C9711F
 1384 01f5 DE0BE40D 		.ascii	"\336\013\344\015\314y0\375\274\300\277ctH\216F\372\231"
 1384      CC7930FD 
 1384      BCC0BF63 
 1384      74488E46 
 1384      FA99
 1385 0207 FA9B7BF7 		.ascii	"\372\233{\367\204?3\3423\211\377i\203h[\327\355+z{]"
 1385      843F33E2 
 1385      3389FF69 
 1385      83685BD7 
 1385      ED2B7A7B 
 1386 021c 1144ADA8 		.ascii	"\021D\255\250\213<\214/\340!,b\237\007\304 \220\324"
 1386      8B3C8C2F 
 1386      E0212C62 
 1386      9F07C420 
 1386      90D4
 1387 022e DD7DBF94 		.ascii	"\335}\277\224M\316/\001\317W$\313\273\260\007ktU{\017"
 1387      4DCE2F01 
 1387      CF5724CB 
 1387      BBB0076B 
 1387      74557B0F 
 1388 0242 6EF6C71E 		.ascii	"n\366\307\036\306G%\333,m\253\003\3447\006R7\255\010"
 1388      C64725DB 
 1388      2C6DAB03 
 1388      E4370652 
 1388      37AD08
 1389 0255 B0AD923D 		.ascii	"\260\255\222='\330\032`\327\266S \317\340\023@\212\276"
 1389      27D81A60 
 1389      D7B65320 
 1389      CFE01340 
 1389      8ABE
 1390 0267 1F0F9A5E 		.ascii	"\037\017\232^\222I]\223\266\026\311\016H\366\262d/\312"
 1390      92495D93 
 1390      B616C90E 
 1390      48F6B264 
 1390      2FCA
 1391 0279 A47A247B 		.ascii	"\244z${U\262{%{A\262\327C=\013\262,\220\361\017\206"
 1391      55B27B25 
 1391      7B41B2D7 
 1391      433D0BB2 
 1391      2C90F10F 
 1392 028e 8C05392C 		.ascii	"\214\0059,-\1774\264QO\252W\322\355\206\260:=(\351K"
 1392      2D7F34B4 
 1392      514FAA57 
 1392      D2ED86B0 
 1392      3A3D28E9 
 1393 02a3 869C757A 		.ascii	"\206\234uzM \362Y\311\036\327\"\363V\325\363V\341\233"
 1393      4D20F259 
 1393      C91ED722 
 1393      F356D5F3 
 1393      56E19B
ARM GAS  /tmp/ccJUbk6V.s 			page 39


 1394 02b6 B81338B1 		.ascii	"\270\0238\261\374\015\032'6\0053\241\237p\007L\014\341"
 1394      FC0D1A27 
 1394      360533A1 
 1394      9F70074C 
 1394      0CE1
 1395 02c8 267C07F7 		.ascii	"&|\007\367\342~<\200\037\341n\334\207\357\343.|\017"
 1395      E27E3C80 
 1395      1FE16EDC 
 1395      87EFE32E 
 1395      7C0F
 1396 02da DFC53D78 		.ascii	"\337\305=x\020\337\306\017\361\317\370\026fd\030?\340"
 1396      10DFC60F 
 1396      F1CFF816 
 1396      6664183F 
 1396      E0
 1397 02eb 4F2A0F5B 		.ascii	"O*\017[\031\010\373\255\014{,\230T]\200\365Kv\177\220"
 1397      1908FBAD 
 1397      0C7B2C98 
 1397      545D80F5 
 1397      4B767F90 
 1398 02ff ED9715B5 		.ascii	"\355\227\025\265\0316\216\350\326\306\200\355\021\203"
 1398      19368EE8 
 1398      D6C680ED 
 1398      1183
 1399 030d 6D0CA22B 		.ascii	"m\014\242+\011\354\352\252\222\217\006\303'\031\013"
 1399      09ECEAAA 
 1399      928F06C3 
 1399      27190B
 1400 031c 70935F58 		.ascii	"p\223_X\201J\356Uw\367*\362\350\362\020\021(\217hg\227"
 1400      814AEE55 
 1400      77F72AF2 
 1400      E8F21011 
 1400      288F6867 
 1401 0331 17D3753C 		.ascii	"\027\323u<\326`\305\360\243\321#\037\276B\202,\026\225"
 1401      D660C5F0 
 1401      A3D1231F 
 1401      BE42822C 
 1401      1695
 1402 0343 6CD8BAFA 		.ascii	"l\330\272\372\035\355\004\030\020\017\237 \213\010\347"
 1402      1DED0418 
 1402      100F9F20 
 1402      8B08E7
 1403 0352 B90F3887 		.ascii	"\271\0178\207j\010\242\333\010\277\031@\264^\033\364"
 1403      6A08A2DB 
 1403      08BF1940 
 1403      B45E1BF4 
 1404 0362 20DA00B3 		.ascii	" \332\000\263~\355\246\023Q\370n\240\337\003~\000\\"
 1404      7EEDA613 
 1404      51F86EA0 
 1404      DF037E00 
 1404      5C
 1405 0373 057403EE 		.ascii	"\005t\003\356\001\334\012\224\013x\027\260A\341\342"
 1405      01DC0A94 
 1405      0B7817B0 
 1405      41E1E2
 1406 0382 E7E96618 		.ascii	"\347\351f\030o\007\354\002\354\007\034\001\234\004\234"
 1406      6F07EC02 
ARM GAS  /tmp/ccJUbk6V.s 			page 40


 1406      EC071C01 
 1406      9C049C
 1407 0391 075C0574 		.ascii	"\007\\\005t\003\356\002\340K\213zUDK\000\345\200\365"
 1407      03EE02E0 
 1407      4B8B7A55 
 1407      444B00E5 
 1407      80F5
 1408 03a3 2AB72FC3 		.ascii	"*\267/\303\374T1\321j\025\251q7\00674\214\031\371\354"
 1408      FC5431D1 
 1408      6A15A971 
 1408      37063734 
 1408      8C19F9EC 
 1409 03b7 8F3C06B4 		.ascii	"\217<\006\264s\240\356pM\337_\332\363\230\266\"\037"
 1409      73A0EE70 
 1409      4DDF5FDA 
 1409      F398B622 
 1409      1F
 1410 03c8 936FC8C8 		.ascii	"\223o\310\310Gj\337\272\300b\276/\331\343r1+%\373I\250"
 1410      476ADFBA 
 1410      C062BE2F 
 1410      D9E37231 
 1410      2B25FB49 
 1411 03dd 6D0C82CE 		.ascii	"m\014\202\316\327\265\350\344i\\-\311\367\210\364|J"
 1411      D7B5E8E4 
 1411      695C2DC9 
 1411      F788F47C 
 1411      4A
 1412 03ee DA6E30D0 		.ascii	"\332n0\320\302sEU\200]!Yo\320x\2434\376H\322!\017\325"
 1412      C2734555 
 1412      805D2159 
 1412      6FD078A3 
 1412      34FE48D2 
 1413 0405 2549AF95 		.ascii	"%I\257\225t\310\016\035\222\364jI\257\022\316\031?F"
 1413      74C80E1D 
 1413      92F46A49 
 1413      AF12CE19 
 1413      3F46
 1414 0417 CE318DBE 		.ascii	"\3161\215\276\201\313\201\026\017V\231\314l\2474\376"
 1414      81CB8116 
 1414      0F5699CC 
 1414      6CA734FE 
 1415 0427 401A5F0C 		.ascii	"@\032_\014<vu\015\322\326'm\203GE\265\264\335bH[4\254"
 1415      3C76750D 
 1415      D2D6276D 
 1415      834745B5 
 1415      B4DD6248 
 1416 043e 57366C8D 		.ascii	"W6l\215d\033B\236+i\374\216\244;\244\353\265\262a\237"
 1416      641B429E 
 1416      2B69FC8E 
 1416      A43BA4EB 
 1416      B5B2619F 
 1417 0452 4A363FD8 		.ascii	"J6?\330\260\335\322\270V\322\301\263~\217dk\014\254"
 1417      B0DDD2B8 
 1417      56D2C1B3 
 1417      7E8F646B 
 1417      0CAC
 1418 0464 6E5C267D 		.ascii	"n\\&}\027\033\026C?W\245\361\273\206\264\005{V\262U"
ARM GAS  /tmp/ccJUbk6V.s 			page 41


 1418      171B1643 
 1418      3F57A5F1 
 1418      BB86B405 
 1418      7B56B255 
 1419 0478 923D163C 		.ascii	"\222=\026<u%\273\316\260P\242\231k\364\270E\244\300"
 1419      7525BBCE 
 1419      B050A299 
 1419      6BF4B845 
 1419      A4C0
 1420 048a 5093B01D 		.ascii	"P\223\260\035\224\266\245\206U\024l\235d?\224\354w\322"
 1420      94B6A586 
 1420      55146C9D 
 1420      643F94EC 
 1420      77D2
 1421 049c F379B94C 		.ascii	"\363y\271L\225r\231\202__w\245m\205\241\323b\177\210"
 1421      95729982 
 1421      5F5F77A5 
 1421      6D85A1D3 
 1421      627F88
 1422 04af 93691BD9 		.ascii	"\223i\033\331J\370\213Y\023\256#\237\221=d'9L\276%\273"
 1422      4AF88B59 
 1422      13AE239F 
 1422      913D6427 
 1422      394CBE25 
 1423 04c4 C951B28F 		.ascii	"\311Q\262\217\354'_\221\355\3448\251'\237\223Fr\214"
 1423      EC275F91 
 1423      EDE438A9 
 1423      279F9346 
 1423      728C
 1424 04d6 1C2107C9 		.ascii	"\034!\007\311\027\344\000\371\2324\220f\262\213\034"
 1424      17E400F9 
 1424      9A349066 
 1424      B28B1C
 1425 04e5 225F92EF 		.ascii	"\"_\222\357\210\237\354 Md/x\321V\377K\271\372\233\014"
 1425      889FEC20 
 1425      4D642F78 
 1425      D156FF4B 
 1425      B9FA9B0C 
 1426 04f9 FB4A5F83 		.ascii	"\373J_\203V\231\323zC\037u\272^\322\233\015\345\352"
 1426      5699D37A 
 1426      431F75BA 
 1426      5ED29B0D 
 1426      E5EA
 1427 050b F409496F 		.ascii	"\364\011Io4<\306\372\216\037\226\355(\221\355X\251\265"
 1427      343CC6FA 
 1427      8E1F96ED 
 1427      2891ED58 
 1427      A9B5
 1428 051d 929E8403 		.ascii	"\222\236\204\003\205t\337\257\274\0371\311X\373\367"
 1428      8574DFAF 
 1428      BC1F31C9 
 1428      58FBF7
 1429 052c E4FF54BC 		.ascii	"\344\377T\274Jvl\355<K\344i}B\317\357$\220\364\"\234"
 1429      4A766CED 
 1429      3C4BE469 
 1429      7D42CFEF 
 1429      2490F422 
ARM GAS  /tmp/ccJUbk6V.s 			page 42


 1430 0541 70D70037 		.ascii	"p\327\0007!\215\321\037\027\377t_\325\316/m\375W\007"
 1430      218DD11F 
 1430      17FF745F 
 1430      D5CE2F6D 
 1430      FD5707
 1431 0554 6A3A4D5A 		.ascii	"j:MZC\017\037m\313\226\006\310\026I\206\034\020\303"
 1431      430F1F6D 
 1431      CB9606C8 
 1431      1649861C 
 1431      10C3
 1432 0566 D2F69481 		.ascii	"\322\366\224\201\016\371\356\024\357\036\255P\343\031"
 1432      0EF9EE14 
 1432      EF1EAD50 
 1432      E319
 1433 0574 F2033947 		.ascii	"\362\0039G\316\022\375\273qhu\360\320k5\034\230\264"
 1433      CE12FDBB 
 1433      716875F0 
 1433      D06B351C 
 1433      98B4
 1434 0586 9737ABA7 		.ascii	"\2277\253\247\371\376f\323$\243\237\363d\204#\225\324"
 1434      F9FE66D3 
 1434      24A39FF3 
 1434      64842395 
 1434      D4
 1435 0597 6F61D7C7 		.ascii	"oa\327\307\310\242\177\324\035] \234{x\265\264ql\037"
 1435      C8A27FD4 
 1435      1D5D209C 
 1435      7B78B5B4 
 1435      716C1F
 1436 05aa 067B2FF3 		.ascii	"\006{/\363\273\233(\253\315_\305\012Y\223\033W\262\335"
 1436      BB9B28AB 
 1436      CD5FC50A 
 1436      59931B57 
 1436      B2DD
 1437 05bc CCB7B364 		.ascii	"\314\267\263d\225RU\333\344u\203`Rm\336nVU\367jU\025"
 1437      955255DB 
 1437      E4758360 
 1437      526DDE6E 
 1437      5655F76A 
 1438 05d2 2B69ACF1 		.ascii	"+i\254\3612\037\306\036\230\366\273\303\252\340\002"
 1438      321FC61E 
 1438      98F6BBC3 
 1438      AAE002
 1439 05e1 8A9249AC 		.ascii	"\212\222I\254\232\277\210\027\226\370\260[\274\223\263"
 1439      9ABF8817 
 1439      96F8B05B 
 1439      BC93B3
 1440 05f0 08B693B1 		.ascii	"\010\266\223\261<\300\344\252\374:\277\0332=\201}\233"
 1440      3CC0E4AA 
 1440      FC3ABF1B 
 1440      323D817D 
 1440      9B
 1441 0601 0A817915 		.ascii	"\012\201y\025P\346\356p\027E\364\270;\331:Og\331\344"
 1441      50E6EE70 
 1441      1745F4B8 
 1441      3BD93A4F 
 1441      67D9E4
ARM GAS  /tmp/ccJUbk6V.s 			page 43


 1442 0614 3CC60315 		.ascii	"<\306\003\0252\\\351\003\205\277\220\221Zv\220\225\263"
 1442      325CE903 
 1442      85BF9091 
 1442      5A769095 
 1442      B3
 1443 0625 EA55E33C 		.ascii	"\352U\343<\265\037\264\224\373\374\014C\202\336rO\023"
 1443      B51FB494 
 1443      FBFC0C43 
 1443      82DE724F 
 1443      13
 1444 0636 2DF75DF0 		.ascii	"-\367]\360\226\373\324\032O>\343^\037+\3675y9p9O\327"
 1444      96FBD41A 
 1444      4F3EE35E 
 1444      1F2BF735 
 1444      79397039 
 1445 064c D3EC8D2C 		.ascii	"\323\354\215,\367\363\004\232X\244\333\347\205\031\346"
 1445      F7F3049A 
 1445      58A4DBE7 
 1445      8519E6
 1446 065b C5EB7848 		.ascii	"\305\353xH\017\314\224\201\246\334\303(@\233\300e,\337"
 1446      0FCC9481 
 1446      A6DCC328 
 1446      409BC065 
 1446      2CDF
 1447 066d EBF63781 		.ascii	"\353\3667\201Q>\270\007\366\261r\017\367\357\207\001"
 1447      513EB807 
 1447      F6B1720F 
 1447      F7EF8701 
 1448 067d F747982F 		.ascii	"\367G\230/\337{\002\314\305\017\014Q\033\321\257T%\375"
 1448      DF7B02CC 
 1448      C50F0C51 
 1448      1BD1AF54 
 1448      25FD
 1449 068f 9D7BF78F 		.ascii	"\235{\367\217\356\347m\334\331\342\336\367\006\327`"
 1449      EEE76DDC 
 1449      D9E2DEF7 
 1449      06D760
 1450 069e F444D99F 		.ascii	"\364D\331\237\021f\023#i\325(\376\305I\340{3R%\255k"
 1450      11661323 
 1450      69D528FE 
 1450      C549E07B 
 1450      335225AD 
 1451 06b3 CFEEC0BF 		.ascii	"\317\356\300\277\001e?cQ]\250\215\\\201\205h'\250O["
 1451      01653F63 
 1451      515DA88D 
 1451      5C818568 
 1451      27A84F5B 
 1452 06c7 ABEB373F 		.ascii	"\253\3537?\275F\242*+\331\300\266\2635\217L\033\231"
 1452      BD46A22A 
 1452      2BD9C0B6 
 1452      B3358F4C 
 1452      1B99
 1453 06d9 9FF798B6 		.ascii	"\237\367\230\266\223\313\260\252\334\355e\202.\221\213"
 1453      93CBB0AA 
 1453      DCED6582 
 1453      2E918B
 1454 06e8 E485664A 		.ascii	"\344\205fJO\216\002\2033\017<]\343\271AOoE\037\336\302"
ARM GAS  /tmp/ccJUbk6V.s 			page 44


 1454      4F8E0283 
 1454      330F3C5D 
 1454      E3B9414F 
 1454      6F451FDE 
 1455 06fd F3C1EDE4 		.ascii	"\363\301\355\344\232\256\276\246\253\367Sz\221\253\277"
 1455      9AAEBEA6 
 1455      ABF7537A 
 1455      91ABBF
 1456 070c 38F3C56E 		.ascii	"8\363\305np\017[\301w\271\346\201\265-\317\027\325N"
 1456      700F5BC1 
 1456      77B9E681 
 1456      B52DCF17 
 1456      D54E
 1457 071e 3A747107 		.ascii	":tq\007\337./\354\242\2642\014\244\035\247\033wa.\335"
 1457      DF2E2FEC 
 1457      A2B4320C 
 1457      A41DA71B 
 1457      77612EDD 
 1458 0732 DDD5D1B6 		.ascii	"\335\325\321\266\235ld\215\244\235t\352\322NM\272\235"
 1458      9D6C648D 
 1458      A49D74EA 
 1458      D24E4DBA 
 1458      9D
 1459 0743 D2435CBA 		.ascii	"\322C\\\272\376\350\261m\212\011fN\343>\236\322\315"
 1459      FEE8B16D 
 1459      8A09664E 
 1459      E33E9ED2 
 1459      CD
 1460 0754 C1F74DE2 		.ascii	"\301\367M\342\366&\201\333\017>\274\026>\262`x?\351"
 1460      F62681DB 
 1460      0F3EBC16 
 1460      3EB26078 
 1460      3FE9
 1461 0766 D236E0AE 		.ascii	"\3226\340\256\372\203\027\307kavw\037x\235G\351&7\364"
 1461      FA8317C7 
 1461      6B617677 
 1461      1F789D47 
 1461      E92637F4 
 1462 077a 2837B428 		.ascii	"(7\264(\225\224\016\205!Z\034\016\352\225\215\007\253"
 1462      95940E85 
 1462      215A1C0E 
 1462      EA958D07 
 1462      AB
 1463 078b C3C0758F 		.ascii	"\303\300u\217f;\"n\363`\367\332\321#\003\365\021\324"
 1463      663B226E 
 1463      F360F7DA 
 1463      D12303F5 
 1463      11D4
 1464 079d 0B97A832 		.ascii	"\013\227\2502h\351\225;mw_\271\232\307\240Kee\243\372"
 1464      68E9953B 
 1464      6D775FB9 
 1464      9AC7A04B 
 1464      6565A3FA 
 1465 07b1 C82D2DCE 		.ascii	"\310--\316m\322\017#\321\247J\023=\036.\304\276\341"
 1465      6DD20F23 
 1465      D1A74A13 
 1465      3D1E2EC4 
ARM GAS  /tmp/ccJUbk6V.s 			page 45


 1465      BEE1
 1466 07c3 B64FC66E 		.ascii	"\266O\306nk`\254\2001\317\004X\241"
 1466      6B60AC80 
 1466      31CF0458 
 1466      A1
 1467 07d0 3B22ABBB 		.ascii	";\"\253\2730\020\342+\224\016\0121\264\250\346CE,\226"
 1467      3010E22B 
 1467      940E0A31 
 1467      B4A8E643 
 1467      452C96
 1468 07e3 DBD44EEE 		.ascii	"\333\324N\356\011\351\000\014\204\264\207\322\225TH"
 1468      09E9000C 
 1468      84B487D2 
 1468      955448
 1469 07f2 7D97DD9B 		.ascii	"}\227\335\233\"\202\322\373B:\010\003!\205W\253\215"
 1469      2282D2FB 
 1469      423A0803 
 1469      218557AB 
 1469      8D
 1470 0803 425A37D8 		.ascii	"BZ7\330\321\203\265\\aE\037\010\335\020\014\204\256"
 1470      D183B55C 
 1470      61451F08 
 1470      DD100C84 
 1470      AE
 1471 0814 CC44B704 		.ascii	"\314D\267\004\\\016\327\374<6\350\362\241\220\016\303"
 1471      5C0ED7FC 
 1471      3C36E8F2 
 1471      A1900EC3 
 1472 0824 40484F50 		.ascii	"@HOP\332\240\273\034j\017\272|$tLy\244\353ZaOQY\320"
 1472      DAA0BB1C 
 1472      6A0FBA7C 
 1472      24744C79 
 1472      A4EB5A61 
 1473 083c F69082DC 		.ascii	"\366\220\202\334\212&\365(\360>\251I;)\275&\013j\373"
 1473      8A26F528 
 1473      F03EA949 
 1473      3B29BD26 
 1473      0B6AFB
 1474 084f 28A4A03C 		.ascii	"(\244\240<!\315W\362t\351\000\245\367\365\350\347\177"
 1474      21CD57F2 
 1474      74E900A5 
 1474      F7F5E8E7 
 1474      7F
 1475 0860 0A462F10 		.ascii	"\012F/\020\272B\245@\327yM\264\300\204\324\260wny\216"
 1475      BA42A540 
 1475      D7794DB4 
 1475      C084D4B0 
 1475      776E798E 
 1476 0874 8E1DFF3B 		.ascii	"\216\035\377;\214\341\037<\302=\314\223\027\206\236"
 1476      8CE11F3C 
 1476      C23DCC93 
 1476      17869E
 1477 0883 8D46458A 		.ascii	"\215FE\212WA\305\312\012\005\002\015\375\326\253\020"
 1477      5741C5CA 
 1477      0A05020D 
 1477      FDD6AB10 
 1478 0893 2FFC343F 		.ascii	"/\3744?\365\343\361\333\246\300oS\354U\304\242\303\033"
ARM GAS  /tmp/ccJUbk6V.s 			page 46


 1478      F5E3F1DB 
 1478      A6C06F53 
 1478      EC55C4A2 
 1478      C31B
 1479 08a5 2FFF6D0A 		.ascii	"/\377m\012\017]\030l\213\2655[\307\215|\371^\245 K\211"
 1479      0F5D186C 
 1479      8BB5355B 
 1479      C78D7CF9 
 1479      5EA5204B 
 1480 08ba 02827078 		.ascii	"\002\202px*\237WI\303\246\363\267#B\374\224*\253\025"
 1480      2A9F5749 
 1480      C3A6F3B7 
 1480      2342FC94 
 1480      2AAB15
 1481 08cd 781753B8 		.ascii	"x\027S\270\020\266V\373\351#U\252<B\333\365#\264\\\343"
 1481      10B656FB 
 1481      E92355AA 
 1481      3C42DBF5 
 1481      23B45CE3 
 1482 08e1 6A6FB0AA 		.ascii	"jo\260\252p\311u\353\\\005\377\037\237QVk\262-\346\217"
 1482      70C975EB 
 1482      5C05FF1F 
 1482      9F51566B 
 1482      B22DE68F 
 1483 08f5 53A79AB3 		.ascii	"S\247\232\263]\346\264\224\014\363\242\354\234\\\227"
 1483      5DE6B494 
 1483      0CF3A2EC 
 1483      9C5C97
 1484 0904 D93E2F39 		.ascii	"\331>/9&\332<{v\274y^R\362\022\013g\034\256\\GF\306"
 1484      26DA3C7B 
 1484      76BC795E 
 1484      52F2120B 
 1484      671CAE5C 
 1485 091b 82A9A974 		.ascii	"\202\251\251t\326\213\363'[-3\320\257Bg\247.\214v\246"
 1485      D68BF327 
 1485      5B2D33D0 
 1485      AF4267A7 
 1485      2E8C76A6 
 1486 092f 3EE79C31 		.ascii	">\347\2341\003\321\305\351Y\2711\321\216\\2\307\246"
 1486      03D1C5E9 
 1486      59B931D1 
 1486      8E5C32C7 
 1486      A6
 1487 0940 C627C7DA 		.ascii	"\306'\307\332\224x\253M\215\213\237gS\254V\233b\003"
 1487      9478AB4D 
 1487      8D8B9F67 
 1487      53AC569B 
 1487      6203
 1488 0952 C4DA6CCA 		.ascii	"\304\332l\312\\\273U\261\2768O\265Z\023lZ\026\321\332"
 1488      5CBB55B1 
 1488      BE384FB5 
 1488      5A136C5A 
 1488      16D1DA
 1489 0965 5F8B9230 		.ascii	"_\213\2220\313F\354`\231\224`S\355\311\240\266\332\242"
 1489      CB46EC60 
 1489      99946053 
 1489      EDC9A0B6 
ARM GAS  /tmp/ccJUbk6V.s 			page 47


 1489      DAA2
 1490 0977 011650FE 		.ascii	"\001\026P\376\315\366\007sZv\246\323\234\231\262<%\353"
 1490      CDF60773 
 1490      5A76A6D3 
 1490      9C99B23C 
 1490      25EB
 1491 0989 4D736A5A 		.ascii	"MsjZ\372k\351\331\256)K\263s\336t-JIu\232\255|f\216"
 1491      FA6BE9D9 
 1491      AE294BB3 
 1491      73DE742D 
 1491      4A49759A 
 1492 09a1 DD9CB268 		.ascii	"\335\234\262h\021\372\237U\271r3y\236\351\231S\323\320"
 1492      11FA9F55 
 1492      B9723379 
 1492      9EE99953 
 1492      D3D0
 1493 09b3 1879E3C8 		.ascii	"\030y\343\3105\331\022\354\011\266\227\022\342g\214"
 1493      35D912EC 
 1493      09B69712 
 1493      E2678C
 1494 09c2 9E3B7B76 		.ascii	"\236;{vR\264\335:s\226m\224\335n\235e\223\324s\212\325"
 1494      52B4DD3A 
 1494      73966D94 
 1494      DD6E9D65 
 1494      93D4738A 
 1495 09d7 CEABB206 		.ascii	"\316\253\262\006\247\2365\305\316\215\213\236=7\341"
 1495      A79E35C5 
 1495      CE8D8B9E 
 1495      3D37E1
 1496 09e6 451B1F59 		.ascii	"E\033\037Y\304(\300N7\305&\306\305\350l\242\324%\216"
 1496      C428C04E 
 1496      37C526C6 
 1496      C5E86CA2 
 1496      D4258E
 1497 09f9 D4C58473 		.ascii	"\324\305\204s/0\303\257\226P&:\234{\320\230D]\221hT"
 1497      2F30C3AF 
 1497      9650263A 
 1497      9C7BD098 
 1497      445D9168 
 1498 0a0e 5828B7B5 		.ascii	"X(\267\265\331\347\331\370\300\302\007\222\233F\271"
 1498      D9E7D9F8 
 1498      C0C20792 
 1498      9B46B9
 1499 0a1d B5E01203 		.ascii	"\265\340\022\003\242D!R\254I6\225\027\031\016\365\362"
 1499      A2442152 
 1499      AC493695 
 1499      17190EF5 
 1499      F2
 1500 0a2e 2BB1DAC2 		.ascii	"+\261\332\302\343\255\177\345C\275\213\251\331\231\231"
 1500      E3AD7FE5 
 1500      43BD8BA9 
 1500      D99999
 1501 0a3d D95966E7 		.ascii	"\331Yf\347\262\\h\243\350\344\314\351\313\226\211\036"
 1501      B25C68A3 
 1501      E8E4CCE9 
 1501      CB96891E 
 1502 0a4d 2E9C3ECD 		.ascii	".\234>\315\262,\225w\321f\265:\346-_\344\214w.\014\343"
ARM GAS  /tmp/ccJUbk6V.s 			page 48


 1502      B22C9577 
 1502      D166B53A 
 1502      E62D5FE4 
 1502      8C772E0C 
 1503 0a62 29CC7C39 		.ascii	")\314|9,)\336:'>\201\337E\317|y\\|\334\254d\353\374"
 1503      2C29DE3A 
 1503      273E81DF 
 1503      45CF7C79 
 1503      5C7CDCAC 
 1504 0a79 8046B13C 		.ascii	"\200F\261<\207L)9\231Kf8\247d\242\321\251\260L\316e"
 1504      874C2939 
 1504      994B6638 
 1504      A764A2D1 
 1504      A9B04CCE 
 1505 0a8e 5332A723 		.ascii	"S2\247#\372\222357;'n\332\224_\2625\371*\362\221#=+"
 1505      FA923335 
 1505      373B276E 
 1505      DA945FB2 
 1505      35F92AF2 
 1506 0aa6 3D778283 		.ascii	"=w\202\203\0338\322s\376\341p.J\317\310~}\261\363iC"
 1506      1B38D273 
 1506      FEE1702E 
 1506      4ACFC87E 
 1506      7DB1F369 
 1507 0abb 2DC25FAC 		.ascii	"-\302_\254-\331\232\274\014\266\022\004w:\226\314\340"
 1507      2DD99ABC 
 1507      0CB61204 
 1507      773A96CC 
 1507      E0
 1508 0acc 9B61426A 		.ascii	"\233aBj\232}\271k^z\2463'1%kA\2063'\351)a\232\223kN"
 1508      9A7DB96B 
 1508      5E7AA633 
 1508      2731256B 
 1508      41863327 
 1509 0ae7 CF4ACD58 		.ascii	"\317J\315X\274\300\011\026\256\345.\020Gf-IOM\310Jy"
 1509      BCC00916 
 1509      AEE52E10 
 1509      47662D49 
 1509      4F4DC84A 
 1510 0afc 2DC32992 		.ascii	"-\303)\222\376\375\310\224\365xz$.\007\263\010\207\303"
 1510      FEFDC894 
 1510      F5787A24 
 1510      2E07B308 
 1510      87C3
 1511 0b0e E5CC75C4 		.ascii	"\345\314u\304\305\332\023\346\332\222\"R2\226\246,w"
 1511      C5DA13E6 
 1511      DA922252 
 1511      3296A62C 
 1511      77
 1512 0b1f 41E219E9 		.ascii	"A\342\031\351Y\316\351\377\321s\2605[\223\355Iv\263"
 1512      59CEE9FF 
 1512      D173B035 
 1512      5B93ED49 
 1512      76B3
 1513 0b31 15D23427 		.ascii	"\025\3224'\005r\310t\245\273\034\257\247r\207\023\262"
 1513      0572C874 
 1513      A5BB1CAF 
ARM GAS  /tmp/ccJUbk6V.s 			page 49


 1513      A7728713 
 1513      B2
 1514 0b42 5D291990 		.ascii	"])\031\220\366\354\354\3247g\346dg&\331mO\0053\341$"
 1514      F6ECECD4 
 1514      3767E664 
 1514      6726D96D 
 1514      4F0533E1 
 1515 0b57 CF9E5F79 		.ascii	"\317\236_y\322Z\205!\322\011Z\2632`\302\261\020f\034"
 1515      D25A8521 
 1515      D2095AB3 
 1515      3260C2B1 
 1515      10661C
 1516 0b6a E9AE1C93 		.ascii	"\351\256\034\223\234z\234[\31516d\242\036n~VF\210\027"
 1516      9C7A9C5B 
 1516      CD313664 
 1516      A21E6E7E 
 1516      56468817 
 1517 0b7e CDAD616A 		.ascii	"\315\255aj\242\346eq\226\301\365\230\220I55-%\347\337"
 1517      A2E66571 
 1517      96C1F598 
 1517      90493535 
 1517      2D25E7DF 
 1518 0b92 5561B010 		.ascii	"Ua\260\020"
 1519              		.text
 1520              		.section	.gnu.lto_.symtab.cff44e7bfbf214f8,"e",%progbits
 1521 0000 56656374 		.ascii	"VectorB0\000"
 1521      6F724230 
 1521      00
 1522 0009 00       		.ascii	"\000"
 1523 000a 00       		.ascii	"\000"
 1524 000b 00       		.ascii	"\000"
 1525 000c 00000000 		.ascii	"\000\000\000\000\000\000\000\000"
 1525      00000000 
 1526 0014 62010000 		.ascii	"b\001\000\000"
 1527 0018 73745F6C 		.ascii	"st_lld_init\000"
 1527      6C645F69 
 1527      6E697400 
 1528 0024 00       		.ascii	"\000"
 1529 0025 00       		.ascii	"\000"
 1530 0026 00       		.ascii	"\000"
 1531 0027 00000000 		.ascii	"\000\000\000\000\000\000\000\000"
 1531      00000000 
 1532 002f 64010000 		.ascii	"d\001\000\000"
 1533 0033 5F706F72 		.ascii	"_port_irq_epilogue\000"
 1533      745F6972 
 1533      715F6570 
 1533      696C6F67 
 1533      756500
 1534 0046 00       		.ascii	"\000"
 1535 0047 02       		.ascii	"\002"
 1536 0048 00       		.ascii	"\000"
 1537 0049 00000000 		.ascii	"\000\000\000\000\000\000\000\000"
 1537      00000000 
 1538 0051 66010000 		.ascii	"f\001\000\000"
 1539 0055 63685379 		.ascii	"chSysTimerHandlerI\000"
 1539      7354696D 
 1539      65724861 
ARM GAS  /tmp/ccJUbk6V.s 			page 50


 1539      6E646C65 
 1539      724900
 1540 0068 00       		.ascii	"\000"
 1541 0069 02       		.ascii	"\002"
 1542 006a 00       		.ascii	"\000"
 1543 006b 00000000 		.ascii	"\000\000\000\000\000\000\000\000"
 1543      00000000 
 1544 0073 68010000 		.ascii	"h\001\000\000"
 1545 0077 6E766963 		.ascii	"nvicEnableVector\000"
 1545      456E6162 
 1545      6C655665 
 1545      63746F72 
 1545      00
 1546 0088 00       		.ascii	"\000"
 1547 0089 02       		.ascii	"\002"
 1548 008a 00       		.ascii	"\000"
 1549 008b 00000000 		.ascii	"\000\000\000\000\000\000\000\000"
 1549      00000000 
 1550 0093 6D010000 		.ascii	"m\001\000\000"
 1551              		.text
 1552              		.section	.gnu.lto_.ext_symtab.cff44e7bfbf214f8,"e",%progbits
 1553 0000 01       		.ascii	"\001"
 1554 0001 01       		.ascii	"\001"
 1555 0002 00       		.ascii	"\000"
 1556 0003 01       		.ascii	"\001"
 1557 0004 00       		.ascii	"\000"
 1558 0005 01       		.ascii	"\001"
 1559 0006 00       		.ascii	"\000"
 1560 0007 01       		.ascii	"\001"
 1561 0008 00       		.ascii	"\000"
 1562 0009 01       		.ascii	"\001"
 1563 000a 00       		.ascii	"\000"
 1564              		.text
 1565              		.section	.gnu.lto_.opts,"e",%progbits
 1566 0000 272D666E 		.ascii	"'-fno-openmp' '-fno-openacc' '-fno-pie' '-fcf-prote"
 1566      6F2D6F70 
 1566      656E6D70 
 1566      2720272D 
 1566      666E6F2D 
 1567 0033 6374696F 		.ascii	"ction=none' '-g' '-mcpu=cortex-m4' '-mthumb' '-mflo"
 1567      6E3D6E6F 
 1567      6E652720 
 1567      272D6727 
 1567      20272D6D 
 1568 0066 61742D61 		.ascii	"at-abi=soft' '-mlibarch=armv7e-m' '-march=armv7e-m'"
 1568      62693D73 
 1568      6F667427 
 1568      20272D6D 
 1568      6C696261 
 1569 0099 20272D4F 		.ascii	" '-O2' '-fomit-frame-pointer' '-falign-functions=16"
 1569      32272027 
 1569      2D666F6D 
 1569      69742D66 
 1569      72616D65 
 1570 00cc 2720272D 		.ascii	"' '-ffunction-sections' '-fdata-sections' '-fno-com"
 1570      6666756E 
 1570      6374696F 
ARM GAS  /tmp/ccJUbk6V.s 			page 51


 1570      6E2D7365 
 1570      6374696F 
 1571 00ff 6D6F6E27 		.ascii	"mon' '-flto' '-Xassembler' '-alms=./build/lst/hal_s"
 1571      20272D66 
 1571      6C746F27 
 1571      20272D58 
 1571      61737365 
 1572 0132 745F6C6C 		.ascii	"t_lld.lst'\000"
 1572      642E6C73 
 1572      742700
 1573              		.text
 1574              		.comm	__gnu_lto_slim,1,1
 1575              		.ident	"GCC: (15:13.2.rel1-2) 13.2.1 20231009"
ARM GAS  /tmp/ccJUbk6V.s 			page 52


DEFINED SYMBOLS
                            *ABS*:00000000 hal_st_lld.c
     /tmp/ccJUbk6V.s:27     .gnu.debuglto_.debug_info:00000000 hal_st_lld.c.f2ec6e77
                            *COM*:00000001 __gnu_lto_slim

NO UNDEFINED SYMBOLS
