ARM GAS  /tmp/ccqMfECH.s 			page 1


   1              		.cpu cortex-m4
   2              		.arch armv7e-m
   3              		.fpu softvfp
   4              		.eabi_attribute 20, 1
   5              		.eabi_attribute 21, 1
   6              		.eabi_attribute 23, 3
   7              		.eabi_attribute 24, 1
   8              		.eabi_attribute 25, 1
   9              		.eabi_attribute 26, 1
  10              		.eabi_attribute 30, 2
  11              		.eabi_attribute 34, 1
  12              		.eabi_attribute 18, 4
  13              		.file	"nvic.c"
  14              		.file 1 "/usr/lib/gcc/arm-none-eabi/13.2.1/include/stdint.h"
  15              		.file 2 "../os/common/ext/ARM/CMSIS/Core/Include/core_cm4.h"
  16              		.file 3 "../os/hal/ports/common/ARMCMx/nvic.c"
  17              		.section	.gnu.debuglto_.debug_info,"e",%progbits
  18              	.Ldebug_info0:
  19              		.hidden	nvic.c.c4330c30
  20              		.weak	nvic.c.c4330c30
  21              	nvic.c.c4330c30:
  22 0000 C3030000 		.4byte	0x3c3
  23 0004 0500     		.2byte	0x5
  24 0006 01       		.byte	0x1
  25 0007 04       		.byte	0x4
  26 0008 00000000 		.4byte	.Ldebug_abbrev0
  27 000c 0E       		.uleb128 0xe
  28 000d 0A010000 		.4byte	.LASF47
  29 0011 1D       		.byte	0x1d
  30 0012 F4010000 		.4byte	.LASF48
  31 0016 00000000 		.4byte	.LASF49
  32 001a 00000000 		.4byte	.Ldebug_line0
  33 001e 0F       		.uleb128 0xf
  34 001f 04       		.byte	0x4
  35 0020 05       		.byte	0x5
  36 0021 696E7400 		.ascii	"int\000"
  37 0025 02       		.uleb128 0x2
  38 0026 04       		.byte	0x4
  39 0027 07       		.byte	0x7
  40 0028 D3010000 		.4byte	.LASF0
  41 002c 02       		.uleb128 0x2
  42 002d 08       		.byte	0x8
  43 002e 05       		.byte	0x5
  44 002f 4A020000 		.4byte	.LASF1
  45 0033 02       		.uleb128 0x2
  46 0034 08       		.byte	0x8
  47 0035 04       		.byte	0x4
  48 0036 8C020000 		.4byte	.LASF2
  49 003a 02       		.uleb128 0x2
  50 003b 01       		.byte	0x1
  51 003c 06       		.byte	0x6
  52 003d 98020000 		.4byte	.LASF3
  53 0041 02       		.uleb128 0x2
  54 0042 02       		.byte	0x2
  55 0043 05       		.byte	0x5
  56 0044 FB000000 		.4byte	.LASF4
  57 0048 02       		.uleb128 0x2
ARM GAS  /tmp/ccqMfECH.s 			page 2


  58 0049 04       		.byte	0x4
  59 004a 05       		.byte	0x5
  60 004b 83020000 		.4byte	.LASF5
  61 004f 0C       		.uleb128 0xc
  62 0050 42020000 		.4byte	.LASF8
  63 0054 2E       		.byte	0x2e
  64 0055 18       		.byte	0x18
  65 0056 5F000000 		.4byte	0x5f
  66 005a 05       		.uleb128 0x5
  67 005b 4F000000 		.4byte	0x4f
  68 005f 02       		.uleb128 0x2
  69 0060 01       		.byte	0x1
  70 0061 08       		.byte	0x8
  71 0062 9F000000 		.4byte	.LASF6
  72 0066 02       		.uleb128 0x2
  73 0067 02       		.byte	0x2
  74 0068 07       		.byte	0x7
  75 0069 BC000000 		.4byte	.LASF7
  76 006d 0C       		.uleb128 0xc
  77 006e 7A020000 		.4byte	.LASF9
  78 0072 34       		.byte	0x34
  79 0073 19       		.byte	0x19
  80 0074 82000000 		.4byte	0x82
  81 0078 05       		.uleb128 0x5
  82 0079 6D000000 		.4byte	0x6d
  83 007d 07       		.uleb128 0x7
  84 007e 78000000 		.4byte	0x78
  85 0082 02       		.uleb128 0x2
  86 0083 04       		.byte	0x4
  87 0084 07       		.byte	0x7
  88 0085 1F020000 		.4byte	.LASF10
  89 0089 02       		.uleb128 0x2
  90 008a 08       		.byte	0x8
  91 008b 07       		.byte	0x7
  92 008c 88000000 		.4byte	.LASF11
  93 0090 10       		.uleb128 0x10
  94 0091 040E     		.2byte	0xe04
  95 0093 02       		.byte	0x2
  96 0094 9601     		.2byte	0x196
  97 0096 09       		.byte	0x9
  98 0097 42010000 		.4byte	0x142
  99 009b 01       		.uleb128 0x1
 100 009c 64020000 		.4byte	.LASF12
 101 00a0 9801     		.2byte	0x198
 102 00a2 52010000 		.4byte	0x152
 103 00a6 00       		.byte	0
 104 00a7 01       		.uleb128 0x1
 105 00a8 57000000 		.4byte	.LASF13
 106 00ac 9901     		.2byte	0x199
 107 00ae 57010000 		.4byte	0x157
 108 00b2 20       		.byte	0x20
 109 00b3 01       		.uleb128 0x1
 110 00b4 05010000 		.4byte	.LASF14
 111 00b8 9A01     		.2byte	0x19a
 112 00ba 52010000 		.4byte	0x152
 113 00be 80       		.byte	0x80
 114 00bf 01       		.uleb128 0x1
ARM GAS  /tmp/ccqMfECH.s 			page 3


 115 00c0 31020000 		.4byte	.LASF15
 116 00c4 9B01     		.2byte	0x19b
 117 00c6 57010000 		.4byte	0x157
 118 00ca A0       		.byte	0xa0
 119 00cb 06       		.uleb128 0x6
 120 00cc E0010000 		.4byte	.LASF16
 121 00d0 9C01     		.2byte	0x19c
 122 00d2 52010000 		.4byte	0x152
 123 00d6 0001     		.2byte	0x100
 124 00d8 06       		.uleb128 0x6
 125 00d9 CB020000 		.4byte	.LASF17
 126 00dd 9D01     		.2byte	0x19d
 127 00df 57010000 		.4byte	0x157
 128 00e3 2001     		.2byte	0x120
 129 00e5 06       		.uleb128 0x6
 130 00e6 30000000 		.4byte	.LASF18
 131 00ea 9E01     		.2byte	0x19e
 132 00ec 52010000 		.4byte	0x152
 133 00f0 8001     		.2byte	0x180
 134 00f2 06       		.uleb128 0x6
 135 00f3 61000000 		.4byte	.LASF19
 136 00f7 9F01     		.2byte	0x19f
 137 00f9 57010000 		.4byte	0x157
 138 00fd A001     		.2byte	0x1a0
 139 00ff 06       		.uleb128 0x6
 140 0100 C1020000 		.4byte	.LASF20
 141 0104 A001     		.2byte	0x1a0
 142 0106 52010000 		.4byte	0x152
 143 010a 0002     		.2byte	0x200
 144 010c 06       		.uleb128 0x6
 145 010d 6B000000 		.4byte	.LASF21
 146 0111 A101     		.2byte	0x1a1
 147 0113 67010000 		.4byte	0x167
 148 0117 2002     		.2byte	0x220
 149 0119 11       		.uleb128 0x11
 150 011a 495000   		.ascii	"IP\000"
 151 011d 02       		.byte	0x2
 152 011e A201     		.2byte	0x1a2
 153 0120 12       		.byte	0x12
 154 0121 87010000 		.4byte	0x187
 155 0125 0003     		.2byte	0x300
 156 0127 06       		.uleb128 0x6
 157 0128 75000000 		.4byte	.LASF22
 158 012c A301     		.2byte	0x1a3
 159 012e 8C010000 		.4byte	0x18c
 160 0132 F003     		.2byte	0x3f0
 161 0134 06       		.uleb128 0x6
 162 0135 B7000000 		.4byte	.LASF23
 163 0139 A401     		.2byte	0x1a4
 164 013b 78000000 		.4byte	0x78
 165 013f 000E     		.2byte	0xe00
 166 0141 00       		.byte	0
 167 0142 03       		.uleb128 0x3
 168 0143 78000000 		.4byte	0x78
 169 0147 52010000 		.4byte	0x152
 170 014b 04       		.uleb128 0x4
 171 014c 25000000 		.4byte	0x25
ARM GAS  /tmp/ccqMfECH.s 			page 4


 172 0150 07       		.byte	0x7
 173 0151 00       		.byte	0
 174 0152 05       		.uleb128 0x5
 175 0153 42010000 		.4byte	0x142
 176 0157 03       		.uleb128 0x3
 177 0158 6D000000 		.4byte	0x6d
 178 015c 67010000 		.4byte	0x167
 179 0160 04       		.uleb128 0x4
 180 0161 25000000 		.4byte	0x25
 181 0165 17       		.byte	0x17
 182 0166 00       		.byte	0
 183 0167 03       		.uleb128 0x3
 184 0168 6D000000 		.4byte	0x6d
 185 016c 77010000 		.4byte	0x177
 186 0170 04       		.uleb128 0x4
 187 0171 25000000 		.4byte	0x25
 188 0175 37       		.byte	0x37
 189 0176 00       		.byte	0
 190 0177 03       		.uleb128 0x3
 191 0178 5A000000 		.4byte	0x5a
 192 017c 87010000 		.4byte	0x187
 193 0180 04       		.uleb128 0x4
 194 0181 25000000 		.4byte	0x25
 195 0185 EF       		.byte	0xef
 196 0186 00       		.byte	0
 197 0187 05       		.uleb128 0x5
 198 0188 77010000 		.4byte	0x177
 199 018c 03       		.uleb128 0x3
 200 018d 6D000000 		.4byte	0x6d
 201 0191 9D010000 		.4byte	0x19d
 202 0195 12       		.uleb128 0x12
 203 0196 25000000 		.4byte	0x25
 204 019a 8302     		.2byte	0x283
 205 019c 00       		.byte	0
 206 019d 0D       		.uleb128 0xd
 207 019e AD000000 		.4byte	.LASF24
 208 01a2 A501     		.2byte	0x1a5
 209 01a4 04       		.byte	0x4
 210 01a5 90000000 		.4byte	0x90
 211 01a9 13       		.uleb128 0x13
 212 01aa 8C       		.byte	0x8c
 213 01ab 02       		.byte	0x2
 214 01ac B801     		.2byte	0x1b8
 215 01ae 09       		.byte	0x9
 216 01af B0020000 		.4byte	0x2b0
 217 01b3 01       		.uleb128 0x1
 218 01b4 58020000 		.4byte	.LASF25
 219 01b8 BA01     		.2byte	0x1ba
 220 01ba 7D000000 		.4byte	0x7d
 221 01be 00       		.byte	0
 222 01bf 01       		.uleb128 0x1
 223 01c0 EF010000 		.4byte	.LASF26
 224 01c4 BB01     		.2byte	0x1bb
 225 01c6 78000000 		.4byte	0x78
 226 01ca 04       		.byte	0x4
 227 01cb 01       		.uleb128 0x1
 228 01cc 52000000 		.4byte	.LASF27
ARM GAS  /tmp/ccqMfECH.s 			page 5


 229 01d0 BC01     		.2byte	0x1bc
 230 01d2 78000000 		.4byte	0x78
 231 01d6 08       		.byte	0x8
 232 01d7 01       		.uleb128 0x1
 233 01d8 19020000 		.4byte	.LASF28
 234 01dc BD01     		.2byte	0x1bd
 235 01de 78000000 		.4byte	0x78
 236 01e2 0C       		.byte	0xc
 237 01e3 08       		.uleb128 0x8
 238 01e4 53435200 		.ascii	"SCR\000"
 239 01e8 BE01     		.2byte	0x1be
 240 01ea 78000000 		.4byte	0x78
 241 01ee 10       		.byte	0x10
 242 01ef 08       		.uleb128 0x8
 243 01f0 43435200 		.ascii	"CCR\000"
 244 01f4 BF01     		.2byte	0x1bf
 245 01f6 78000000 		.4byte	0x78
 246 01fa 14       		.byte	0x14
 247 01fb 08       		.uleb128 0x8
 248 01fc 53485000 		.ascii	"SHP\000"
 249 0200 C001     		.2byte	0x1c0
 250 0202 C0020000 		.4byte	0x2c0
 251 0206 18       		.byte	0x18
 252 0207 01       		.uleb128 0x1
 253 0208 74020000 		.4byte	.LASF29
 254 020c C101     		.2byte	0x1c1
 255 020e 78000000 		.4byte	0x78
 256 0212 24       		.byte	0x24
 257 0213 01       		.uleb128 0x1
 258 0214 CF000000 		.4byte	.LASF30
 259 0218 C201     		.2byte	0x1c2
 260 021a 78000000 		.4byte	0x78
 261 021e 28       		.byte	0x28
 262 021f 01       		.uleb128 0x1
 263 0220 E5000000 		.4byte	.LASF31
 264 0224 C301     		.2byte	0x1c3
 265 0226 78000000 		.4byte	0x78
 266 022a 2C       		.byte	0x2c
 267 022b 01       		.uleb128 0x1
 268 022c E5010000 		.4byte	.LASF32
 269 0230 C401     		.2byte	0x1c4
 270 0232 78000000 		.4byte	0x78
 271 0236 30       		.byte	0x30
 272 0237 01       		.uleb128 0x1
 273 0238 6E020000 		.4byte	.LASF33
 274 023c C501     		.2byte	0x1c5
 275 023e 78000000 		.4byte	0x78
 276 0242 34       		.byte	0x34
 277 0243 01       		.uleb128 0x1
 278 0244 C6020000 		.4byte	.LASF34
 279 0248 C601     		.2byte	0x1c6
 280 024a 78000000 		.4byte	0x78
 281 024e 38       		.byte	0x38
 282 024f 01       		.uleb128 0x1
 283 0250 69020000 		.4byte	.LASF35
 284 0254 C701     		.2byte	0x1c7
 285 0256 78000000 		.4byte	0x78
ARM GAS  /tmp/ccqMfECH.s 			page 6


 286 025a 3C       		.byte	0x3c
 287 025b 08       		.uleb128 0x8
 288 025c 50465200 		.ascii	"PFR\000"
 289 0260 C801     		.2byte	0x1c8
 290 0262 DA020000 		.4byte	0x2da
 291 0266 40       		.byte	0x40
 292 0267 08       		.uleb128 0x8
 293 0268 44465200 		.ascii	"DFR\000"
 294 026c C901     		.2byte	0x1c9
 295 026e 7D000000 		.4byte	0x7d
 296 0272 48       		.byte	0x48
 297 0273 08       		.uleb128 0x8
 298 0274 41445200 		.ascii	"ADR\000"
 299 0278 CA01     		.2byte	0x1ca
 300 027a 7D000000 		.4byte	0x7d
 301 027e 4C       		.byte	0x4c
 302 027f 01       		.uleb128 0x1
 303 0280 35000000 		.4byte	.LASF36
 304 0284 CB01     		.2byte	0x1cb
 305 0286 F4020000 		.4byte	0x2f4
 306 028a 50       		.byte	0x50
 307 028b 01       		.uleb128 0x1
 308 028c C5010000 		.4byte	.LASF37
 309 0290 CC01     		.2byte	0x1cc
 310 0292 0E030000 		.4byte	0x30e
 311 0296 60       		.byte	0x60
 312 0297 01       		.uleb128 0x1
 313 0298 57000000 		.4byte	.LASF13
 314 029c CD01     		.2byte	0x1cd
 315 029e 13030000 		.4byte	0x313
 316 02a2 74       		.byte	0x74
 317 02a3 01       		.uleb128 0x1
 318 02a4 5E020000 		.4byte	.LASF38
 319 02a8 CE01     		.2byte	0x1ce
 320 02aa 78000000 		.4byte	0x78
 321 02ae 88       		.byte	0x88
 322 02af 00       		.byte	0
 323 02b0 03       		.uleb128 0x3
 324 02b1 5A000000 		.4byte	0x5a
 325 02b5 C0020000 		.4byte	0x2c0
 326 02b9 04       		.uleb128 0x4
 327 02ba 25000000 		.4byte	0x25
 328 02be 0B       		.byte	0xb
 329 02bf 00       		.byte	0
 330 02c0 05       		.uleb128 0x5
 331 02c1 B0020000 		.4byte	0x2b0
 332 02c5 03       		.uleb128 0x3
 333 02c6 7D000000 		.4byte	0x7d
 334 02ca D5020000 		.4byte	0x2d5
 335 02ce 04       		.uleb128 0x4
 336 02cf 25000000 		.4byte	0x25
 337 02d3 01       		.byte	0x1
 338 02d4 00       		.byte	0
 339 02d5 07       		.uleb128 0x7
 340 02d6 C5020000 		.4byte	0x2c5
 341 02da 05       		.uleb128 0x5
 342 02db D5020000 		.4byte	0x2d5
ARM GAS  /tmp/ccqMfECH.s 			page 7


 343 02df 03       		.uleb128 0x3
 344 02e0 7D000000 		.4byte	0x7d
 345 02e4 EF020000 		.4byte	0x2ef
 346 02e8 04       		.uleb128 0x4
 347 02e9 25000000 		.4byte	0x25
 348 02ed 03       		.byte	0x3
 349 02ee 00       		.byte	0
 350 02ef 07       		.uleb128 0x7
 351 02f0 DF020000 		.4byte	0x2df
 352 02f4 05       		.uleb128 0x5
 353 02f5 EF020000 		.4byte	0x2ef
 354 02f9 03       		.uleb128 0x3
 355 02fa 7D000000 		.4byte	0x7d
 356 02fe 09030000 		.4byte	0x309
 357 0302 04       		.uleb128 0x4
 358 0303 25000000 		.4byte	0x25
 359 0307 04       		.byte	0x4
 360 0308 00       		.byte	0
 361 0309 07       		.uleb128 0x7
 362 030a F9020000 		.4byte	0x2f9
 363 030e 05       		.uleb128 0x5
 364 030f 09030000 		.4byte	0x309
 365 0313 03       		.uleb128 0x3
 366 0314 6D000000 		.4byte	0x6d
 367 0318 23030000 		.4byte	0x323
 368 031c 04       		.uleb128 0x4
 369 031d 25000000 		.4byte	0x25
 370 0321 04       		.byte	0x4
 371 0322 00       		.byte	0
 372 0323 0D       		.uleb128 0xd
 373 0324 CA010000 		.4byte	.LASF39
 374 0328 CF01     		.2byte	0x1cf
 375 032a 03       		.byte	0x3
 376 032b A9010000 		.4byte	0x1a9
 377 032f 02       		.uleb128 0x2
 378 0330 01       		.byte	0x1
 379 0331 08       		.byte	0x8
 380 0332 EA010000 		.4byte	.LASF40
 381 0336 07       		.uleb128 0x7
 382 0337 2F030000 		.4byte	0x32f
 383 033b 02       		.uleb128 0x2
 384 033c 01       		.byte	0x1
 385 033d 02       		.byte	0x2
 386 033e 3A000000 		.4byte	.LASF41
 387 0342 09       		.uleb128 0x9
 388 0343 EA000000 		.4byte	.LASF42
 389 0347 6D       		.byte	0x6d
 390 0348 56030000 		.4byte	0x356
 391 034c 0A       		.uleb128 0xa
 392 034d 6E00     		.ascii	"n\000"
 393 034f 6D       		.byte	0x6d
 394 0350 20       		.byte	0x20
 395 0351 6D000000 		.4byte	0x6d
 396 0355 00       		.byte	0
 397 0356 09       		.uleb128 0x9
 398 0357 A4020000 		.4byte	.LASF43
 399 035b 5A       		.byte	0x5a
ARM GAS  /tmp/ccqMfECH.s 			page 8


 400 035c 80030000 		.4byte	0x380
 401 0360 0B       		.uleb128 0xb
 402 0361 3A020000 		.4byte	.LASF44
 403 0365 5A       		.byte	0x5a
 404 0366 2C       		.byte	0x2c
 405 0367 6D000000 		.4byte	0x6d
 406 036b 0B       		.uleb128 0xb
 407 036c 2B000000 		.4byte	.LASF45
 408 0370 5A       		.byte	0x5a
 409 0371 3E       		.byte	0x3e
 410 0372 6D000000 		.4byte	0x6d
 411 0376 14       		.uleb128 0x14
 412 0377 7F000000 		.4byte	.LASF50
 413 037b 90030000 		.4byte	0x390
 414 037f 00       		.byte	0
 415 0380 03       		.uleb128 0x3
 416 0381 36030000 		.4byte	0x336
 417 0385 90030000 		.4byte	0x390
 418 0389 04       		.uleb128 0x4
 419 038a 25000000 		.4byte	0x25
 420 038e 1C       		.byte	0x1c
 421 038f 00       		.byte	0
 422 0390 07       		.uleb128 0x7
 423 0391 80030000 		.4byte	0x380
 424 0395 09       		.uleb128 0x9
 425 0396 40000000 		.4byte	.LASF46
 426 039a 4A       		.byte	0x4a
 427 039b A9030000 		.4byte	0x3a9
 428 039f 0A       		.uleb128 0xa
 429 03a0 6E00     		.ascii	"n\000"
 430 03a2 4A       		.byte	0x4a
 431 03a3 21       		.byte	0x21
 432 03a4 6D000000 		.4byte	0x6d
 433 03a8 00       		.byte	0
 434 03a9 15       		.uleb128 0x15
 435 03aa D4000000 		.4byte	.LASF51
 436 03ae 03       		.byte	0x3
 437 03af 39       		.byte	0x39
 438 03b0 06       		.byte	0x6
 439 03b1 0A       		.uleb128 0xa
 440 03b2 6E00     		.ascii	"n\000"
 441 03b4 39       		.byte	0x39
 442 03b5 20       		.byte	0x20
 443 03b6 6D000000 		.4byte	0x6d
 444 03ba 0B       		.uleb128 0xb
 445 03bb 2B000000 		.4byte	.LASF45
 446 03bf 39       		.byte	0x39
 447 03c0 2C       		.byte	0x2c
 448 03c1 6D000000 		.4byte	0x6d
 449 03c5 00       		.byte	0
 450 03c6 00       		.byte	0
 451              		.section	.gnu.debuglto_.debug_abbrev,"e",%progbits
 452              	.Ldebug_abbrev0:
 453 0000 01       		.uleb128 0x1
 454 0001 0D       		.uleb128 0xd
 455 0002 00       		.byte	0
 456 0003 03       		.uleb128 0x3
ARM GAS  /tmp/ccqMfECH.s 			page 9


 457 0004 0E       		.uleb128 0xe
 458 0005 3A       		.uleb128 0x3a
 459 0006 21       		.uleb128 0x21
 460 0007 02       		.sleb128 2
 461 0008 3B       		.uleb128 0x3b
 462 0009 05       		.uleb128 0x5
 463 000a 39       		.uleb128 0x39
 464 000b 21       		.uleb128 0x21
 465 000c 12       		.sleb128 18
 466 000d 49       		.uleb128 0x49
 467 000e 13       		.uleb128 0x13
 468 000f 38       		.uleb128 0x38
 469 0010 0B       		.uleb128 0xb
 470 0011 00       		.byte	0
 471 0012 00       		.byte	0
 472 0013 02       		.uleb128 0x2
 473 0014 24       		.uleb128 0x24
 474 0015 00       		.byte	0
 475 0016 0B       		.uleb128 0xb
 476 0017 0B       		.uleb128 0xb
 477 0018 3E       		.uleb128 0x3e
 478 0019 0B       		.uleb128 0xb
 479 001a 03       		.uleb128 0x3
 480 001b 0E       		.uleb128 0xe
 481 001c 00       		.byte	0
 482 001d 00       		.byte	0
 483 001e 03       		.uleb128 0x3
 484 001f 01       		.uleb128 0x1
 485 0020 01       		.byte	0x1
 486 0021 49       		.uleb128 0x49
 487 0022 13       		.uleb128 0x13
 488 0023 01       		.uleb128 0x1
 489 0024 13       		.uleb128 0x13
 490 0025 00       		.byte	0
 491 0026 00       		.byte	0
 492 0027 04       		.uleb128 0x4
 493 0028 21       		.uleb128 0x21
 494 0029 00       		.byte	0
 495 002a 49       		.uleb128 0x49
 496 002b 13       		.uleb128 0x13
 497 002c 2F       		.uleb128 0x2f
 498 002d 0B       		.uleb128 0xb
 499 002e 00       		.byte	0
 500 002f 00       		.byte	0
 501 0030 05       		.uleb128 0x5
 502 0031 35       		.uleb128 0x35
 503 0032 00       		.byte	0
 504 0033 49       		.uleb128 0x49
 505 0034 13       		.uleb128 0x13
 506 0035 00       		.byte	0
 507 0036 00       		.byte	0
 508 0037 06       		.uleb128 0x6
 509 0038 0D       		.uleb128 0xd
 510 0039 00       		.byte	0
 511 003a 03       		.uleb128 0x3
 512 003b 0E       		.uleb128 0xe
 513 003c 3A       		.uleb128 0x3a
ARM GAS  /tmp/ccqMfECH.s 			page 10


 514 003d 21       		.uleb128 0x21
 515 003e 02       		.sleb128 2
 516 003f 3B       		.uleb128 0x3b
 517 0040 05       		.uleb128 0x5
 518 0041 39       		.uleb128 0x39
 519 0042 21       		.uleb128 0x21
 520 0043 12       		.sleb128 18
 521 0044 49       		.uleb128 0x49
 522 0045 13       		.uleb128 0x13
 523 0046 38       		.uleb128 0x38
 524 0047 05       		.uleb128 0x5
 525 0048 00       		.byte	0
 526 0049 00       		.byte	0
 527 004a 07       		.uleb128 0x7
 528 004b 26       		.uleb128 0x26
 529 004c 00       		.byte	0
 530 004d 49       		.uleb128 0x49
 531 004e 13       		.uleb128 0x13
 532 004f 00       		.byte	0
 533 0050 00       		.byte	0
 534 0051 08       		.uleb128 0x8
 535 0052 0D       		.uleb128 0xd
 536 0053 00       		.byte	0
 537 0054 03       		.uleb128 0x3
 538 0055 08       		.uleb128 0x8
 539 0056 3A       		.uleb128 0x3a
 540 0057 21       		.uleb128 0x21
 541 0058 02       		.sleb128 2
 542 0059 3B       		.uleb128 0x3b
 543 005a 05       		.uleb128 0x5
 544 005b 39       		.uleb128 0x39
 545 005c 21       		.uleb128 0x21
 546 005d 12       		.sleb128 18
 547 005e 49       		.uleb128 0x49
 548 005f 13       		.uleb128 0x13
 549 0060 38       		.uleb128 0x38
 550 0061 0B       		.uleb128 0xb
 551 0062 00       		.byte	0
 552 0063 00       		.byte	0
 553 0064 09       		.uleb128 0x9
 554 0065 2E       		.uleb128 0x2e
 555 0066 01       		.byte	0x1
 556 0067 3F       		.uleb128 0x3f
 557 0068 19       		.uleb128 0x19
 558 0069 03       		.uleb128 0x3
 559 006a 0E       		.uleb128 0xe
 560 006b 3A       		.uleb128 0x3a
 561 006c 21       		.uleb128 0x21
 562 006d 03       		.sleb128 3
 563 006e 3B       		.uleb128 0x3b
 564 006f 0B       		.uleb128 0xb
 565 0070 39       		.uleb128 0x39
 566 0071 21       		.uleb128 0x21
 567 0072 06       		.sleb128 6
 568 0073 27       		.uleb128 0x27
 569 0074 19       		.uleb128 0x19
 570 0075 01       		.uleb128 0x1
ARM GAS  /tmp/ccqMfECH.s 			page 11


 571 0076 13       		.uleb128 0x13
 572 0077 00       		.byte	0
 573 0078 00       		.byte	0
 574 0079 0A       		.uleb128 0xa
 575 007a 05       		.uleb128 0x5
 576 007b 00       		.byte	0
 577 007c 03       		.uleb128 0x3
 578 007d 08       		.uleb128 0x8
 579 007e 3A       		.uleb128 0x3a
 580 007f 21       		.uleb128 0x21
 581 0080 03       		.sleb128 3
 582 0081 3B       		.uleb128 0x3b
 583 0082 0B       		.uleb128 0xb
 584 0083 39       		.uleb128 0x39
 585 0084 0B       		.uleb128 0xb
 586 0085 49       		.uleb128 0x49
 587 0086 13       		.uleb128 0x13
 588 0087 00       		.byte	0
 589 0088 00       		.byte	0
 590 0089 0B       		.uleb128 0xb
 591 008a 05       		.uleb128 0x5
 592 008b 00       		.byte	0
 593 008c 03       		.uleb128 0x3
 594 008d 0E       		.uleb128 0xe
 595 008e 3A       		.uleb128 0x3a
 596 008f 21       		.uleb128 0x21
 597 0090 03       		.sleb128 3
 598 0091 3B       		.uleb128 0x3b
 599 0092 0B       		.uleb128 0xb
 600 0093 39       		.uleb128 0x39
 601 0094 0B       		.uleb128 0xb
 602 0095 49       		.uleb128 0x49
 603 0096 13       		.uleb128 0x13
 604 0097 00       		.byte	0
 605 0098 00       		.byte	0
 606 0099 0C       		.uleb128 0xc
 607 009a 16       		.uleb128 0x16
 608 009b 00       		.byte	0
 609 009c 03       		.uleb128 0x3
 610 009d 0E       		.uleb128 0xe
 611 009e 3A       		.uleb128 0x3a
 612 009f 21       		.uleb128 0x21
 613 00a0 01       		.sleb128 1
 614 00a1 3B       		.uleb128 0x3b
 615 00a2 0B       		.uleb128 0xb
 616 00a3 39       		.uleb128 0x39
 617 00a4 0B       		.uleb128 0xb
 618 00a5 49       		.uleb128 0x49
 619 00a6 13       		.uleb128 0x13
 620 00a7 00       		.byte	0
 621 00a8 00       		.byte	0
 622 00a9 0D       		.uleb128 0xd
 623 00aa 16       		.uleb128 0x16
 624 00ab 00       		.byte	0
 625 00ac 03       		.uleb128 0x3
 626 00ad 0E       		.uleb128 0xe
 627 00ae 3A       		.uleb128 0x3a
ARM GAS  /tmp/ccqMfECH.s 			page 12


 628 00af 21       		.uleb128 0x21
 629 00b0 02       		.sleb128 2
 630 00b1 3B       		.uleb128 0x3b
 631 00b2 05       		.uleb128 0x5
 632 00b3 39       		.uleb128 0x39
 633 00b4 0B       		.uleb128 0xb
 634 00b5 49       		.uleb128 0x49
 635 00b6 13       		.uleb128 0x13
 636 00b7 00       		.byte	0
 637 00b8 00       		.byte	0
 638 00b9 0E       		.uleb128 0xe
 639 00ba 11       		.uleb128 0x11
 640 00bb 01       		.byte	0x1
 641 00bc 25       		.uleb128 0x25
 642 00bd 0E       		.uleb128 0xe
 643 00be 13       		.uleb128 0x13
 644 00bf 0B       		.uleb128 0xb
 645 00c0 03       		.uleb128 0x3
 646 00c1 0E       		.uleb128 0xe
 647 00c2 1B       		.uleb128 0x1b
 648 00c3 0E       		.uleb128 0xe
 649 00c4 10       		.uleb128 0x10
 650 00c5 17       		.uleb128 0x17
 651 00c6 00       		.byte	0
 652 00c7 00       		.byte	0
 653 00c8 0F       		.uleb128 0xf
 654 00c9 24       		.uleb128 0x24
 655 00ca 00       		.byte	0
 656 00cb 0B       		.uleb128 0xb
 657 00cc 0B       		.uleb128 0xb
 658 00cd 3E       		.uleb128 0x3e
 659 00ce 0B       		.uleb128 0xb
 660 00cf 03       		.uleb128 0x3
 661 00d0 08       		.uleb128 0x8
 662 00d1 00       		.byte	0
 663 00d2 00       		.byte	0
 664 00d3 10       		.uleb128 0x10
 665 00d4 13       		.uleb128 0x13
 666 00d5 01       		.byte	0x1
 667 00d6 0B       		.uleb128 0xb
 668 00d7 05       		.uleb128 0x5
 669 00d8 3A       		.uleb128 0x3a
 670 00d9 0B       		.uleb128 0xb
 671 00da 3B       		.uleb128 0x3b
 672 00db 05       		.uleb128 0x5
 673 00dc 39       		.uleb128 0x39
 674 00dd 0B       		.uleb128 0xb
 675 00de 01       		.uleb128 0x1
 676 00df 13       		.uleb128 0x13
 677 00e0 00       		.byte	0
 678 00e1 00       		.byte	0
 679 00e2 11       		.uleb128 0x11
 680 00e3 0D       		.uleb128 0xd
 681 00e4 00       		.byte	0
 682 00e5 03       		.uleb128 0x3
 683 00e6 08       		.uleb128 0x8
 684 00e7 3A       		.uleb128 0x3a
ARM GAS  /tmp/ccqMfECH.s 			page 13


 685 00e8 0B       		.uleb128 0xb
 686 00e9 3B       		.uleb128 0x3b
 687 00ea 05       		.uleb128 0x5
 688 00eb 39       		.uleb128 0x39
 689 00ec 0B       		.uleb128 0xb
 690 00ed 49       		.uleb128 0x49
 691 00ee 13       		.uleb128 0x13
 692 00ef 38       		.uleb128 0x38
 693 00f0 05       		.uleb128 0x5
 694 00f1 00       		.byte	0
 695 00f2 00       		.byte	0
 696 00f3 12       		.uleb128 0x12
 697 00f4 21       		.uleb128 0x21
 698 00f5 00       		.byte	0
 699 00f6 49       		.uleb128 0x49
 700 00f7 13       		.uleb128 0x13
 701 00f8 2F       		.uleb128 0x2f
 702 00f9 05       		.uleb128 0x5
 703 00fa 00       		.byte	0
 704 00fb 00       		.byte	0
 705 00fc 13       		.uleb128 0x13
 706 00fd 13       		.uleb128 0x13
 707 00fe 01       		.byte	0x1
 708 00ff 0B       		.uleb128 0xb
 709 0100 0B       		.uleb128 0xb
 710 0101 3A       		.uleb128 0x3a
 711 0102 0B       		.uleb128 0xb
 712 0103 3B       		.uleb128 0x3b
 713 0104 05       		.uleb128 0x5
 714 0105 39       		.uleb128 0x39
 715 0106 0B       		.uleb128 0xb
 716 0107 01       		.uleb128 0x1
 717 0108 13       		.uleb128 0x13
 718 0109 00       		.byte	0
 719 010a 00       		.byte	0
 720 010b 14       		.uleb128 0x14
 721 010c 34       		.uleb128 0x34
 722 010d 00       		.byte	0
 723 010e 03       		.uleb128 0x3
 724 010f 0E       		.uleb128 0xe
 725 0110 49       		.uleb128 0x49
 726 0111 13       		.uleb128 0x13
 727 0112 34       		.uleb128 0x34
 728 0113 19       		.uleb128 0x19
 729 0114 00       		.byte	0
 730 0115 00       		.byte	0
 731 0116 15       		.uleb128 0x15
 732 0117 2E       		.uleb128 0x2e
 733 0118 01       		.byte	0x1
 734 0119 3F       		.uleb128 0x3f
 735 011a 19       		.uleb128 0x19
 736 011b 03       		.uleb128 0x3
 737 011c 0E       		.uleb128 0xe
 738 011d 3A       		.uleb128 0x3a
 739 011e 0B       		.uleb128 0xb
 740 011f 3B       		.uleb128 0x3b
 741 0120 0B       		.uleb128 0xb
ARM GAS  /tmp/ccqMfECH.s 			page 14


 742 0121 39       		.uleb128 0x39
 743 0122 0B       		.uleb128 0xb
 744 0123 27       		.uleb128 0x27
 745 0124 19       		.uleb128 0x19
 746 0125 00       		.byte	0
 747 0126 00       		.byte	0
 748 0127 00       		.byte	0
 749              		.section	.gnu.debuglto_.debug_line,"e",%progbits
 750              	.Ldebug_line0:
 751 0000 48000000 		.4byte	.LELT0-.LSLT0
 752              	.LSLT0:
 753 0004 0500     		.2byte	0x5
 754 0006 04       		.byte	0x4
 755 0007 00       		.byte	0
 756 0008 40000000 		.4byte	.LELTP0-.LASLTP0
 757              	.LASLTP0:
 758 000c 01       		.byte	0x1
 759 000d 01       		.byte	0x1
 760 000e 01       		.byte	0x1
 761 000f F6       		.byte	0xf6
 762 0010 F2       		.byte	0xf2
 763 0011 0D       		.byte	0xd
 764 0012 00       		.byte	0
 765 0013 01       		.byte	0x1
 766 0014 01       		.byte	0x1
 767 0015 01       		.byte	0x1
 768 0016 01       		.byte	0x1
 769 0017 00       		.byte	0
 770 0018 00       		.byte	0
 771 0019 00       		.byte	0
 772 001a 01       		.byte	0x1
 773 001b 00       		.byte	0
 774 001c 00       		.byte	0
 775 001d 01       		.byte	0x1
 776 001e 01       		.byte	0x1
 777 001f 01       		.uleb128 0x1
 778 0020 1F       		.uleb128 0x1f
 779 0021 04       		.uleb128 0x4
 780 0022 07000000 		.4byte	.LASF52
 781 0026 3B000000 		.4byte	.LASF53
 782 002a 8D000000 		.4byte	.LASF54
 783 002e 63000000 		.4byte	.LASF55
 784 0032 02       		.byte	0x2
 785 0033 01       		.uleb128 0x1
 786 0034 1F       		.uleb128 0x1f
 787 0035 02       		.uleb128 0x2
 788 0036 0B       		.uleb128 0xb
 789 0037 04       		.uleb128 0x4
 790 0038 AB000000 		.4byte	.LASF56
 791 003c 00       		.byte	0
 792 003d 32000000 		.4byte	.LASF57
 793 0041 03       		.byte	0x3
 794 0042 D0000000 		.4byte	.LASF58
 795 0046 01       		.byte	0x1
 796 0047 00000000 		.4byte	.LASF59
 797 004b 02       		.byte	0x2
 798              	.LELTP0:
ARM GAS  /tmp/ccqMfECH.s 			page 15


 799              	.LELT0:
 800              		.section	.gnu.debuglto_.debug_str,"eMS",%progbits,1
 801              	.LASF49:
 802 0000 2F686F6D 		.ascii	"/home/mayank/chibios-workspace/ChibiOS/app\000"
 802      652F6D61 
 802      79616E6B 
 802      2F636869 
 802      62696F73 
 803              	.LASF45:
 804 002b 7072696F 		.ascii	"prio\000"
 804      00
 805              	.LASF18:
 806 0030 49435052 		.ascii	"ICPR\000"
 806      00
 807              	.LASF36:
 808 0035 4D4D4652 		.ascii	"MMFR\000"
 808      00
 809              	.LASF41:
 810 003a 5F426F6F 		.ascii	"_Bool\000"
 810      6C00
 811              	.LASF46:
 812 0040 6E766963 		.ascii	"nvicDisableVector\000"
 812      44697361 
 812      626C6556 
 812      6563746F 
 812      7200
 813              	.LASF27:
 814 0052 56544F52 		.ascii	"VTOR\000"
 814      00
 815              	.LASF13:
 816 0057 52455345 		.ascii	"RESERVED0\000"
 816      52564544 
 816      3000
 817              	.LASF19:
 818 0061 52455345 		.ascii	"RESERVED3\000"
 818      52564544 
 818      3300
 819              	.LASF21:
 820 006b 52455345 		.ascii	"RESERVED4\000"
 820      52564544 
 820      3400
 821              	.LASF22:
 822 0075 52455345 		.ascii	"RESERVED5\000"
 822      52564544 
 822      3500
 823              	.LASF50:
 824 007f 5F5F6675 		.ascii	"__func__\000"
 824      6E635F5F 
 824      00
 825              	.LASF11:
 826 0088 6C6F6E67 		.ascii	"long long unsigned int\000"
 826      206C6F6E 
 826      6720756E 
 826      7369676E 
 826      65642069 
 827              	.LASF6:
 828 009f 756E7369 		.ascii	"unsigned char\000"
ARM GAS  /tmp/ccqMfECH.s 			page 16


 828      676E6564 
 828      20636861 
 828      7200
 829              	.LASF24:
 830 00ad 4E564943 		.ascii	"NVIC_Type\000"
 830      5F547970 
 830      6500
 831              	.LASF23:
 832 00b7 53544952 		.ascii	"STIR\000"
 832      00
 833              	.LASF7:
 834 00bc 73686F72 		.ascii	"short unsigned int\000"
 834      7420756E 
 834      7369676E 
 834      65642069 
 834      6E7400
 835              	.LASF30:
 836 00cf 43465352 		.ascii	"CFSR\000"
 836      00
 837              	.LASF51:
 838 00d4 6E766963 		.ascii	"nvicEnableVector\000"
 838      456E6162 
 838      6C655665 
 838      63746F72 
 838      00
 839              	.LASF31:
 840 00e5 48465352 		.ascii	"HFSR\000"
 840      00
 841              	.LASF42:
 842 00ea 6E766963 		.ascii	"nvicClearPending\000"
 842      436C6561 
 842      7250656E 
 842      64696E67 
 842      00
 843              	.LASF4:
 844 00fb 73686F72 		.ascii	"short int\000"
 844      7420696E 
 844      7400
 845              	.LASF14:
 846 0105 49434552 		.ascii	"ICER\000"
 846      00
 847              	.LASF47:
 848 010a 474E5520 		.ascii	"GNU C17 13.2.1 20231009 -mcpu=cortex-m4 -mthumb -mf"
 848      43313720 
 848      31332E32 
 848      2E312032 
 848      30323331 
 849 013d 6C6F6174 		.ascii	"loat-abi=soft -march=armv7e-m -ggdb -O2 -fomit-fram"
 849      2D616269 
 849      3D736F66 
 849      74202D6D 
 849      61726368 
 850 0170 652D706F 		.ascii	"e-pointer -falign-functions=16 -ffunction-sections "
 850      696E7465 
 850      72202D66 
 850      616C6967 
 850      6E2D6675 
ARM GAS  /tmp/ccqMfECH.s 			page 17


 851 01a3 2D666461 		.ascii	"-fdata-sections -fno-common -flto\000"
 851      74612D73 
 851      65637469 
 851      6F6E7320 
 851      2D666E6F 
 852              	.LASF37:
 853 01c5 49534152 		.ascii	"ISAR\000"
 853      00
 854              	.LASF39:
 855 01ca 5343425F 		.ascii	"SCB_Type\000"
 855      54797065 
 855      00
 856              	.LASF0:
 857 01d3 756E7369 		.ascii	"unsigned int\000"
 857      676E6564 
 857      20696E74 
 857      00
 858              	.LASF16:
 859 01e0 49535052 		.ascii	"ISPR\000"
 859      00
 860              	.LASF32:
 861 01e5 44465352 		.ascii	"DFSR\000"
 861      00
 862              	.LASF40:
 863 01ea 63686172 		.ascii	"char\000"
 863      00
 864              	.LASF26:
 865 01ef 49435352 		.ascii	"ICSR\000"
 865      00
 866              	.LASF48:
 867 01f4 2E2E2F6F 		.ascii	"../os/hal/ports/common/ARMCMx/nvic.c\000"
 867      732F6861 
 867      6C2F706F 
 867      7274732F 
 867      636F6D6D 
 868              	.LASF28:
 869 0219 41495243 		.ascii	"AIRCR\000"
 869      5200
 870              	.LASF10:
 871 021f 6C6F6E67 		.ascii	"long unsigned int\000"
 871      20756E73 
 871      69676E65 
 871      6420696E 
 871      7400
 872              	.LASF15:
 873 0231 52534552 		.ascii	"RSERVED1\000"
 873      56454431 
 873      00
 874              	.LASF44:
 875 023a 68616E64 		.ascii	"handler\000"
 875      6C657200 
 876              	.LASF8:
 877 0242 75696E74 		.ascii	"uint8_t\000"
 877      385F7400 
 878              	.LASF1:
 879 024a 6C6F6E67 		.ascii	"long long int\000"
 879      206C6F6E 
ARM GAS  /tmp/ccqMfECH.s 			page 18


 879      6720696E 
 879      7400
 880              	.LASF25:
 881 0258 43505549 		.ascii	"CPUID\000"
 881      4400
 882              	.LASF38:
 883 025e 43504143 		.ascii	"CPACR\000"
 883      5200
 884              	.LASF12:
 885 0264 49534552 		.ascii	"ISER\000"
 885      00
 886              	.LASF35:
 887 0269 41465352 		.ascii	"AFSR\000"
 887      00
 888              	.LASF33:
 889 026e 4D4D4641 		.ascii	"MMFAR\000"
 889      5200
 890              	.LASF29:
 891 0274 53484353 		.ascii	"SHCSR\000"
 891      5200
 892              	.LASF9:
 893 027a 75696E74 		.ascii	"uint32_t\000"
 893      33325F74 
 893      00
 894              	.LASF5:
 895 0283 6C6F6E67 		.ascii	"long int\000"
 895      20696E74 
 895      00
 896              	.LASF2:
 897 028c 6C6F6E67 		.ascii	"long double\000"
 897      20646F75 
 897      626C6500 
 898              	.LASF3:
 899 0298 7369676E 		.ascii	"signed char\000"
 899      65642063 
 899      68617200 
 900              	.LASF43:
 901 02a4 6E766963 		.ascii	"nvicSetSystemHandlerPriority\000"
 901      53657453 
 901      79737465 
 901      6D48616E 
 901      646C6572 
 902              	.LASF20:
 903 02c1 49414252 		.ascii	"IABR\000"
 903      00
 904              	.LASF34:
 905 02c6 42464152 		.ascii	"BFAR\000"
 905      00
 906              	.LASF17:
 907 02cb 52455345 		.ascii	"RESERVED2\000"
 907      52564544 
 907      3200
 908              		.section	.gnu.debuglto_.debug_line_str,"eMS",%progbits,1
 909              	.LASF59:
 910 0000 6E766963 		.ascii	"nvic.c\000"
 910      2E6300
 911              	.LASF52:
ARM GAS  /tmp/ccqMfECH.s 			page 19


 912 0007 2F686F6D 		.ascii	"/home/mayank/chibios-workspace/ChibiOS/app\000"
 912      652F6D61 
 912      79616E6B 
 912      2F636869 
 912      62696F73 
 913              	.LASF57:
 914 0032 73746469 		.ascii	"stdint.h\000"
 914      6E742E68 
 914      00
 915              	.LASF53:
 916 003b 2E2E2F6F 		.ascii	"../os/common/ext/ARM/CMSIS/Core/Include\000"
 916      732F636F 
 916      6D6D6F6E 
 916      2F657874 
 916      2F41524D 
 917              	.LASF55:
 918 0063 2F757372 		.ascii	"/usr/lib/gcc/arm-none-eabi/13.2.1/include\000"
 918      2F6C6962 
 918      2F676363 
 918      2F61726D 
 918      2D6E6F6E 
 919              	.LASF54:
 920 008d 2E2E2F6F 		.ascii	"../os/hal/ports/common/ARMCMx\000"
 920      732F6861 
 920      6C2F706F 
 920      7274732F 
 920      636F6D6D 
 921              	.LASF56:
 922 00ab 2E2E2F6F 		.ascii	"../os/hal/ports/common/ARMCMx/nvic.c\000"
 922      732F6861 
 922      6C2F706F 
 922      7274732F 
 922      636F6D6D 
 923              	.LASF58:
 924 00d0 636F7265 		.ascii	"core_cm4.h\000"
 924      5F636D34 
 924      2E6800
 925              		.text
 926              		.section	.gnu.lto_.profile.a68fb34bc74a8c81,"e",%progbits
 927 0000 789C6362 		.ascii	"x\234cb\000\001\000\000\022\000\003"
 927      00010000 
 927      120003
 928              		.text
 929              		.section	.gnu.lto_.icf.a68fb34bc74a8c81,"e",%progbits
 930 0000 789CB362 		.ascii	"x\234\263b@\000\026\206)\333\346\316egcb`bdb\202`\306"
 930      40001686 
 930      29DBE6CE 
 930      65676362 
 930      60626462 
 931 0017 C6AB0D8B 		.ascii	"\306\253\015\213\331Y\300\\\220\360\257\243sN\0029\014"
 931      D959C05C 
 931      90F0AFA3 
 931      734E0239 
 931      0C
 932 0028 4CCCCCDB 		.ascii	"L\314\314\333\256\356\377\315\314\004\222a\000\000["
 932      AEEEFFCD 
 932      CC049261 
ARM GAS  /tmp/ccqMfECH.s 			page 20


 932      00005B
 933 0037 5E0BF9   		.ascii	"^\013\371"
 934              		.text
 935              		.section	.gnu.lto_.ipa_sra.a68fb34bc74a8c81,"e",%progbits
 936 0000 789C5363 		.ascii	"x\234Sc@\000\026\006&\030\223\221\221\021L1!D\230!\""
 936      40001606 
 936      26189391 
 936      91114C31 
 936      21449821 
 937 0015 0C000954 		.ascii	"\014\000\011T\000;"
 937      003B
 938              		.text
 939              		.section	.gnu.lto_.inline.a68fb34bc74a8c81,"e",%progbits
 940 0000 789C6D8D 		.ascii	"x\234m\215\321\015\200 \014D\257-1\304\350\224\202s"
 940      D10D8020 
 940      0C44AF2D 
 940      31C4E894 
 940      8273
 941 0012 388AA338 		.ascii	"8\212\2438\226\237\226\003\242F\313\007W\312\353;qW"
 941      969F9603 
 941      A246CB07 
 941      57CAEB3B 
 941      7157
 942 0024 00E6CDCB 		.ascii	"\000\346\315\313V\201\212h(\217\365\012\003\007\011"
 942      56818A68 
 942      288FF50A 
 942      030709
 943 0033 60D0A4F0 		.ascii	"`\320\244\360\303\27087q\232\021I`\364nW\337\"\015\267"
 943      C3B83837 
 943      719A1149 
 943      60F46E57 
 943      DF220DB7 
 944 0047 50A9175E 		.ascii	"P\251\027^~\035\232A\215r\342\355W\3355\377\352\236"
 944      7E1D9A41 
 944      8D72E2ED 
 944      57DD35FF 
 944      EA9E
 945 0059 A836C4B2 		.ascii	"\2506\304\262\305\362C\375\207G\306\246\306\005\207"
 945      C5F243FD 
 945      8747C6A6 
 945      C60587
 946 0068 532DFA   		.ascii	"S-\372"
 947              		.text
 948              		.section	.gnu.lto_.jmpfuncs.a68fb34bc74a8c81,"e",%progbits
 949 0000 789C5363 		.ascii	"x\234Sc@\000\026\006&FF\376z&\026 bddd\006RL\010\021"
 949      40001606 
 949      264646FE 
 949      7A261620 
 949      62646464 
 950 0019 66880803 		.ascii	"f\210\010\003\000F\266\003\177"
 950      0046B603 
 950      7F
 951              		.text
 952              		.section	.gnu.lto_.pureconst.a68fb34bc74a8c81,"e",%progbits
 953 0000 789CE365 		.ascii	"x\234\343e```a\230\305\3028\213\205i\026\013\363,\026"
 953      60606061 
 953      98C5C238 
ARM GAS  /tmp/ccqMfECH.s 			page 21


 953      8B856916 
 953      0BF32C16 
 954 0014 00113C02 		.ascii	"\000\021<\002\220"
 954      90
 955              		.text
 956              		.section	.gnu.lto_.ipa_modref.a68fb34bc74a8c81,"e",%progbits
 957 0000 789C7364 		.ascii	"x\234sd@\000\026(\315\310\304\312\310\300\300\306\210"
 957      40001628 
 957      CDC8C4CA 
 957      C8C0C0C6 
 957      88
 958 0011 C26362DA 		.ascii	"\302cb\332\303\006\023\000I\2611\303\245\201\230\035"
 958      C3061300 
 958      49B131C3 
 958      A581981D 
 959 0021 24C20000 		.ascii	"$\302\000\0007\033\001W"
 959      371B0157 
 960              		.text
 961              		.section	.gnu.lto_.lto.a68fb34bc74a8c81,"e",%progbits
 962 0000 0D000000 		.ascii	"\015\000\000\000\001\000\000\000"
 962      01000000 
 963              		.text
 964              		.section	.gnu.lto_nvicEnableVector.328.a68fb34bc74a8c81,"e",%progbits
 965 0000 789C8591 		.ascii	"x\234\205\221Oh\023A\024\306\3377og7\242\210\177\350"
 965      4F681341 
 965      14C6DF37 
 965      6F6737A2 
 965      887FE8
 966 0013 A9888208 		.ascii	"\251\210\202\010\2024S\210\210GK\317EP\361\276.\241"
 966      82345388 
 966      88474BCF 
 966      4550F1BE 
 966      2EA1
 967 0025 59E2FE31 		.ascii	"Y\342\3761\253\265\036J\246\0156\020s\260\202P\274\210"
 967      ABB51E4A 
 967      A60D3610 
 967      73B08250 
 967      BC88
 968 0037 87422295 		.ascii	"\207B\"\225\342Mj\251!\332KE\021\257\242\024\317\236"
 968      E24D6AA9 
 968      21DA4B45 
 968      11AFA214 
 968      CF9E
 969 0049 0A42056D 		.ascii	"\012B\005m\235\335\255\342A\350\300\033\336\367>\336"
 969      9DDDADE2 
 969      41E8C01B 
 969      DEF73EDE 
 970 0059 FC66DE7C 		.ascii	"\374f\336|\001Q\225\210N\232\000\023\036\314\265\004"
 970      01519588 
 970      4E9A0013 
 970      1ECCB504 
 971 0069 69AD2F38 		.ascii	"i\255/8\002\323s\255\303x\205L\201\352\002u,\2622r\353"
 971      02D373AD 
 971      C378854C 
 971      81EA0275 
 971      2CB23272 
 972 007e DED2A6D4 		.ascii	"\336\322\246\324\235\036\276\021\325)[\022\366QXf\037"
ARM GAS  /tmp/ccqMfECH.s 			page 22


 972      9D1EBE11 
 972      D5295B12 
 972      F6515866 
 972      1F
 973 008f C00989C2 		.ascii	"\300\011\211\302\025\032\352i\375\341\376\017\255\217"
 973      151AEA69 
 973      FDE1FE0F 
 973      AD8F
 974 009d D0D40AEA 		.ascii	"\320\324\012\352/\261lH\002W\237;\306\036\317\355\027"
 974      2FB16C48 
 974      02579F3B 
 974      C61ECFED 
 974      17
 975 00ae B9BDFA8F 		.ascii	"\271\275\372\217\275\354\020\355\317O5\005Z\372(7\364"
 975      BDEC10ED 
 975      CF4F3505 
 975      5AFA2837 
 975      F4
 976 00bf D6CE63AD 		.ascii	"\326\316c\255\327\037\341\323\2748\000\022B\230`\022"
 976      D71FE1D3 
 976      BC380012 
 976      42986012 
 977 00cf 6C999024 		.ascii	"l\231\220$,\033XE\001X1\035]No\257-\320S\026y6\335\243"
 977      2C1B5845 
 977      0158311D 
 977      5D4E6FAF 
 977      2DD05316 
 978 00e7 1DA1BFFE 		.ascii	"\035\241\277\376\032\244\006\317l7\037J\006\333&o\374"
 978      1AA406CF 
 978      6C371F4A 
 978      06DB266F 
 978      FC
 979 00f8 9C050B86 		.ascii	"\234\005\013\206\375\231`\031\335\337l}g\363\202[\240"
 979      FD996019 
 979      DDDF6C7D 
 979      67F3825B 
 979      A0
 980 0109 6CD7FD86 		.ascii	"l\327\375\206>(\261\230\016\240\343$\257\321O\215sO"
 980      3E28B198 
 980      0EA0E324 
 980      AFD14F8D 
 980      734F
 981 011b B42EDC78 		.ascii	"\264.\334x\203\210\350\274I;\203\301\032BsS\026\031"
 981      8388E8BC 
 981      493B83C1 
 981      1A427353 
 981      1619
 982 012d 65A1CDE9 		.ascii	"e\241\315\351\321\363\315\205}\314\\\260O\343x\252\267"
 982      D1F3CD85 
 982      7DCC5CB0 
 982      4FE378AA 
 982      B7
 983 013e 67EF4AB6 		.ascii	"g\357J\266\2146,\231\263\327\034\226\251\004\363.\\"
 983      8C362C99 
 983      B3D71C96 
 983      A904F32E 
 983      5C
ARM GAS  /tmp/ccqMfECH.s 			page 23


 984 014f FE1F565D 		.ascii	"\376\037V]\207\277\013;6\376\026\023)Lf\260n{\257\326"
 984      87BF0B3B 
 984      36FE1613 
 984      294C66B0 
 984      6E7BAFD6 
 985 0163 7728FF6D 		.ascii	"w(\377m}\377\247\265\3113\033\317\332\310\376\255\313"
 985      7DFFA7B5 
 985      C9331BCF 
 985      DAC8FEAD 
 985      CB
 986 0174 C8A7A47B 		.ascii	"\310\247\244{F\235Q\225((\253\300\275\343\206U\345U"
 986      469D5195 
 986      2828ABC0 
 986      BDE38655 
 986      E555
 987 0186 FC6B7E94 		.ascii	"\374k~\224\014\335\216j\325$v\275\262\032M+\027/+7\216"
 987      0CDD8E6A 
 987      D52476BD 
 987      B21A4D2B 
 987      172F2B37 
 988 019b E954B1A8 		.ascii	"\351T\261\250\242DU\334\353*\216j7\023\345EA\020\205"
 988      A24455DC 
 988      EB2A8E6A 
 988      3713E545 
 988      411085
 989 01ae 6AE4D2D8 		.ascii	"j\344\322\330\350\330\244\012'|\257\350\021\302CyV\364"
 989      E8D8A40A 
 989      277CAFE8 
 989      11C24379 
 989      56F4
 990 01c0 CE964AC3 		.ascii	"\316\226J\303^i\230\254\270\346G\277\001\233\211\265"
 990      5E6998AC 
 990      B8E647BF 
 990      019B89B5 
 991 01d0 A1       		.ascii	"\241"
 992              		.text
 993              		.section	.gnu.lto_nvicDisableVector.329.a68fb34bc74a8c81,"e",%progbits
 994 0000 789C6D50 		.ascii	"x\234mP1H[Q\024\275\347\335\374$\245Pl\213S\021\013"
 994      31485B51 
 994      14BDE7DD 
 994      FC24A550 
 994      6C8B5311 
 995 0015 2214C43C 		.ascii	"\"\024\304<!E:*B7\021T\2729|?\266\011\351\317O\375\255"
 995      21453A2A 
 995      42371154 
 995      BA397C3F 
 995      B609E9CF 
 996 002c B105C9D5 		.ascii	"\261\005\311\325`\002Q\007u\021\027q($\"\2708U\205\220"
 996      60025107 
 996      75111771 
 996      282422B8 
 996      38558590 
 997 0040 2A75149D 		.ascii	"*u\024\235\013\342\334\245b\301\202h\337\377\351\350"
 997      0BE2DCA5 
 997      62C18268 
 997      DFFFE9E8 
 998 0050 837BB9E7 		.ascii	"\203{\271\347\274w\270\347\2741\020\275%\242\016S`\302"
ARM GAS  /tmp/ccqMfECH.s 			page 24


 998      BC77B8E7 
 998      BC3110BD 
 998      25A20E53 
 998      60C2
 999 0062 CA724591 		.ascii	"\312rE\221\210\364\305\024f\227+\217q\200\020\201\012"
 999      88F4C514 
 999      66972B8F 
 999      71801081 
 999      0A
 1000 0073 0A056CB3 		.ascii	"\012\005l\2636\360zag\367\265T\353\370ET\240\360X\210"
 1000      36F07A61 
 1000      67F7B554 
 1000      EBF84554 
 1000      A0F05888 
 1001 0087 3E45C4F4 		.ascii	">E\304\364V<\267\020\037\245\356\272\310\311\312_\221"
 1001      563CB710 
 1001      1FA5EEBA 
 1001      C8C9CA5F 
 1001      91
 1002 0098 2734B38F 		.ascii	"'4\263\217\302\036\276\231M\012o6bD\017\2332C\320\316"
 1002      C21EBE99 
 1002      4D0A6F36 
 1002      62440F9B 
 1002      3243D0CE 
 1003 00ac A9752ED7 		.ascii	"\251u.\327w\033\"\225U\234\255\2538H)e\212Iq\004\330"
 1003      771B2295 
 1003      559CADAB 
 1003      38482965 
 1003      8A497104 
 1004 00c1 378F6A1C 		.ascii	"7\217j\0348\222\010h\213Us\232\255\323\235\222\213\337"
 1004      38920868 
 1004      8B55739A 
 1004      ADD39D92 
 1004      8BDF
 1005 00d3 8B4C452E 		.ascii	"\213LE.\256\225\277>`p$\372\002\355\001\276-\315[l\344"
 1005      AE95BF3E 
 1005      607024FA 
 1005      02ED01BE 
 1005      2DCD5B6C 
 1006 00e8 D19F042B 		.ascii	"\321\237\004+ nJG1\346\000\202a\210\306e\345\217e\314"
 1006      206E4A47 
 1006      31E60082 
 1006      6188C665 
 1006      E58F65CC 
 1007 00fc E6416197 		.ascii	"\346Aa\227FQ\036Y\330\016\262Vc\237\276\243\021\\\364"
 1007      46511E59 
 1007      D80EB256 
 1007      639FBEA3 
 1007      115CF4
 1008 010f 6E8AC4FD 		.ascii	"n\212\304\375C| ze\306j\233w\204/\3063s\270|s)X\336"
 1008      437C207A 
 1008      65C66A9B 
 1008      77842FC6 
 1008      3373B87C 
 1009 0127 B8AAB6DF 		.ascii	"\270\252\266\337\257t\177 \363_\371,}\214)\243\214\276"
 1009      AF747F20 
 1009      F35FF92C 
ARM GAS  /tmp/ccqMfECH.s 			page 25


 1009      7D8C29A3 
 1009      8CBE
 1010 0139 3371CA3C 		.ascii	"3q\312<w^[B\370m5F3\220\324\015\352\322)\317\235\320"
 1010      775E5B42 
 1010      F86D3546 
 1010      3390D40D 
 1010      EAD229CF 
 1011 014f AEFDD9CE 		.ascii	"\256\375\331\316f\264\223J\217\247=\277;\357Mf\374\234"
 1011      66B4934A 
 1011      8FA73DBF 
 1011      3BEF4D66 
 1011      FC9C
 1012 0161 ED4CE881 		.ascii	"\355L\350\201\200\031\032\321v.G\235\211\204\366|\235"
 1012      80191AD1 
 1012      762E479D 
 1012      8984F67C 
 1012      9D
 1013 0172 B2DFEB9C 		.ascii	"\262\337\353\2347\371\321\327\216\347\272^V\367\017"
 1013      37F9D1D7 
 1013      8EE7BA5E 
 1013      56F70F
 1014 0181 0F0E0C4E 		.ascii	"\017\016\014N\353\354T\332I8\204lKsJ8/\223\311\036'"
 1014      EBEC54DA 
 1014      4938846C 
 1014      4B734A38 
 1014      2F93C91E 
 1015 0196 D943FF00 		.ascii	"\331C\377\000\276J\215<"
 1015      BE4A8D3C 
 1016              		.text
 1017              		.section	.gnu.lto_nvicSetSystemHandlerPriority.330.a68fb34bc74a8c81,"e",%progbits
 1018 0000 789C4D50 		.ascii	"x\234MPAK\033Q\020\236\357\275\354*\024\304V\354\245"
 1018      414B1B51 
 1018      109EEFBD 
 1018      EC2A14C4 
 1018      56ECA5
 1019 0013 1769E8A9 		.ascii	"\027i\350\251$O\210\024/\202\"\364&\202z\354e\273\015"
 1019      244F8814 
 1019      2F8222F4 
 1019      26827AEC 
 1019      65BB0D
 1020 0026 24E866D7 		.ascii	"$\350f\327\254\255z\220\214\006*\244T\320? z\212E\020"
 1020      ACAD7A90 
 1020      8C062AA4 
 1020      54D03F20 
 1020      7A8A4510 
 1021 003a 7A6A35D8 		.ascii	"zj5\330\220\326\273\024z\021\204\350\325^ZZP\020uv\367"
 1021      90D6BB14 
 1021      7A1184E8 
 1021      D55E5A5A 
 1021      50107576 
 1022 004f E28399F7 		.ascii	"\342\203\231\367}\363\015\363\2767C \232%\242\264\004"
 1022      7DF30DF3 
 1022      BE374320 
 1022      9A25A2B4 
 1022      04
 1023 0060 346163BD 		.ascii	"4ac\275\246\210\231\207;\024\226\327k\017\361\0151\003"
 1023      A6889987 
ARM GAS  /tmp/ccqMfECH.s 			page 26


 1023      3B1496D7 
 1023      6B0FF10D 
 1023      3103
 1024 0072 55142AD8 		.ascii	"U\024*\330\325F\350\345\207\275\177/\271\336\304o\242"
 1024      D546E8E5 
 1024      87BD7F2F 
 1024      B9DEC46F 
 1024      A2
 1025 0083 0AC5C782 		.ascii	"\012\305\307\202\335\203\224\344^\364Y\350\234\242L"
 1025      DD8394E4 
 1025      5EF459E8 
 1025      9CA24C
 1026 0092 93F9F8CB 		.ascii	"\223\371\370\313\025\363#Zj\240r\200}yI\341U\333\026"
 1026      15F3235A 
 1026      6AA07280 
 1026      7D7949E1 
 1026      55DB16
 1027 00a5 D94BE4EB 		.ascii	"\331K\344\353D>\274'_\330D\017\222\251R\240\275\237"
 1027      443EBC27 
 1027      5FD8440F 
 1027      92A952A0 
 1027      BD9F
 1028 00b7 569B2F6F 		.ascii	"V\233/o7\231k\351\263\257k\020\037J)\011\015\034\302"
 1028      37996BE9 
 1028      B3AF6B10 
 1028      1F4A2909 
 1028      0D1CC2
 1029 00ca 021AD2B5 		.ascii	"\002\032\322\265\243#\307\234\002}\322*A\313M\272U|"
 1029      A323C79C 
 1029      027DD22A 
 1029      41CB4DBA 
 1029      557C
 1030 00dc FEE7A38E 		.ascii	"\376\347\243\216\356\247Q\332~\034\227>wQU\257\334\254"
 1030      EEA751DA 
 1030      7E1C973E 
 1030      775155AF 
 1030      DCAC
 1031 00ee FEB734B4 		.ascii	"\376\2674\264\026\\\275~\017-\363\354SBJx\353o\355\227"
 1031      165CBD7E 
 1031      0F2DF3EC 
 1031      53424A78 
 1031      EB6FED97 
 1032 0102 251F5904 		.ascii	"%\037Y\004\305\231O\252\334ea7\332C\335\236\377\216"
 1032      C5994FAA 
 1032      DC656137 
 1032      DA43DD9E 
 1032      FF8E
 1033 0114 5624BCD8 		.ascii	"V$\274\330b\356|\373\003!\321\240\300\372\223\331#\314"
 1033      62EE7CFB 
 1033      0321D1A0 
 1033      C0FA93D9 
 1033      23CC
 1034 0126 8961AD68 		.ascii	"\211a\255hU\257\264\305j\274\226\035\215\304\0207\205"
 1034      55AFB4C5 
 1034      6ABC961D 
 1034      8DC41037 
 1034      85
ARM GAS  /tmp/ccqMfECH.s 			page 27


 1035 0137 3D3705DF 		.ascii	"=7\005\337\313\033\317YtJ\323\306-\024_\027\37503\357"
 1035      CB1BCF59 
 1035      744AD3C6 
 1035      2D145F17 
 1035      FD3033EF 
 1036 014b 97A7C3C0 		.ascii	"\227\247\303\300q\363f4\252\214O\032'\010\350Y6k\374"
 1036      71F36634 
 1036      AA8C4F1A 
 1036      2708E859 
 1036      366BFC
 1037 015e D0149C19 		.ascii	"\320\024\234\031\023\370\345\271\320\270\276\347\371"
 1037      13F8E5B9 
 1037      D0B8BEE7 
 1037      F9
 1038 016b 25333231 		.ascii	"%3216:\266`J\357\212n\326\245\216\202Sz3\223/w'<\353"
 1038      363AB660 
 1038      4AEF8A6E 
 1038      D6A58E82 
 1038      537A3393 
 1039 0184 0EE472FD 		.ascii	"\016\344r\375n\256\237RA\271\350\337\001\204/\214\273"
 1039      6EAE9F52 
 1039      41B9E8DF 
 1039      01842F8C 
 1039      BB
 1040              		.text
 1041              		.section	.gnu.lto_nvicClearPending.331.a68fb34bc74a8c81,"e",%progbits
 1042 0000 789C2550 		.ascii	"x\234%P\317K\033A\024~\337\274\235$E\020\253x\224\026"
 1042      CF4B1B41 
 1042      147EDFBC 
 1042      9D244510 
 1042      AB789416 
 1043 0014 4A41B0EE 		.ascii	"JA\260\356\004\"\322\243\342\301\223\024\332\322\373"
 1043      0422D2A3 
 1043      E2C19314 
 1043      DAD2FB
 1044 0023 76511234 		.ascii	"vQ\0224\331\350\266M<\224\274\0304\220B\325\234zj\311"
 1044      D9E8B64D 
 1044      3C94BC18 
 1044      349042D5 
 1044      9C7A6AC9 
 1045 0037 A1108BE0 		.ascii	"\241\020\213\340\335Z\210\321c\017\245\177\200\210\340"
 1045      DD5A88D1 
 1045      630FA57F 
 1045      8088E0
 1046 0046 457AEA29 		.ascii	"Ez\352)\202Fg\223\201\367\346\3731\303|o\\\020-\021"
 1046      82466793 
 1046      81F7E6FB 
 1046      31C37C6F 
 1046      5C102D11 
 1047 005a D1135B60 		.ascii	"\321\023[`B}\267\246HDf\342\012\345\335\332C\374B\217"
 1047      427DB7A6 
 1047      484466E2 
 1047      0AE5DDDA 
 1047      43FC428F 
 1048 006e 814A0A25 		.ascii	"\201J\012%\354\263\261\264\363\351\340p^\232-\374#*"
 1048      ECB3B1B4 
 1048      F3E9E070 
ARM GAS  /tmp/ccqMfECH.s 			page 28


 1048      5E9A2DFC 
 1048      232A
 1049 0080 516F69C4 		.ascii	"Qoi\304F\340\330>\212\307\032\211\3274\331\022\371\263"
 1049      46E0D83E 
 1049      8AC71A89 
 1049      D734D912 
 1049      F9B3
 1050 0092 732D324C 		.ascii	"s-2L\037\217P\372\211C\373\222\302\233\3371\242\201"
 1050      1F8F50FA 
 1050      8943FB92 
 1050      C29BDF31 
 1050      A281
 1051 00a4 FE352BD0 		.ascii	"\3765+\320\301_}.\235\273o\"Wu\234|U\011\220R\212\024"
 1051      C15F7D2E 
 1051      9DBB6F22 
 1051      57759C7C 
 1051      55099052 
 1052 00ba B3DD1D5B 		.ascii	"\263\335\035[\0328\262\007\3678J%\016\350\007\253>*"
 1052      1A38B207 
 1052      F7384A25 
 1052      0EE807AB 
 1052      3E2A
 1053 00cc B7E84EC9 		.ascii	"\267\350N\311\305\355g\246\012W\276T7\0370X\307\306"
 1053      C5ED67A6 
 1053      0A57BE54 
 1053      371F3058 
 1053      C7C6
 1054 00de F128E237 		.ascii	"\361(\3427[\337\343\254\360\214\021\261\356\326\246"
 1054      5BDFE3AC 
 1054      F08C11B1 
 1054      EED6A6
 1055 00ed 66B6EE19 		.ascii	"f\266\356\031A[a\243[\265\266\303\312\342\366\377\332"
 1055      415B61A3 
 1055      5BB5B6C3 
 1055      CAE2F6FF 
 1055      DA
 1056 00fe A5B6C90B 		.ascii	"\245\266\311\013\240^\227vE\0065\366\243\301\233\361"
 1056      A05E9776 
 1056      450635F6 
 1056      A3C19BF1 
 1057 010e F76D1C47 		.ascii	"\367m\034G\306tC$\021\236`\225\350\271\205\315\261\340"
 1057      C6744324 
 1057      119E6095 
 1057      E8B985CD 
 1057      B1E0
 1058 0120 14453B00 		.ascii	"\024E;\000;T\345\215\363\3066z\377\260\307\350\247\223"
 1058      3B54E58D 
 1058      F3C6367A 
 1058      FFB0C7E8 
 1058      A793
 1059 0132 96651326 		.ascii	"\226e\023&\035d\027M\326[\367r\313\306Og\336f\202p\262"
 1059      1D64174D 
 1059      D65BF772 
 1059      CBC64F67 
 1059      DE668270 
 1060 0147 10AC2D87 		.ascii	"\020\254-\207y\317_4s\221\362\342\225\361\362yz\352"
 1060      79CF5F34 
ARM GAS  /tmp/ccqMfECH.s 			page 29


 1060      7391F2E2 
 1060      95F1F279 
 1060      7AEA
 1061 0159 BA26084D 		.ascii	"\272&\010M\332[1\371`\355]h\374 \233\015rf\366\345\302"
 1061      DA5B31F9 
 1061      60ED5D68 
 1061      FC209B0D 
 1061      7266F6E5 
 1062 016e DC42D1E4 		.ascii	"\334B\321\344>d|\327'\344\206\372\310\365\247R\251\244"
 1062      3E647CD7 
 1062      27E486FA 
 1062      C8F5A752 
 1062      A9A4
 1063 0180 9F4AD23D 		.ascii	"\237J\322=*}|1"
 1063      2A7D7C31 
 1064              		.text
 1065              		.section	.gnu.lto_.symbol_nodes.a68fb34bc74a8c81,"e",%progbits
 1066 0000 789C4B63 		.ascii	"x\234Kc\000\002\246\023L\365\034\015@\300\3028\341\034"
 1066      0002A613 
 1066      4CF51C0D 
 1066      40C0C238 
 1066      E11C
 1067 0012 03433D03 		.ascii	"\003C=\003\303\256\011ML \211\223L\365\234X%N1\325s"
 1067      C3AE094D 
 1067      4C208993 
 1067      4CF59C58 
 1067      254E31D5 
 1068 0027 619538CD 		.ascii	"a\2258\315T\317\215M\202\001\000\375\365\034\177"
 1068      54CF8D4D 
 1068      820100FD 
 1068      F51C7F
 1069              		.text
 1070              		.section	.gnu.lto_.refs.a68fb34bc74a8c81,"e",%progbits
 1071 0000 789C6364 		.ascii	"x\234cd\000\002\000\000\012\000\002"
 1071      00020000 
 1071      0A0002
 1072              		.text
 1073              		.section	.gnu.lto_.decls.a68fb34bc74a8c81,"e",%progbits
 1074 0000 789C9557 		.ascii	"x\234\225WkPT\311\025\356>s\031\032\004\201\270[K\245"
 1074      6B5054C9 
 1074      15EE3E73 
 1074      191A0481 
 1074      B85B4BA5 
 1075 0014 B08A1F49 		.ascii	"\260\212\037I\205J\242#\242\353\226\371\023\0340R)w"
 1075      854AA223 
 1075      A2EB96F9 
 1075      131C3052 
 1075      2977
 1076 0026 A919D7FC 		.ascii	"\251\031\327\374\210)\227\305\251H)\217\002v\243?R\325"
 1076      882997C5 
 1076      A948298F 
 1076      0276A33F 
 1076      52D5
 1077 0038 0388E80E 		.ascii	"\003\210\350\016\012>\020Y\026\207Y|f5\243\022\027\021"
 1077      0A3E1059 
 1077      1687597C 
 1077      6635A312 
ARM GAS  /tmp/ccqMfECH.s 			page 30


 1077      1711
 1078 004a 7144147C 		.ascii	"qD\024|\255(\242\256\2548>PPQT\326\020\360\221\323\367"
 1078      AD28A2AE 
 1078      AC383E50 
 1078      505154D6 
 1078      10F091D3 
 1079 005f DE696688 		.ascii	"\336if\210UI\246\352\364\355\356\357\234\357|}nw\317"
 1079      5549A6EA 
 1079      F4EDEEEF 
 1079      9CEF7C7D 
 1079      6E77CF
 1080 0072 CC6FC209 		.ascii	"\314o\302\011\231\004\204\204QB\336\340'\210\020r\025"
 1080      99048484 
 1080      5142DEE0 
 1080      27881072 
 1080      15
 1081 0083 2D0CAD91 		.ascii	"-\014\255\221h\363\341h\213\320\332p<\001\237\177D\273"
 1081      68F3E168 
 1081      8BD0DA70 
 1081      3C019F7F 
 1081      44BB
 1082 0095 8B7D1B3E 		.ascii	"\213}\033>3\320\226\241e\242\235E\236\211\372\274\360"
 1082      33D096A1 
 1082      65A29D45 
 1082      9E89FABC 
 1082      F0
 1083 00a6 8D41FB05 		.ascii	"\215A\373\005\332\"\235G\304va\377\015\332e\264^4\246"
 1083      DA229D47 
 1083      C47661FF 
 1083      0DDA65B4 
 1083      5E34A6
 1084 00b9 7329F8EC 		.ascii	"s)\370\354\304x\224\243r\266\275%V\370\023\335\337\237"
 1084      C47894A3 
 1084      72B6BD25 
 1084      56F813DD 
 1084      DF9F
 1085 00cb E792D08C 		.ascii	"\347\222\320\214\261\214hZ|\271\027\351Zg\243%Q\315"
 1085      B18C685A 
 1085      7CB917E9 
 1085      5A67A325 
 1085      51CD
 1086 00dd B71BFD42 		.ascii	"\267\033\375B\210\246\327\227\343O\343r\3704\031'Q\305"
 1086      88A6D797 
 1086      E34FE372 
 1086      F8341927 
 1086      51C5
 1087 00ef F82E8D55 		.ascii	"\370.\215U\240\256\377\310\316\320(\017\347\303\334"
 1087      A0AEFFC8 
 1087      CED0280F 
 1087      E7C3DC
 1088 00fe 531432B9 		.ascii	"S\0242\271\221\036F\227#Tu\3411\330\014\006cS\366\016"
 1088      911E4697 
 1088      235475E1 
 1088      31D80C06 
 1088      6353F60E 
 1089 0112 7AF35ACA 		.ascii	"z\363Z\312@\314\027\006)\320\367\344\320\272\211\021"
 1089      40CC1706 
ARM GAS  /tmp/ccqMfECH.s 			page 31


 1089      29D0F7E4 
 1089      D0BA8911 
 1090 0122 5CC4F135 		.ascii	"\\\304\3615?\231\244\305\265P\022\177\234\032\343\250"
 1090      3F99A4C5 
 1090      B550127F 
 1090      9C1AE3A8 
 1091 0132 A877043E 		.ascii	"\250w\004>\011\013#3\271\372q\375\224\234\244b\231d"
 1091      090B2333 
 1091      B9FA71FD 
 1091      949CA462 
 1091      9964
 1092 0144 7618FB3D 		.ascii	"v\030\373=Q\340\321\345s/'Dxt\006\2422\264\321\270S"
 1092      51E0D1E5 
 1092      732F2744 
 1092      787406A2 
 1092      32B4D1B8 
 1093 0159 B4959EA0 		.ascii	"\264\225\236\240\012\354\271\345n\012~\017\003\2138"
 1093      0AECB9E5 
 1093      6E0A7E0F 
 1093      038B38
 1094 0168 F728EDF4 		.ascii	"\367(\355\364\030m\306\360\323T$Q\305\031\2058*tE\260"
 1094      186DC6F0 
 1094      D3542451 
 1094      C5198538 
 1094      2A7445B0 
 1095 017c 0562E609 		.ascii	"\005b\346\011F\265\337t\034\370\017Y\027P\326w\3248"
 1095      46B5DF74 
 1095      1CF80F59 
 1095      1750D677 
 1095      D438
 1096 018e 99BE110D 		.ascii	"\231\276\021\015a\177\300\354=C}{\015\"\373 /(4\222"
 1096      617FC0EC 
 1096      3D437D7B 
 1096      0D22FB20 
 1096      2F283492 
 1097 01a2 99D3C925 		.ascii	"\231\323\311%:\371\024\275H;\220e\364q\363=\305\227"
 1097      3AF914BD 
 1097      483B9065 
 1097      F471F33D 
 1097      C597
 1098 01b4 9B76D273 		.ascii	"\233v\322s\364\254(2\025L\030{\275\352\316\301\340\010"
 1098      F4AC2832 
 1098      154C187B 
 1098      BDEACEC1 
 1098      E008
 1099 01c6 EFDB636B 		.ascii	"\357\333ck\0365l\014\221\261]\201\261\250\322\251`\343"
 1099      1E356C0C 
 1099      91B15D81 
 1099      B1A8D2A9 
 1099      60E3
 1100 01d8 55754F64 		.ascii	"UuOd\213\305\314,\005\232v\332\317\207\217\227\375\003"
 1100      8BC5CC2C 
 1100      059A76DA 
 1100      CF878F97 
 1100      FD03
 1101 01ea CAEE46C6 		.ascii	"\312\356F\306\352\373]N\360\253\304\367\364\032\242"
 1101      EAFB5D4E 
ARM GAS  /tmp/ccqMfECH.s 			page 32


 1101      F0ABC4F7 
 1101      F41AA2
 1102 01f9 37A87050 		.ascii	"7\250pP+!\030c\005!\260\0141\021\254\200\375\302\027"
 1102      2B211863 
 1102      0521B00C 
 1102      3111AC80 
 1102      FDC217
 1103 020c 3B613CE1 		.ascii	";a<\341\035$\274\215\204\027;\217=\013\365#\364\322"
 1103      1D24BC8D 
 1103      84173B8F 
 1103      3D0BF523 
 1103      F4D2
 1104 021e 9B625F50 		.ascii	"\233b_P\341\200\313;6x\3426\023\313{\373\213\031\272"
 1104      E180CB3B 
 1104      3678E236 
 1104      13CB7BFB 
 1104      8B19BA
 1105 0231 7664AF2C 		.ascii	"vd\257,\216\322\033\030-\026h\020\013$B\217\221e\211"
 1105      8ED21B18 
 1105      2D166810 
 1105      0B24428F 
 1105      916589
 1106 0244 99F7B0DC 		.ascii	"\231\367\260\334\247\012\367\263\361z\036\241\236\207"
 1106      A70AF7B3 
 1106      F17A1EA1 
 1106      9E87
 1107 0252 C8B8EA8E 		.ascii	"\310\270\352\216\275\237\371\351\351\247}\210\016P\341"
 1107      BD9FF9E9 
 1107      E9A77D88 
 1107      0E50E1
 1108 0261 A02ED0C0 		.ascii	"\240.\320\300V\250\314\300\376\252\216\201\255\246\352"
 1108      56A8CCC0 
 1108      FEAA8E81 
 1108      ADA6EA
 1109 0270 04650EB5 		.ascii	"\004e\016\265\303)\333\214/\266\012\255N\235(\212\301"
 1109      C329DB8C 
 1109      2FB60AAD 
 1109      4E9D288A 
 1109      C1
 1110 0281 FC4E2F65 		.ascii	"\374N/e\273)Qb\216\3266\324\032\177\351\373D\213FH\031"
 1110      BB295162 
 1110      8ED636D4 
 1110      1A7FE9FB 
 1110      448B4648 
 1111 0296 AD686C5B 		.ascii	"\255hl[\262c\025f\335\340\216\274A\257\323b\320j{\025"
 1111      B2631566 
 1111      DDE08EBC 
 1111      41AFD362 
 1111      D06A7B15 
 1112 02aa 2D81A08B 		.ascii	"-\201\240\213\373\305u\316c\213\034\312\000\375\021"
 1112      FBC575CE 
 1112      638B1CCA 
 1112      00FD11
 1113 02b9 514DD890 		.ascii	"QM\330\220D\237ItX\2427U\264\026\321M\335\210\332\035"
 1113      449F4974 
 1113      58A23755 
 1113      B416D14D 
ARM GAS  /tmp/ccqMfECH.s 			page 33


 1113      DD88DA1D 
 1114 02cd CA157A1E 		.ascii	"\312\025z\036Qm\037\234\221\350\220\036{\217\376\023"
 1114      516D1F9C 
 1114      91E8901E 
 1114      7B8FFE13 
 1115 02dd 51AD882F 		.ascii	"Q\255\210/$\363k\311\374@2\337\227\261\3032\366\271"
 1115      24F36BC9 
 1115      FC4032DF 
 1115      97B1C332 
 1115      F6B9
 1116 02ef 8C7D2663 		.ascii	"\214}&c+\2725\3644\365 \252\235\233\2432vP\306\376K"
 1116      2BBA35F4 
 1116      34F520AA 
 1116      9D9BA332 
 1116      7650C6FE 
 1117 0304 C6C6EBA1 		.ascii	"\306\306\353\241X\011\036BF\351\010\316\025\303)\272"
 1117      58091E42 
 1117      46E908CE 
 1117      15C329BA 
 1118 0314 0ADE503B 		.ascii	"\012\336P;\274\246\205\260\026\326@\001\224\300+,~\021"
 1118      BCA685B0 
 1118      16D64001 
 1118      94C02B2C 
 1118      7E11
 1119 0326 ACC6AB86 		.ascii	"\254\306\253\206\334B\262\312/\327\253d\275\364%\222"
 1119      DC42B2CA 
 1119      2FD7AB64 
 1119      BDF42592 
 1120 0336 696FB549 		.ascii	"io\265I\246*\353\366\245\272%S\365H\364\245\024\362"
 1120      A62AEBF6 
 1120      A5BA2553 
 1120      F548F4A5 
 1120      14F2
 1121 0348 44A28FE5 		.ascii	"D\242\217\345\"Fd\001\236\312\002\014\252([\007\270"
 1121      22466401 
 1121      9ECA020C 
 1121      AA285B07 
 1121      B8
 1122 0359 49773FEE 		.ascii	"Iw?\356\3776$:P\363\027\360_E+\360`W\363\022y\3379t"
 1122      FF36243A 
 1122      50F317F0 
 1122      5F452BF0 
 1122      6057F312 
 1123 0371 CDA520A0 		.ascii	"\315\245 \240\002\373\215WTbq\032\204\331\304\206*\241"
 1123      02FB8D57 
 1123      5462711A 
 1123      84D9C486 
 1123      2AA1
 1124 0383 E2BA113D 		.ascii	"\342\272\021=q\025:q\327\256y\362\346\274a\374\226\336"
 1124      71153A71 
 1124      D7AE79F2 
 1124      E6BC61FC 
 1124      96DE
 1125 0395 0824FE30 		.ascii	"\010$\3760\202\235\035\333\206\203\374\266\364\006("
 1125      829D1DDB 
 1125      8683FCB6 
 1125      F40628
ARM GAS  /tmp/ccqMfECH.s 			page 34


 1126 03a4 479E4D20 		.ascii	"G\236M \034\010\253\024+\360\2246\265\252\267\310\260"
 1126      1C08AB14 
 1126      2BF09436 
 1126      B5AAB7C8 
 1126      B0
 1127 03b5 E76DC76C 		.ascii	"\347m\307l\244ct\300(\031* \200\001et\210&R\2342\312"
 1127      A46374C0 
 1127      28192A20 
 1127      80016574 
 1127      8826529C 
 1128 03cb BE52AF65 		.ascii	"\276R\257e\203\002\233z\017\254\015\033\257\011\321"
 1128      83029B7A 
 1128      0FAC0D1B 
 1128      AF09D1
 1129 03da F86A50E0 		.ascii	"\370jP\340p\315\352Z\243\237\246*\330\212T5 \034P\317"
 1129      70CDEA5A 
 1129      A39FA62A 
 1129      D88A5435 
 1129      201C50CF 
 1130 03ee 96873576 		.ascii	"\226\2075v\305/a\000\214\364\355\204\271\200\260\035"
 1130      C52F6100 
 1130      8CF4ED84 
 1130      B980B01D 
 1131 03fe 6A2E8F68 		.ascii	"j.\217h\030f\367\020\266G\254f\355\332\375\265A\343"
 1131      1866F710 
 1131      B647AC66 
 1131      EDDAFDB5 
 1131      41E3
 1132 0410 33EFC4CC 		.ascii	"3\357\304\314\323\0258\276o\273\327\377|o\207:\244\334"
 1132      D31538BE 
 1132      6FBBD7FF 
 1132      7C6F873A 
 1132      A4DC
 1133 0422 0502C750 		.ascii	"\005\002\307P\367\325\303{C\375\022\007\300\230\346"
 1133      F7D5C37B 
 1133      43FD1207 
 1133      C098E6
 1134 0431 03B60FF3 		.ascii	"\003\266\017\363\036T\363Nc\015\330oV\373q\354\004\366"
 1134      1E54F34E 
 1134      630DD86F 
 1134      56FB71EC 
 1134      04F6
 1135 0443 DBD1CEAB 		.ascii	"\333\321\316\253\343h\2640\224\344%\254S\235\230\240"
 1135      E368B430 
 1135      94E425AC 
 1135      539D98A0 
 1136 0453 40A97BF3 		.ascii	"@\251{\363>:^\326a\224\325\200\005y\332\322\2651\330"
 1136      3E3A5ED6 
 1136      6194D580 
 1136      0579DAD2 
 1136      B531D8
 1137 0466 EF9A3F04 		.ascii	"\357\232?\004\377\300\214\215 \034PW\365\305\236\003"
 1137      FFC08C8D 
 1137      201C5057 
 1137      F5C59E03 
 1138 0476 E0779307 		.ascii	"\340w\223\007\300\014\277\226\031~\345\262\233h\275"
 1138      C00CBF96 
ARM GAS  /tmp/ccqMfECH.s 			page 35


 1138      197EE5B2 
 1138      9B68BD
 1139 0485 680FD09E 		.ascii	"h\017\320\236\250i\035\342r\3672\366#\326\345\327\235"
 1139      A8691DE2 
 1139      72F732F6 
 1139      23D6E5D7 
 1139      9D
 1140 0496 078B7706 		.ascii	"\007\213w\006\351w\316\270\217zDz\264;\342\010|\013"
 1140      E977CEB8 
 1140      8F7A447A 
 1140      B43BE208 
 1140      7C0B
 1141 04a8 6DA065A8 		.ascii	"m\240e\250\007\261\315\305\361\332P\343;^\007\021\325"
 1141      07B1CDC5 
 1141      F1DA50E3 
 1141      3B5E0711 
 1141      D5
 1142 04b9 C48B63D2 		.ascii	"\304\213c\322H\307N\353\011hA\3776\334\370\027\340;"
 1142      48C74EEB 
 1142      096841FF 
 1142      36DCF817 
 1142      E03B
 1143 04cb 380F57A0 		.ascii	"8\017W\240\013\276\207\223p\012\256C\007\\\205\323p"
 1143      0BBE8793 
 1143      700AAE43 
 1143      075C85D3 
 1143      70
 1144 04dc 19CEC235 		.ascii	"\031\316\3025\350\204\213p\011\316\301\031h\367\235"
 1144      E8848B70 
 1144      09CEC119 
 1144      68F79D
 1145 04eb DE2649DF 		.ascii	"\336&I\337*\351\327\313\344U\022\335'\321\275\340K\356"
 1145      2AE9D7CB 
 1145      E45512DD 
 1145      27D1BDE0 
 1145      4BEE
 1146 04fd 6EECD10E 		.ascii	"n\354\321\016\350&\030\246m\372\356,\323`\021]#\243"
 1146      E82618A6 
 1146      6DFAEE2C 
 1146      D360115D 
 1146      23A3
 1147 050f FF26A3F7 		.ascii	"\377&\243\367h\360v\204\033\364\350-\260\031|\321}\324"
 1147      68F07684 
 1147      1BF4E82D 
 1147      B0197CD1 
 1147      7DD4
 1148 0521 977A585E 		.ascii	"\227zX^+\307dp\235\024\366B\242\036\211\306\253\314"
 1148      2BC76470 
 1148      9D14F642 
 1148      A21E89C6 
 1148      ABCC
 1149 0533 BDE25ED5 		.ascii	"\275\342^\325\321\0128\356\217j\241\025R\325~\011\272"
 1149      D10A38EE 
 1149      8F6AA115 
 1149      52D57E09 
 1149      BA
 1150 0544 41C6D6D7 		.ascii	"A\306\326\327\370bk%\354\034\023}H\027\275\015\276D"
ARM GAS  /tmp/ccqMfECH.s 			page 36


 1150      F8626B25 
 1150      EC1C137D 
 1150      4817BD0D 
 1150      BE44
 1151 0556 583B1F95 		.ascii	"X;\037\225\252,\021|@\006\273\002\202\265\314\3252\363"
 1151      AA2C117C 
 1151      4006BB02 
 1151      82B5CCD5 
 1151      32F3
 1152 0568 3701F5D0 		.ascii	"7\001\365\320\320\227rIG%\272U\242#\022m\016(\207^\352"
 1152      D0977249 
 1152      4725BA55 
 1152      A223126D 
 1152      0E28875E 
 1153 057d 4A49FDF7 		.ascii	"JI\375\367\200\027\225\240\212v\353\242w\303\016D\265"
 1153      801795A0 
 1153      8A76EBA2 
 1153      77C30E44 
 1153      B5
 1154 058e B3F5B5A4 		.ascii	"\263\365\265\244~-\251\233\002\022\353\324\233$\365"
 1154      7E2DA99B 
 1154      0212EBD4 
 1154      9B24F5
 1155 059d 81807AE1 		.ascii	"\201\200z\341-<*N\375\355[G\232Yt\340^\354\206\377{"
 1155      2D3C2A4E 
 1155      FDED5B47 
 1155      9A5974E0 
 1155      5EEC86FF 
 1156 05b2 33E2D57B 		.ascii	"3\342\325{\177\303\373\362\346\375A\317tC=\206\257\356"
 1156      7FC3FBF2 
 1156      E6FD41CF 
 1156      74433D86 
 1156      AFEE
 1157 05c4 AC6F097B 		.ascii	"\254o\011{N1A\011\367\330[\031w\025\225\362b\336j\247"
 1157      4E314109 
 1157      F7D85B19 
 1157      771595F2 
 1157      62DE6AA7 
 1158 05d8 95BC813B 		.ascii	"\225\274\201;\353\035\245\206*Wk\211\035\035\242]\205"
 1158      EB1DA586 
 1158      2A576B89 
 1158      1D1DA25D 
 1158      85
 1159 05e9 0DBCCAFD 		.ascii	"\015\274\312\375IU\025w\264\324\226p'\245\0058\355\261"
 1159      49551577 
 1159      B4D49670 
 1159      27A50538 
 1159      EDB1
 1160 05fb 1BABF081 		.ascii	"\033\253\360\201\036\216h^-~\214\026;\234\324\256\375"
 1160      1E8E685E 
 1160      2D7E8C16 
 1160      3B9CD4AE 
 1160      FD
 1161 060c 2EE5E1BC 		.ascii	".\345\341\274\236\363B\264\330\252\"\267\307\216K\351"
 1161      9EF342B4 
 1161      D8AA22B7 
 1161      C78E4BE9 
ARM GAS  /tmp/ccqMfECH.s 			page 37


 1162 061c A0CEAF8B 		.ascii	"\240\316\257\213\021\371\004\255\314~\317\276:|\320"
 1162      11F904AD 
 1162      CC7ECFBE 
 1162      3A7CD0
 1163 062b DEC7B714 		.ascii	"\336\307\267\024\364\225\305\026r\221\250\230\323J'"
 1163      F495C516 
 1163      7291A898 
 1163      D34A27
 1164 063a 7A788A39 		.ascii	"zx\2129\270\370\011^\316\253K'\026\270\334\365\366\202"
 1164      B8F8095E 
 1164      CEAB4B27 
 1164      16B8DCF5 
 1164      F682
 1165 064c 2256E6F2 		.ascii	"\"V\346\362\224\224;[y\244\375\366\311\022\273\213\363"
 1165      94943B5B 
 1165      79A4FDF6 
 1165      C912BB8B 
 1165      F3
 1166 065d C80D4E94 		.ascii	"\310\015N\224\216\026e\027:\321\"\313\261)\363\264\362"
 1166      8E166517 
 1166      3AD122CB 
 1166      B129F3B4 
 1166      F2
 1167 066e 28BB289C 		.ascii	"(\273(\234\263\210G\361\026OI\031\367\224\344\010Y\345"
 1167      B38847F1 
 1167      164F4919 
 1167      F794E408 
 1167      59E5
 1168 0680 3843854F 		.ascii	"8C\205O9\367\360\310rm\206\331\235\236\022^\207A\265"
 1168      39F7F0C8 
 1168      726D86D9 
 1168      9D9E125E 
 1168      8741B5
 1169 0693 D8116854 		.ascii	"\330\021hT\271\0273\024\210\216 \345.\017_\3059S\177"
 1169      B9173314 
 1169      888E20E5 
 1169      2E0F5FC5 
 1169      39537F
 1170 06a6 646B6B03 		.ascii	"dkk\003\375\311\360g[\337\321c\241C\242\214\336zg\027"
 1170      FDC9F067 
 1170      5BDFD163 
 1170      A143A28C 
 1170      DE7A6717 
 1171 06ba D5FE70BC 		.ascii	"\325\376p\274[\366[B\371;\221\354+\003Vz\353\231\263"
 1171      5BF65B42 
 1171      F93B91EC 
 1171      2B03567A 
 1171      EB99B3
 1172 06cd DF18C45F 		.ascii	"\337\030\304_\210v\372\034\207]\017G\266\205h\303[\200"
 1172      8876FA1C 
 1172      875D0F47 
 1172      B68568C3 
 1172      5B80
 1173 06df F71AE0B5 		.ascii	"\367\032\340\265\026\211\323u;\356\006\307 \317\020"
 1173      1689D375 
 1173      3BEE06C7 
 1173      20CF10
ARM GAS  /tmp/ccqMfECH.s 			page 38


 1174 06ee E7718FC8 		.ascii	"\347q\217\310]\270\203\257\011o\300\333\352\333\342"
 1174      5DB883AF 
 1174      096FC0DB 
 1174      EADBE2
 1175 06fd 17FA7858 		.ascii	"\027\372xX\\e%\037\036>\364lk\004\357Pe\364\202\027"
 1175      5C65251F 
 1175      1E3EF46C 
 1175      6B04EF50 
 1175      65F48217 
 1176 0711 F784C8E9 		.ascii	"\367\204\310\351\005r\023z`\366\356`v\371-9\333G\006"
 1176      0572137A 
 1176      60F6EE60 
 1176      76F92D39 
 1176      DB4706
 1177 0724 2A42C793 		.ascii	"*B\307\223\367\003\351S\311\333\357\256i\013\027\344"
 1177      F703E953 
 1177      C9DBEFAE 
 1177      690B17E4 
 1178 0734 EEFA62DC 		.ascii	"\356\372b\334\230\342\335\262~\270\257S\337\327\251"
 1178      98E2DDB2 
 1178      7EB8AF53 
 1178      DFD7A9
 1179 0743 3707B37B 		.ascii	"7\007\263{\202\332\261n\357\256`\325{Hz\367\302C\335"
 1179      82DAB16E 
 1179      EFAE60D5 
 1179      7B487AF7 
 1179      C243DD
 1180 0756 FBA1EE7D 		.ascii	"\373\241\356}\305\310\012\025\364\256x\272n\324\250"
 1180      C5C80A15 
 1180      F4AE78BA 
 1180      6ED4A8
 1181 0765 7A37AE1E 		.ascii	"z7\256\036\343\036\320\275\007t\357\026#\011\261$[\223"
 1181      E31ED0BD 
 1181      0774EF16 
 1181      2309B124 
 1181      5B93
 1182 0777 2D0B9393 		.ascii	"-\013\223\223f\376l\352TSv\236ii\332rSNvn~\236)=;33"
 1182      66FE6CEA 
 1182      5453769E 
 1182      6969DA72 
 1182      534E766E 
 1183 0792 3BCB9468 		.ascii	";\313\224h\231o\236\277\302\224\365yF\372\324t\366\273"
 1183      996F9EBF 
 1183      C294F579 
 1183      46FAD474 
 1183      F6BB
 1184 07a4 0F3F8E35 		.ascii	"\017?\2165\307\317\"\221\332xj\372\214\204\204i\351"
 1184      C7CF2291 
 1184      DA786AFA 
 1184      8C848469 
 1184      E9
 1185 07b5 09D308FB 		.ascii	"\011\323\010\373,#+?a\372\342|HI\015\026\375\017\026"
 1185      2C232B3F 
 1185      61FAE27C 
 1185      48490D16 
 1185      FD0F16
 1186 07c8 E74BF219 		.ascii	"\347K\362\031JJ\342\034"
ARM GAS  /tmp/ccqMfECH.s 			page 39


 1186      4A4AE21C 
 1187 07d0 8B1C2628 		.ascii	"\213\034&()\346\324\261\341t%\305\232ja\026m\024\217"
 1187      29E6D4B1 
 1187      E17425C5 
 1187      9A6A6116 
 1187      6D148F
 1188 07e3 60F21838 		.ascii	"`\362\0308\015\301d\213b]\220b\371\225iiv\246\315\224"
 1188      0DC1648B 
 1188      625D9062 
 1188      F9956969 
 1188      76A6CD94 
 1189 07f7 99B6322D 		.ascii	"\231\2662-k\231)}i\306\247\031\331yS\376\222\235\273"
 1189      6B99297D 
 1189      69C6A719 
 1189      D97953FE 
 1189      929DBB
 1190 080a 2C2F272D 		.ascii	",/'-\335f2\213\231\217\254\246\264\234\034\222\240\255"
 1190      DD66328B 
 1190      998FACA6 
 1190      B49C1C92 
 1190      A0AD
 1191 081c 465F836D 		.ascii	"F_\203mE\276X\207\311<\337\232b5\231\263sm\246\224\254"
 1191      45BE5887 
 1191      C93CDF9A 
 1191      623599B3 
 1191      736DA694 
 1192 0831 F4E59F2D 		.ascii	"\364\345\237-\261\241G\256mqz\346\214\251KI\310\207"
 1192      B1A147AE 
 1192      6D717AE6 
 1192      8CA94B49 
 1192      C887
 1193 0843 0B53CC8B 		.ascii	"\013S\314\213\027\254\314\261a\316D\2132\177\376\\\213"
 1193      17ACCCB1 
 1193      61CE448B 
 1193      327FFE5C 
 1193      8B
 1194 0854 2131C962 		.ascii	"!1\311bH\302g\352\\\213\2228\327jQ\346\314M\264\004"
 1194      48C267EA 
 1194      5C8B9238 
 1194      D76A51E6 
 1194      CC4DB404 
 1195 0868 21840E49 		.ascii	"!\204\016Ib<O4fl\202\254\363\314V\213\301:/\325`6\343"
 1195      623C4F34 
 1195      666C82AC 
 1195      F3CC568B 
 1195      C13A2FD5 
 1196 087f D36C094A 		.ascii	"\323l\011JL\261\230-\312\302\005\037YpQ\350aN\3758%"
 1196      4CB1982D 
 1196      CAC2051F 
 1196      597051E8 
 1196      614EFD38 
 1197 0894 09DB44B3 		.ascii	"\011\333D\263\205Y\315s\324\\\206\370\367IHZn\346\347"
 1197      8559CD73 
 1197      D45C86F8 
 1197      F749485A 
 1197      6EE6E7
 1198 08a7 B36C5332 		.ascii	"\263lS2I(\352\311\267\255\230\2229C+qrV\332\247\313"
ARM GAS  /tmp/ccqMfECH.s 			page 40


 1198      4928EAC9 
 1198      B7AD9892 
 1198      39432B71 
 1198      7256DAA7 
 1199 08bc 6D0B6DE9 		.ascii	"m\013m\351\371\331\271?\377_\336\020\211\022\317\244"
 1199      F9D9B93F 
 1199      FF5FDE10 
 1199      8912CFA4 
 1200 08cc 8CBCB1B8 		.ascii	"\214\274\261\270\0301c\265\345[W\346\345\3332\347\245"
 1200      183163B5 
 1200      E55B57E6 
 1200      E5DB32E7 
 1200      A5
 1201 08dd 652D596E 		.ascii	"e-Yn\313M\315\315\310\316\315\310_\251f1/\267\245\345"
 1201      CB4DCDCD 
 1201      C8CECDC8 
 1201      5FA96631 
 1201      2FB7A5E5 
 1202 08f1 A6DAB296 		.ascii	"\246\332\262\226dd\375\371\337\203\306]\355"
 1202      6464FDF9 
 1202      DF83C65D 
 1202      ED
 1203              		.text
 1204              		.section	.gnu.lto_.symtab.a68fb34bc74a8c81,"e",%progbits
 1205 0000 6E766963 		.ascii	"nvicEnableVector\000"
 1205      456E6162 
 1205      6C655665 
 1205      63746F72 
 1205      00
 1206 0011 00       		.ascii	"\000"
 1207 0012 00       		.ascii	"\000"
 1208 0013 00       		.ascii	"\000"
 1209 0014 00000000 		.ascii	"\000\000\000\000\000\000\000\000"
 1209      00000000 
 1210 001c 65010000 		.ascii	"e\001\000\000"
 1211 0020 6E766963 		.ascii	"nvicDisableVector\000"
 1211      44697361 
 1211      626C6556 
 1211      6563746F 
 1211      7200
 1212 0032 00       		.ascii	"\000"
 1213 0033 00       		.ascii	"\000"
 1214 0034 00       		.ascii	"\000"
 1215 0035 00000000 		.ascii	"\000\000\000\000\000\000\000\000"
 1215      00000000 
 1216 003d 69010000 		.ascii	"i\001\000\000"
 1217 0041 6E766963 		.ascii	"nvicSetSystemHandlerPriority\000"
 1217      53657453 
 1217      79737465 
 1217      6D48616E 
 1217      646C6572 
 1218 005e 00       		.ascii	"\000"
 1219 005f 00       		.ascii	"\000"
 1220 0060 00       		.ascii	"\000"
 1221 0061 00000000 		.ascii	"\000\000\000\000\000\000\000\000"
 1221      00000000 
 1222 0069 6B010000 		.ascii	"k\001\000\000"
ARM GAS  /tmp/ccqMfECH.s 			page 41


 1223 006d 6E766963 		.ascii	"nvicClearPending\000"
 1223      436C6561 
 1223      7250656E 
 1223      64696E67 
 1223      00
 1224 007e 00       		.ascii	"\000"
 1225 007f 00       		.ascii	"\000"
 1226 0080 00       		.ascii	"\000"
 1227 0081 00000000 		.ascii	"\000\000\000\000\000\000\000\000"
 1227      00000000 
 1228 0089 6D010000 		.ascii	"m\001\000\000"
 1229              		.text
 1230              		.section	.gnu.lto_.ext_symtab.a68fb34bc74a8c81,"e",%progbits
 1231 0000 01       		.ascii	"\001"
 1232 0001 01       		.ascii	"\001"
 1233 0002 00       		.ascii	"\000"
 1234 0003 01       		.ascii	"\001"
 1235 0004 00       		.ascii	"\000"
 1236 0005 01       		.ascii	"\001"
 1237 0006 00       		.ascii	"\000"
 1238 0007 01       		.ascii	"\001"
 1239 0008 00       		.ascii	"\000"
 1240              		.text
 1241              		.section	.gnu.lto_.opts,"e",%progbits
 1242 0000 272D666E 		.ascii	"'-fno-openmp' '-fno-openacc' '-fno-pie' '-fcf-prote"
 1242      6F2D6F70 
 1242      656E6D70 
 1242      2720272D 
 1242      666E6F2D 
 1243 0033 6374696F 		.ascii	"ction=none' '-g' '-mcpu=cortex-m4' '-mthumb' '-mflo"
 1243      6E3D6E6F 
 1243      6E652720 
 1243      272D6727 
 1243      20272D6D 
 1244 0066 61742D61 		.ascii	"at-abi=soft' '-mlibarch=armv7e-m' '-march=armv7e-m'"
 1244      62693D73 
 1244      6F667427 
 1244      20272D6D 
 1244      6C696261 
 1245 0099 20272D4F 		.ascii	" '-O2' '-fomit-frame-pointer' '-falign-functions=16"
 1245      32272027 
 1245      2D666F6D 
 1245      69742D66 
 1245      72616D65 
 1246 00cc 2720272D 		.ascii	"' '-ffunction-sections' '-fdata-sections' '-fno-com"
 1246      6666756E 
 1246      6374696F 
 1246      6E2D7365 
 1246      6374696F 
 1247 00ff 6D6F6E27 		.ascii	"mon' '-flto' '-Xassembler' '-alms=./build/lst/nvic."
 1247      20272D66 
 1247      6C746F27 
 1247      20272D58 
 1247      61737365 
 1248 0132 6C737427 		.ascii	"lst'\000"
 1248      00
 1249              		.text
ARM GAS  /tmp/ccqMfECH.s 			page 42


 1250              		.comm	__gnu_lto_slim,1,1
 1251              		.ident	"GCC: (15:13.2.rel1-2) 13.2.1 20231009"
ARM GAS  /tmp/ccqMfECH.s 			page 43


DEFINED SYMBOLS
                            *ABS*:00000000 nvic.c
     /tmp/ccqMfECH.s:21     .gnu.debuglto_.debug_info:00000000 nvic.c.c4330c30
                            *COM*:00000001 __gnu_lto_slim

NO UNDEFINED SYMBOLS
