ARM GAS  /tmp/ccI9r7y4.s 			page 1


   1              		.cpu cortex-m4
   2              		.arch armv7e-m
   3              		.fpu softvfp
   4              		.eabi_attribute 20, 1
   5              		.eabi_attribute 21, 1
   6              		.eabi_attribute 23, 3
   7              		.eabi_attribute 24, 1
   8              		.eabi_attribute 25, 1
   9              		.eabi_attribute 26, 1
  10              		.eabi_attribute 30, 2
  11              		.eabi_attribute 34, 1
  12              		.eabi_attribute 18, 4
  13              		.file	"stm32_isr.c"
  14              		.file 1 "../os/hal/ports/common/ARMCMx/nvic.h"
  15              		.file 2 "../os/hal/ports/STM32/STM32F4xx/stm32_isr.c"
  16              		.file 3 "/usr/lib/gcc/arm-none-eabi/13.2.1/include/stdint.h"
  17              		.file 4 "../os/common/ext/ST/STM32F4xx/stm32f401xc.h"
  18              		.section	.gnu.debuglto_.debug_info,"e",%progbits
  19              	.Ldebug_info0:
  20              		.hidden	stm32_isr.c.8cc4cc6c
  21              		.weak	stm32_isr.c.8cc4cc6c
  22              	stm32_isr.c.8cc4cc6c:
  23 0000 42020000 		.4byte	0x242
  24 0004 0500     		.2byte	0x5
  25 0006 01       		.byte	0x1
  26 0007 04       		.byte	0x4
  27 0008 00000000 		.4byte	.Ldebug_abbrev0
  28 000c 07       		.uleb128 0x7
  29 000d 10030000 		.4byte	.LASF80
  30 0011 1D       		.byte	0x1d
  31 0012 A2010000 		.4byte	.LASF81
  32 0016 4C050000 		.4byte	.LASF82
  33 001a 00000000 		.4byte	.Ldebug_line0
  34 001e 08       		.uleb128 0x8
  35 001f 04       		.byte	0x4
  36 0020 05       		.byte	0x5
  37 0021 696E7400 		.ascii	"int\000"
  38 0025 02       		.uleb128 0x2
  39 0026 04       		.byte	0x4
  40 0027 07       		.byte	0x7
  41 0028 DA020000 		.4byte	.LASF0
  42 002c 02       		.uleb128 0x2
  43 002d 08       		.byte	0x8
  44 002e 05       		.byte	0x5
  45 002f 71010000 		.4byte	.LASF1
  46 0033 02       		.uleb128 0x2
  47 0034 08       		.byte	0x8
  48 0035 04       		.byte	0x4
  49 0036 53010000 		.4byte	.LASF2
  50 003a 02       		.uleb128 0x2
  51 003b 01       		.byte	0x1
  52 003c 06       		.byte	0x6
  53 003d A3020000 		.4byte	.LASF3
  54 0041 02       		.uleb128 0x2
  55 0042 02       		.byte	0x2
  56 0043 05       		.byte	0x5
  57 0044 8C000000 		.4byte	.LASF4
ARM GAS  /tmp/ccI9r7y4.s 			page 2


  58 0048 02       		.uleb128 0x2
  59 0049 04       		.byte	0x4
  60 004a 05       		.byte	0x5
  61 004b E6010000 		.4byte	.LASF5
  62 004f 02       		.uleb128 0x2
  63 0050 01       		.byte	0x1
  64 0051 08       		.byte	0x8
  65 0052 62020000 		.4byte	.LASF6
  66 0056 02       		.uleb128 0x2
  67 0057 02       		.byte	0x2
  68 0058 07       		.byte	0x7
  69 0059 E4030000 		.4byte	.LASF7
  70 005d 09       		.uleb128 0x9
  71 005e 2E010000 		.4byte	.LASF83
  72 0062 03       		.byte	0x3
  73 0063 34       		.byte	0x34
  74 0064 19       		.byte	0x19
  75 0065 69000000 		.4byte	0x69
  76 0069 02       		.uleb128 0x2
  77 006a 04       		.byte	0x4
  78 006b 07       		.byte	0x7
  79 006c 6B040000 		.4byte	.LASF8
  80 0070 02       		.uleb128 0x2
  81 0071 08       		.byte	0x8
  82 0072 07       		.byte	0x7
  83 0073 7F010000 		.4byte	.LASF9
  84 0077 0A       		.uleb128 0xa
  85 0078 05       		.byte	0x5
  86 0079 01       		.byte	0x1
  87 007a 3A000000 		.4byte	0x3a
  88 007e 04       		.byte	0x4
  89 007f 55       		.byte	0x55
  90 0080 01       		.byte	0x1
  91 0081 06020000 		.4byte	0x206
  92 0085 03       		.uleb128 0x3
  93 0086 A5040000 		.4byte	.LASF10
  94 008a 72       		.sleb128 -14
  95 008b 03       		.uleb128 0x3
  96 008c 7D040000 		.4byte	.LASF11
  97 0090 74       		.sleb128 -12
  98 0091 03       		.uleb128 0x3
  99 0092 F2020000 		.4byte	.LASF12
 100 0096 75       		.sleb128 -11
 101 0097 03       		.uleb128 0x3
 102 0098 37010000 		.4byte	.LASF13
 103 009c 76       		.sleb128 -10
 104 009d 03       		.uleb128 0x3
 105 009e CB030000 		.4byte	.LASF14
 106 00a2 7B       		.sleb128 -5
 107 00a3 03       		.uleb128 0x3
 108 00a4 BA000000 		.4byte	.LASF15
 109 00a8 7C       		.sleb128 -4
 110 00a9 03       		.uleb128 0x3
 111 00aa 40050000 		.4byte	.LASF16
 112 00ae 7E       		.sleb128 -2
 113 00af 03       		.uleb128 0x3
 114 00b0 3C000000 		.4byte	.LASF17
ARM GAS  /tmp/ccI9r7y4.s 			page 3


 115 00b4 7F       		.sleb128 -1
 116 00b5 01       		.uleb128 0x1
 117 00b6 CE010000 		.4byte	.LASF18
 118 00ba 00       		.byte	0
 119 00bb 01       		.uleb128 0x1
 120 00bc B9040000 		.4byte	.LASF19
 121 00c0 01       		.byte	0x1
 122 00c1 01       		.uleb128 0x1
 123 00c2 00030000 		.4byte	.LASF20
 124 00c6 02       		.byte	0x2
 125 00c7 01       		.uleb128 0x1
 126 00c8 D8010000 		.4byte	.LASF21
 127 00cc 03       		.byte	0x3
 128 00cd 01       		.uleb128 0x1
 129 00ce 23010000 		.4byte	.LASF22
 130 00d2 04       		.byte	0x4
 131 00d3 01       		.uleb128 0x1
 132 00d4 67000000 		.4byte	.LASF23
 133 00d8 05       		.byte	0x5
 134 00d9 01       		.uleb128 0x1
 135 00da E7020000 		.4byte	.LASF24
 136 00de 06       		.byte	0x6
 137 00df 01       		.uleb128 0x1
 138 00e0 17040000 		.4byte	.LASF25
 139 00e4 07       		.byte	0x7
 140 00e5 01       		.uleb128 0x1
 141 00e6 CF020000 		.4byte	.LASF26
 142 00ea 08       		.byte	0x8
 143 00eb 01       		.uleb128 0x1
 144 00ec EA040000 		.4byte	.LASF27
 145 00f0 09       		.byte	0x9
 146 00f1 01       		.uleb128 0x1
 147 00f2 49000000 		.4byte	.LASF28
 148 00f6 0A       		.byte	0xa
 149 00f7 01       		.uleb128 0x1
 150 00f8 96000000 		.4byte	.LASF29
 151 00fc 0B       		.byte	0xb
 152 00fd 01       		.uleb128 0x1
 153 00fe 43020000 		.4byte	.LASF30
 154 0102 0C       		.byte	0xc
 155 0103 01       		.uleb128 0x1
 156 0104 5F010000 		.4byte	.LASF31
 157 0108 0D       		.byte	0xd
 158 0109 01       		.uleb128 0x1
 159 010a 12000000 		.4byte	.LASF32
 160 010e 0E       		.byte	0xe
 161 010f 01       		.uleb128 0x1
 162 0110 C2040000 		.4byte	.LASF33
 163 0114 0F       		.byte	0xf
 164 0115 01       		.uleb128 0x1
 165 0116 11010000 		.4byte	.LASF34
 166 011a 10       		.byte	0x10
 167 011b 01       		.uleb128 0x1
 168 011c 93040000 		.4byte	.LASF35
 169 0120 11       		.byte	0x11
 170 0121 01       		.uleb128 0x1
 171 0122 62040000 		.4byte	.LASF36
ARM GAS  /tmp/ccI9r7y4.s 			page 4


 172 0126 12       		.byte	0x12
 173 0127 01       		.uleb128 0x1
 174 0128 D7030000 		.4byte	.LASF37
 175 012c 17       		.byte	0x17
 176 012d 01       		.uleb128 0x1
 177 012e AF020000 		.4byte	.LASF38
 178 0132 18       		.byte	0x18
 179 0133 01       		.uleb128 0x1
 180 0134 54000000 		.4byte	.LASF39
 181 0138 19       		.byte	0x19
 182 0139 01       		.uleb128 0x1
 183 013a 24000000 		.4byte	.LASF40
 184 013e 1A       		.byte	0x1a
 185 013f 01       		.uleb128 0x1
 186 0140 E8000000 		.4byte	.LASF41
 187 0144 1B       		.byte	0x1b
 188 0145 01       		.uleb128 0x1
 189 0146 39020000 		.4byte	.LASF42
 190 014a 1C       		.byte	0x1c
 191 014b 01       		.uleb128 0x1
 192 014c 36050000 		.4byte	.LASF43
 193 0150 1D       		.byte	0x1d
 194 0151 01       		.uleb128 0x1
 195 0152 70000000 		.4byte	.LASF44
 196 0156 1E       		.byte	0x1e
 197 0157 01       		.uleb128 0x1
 198 0158 10020000 		.4byte	.LASF45
 199 015c 1F       		.byte	0x1f
 200 015d 01       		.uleb128 0x1
 201 015e 29050000 		.4byte	.LASF46
 202 0162 20       		.byte	0x20
 203 0163 01       		.uleb128 0x1
 204 0164 55020000 		.4byte	.LASF47
 205 0168 21       		.byte	0x21
 206 0169 01       		.uleb128 0x1
 207 016a 70020000 		.4byte	.LASF48
 208 016e 22       		.byte	0x22
 209 016f 01       		.uleb128 0x1
 210 0170 F5000000 		.4byte	.LASF49
 211 0174 23       		.byte	0x23
 212 0175 01       		.uleb128 0x1
 213 0176 FF040000 		.4byte	.LASF50
 214 017a 24       		.byte	0x24
 215 017b 01       		.uleb128 0x1
 216 017c 96010000 		.4byte	.LASF51
 217 0180 25       		.byte	0x25
 218 0181 01       		.uleb128 0x1
 219 0182 D4040000 		.4byte	.LASF52
 220 0186 26       		.byte	0x26
 221 0187 01       		.uleb128 0x1
 222 0188 01020000 		.4byte	.LASF53
 223 018c 28       		.byte	0x28
 224 018d 01       		.uleb128 0x1
 225 018e 09050000 		.4byte	.LASF54
 226 0192 29       		.byte	0x29
 227 0193 01       		.uleb128 0x1
 228 0194 18050000 		.4byte	.LASF55
ARM GAS  /tmp/ccI9r7y4.s 			page 5


 229 0198 2A       		.byte	0x2a
 230 0199 01       		.uleb128 0x1
 231 019a 7A000000 		.4byte	.LASF56
 232 019e 2F       		.byte	0x2f
 233 019f 01       		.uleb128 0x1
 234 01a0 E0040000 		.4byte	.LASF57
 235 01a4 31       		.byte	0x31
 236 01a5 01       		.uleb128 0x1
 237 01a6 2F020000 		.4byte	.LASF58
 238 01aa 32       		.byte	0x32
 239 01ab 01       		.uleb128 0x1
 240 01ac 34040000 		.4byte	.LASF59
 241 01b0 33       		.byte	0x33
 242 01b1 01       		.uleb128 0x1
 243 01b2 1D020000 		.4byte	.LASF60
 244 01b6 38       		.byte	0x38
 245 01b7 01       		.uleb128 0x1
 246 01b8 FF000000 		.4byte	.LASF61
 247 01bc 39       		.byte	0x39
 248 01bd 01       		.uleb128 0x1
 249 01be 22040000 		.4byte	.LASF62
 250 01c2 3A       		.byte	0x3a
 251 01c3 01       		.uleb128 0x1
 252 01c4 3E040000 		.4byte	.LASF63
 253 01c8 3B       		.byte	0x3b
 254 01c9 01       		.uleb128 0x1
 255 01ca 00000000 		.4byte	.LASF64
 256 01ce 3C       		.byte	0x3c
 257 01cf 01       		.uleb128 0x1
 258 01d0 50040000 		.4byte	.LASF65
 259 01d4 43       		.byte	0x43
 260 01d5 01       		.uleb128 0x1
 261 01d6 D6000000 		.4byte	.LASF66
 262 01da 44       		.byte	0x44
 263 01db 01       		.uleb128 0x1
 264 01dc 05040000 		.4byte	.LASF67
 265 01e0 45       		.byte	0x45
 266 01e1 01       		.uleb128 0x1
 267 01e2 A8000000 		.4byte	.LASF68
 268 01e6 46       		.byte	0x46
 269 01e7 01       		.uleb128 0x1
 270 01e8 47010000 		.4byte	.LASF69
 271 01ec 47       		.byte	0x47
 272 01ed 01       		.uleb128 0x1
 273 01ee 96020000 		.4byte	.LASF70
 274 01f2 48       		.byte	0x48
 275 01f3 01       		.uleb128 0x1
 276 01f4 C2020000 		.4byte	.LASF71
 277 01f8 49       		.byte	0x49
 278 01f9 01       		.uleb128 0x1
 279 01fa F7030000 		.4byte	.LASF72
 280 01fe 51       		.byte	0x51
 281 01ff 01       		.uleb128 0x1
 282 0200 CC000000 		.4byte	.LASF73
 283 0204 54       		.byte	0x54
 284 0205 00       		.byte	0
 285 0206 02       		.uleb128 0x2
ARM GAS  /tmp/ccI9r7y4.s 			page 6


 286 0207 01       		.byte	0x1
 287 0208 08       		.byte	0x8
 288 0209 00040000 		.4byte	.LASF74
 289 020d 02       		.uleb128 0x2
 290 020e 01       		.byte	0x1
 291 020f 02       		.byte	0x2
 292 0210 5C040000 		.4byte	.LASF75
 293 0214 05       		.uleb128 0x5
 294 0215 EF010000 		.4byte	.LASF76
 295 0219 4F       		.byte	0x4f
 296 021a 24020000 		.4byte	0x224
 297 021e 04       		.uleb128 0x4
 298 021f 5D000000 		.4byte	0x5d
 299 0223 00       		.byte	0
 300 0224 05       		.uleb128 0x5
 301 0225 85020000 		.4byte	.LASF77
 302 0229 4E       		.byte	0x4e
 303 022a 39020000 		.4byte	0x239
 304 022e 04       		.uleb128 0x4
 305 022f 5D000000 		.4byte	0x5d
 306 0233 04       		.uleb128 0x4
 307 0234 5D000000 		.4byte	0x5d
 308 0238 00       		.byte	0
 309 0239 06       		.uleb128 0x6
 310 023a F5040000 		.4byte	.LASF78
 311 023e F2       		.byte	0xf2
 312 023f 06       		.uleb128 0x6
 313 0240 7D020000 		.4byte	.LASF79
 314 0244 E0       		.byte	0xe0
 315 0245 00       		.byte	0
 316              		.section	.gnu.debuglto_.debug_abbrev,"e",%progbits
 317              	.Ldebug_abbrev0:
 318 0000 01       		.uleb128 0x1
 319 0001 28       		.uleb128 0x28
 320 0002 00       		.byte	0
 321 0003 03       		.uleb128 0x3
 322 0004 0E       		.uleb128 0xe
 323 0005 1C       		.uleb128 0x1c
 324 0006 0B       		.uleb128 0xb
 325 0007 00       		.byte	0
 326 0008 00       		.byte	0
 327 0009 02       		.uleb128 0x2
 328 000a 24       		.uleb128 0x24
 329 000b 00       		.byte	0
 330 000c 0B       		.uleb128 0xb
 331 000d 0B       		.uleb128 0xb
 332 000e 3E       		.uleb128 0x3e
 333 000f 0B       		.uleb128 0xb
 334 0010 03       		.uleb128 0x3
 335 0011 0E       		.uleb128 0xe
 336 0012 00       		.byte	0
 337 0013 00       		.byte	0
 338 0014 03       		.uleb128 0x3
 339 0015 28       		.uleb128 0x28
 340 0016 00       		.byte	0
 341 0017 03       		.uleb128 0x3
 342 0018 0E       		.uleb128 0xe
ARM GAS  /tmp/ccI9r7y4.s 			page 7


 343 0019 1C       		.uleb128 0x1c
 344 001a 0D       		.uleb128 0xd
 345 001b 00       		.byte	0
 346 001c 00       		.byte	0
 347 001d 04       		.uleb128 0x4
 348 001e 05       		.uleb128 0x5
 349 001f 00       		.byte	0
 350 0020 49       		.uleb128 0x49
 351 0021 13       		.uleb128 0x13
 352 0022 00       		.byte	0
 353 0023 00       		.byte	0
 354 0024 05       		.uleb128 0x5
 355 0025 2E       		.uleb128 0x2e
 356 0026 01       		.byte	0x1
 357 0027 3F       		.uleb128 0x3f
 358 0028 19       		.uleb128 0x19
 359 0029 03       		.uleb128 0x3
 360 002a 0E       		.uleb128 0xe
 361 002b 3A       		.uleb128 0x3a
 362 002c 21       		.uleb128 0x21
 363 002d 01       		.sleb128 1
 364 002e 3B       		.uleb128 0x3b
 365 002f 0B       		.uleb128 0xb
 366 0030 39       		.uleb128 0x39
 367 0031 21       		.uleb128 0x21
 368 0032 08       		.sleb128 8
 369 0033 27       		.uleb128 0x27
 370 0034 19       		.uleb128 0x19
 371 0035 3C       		.uleb128 0x3c
 372 0036 19       		.uleb128 0x19
 373 0037 01       		.uleb128 0x1
 374 0038 13       		.uleb128 0x13
 375 0039 00       		.byte	0
 376 003a 00       		.byte	0
 377 003b 06       		.uleb128 0x6
 378 003c 2E       		.uleb128 0x2e
 379 003d 00       		.byte	0
 380 003e 3F       		.uleb128 0x3f
 381 003f 19       		.uleb128 0x19
 382 0040 03       		.uleb128 0x3
 383 0041 0E       		.uleb128 0xe
 384 0042 3A       		.uleb128 0x3a
 385 0043 21       		.uleb128 0x21
 386 0044 02       		.sleb128 2
 387 0045 3B       		.uleb128 0x3b
 388 0046 0B       		.uleb128 0xb
 389 0047 39       		.uleb128 0x39
 390 0048 21       		.uleb128 0x21
 391 0049 06       		.sleb128 6
 392 004a 27       		.uleb128 0x27
 393 004b 19       		.uleb128 0x19
 394 004c 00       		.byte	0
 395 004d 00       		.byte	0
 396 004e 07       		.uleb128 0x7
 397 004f 11       		.uleb128 0x11
 398 0050 01       		.byte	0x1
 399 0051 25       		.uleb128 0x25
ARM GAS  /tmp/ccI9r7y4.s 			page 8


 400 0052 0E       		.uleb128 0xe
 401 0053 13       		.uleb128 0x13
 402 0054 0B       		.uleb128 0xb
 403 0055 03       		.uleb128 0x3
 404 0056 0E       		.uleb128 0xe
 405 0057 1B       		.uleb128 0x1b
 406 0058 0E       		.uleb128 0xe
 407 0059 10       		.uleb128 0x10
 408 005a 17       		.uleb128 0x17
 409 005b 00       		.byte	0
 410 005c 00       		.byte	0
 411 005d 08       		.uleb128 0x8
 412 005e 24       		.uleb128 0x24
 413 005f 00       		.byte	0
 414 0060 0B       		.uleb128 0xb
 415 0061 0B       		.uleb128 0xb
 416 0062 3E       		.uleb128 0x3e
 417 0063 0B       		.uleb128 0xb
 418 0064 03       		.uleb128 0x3
 419 0065 08       		.uleb128 0x8
 420 0066 00       		.byte	0
 421 0067 00       		.byte	0
 422 0068 09       		.uleb128 0x9
 423 0069 16       		.uleb128 0x16
 424 006a 00       		.byte	0
 425 006b 03       		.uleb128 0x3
 426 006c 0E       		.uleb128 0xe
 427 006d 3A       		.uleb128 0x3a
 428 006e 0B       		.uleb128 0xb
 429 006f 3B       		.uleb128 0x3b
 430 0070 0B       		.uleb128 0xb
 431 0071 39       		.uleb128 0x39
 432 0072 0B       		.uleb128 0xb
 433 0073 49       		.uleb128 0x49
 434 0074 13       		.uleb128 0x13
 435 0075 00       		.byte	0
 436 0076 00       		.byte	0
 437 0077 0A       		.uleb128 0xa
 438 0078 04       		.uleb128 0x4
 439 0079 01       		.byte	0x1
 440 007a 3E       		.uleb128 0x3e
 441 007b 0B       		.uleb128 0xb
 442 007c 0B       		.uleb128 0xb
 443 007d 0B       		.uleb128 0xb
 444 007e 49       		.uleb128 0x49
 445 007f 13       		.uleb128 0x13
 446 0080 3A       		.uleb128 0x3a
 447 0081 0B       		.uleb128 0xb
 448 0082 3B       		.uleb128 0x3b
 449 0083 0B       		.uleb128 0xb
 450 0084 39       		.uleb128 0x39
 451 0085 0B       		.uleb128 0xb
 452 0086 01       		.uleb128 0x1
 453 0087 13       		.uleb128 0x13
 454 0088 00       		.byte	0
 455 0089 00       		.byte	0
 456 008a 00       		.byte	0
ARM GAS  /tmp/ccI9r7y4.s 			page 9


 457              		.section	.gnu.debuglto_.debug_line,"e",%progbits
 458              	.Ldebug_line0:
 459 0000 51000000 		.4byte	.LELT0-.LSLT0
 460              	.LSLT0:
 461 0004 0500     		.2byte	0x5
 462 0006 04       		.byte	0x4
 463 0007 00       		.byte	0
 464 0008 49000000 		.4byte	.LELTP0-.LASLTP0
 465              	.LASLTP0:
 466 000c 01       		.byte	0x1
 467 000d 01       		.byte	0x1
 468 000e 01       		.byte	0x1
 469 000f F6       		.byte	0xf6
 470 0010 F2       		.byte	0xf2
 471 0011 0D       		.byte	0xd
 472 0012 00       		.byte	0
 473 0013 01       		.byte	0x1
 474 0014 01       		.byte	0x1
 475 0015 01       		.byte	0x1
 476 0016 01       		.byte	0x1
 477 0017 00       		.byte	0
 478 0018 00       		.byte	0
 479 0019 00       		.byte	0
 480 001a 01       		.byte	0x1
 481 001b 00       		.byte	0
 482 001c 00       		.byte	0
 483 001d 01       		.byte	0x1
 484 001e 01       		.byte	0x1
 485 001f 01       		.uleb128 0x1
 486 0020 1F       		.uleb128 0x1f
 487 0021 05       		.uleb128 0x5
 488 0022 2A000000 		.4byte	.LASF84
 489 0026 0C000000 		.4byte	.LASF85
 490 002a BB000000 		.4byte	.LASF86
 491 002e DB000000 		.4byte	.LASF87
 492 0032 91000000 		.4byte	.LASF88
 493 0036 02       		.byte	0x2
 494 0037 01       		.uleb128 0x1
 495 0038 1F       		.uleb128 0x1f
 496 0039 02       		.uleb128 0x2
 497 003a 0B       		.uleb128 0xb
 498 003b 05       		.uleb128 0x5
 499 003c 5C000000 		.4byte	.LASF89
 500 0040 00       		.byte	0
 501 0041 55000000 		.4byte	.LASF90
 502 0045 03       		.byte	0x3
 503 0046 00000000 		.4byte	.LASF91
 504 004a 02       		.byte	0x2
 505 004b 88000000 		.4byte	.LASF92
 506 004f 04       		.byte	0x4
 507 0050 F9000000 		.4byte	.LASF93
 508 0054 01       		.byte	0x1
 509              	.LELTP0:
 510              	.LELT0:
 511              		.section	.gnu.debuglto_.debug_str,"eMS",%progbits,1
 512              	.LASF64:
 513 0000 444D4132 		.ascii	"DMA2_Stream4_IRQn\000"
ARM GAS  /tmp/ccI9r7y4.s 			page 10


 513      5F537472 
 513      65616D34 
 513      5F495251 
 513      6E00
 514              	.LASF32:
 515 0012 444D4131 		.ascii	"DMA1_Stream3_IRQn\000"
 515      5F537472 
 515      65616D33 
 515      5F495251 
 515      6E00
 516              	.LASF40:
 517 0024 54494D31 		.ascii	"TIM1_TRG_COM_TIM11_IRQn\000"
 517      5F545247 
 517      5F434F4D 
 517      5F54494D 
 517      31315F49 
 518              	.LASF17:
 519 003c 53797354 		.ascii	"SysTick_IRQn\000"
 519      69636B5F 
 519      4952516E 
 519      00
 520              	.LASF28:
 521 0049 45585449 		.ascii	"EXTI4_IRQn\000"
 521      345F4952 
 521      516E00
 522              	.LASF39:
 523 0054 54494D31 		.ascii	"TIM1_UP_TIM10_IRQn\000"
 523      5F55505F 
 523      54494D31 
 523      305F4952 
 523      516E00
 524              	.LASF23:
 525 0067 5243435F 		.ascii	"RCC_IRQn\000"
 525      4952516E 
 525      00
 526              	.LASF44:
 527 0070 54494D34 		.ascii	"TIM4_IRQn\000"
 527      5F495251 
 527      6E00
 528              	.LASF56:
 529 007a 444D4131 		.ascii	"DMA1_Stream7_IRQn\000"
 529      5F537472 
 529      65616D37 
 529      5F495251 
 529      6E00
 530              	.LASF4:
 531 008c 73686F72 		.ascii	"short int\000"
 531      7420696E 
 531      7400
 532              	.LASF29:
 533 0096 444D4131 		.ascii	"DMA1_Stream0_IRQn\000"
 533      5F537472 
 533      65616D30 
 533      5F495251 
 533      6E00
 534              	.LASF68:
 535 00a8 444D4132 		.ascii	"DMA2_Stream7_IRQn\000"
ARM GAS  /tmp/ccI9r7y4.s 			page 11


 535      5F537472 
 535      65616D37 
 535      5F495251 
 535      6E00
 536              	.LASF15:
 537 00ba 44656275 		.ascii	"DebugMonitor_IRQn\000"
 537      674D6F6E 
 537      69746F72 
 537      5F495251 
 537      6E00
 538              	.LASF73:
 539 00cc 53504934 		.ascii	"SPI4_IRQn\000"
 539      5F495251 
 539      6E00
 540              	.LASF66:
 541 00d6 444D4132 		.ascii	"DMA2_Stream5_IRQn\000"
 541      5F537472 
 541      65616D35 
 541      5F495251 
 541      6E00
 542              	.LASF41:
 543 00e8 54494D31 		.ascii	"TIM1_CC_IRQn\000"
 543      5F43435F 
 543      4952516E 
 543      00
 544              	.LASF49:
 545 00f5 53504931 		.ascii	"SPI1_IRQn\000"
 545      5F495251 
 545      6E00
 546              	.LASF61:
 547 00ff 444D4132 		.ascii	"DMA2_Stream1_IRQn\000"
 547      5F537472 
 547      65616D31 
 547      5F495251 
 547      6E00
 548              	.LASF34:
 549 0111 444D4131 		.ascii	"DMA1_Stream5_IRQn\000"
 549      5F537472 
 549      65616D35 
 549      5F495251 
 549      6E00
 550              	.LASF22:
 551 0123 464C4153 		.ascii	"FLASH_IRQn\000"
 551      485F4952 
 551      516E00
 552              	.LASF83:
 553 012e 75696E74 		.ascii	"uint32_t\000"
 553      33325F74 
 553      00
 554              	.LASF13:
 555 0137 55736167 		.ascii	"UsageFault_IRQn\000"
 555      65466175 
 555      6C745F49 
 555      52516E00 
 556              	.LASF69:
 557 0147 55534152 		.ascii	"USART6_IRQn\000"
 557      54365F49 
ARM GAS  /tmp/ccI9r7y4.s 			page 12


 557      52516E00 
 558              	.LASF2:
 559 0153 6C6F6E67 		.ascii	"long double\000"
 559      20646F75 
 559      626C6500 
 560              	.LASF31:
 561 015f 444D4131 		.ascii	"DMA1_Stream2_IRQn\000"
 561      5F537472 
 561      65616D32 
 561      5F495251 
 561      6E00
 562              	.LASF1:
 563 0171 6C6F6E67 		.ascii	"long long int\000"
 563      206C6F6E 
 563      6720696E 
 563      7400
 564              	.LASF9:
 565 017f 6C6F6E67 		.ascii	"long long unsigned int\000"
 565      206C6F6E 
 565      6720756E 
 565      7369676E 
 565      65642069 
 566              	.LASF51:
 567 0196 55534152 		.ascii	"USART1_IRQn\000"
 567      54315F49 
 567      52516E00 
 568              	.LASF81:
 569 01a2 2E2E2F6F 		.ascii	"../os/hal/ports/STM32/STM32F4xx/stm32_isr.c\000"
 569      732F6861 
 569      6C2F706F 
 569      7274732F 
 569      53544D33 
 570              	.LASF18:
 571 01ce 57574447 		.ascii	"WWDG_IRQn\000"
 571      5F495251 
 571      6E00
 572              	.LASF21:
 573 01d8 5254435F 		.ascii	"RTC_WKUP_IRQn\000"
 573      574B5550 
 573      5F495251 
 573      6E00
 574              	.LASF5:
 575 01e6 6C6F6E67 		.ascii	"long int\000"
 575      20696E74 
 575      00
 576              	.LASF76:
 577 01ef 6E766963 		.ascii	"nvicDisableVector\000"
 577      44697361 
 577      626C6556 
 577      6563746F 
 577      7200
 578              	.LASF53:
 579 0201 45585449 		.ascii	"EXTI15_10_IRQn\000"
 579      31355F31 
 579      305F4952 
 579      516E00
 580              	.LASF45:
ARM GAS  /tmp/ccI9r7y4.s 			page 13


 581 0210 49324331 		.ascii	"I2C1_EV_IRQn\000"
 581      5F45565F 
 581      4952516E 
 581      00
 582              	.LASF60:
 583 021d 444D4132 		.ascii	"DMA2_Stream0_IRQn\000"
 583      5F537472 
 583      65616D30 
 583      5F495251 
 583      6E00
 584              	.LASF58:
 585 022f 54494D35 		.ascii	"TIM5_IRQn\000"
 585      5F495251 
 585      6E00
 586              	.LASF42:
 587 0239 54494D32 		.ascii	"TIM2_IRQn\000"
 587      5F495251 
 587      6E00
 588              	.LASF30:
 589 0243 444D4131 		.ascii	"DMA1_Stream1_IRQn\000"
 589      5F537472 
 589      65616D31 
 589      5F495251 
 589      6E00
 590              	.LASF47:
 591 0255 49324332 		.ascii	"I2C2_EV_IRQn\000"
 591      5F45565F 
 591      4952516E 
 591      00
 592              	.LASF6:
 593 0262 756E7369 		.ascii	"unsigned char\000"
 593      676E6564 
 593      20636861 
 593      7200
 594              	.LASF48:
 595 0270 49324332 		.ascii	"I2C2_ER_IRQn\000"
 595      5F45525F 
 595      4952516E 
 595      00
 596              	.LASF79:
 597 027d 69727149 		.ascii	"irqInit\000"
 597      6E697400 
 598              	.LASF77:
 599 0285 6E766963 		.ascii	"nvicEnableVector\000"
 599      456E6162 
 599      6C655665 
 599      63746F72 
 599      00
 600              	.LASF70:
 601 0296 49324333 		.ascii	"I2C3_EV_IRQn\000"
 601      5F45565F 
 601      4952516E 
 601      00
 602              	.LASF3:
 603 02a3 7369676E 		.ascii	"signed char\000"
 603      65642063 
 603      68617200 
ARM GAS  /tmp/ccI9r7y4.s 			page 14


 604              	.LASF38:
 605 02af 54494D31 		.ascii	"TIM1_BRK_TIM9_IRQn\000"
 605      5F42524B 
 605      5F54494D 
 605      395F4952 
 605      516E00
 606              	.LASF71:
 607 02c2 49324333 		.ascii	"I2C3_ER_IRQn\000"
 607      5F45525F 
 607      4952516E 
 607      00
 608              	.LASF26:
 609 02cf 45585449 		.ascii	"EXTI2_IRQn\000"
 609      325F4952 
 609      516E00
 610              	.LASF0:
 611 02da 756E7369 		.ascii	"unsigned int\000"
 611      676E6564 
 611      20696E74 
 611      00
 612              	.LASF24:
 613 02e7 45585449 		.ascii	"EXTI0_IRQn\000"
 613      305F4952 
 613      516E00
 614              	.LASF12:
 615 02f2 42757346 		.ascii	"BusFault_IRQn\000"
 615      61756C74 
 615      5F495251 
 615      6E00
 616              	.LASF20:
 617 0300 54414D50 		.ascii	"TAMP_STAMP_IRQn\000"
 617      5F535441 
 617      4D505F49 
 617      52516E00 
 618              	.LASF80:
 619 0310 474E5520 		.ascii	"GNU C17 13.2.1 20231009 -mcpu=cortex-m4 -mthumb -mf"
 619      43313720 
 619      31332E32 
 619      2E312032 
 619      30323331 
 620 0343 6C6F6174 		.ascii	"loat-abi=soft -march=armv7e-m -ggdb -O2 -fomit-fram"
 620      2D616269 
 620      3D736F66 
 620      74202D6D 
 620      61726368 
 621 0376 652D706F 		.ascii	"e-pointer -falign-functions=16 -ffunction-sections "
 621      696E7465 
 621      72202D66 
 621      616C6967 
 621      6E2D6675 
 622 03a9 2D666461 		.ascii	"-fdata-sections -fno-common -flto\000"
 622      74612D73 
 622      65637469 
 622      6F6E7320 
 622      2D666E6F 
 623              	.LASF14:
 624 03cb 53564361 		.ascii	"SVCall_IRQn\000"
ARM GAS  /tmp/ccI9r7y4.s 			page 15


 624      6C6C5F49 
 624      52516E00 
 625              	.LASF37:
 626 03d7 45585449 		.ascii	"EXTI9_5_IRQn\000"
 626      395F355F 
 626      4952516E 
 626      00
 627              	.LASF7:
 628 03e4 73686F72 		.ascii	"short unsigned int\000"
 628      7420756E 
 628      7369676E 
 628      65642069 
 628      6E7400
 629              	.LASF72:
 630 03f7 4650555F 		.ascii	"FPU_IRQn\000"
 630      4952516E 
 630      00
 631              	.LASF74:
 632 0400 63686172 		.ascii	"char\000"
 632      00
 633              	.LASF67:
 634 0405 444D4132 		.ascii	"DMA2_Stream6_IRQn\000"
 634      5F537472 
 634      65616D36 
 634      5F495251 
 634      6E00
 635              	.LASF25:
 636 0417 45585449 		.ascii	"EXTI1_IRQn\000"
 636      315F4952 
 636      516E00
 637              	.LASF62:
 638 0422 444D4132 		.ascii	"DMA2_Stream2_IRQn\000"
 638      5F537472 
 638      65616D32 
 638      5F495251 
 638      6E00
 639              	.LASF59:
 640 0434 53504933 		.ascii	"SPI3_IRQn\000"
 640      5F495251 
 640      6E00
 641              	.LASF63:
 642 043e 444D4132 		.ascii	"DMA2_Stream3_IRQn\000"
 642      5F537472 
 642      65616D33 
 642      5F495251 
 642      6E00
 643              	.LASF65:
 644 0450 4F54475F 		.ascii	"OTG_FS_IRQn\000"
 644      46535F49 
 644      52516E00 
 645              	.LASF75:
 646 045c 5F426F6F 		.ascii	"_Bool\000"
 646      6C00
 647              	.LASF36:
 648 0462 4144435F 		.ascii	"ADC_IRQn\000"
 648      4952516E 
 648      00
ARM GAS  /tmp/ccI9r7y4.s 			page 16


 649              	.LASF8:
 650 046b 6C6F6E67 		.ascii	"long unsigned int\000"
 650      20756E73 
 650      69676E65 
 650      6420696E 
 650      7400
 651              	.LASF11:
 652 047d 4D656D6F 		.ascii	"MemoryManagement_IRQn\000"
 652      72794D61 
 652      6E616765 
 652      6D656E74 
 652      5F495251 
 653              	.LASF35:
 654 0493 444D4131 		.ascii	"DMA1_Stream6_IRQn\000"
 654      5F537472 
 654      65616D36 
 654      5F495251 
 654      6E00
 655              	.LASF10:
 656 04a5 4E6F6E4D 		.ascii	"NonMaskableInt_IRQn\000"
 656      61736B61 
 656      626C6549 
 656      6E745F49 
 656      52516E00 
 657              	.LASF19:
 658 04b9 5056445F 		.ascii	"PVD_IRQn\000"
 658      4952516E 
 658      00
 659              	.LASF33:
 660 04c2 444D4131 		.ascii	"DMA1_Stream4_IRQn\000"
 660      5F537472 
 660      65616D34 
 660      5F495251 
 660      6E00
 661              	.LASF52:
 662 04d4 55534152 		.ascii	"USART2_IRQn\000"
 662      54325F49 
 662      52516E00 
 663              	.LASF57:
 664 04e0 5344494F 		.ascii	"SDIO_IRQn\000"
 664      5F495251 
 664      6E00
 665              	.LASF27:
 666 04ea 45585449 		.ascii	"EXTI3_IRQn\000"
 666      335F4952 
 666      516E00
 667              	.LASF78:
 668 04f5 69727144 		.ascii	"irqDeinit\000"
 668      65696E69 
 668      7400
 669              	.LASF50:
 670 04ff 53504932 		.ascii	"SPI2_IRQn\000"
 670      5F495251 
 670      6E00
 671              	.LASF54:
 672 0509 5254435F 		.ascii	"RTC_Alarm_IRQn\000"
 672      416C6172 
ARM GAS  /tmp/ccI9r7y4.s 			page 17


 672      6D5F4952 
 672      516E00
 673              	.LASF55:
 674 0518 4F54475F 		.ascii	"OTG_FS_WKUP_IRQn\000"
 674      46535F57 
 674      4B55505F 
 674      4952516E 
 674      00
 675              	.LASF46:
 676 0529 49324331 		.ascii	"I2C1_ER_IRQn\000"
 676      5F45525F 
 676      4952516E 
 676      00
 677              	.LASF43:
 678 0536 54494D33 		.ascii	"TIM3_IRQn\000"
 678      5F495251 
 678      6E00
 679              	.LASF16:
 680 0540 50656E64 		.ascii	"PendSV_IRQn\000"
 680      53565F49 
 680      52516E00 
 681              	.LASF82:
 682 054c 2F686F6D 		.ascii	"/home/mayank/chibios-workspace/ChibiOS/app\000"
 682      652F6D61 
 682      79616E6B 
 682      2F636869 
 682      62696F73 
 683              		.section	.gnu.debuglto_.debug_line_str,"eMS",%progbits,1
 684              	.LASF91:
 685 0000 73746D33 		.ascii	"stm32_isr.c\000"
 685      325F6973 
 685      722E6300 
 686              	.LASF85:
 687 000c 2E2E2F6F 		.ascii	"../os/common/ext/ST/STM32F4xx\000"
 687      732F636F 
 687      6D6D6F6E 
 687      2F657874 
 687      2F53542F 
 688              	.LASF84:
 689 002a 2F686F6D 		.ascii	"/home/mayank/chibios-workspace/ChibiOS/app\000"
 689      652F6D61 
 689      79616E6B 
 689      2F636869 
 689      62696F73 
 690              	.LASF90:
 691 0055 6E766963 		.ascii	"nvic.h\000"
 691      2E6800
 692              	.LASF89:
 693 005c 2E2E2F6F 		.ascii	"../os/hal/ports/STM32/STM32F4xx/stm32_isr.c\000"
 693      732F6861 
 693      6C2F706F 
 693      7274732F 
 693      53544D33 
 694              	.LASF92:
 695 0088 73746469 		.ascii	"stdint.h\000"
 695      6E742E68 
 695      00
ARM GAS  /tmp/ccI9r7y4.s 			page 18


 696              	.LASF88:
 697 0091 2F757372 		.ascii	"/usr/lib/gcc/arm-none-eabi/13.2.1/include\000"
 697      2F6C6962 
 697      2F676363 
 697      2F61726D 
 697      2D6E6F6E 
 698              	.LASF86:
 699 00bb 2E2E2F6F 		.ascii	"../os/hal/ports/STM32/STM32F4xx\000"
 699      732F6861 
 699      6C2F706F 
 699      7274732F 
 699      53544D33 
 700              	.LASF87:
 701 00db 2E2E2F6F 		.ascii	"../os/hal/ports/common/ARMCMx\000"
 701      732F6861 
 701      6C2F706F 
 701      7274732F 
 701      636F6D6D 
 702              	.LASF93:
 703 00f9 73746D33 		.ascii	"stm32f401xc.h\000"
 703      32663430 
 703      3178632E 
 703      6800
 704              		.text
 705              		.section	.gnu.lto_.profile.71493d810b788176,"e",%progbits
 706 0000 789C6362 		.ascii	"x\234cb\000\001\000\000\022\000\003"
 706      00010000 
 706      120003
 707              		.text
 708              		.section	.gnu.lto_.icf.71493d810b788176,"e",%progbits
 709 0000 789C1360 		.ascii	"x\234\023`@\000&\206\366-\337_130\236\375\270\3659#"
 709      40002686 
 709      F62DDF5F 
 709      3133309E 
 709      FDB8F539 
 710 0015 0303003A 		.ascii	"\003\003\000:\263\006\216"
 710      B3068E
 711              		.text
 712              		.section	.gnu.lto_.ipa_sra.71493d810b788176,"e",%progbits
 713 0000 789C5361 		.ascii	"x\234Sa@\000&\006\006FT\310\210.\300\000\000\010b\000"
 713      40002606 
 713      064654C8 
 713      882EC000 
 713      00086200 
 714 0014 38       		.ascii	"8"
 715              		.text
 716              		.section	.gnu.lto_.inline.71493d810b788176,"e",%progbits
 717 0000 789C3BC1 		.ascii	"x\234;\301\200\000L\014\014\022\015\015\0157\2302\031"
 717      80004C0C 
 717      0C120D0D 
 717      0D379832 
 717      19
 718 0011 C19C4620 		.ascii	"\301\234F \247\216\201\201\015H50\2450\201\204\030\030"
 718      A78E8181 
 718      0D483530 
 718      A5308184 
 718      1818
ARM GAS  /tmp/ccI9r7y4.s 			page 19


 719 0023 9879202A 		.ascii	"\230y *)c12\010\002\015\335\203\327&&n\260B\222i\006"
 719      29633132 
 719      08020DDD 
 719      83D72626 
 719      6EB04292 
 720 0039 00DF9311 		.ascii	"\000\337\223\021\034"
 720      1C
 721              		.text
 722              		.section	.gnu.lto_.jmpfuncs.71493d810b788176,"e",%progbits
 723 0000 789C758F 		.ascii	"x\234u\217\355\011\2000\014D\373\202T\353\002]\241#"
 723      ED098030 
 723      0C44FB82 
 723      54EB025D 
 723      A123
 724 0012 B98D6BF9 		.ascii	"\271\215k\371\215\243Y#H,6\220\037\367.\220\273\001"
 724      8DA35923 
 724      482C3690 
 724      1FF72E90 
 724      BB01
 725 0024 F78EE46D 		.ascii	"\367\216\344m\304\217$\307\331\220\362f\230\265W\355"
 725      C48F24C7 
 725      D990F266 
 725      98B557ED 
 726 0034 55EB4154 		.ascii	"U\353AT\020\237\003fJ\277W\320W\375\240 T\375NAW\365"
 726      109F0366 
 726      4ABF57D0 
 726      57FDA020 
 726      54FD4E41 
 727 004a 5B05EDBF 		.ascii	"[\005\355\277\377\325\205\274\2110a\033\012\013\266"
 727      FFD585BC 
 727      8930611B 
 727      0A0BB6
 728 0059 90B0620B 		.ascii	"\220\260b\013\010\0336\260\260c\003\012\0076P\361\322"
 728      081B36B0 
 728      B063030A 
 728      073650F1 
 728      D2
 729 006a 5D50FD30 		.ascii	"]P\3750i"
 729      69
 730              		.text
 731              		.section	.gnu.lto_.pureconst.71493d810b788176,"e",%progbits
 732 0000 789C6367 		.ascii	"x\234cg```b\230\301\3028\203\005\000\004\245\001C"
 732      60606062 
 732      98C1C238 
 732      83050004 
 732      A50143
 733              		.text
 734              		.section	.gnu.lto_.ipa_modref.71493d810b788176,"e",%progbits
 735 0000 789C1363 		.ascii	"x\234\023c@\000&\004\223\021\301\004\000\003E\000\032"
 735      40002604 
 735      9311C104 
 735      00034500 
 735      1A
 736              		.text
 737              		.section	.gnu.lto_.lto.71493d810b788176,"e",%progbits
 738 0000 0D000000 		.ascii	"\015\000\000\000\001\000\000\000"
 738      01000000 
ARM GAS  /tmp/ccI9r7y4.s 			page 20


 739              		.text
 740              		.section	.gnu.lto_irqInit.328.71493d810b788176,"e",%progbits
 741 0000 789C3361 		.ascii	"x\2343ad`\210b``P\006bFf\006\306I\023\273\230\030\032"
 741      64608862 
 741      60605006 
 741      62466606 
 741      C64913BB 
 742 0017 1A1A1CD8 		.ascii	"\032\032\034\330\231\030\033'v\0112\356d\004\363\030"
 742      99181B27 
 742      760932EE 
 742      6404F318 
 743 0027 19EA9918 		.ascii	"\031\352\231\030\353\031\3270\353\003\271?\272\327O"
 743      EB19D730 
 743      EB03B93F 
 743      BAD74F
 744 0036 F06F5871 		.ascii	"\360oXq\200\361\015\003C=\003\024pC\330@\363\030\326"
 744      80F10D03 
 744      433D0314 
 744      7043D840 
 744      F318D6
 745 0049 5F627DD0 		.ascii	"_b}\320\360\343\377\374\206\206\256n\306\333{\2318\031"
 745      F0E3FFFC 
 745      8686AE6E 
 745      C6DB7B99 
 745      3819
 746 005b 18563283 		.ascii	"\030V2\203Lm`adX\305\314\004a5\036`\370\317\324\360"
 746      4C6D6061 
 746      6458C5CC 
 746      0461351E 
 746      60F8CFD4 
 747 0070 68ED3C66 		.ascii	"h\355<f\206V\346V\005\206.F\246\332j\006\006\266JF6"
 747      8656E656 
 747      05862E46 
 747      A6DA6A06 
 747      06B64A46 
 748 0085 C6DD8C4C 		.ascii	"\306\335\214L,`\331\015r\350\222\354\010\311-\030\222"
 748      2C60D90D 
 748      72E892EC 
 748      08C92D18 
 748      92
 749 0096 1C08C91D 		.ascii	"\034\010\311\035\030\222\234\010\311=\030\222\\\010"
 749      18929C08 
 749      C93D1892 
 749      5C08
 750 00a4 C9071892 		.ascii	"\311\007\030\222\342\010\311'\030\222\032\020\311v\346"
 750      E208C927 
 750      18921A10 
 750      C976E6
 751 00b3 A6076FE7 		.ascii	"\246\007o\3471\202\303b%3#\304\217\015\007\200<m\375"
 751      3182C362 
 751      253323C4 
 751      8F0D0780 
 751      3C6DFD
 752 00c6 8CFCDC54 		.ascii	"\214\374\334T\375\334\304\312\304\274l\375\344\214\314"
 752      FDDCC4CA 
 752      C4BC6CFD 
 752      E48CCC
ARM GAS  /tmp/ccI9r7y4.s 			page 21


 753 00d5 A4CCFC62 		.ascii	"\244\314\374b\335\362\374\242\354\342\202\304\344T}"
 753      DDF2FCA2 
 753      ECE282C4 
 753      E4547D
 754 00e4 6790887F 		.ascii	"g\220\210\177\260~bA\001\203\216\236\236~~\261~Fb\216"
 754      B07E6241 
 754      01838E9E 
 754      9E7E7EB1 
 754      7E46628E 
 755 00f8 7E417E51 		.ascii	"~A~QI\261~p\210\257\261\021\204t3\251\250\320/.\311"
 755      49B17E70 
 755      88AFB111 
 755      847433A9 
 755      A8D02F2E 
 756 010d 35368ACF 		.ascii	"56\212\317,.\322Kf\000\000\303+{F"
 756      2C2ED24B 
 756      660000C3 
 756      2B7B46
 757              		.text
 758              		.section	.gnu.lto_irqDeinit.329.71493d810b788176,"e",%progbits
 759 0000 789C9367 		.ascii	"x\234\223gd`\210b``P\006bFf\006\306I\023\273\230\030"
 759      64608862 
 759      60605006 
 759      62466606 
 759      C64913BB 
 760 0016 1A1A1A1C 		.ascii	"\032\032\032\034\330\231\030\033'v\0112\356d\004\363"
 760      D899181B 
 760      27760932 
 760      EE6404F3 
 761 0026 1819EA99 		.ascii	"\030\031\352\231\030\353\031\3270\353\003\271?\272\327"
 761      18EB19D7 
 761      30EB03B9 
 761      3FBAD7
 762 0035 5FF16F58 		.ascii	"_\361oXq\200\361\015\003C=\003\024pC\330@\363\030\326"
 762      7180F10D 
 762      03433D03 
 762      147043D8 
 762      40F318D6 
 763 0049 5F627DD0 		.ascii	"_b}\320\360\343\377\374\206\206S\335\214\257\3673q2"
 763      F0E3FFFC 
 763      868653DD 
 763      8CAFF733 
 763      7132
 764 005b 30AC6406 		.ascii	"0\254d\006\231\332\300\302\310\260\212\231\011\302j"
 764      99DAC0C2 
 764      C8B08A99 
 764      09C26A
 765 006a 3CC0F09F 		.ascii	"<\300\360\237\251\341\321\326\371\314\014\255\314-\012"
 765      A9E1D1D6 
 765      F9CC0CAD 
 765      CC2D0A
 766 0079 0C5D8C4C 		.ascii	"\014]\214L\265\325\014\014l\225\214lL,`\251\035\362"
 766      B5D50C0C 
 766      6C958C6C 
 766      4C2C60A9 
 766      1DF2
 767 008b E832EC50 		.ascii	"\3502\354P\231=\0302\034P\231\007\0302\234P\231'\030"
ARM GAS  /tmp/ccI9r7y4.s 			page 22


 767      993D1832 
 767      1C509907 
 767      18329C50 
 767      992718
 768 009e 325C5099 		.ascii	"2\\P\231\027\0302\342P\2317\0302\032@\231v\346\246\007"
 768      171832E2 
 768      50993718 
 768      321A4099 
 768      76E6A607 
 769 00b2 5FE73382 		.ascii	"_\3473\202\275\275\222\231\021\342\235\206\003@\236"
 769      BDBD9299 
 769      11E29D86 
 769      03409E
 770 00c1 B67E467E 		.ascii	"\266~F~n\252~nbeb^\266~rFfRf~\261ny~QvqAbr\252\2763"
 770      6EAA7E6E 
 770      6265625E 
 770      B67E7246 
 770      6652667E 
 771 00e2 48C43F58 		.ascii	"H\304?X?\261\240\200AGOO?\277X?#1G\277 \277\250\244"
 771      3FB1A080 
 771      41474F4F 
 771      3FBF583F 
 771      233147BF 
 772 00fa 583F38C4 		.ascii	"X?8\304\327\330\010B\272\231TT\350\027\227\344\032\033"
 772      D7D80842 
 772      BA995454 
 772      E81797E4 
 772      1A1B
 773 010c C5671617 		.ascii	"\305g\026\027\351%3\000\000\242\261w\035"
 773      E9253300 
 773      00A2B177 
 773      1D
 774              		.text
 775              		.section	.gnu.lto_.symbol_nodes.71493d810b788176,"e",%progbits
 776 0000 789C758C 		.ascii	"x\234u\214\313\015\200 \020\005\337.D\312\260\031\373"
 776      CB0D8020 
 776      1005DF2E 
 776      44CAB019 
 776      FB
 777 0011 5A62B600 		.ascii	"Zb\266\000\352\361\314\301ObK\212D\330\213\276\323\344"
 777      EAF1CCC1 
 777      4F624B8A 
 777      44D88BBE 
 777      D3E4
 778 0023 4D329E00 		.ascii	"M2\236\000\360\312B\261\314S:\001\001\2264\363#6\026"
 778      F0CA42B1 
 778      CC533A01 
 778      019634F3 
 778      233616
 779 0036 FE12B4B3 		.ascii	"\376\022\264\263\270\353\335X%\020S\254\356`\361?\316"
 779      B8EBDD58 
 779      251053AC 
 779      EE60F13F 
 779      CE
 780 0047 E1CD4D9D 		.ascii	"\341\315M\235\224:fC\035\3545\324`op\344Z\253Qi5\314"
 780      943A6643 
 780      1DEC35D4 
ARM GAS  /tmp/ccI9r7y4.s 			page 23


 780      606F70E4 
 780      5AAB5169 
 781 005d 86A5D55F 		.ascii	"\206\245\325_C\265@\016\270\001\305\237K\272"
 781      43B5400E 
 781      B801C59F 
 781      4BBA
 782              		.text
 783              		.section	.gnu.lto_.refs.71493d810b788176,"e",%progbits
 784 0000 789C6364 		.ascii	"x\234cd\000\002\000\000\012\000\002"
 784      00020000 
 784      0A0002
 785              		.text
 786              		.section	.gnu.lto_.decls.71493d810b788176,"e",%progbits
 787 0000 789C9552 		.ascii	"x\234\225R_hSg\024\377\316\3555\275\251\325&\333\212"
 787      5F685367 
 787      14FFCEED 
 787      35BDA9D5 
 787      26DB8A
 788 0013 3EF81005 		.ascii	">\370\020\005\261\3205\027\2653\363mR\235\370P\025\377"
 788      B1D03517 
 788      B533F36D 
 788      529DF850 
 788      15FF
 789 0025 0CDF66BC 		.ascii	"\014\337f\274\013\364\242\311\315\222\314uo\347\246"
 789      0BF4A2C9 
 789      CD92CC75 
 789      6FE7A6
 790 0034 31466848 		.ascii	"1FhH\356\020\255A\364z-{\232P6aU\253\271&i\251\375\203"
 790      EE10AD41 
 790      F47A2D7B 
 790      9A503661 
 790      55ABB926 
 791 004c EDAC3A1C 		.ascii	"\355\254:\034\033\2422\212\2530h\037D\234\363|\311E"
 791      1BA2328A 
 791      AB30681F 
 791      449CF37C 
 791      C945
 792 005e 477DF283 		.ascii	"G}\362\203\337\367\347\234\337\371\235s\3579\353\352"
 792      DFF7E79C 
 792      DFF99D73 
 792      EF39EBEA 
 793 006e 185B038C 		.ascii	"\030[\003\214\035`\214\375G\213\236\354>a\011\241H\030"
 793      1D608CFD 
 793      478B9EEC 
 793      3E6109A1 
 793      4818
 794 0080 218C1226 		.ascii	"!\214\022&\011\323\204,\324|\334\376\253c\347\274\011"
 794      09D3842C 
 794      D47CDCFE 
 794      AB63E7BC 
 794      09
 795 0091 82E1F838 		.ascii	"\202\341\3708\377\216\303\347\276)\202\253\005\270|"
 795      FF8EC3E7 
 795      BE2982AB 
 795      05B87C
 796 00a0 139D4C12 		.ascii	"\023\235L\022\330'X]\245\025\354\032\005\321\0124J\235"
 796      D827585D 
ARM GAS  /tmp/ccI9r7y4.s 			page 24


 796      A515EC1A 
 796      05D10A34 
 796      4A9D
 797 00b2 CCF52188 		.ascii	"\314\365!\210\256f\360\211\302\334\314\304\313\245M"
 797      AE66F089 
 797      C2DCCCC4 
 797      CBA54D
 798 00c1 36E273C4 		.ascii	"6\342s\304\023\037\260\"\334\000v\035Z\206\340*\\\001"
 798      131FB022 
 798      DC00761D 
 798      5A86E02A 
 798      5C01
 799 00d3 51F8F771 		.ascii	"Q\370\367q\256\3248\017\244\220A[\257Hh\245\262\230"
 799      AED4380F 
 799      A490415B 
 799      AF4868A5 
 799      B298
 800 00e5 C68A0E7D 		.ascii	"\306\212\016}8\210\346\345\336l]\301\252dt\"\254\264"
 800      3888E6E5 
 800      DE6C5DC1 
 800      AA647422 
 800      ACB4
 801 00f7 7A06B130 		.ascii	"z\006\2610p\260P\300\336\322\205\014\232\000I2\333\272"
 801      70B050C0 
 801      DED2850C 
 801      9A004932 
 801      DBBA
 802 0109 AB400731 		.ascii	"\253@\0071zW\342Y^K\272\327\004\275V\026.\303\313\210"
 802      7A57E259 
 802      5E4BBAD7 
 802      04BD5616 
 802      2EC3CB88 
 803 011d 3D045F21 		.ascii	"=\004_!5`\353\230\302)0/\246\311s\220\220\327\377\322"
 803      3560EB98 
 803      C229302F 
 803      A6C97390 
 803      90D7FFD2 
 804 0131 8F2FFB47 		.ascii	"\217/\373G\237\305\323\311\331\274\257\007y\2424B\237"
 804      9FC5D3C9 
 804      D9BCAF07 
 804      79A23442 
 804      9F
 805 0142 490C3B8D 		.ascii	"I\014;\215\202\205e4\360lvy\322\032\314\352\311\224"
 805      82856534 
 805      F06C7679 
 805      D21ACCEA 
 805      C994
 806 0154 94B7EC8C 		.ascii	"\224\267\354\214aV\320\243?\032\316\350\026\242\347"
 806      6156D0A3 
 806      3F1ACEE8 
 806      16A2E7
 807 0163 7B934A27 		.ascii	"{\223J'xu^'\301c\320\226\267+\350\325S\224\303L\241"
 807      78755E27 
 807      C163D096 
 807      B72BE8D5 
 807      5394C34C 
 808 0178 174B7626 		.ascii	"\027Kv&\217v&\312\3132\310\002\234c\240\215\036\243"
ARM GAS  /tmp/ccI9r7y4.s 			page 25


 808      8F7626CA 
 808      CB32C802 
 808      9C63A08D 
 808      1EA3
 809 018a 669174D3 		.ascii	"f\221t\323\316`?\005]\240\013\367z\215\207\224!\311"
 809      CE603F05 
 809      5DA00BF7 
 809      7A8D8794 
 809      21C9
 810 019c 2F5C142D 		.ascii	"/\\\024-\033\217!J\325\177\\\3736\3019%QX\230\275^l"
 810      1B8F214A 
 810      D57F5CFB 
 810      36C13925 
 810      515898BD 
 811 01b2 58E0BF71 		.ascii	"X\340\277q6ko\346\024`\315\371\317\030\340G\036I\343"
 811      366B6FE6 
 811      1460CDF9 
 811      CF18E047 
 811      1E49E3
 812 01c5 ED10A81D 		.ascii	"\355\020\250\035\036Q\370\355\324\275\237a\025\361\026"
 812      1E51F8ED 
 812      D4BD9F61 
 812      15F116
 813 01d4 105BE6D8 		.ascii	"\020[\346\3300T\250k#\300\346)D\024JOse\261\245\257"
 813      3054A86B 
 813      23C0E629 
 813      44144A4F 
 813      7365B1A5 
 814 01e9 0F9F1773 		.ascii	"\017\237\027s\343\307\276zl\037\307\3350\002e\030\252"
 814      E3C7BE7A 
 814      6C1FC7DD 
 814      30026518 
 814      AA
 815 01fa F6B60CAC 		.ascii	"\366\266\014\254\0047!P\024\245) \372\357\303C\1776"
 815      04372150 
 815      14A52920 
 815      FAEFC343 
 815      7F36
 816 020c 71FAC04C 		.ascii	"q\372\300L.\207>\336\015i\004F\035\366\250\303\276\""
 816      2E873EDE 
 816      0D690446 
 816      1DF6A8C3 
 816      BE22
 817 021e 4A0F38FB 		.ascii	"J\0178\373\314\330\370\217unr\3300O\317\273\177\277"
 817      CCD8F88F 
 817      756E72D8 
 817      304FCFBB 
 817      7FBF
 818 0230 38EFAE3D 		.ascii	"8\357\256=\307i\020\356\366\377\360\244~qa\223\300&"
 818      C76910EE 
 818      F6FFF0A4 
 818      7E716193 
 818      C026
 819 0242 8017F6CB 		.ascii	"\200\027\366\313O\345?(\023M\321\334\271\241t\3439,"
 819      4FE53F28 
 819      134DD1DC 
 819      B9A174E3 
ARM GAS  /tmp/ccI9r7y4.s 			page 26


 819      392C
 820 0254 099330E6 		.ascii	"\011\2230\346$\032\343{\240_\224\014\341\3354\243/\236"
 820      241AE37B 
 820      A05F940C 
 820      E1DD34A3 
 820      2F9E
 821 0266 9D6A58AC 		.ascii	"\235jX\254;\015l\252\252;x\353\325-\027\327\035\270"
 821      3B0D6CAA 
 821      AA3B78EB 
 821      D52D17D7 
 821      1DB8
 822 0278 91CEE16A 		.ascii	"\221\316\341ja\032n;\242\267\253\242'EQ\260\236b\241"
 822      611A6E3B 
 822      A2B7ABA2 
 822      274551B0 
 822      9E62A1
 823 028b DE5B9D60 		.ascii	"\336[\235`;\345\236\204\352\010\263;\325\370G\227n>"
 823      3BE59E84 
 823      EA08B33B 
 823      D5F84797 
 823      6E3E
 824 029d 8037BE69 		.ascii	"\2007\276i\3077\303c[\375~Y\213\313]\301#rT\213%\342"
 824      C737C363 
 824      5BFD7E59 
 824      8BCB5DC1 
 824      2372548B 
 825 02b3 F2DE7D9D 		.ascii	"\362\336}\235\0337\324\366\317\333\273\273\345x\"\274"
 825      1B37D4F6 
 825      CFDBBBBB 
 825      E57822BC 
 826 02c3 71C3976A 		.ascii	"q\303\227j<\346W\244\355;\367\373:\326\007X\363\377"
 826      3CE657A4 
 826      ED3BF7FB 
 826      3AD60758 
 826      F3FF
 827 02d5 8CFE4F15 		.ascii	"\214\376O\025\245]Q6)L\372F\215$\310\234\250[\277\211"
 827      A55D5136 
 827      294CFA46 
 827      8D24C89C 
 827      A85BBF89 
 828 02e9 B983B1F0 		.ascii	"\271\203\261\360\321@\250-\314\032\024\322\015u\267"
 828      D140A82D 
 828      CC1A14D2 
 828      0D75B7
 829 02f8 85DB59BD 		.ascii	"\205\333Y\275\032\373zGDM\264\312]Z8$\207\203\337\005"
 829      1AFB7A47 
 829      444DB4CA 
 829      5D5A3824 
 829      8783DF05 
 830 030c 238765A5 		.ascii	"#\207e\245K=\244j\361\266o\265\330\341x4\250\204\344"
 830      4B3DA46A 
 830      F1B66FB5 
 830      D8E17834 
 830      A884E4
 831 031f 0E6ED9B5 		.ascii	"\016n\331\265W\016F\243\354\343\367(\220\271)\301\326"
 831      570E46A3 
 831      ECE3F728 
ARM GAS  /tmp/ccI9r7y4.s 			page 27


 831      90B929C1 
 831      D6
 832 0330 904A293C 		.ascii	"\220J)<\221\243\252\262-\022<t$\364EHIh\261\265\213"
 832      91A3AAB2 
 832      2D123C74 
 832      24F44548 
 832      4968B1B5 
 833 0345 75142D1C 		.ascii	"u\024-\034\326\"\362\226=\235\035\235\3352\247\373\273"
 833      D622F296 
 833      3D9D1D9D 
 833      DD32A7FB 
 833      BB
 834 0356 98979F5B 		.ascii	"\230\227\237[\325\370\333\270\327\367y\272\004"
 834      D5F8DBB8 
 834      D7F779BA 
 834      04
 835              		.text
 836              		.section	.gnu.lto_.symtab.71493d810b788176,"e",%progbits
 837 0000 69727149 		.ascii	"irqInit\000"
 837      6E697400 
 838 0008 00       		.ascii	"\000"
 839 0009 00       		.ascii	"\000"
 840 000a 00       		.ascii	"\000"
 841 000b 00000000 		.ascii	"\000\000\000\000\000\000\000\000"
 841      00000000 
 842 0013 C6000000 		.ascii	"\306\000\000\000"
 843 0017 69727144 		.ascii	"irqDeinit\000"
 843      65696E69 
 843      7400
 844 0021 00       		.ascii	"\000"
 845 0022 00       		.ascii	"\000"
 846 0023 00       		.ascii	"\000"
 847 0024 00000000 		.ascii	"\000\000\000\000\000\000\000\000"
 847      00000000 
 848 002c C8000000 		.ascii	"\310\000\000\000"
 849 0030 6E766963 		.ascii	"nvicEnableVector\000"
 849      456E6162 
 849      6C655665 
 849      63746F72 
 849      00
 850 0041 00       		.ascii	"\000"
 851 0042 02       		.ascii	"\002"
 852 0043 00       		.ascii	"\000"
 853 0044 00000000 		.ascii	"\000\000\000\000\000\000\000\000"
 853      00000000 
 854 004c CD000000 		.ascii	"\315\000\000\000"
 855 0050 6E766963 		.ascii	"nvicDisableVector\000"
 855      44697361 
 855      626C6556 
 855      6563746F 
 855      7200
 856 0062 00       		.ascii	"\000"
 857 0063 02       		.ascii	"\002"
 858 0064 00       		.ascii	"\000"
 859 0065 00000000 		.ascii	"\000\000\000\000\000\000\000\000"
 859      00000000 
 860 006d D1000000 		.ascii	"\321\000\000\000"
ARM GAS  /tmp/ccI9r7y4.s 			page 28


 861              		.text
 862              		.section	.gnu.lto_.ext_symtab.71493d810b788176,"e",%progbits
 863 0000 01       		.ascii	"\001"
 864 0001 01       		.ascii	"\001"
 865 0002 00       		.ascii	"\000"
 866 0003 01       		.ascii	"\001"
 867 0004 00       		.ascii	"\000"
 868 0005 01       		.ascii	"\001"
 869 0006 00       		.ascii	"\000"
 870 0007 01       		.ascii	"\001"
 871 0008 00       		.ascii	"\000"
 872              		.text
 873              		.section	.gnu.lto_.opts,"e",%progbits
 874 0000 272D666E 		.ascii	"'-fno-openmp' '-fno-openacc' '-fno-pie' '-fcf-prote"
 874      6F2D6F70 
 874      656E6D70 
 874      2720272D 
 874      666E6F2D 
 875 0033 6374696F 		.ascii	"ction=none' '-g' '-mcpu=cortex-m4' '-mthumb' '-mflo"
 875      6E3D6E6F 
 875      6E652720 
 875      272D6727 
 875      20272D6D 
 876 0066 61742D61 		.ascii	"at-abi=soft' '-mlibarch=armv7e-m' '-march=armv7e-m'"
 876      62693D73 
 876      6F667427 
 876      20272D6D 
 876      6C696261 
 877 0099 20272D4F 		.ascii	" '-O2' '-fomit-frame-pointer' '-falign-functions=16"
 877      32272027 
 877      2D666F6D 
 877      69742D66 
 877      72616D65 
 878 00cc 2720272D 		.ascii	"' '-ffunction-sections' '-fdata-sections' '-fno-com"
 878      6666756E 
 878      6374696F 
 878      6E2D7365 
 878      6374696F 
 879 00ff 6D6F6E27 		.ascii	"mon' '-flto' '-Xassembler' '-alms=./build/lst/stm32"
 879      20272D66 
 879      6C746F27 
 879      20272D58 
 879      61737365 
 880 0132 5F697372 		.ascii	"_isr.lst'\000"
 880      2E6C7374 
 880      2700
 881              		.text
 882              		.comm	__gnu_lto_slim,1,1
 883              		.ident	"GCC: (15:13.2.rel1-2) 13.2.1 20231009"
ARM GAS  /tmp/ccI9r7y4.s 			page 29


DEFINED SYMBOLS
                            *ABS*:00000000 stm32_isr.c
     /tmp/ccI9r7y4.s:22     .gnu.debuglto_.debug_info:00000000 stm32_isr.c.8cc4cc6c
                            *COM*:00000001 __gnu_lto_slim

NO UNDEFINED SYMBOLS
