ARM GAS  /tmp/cclw9pZA.s 			page 1


   1              		.cpu cortex-m4
   2              		.arch armv7e-m
   3              		.fpu softvfp
   4              		.eabi_attribute 20, 1
   5              		.eabi_attribute 21, 1
   6              		.eabi_attribute 23, 3
   7              		.eabi_attribute 24, 1
   8              		.eabi_attribute 25, 1
   9              		.eabi_attribute 26, 1
  10              		.eabi_attribute 30, 2
  11              		.eabi_attribute 34, 1
  12              		.eabi_attribute 18, 4
  13              		.file	"board.c"
  14              		.file 1 "/usr/lib/gcc/arm-none-eabi/13.2.1/include/stdint.h"
  15              		.file 2 "../../../os/common/ext/ST/STM32F4xx/stm32f407xx.h"
  16              		.file 3 "../../../os/hal/ports/STM32/LLD/GPIOv2/stm32_gpio.h"
  17              		.file 4 "../../../os/hal/boards/ST_STM32F4_DISCOVERY/board.c"
  18              		.file 5 "../../../os/hal/ports/STM32/STM32F4xx/hal_lld_type1.h"
  19              		.section	.gnu.debuglto_.debug_info,"e",%progbits
  20              	.Ldebug_info0:
  21              		.hidden	board.c.d0a6fddc
  22              		.weak	board.c.d0a6fddc
  23              	board.c.d0a6fddc:
  24 0000 5C040000 		.4byte	0x45c
  25 0004 0500     		.2byte	0x5
  26 0006 01       		.byte	0x1
  27 0007 04       		.byte	0x4
  28 0008 00000000 		.4byte	.Ldebug_abbrev0
  29 000c 0D       		.uleb128 0xd
  30 000d 20010000 		.4byte	.LASF73
  31 0011 1D       		.byte	0x1d
  32 0012 EF010000 		.4byte	.LASF74
  33 0016 8B020000 		.4byte	.LASF75
  34 001a 00000000 		.4byte	.Ldebug_line0
  35 001e 0E       		.uleb128 0xe
  36 001f 04       		.byte	0x4
  37 0020 05       		.byte	0x5
  38 0021 696E7400 		.ascii	"int\000"
  39 0025 03       		.uleb128 0x3
  40 0026 04       		.byte	0x4
  41 0027 07       		.byte	0x7
  42 0028 D2030000 		.4byte	.LASF0
  43 002c 03       		.uleb128 0x3
  44 002d 08       		.byte	0x8
  45 002e 05       		.byte	0x5
  46 002f B2000000 		.4byte	.LASF1
  47 0033 03       		.uleb128 0x3
  48 0034 08       		.byte	0x8
  49 0035 04       		.byte	0x4
  50 0036 06010000 		.4byte	.LASF2
  51 003a 03       		.uleb128 0x3
  52 003b 01       		.byte	0x1
  53 003c 06       		.byte	0x6
  54 003d E3010000 		.4byte	.LASF3
  55 0041 03       		.uleb128 0x3
  56 0042 02       		.byte	0x2
  57 0043 05       		.byte	0x5
ARM GAS  /tmp/cclw9pZA.s 			page 2


  58 0044 31000000 		.4byte	.LASF4
  59 0048 03       		.uleb128 0x3
  60 0049 04       		.byte	0x4
  61 004a 05       		.byte	0x5
  62 004b CE000000 		.4byte	.LASF5
  63 004f 03       		.uleb128 0x3
  64 0050 01       		.byte	0x1
  65 0051 08       		.byte	0x8
  66 0052 12010000 		.4byte	.LASF6
  67 0056 04       		.uleb128 0x4
  68 0057 53020000 		.4byte	.LASF8
  69 005b 01       		.byte	0x1
  70 005c 31       		.byte	0x31
  71 005d 19       		.byte	0x19
  72 005e 62000000 		.4byte	0x62
  73 0062 03       		.uleb128 0x3
  74 0063 02       		.byte	0x2
  75 0064 07       		.byte	0x7
  76 0065 DA020000 		.4byte	.LASF7
  77 0069 04       		.uleb128 0x4
  78 006a 3A020000 		.4byte	.LASF9
  79 006e 01       		.byte	0x1
  80 006f 34       		.byte	0x34
  81 0070 19       		.byte	0x19
  82 0071 7A000000 		.4byte	0x7a
  83 0075 08       		.uleb128 0x8
  84 0076 69000000 		.4byte	0x69
  85 007a 03       		.uleb128 0x3
  86 007b 04       		.byte	0x4
  87 007c 07       		.byte	0x7
  88 007d 5C020000 		.4byte	.LASF10
  89 0081 03       		.uleb128 0x3
  90 0082 08       		.byte	0x8
  91 0083 07       		.byte	0x7
  92 0084 23020000 		.4byte	.LASF11
  93 0088 0F       		.uleb128 0xf
  94 0089 69000000 		.4byte	0x69
  95 008d 98000000 		.4byte	0x98
  96 0091 10       		.uleb128 0x10
  97 0092 25000000 		.4byte	0x25
  98 0096 01       		.byte	0x1
  99 0097 00       		.byte	0
 100 0098 11       		.uleb128 0x11
 101 0099 88       		.byte	0x88
 102 009a 02       		.byte	0x2
 103 009b 6502     		.2byte	0x265
 104 009d 09       		.byte	0x9
 105 009e 0A020000 		.4byte	0x20a
 106 00a2 07       		.uleb128 0x7
 107 00a3 435200   		.ascii	"CR\000"
 108 00a6 6702     		.2byte	0x267
 109 00a8 75000000 		.4byte	0x75
 110 00ac 00       		.byte	0
 111 00ad 01       		.uleb128 0x1
 112 00ae 83020000 		.4byte	.LASF12
 113 00b2 6802     		.2byte	0x268
 114 00b4 75000000 		.4byte	0x75
ARM GAS  /tmp/cclw9pZA.s 			page 3


 115 00b8 04       		.byte	0x4
 116 00b9 01       		.uleb128 0x1
 117 00ba 8F000000 		.4byte	.LASF13
 118 00be 6902     		.2byte	0x269
 119 00c0 75000000 		.4byte	0x75
 120 00c4 08       		.byte	0x8
 121 00c5 07       		.uleb128 0x7
 122 00c6 43495200 		.ascii	"CIR\000"
 123 00ca 6A02     		.2byte	0x26a
 124 00cc 75000000 		.4byte	0x75
 125 00d0 0C       		.byte	0xc
 126 00d1 01       		.uleb128 0x1
 127 00d2 B9030000 		.4byte	.LASF14
 128 00d6 6B02     		.2byte	0x26b
 129 00d8 75000000 		.4byte	0x75
 130 00dc 10       		.byte	0x10
 131 00dd 01       		.uleb128 0x1
 132 00de 4A020000 		.4byte	.LASF15
 133 00e2 6C02     		.2byte	0x26c
 134 00e4 75000000 		.4byte	0x75
 135 00e8 14       		.byte	0x14
 136 00e9 01       		.uleb128 0x1
 137 00ea C2030000 		.4byte	.LASF16
 138 00ee 6D02     		.2byte	0x26d
 139 00f0 75000000 		.4byte	0x75
 140 00f4 18       		.byte	0x18
 141 00f5 01       		.uleb128 0x1
 142 00f6 20030000 		.4byte	.LASF17
 143 00fa 6E02     		.2byte	0x26e
 144 00fc 69000000 		.4byte	0x69
 145 0100 1C       		.byte	0x1c
 146 0101 01       		.uleb128 0x1
 147 0102 19000000 		.4byte	.LASF18
 148 0106 6F02     		.2byte	0x26f
 149 0108 75000000 		.4byte	0x75
 150 010c 20       		.byte	0x20
 151 010d 01       		.uleb128 0x1
 152 010e F0000000 		.4byte	.LASF19
 153 0112 7002     		.2byte	0x270
 154 0114 75000000 		.4byte	0x75
 155 0118 24       		.byte	0x24
 156 0119 01       		.uleb128 0x1
 157 011a 2A030000 		.4byte	.LASF20
 158 011e 7102     		.2byte	0x271
 159 0120 88000000 		.4byte	0x88
 160 0124 28       		.byte	0x28
 161 0125 01       		.uleb128 0x1
 162 0126 73030000 		.4byte	.LASF21
 163 012a 7202     		.2byte	0x272
 164 012c 75000000 		.4byte	0x75
 165 0130 30       		.byte	0x30
 166 0131 01       		.uleb128 0x1
 167 0132 22000000 		.4byte	.LASF22
 168 0136 7302     		.2byte	0x273
 169 0138 75000000 		.4byte	0x75
 170 013c 34       		.byte	0x34
 171 013d 01       		.uleb128 0x1
ARM GAS  /tmp/cclw9pZA.s 			page 4


 172 013e A3000000 		.4byte	.LASF23
 173 0142 7402     		.2byte	0x274
 174 0144 75000000 		.4byte	0x75
 175 0148 38       		.byte	0x38
 176 0149 01       		.uleb128 0x1
 177 014a 34030000 		.4byte	.LASF24
 178 014e 7502     		.2byte	0x275
 179 0150 69000000 		.4byte	0x69
 180 0154 3C       		.byte	0x3c
 181 0155 01       		.uleb128 0x1
 182 0156 94000000 		.4byte	.LASF25
 183 015a 7602     		.2byte	0x276
 184 015c 75000000 		.4byte	0x75
 185 0160 40       		.byte	0x40
 186 0161 01       		.uleb128 0x1
 187 0162 DB010000 		.4byte	.LASF26
 188 0166 7702     		.2byte	0x277
 189 0168 75000000 		.4byte	0x75
 190 016c 44       		.byte	0x44
 191 016d 01       		.uleb128 0x1
 192 016e 3E030000 		.4byte	.LASF27
 193 0172 7802     		.2byte	0x278
 194 0174 88000000 		.4byte	0x88
 195 0178 48       		.byte	0x48
 196 0179 01       		.uleb128 0x1
 197 017a 00000000 		.4byte	.LASF28
 198 017e 7902     		.2byte	0x279
 199 0180 75000000 		.4byte	0x75
 200 0184 50       		.byte	0x50
 201 0185 01       		.uleb128 0x1
 202 0186 0F030000 		.4byte	.LASF29
 203 018a 7A02     		.2byte	0x27a
 204 018c 75000000 		.4byte	0x75
 205 0190 54       		.byte	0x54
 206 0191 01       		.uleb128 0x1
 207 0192 7E000000 		.4byte	.LASF30
 208 0196 7B02     		.2byte	0x27b
 209 0198 75000000 		.4byte	0x75
 210 019c 58       		.byte	0x58
 211 019d 01       		.uleb128 0x1
 212 019e 48030000 		.4byte	.LASF31
 213 01a2 7C02     		.2byte	0x27c
 214 01a4 69000000 		.4byte	0x69
 215 01a8 5C       		.byte	0x5c
 216 01a9 01       		.uleb128 0x1
 217 01aa ED020000 		.4byte	.LASF32
 218 01ae 7D02     		.2byte	0x27d
 219 01b0 75000000 		.4byte	0x75
 220 01b4 60       		.byte	0x60
 221 01b5 01       		.uleb128 0x1
 222 01b6 E9030000 		.4byte	.LASF33
 223 01ba 7E02     		.2byte	0x27e
 224 01bc 75000000 		.4byte	0x75
 225 01c0 64       		.byte	0x64
 226 01c1 01       		.uleb128 0x1
 227 01c2 52030000 		.4byte	.LASF34
 228 01c6 7F02     		.2byte	0x27f
ARM GAS  /tmp/cclw9pZA.s 			page 5


 229 01c8 88000000 		.4byte	0x88
 230 01cc 68       		.byte	0x68
 231 01cd 01       		.uleb128 0x1
 232 01ce 4E000000 		.4byte	.LASF35
 233 01d2 8002     		.2byte	0x280
 234 01d4 75000000 		.4byte	0x75
 235 01d8 70       		.byte	0x70
 236 01d9 07       		.uleb128 0x7
 237 01da 43535200 		.ascii	"CSR\000"
 238 01de 8102     		.2byte	0x281
 239 01e0 75000000 		.4byte	0x75
 240 01e4 74       		.byte	0x74
 241 01e5 01       		.uleb128 0x1
 242 01e6 5C030000 		.4byte	.LASF36
 243 01ea 8202     		.2byte	0x282
 244 01ec 88000000 		.4byte	0x88
 245 01f0 78       		.byte	0x78
 246 01f1 01       		.uleb128 0x1
 247 01f2 73000000 		.4byte	.LASF37
 248 01f6 8302     		.2byte	0x283
 249 01f8 75000000 		.4byte	0x75
 250 01fc 80       		.byte	0x80
 251 01fd 01       		.uleb128 0x1
 252 01fe 5A000000 		.4byte	.LASF38
 253 0202 8402     		.2byte	0x284
 254 0204 75000000 		.4byte	0x75
 255 0208 84       		.byte	0x84
 256 0209 00       		.byte	0
 257 020a 12       		.uleb128 0x12
 258 020b DE000000 		.4byte	.LASF39
 259 020f 02       		.byte	0x2
 260 0210 8502     		.2byte	0x285
 261 0212 03       		.byte	0x3
 262 0213 98000000 		.4byte	0x98
 263 0217 03       		.uleb128 0x3
 264 0218 01       		.byte	0x1
 265 0219 08       		.byte	0x8
 266 021a F7020000 		.4byte	.LASF40
 267 021e 03       		.uleb128 0x3
 268 021f 01       		.byte	0x1
 269 0220 02       		.byte	0x2
 270 0221 09030000 		.4byte	.LASF41
 271 0225 05       		.uleb128 0x5
 272 0226 04       		.byte	0x4
 273 0227 03       		.byte	0x3
 274 0228 5B       		.byte	0x5b
 275 0229 05       		.byte	0x5
 276 022a 48020000 		.4byte	0x248
 277 022e 06       		.uleb128 0x6
 278 022f 73657400 		.ascii	"set\000"
 279 0233 03       		.byte	0x3
 280 0234 5C       		.byte	0x5c
 281 0235 56000000 		.4byte	0x56
 282 0239 00       		.byte	0
 283 023a 02       		.uleb128 0x2
 284 023b F9000000 		.4byte	.LASF42
 285 023f 03       		.byte	0x3
ARM GAS  /tmp/cclw9pZA.s 			page 6


 286 0240 5D       		.byte	0x5d
 287 0241 19       		.byte	0x19
 288 0242 56000000 		.4byte	0x56
 289 0246 02       		.byte	0x2
 290 0247 00       		.byte	0
 291 0248 13       		.uleb128 0x13
 292 0249 04       		.byte	0x4
 293 024a 03       		.byte	0x3
 294 024b 59       		.byte	0x59
 295 024c 0C       		.byte	0xc
 296 024d 64020000 		.4byte	0x264
 297 0251 09       		.uleb128 0x9
 298 0252 5700     		.ascii	"W\000"
 299 0254 5A       		.byte	0x5a
 300 0255 19       		.byte	0x19
 301 0256 69000000 		.4byte	0x69
 302 025a 09       		.uleb128 0x9
 303 025b 4800     		.ascii	"H\000"
 304 025d 5E       		.byte	0x5e
 305 025e 07       		.byte	0x7
 306 025f 25020000 		.4byte	0x225
 307 0263 00       		.byte	0
 308 0264 08       		.uleb128 0x8
 309 0265 48020000 		.4byte	0x248
 310 0269 05       		.uleb128 0x5
 311 026a 28       		.byte	0x28
 312 026b 03       		.byte	0x3
 313 026c 51       		.byte	0x51
 314 026d 09       		.byte	0x9
 315 026e F3020000 		.4byte	0x2f3
 316 0272 02       		.uleb128 0x2
 317 0273 EA000000 		.4byte	.LASF43
 318 0277 03       		.byte	0x3
 319 0278 53       		.byte	0x53
 320 0279 19       		.byte	0x19
 321 027a 75000000 		.4byte	0x75
 322 027e 00       		.byte	0
 323 027f 02       		.uleb128 0x2
 324 0280 9C000000 		.4byte	.LASF44
 325 0284 03       		.byte	0x3
 326 0285 54       		.byte	0x54
 327 0286 19       		.byte	0x19
 328 0287 75000000 		.4byte	0x75
 329 028b 04       		.byte	0x4
 330 028c 02       		.uleb128 0x2
 331 028d 11000000 		.4byte	.LASF45
 332 0291 03       		.byte	0x3
 333 0292 55       		.byte	0x55
 334 0293 19       		.byte	0x19
 335 0294 75000000 		.4byte	0x75
 336 0298 08       		.byte	0x8
 337 0299 02       		.uleb128 0x2
 338 029a C0000000 		.4byte	.LASF46
 339 029e 03       		.byte	0x3
 340 029f 56       		.byte	0x56
 341 02a0 19       		.byte	0x19
 342 02a1 75000000 		.4byte	0x75
ARM GAS  /tmp/cclw9pZA.s 			page 7


 343 02a5 0C       		.byte	0xc
 344 02a6 06       		.uleb128 0x6
 345 02a7 49445200 		.ascii	"IDR\000"
 346 02ab 03       		.byte	0x3
 347 02ac 57       		.byte	0x57
 348 02ad 75000000 		.4byte	0x75
 349 02b1 10       		.byte	0x10
 350 02b2 06       		.uleb128 0x6
 351 02b3 4F445200 		.ascii	"ODR\000"
 352 02b7 03       		.byte	0x3
 353 02b8 58       		.byte	0x58
 354 02b9 75000000 		.4byte	0x75
 355 02bd 14       		.byte	0x14
 356 02be 02       		.uleb128 0x2
 357 02bf 79000000 		.4byte	.LASF47
 358 02c3 03       		.byte	0x3
 359 02c4 5F       		.byte	0x5f
 360 02c5 05       		.byte	0x5
 361 02c6 64020000 		.4byte	0x264
 362 02ca 18       		.byte	0x18
 363 02cb 02       		.uleb128 0x2
 364 02cc 66030000 		.4byte	.LASF48
 365 02d0 03       		.byte	0x3
 366 02d1 60       		.byte	0x60
 367 02d2 19       		.byte	0x19
 368 02d3 75000000 		.4byte	0x75
 369 02d7 1C       		.byte	0x1c
 370 02d8 02       		.uleb128 0x2
 371 02d9 D5020000 		.4byte	.LASF49
 372 02dd 03       		.byte	0x3
 373 02de 61       		.byte	0x61
 374 02df 19       		.byte	0x19
 375 02e0 75000000 		.4byte	0x75
 376 02e4 20       		.byte	0x20
 377 02e5 02       		.uleb128 0x2
 378 02e6 7E020000 		.4byte	.LASF50
 379 02ea 03       		.byte	0x3
 380 02eb 62       		.byte	0x62
 381 02ec 19       		.byte	0x19
 382 02ed 75000000 		.4byte	0x75
 383 02f1 24       		.byte	0x24
 384 02f2 00       		.byte	0
 385 02f3 04       		.uleb128 0x4
 386 02f4 3B000000 		.4byte	.LASF51
 387 02f8 03       		.byte	0x3
 388 02f9 63       		.byte	0x63
 389 02fa 03       		.byte	0x3
 390 02fb 69020000 		.4byte	0x269
 391 02ff 0A       		.uleb128 0xa
 392 0300 F3020000 		.4byte	0x2f3
 393 0304 05       		.uleb128 0x5
 394 0305 1C       		.byte	0x1c
 395 0306 04       		.byte	0x4
 396 0307 28       		.byte	0x28
 397 0308 09       		.byte	0x9
 398 0309 68030000 		.4byte	0x368
 399 030d 02       		.uleb128 0x2
ARM GAS  /tmp/cclw9pZA.s 			page 8


 400 030e B3030000 		.4byte	.LASF52
 401 0312 04       		.byte	0x4
 402 0313 29       		.byte	0x29
 403 0314 19       		.byte	0x19
 404 0315 69000000 		.4byte	0x69
 405 0319 00       		.byte	0
 406 031a 02       		.uleb128 0x2
 407 031b 43020000 		.4byte	.LASF53
 408 031f 04       		.byte	0x4
 409 0320 2A       		.byte	0x2a
 410 0321 19       		.byte	0x19
 411 0322 69000000 		.4byte	0x69
 412 0326 04       		.byte	0x4
 413 0327 02       		.uleb128 0x2
 414 0328 C6000000 		.4byte	.LASF54
 415 032c 04       		.byte	0x4
 416 032d 2B       		.byte	0x2b
 417 032e 19       		.byte	0x19
 418 032f 69000000 		.4byte	0x69
 419 0333 08       		.byte	0x8
 420 0334 02       		.uleb128 0x2
 421 0335 96030000 		.4byte	.LASF55
 422 0339 04       		.byte	0x4
 423 033a 2C       		.byte	0x2c
 424 033b 19       		.byte	0x19
 425 033c 69000000 		.4byte	0x69
 426 0340 0C       		.byte	0xc
 427 0341 06       		.uleb128 0x6
 428 0342 6F647200 		.ascii	"odr\000"
 429 0346 04       		.byte	0x4
 430 0347 2D       		.byte	0x2d
 431 0348 69000000 		.4byte	0x69
 432 034c 10       		.byte	0x10
 433 034d 02       		.uleb128 0x2
 434 034e AE030000 		.4byte	.LASF56
 435 0352 04       		.byte	0x4
 436 0353 2E       		.byte	0x2e
 437 0354 19       		.byte	0x19
 438 0355 69000000 		.4byte	0x69
 439 0359 14       		.byte	0x14
 440 035a 02       		.uleb128 0x2
 441 035b 9C030000 		.4byte	.LASF57
 442 035f 04       		.byte	0x4
 443 0360 2F       		.byte	0x2f
 444 0361 19       		.byte	0x19
 445 0362 69000000 		.4byte	0x69
 446 0366 18       		.byte	0x18
 447 0367 00       		.byte	0
 448 0368 04       		.uleb128 0x4
 449 0369 A1030000 		.4byte	.LASF58
 450 036d 04       		.byte	0x4
 451 036e 30       		.byte	0x30
 452 036f 03       		.byte	0x3
 453 0370 04030000 		.4byte	0x304
 454 0374 0B       		.uleb128 0xb
 455 0375 68030000 		.4byte	0x368
 456 0379 05       		.uleb128 0x5
ARM GAS  /tmp/cclw9pZA.s 			page 9


 457 037a FC       		.byte	0xfc
 458 037b 04       		.byte	0x4
 459 037c 35       		.byte	0x35
 460 037d 09       		.byte	0x9
 461 037e F8030000 		.4byte	0x3f8
 462 0382 02       		.uleb128 0x2
 463 0383 AB000000 		.4byte	.LASF59
 464 0387 04       		.byte	0x4
 465 0388 37       		.byte	0x37
 466 0389 19       		.byte	0x19
 467 038a 68030000 		.4byte	0x368
 468 038e 00       		.byte	0
 469 038f 02       		.uleb128 0x2
 470 0390 CB030000 		.4byte	.LASF60
 471 0394 04       		.byte	0x4
 472 0395 3A       		.byte	0x3a
 473 0396 19       		.byte	0x19
 474 0397 68030000 		.4byte	0x368
 475 039b 1C       		.byte	0x1c
 476 039c 02       		.uleb128 0x2
 477 039d 0A000000 		.4byte	.LASF61
 478 03a1 04       		.byte	0x4
 479 03a2 3D       		.byte	0x3d
 480 03a3 19       		.byte	0x19
 481 03a4 68030000 		.4byte	0x368
 482 03a8 38       		.byte	0x38
 483 03a9 02       		.uleb128 0x2
 484 03aa D7000000 		.4byte	.LASF62
 485 03ae 04       		.byte	0x4
 486 03af 40       		.byte	0x40
 487 03b0 19       		.byte	0x19
 488 03b1 68030000 		.4byte	0x368
 489 03b5 54       		.byte	0x54
 490 03b6 02       		.uleb128 0x2
 491 03b7 19030000 		.4byte	.LASF63
 492 03bb 04       		.byte	0x4
 493 03bc 43       		.byte	0x43
 494 03bd 19       		.byte	0x19
 495 03be 68030000 		.4byte	0x368
 496 03c2 70       		.byte	0x70
 497 03c3 02       		.uleb128 0x2
 498 03c4 2A000000 		.4byte	.LASF64
 499 03c8 04       		.byte	0x4
 500 03c9 46       		.byte	0x46
 501 03ca 19       		.byte	0x19
 502 03cb 68030000 		.4byte	0x368
 503 03cf 8C       		.byte	0x8c
 504 03d0 02       		.uleb128 0x2
 505 03d1 FF000000 		.4byte	.LASF65
 506 03d5 04       		.byte	0x4
 507 03d6 49       		.byte	0x49
 508 03d7 19       		.byte	0x19
 509 03d8 68030000 		.4byte	0x368
 510 03dc A8       		.byte	0xa8
 511 03dd 02       		.uleb128 0x2
 512 03de 6C030000 		.4byte	.LASF66
 513 03e2 04       		.byte	0x4
ARM GAS  /tmp/cclw9pZA.s 			page 10


 514 03e3 4C       		.byte	0x4c
 515 03e4 19       		.byte	0x19
 516 03e5 68030000 		.4byte	0x368
 517 03e9 C4       		.byte	0xc4
 518 03ea 02       		.uleb128 0x2
 519 03eb 53000000 		.4byte	.LASF67
 520 03ef 04       		.byte	0x4
 521 03f0 4F       		.byte	0x4f
 522 03f1 19       		.byte	0x19
 523 03f2 68030000 		.4byte	0x368
 524 03f6 E0       		.byte	0xe0
 525 03f7 00       		.byte	0
 526 03f8 04       		.uleb128 0x4
 527 03f9 65000000 		.4byte	.LASF68
 528 03fd 04       		.byte	0x4
 529 03fe 57       		.byte	0x57
 530 03ff 03       		.byte	0x3
 531 0400 79030000 		.4byte	0x379
 532 0404 0B       		.uleb128 0xb
 533 0405 F8030000 		.4byte	0x3f8
 534 0409 14       		.uleb128 0x14
 535 040a F3030000 		.4byte	.LASF76
 536 040e 04       		.byte	0x4
 537 040f 5C       		.byte	0x5c
 538 0410 1C       		.byte	0x1c
 539 0411 04040000 		.4byte	0x404
 540 0415 15       		.uleb128 0x15
 541 0416 85030000 		.4byte	.LASF77
 542 041a 05       		.byte	0x5
 543 041b B507     		.2byte	0x7b5
 544 041d 08       		.byte	0x8
 545 041e 16       		.uleb128 0x16
 546 041f DF030000 		.4byte	.LASF69
 547 0423 04       		.byte	0x4
 548 0424 0801     		.2byte	0x108
 549 0426 06       		.byte	0x6
 550 0427 17       		.uleb128 0x17
 551 0428 FC020000 		.4byte	.LASF70
 552 042c 04       		.byte	0x4
 553 042d D2       		.byte	0xd2
 554 042e 06       		.byte	0x6
 555 042f 18       		.uleb128 0x18
 556 0430 6E020000 		.4byte	.LASF78
 557 0434 04       		.byte	0x4
 558 0435 9A       		.byte	0x9a
 559 0436 0D       		.byte	0xd
 560 0437 19       		.uleb128 0x19
 561 0438 7B030000 		.4byte	.LASF79
 562 043c 04       		.byte	0x4
 563 043d 8F       		.byte	0x8f
 564 043e 0D       		.byte	0xd
 565 043f 5A040000 		.4byte	0x45a
 566 0443 0C       		.uleb128 0xc
 567 0444 48000000 		.4byte	.LASF71
 568 0448 8F       		.byte	0x8f
 569 0449 25       		.byte	0x25
 570 044a FF020000 		.4byte	0x2ff
ARM GAS  /tmp/cclw9pZA.s 			page 11


 571 044e 0C       		.uleb128 0xc
 572 044f 88000000 		.4byte	.LASF72
 573 0453 8F       		.byte	0x8f
 574 0454 40       		.byte	0x40
 575 0455 5A040000 		.4byte	0x45a
 576 0459 00       		.byte	0
 577 045a 0A       		.uleb128 0xa
 578 045b 74030000 		.4byte	0x374
 579 045f 00       		.byte	0
 580              		.section	.gnu.debuglto_.debug_abbrev,"e",%progbits
 581              	.Ldebug_abbrev0:
 582 0000 01       		.uleb128 0x1
 583 0001 0D       		.uleb128 0xd
 584 0002 00       		.byte	0
 585 0003 03       		.uleb128 0x3
 586 0004 0E       		.uleb128 0xe
 587 0005 3A       		.uleb128 0x3a
 588 0006 21       		.uleb128 0x21
 589 0007 02       		.sleb128 2
 590 0008 3B       		.uleb128 0x3b
 591 0009 05       		.uleb128 0x5
 592 000a 39       		.uleb128 0x39
 593 000b 21       		.uleb128 0x21
 594 000c 11       		.sleb128 17
 595 000d 49       		.uleb128 0x49
 596 000e 13       		.uleb128 0x13
 597 000f 38       		.uleb128 0x38
 598 0010 0B       		.uleb128 0xb
 599 0011 00       		.byte	0
 600 0012 00       		.byte	0
 601 0013 02       		.uleb128 0x2
 602 0014 0D       		.uleb128 0xd
 603 0015 00       		.byte	0
 604 0016 03       		.uleb128 0x3
 605 0017 0E       		.uleb128 0xe
 606 0018 3A       		.uleb128 0x3a
 607 0019 0B       		.uleb128 0xb
 608 001a 3B       		.uleb128 0x3b
 609 001b 0B       		.uleb128 0xb
 610 001c 39       		.uleb128 0x39
 611 001d 0B       		.uleb128 0xb
 612 001e 49       		.uleb128 0x49
 613 001f 13       		.uleb128 0x13
 614 0020 38       		.uleb128 0x38
 615 0021 0B       		.uleb128 0xb
 616 0022 00       		.byte	0
 617 0023 00       		.byte	0
 618 0024 03       		.uleb128 0x3
 619 0025 24       		.uleb128 0x24
 620 0026 00       		.byte	0
 621 0027 0B       		.uleb128 0xb
 622 0028 0B       		.uleb128 0xb
 623 0029 3E       		.uleb128 0x3e
 624 002a 0B       		.uleb128 0xb
 625 002b 03       		.uleb128 0x3
 626 002c 0E       		.uleb128 0xe
 627 002d 00       		.byte	0
ARM GAS  /tmp/cclw9pZA.s 			page 12


 628 002e 00       		.byte	0
 629 002f 04       		.uleb128 0x4
 630 0030 16       		.uleb128 0x16
 631 0031 00       		.byte	0
 632 0032 03       		.uleb128 0x3
 633 0033 0E       		.uleb128 0xe
 634 0034 3A       		.uleb128 0x3a
 635 0035 0B       		.uleb128 0xb
 636 0036 3B       		.uleb128 0x3b
 637 0037 0B       		.uleb128 0xb
 638 0038 39       		.uleb128 0x39
 639 0039 0B       		.uleb128 0xb
 640 003a 49       		.uleb128 0x49
 641 003b 13       		.uleb128 0x13
 642 003c 00       		.byte	0
 643 003d 00       		.byte	0
 644 003e 05       		.uleb128 0x5
 645 003f 13       		.uleb128 0x13
 646 0040 01       		.byte	0x1
 647 0041 0B       		.uleb128 0xb
 648 0042 0B       		.uleb128 0xb
 649 0043 3A       		.uleb128 0x3a
 650 0044 0B       		.uleb128 0xb
 651 0045 3B       		.uleb128 0x3b
 652 0046 0B       		.uleb128 0xb
 653 0047 39       		.uleb128 0x39
 654 0048 0B       		.uleb128 0xb
 655 0049 01       		.uleb128 0x1
 656 004a 13       		.uleb128 0x13
 657 004b 00       		.byte	0
 658 004c 00       		.byte	0
 659 004d 06       		.uleb128 0x6
 660 004e 0D       		.uleb128 0xd
 661 004f 00       		.byte	0
 662 0050 03       		.uleb128 0x3
 663 0051 08       		.uleb128 0x8
 664 0052 3A       		.uleb128 0x3a
 665 0053 0B       		.uleb128 0xb
 666 0054 3B       		.uleb128 0x3b
 667 0055 0B       		.uleb128 0xb
 668 0056 39       		.uleb128 0x39
 669 0057 21       		.uleb128 0x21
 670 0058 19       		.sleb128 25
 671 0059 49       		.uleb128 0x49
 672 005a 13       		.uleb128 0x13
 673 005b 38       		.uleb128 0x38
 674 005c 0B       		.uleb128 0xb
 675 005d 00       		.byte	0
 676 005e 00       		.byte	0
 677 005f 07       		.uleb128 0x7
 678 0060 0D       		.uleb128 0xd
 679 0061 00       		.byte	0
 680 0062 03       		.uleb128 0x3
 681 0063 08       		.uleb128 0x8
 682 0064 3A       		.uleb128 0x3a
 683 0065 21       		.uleb128 0x21
 684 0066 02       		.sleb128 2
ARM GAS  /tmp/cclw9pZA.s 			page 13


 685 0067 3B       		.uleb128 0x3b
 686 0068 05       		.uleb128 0x5
 687 0069 39       		.uleb128 0x39
 688 006a 21       		.uleb128 0x21
 689 006b 11       		.sleb128 17
 690 006c 49       		.uleb128 0x49
 691 006d 13       		.uleb128 0x13
 692 006e 38       		.uleb128 0x38
 693 006f 0B       		.uleb128 0xb
 694 0070 00       		.byte	0
 695 0071 00       		.byte	0
 696 0072 08       		.uleb128 0x8
 697 0073 35       		.uleb128 0x35
 698 0074 00       		.byte	0
 699 0075 49       		.uleb128 0x49
 700 0076 13       		.uleb128 0x13
 701 0077 00       		.byte	0
 702 0078 00       		.byte	0
 703 0079 09       		.uleb128 0x9
 704 007a 0D       		.uleb128 0xd
 705 007b 00       		.byte	0
 706 007c 03       		.uleb128 0x3
 707 007d 08       		.uleb128 0x8
 708 007e 3A       		.uleb128 0x3a
 709 007f 21       		.uleb128 0x21
 710 0080 03       		.sleb128 3
 711 0081 3B       		.uleb128 0x3b
 712 0082 0B       		.uleb128 0xb
 713 0083 39       		.uleb128 0x39
 714 0084 0B       		.uleb128 0xb
 715 0085 49       		.uleb128 0x49
 716 0086 13       		.uleb128 0x13
 717 0087 00       		.byte	0
 718 0088 00       		.byte	0
 719 0089 0A       		.uleb128 0xa
 720 008a 0F       		.uleb128 0xf
 721 008b 00       		.byte	0
 722 008c 0B       		.uleb128 0xb
 723 008d 21       		.uleb128 0x21
 724 008e 04       		.sleb128 4
 725 008f 49       		.uleb128 0x49
 726 0090 13       		.uleb128 0x13
 727 0091 00       		.byte	0
 728 0092 00       		.byte	0
 729 0093 0B       		.uleb128 0xb
 730 0094 26       		.uleb128 0x26
 731 0095 00       		.byte	0
 732 0096 49       		.uleb128 0x49
 733 0097 13       		.uleb128 0x13
 734 0098 00       		.byte	0
 735 0099 00       		.byte	0
 736 009a 0C       		.uleb128 0xc
 737 009b 05       		.uleb128 0x5
 738 009c 00       		.byte	0
 739 009d 03       		.uleb128 0x3
 740 009e 0E       		.uleb128 0xe
 741 009f 3A       		.uleb128 0x3a
ARM GAS  /tmp/cclw9pZA.s 			page 14


 742 00a0 21       		.uleb128 0x21
 743 00a1 04       		.sleb128 4
 744 00a2 3B       		.uleb128 0x3b
 745 00a3 0B       		.uleb128 0xb
 746 00a4 39       		.uleb128 0x39
 747 00a5 0B       		.uleb128 0xb
 748 00a6 49       		.uleb128 0x49
 749 00a7 13       		.uleb128 0x13
 750 00a8 00       		.byte	0
 751 00a9 00       		.byte	0
 752 00aa 0D       		.uleb128 0xd
 753 00ab 11       		.uleb128 0x11
 754 00ac 01       		.byte	0x1
 755 00ad 25       		.uleb128 0x25
 756 00ae 0E       		.uleb128 0xe
 757 00af 13       		.uleb128 0x13
 758 00b0 0B       		.uleb128 0xb
 759 00b1 03       		.uleb128 0x3
 760 00b2 0E       		.uleb128 0xe
 761 00b3 1B       		.uleb128 0x1b
 762 00b4 0E       		.uleb128 0xe
 763 00b5 10       		.uleb128 0x10
 764 00b6 17       		.uleb128 0x17
 765 00b7 00       		.byte	0
 766 00b8 00       		.byte	0
 767 00b9 0E       		.uleb128 0xe
 768 00ba 24       		.uleb128 0x24
 769 00bb 00       		.byte	0
 770 00bc 0B       		.uleb128 0xb
 771 00bd 0B       		.uleb128 0xb
 772 00be 3E       		.uleb128 0x3e
 773 00bf 0B       		.uleb128 0xb
 774 00c0 03       		.uleb128 0x3
 775 00c1 08       		.uleb128 0x8
 776 00c2 00       		.byte	0
 777 00c3 00       		.byte	0
 778 00c4 0F       		.uleb128 0xf
 779 00c5 01       		.uleb128 0x1
 780 00c6 01       		.byte	0x1
 781 00c7 49       		.uleb128 0x49
 782 00c8 13       		.uleb128 0x13
 783 00c9 01       		.uleb128 0x1
 784 00ca 13       		.uleb128 0x13
 785 00cb 00       		.byte	0
 786 00cc 00       		.byte	0
 787 00cd 10       		.uleb128 0x10
 788 00ce 21       		.uleb128 0x21
 789 00cf 00       		.byte	0
 790 00d0 49       		.uleb128 0x49
 791 00d1 13       		.uleb128 0x13
 792 00d2 2F       		.uleb128 0x2f
 793 00d3 0B       		.uleb128 0xb
 794 00d4 00       		.byte	0
 795 00d5 00       		.byte	0
 796 00d6 11       		.uleb128 0x11
 797 00d7 13       		.uleb128 0x13
 798 00d8 01       		.byte	0x1
ARM GAS  /tmp/cclw9pZA.s 			page 15


 799 00d9 0B       		.uleb128 0xb
 800 00da 0B       		.uleb128 0xb
 801 00db 3A       		.uleb128 0x3a
 802 00dc 0B       		.uleb128 0xb
 803 00dd 3B       		.uleb128 0x3b
 804 00de 05       		.uleb128 0x5
 805 00df 39       		.uleb128 0x39
 806 00e0 0B       		.uleb128 0xb
 807 00e1 01       		.uleb128 0x1
 808 00e2 13       		.uleb128 0x13
 809 00e3 00       		.byte	0
 810 00e4 00       		.byte	0
 811 00e5 12       		.uleb128 0x12
 812 00e6 16       		.uleb128 0x16
 813 00e7 00       		.byte	0
 814 00e8 03       		.uleb128 0x3
 815 00e9 0E       		.uleb128 0xe
 816 00ea 3A       		.uleb128 0x3a
 817 00eb 0B       		.uleb128 0xb
 818 00ec 3B       		.uleb128 0x3b
 819 00ed 05       		.uleb128 0x5
 820 00ee 39       		.uleb128 0x39
 821 00ef 0B       		.uleb128 0xb
 822 00f0 49       		.uleb128 0x49
 823 00f1 13       		.uleb128 0x13
 824 00f2 00       		.byte	0
 825 00f3 00       		.byte	0
 826 00f4 13       		.uleb128 0x13
 827 00f5 17       		.uleb128 0x17
 828 00f6 01       		.byte	0x1
 829 00f7 0B       		.uleb128 0xb
 830 00f8 0B       		.uleb128 0xb
 831 00f9 3A       		.uleb128 0x3a
 832 00fa 0B       		.uleb128 0xb
 833 00fb 3B       		.uleb128 0x3b
 834 00fc 0B       		.uleb128 0xb
 835 00fd 39       		.uleb128 0x39
 836 00fe 0B       		.uleb128 0xb
 837 00ff 01       		.uleb128 0x1
 838 0100 13       		.uleb128 0x13
 839 0101 00       		.byte	0
 840 0102 00       		.byte	0
 841 0103 14       		.uleb128 0x14
 842 0104 34       		.uleb128 0x34
 843 0105 00       		.byte	0
 844 0106 03       		.uleb128 0x3
 845 0107 0E       		.uleb128 0xe
 846 0108 3A       		.uleb128 0x3a
 847 0109 0B       		.uleb128 0xb
 848 010a 3B       		.uleb128 0x3b
 849 010b 0B       		.uleb128 0xb
 850 010c 39       		.uleb128 0x39
 851 010d 0B       		.uleb128 0xb
 852 010e 49       		.uleb128 0x49
 853 010f 13       		.uleb128 0x13
 854 0110 00       		.byte	0
 855 0111 00       		.byte	0
ARM GAS  /tmp/cclw9pZA.s 			page 16


 856 0112 15       		.uleb128 0x15
 857 0113 2E       		.uleb128 0x2e
 858 0114 00       		.byte	0
 859 0115 3F       		.uleb128 0x3f
 860 0116 19       		.uleb128 0x19
 861 0117 03       		.uleb128 0x3
 862 0118 0E       		.uleb128 0xe
 863 0119 3A       		.uleb128 0x3a
 864 011a 0B       		.uleb128 0xb
 865 011b 3B       		.uleb128 0x3b
 866 011c 05       		.uleb128 0x5
 867 011d 39       		.uleb128 0x39
 868 011e 0B       		.uleb128 0xb
 869 011f 27       		.uleb128 0x27
 870 0120 19       		.uleb128 0x19
 871 0121 3C       		.uleb128 0x3c
 872 0122 19       		.uleb128 0x19
 873 0123 00       		.byte	0
 874 0124 00       		.byte	0
 875 0125 16       		.uleb128 0x16
 876 0126 2E       		.uleb128 0x2e
 877 0127 00       		.byte	0
 878 0128 3F       		.uleb128 0x3f
 879 0129 19       		.uleb128 0x19
 880 012a 03       		.uleb128 0x3
 881 012b 0E       		.uleb128 0xe
 882 012c 3A       		.uleb128 0x3a
 883 012d 0B       		.uleb128 0xb
 884 012e 3B       		.uleb128 0x3b
 885 012f 05       		.uleb128 0x5
 886 0130 39       		.uleb128 0x39
 887 0131 0B       		.uleb128 0xb
 888 0132 27       		.uleb128 0x27
 889 0133 19       		.uleb128 0x19
 890 0134 00       		.byte	0
 891 0135 00       		.byte	0
 892 0136 17       		.uleb128 0x17
 893 0137 2E       		.uleb128 0x2e
 894 0138 00       		.byte	0
 895 0139 3F       		.uleb128 0x3f
 896 013a 19       		.uleb128 0x19
 897 013b 03       		.uleb128 0x3
 898 013c 0E       		.uleb128 0xe
 899 013d 3A       		.uleb128 0x3a
 900 013e 0B       		.uleb128 0xb
 901 013f 3B       		.uleb128 0x3b
 902 0140 0B       		.uleb128 0xb
 903 0141 39       		.uleb128 0x39
 904 0142 0B       		.uleb128 0xb
 905 0143 27       		.uleb128 0x27
 906 0144 19       		.uleb128 0x19
 907 0145 00       		.byte	0
 908 0146 00       		.byte	0
 909 0147 18       		.uleb128 0x18
 910 0148 2E       		.uleb128 0x2e
 911 0149 00       		.byte	0
 912 014a 03       		.uleb128 0x3
ARM GAS  /tmp/cclw9pZA.s 			page 17


 913 014b 0E       		.uleb128 0xe
 914 014c 3A       		.uleb128 0x3a
 915 014d 0B       		.uleb128 0xb
 916 014e 3B       		.uleb128 0x3b
 917 014f 0B       		.uleb128 0xb
 918 0150 39       		.uleb128 0x39
 919 0151 0B       		.uleb128 0xb
 920 0152 27       		.uleb128 0x27
 921 0153 19       		.uleb128 0x19
 922 0154 00       		.byte	0
 923 0155 00       		.byte	0
 924 0156 19       		.uleb128 0x19
 925 0157 2E       		.uleb128 0x2e
 926 0158 01       		.byte	0x1
 927 0159 03       		.uleb128 0x3
 928 015a 0E       		.uleb128 0xe
 929 015b 3A       		.uleb128 0x3a
 930 015c 0B       		.uleb128 0xb
 931 015d 3B       		.uleb128 0x3b
 932 015e 0B       		.uleb128 0xb
 933 015f 39       		.uleb128 0x39
 934 0160 0B       		.uleb128 0xb
 935 0161 27       		.uleb128 0x27
 936 0162 19       		.uleb128 0x19
 937 0163 01       		.uleb128 0x1
 938 0164 13       		.uleb128 0x13
 939 0165 00       		.byte	0
 940 0166 00       		.byte	0
 941 0167 00       		.byte	0
 942              		.section	.gnu.debuglto_.debug_line,"e",%progbits
 943              	.Ldebug_line0:
 944 0000 5A000000 		.4byte	.LELT0-.LSLT0
 945              	.LSLT0:
 946 0004 0500     		.2byte	0x5
 947 0006 04       		.byte	0x4
 948 0007 00       		.byte	0
 949 0008 52000000 		.4byte	.LELTP0-.LASLTP0
 950              	.LASLTP0:
 951 000c 01       		.byte	0x1
 952 000d 01       		.byte	0x1
 953 000e 01       		.byte	0x1
 954 000f F6       		.byte	0xf6
 955 0010 F2       		.byte	0xf2
 956 0011 0D       		.byte	0xd
 957 0012 00       		.byte	0
 958 0013 01       		.byte	0x1
 959 0014 01       		.byte	0x1
 960 0015 01       		.byte	0x1
 961 0016 01       		.byte	0x1
 962 0017 00       		.byte	0
 963 0018 00       		.byte	0
 964 0019 00       		.byte	0
 965 001a 01       		.byte	0x1
 966 001b 00       		.byte	0
 967 001c 00       		.byte	0
 968 001d 01       		.byte	0x1
 969 001e 01       		.byte	0x1
ARM GAS  /tmp/cclw9pZA.s 			page 18


 970 001f 01       		.uleb128 0x1
 971 0020 1F       		.uleb128 0x1f
 972 0021 06       		.uleb128 0x6
 973 0022 8E000000 		.4byte	.LASF80
 974 0026 40000000 		.4byte	.LASF81
 975 002a 47010000 		.4byte	.LASF82
 976 002e 00000000 		.4byte	.LASF83
 977 0032 E0000000 		.4byte	.LASF84
 978 0036 64000000 		.4byte	.LASF85
 979 003a 02       		.byte	0x2
 980 003b 01       		.uleb128 0x1
 981 003c 1F       		.uleb128 0x1f
 982 003d 02       		.uleb128 0x2
 983 003e 0B       		.uleb128 0xb
 984 003f 06       		.uleb128 0x6
 985 0040 13010000 		.4byte	.LASF86
 986 0044 00       		.byte	0
 987 0045 37000000 		.4byte	.LASF87
 988 0049 05       		.byte	0x5
 989 004a 73010000 		.4byte	.LASF88
 990 004e 01       		.byte	0x1
 991 004f 06010000 		.4byte	.LASF89
 992 0053 03       		.byte	0x3
 993 0054 D8000000 		.4byte	.LASF90
 994 0058 02       		.byte	0x2
 995 0059 27000000 		.4byte	.LASF91
 996 005d 04       		.byte	0x4
 997              	.LELTP0:
 998              	.LELT0:
 999              		.section	.gnu.debuglto_.debug_str,"eMS",%progbits,1
 1000              	.LASF28:
 1001 0000 41484231 		.ascii	"AHB1LPENR\000"
 1001      4C50454E 
 1001      5200
 1002              	.LASF61:
 1003 000a 50434461 		.ascii	"PCData\000"
 1003      746100
 1004              	.LASF45:
 1005 0011 4F535045 		.ascii	"OSPEEDR\000"
 1005      45445200 
 1006              	.LASF18:
 1007 0019 41504231 		.ascii	"APB1RSTR\000"
 1007      52535452 
 1007      00
 1008              	.LASF22:
 1009 0022 41484232 		.ascii	"AHB2ENR\000"
 1009      454E5200 
 1010              	.LASF64:
 1011 002a 50464461 		.ascii	"PFData\000"
 1011      746100
 1012              	.LASF4:
 1013 0031 73686F72 		.ascii	"short int\000"
 1013      7420696E 
 1013      7400
 1014              	.LASF51:
 1015 003b 73746D33 		.ascii	"stm32_gpio_t\000"
 1015      325F6770 
ARM GAS  /tmp/cclw9pZA.s 			page 19


 1015      696F5F74 
 1015      00
 1016              	.LASF71:
 1017 0048 6770696F 		.ascii	"gpiop\000"
 1017      7000
 1018              	.LASF35:
 1019 004e 42444352 		.ascii	"BDCR\000"
 1019      00
 1020              	.LASF67:
 1021 0053 50494461 		.ascii	"PIData\000"
 1021      746100
 1022              	.LASF38:
 1023 005a 504C4C49 		.ascii	"PLLI2SCFGR\000"
 1023      32534346 
 1023      475200
 1024              	.LASF68:
 1025 0065 6770696F 		.ascii	"gpio_config_t\000"
 1025      5F636F6E 
 1025      6669675F 
 1025      7400
 1026              	.LASF37:
 1027 0073 53534347 		.ascii	"SSCGR\000"
 1027      5200
 1028              	.LASF47:
 1029 0079 42535252 		.ascii	"BSRR\000"
 1029      00
 1030              	.LASF30:
 1031 007e 41484233 		.ascii	"AHB3LPENR\000"
 1031      4C50454E 
 1031      5200
 1032              	.LASF72:
 1033 0088 636F6E66 		.ascii	"config\000"
 1033      696700
 1034              	.LASF13:
 1035 008f 43464752 		.ascii	"CFGR\000"
 1035      00
 1036              	.LASF25:
 1037 0094 41504231 		.ascii	"APB1ENR\000"
 1037      454E5200 
 1038              	.LASF44:
 1039 009c 4F545950 		.ascii	"OTYPER\000"
 1039      455200
 1040              	.LASF23:
 1041 00a3 41484233 		.ascii	"AHB3ENR\000"
 1041      454E5200 
 1042              	.LASF59:
 1043 00ab 50414461 		.ascii	"PAData\000"
 1043      746100
 1044              	.LASF1:
 1045 00b2 6C6F6E67 		.ascii	"long long int\000"
 1045      206C6F6E 
 1045      6720696E 
 1045      7400
 1046              	.LASF46:
 1047 00c0 50555044 		.ascii	"PUPDR\000"
 1047      5200
 1048              	.LASF54:
ARM GAS  /tmp/cclw9pZA.s 			page 20


 1049 00c6 6F737065 		.ascii	"ospeedr\000"
 1049      65647200 
 1050              	.LASF5:
 1051 00ce 6C6F6E67 		.ascii	"long int\000"
 1051      20696E74 
 1051      00
 1052              	.LASF62:
 1053 00d7 50444461 		.ascii	"PDData\000"
 1053      746100
 1054              	.LASF39:
 1055 00de 5243435F 		.ascii	"RCC_TypeDef\000"
 1055      54797065 
 1055      44656600 
 1056              	.LASF43:
 1057 00ea 4D4F4445 		.ascii	"MODER\000"
 1057      5200
 1058              	.LASF19:
 1059 00f0 41504232 		.ascii	"APB2RSTR\000"
 1059      52535452 
 1059      00
 1060              	.LASF42:
 1061 00f9 636C6561 		.ascii	"clear\000"
 1061      7200
 1062              	.LASF65:
 1063 00ff 50474461 		.ascii	"PGData\000"
 1063      746100
 1064              	.LASF2:
 1065 0106 6C6F6E67 		.ascii	"long double\000"
 1065      20646F75 
 1065      626C6500 
 1066              	.LASF6:
 1067 0112 756E7369 		.ascii	"unsigned char\000"
 1067      676E6564 
 1067      20636861 
 1067      7200
 1068              	.LASF73:
 1069 0120 474E5520 		.ascii	"GNU C17 13.2.1 20231009 -mcpu=cortex-m4 -mthumb -mf"
 1069      43313720 
 1069      31332E32 
 1069      2E312032 
 1069      30323331 
 1070 0153 6C6F6174 		.ascii	"loat-abi=soft -march=armv7e-m -ggdb -O2 -fomit-fram"
 1070      2D616269 
 1070      3D736F66 
 1070      74202D6D 
 1070      61726368 
 1071 0186 652D706F 		.ascii	"e-pointer -falign-functions=16 -ffunction-sections "
 1071      696E7465 
 1071      72202D66 
 1071      616C6967 
 1071      6E2D6675 
 1072 01b9 2D666461 		.ascii	"-fdata-sections -fno-common -flto\000"
 1072      74612D73 
 1072      65637469 
 1072      6F6E7320 
 1072      2D666E6F 
 1073              	.LASF26:
ARM GAS  /tmp/cclw9pZA.s 			page 21


 1074 01db 41504232 		.ascii	"APB2ENR\000"
 1074      454E5200 
 1075              	.LASF3:
 1076 01e3 7369676E 		.ascii	"signed char\000"
 1076      65642063 
 1076      68617200 
 1077              	.LASF74:
 1078 01ef 2E2E2F2E 		.ascii	"../../../os/hal/boards/ST_STM32F4_DISCOVERY/board.c"
 1078      2E2F2E2E 
 1078      2F6F732F 
 1078      68616C2F 
 1078      626F6172 
 1079 0222 00       		.ascii	"\000"
 1080              	.LASF11:
 1081 0223 6C6F6E67 		.ascii	"long long unsigned int\000"
 1081      206C6F6E 
 1081      6720756E 
 1081      7369676E 
 1081      65642069 
 1082              	.LASF9:
 1083 023a 75696E74 		.ascii	"uint32_t\000"
 1083      33325F74 
 1083      00
 1084              	.LASF53:
 1085 0243 6F747970 		.ascii	"otyper\000"
 1085      657200
 1086              	.LASF15:
 1087 024a 41484232 		.ascii	"AHB2RSTR\000"
 1087      52535452 
 1087      00
 1088              	.LASF8:
 1089 0253 75696E74 		.ascii	"uint16_t\000"
 1089      31365F74 
 1089      00
 1090              	.LASF10:
 1091 025c 6C6F6E67 		.ascii	"long unsigned int\000"
 1091      20756E73 
 1091      69676E65 
 1091      6420696E 
 1091      7400
 1092              	.LASF78:
 1093 026e 73746D33 		.ascii	"stm32_gpio_init\000"
 1093      325F6770 
 1093      696F5F69 
 1093      6E697400 
 1094              	.LASF50:
 1095 027e 41465248 		.ascii	"AFRH\000"
 1095      00
 1096              	.LASF12:
 1097 0283 504C4C43 		.ascii	"PLLCFGR\000"
 1097      46475200 
 1098              	.LASF75:
 1099 028b 2F686F6D 		.ascii	"/home/mayank/chibios-workspace/ChibiOS/demos/STM32/"
 1099      652F6D61 
 1099      79616E6B 
 1099      2F636869 
 1099      62696F73 
ARM GAS  /tmp/cclw9pZA.s 			page 22


 1100 02be 52542D53 		.ascii	"RT-STM32F407-DISCOVERY\000"
 1100      544D3332 
 1100      46343037 
 1100      2D444953 
 1100      434F5645 
 1101              	.LASF49:
 1102 02d5 4146524C 		.ascii	"AFRL\000"
 1102      00
 1103              	.LASF7:
 1104 02da 73686F72 		.ascii	"short unsigned int\000"
 1104      7420756E 
 1104      7369676E 
 1104      65642069 
 1104      6E7400
 1105              	.LASF32:
 1106 02ed 41504231 		.ascii	"APB1LPENR\000"
 1106      4C50454E 
 1106      5200
 1107              	.LASF40:
 1108 02f7 63686172 		.ascii	"char\000"
 1108      00
 1109              	.LASF70:
 1110 02fc 5F5F6561 		.ascii	"__early_init\000"
 1110      726C795F 
 1110      696E6974 
 1110      00
 1111              	.LASF41:
 1112 0309 5F426F6F 		.ascii	"_Bool\000"
 1112      6C00
 1113              	.LASF29:
 1114 030f 41484232 		.ascii	"AHB2LPENR\000"
 1114      4C50454E 
 1114      5200
 1115              	.LASF63:
 1116 0319 50454461 		.ascii	"PEData\000"
 1116      746100
 1117              	.LASF17:
 1118 0320 52455345 		.ascii	"RESERVED0\000"
 1118      52564544 
 1118      3000
 1119              	.LASF20:
 1120 032a 52455345 		.ascii	"RESERVED1\000"
 1120      52564544 
 1120      3100
 1121              	.LASF24:
 1122 0334 52455345 		.ascii	"RESERVED2\000"
 1122      52564544 
 1122      3200
 1123              	.LASF27:
 1124 033e 52455345 		.ascii	"RESERVED3\000"
 1124      52564544 
 1124      3300
 1125              	.LASF31:
 1126 0348 52455345 		.ascii	"RESERVED4\000"
 1126      52564544 
 1126      3400
 1127              	.LASF34:
ARM GAS  /tmp/cclw9pZA.s 			page 23


 1128 0352 52455345 		.ascii	"RESERVED5\000"
 1128      52564544 
 1128      3500
 1129              	.LASF36:
 1130 035c 52455345 		.ascii	"RESERVED6\000"
 1130      52564544 
 1130      3600
 1131              	.LASF48:
 1132 0366 4C4F434B 		.ascii	"LOCKR\000"
 1132      5200
 1133              	.LASF66:
 1134 036c 50484461 		.ascii	"PHData\000"
 1134      746100
 1135              	.LASF21:
 1136 0373 41484231 		.ascii	"AHB1ENR\000"
 1136      454E5200 
 1137              	.LASF79:
 1138 037b 6770696F 		.ascii	"gpio_init\000"
 1138      5F696E69 
 1138      7400
 1139              	.LASF77:
 1140 0385 73746D33 		.ascii	"stm32_clock_init\000"
 1140      325F636C 
 1140      6F636B5F 
 1140      696E6974 
 1140      00
 1141              	.LASF55:
 1142 0396 70757064 		.ascii	"pupdr\000"
 1142      7200
 1143              	.LASF57:
 1144 039c 61667268 		.ascii	"afrh\000"
 1144      00
 1145              	.LASF58:
 1146 03a1 6770696F 		.ascii	"gpio_setup_t\000"
 1146      5F736574 
 1146      75705F74 
 1146      00
 1147              	.LASF56:
 1148 03ae 6166726C 		.ascii	"afrl\000"
 1148      00
 1149              	.LASF52:
 1150 03b3 6D6F6465 		.ascii	"moder\000"
 1150      7200
 1151              	.LASF14:
 1152 03b9 41484231 		.ascii	"AHB1RSTR\000"
 1152      52535452 
 1152      00
 1153              	.LASF16:
 1154 03c2 41484233 		.ascii	"AHB3RSTR\000"
 1154      52535452 
 1154      00
 1155              	.LASF60:
 1156 03cb 50424461 		.ascii	"PBData\000"
 1156      746100
 1157              	.LASF0:
 1158 03d2 756E7369 		.ascii	"unsigned int\000"
 1158      676E6564 
ARM GAS  /tmp/cclw9pZA.s 			page 24


 1158      20696E74 
 1158      00
 1159              	.LASF69:
 1160 03df 626F6172 		.ascii	"boardInit\000"
 1160      64496E69 
 1160      7400
 1161              	.LASF33:
 1162 03e9 41504232 		.ascii	"APB2LPENR\000"
 1162      4C50454E 
 1162      5200
 1163              	.LASF76:
 1164 03f3 6770696F 		.ascii	"gpio_default_config\000"
 1164      5F646566 
 1164      61756C74 
 1164      5F636F6E 
 1164      66696700 
 1165              		.section	.gnu.debuglto_.debug_line_str,"eMS",%progbits,1
 1166              	.LASF83:
 1167 0000 2E2E2F2E 		.ascii	"../../../os/hal/ports/STM32/LLD/GPIOv2\000"
 1167      2E2F2E2E 
 1167      2F6F732F 
 1167      68616C2F 
 1167      706F7274 
 1168              	.LASF91:
 1169 0027 68616C5F 		.ascii	"hal_lld_type1.h\000"
 1169      6C6C645F 
 1169      74797065 
 1169      312E6800 
 1170              	.LASF87:
 1171 0037 73746469 		.ascii	"stdint.h\000"
 1171      6E742E68 
 1171      00
 1172              	.LASF81:
 1173 0040 2E2E2F2E 		.ascii	"../../../os/common/ext/ST/STM32F4xx\000"
 1173      2E2F2E2E 
 1173      2F6F732F 
 1173      636F6D6D 
 1173      6F6E2F65 
 1174              	.LASF85:
 1175 0064 2F757372 		.ascii	"/usr/lib/gcc/arm-none-eabi/13.2.1/include\000"
 1175      2F6C6962 
 1175      2F676363 
 1175      2F61726D 
 1175      2D6E6F6E 
 1176              	.LASF80:
 1177 008e 2F686F6D 		.ascii	"/home/mayank/chibios-workspace/ChibiOS/demos/STM32/"
 1177      652F6D61 
 1177      79616E6B 
 1177      2F636869 
 1177      62696F73 
 1178 00c1 52542D53 		.ascii	"RT-STM32F407-DISCOVERY\000"
 1178      544D3332 
 1178      46343037 
 1178      2D444953 
 1178      434F5645 
 1179              	.LASF90:
 1180 00d8 626F6172 		.ascii	"board.c\000"
ARM GAS  /tmp/cclw9pZA.s 			page 25


 1180      642E6300 
 1181              	.LASF84:
 1182 00e0 2E2E2F2E 		.ascii	"../../../os/hal/ports/STM32/STM32F4xx\000"
 1182      2E2F2E2E 
 1182      2F6F732F 
 1182      68616C2F 
 1182      706F7274 
 1183              	.LASF89:
 1184 0106 73746D33 		.ascii	"stm32_gpio.h\000"
 1184      325F6770 
 1184      696F2E68 
 1184      00
 1185              	.LASF86:
 1186 0113 2E2E2F2E 		.ascii	"../../../os/hal/boards/ST_STM32F4_DISCOVERY/board.c"
 1186      2E2F2E2E 
 1186      2F6F732F 
 1186      68616C2F 
 1186      626F6172 
 1187 0146 00       		.ascii	"\000"
 1188              	.LASF82:
 1189 0147 2E2E2F2E 		.ascii	"../../../os/hal/boards/ST_STM32F4_DISCOVERY\000"
 1189      2E2F2E2E 
 1189      2F6F732F 
 1189      68616C2F 
 1189      626F6172 
 1190              	.LASF88:
 1191 0173 73746D33 		.ascii	"stm32f407xx.h\000"
 1191      32663430 
 1191      3778782E 
 1191      6800
 1192              		.text
 1193              		.section	.gnu.lto_.profile.3c35e6d6ceba3d4a,"e",%progbits
 1194 0000 789C6362 		.ascii	"x\234cb\000\001\000\000\022\000\003"
 1194      00010000 
 1194      120003
 1195              		.text
 1196              		.section	.gnu.lto_.icf.3c35e6d6ceba3d4a,"e",%progbits
 1197 0000 789CB361 		.ascii	"x\234\263ad\200\003f\206\005\277w\236\343\234\304\310"
 1197      64800366 
 1197      8605BF77 
 1197      9EE39CC4 
 1197      C8
 1198 0011 C4C0442C 		.ascii	"\304\300D,f\032\251\230q\307\355W\273y\030\230\376="
 1198      661AA998 
 1198      71C7ED57 
 1198      BB791898 
 1198      FE3D
 1199 0023 FC7A839D 		.ascii	"\374z\203\235\201\001\000(\307\014\245"
 1199      81010028 
 1199      C70CA5
 1200              		.text
 1201              		.section	.gnu.lto_.ipa_sra.3c35e6d6ceba3d4a,"e",%progbits
 1202 0000 789CE367 		.ascii	"x\234\343g@\000f\006\006FF\0060d\002\022\000\002\023"
 1202      40006606 
 1202      06464606 
 1202      30640212 
 1202      000213
ARM GAS  /tmp/cclw9pZA.s 			page 26


 1203 0013 001B     		.ascii	"\000\033"
 1204              		.text
 1205              		.section	.gnu.lto_.inline.3c35e6d6ceba3d4a,"e",%progbits
 1206 0000 789CAB61 		.ascii	"x\234\253a@\000f\006\206\013\014\015\015\015{\2302\031"
 1206      40006606 
 1206      860B0C0D 
 1206      0D0D7B98 
 1206      3219
 1207 0012 19189866 		.ascii	"\031\030\230f1\002\331[\2302\031\030\330\200\214\006"
 1207      3102D95B 
 1207      98321918 
 1207      D8808C06 
 1208 0022 A6142606 		.ascii	"\246\024&\006&\2202F\006V \367\001S:H\021\003C#\220"
 1208      26903246 
 1208      065620F7 
 1208      01533A48 
 1208      11034323 
 1209 0037 5387A186 		.ascii	"S\207\241\206\013A210C\344\360\250g\000\000\331\205"
 1209      0B413231 
 1209      3043E4F0 
 1209      A8670000 
 1209      D985
 1210 0049 18D8     		.ascii	"\030\330"
 1211              		.text
 1212              		.section	.gnu.lto_.jmpfuncs.3c35e6d6ceba3d4a,"e",%progbits
 1213 0000 789CE365 		.ascii	"x\234\343e@\000f f\0041\230\200\030\000\001\226\000"
 1213      40006620 
 1213      66043198 
 1213      80180001 
 1213      9600
 1214 0012 14       		.ascii	"\024"
 1215              		.text
 1216              		.section	.gnu.lto_.pureconst.3c35e6d6ceba3d4a,"e",%progbits
 1217 0000 789CE362 		.ascii	"x\234\343b```f\230\305\3028\203\205\251\201\005\000"
 1217      60606066 
 1217      98C5C238 
 1217      8385A981 
 1217      0500
 1218 0012 09BC01CF 		.ascii	"\011\274\001\317"
 1219              		.text
 1220              		.section	.gnu.lto_.ipa_modref.3c35e6d6ceba3d4a,"e",%progbits
 1221 0000 789CD363 		.ascii	"x\234\323c@\000&0\311\310\304\014\304,\214@>\214\305"
 1221      40002630 
 1221      C9C8C40C 
 1221      C42C8C40 
 1221      3E8CC5
 1222 0013 C40A1561 		.ascii	"\304\012\025acD\250\006\000\017\356\000d"
 1222      6344A806 
 1222      000FEE00 
 1222      64
 1223              		.text
 1224              		.section	.gnu.lto_.lto.3c35e6d6ceba3d4a,"e",%progbits
 1225 0000 0D000000 		.ascii	"\015\000\000\000\001\000\000\000"
 1225      01000000 
 1226              		.text
 1227              		.section	.gnu.lto_stm32_gpio_init.330.3c35e6d6ceba3d4a,"e",%progbits
 1228 0000 789CA5D8 		.ascii	"x\234\245\330[L\024W\030\300\361\363\235\263\273`4\261"
ARM GAS  /tmp/cclw9pZA.s 			page 27


 1228      5B4C1457 
 1228      18C0F1F3 
 1228      9DB3BB60 
 1228      34B1
 1229 0012 D65EEC8B 		.ascii	"\326^\354\213%m\037\2326\260\2465\366Ucmk\033C\024\255"
 1229      256D1F9A 
 1229      36B0A635 
 1229      F655636D 
 1229      6B1B4314 
 1230 0027 35C61884 		.ascii	"5\306\030\204U\211\305U\211i\2141\014\013U\244\255J"
 1230      5589C555 
 1230      89698C31 
 1230      0C0B55A4 
 1230      AD4A
 1231 0039 0B6A512B 		.ascii	"\013jQ+\245\325\000\021/UZ\360\006(*\002\"\342\202 "
 1231      A5D50011 
 1231      2F555AF0 
 1231      06282A02 
 1231      22E28220 
 1232 004d A8CBB2D6 		.ascii	"\250\313\262\326Z%Ek\015\265\350\366\2333\2633g\206"
 1232      5A25456B 
 1232      0DB5E8F6 
 1232      9B33B333 
 1232      6786
 1233 005f 997DC138 		.ascii	"\231}\30182\263\363\337o\317\316\217\221K\321\013\204"
 1233      32B3F3DF 
 1233      6FCFCE8F 
 1233      914BD10B 
 1233      84
 1234 0070 1413425E 		.ascii	"\024\023B^\307\015\030\201o\363\363(\221$ij\014\205"
 1234      C70D1881 
 1234      6FF3F328 
 1234      9124696A 
 1234      0C85
 1235 0082 ACFCBC71 		.ascii	"\254\374\274qP\015\374\010H&\205L8\300\334x8\330\324"
 1235      500DFC08 
 1235      4826854C 
 1235      38C0DC78 
 1235      38D8D4
 1236 0095 5277705A 		.ascii	"RwpZ\226\324*\261\373\204d\022\365\317h\276?\312\011"
 1236      96D42AB1 
 1236      FB846412 
 1236      F5CF68BE 
 1236      3FCA09
 1237 00a8 B8B3E104 		.ascii	"\270\263\341\004\020'\270\306\203\003\377}\021\342\234"
 1237      1027B8C6 
 1237      8303FF7D 
 1237      11E29C
 1238 00b7 10EB931F 		.ascii	"\020\353\223\037\211\257\225\244\201\323\215\373'\026"
 1238      89AF95A4 
 1238      81D38DFB 
 1238      2716
 1239 00c5 D3F5A761 		.ascii	"\323\365\247a\303)8\011\244\006(\315\205\263\261Nx["
 1239      C3293809 
 1239      A40628CD 
 1239      85B3B14E 
 1239      785B
ARM GAS  /tmp/cclw9pZA.s 			page 28


 1240 00d7 3EFBA871 		.ascii	">\373\250q\313\304b\337sx:S=\215\263\361\371E\372\363"
 1240      CBC462DF 
 1240      73783A53 
 1240      3D8DB3F1 
 1240      F945FAF3 
 1241 00eb F3EA7B99 		.ascii	"\363\352{\231\364\306\272:u\300\031\240,\027ZL\003\360"
 1241      F4C6BA3A 
 1241      75C019A0 
 1241      2C175A4C 
 1241      03F0
 1242 00fd 74A67A9A 		.ascii	"t\246z\232\017\030\215+\257j\362\234\205Z \307a\203"
 1242      0F188D2B 
 1242      AF6AF29C 
 1242      855A20C7 
 1242      6183
 1243 010f BCDC7AE0 		.ascii	"\274\334z\340\313\214\366\262\362\271m'%i\363Tb9\260"
 1243      CB8CF6B2 
 1243      F2B96D27 
 1243      2569F354 
 1243      6239B0
 1244 0122 C57301CE 		.ascii	"\305s\001\316k\003\033F>\260\313\323\004\215\332\300"
 1244      6B031B46 
 1244      3EB0CBD3 
 1244      048DDAC0 
 1245 0132 E6910FEC 		.ascii	"\346\221\017\354\361\\\206\026m`\353\310\007\336\362"
 1245      F15C8616 
 1245      6D60EBC8 
 1245      07DEF2
 1246 0141 5C85366D 		.ascii	"\\\2056m\240\177\344\003\377\364\\\203\016m`\347\310"
 1246      A07FE403 
 1246      FFF45C83 
 1246      0E6D60E7 
 1246      C8
 1247 0152 07F67BBA 		.ascii	"\007\366{\272\341\2726\260g\344\003\007=\267\340\246"
 1247      E1BA36B0 
 1247      67E40307 
 1247      3DB7E0A6 
 1248 0162 363030F2 		.ascii	"600\362\201\377y\372 \250\015\014\311\003\345\263\207"
 1248      81FF79FA 
 1248      20A80D0C 
 1248      C903E5B3 
 1248      87
 1249 0173 DA9C0169 		.ascii	"\332\234\001i0\274W\222Z\022~\271\330]E\023\201P\007"
 1249      30BC5792 
 1249      5A127EB9 
 1249      D85D4513 
 1249      815007
 1250 0186 C58DE1E6 		.ascii	"\305\215\341\346\300\315\211\233\013\267\030\334bq\033"
 1250      C0CD899B 
 1250      0BB718DC 
 1250      62711B
 1251 0195 83DB58DC 		.ascii	"\203\333X\334\010)c\362\215+9\200\2243\252\354e\327"
 1251      082963F2 
 1251      8D2B3980 
 1251      9433AAEC 
 1251      65D7
 1252 01a7 92309582 		.ascii	"\2220\225\202\377\0262\222\315\316\234\036\305\000\357"
ARM GAS  /tmp/cclw9pZA.s 			page 29


 1252      FF163292 
 1252      CDCE9C1E 
 1252      C500EF
 1253 01b6 C6B5FCCE 		.ascii	"\306\265\374\316\\\013\322@\256\204w\347\001\371\006"
 1253      5C0BD240 
 1253      AE8477E7 
 1253      01F906
 1254 01c5 8FCDB803 		.ascii	"\217\315\270\003\277\003\231\362#\356\256\376\003\274"
 1254      BF0399F2 
 1254      23EEAEFE 
 1254      03BC
 1255 01d3 B8946C96 		.ascii	"\270\224l\226]\260\011\030e\340z\023\302|\300\303<\260"
 1255      5DB00918 
 1255      65E07A13 
 1255      C27CC0C3 
 1255      3CB0
 1256 01e5 EAEFC93D 		.ascii	"\352\357\311=\243\362K\275\246\276\016\263\352\372#"
 1256      A3F24BBD 
 1256      A6BE0EB3 
 1256      EAFA23
 1257 01f4 7377E25C 		.ascii	"sw\342\\\007c8W\032\012\207\307F\031=\300G;\304\321"
 1257      07633857 
 1257      1A0A87C7 
 1257      46193DC0 
 1257      473BC4D1 
 1258 0208 63ACBA87 		.ascii	"c\254\272\207|4V%\025|\035\301\247\332[vZ\365\217 ]"
 1258      7C345625 
 1258      157C1DC1 
 1258      A7DA5B76 
 1258      5AF58F20 
 1259 021d 7F8B2E5C 		.ascii	"\177\213.\\\355]\210\262\212\307r\315\\\312*\344\027"
 1259      ED5D88B2 
 1259      8AC772CD 
 1259      5CCA2AE4 
 1259      17
 1260 022e 71A9B363 		.ascii	"q\251\263c\324\372#\261\036\204\025\221\331\257\260"
 1260      D4FA23B1 
 1260      1E841591 
 1260      D9AFB0
 1261 023d 5816336C 		.ascii	"X\0263l\266\241~\"\327,\226\217}^\035;\326*\034\342"
 1261      B6A17E22 
 1261      D72C968F 
 1261      7D5E1D3B 
 1261      D62A1CE2 
 1262 0251 63E5EC1E 		.ascii	"c\345\354\036_D\360\320v\206\037}qP\003\256\365\230"
 1262      5F44F0D0 
 1262      76861F7D 
 1262      715003AE 
 1262      F598
 1263 0263 A3A6727C 		.ascii	"\243\246r|FVN\223\225\363\360\3432\"Osx$\032\226\037"
 1263      46564E93 
 1263      95F3F0E3 
 1263      32224F73 
 1263      78241A96 
 1264 0278 9A922349 		.ascii	"\232\222#I\245\237\245d\321dB\362`#\036\260u>z\034\344"
 1264      A59FA564 
 1264      D16442F2 
ARM GAS  /tmp/cclw9pZA.s 			page 30


 1264      60231EB0 
 1264      753E7A1C 
 1265 028d 917D4F0B 		.ascii	"\221}O\013\366P8\313\367\203\373\012\307C\275\272\362"
 1265      F65038CB 
 1265      F783FB0A 
 1265      C743BDBA 
 1265      F2
 1266 029e 7D7811F1 		.ascii	"}x\021\3615\370$\262\370\031\344P\276\250\322\011\253"
 1266      35F824B2 
 1266      F819E450 
 1266      BEA8D209 
 1266      AB
 1267 02af BFA48BF0 		.ascii	"\277\244\213\360\177Q\224\344K\013\226\0252\375\031"
 1267      7F5194E4 
 1267      4B0B9615 
 1267      32FD19
 1268 02be E636972E 		.ascii	"\3466\227.T\332\360\265g\250.\367\025\321\372\257\350"
 1268      54DAF0B5 
 1268      67A82EF7 
 1268      15D1FAAF 
 1268      E8
 1269 02cf 02A5F74B 		.ascii	"\002\245\367K9\374\275I\301#\321\372-t\276:?\314x]\031"
 1269      39FCBD49 
 1269      C123D1FA 
 1269      2D74BE3A 
 1269      3FCC785D 
 1270 02e4 ADCEA7F3 		.ascii	"\255\316\247\363\224Z\222:\313\235\274\257\216\326\027"
 1270      945A923A 
 1270      CB9DBCAF 
 1270      8ED617
 1271 02f3 D024B5F7 		.ascii	"\320$\265\367\277\305\353S\321\352\035tv\244\366\265"
 1271      BFC5EB53 
 1271      D1EA1D74 
 1271      76A4F6B5 
 1272 0303 CB9F92BE 		.ascii	"\313\237\222\276@\305\366\361\370\325\024j\370\245\342"
 1272      40C5F6F1 
 1272      F8D5146A 
 1272      F8A5E2
 1273 0312 4CCA35AB 		.ascii	"L\3125\253zI9>\307\031s5\306\363`\004\334e\000\334M"
 1273      7A49393E 
 1273      C7197335 
 1273      C6F36004 
 1273      DC6500DC 
 1274 0327 1375C03D 		.ascii	"\023u\300=\006\300\013:`\003\030\227XD\365%\356E\272"
 1274      06C00B3A 
 1274      60031897 
 1274      5844F525 
 1274      EE45BA
 1275 033a 067989B5 		.ascii	"\006y\211\265\016k;1.A\273\006\345\332\206\355\354\304"
 1275      0E6B3B31 
 1275      2E41BB06 
 1275      E5DA86ED 
 1275      ECC4
 1276 034c 7E1FDAF1 		.ascii	"~\037\332\361\2760\357\234zu\207\331\211})\3325\000"
 1276      BE30EF9C 
 1276      7A7587D9 
 1276      897D29DA 
ARM GAS  /tmp/cclw9pZA.s 			page 31


 1276      3500
 1277 035e 6CA5D670 		.ascii	"l\245\326pbZ\216p\015\012\234\024g\355&\346\025\350"
 1277      625A8E70 
 1277      0D0A9C14 
 1277      67ED26E6 
 1277      15E8
 1278 0370 A6BC4D62 		.ascii	"\246\274Mb\315&\306\207\221M\231]\027\307\321\252\025"
 1278      CD26C687 
 1278      914D995D 
 1278      17C7D1AA 
 1278      15
 1279 0381 B47311B4 		.ascii	"\264s\021\264\363*ZHE\273\310\321\266ih\215&\264c\006"
 1279      F32A5A48 
 1279      45BBC8D1 
 1279      B669688D 
 1279      26B46306 
 1280 0395 B44A3A4B 		.ascii	"\264J:KG\373\325\200\326\244\2435\233\320\216\012\013"
 1280      47FBD580 
 1280      D6A4A335 
 1280      9BD08E0A 
 1280      0B
 1281 03a6 AC42B466 		.ascii	"\254B\264f\200\215\324\232LL\217#\031\246?Qk-1=\211"
 1281      808DD49A 
 1281      4C4C8F23 
 1281      19A63F51 
 1281      6B2D313D 
 1282 03bb 5ACDFC4E 		.ascii	"Z\315\374N+/(\261\321\022\373\032\324j\266\327\022\323"
 1282      2B2F28B1 
 1282      D112FB1A 
 1282      D46AB6D7 
 1282      12D3
 1283 03cd 3AD46A56 		.ascii	":\324jV\265$\2275\227\330\327#\227\322\177=\301\332"
 1283      B5249735 
 1283      97D8D723 
 1283      97D27F3D 
 1283      C1DA
 1284 03df 4BAC2FA0 		.ascii	"K\254/\240\027\257\263$\3378\016v[\001\273\030\001k"
 1284      17AFB324 
 1284      DF380E76 
 1284      5B01BB18 
 1284      016B
 1285 03f1 54C10654 		.ascii	"T\301\006T\260K\034l\247\006\326b\002k2\2005\323Ot\260"
 1285      B04B1C6C 
 1285      A706D662 
 1285      026B3280 
 1285      35D34F74 
 1286 0406 4B06B0CB 		.ascii	"K\006\260\313:X\253\011\254QX\341e\004k\265\007\023"
 1286      3A58AB09 
 1286      AC5158E1 
 1286      65046BB5 
 1286      0713
 1287 0418 D32B08D6 		.ascii	"\323+\010\326j\017&\246W\021\254U~\337\355\305\355\324"
 1287      6A0F26A6 
 1287      5711AC55 
 1287      7EDFEDC5 
 1287      EDD4
 1288 042a DA4BCC3B 		.ascii	"\332K\314;\320\213\347\341W\255\305\304\270\013\305"
ARM GAS  /tmp/cclw9pZA.s 			page 32


 1288      D08BE7E1 
 1288      57ADC5C4 
 1288      B80BC5
 1289 0439 F4150FC3 		.ascii	"\364\025\017\303\022\323n\304\322\323aRbz\003\245\370"
 1289      12D36EC4 
 1289      D2D36152 
 1289      627A03A5 
 1289      F8
 1290 044a 12249F54 		.ascii	"\022$\237T\352\344T\017\024\252K\021\252\026\225jH\245"
 1290      EAE4540F 
 1290      14AA4B11 
 1290      AA16956A 
 1290      48A5
 1291 045c BAC2A98A 		.ascii	"\272\302\251\2125\2526\023U\257\201*Hg\352T}\006\252"
 1291      35AA3613 
 1291      55AF812A 
 1291      4867EA54 
 1291      7D06AA
 1292 046f AB3A95DF 		.ascii	"\253:\225\337D\025\020\226x\033\251\374\366Tbz\007\251"
 1292      44151096 
 1292      781BA9FC 
 1292      F654627A 
 1292      07A9
 1293 0481 FCF65462 		.ascii	"\374\366Tbz\027\251\364\251\303\230\304\364\0362\371"
 1293      7A17A9F4 
 1293      A9C398C4 
 1293      F41E32F9 
 1294 0491 ED6F2B31 		.ascii	"\355o+1\355G$\277=\222\230\376\205H~{$1}\200H\230\036"
 1294      ED4724BF 
 1294      3D9298FE 
 1294      85487E7B 
 1294      24317D80 
 1295 04a8 54BE603D 		.ascii	"T\276`=U|\256D|\332T\237\322\227\225\343v\356S\252\371"
 1295      557CAE44 
 1295      7CDA549F 
 1295      D29795E3 
 1295      76EE53AA 
 1296 04bd 74987C1E 		.ascii	"t\230|\036\031|\376\241\037\352>\217\015>\327t\237N"
 1296      197CFEA1 
 1296      1FEA3E8F 
 1296      0D3ED774 
 1296      9F4E
 1297 04cf 93CFDFC2 		.ascii	"\223\317\337\302\352\006\321\247\323\336GL\237\240O"
 1297      EA06D1A7 
 1297      D3DE474C 
 1297      9FA04F
 1298 04de A7BD8F98 		.ascii	"\247\275\217\230\016\241O\247\275\217\230>C\237N{\037"
 1298      0EA14FA7 
 1298      BD8F983E 
 1298      439F4E7B 
 1298      1F
 1299 04ef 3195D83C 		.ascii	"1\225\330<a\3520\0371\365\261$!\035\346#\2469l\266\226"
 1299      61EA301F 
 1299      31F5B124 
 1299      211DE623 
 1299      A6396CB6 
 1300 0504 FA02653B 		.ascii	"\372\002e;\270O{\304\247C\3659\246\372tq\237\303\232"
ARM GAS  /tmp/cclw9pZA.s 			page 33


 1300      B84F7BC4 
 1300      A743F539 
 1300      A6FA7471 
 1300      9FC39A
 1301 0517 CF7593CF 		.ascii	"\317u\223\317&&\372\344\262\031\272\317f&\372t\353>"
 1301      2626FAE4 
 1301      B219BACF 
 1301      6626FA74 
 1301      EB3E
 1302 0529 3D269F8D 		.ascii	"=&\237\215L\370~\215-\302\237\265l}\304\364\033\266"
 1302      4CF87E8D 
 1302      2DC29FB5 
 1302      6C7DC4F4 
 1302      1BB6
 1303 053b 504EED7C 		.ascii	"PN\355|\304t+[ L\035\346#\246\371l\276\234\332\371\210"
 1303      C4742B5B 
 1303      204C1DE6 
 1303      23A6F96C 
 1303      BE9CDAF9 
 1304 0550 E977E8D3 		.ascii	"\351w\350\323c\357#\246\205\350\323c\357#\246;\320\247"
 1304      63EF23A6 
 1304      85E8D363 
 1304      EF23A63B 
 1304      D0A7
 1305 0562 47F3A954 		.ascii	"G\363\251T|\272\">\327U\237\200\352s\203\373Ti>7M>E"
 1305      7CBA223E 
 1305      D7559F80 
 1305      EA7383FB 
 1305      54693E37 
 1306 0579 069F5D6C 		.ascii	"\006\237]l\272\356\263\333\340sK\367\011\230|\276\027"
 1306      BAEEB3DB 
 1306      E0734BF7 
 1306      09987CBE 
 1306      17
 1307 058a 56F703FA 		.ascii	"V\367\003\372\004\354}\304\264\030}\002\366>bZ\202>"
 1307      04EC7DC4 
 1307      B4187D02 
 1307      F63E625A 
 1307      823E
 1308 059c 017B1F31 		.ascii	"\001{\0371\375\031}\002\366>b\272\037}\002\366>bZ\212"
 1308      FD197D02 
 1308      F63E62BA 
 1308      1F7D02F6 
 1308      3E625A8A 
 1309 05b0 3E017B1F 		.ascii	">\001{\0371-G\237\200\346\323\253\370\334\210\370\334"
 1309      312D479F 
 1309      80E6D3AB 
 1309      F8DC88F8 
 1309      DC
 1310 05c1 547DEEAB 		.ascii	"T}\356\253>\275\334\247V\363\011\232|*\014>\007\331"
 1310      3EBDDCA7 
 1310      56F3099A 
 1310      7C2A0C3E 
 1310      07D9
 1311 05d3 34DDE790 		.ascii	"4\335\347\220\301\247O\367\011\231|\016\010\253;\202"
 1311      C1A74FF7 
 1311      09997C0E 
ARM GAS  /tmp/cclw9pZA.s 			page 34


 1311      08AB3B82 
 1312 05e3 3E217B1F 		.ascii	">!{\0371=\212>!{\0371\255D\237\220\275\217\230\376\206"
 1312      313D8A3E 
 1312      217B1F31 
 1312      AD449F90 
 1312      BD8F98FE 
 1313 05f8 3E217B1F 		.ascii	">!{\0371\255F\237\220\275\217\230\236@\237\220\275\217"
 1313      31AD469F 
 1313      90BD8F98 
 1313      9E409F90 
 1313      BD8F
 1314 060a 989E429F 		.ascii	"\230\236B\237\220\346\323\257\370\364F|\202\270\263"
 1314      90E6D3AF 
 1314      F8F4467C 
 1314      82B8B3
 1315 0619 89E10F52 		.ascii	"\211\341\017R\273\201\377\276\261\214\201\362k\016\037"
 1315      BB81FFBE 
 1315      B18C81F2 
 1315      6B0E1F
 1316 0628 7E6B4F3E 		.ascii	"~kO>v/\367\246{\334\351\311\353\222W\256p\247,O[\222"
 1316      762FF7A6 
 1316      7BDCE9C9 
 1316      EB9257AE 
 1316      70A72C4F 
 1317 063e E6CD88FF 		.ascii	"\346\315\210\377\302\273fE\306\252\344\024\217{\272"
 1317      C2BB6645 
 1317      C6AAE414 
 1317      8F7BBA
 1318 064d FC486292 		.ascii	"\374Hb\222;\325\223\356\315p'\315\235\365\356;\3569"
 1318      3BD593EE 
 1318      CD7027CD 
 1318      9DF5EE3B 
 1318      EE39
 1319 065f 73E3F9CE 		.ascii	"s\343\371\316\007\223'\275\027\377\376\314\244\351\211"
 1319      079327BD 
 1319      17FFFECC 
 1319      A4E989
 1320 066e 9FCE98B3 		.ascii	"\237\316\230\263\200LNHp+\177\261\\\236\374\271{\211"
 1320      804C4E48 
 1320      702B7FB1 
 1320      5C9EFCB9 
 1320      7B89
 1321 0680 37794DAA 		.ascii	"7yM\252\374\244\305j\276X\213\225s\011)\304\271lU\232"
 1321      FCA4C56A 
 1321      BE588B95 
 1321      730929C4 
 1321      B96C559A 
 1322 0694 77D538F5 		.ascii	"w\3258\3650!uR\362\224\245\251\251)\304\225\342]\271"
 1322      30217552 
 1322      F294A5A9 
 1322      A929C495 
 1322      E25DB9
 1323 06a7 346DD9FF 		.ascii	"4m\331\377\003\277-("
 1323      03BF2D28 
 1324              		.text
 1325              		.section	.gnu.lto___early_init.331.3c35e6d6ceba3d4a,"e",%progbits
 1326 0000 789C9BC6 		.ascii	"x\234\233\306\300\300\320\010\304\312@\314\310\314\300"
ARM GAS  /tmp/cclw9pZA.s 			page 35


 1326      C0C0D008 
 1326      C4CA40CC 
 1326      C8CCC0
 1327 000f 38696217 		.ascii	"8ib\027\023CCC\203\003;\023c\343\304.A\306\235\214`"
 1327      13434343 
 1327      83033B13 
 1327      63E3C42E 
 1327      41C69D8C 
 1328 0024 1E23433D 		.ascii	"\036#C=\023c=\343\032f} \367\307\351s\007_q64\264J\274"
 1328      13633DE3 
 1328      1A667D20 
 1328      F7C7E973 
 1328      075F7136 
 1329 003c 6160A867 		.ascii	"a`\250g\200\002n\010\233\021\210\327_b}\320\360\343"
 1329      80026E08 
 1329      9B1188D7 
 1329      5F627DD0 
 1329      F0E3
 1330 004e FFFC8686 		.ascii	"\377\374\206\206U}\214\237w1\26100\254d\006\031\333"
 1330      557D8C9F 
 1330      7731B130 
 1330      30AC6406 
 1330      19DB
 1331 0060 C0C2C8B0 		.ascii	"\300\302\310\260\212\231\011\302j<\300\360\237\251\341"
 1331      8A9909C2 
 1331      6A3CC0F0 
 1331      9FA9E1
 1332 006f D1C6B9CC 		.ascii	"\321\306\271\314\014\255\314\315\012\014]\214L\265\325"
 1332      0CADCCCD 
 1332      0A0C5D8C 
 1332      4CB5D5
 1333 007e 0C0C4CCC 		.ascii	"\014\014L\314`\341-\262\010\321r\260h;s\323\203\235"
 1333      60E12DB2 
 1333      08D172B0 
 1333      683B73D3 
 1333      839D
 1334 0090 7319C196 		.ascii	"s\031\301\226\255df\204\030\322p\000\310\363\322\317"
 1334      AD646684 
 1334      18D27000 
 1334      C8F3D2CF 
 1335 00a0 C8CF4DD5 		.ascii	"\310\317M\325\317M\254L\314\313\326O\316\310L\312\314"
 1335      CF4DAC4C 
 1335      CCCBD64F 
 1335      CEC84CCA 
 1335      CC
 1336 00b1 2FD62DCF 		.ascii	"/\326-\317/\312..HLN\325w\006\211\370\007\353\247\244"
 1336      2FCA2E2E 
 1336      484C4ED5 
 1336      770689F8 
 1336      07EBA7A4 
 1337 00c5 E6E617EB 		.ascii	"\346\346\027\353\007\207\370\032\033\351\007\205\350"
 1337      0787F81A 
 1337      1BE90785 
 1337      E8
 1338 00d2 82196E26 		.ascii	"\202\031n&\006\346\272.\236\301\316\376a\256A\221\014"
 1338      06E6BA2E 
 1338      9EC1CEFE 
ARM GAS  /tmp/cclw9pZA.s 			page 36


 1338      61AE4191 
 1338      0C
 1339 00e3 267A7AFA 		.ascii	"&zz\372\020\004T\231\221\230\243\237\224\237X\224\002"
 1339      10045499 
 1339      9198A39F 
 1339      949F5894 
 1339      02
 1340 00f4 D2140F55 		.ascii	"\322\024\017U\036\017W\014\221\323Kf\000\000\302/_\334"
 1340      1E0F570C 
 1340      91D34B66 
 1340      0000C22F 
 1340      5FDC
 1341              		.text
 1342              		.section	.gnu.lto_boardInit.332.3c35e6d6ceba3d4a,"e",%progbits
 1343 0000 789CCB66 		.ascii	"x\234\313f``h\004be fdf`\2344\261\213\211\241\241\241"
 1343      60606804 
 1343      62652066 
 1343      6466609C 
 1343      34B18B89 
 1344 0017 C1819D89 		.ascii	"\301\201\235\211\261qb\227 \343NF0\217\221\241\236\211"
 1344      B1716297 
 1344      20E34E46 
 1344      308F91A1 
 1344      9E89
 1345 0029 B19E710D 		.ascii	"\261\236q\015\263>\220\373\343\364\271\306e\\\015\015"
 1345      B33E90FB 
 1345      E3F4B9C6 
 1345      655C0D0D 
 1346 0039 AD126F18 		.ascii	"\255\022o\030\030\352\031\240\200\033\302f\004\342\365"
 1346      18EA19A0 
 1346      801BC266 
 1346      04E2F5
 1347 0048 97581F34 		.ascii	"\227X\0374\374\370?\277\241\341T7\343\345\223LL\014"
 1347      FCF83FBF 
 1347      A1E15437 
 1347      E3E5934C 
 1347      4C0C
 1348 005a 0C2B9941 		.ascii	"\014+\231A\3066\26002\254bf\202\260\032\0170\374gjP"
 1348      C636B030 
 1348      32AC6266 
 1348      82B01A0F 
 1348      30FC676A 
 1349 006f 6268676E 		.ascii	"bhgnR\000\233\260\222\231\021\"\323p\000\310\363\322"
 1349      52009BB0 
 1349      92991122 
 1349      D37000C8 
 1349      F3D2
 1350 0081 CFC8CF4D 		.ascii	"\317\310\317M\325\317M\254L\314\313\326O\316\310L\312"
 1350      D5CF4DAC 
 1350      4CCCCBD6 
 1350      4FCEC84C 
 1350      CA
 1351 0092 CC2FD62D 		.ascii	"\314/\326-\317/\312..HLN\325w\006\211\370\007\353\247"
 1351      CF2FCA2E 
 1351      2E484C4E 
 1351      D5770689 
 1351      F807EBA7 
ARM GAS  /tmp/cclw9pZA.s 			page 37


 1352 00a6 A4E6E617 		.ascii	"\244\346\346\027\353\007\207\370\032\033\351\007\205"
 1352      EB0787F8 
 1352      1A1BE907 
 1352      85
 1353 00b3 E882196E 		.ascii	"\350\202\031n&\006\346\272.\236\301\316\376a\256A\221"
 1353      2606E6BA 
 1353      2E9EC1CE 
 1353      FE61AE41 
 1353      91
 1354 00c4 0C267A7A 		.ascii	"\014&zz\372\020\004T\231\221\230\243\237\224\237X\224"
 1354      FA100454 
 1354      999198A3 
 1354      9F949F58 
 1354      94
 1355 00d5 02D2140F 		.ascii	"\002\322\024\017U\036\017W\014\221\323Kf\000\000\033"
 1355      551E0F57 
 1355      0C91D34B 
 1355      6600001B 
 1356 00e5 7D5276   		.ascii	"}Rv"
 1357              		.text
 1358              		.section	.gnu.lto_.symbol_nodes.3c35e6d6ceba3d4a,"e",%progbits
 1359 0000 789C6DCB 		.ascii	"x\234m\313\333\011\200@\014D\321I\"\253Va/6\226\260"
 1359      DB098040 
 1359      0C44D149 
 1359      22AB5661 
 1359      2F3696B0 
 1360 0014 5840DAD1 		.ascii	"X@\332\321\022|\265\244\033\327\037\301\3735p\030C\211"
 1360      127CB5A4 
 1360      1BD71FC1 
 1360      FB357018 
 1360      4389
 1361 0026 57D664A5 		.ascii	"W\326d\245\206\374\004\024\230=gKA\033k\373\241\305"
 1361      86FC0414 
 1361      983D674B 
 1361      411B6BFB 
 1361      A1C5
 1362 0038 3307ECAC 		.ascii	"3\007\354\254\335\037\320\301\332_o\303\203\200\271"
 1362      DD1FD0C1 
 1362      DA5F6FC3 
 1362      8380B9
 1363 0047 8509A15E 		.ascii	"\205\011\241^F!\251k\"\334>;'\321"
 1363      4621A96B 
 1363      22DC3E3B 
 1363      27D1
 1364              		.text
 1365              		.section	.gnu.lto_.refs.3c35e6d6ceba3d4a,"e",%progbits
 1366 0000 789C6364 		.ascii	"x\234cd\000\002\000\000\012\000\002"
 1366      00020000 
 1366      0A0002
 1367              		.text
 1368              		.section	.gnu.lto_.decls.3c35e6d6ceba3d4a,"e",%progbits
 1369 0000 789CAD57 		.ascii	"x\234\255WkPTG\026\356>\363\240A\\0\257%U\251\015\377"
 1369      6B505447 
 1369      16EE3EF3 
 1369      A0415C30 
 1369      AF2555A9 
 1370 0016 42654B47 		.ascii	"BeKG\300h\252vk7\012(lL\240\006\223T~\021\002\030I\300"
ARM GAS  /tmp/cclw9pZA.s 			page 38


 1370      C068AA76 
 1370      6B370A28 
 1370      6C4CA006 
 1370      93547E11 
 1371 002e A100B366 		.ascii	"\241\000\263fwS\3333\0148(\342\2141J\2101\203\306Gv"
 1371      7753DB33 
 1371      0C3828E2 
 1371      8C314A88 
 1371      3183C647 
 1372 0043 A310E30A 		.ascii	"\243\020\343\012A\243\203\200\212FEA%>\020\021\024\215"
 1372      41A38380 
 1372      8A464541 
 1372      253E1011 
 1372      148D
 1373 0055 86519020 		.ascii	"\206Q\220 A\335\323\367\3210\306\244\366\307\336\342"
 1373      41DDD3F7 
 1373      D130C6A4 
 1373      F6C7DEE2 
 1374 0065 A3FBF677 		.ascii	"\243\373\366w^}N\337s\357<\033N\310\021\003!=\204\220"
 1374      5E7D4EDF 
 1374      73EF3C1B 
 1374      4EC81103 
 1374      213D8490 
 1375 0079 FB781971 		.ascii	"\373x\031q<\215\010A\324#\236\240\204\274\200x\034\261"
 1375      3C8D0841 
 1375      D4239EA0 
 1375      84BC8078 
 1375      1CB1
 1376 008b 0FEFFF8C 		.ascii	"\017\357\377\214c\002b\016\"\011\361\"b\031\020\022"
 1376      6302620E 
 1376      2209F122 
 1376      62191012 
 1377 009b 49D4F5D7 		.ascii	"I\324\365\3274\371\267\021\317h\372\272n(\216C8\006"
 1377      34F9B711 
 1377      CF68FABA 
 1377      6E288E43 
 1377      3806
 1378 00ad E3588270 		.ascii	"\343X\202p!\212\021\245\210\367\251j;\0261\035\361\007"
 1378      218A11A5 
 1378      88F7A96A 
 1378      3B16311D 
 1378      F107
 1379 00bf C41F1133 		.ascii	"\304\037\0213\020\317!\236G\024!8\342\237\210\277!\354"
 1379      10CF219E 
 1379      47142138 
 1379      E29F88BF 
 1379      21EC
 1380 00d1 887F20FE 		.ascii	"\210\177 \376\216p V`\034&\242\306\266T\2133^\213\361"
 1380      8E702056 
 1380      601C26A2 
 1380      C6B6548B 
 1380      335E8BF1 
 1381 00e5 03E47050 		.ascii	"\003\344pPb6?J\215\346\307i\244\021\034\366\363w\351"
 1381      62363F4A 
 1381      8DE6C769 
 1381      A4111CF6 
 1381      F377E9
ARM GAS  /tmp/cclw9pZA.s 			page 39


 1382 00f8 241FE7C3 		.ascii	"$\037\347\303\334\347\014\216\252\247_#\275K\025\341"
 1382      DCE70C8E 
 1382      AAA75F23 
 1382      BD4B15E1 
 1383 0108 94013147 		.ascii	"\224\0011GQ\221\2250\034\011c\3449\256\\\216\247\211"
 1383      51919530 
 1383      1C0963E4 
 1383      39AE5C8E 
 1383      A789
 1384 011a 4F184317 		.ascii	"O\030C\027\241\3545b\204\275\376\306n\026\326%\354\360"
 1384      A1EC3562 
 1384      84BDFEC6 
 1384      6E16D625 
 1384      ECF0
 1385 012c D2478862 		.ascii	"\322G\210bg\037\215j\240{\351\036\212\266\206\205A\206"
 1385      671F8D6A 
 1385      A07BE91E 
 1385      8AB68685 
 1385      4186
 1386 013e 3E7D84BD 		.ascii	">}\204\275\201\362K\227~Ye\012\343\232\374\243\252\337"
 1386      81F24B97 
 1386      7E59650A 
 1386      E39AFCA3 
 1386      AADF
 1387 0150 839444C7 		.ascii	"\203\224D\307\030\341z\373\267\243\023\302|\017\267"
 1387      18E17AFB 
 1387      B7A313C2 
 1387      7C0FB7
 1388 015f 6584866D 		.ascii	"e\204\206m\033\273\330oQ\325\311\271\317\330B\367\323"
 1388      1BBBD86F 
 1388      51D5C9B9 
 1388      CFD842F7 
 1388      D3
 1389 0170 66D43D44 		.ascii	"f\324=D\205\272\360\342'\354m\302\026\212i\037a\005"
 1389      85BAF0E2 
 1389      27EC6DC2 
 1389      168A691F 
 1389      6105
 1390 0182 62EC22EC 		.ascii	"b\354\"\354}\302\226P1\357 \314\203[\371X\271i%l#\336"
 1390      7DC29650 
 1390      31EF20CC 
 1390      835BF958 
 1390      B969256C 
 1391 0198 542B3707 		.ascii	"T+7\007\011\373Z\231`\214\215\270zX\271y\236\265\341"
 1391      09FB5A99 
 1391      608C8DB8 
 1391      7A58B979 
 1391      9EB5E1
 1392 01ab FCBC329F 		.ascii	"\374\2742\237\312zq~C\231G\261\333\312\030\311\356\343"
 1392      CA7A717E 
 1392      439947B1 
 1392      DBCA18C9 
 1392      EEE3
 1393 01bd 9A0BC43C 		.ascii	"\232\013\304<\202y\000M+\363p\366\031\316\267\"v\"\352"
 1393      8279004D 
 1393      2BF370F6 
 1393      19CEB722 
ARM GAS  /tmp/cclw9pZA.s 			page 40


 1393      7622EA
 1394 01d0 117B1107 		.ascii	"\021{\021\007\024\316EE&\030;\004\304\370\247\363\255"
 1394      14CE4545 
 1394      26183B04 
 1394      C4F8A7F3 
 1394      AD
 1395 01e1 AB47263C 		.ascii	"\253G&<\373\260+B\316.b2j\267\036\\\236\363\321\011"
 1395      FBB02B42 
 1395      CE2E6232 
 1395      6AB71E5C 
 1395      9EF3D109 
 1396 01f5 BE827B1D 		.ascii	"\276\202{\035%\320Ho\322e\240\346-\032O*%(S\323~\305"
 1396      25D0486F 
 1396      D265A0E6 
 1396      2D1A4F2A 
 1396      252853D3 
 1397 020b 4F0FFA66 		.ascii	"O\017\372f6\322K\222\274(\316\224B\256\323\311[\343"
 1397      36D24B92 
 1397      BC28CE94 
 1397      42AED3C9 
 1397      5BE3
 1398 021d 35630966 		.ascii	"5c\011f\272\346\214\312\265\320\013\222\353\244\322"
 1398      BAE68CCA 
 1398      B5D00B92 
 1398      EBA4D2
 1399 022c 6C87AED9 		.ascii	"l\207\256\331\025\300\252f+\256i\344mI\356\036S\335"
 1399      15C0AA66 
 1399      2BAE69E4 
 1399      6D49EE1E 
 1399      53DD
 1400 023e A1ABF64B 		.ascii	"\241\253\366K\266y\214\035\324\331\323\222=5\306\256"
 1400      B6798C1D 
 1400      D4D9D392 
 1400      3D35C6AE 
 1401 024e D42D7F2B 		.ascii	"\324-\177+\331\303*\213\325\257\271w\205!y\210\036C"
 1401      D9C32A8B 
 1401      D5AFB977 
 1401      85217988 
 1401      1E43
 1402 0260 523D0347 		.ascii	"R=\003GeL\365\272\335\357\245\346U\205\024\212'4\305"
 1402      654CF5BA 
 1402      DDEFA5E6 
 1402      5585148A 
 1402      2734C5
 1403 0273 5EA9D823 		.ascii	"^\251\330#\025\267\353\212\376\200p\325$\015\353Ij\227"
 1403      15B7EB8A 
 1403      FE8070D5 
 1403      240DEB49 
 1403      6A97
 1404 0285 64DB58B4 		.ascii	"d\333X\264#\272\352\011\311\266J\273{t\262O\222\227"
 1404      23BAEA09 
 1404      C9B64ABB 
 1404      7B74B24F 
 1404      9297
 1405 0297 25D9AA93 		.ascii	"%\331\252\223W\002H\315\356j=\013\337\004\344WU\035"
 1405      570248CD 
 1405      EE6A3D0B 
ARM GAS  /tmp/cclw9pZA.s 			page 41


 1405      DF04E457 
 1405      551D
 1406 02a9 D2554F06 		.ascii	"\322UO\006\204\244\222\347t\362\274$\317J\362\226Nv"
 1406      84A492E7 
 1406      74F2BC24 
 1406      CF4AF296 
 1406      4E76
 1407 02bb 04A45E49 		.ascii	"\004\244^I\021>Y<\230\014\322\001\245\2675\320a:D\035"
 1407      113E593C 
 1407      980CD201 
 1407      A5B735D0 
 1407      613A441D 
 1408 02cf 304A97C3 		.ascii	"0J\227\303J\340\340\206b(\001;\374H?\200\021z\207\226"
 1408      4AE0E086 
 1408      6228013B 
 1408      FC483F80 
 1408      117A8796 
 1409 02e3 8207CA61 		.ascii	"\202\007\312a)\334\245.(\002'\254\200\373\264\014\356"
 1409      29DCA52E 
 1409      280227AC 
 1409      80FBB40C 
 1409      EE
 1410 02f4 D155B004 		.ascii	"\321U\260\004~\022]B\270s\353\2738\022PK5\226\235z,"
 1410      7E125D42 
 1410      B873EBBB 
 1410      3812504B 
 1410      35969D7A 
 1411 0309 3F48F2BA 		.ascii	"?H\362\272,\227_+\327\031Y\256\357\244\342\250\256x"
 1411      2C975F2B 
 1411      D71959AE 
 1411      EFA4E2A8 
 1411      AE78
 1412 031b 3C20E798 		.ascii	"< \347\2309Q\257\335z\275\256\005\234\002-\257\235\272"
 1412      3951AFDD 
 1412      7ABDAE05 
 1412      9C022DAF 
 1412      9DBA
 1413 032d EEB980EC 		.ascii	"\356\271\200\354hl\235\316\336\010\010IcO\351lw\300"
 1413      686C9DCE 
 1413      DE080849 
 1413      634FE96C 
 1413      77C0
 1414 033f 73A69DCC 		.ascii	"s\246\235\314U\327\324\210\017\310\210\233\224\210Y"
 1414      55D7D488 
 1414      0FC8889B 
 1414      948859
 1415 034e 9B015BDF 		.ascii	"\233\001[\337J\347p\307\304\210\300,\177\010\377\207"
 1415      4AE770C7 
 1415      C488C02C 
 1415      7F08FF87 
 1416 035e 341BA1FC 		.ascii	"4\033\241\374F\267\023d7_\255E\266\006;?\273` \254\007"
 1416      46B71364 
 1416      375FAD45 
 1416      B6063B3F 
 1416      BB6020AC 
 1417 0373 710DD18F 		.ascii	"q\015\321\217\270i \330\203\302\261\031\001\033\300"
 1417      B86920D8 
ARM GAS  /tmp/cclw9pZA.s 			page 42


 1417      83C2B119 
 1417      011BC0
 1418 0382 F933D8E6 		.ascii	"\3713\330\346\015\370\237\260;\"\310~\237\267\177\242"
 1418      0DF89FB0 
 1418      3B22C87E 
 1418      9FB77FA2 
 1419 0392 E8C1839C 		.ascii	"\350\301\203\234\027\207\220O`\035\220\365\360L\003"
 1419      1787904F 
 1419      601D90F5 
 1419      F04C03
 1420 03a1 AD022F30 		.ascii	"\255\002/0\207\221\030\315\327\313\355\267C\261G\011"
 1420      879118CD 
 1420      D7CBEDB7 
 1420      43B14709 
 1421 03b1 77754DF6 		.ascii	"wuM\366\376\304\266\"\276\3057s\003|\006\233@QP\333"
 1421      FEC4B622 
 1421      BEC53773 
 1421      037C069B 
 1421      405150DB 
 1422 03c5 8BB65393 		.ascii	"\213\266S\223\332\310\311&\334\350F\330\214\254R\243"
 1422      DAC8C926 
 1422      DCE846D8 
 1422      8CAC52A3 
 1423 03d5 91FDE53C 		.ascii	"\221\375\345<\322Qf\334\000\237\216W\373\004;\243\271"
 1423      D25166DC 
 1423      009F8E57 
 1423      FB043BA3 
 1423      B9
 1424 03e6 B67DD911 		.ascii	"\266}\331\021\363\263O\012\0175\203%+x\244\263\014\373"
 1424      F3B34F0A 
 1424      0F358325 
 1424      2B78A4B3 
 1424      0CFB
 1425 03f8 FDC7F0F9 		.ascii	"\375\307\360\371\370\356\245\276C0\221\352\332\347h"
 1425      F8EEA5BE 
 1425      433091EA 
 1425      DAE768
 1426 0407 7E0BFC4B 		.ascii	"~\013\374K\230\307U\377\350\376\011\030\323&X\033\250"
 1426      98C755FF 
 1426      E8FE0918 
 1426      D326581B 
 1426      A8
 1427 0418 648443D7 		.ascii	"d\204C\327\266}\310\236\364\376\2422\333e\304\216\215"
 1427      B67DC89E 
 1427      F4FEA232 
 1427      DB65C48E 
 1427      8D
 1428 0429 6844B420 		.ascii	"hD\264 \216#:\214\"i>`\235\230\200'x\265\367t\320\270"
 1428      8E233A8C 
 1428      22693E60 
 1428      9D988027 
 1428      78B5F774 
 1429 043f 568D07C3 		.ascii	"V\215\007\303\337\261\177\355\357\324\366\\\003\273"
 1429      DFB17FED 
 1429      EFD4F65C 
 1429      03BB
 1430 044d 02DA7315 		.ascii	"\002\332s\025\262\367\366\337\022\307\346\337P)\311"
ARM GAS  /tmp/cclw9pZA.s 			page 43


 1430      B2F7F6DF 
 1430      12C7E6DF 
 1430      5029C9
 1431 045c ABFA59F6 		.ascii	"\253\372Y\366\257:\240\253~%\331qm\340\214\226\200F"
 1431      AF3AA0AB 
 1431      7E25D971 
 1431      6DE08C96 
 1431      8046
 1432 046e 5A2DE966 		.ascii	"Z-\351f\371 \254\\\242\263\025\001\312*{J\352~9>*\225"
 1432      F920AC5C 
 1432      A2B31501 
 1432      CA2A7B4A 
 1432      EA7E393E 
 1433 0484 EC94E456 		.ascii	"\354\224\344VI\312\247O=\243\333At\310]\230\235\257"
 1433      49CAA74F 
 1433      3DA3DB41 
 1433      74C85D98 
 1433      9DAF
 1434 0496 6107D4C2 		.ascii	"a\007\324\302n\250\207o\340?\260\007\352`'hO\3709ig"
 1434      6EA8876F 
 1434      E03FB007 
 1434      EA602768 
 1434      4FF83969 
 1435 04ab 5B40805A 		.ascii	"[@\200Z\374~I\177\021\340F\243\335r\003\037\005\344"
 1435      FC7E497F 
 1435      11E046A3 
 1435      DD72031F 
 1435      05E4
 1436 04bd 06697609 		.ascii	"\006iv\011\263\015\203\315E\016\210\010\014i/\374JL"
 1436      B30D83CD 
 1436      450E8808 
 1436      0C692FFC 
 1436      4A4C
 1437 04cf 4618397A 		.ascii	"F\0309z\377\312\330\343\340\323\2546\240\012\222w/\255"
 1437      FFCAD8E3 
 1437      E0D3AC36 
 1437      A00A9277 
 1437      2FAD
 1438 04e1 D8173A40 		.ascii	"\330\027:@\321\230\213\373\354M\214\257w.\347%\274\311"
 1438      D1988BFB 
 1438      EC4D8CAF 
 1438      772EE725 
 1438      BCC9
 1439 04f3 4E2B781D 		.ascii	"N+x\035\367\356([n\250\\\337\344\262\243@\304\372\242"
 1439      F7EE285B 
 1439      6EA85CDF 
 1439      E4B2A340 
 1439      C4FAA2
 1440 0506 3A5E59F3 		.ascii	":^Y\363Fe%/\333W\345\342^J\035\270\354\263\233+q@\211"
 1440      4665252F 
 1440      DB57E5E2 
 1440      5E4A1DB8 
 1440      ECB39B2B 
 1441 051d B208BE56 		.ascii	"\262\010\276V|\026\225\224y\251]\375B\342\023\371\016"
 1441      7C169594 
 1441      79A95DFD 
 1441      42E213F9 
ARM GAS  /tmp/cclw9pZA.s 			page 44


 1441      0E
 1442 052e CE8B1091 		.ascii	"\316\213\020\221\225\316\032\237\035\303n\245\336\015"
 1442      95CE1A9F 
 1442      1DC36EA5 
 1442      DE0D
 1443 053c 25C8BC81 		.ascii	"%\310\274\201p\333/\333\227L\364\333\373\370\032G\237"
 1443      70DB2FDB 
 1443      974CF4DB 
 1443      FBF81A47 
 1443      9F
 1444 054d 3BB2880B 		.ascii	";\262\210\013G%\234VxQ\302W\302a=o\344\036\276v\371"
 1444      47259C56 
 1444      7851C257 
 1444      C2613D6F 
 1444      E41EBE76 
 1445 0562 6F1CEBBD 		.ascii	"o\034\353\275\307<^\037\247\030\240\313\343hb\036\357"
 1445      C73C5E1F 
 1445      A718A0CB 
 1445      E368621E 
 1445      EF
 1446 0573 3997C76B 		.ascii	"9\227\307k\254r8\271\260:\311\343mr\011P\217\010\327"
 1446      AC7238B9 
 1446      B03AC9E3 
 1446      6D720950 
 1446      8F08D7
 1447 0586 71D015EE 		.ascii	"q\320\025\356\361\211\000\232x\270\335\353\302\025\356"
 1447      F189009A 
 1447      78B8DDEB 
 1447      C215EE
 1448 0595 A26B844B 		.ascii	"\242k\204K\007\256\270Q\306\343\340\014\241,P7w\272"
 1448      07AEB851 
 1448      C6E3E00C 
 1448      A12C5037 
 1448      77BA
 1449 05a7 ECBE2654 		.ascii	"\354\276&Tr\242yd'y\034\302\276\017'\302\036p\257\323"
 1449      72A27964 
 1449      27791CC2 
 1449      BE0F27C2 
 1449      1E70AFD3 
 1450 05bb D58AEAEA 		.ascii	"\325\212\352\352\347\236\2727\320F\206e\351\373fo\310"
 1450      E79EBA37 
 1450      D0468665 
 1450      E9FB666F 
 1450      C8
 1451 05cc A04863CD 		.ascii	"\240Hc\3151\373\350[B\206\222\307\335/\020\312\037\013"
 1451      31FBE85B 
 1451      428692C7 
 1451      DD2F10CA 
 1451      1F0B
 1452 05de 67A526CC 		.ascii	"g\245&\314t\307\352S_\321\247\270\322K\242\256\253\275"
 1452      74C7EA53 
 1452      5FD1A7B8 
 1452      D24BA2AE 
 1452      ABBD
 1453 05f0 84340319 		.ascii	"\2044\003\031@\331(w\005\037\3569\331\260-\373\"v\017"
 1453      40D92877 
 1453      051FEE39 
ARM GAS  /tmp/cclw9pZA.s 			page 45


 1453      D9B02DFB 
 1453      22760F
 1454 0603 61933643 		.ascii	"a\2236C\223\250\020^M@\032a\037$T3vT\030\272\\l\377"
 1454      93A8105E 
 1454      4D401A61 
 1454      1F245433 
 1454      765418BA 
 1455 061a 362CAAA2 		.ascii	"6,\252\242\202\373\333\313\007\250.}@\223>\240Iof\354"
 1455      82FBDBCB 
 1455      07A82E7D 
 1455      40933EA0 
 1455      496F66EC 
 1456 062e AC902E19 		.ascii	"\254\220.\031\350\276\000Qk+xM\315J<[\242b\254\031Z"
 1456      E8BE0051 
 1456      6B2B784D 
 1456      CD4A3C5B 
 1456      A262AC19 
 1457 0643 34E9164D 		.ascii	"4\351\026Mz\035c\275B\372Dw\361PHT\205\350e\027\252"
 1457      7A1D63BD 
 1457      42FA4477 
 1457      F1504854 
 1457      85E86517 
 1458 0658 763D5DB1 		.ascii	"v=]\261\233;M\030\344aM\374\2608Q\011\0372\266\325\214"
 1458      9B3B4D18 
 1458      E4614DFC 
 1458      B0385109 
 1458      1F32B6D5 
 1459 066d C2678BBF 		.ascii	"\302g\213\277,\247\021Z\241\015Jb\216\252\202\254V\360"
 1459      2CA7115A 
 1459      A10D4A62 
 1459      8EAA82AC 
 1459      56F0
 1460 067f 7DC77BFC 		.ascii	"}\307{\374&\205\367i\3741\320\004\214\260\245\364\307"
 1460      2685F769 
 1460      FC31D004 
 1460      8CB0A5F4 
 1460      C7
 1461 0690 9E50792A 		.ascii	"\236Py*[\265Sy\034\004\367IO\221\233\005\023q;\360p"
 1461      5BB55379 
 1461      1C04F749 
 1461      4F919B05 
 1461      13713BF0 
 1462 06a5 3F6DBA99 		.ascii	"?m\272\231\223\035\007\313\303\002\270\275 I\347\276"
 1462      931D07CB 
 1462      C302B8BD 
 1462      2049E7BE 
 1463 06b5 7B0366E9 		.ascii	"{\003f\351\243]\363qR\361QZ=\324n\022>N\302\0110\302"
 1463      A35DF371 
 1463      52F1515A 
 1463      3DD46E12 
 1463      3E4EC209 
 1464 06cb 50EDAE4F 		.ascii	"P\355\256O\177V\235\323@N\201\254\316\305\315Zu\334"
 1464      7F569DD3 
 1464      404E81AC 
 1464      CEC5CD5A 
 1464      75DC
 1465 06dd 9C9E8623 		.ascii	"\234\236\206#\252\223\016\234\250)\254e\254\311\214"
ARM GAS  /tmp/cclw9pZA.s 			page 46


 1465      AA930E9C 
 1465      A829AC65 
 1465      ACC98C
 1466 06ec 4D127104 		.ascii	"M\022q\004\321\2068\213\3506\213O\335\247\260avQ\326"
 1466      D186388B 
 1466      E8368B4F 
 1466      DDA7B061 
 1466      7651D6
 1467 06ff 8769093F 		.ascii	"\207i\011?~\263w\223I\377\256\305\340\374\333{o\252"
 1467      7EB37793 
 1467      49FFAEC5 
 1467      E0FCDB7B 
 1467      6FAA
 1468 0711 2FE84EE8 		.ascii	"/\350N\350}\360\213t\307\035\316\037\251`-\364\374x"
 1468      7DF08B74 
 1468      C71DCE1F 
 1468      A9602DF4 
 1468      FC78
 1469 0723 4E7BB3D7 		.ascii	"N{\263\327\351\344YI6\313\367\257\332 \272\340\002\356"
 1469      E9E45949 
 1469      36CBF7AF 
 1469      DA20BAE0 
 1469      02EE
 1470 0735 A01783ED 		.ascii	"\240\027\203\355\206Kp\025z\3402\364\301\025\375\275"
 1470      864B7015 
 1470      7AE032F4 
 1470      C115FDBD 
 1471 0745 53AF5B38 		.ascii	"S\257[8#-\\\227\037z{t\362\242$\257Jr\267N~\027\240"
 1471      232D5C97 
 1471      1F7A7B74 
 1471      F2A224AF 
 1471      4A72B74E 
 1472 075c A945B653 		.ascii	"\251E\266Sg\317\005D&^9\237\335\254^\021\242t0\237\014"
 1472      67CF0544 
 1472      265E399F 
 1472      DDAC5E11 
 1472      A274309F 
 1473 0771 F0183C34 		.ascii	"\360\030<4B#x\212\355W~#+xM3\365=(?q\272\304O*\037e"
 1473      4223788A 
 1473      ED577E23 
 1473      2B784D33 
 1473      F53D283F 
 1474 078c 37C461AB 		.ascii	"7\304a\253r\265\015N\210\010\334\367/\230E\255-\224"
 1474      72B50D4E 
 1474      8808DCF7 
 1474      2F9845AD 
 1474      2D94
 1475 079e 0D62717E 		.ascii	"\015bq~B8\202\010+E\270\021k\020\353\202\204\300\250"
 1475      42388208 
 1475      2B45B811 
 1475      6B10EB82 
 1475      84C0A8
 1476 07b1 F86DD215 		.ascii	"\370m\322\025\3066\006\021\343c\233Ot\015\006\215\375"
 1476      C6360611 
 1476      E3639B4F 
 1476      740D068D 
 1476      FD
ARM GAS  /tmp/cclw9pZA.s 			page 47


 1477 07c2 14114FF9 		.ascii	"\024\021O\371\352\375\\i\324\3750\000\367A"
 1477      EAFD5C69 
 1477      D4FD3000 
 1477      F741
 1478 07d0 CDF261F9 		.ascii	"\315\362a\371\261V'\331\037${\003\344\227\321vI\337"
 1478      B15627D9 
 1478      1F247B03 
 1478      E497D176 
 1478      49DF
 1479 07e2 94B41F74 		.ascii	"\224\264\037t\345\316b%w\375\360\243$\243\003\336Cw"
 1479      E5CE6225 
 1479      77FDF0A3 
 1479      24A303DE 
 1479      4377
 1480 07f4 6018D7EE 		.ascii	"`\030\327\356\343\326\356\201\323`7p\303O\3400\334\205"
 1480      E3D6EE81 
 1480      D3603770 
 1480      C34FE030 
 1480      DC85
 1481 0806 512832A8 		.ascii	"Q(2\250\315\251\306-=\014J#\247\306>\315Ft\027\267%"
 1481      CDA9C62D 
 1481      3D0C4A23 
 1481      A7C63ECD 
 1481      467417B7 
 1482 081b DB29835F 		.ascii	"\333)\203_+uoIv`Lw\217\244G$}]\006?\250[\036\222\244"
 1482      2B756F49 
 1482      76604C77 
 1482      8FA44724 
 1482      7D5D063F 
 1483 0834 FEFEFA02 		.ascii	"\376\376\372\002S\011\233\216W\367\232\307\252\257l"
 1483      53099B8E 
 1483      57F79AC7 
 1483      AAAF6C
 1484 0843 A5D8F08B 		.ascii	"\245\330\360\213{1\202\275h\303!\203<\001%\006\365\004"
 1484      7B3182BD 
 1484      68C32183 
 1484      3C012506 
 1484      F504
 1485 0855 2C4192D5 		.ascii	",A\222\325\007\221\337\257rs\377p\311:\352\205\022\203"
 1485      0791DFAF 
 1485      7273FF70 
 1485      C93AEA85 
 1485      1283
 1486 0867 CBD040D5 		.ascii	"\313\320@\325\334\270\014\264\226&\224bcn\351\272\332"
 1486      DCB80CB4 
 1486      96269462 
 1486      636EE9BA 
 1486      DA
 1487 0878 050F9CB6 		.ascii	"\005\017\234\266\207?\016F\350n;Pi\224\256\232\265\303"
 1487      873F0E46 
 1487      E86E3B50 
 1487      6994AE9A 
 1487      B5C3
 1488 088a B64CC461 		.ascii	"\266L\304aJM\215\233c\215\2352\305\242\376\331\012,"
 1488      4A4D8D9B 
 1488      638D9D32 
 1488      C5A2FED9 
ARM GAS  /tmp/cclw9pZA.s 			page 48


 1488      0A2C
 1489 089c 0BD2732C 		.ascii	"\013\322s,o\332\322\3633\013,\251\363\322R\347\275\024"
 1489      6FDAD2F3 
 1489      330B2CA9 
 1489      F3D252E7 
 1489      BD14
 1490 08ae 1B337B5A 		.ascii	"\0333{ZZ|Rj\\\362\253\011\326\327UnJ\006\233\363\362"
 1490      5A7C526A 
 1490      5CF2AB09 
 1490      D6D7556E 
 1490      4A069BF3 
 1491 08c3 2B9171D1 		.ascii	"+\221q\3213\310$maJ\346\324\364\351\363333\010[\224"
 1491      33C8246D 
 1491      614AE6D4 
 1491      F4E9F333 
 1491      3333085B 
 1492 08d8 BDB03036 		.ascii	"\275\26006&\2550\330\232\220\232`}5!~\272!.\325j\234"
 1492      26AD30D8 
 1492      9A909A60 
 1492      7D35217E 
 1492      BA212ED5 
 1493 08ee 151F6795 		.ascii	"\025\037g\225K\317\005\317L\231\02537%\341e\253\230"
 1493      4BCF05CF 
 1493      4C991533 
 1493      3725E165 
 1493      AB98
 1494 0900 45AB339D 		.ascii	"E\2533\235\235\026<3qV\254\306&J\271\304\007\345b\203"
 1494      9D163C33 
 1494      7156ACC6 
 1494      264AB9C4 
 1494      07E56283 
 1495 0914 84155C11 		.ascii	"\204\025\\\021c\364x&&HXP\230DM\"1P\"\232\011]k\352"
 1495      63F47826 
 1495      26485850 
 1495      98444D22 
 1495      3150229A 
 1496 092c 3CAB9844 		.ascii	"<\253\230D\213\211\344\2462\241\255r\211\272P\242*d"
 1496      8B89E4A6 
 1496      32A1AD72 
 1496      89BA50A2 
 1496      2A64
 1497 093e 884BB21A 		.ascii	"\210K\262\032\343f\317\261\006\245\314\235+F\210\263"
 1497      E366CFB1 
 1497      06A5CC9D 
 1497      2B4688B3 
 1498 094e 86E03429 		.ascii	"\206\3404)&U\334\375\305\262\300\226\233e\311M\177/"
 1498      2655DCFD 
 1498      C5B2C096 
 1498      9B65C94D 
 1498      7F2F
 1499 0960 7DE13B96 		.ascii	"}\341;\226\214\005\331of\333\012&\377\325\226\377NA"
 1499      8C05D96F 
 1499      66DB0A26 
 1499      FFD596FF 
 1499      4E41
 1500 0972 5E7A4696 		.ascii	"^zF\226%N\254$\247Z2\263rm\"\305\230_\213u\336d-\321"
 1500      254EAC24 
ARM GAS  /tmp/cclw9pZA.s 			page 49


 1500      A75A32B3 
 1500      726D22C5 
 1500      985F8B75 
 1501 098a 53674C96 		.ascii	"SgL\226\251&1\343\353\222a\313\315\265-\264d-.D%\213"
 1501      A92631E3 
 1501      EB9261CB 
 1501      CDB52DB4 
 1501      642D2E44 
 1502 09a0 26BE78B1 		.ascii	"&\276x\261\245\240076f>*.^<e\001\231`\215\213K\233\367"
 1502      A5A03037 
 1502      36663E2A 
 1502      2E5E3C65 
 1502      0199608D 
 1503 09b8 5E5E567C 		.ascii	"^^V|\326|\343\314\331\326\271\246\271\311q/b\356S\255"
 1503      D67CE3CC 
 1503      D9D6B9A6 
 1503      B9C9712F 
 1503      62EE53AD 
 1504 09cc 56FA1A4D 		.ascii	"V\372\032M4e\344d\245\347+\025\212\236\236Vh(\310*\234"
 1504      3465E464 
 1504      A5E72B15 
 1504      8A9E9E56 
 1504      6828C82A 
 1505 09e1 F660F5F3 		.ascii	"\366`\365\363l\371\205zds\347\306[\346\244$%\277\033"
 1505      6CF9857A 
 1505      6473E7C6 
 1505      5BE6A424 
 1505      25BF1B
 1506 09f4 A33A4A7B 		.ascii	"\243:J{+/\333\206~\014\311\361VCR\274\325\224\362JJ"
 1506      2B2FDB86 
 1506      7E0CC9F1 
 1506      564352BC 
 1506      D594F24A 
 1507 0a09 BC352839 		.ascii	"\2745(95%!!\336jN\236\367zJ\202\325\364Rr|\202U\270"
 1507      35252121 
 1507      DE6A4E9E 
 1507      F77A4A82 
 1507      D5F45272 
 1508 0a21 4F0C1DD3 		.ascii	"O\014\035\323Bo\321\323Ipz~\356\2733\262&\347\222\220"
 1508      426FD1D3 
 1508      49707A7E 
 1508      EEBB33B2 
 1508      26E79290 
 1509 0a35 0CF493B5 		.ascii	"\014\364\223\265xr\3564\0226N*{a\366\317C\372\037\016"
 1509      7872EE34 
 1509      12364E2A 
 1509      7B61F6CF 
 1509      43FA1F0E 
 1510 0a49 24094D4B 		.ascii	"$\011MK\303\255\345\274\247X\010VV\223p\026\256\332"
 1510      C3ADE5BC 
 1510      A7580856 
 1510      56937016 
 1510      AEDA
 1511 0a5b CEC8B165 		.ascii	"\316\310\261e\274\243P\323\177m\277cyE&-''3\255\020"
 1511      BCA350D3 
 1511      7F6DBF63 
 1511      7945262D 
ARM GAS  /tmp/cclw9pZA.s 			page 50


 1511      272733AD 
 1512 0a70 93198D3B 		.ascii	"\223\031\215;\016\226\321\205*3\314\334\242\274\264"
 1512      0E96D185 
 1512      2A33CCDC 
 1512      A2BCB4
 1513 0a7f 4263FAFC 		.ascii	"Bc\372\374\374\034\203-3\337\224\267(/3?\310V\220\227"
 1513      FC1C832D 
 1513      33DF94B7 
 1513      282F333F 
 1513      C8569097 
 1514 0a93 9595996F 		.ascii	"\225\225\231o\266\011\275|S\256-3+_\310,0\247$\306\247"
 1514      B609BD7C 
 1514      53AE2D33 
 1514      2B5FC82C 
 1514      30A724C6 
 1515 0aa8 17A69B53 		.ascii	"\027\246\233S\346\250\303luHP\207xu\210S\207Y\3520S"
 1515      E6A8C36C 
 1515      75485087 
 1515      78758853 
 1515      8759EA30 
 1516 0abd 1D92C430 		.ascii	"\035\222\3040Qq\232a[8?\373\255\264\302G\225\273\314"
 1516      51719A61 
 1516      5B383FFB 
 1516      ADB4C247 
 1516      95BBCC
 1517 0ad0 ACF9E98B 		.ascii	"\254\371\351\213r\012\265\325\377\002#\370\022\265"
 1517      720AB5D5 
 1517      FF0223F8 
 1517      12B5
 1518              		.text
 1519              		.section	.gnu.lto_.symtab.3c35e6d6ceba3d4a,"e",%progbits
 1520 0000 5F5F6561 		.ascii	"__early_init\000"
 1520      726C795F 
 1520      696E6974 
 1520      00
 1521 000d 00       		.ascii	"\000"
 1522 000e 00       		.ascii	"\000"
 1523 000f 00       		.ascii	"\000"
 1524 0010 00000000 		.ascii	"\000\000\000\000\000\000\000\000"
 1524      00000000 
 1525 0018 47010000 		.ascii	"G\001\000\000"
 1526 001c 626F6172 		.ascii	"boardInit\000"
 1526      64496E69 
 1526      7400
 1527 0026 00       		.ascii	"\000"
 1528 0027 00       		.ascii	"\000"
 1529 0028 00       		.ascii	"\000"
 1530 0029 00000000 		.ascii	"\000\000\000\000\000\000\000\000"
 1530      00000000 
 1531 0031 49010000 		.ascii	"I\001\000\000"
 1532 0035 73746D33 		.ascii	"stm32_clock_init\000"
 1532      325F636C 
 1532      6F636B5F 
 1532      696E6974 
 1532      00
 1533 0046 00       		.ascii	"\000"
 1534 0047 02       		.ascii	"\002"
ARM GAS  /tmp/cclw9pZA.s 			page 51


 1535 0048 00       		.ascii	"\000"
 1536 0049 00000000 		.ascii	"\000\000\000\000\000\000\000\000"
 1536      00000000 
 1537 0051 4B010000 		.ascii	"K\001\000\000"
 1538              		.text
 1539              		.section	.gnu.lto_.ext_symtab.3c35e6d6ceba3d4a,"e",%progbits
 1540 0000 01       		.ascii	"\001"
 1541 0001 01       		.ascii	"\001"
 1542 0002 00       		.ascii	"\000"
 1543 0003 01       		.ascii	"\001"
 1544 0004 00       		.ascii	"\000"
 1545 0005 01       		.ascii	"\001"
 1546 0006 00       		.ascii	"\000"
 1547              		.text
 1548              		.section	.gnu.lto_.opts,"e",%progbits
 1549 0000 272D666E 		.ascii	"'-fno-openmp' '-fno-openacc' '-fno-pie' '-fcf-prote"
 1549      6F2D6F70 
 1549      656E6D70 
 1549      2720272D 
 1549      666E6F2D 
 1550 0033 6374696F 		.ascii	"ction=none' '-g' '-mcpu=cortex-m4' '-mthumb' '-mflo"
 1550      6E3D6E6F 
 1550      6E652720 
 1550      272D6727 
 1550      20272D6D 
 1551 0066 61742D61 		.ascii	"at-abi=soft' '-mlibarch=armv7e-m' '-march=armv7e-m'"
 1551      62693D73 
 1551      6F667427 
 1551      20272D6D 
 1551      6C696261 
 1552 0099 20272D4F 		.ascii	" '-O2' '-fomit-frame-pointer' '-falign-functions=16"
 1552      32272027 
 1552      2D666F6D 
 1552      69742D66 
 1552      72616D65 
 1553 00cc 2720272D 		.ascii	"' '-ffunction-sections' '-fdata-sections' '-fno-com"
 1553      6666756E 
 1553      6374696F 
 1553      6E2D7365 
 1553      6374696F 
 1554 00ff 6D6F6E27 		.ascii	"mon' '-flto' '-Xassembler' '-alms=./build/lst/board"
 1554      20272D66 
 1554      6C746F27 
 1554      20272D58 
 1554      61737365 
 1555 0132 2E6C7374 		.ascii	".lst'\000"
 1555      2700
 1556              		.text
 1557              		.comm	__gnu_lto_slim,1,1
 1558              		.ident	"GCC: (15:13.2.rel1-2) 13.2.1 20231009"
ARM GAS  /tmp/cclw9pZA.s 			page 52


DEFINED SYMBOLS
                            *ABS*:00000000 board.c
     /tmp/cclw9pZA.s:23     .gnu.debuglto_.debug_info:00000000 board.c.d0a6fddc
                            *COM*:00000001 __gnu_lto_slim

NO UNDEFINED SYMBOLS
