ARM GAS  /tmp/ccwWsmvK.s 			page 1


   1              		.cpu cortex-m4
   2              		.arch armv7e-m
   3              		.fpu softvfp
   4              		.eabi_attribute 20, 1
   5              		.eabi_attribute 21, 1
   6              		.eabi_attribute 23, 3
   7              		.eabi_attribute 24, 1
   8              		.eabi_attribute 25, 1
   9              		.eabi_attribute 26, 1
  10              		.eabi_attribute 30, 2
  11              		.eabi_attribute 34, 1
  12              		.eabi_attribute 18, 4
  13              		.file	"chcore_v7m.c"
  14              		.file 1 "/usr/lib/gcc/arm-none-eabi/13.2.1/include/stdint.h"
  15              		.file 2 "../../../os/common/ext/ARM/CMSIS/Core/Include/core_cm4.h"
  16              		.file 3 "../../../os/common/ports/ARMCMx/chcore.h"
  17              		.file 4 "../../../os/common/ports/ARMCMx/chcore_v7m.h"
  18              		.file 5 "../../../os/common/ports/ARMCMx/chcore_v7m.c"
  19              		.file 6 "../../../os/common/ext/ARM/CMSIS/Core/Include/cmsis_gcc.h"
  20              		.file 7 "../../../os/rt/include/chschd.h"
  21              		.section	.gnu.debuglto_.debug_info,"e",%progbits
  22              	.Ldebug_info0:
  23              		.hidden	chcore_v7m.c.c0883819
  24              		.weak	chcore_v7m.c.c0883819
  25              	chcore_v7m.c.c0883819:
  26 0000 8C030000 		.4byte	0x38c
  27 0004 0500     		.2byte	0x5
  28 0006 01       		.byte	0x1
  29 0007 04       		.byte	0x4
  30 0008 00000000 		.4byte	.Ldebug_abbrev0
  31 000c 0F       		.uleb128 0xf
  32 000d 75010000 		.4byte	.LASF48
  33 0011 1D       		.byte	0x1d
  34 0012 75000000 		.4byte	.LASF49
  35 0016 30020000 		.4byte	.LASF50
  36 001a 00000000 		.4byte	.Ldebug_line0
  37 001e 10       		.uleb128 0x10
  38 001f 04       		.byte	0x4
  39 0020 05       		.byte	0x5
  40 0021 696E7400 		.ascii	"int\000"
  41 0025 02       		.uleb128 0x2
  42 0026 04       		.byte	0x4
  43 0027 07       		.byte	0x7
  44 0028 1A030000 		.4byte	.LASF0
  45 002c 02       		.uleb128 0x2
  46 002d 08       		.byte	0x8
  47 002e 05       		.byte	0x5
  48 002f 67000000 		.4byte	.LASF1
  49 0033 02       		.uleb128 0x2
  50 0034 08       		.byte	0x8
  51 0035 04       		.byte	0x4
  52 0036 56000000 		.4byte	.LASF2
  53 003a 02       		.uleb128 0x2
  54 003b 01       		.byte	0x1
  55 003c 06       		.byte	0x6
  56 003d 40010000 		.4byte	.LASF3
  57 0041 02       		.uleb128 0x2
ARM GAS  /tmp/ccwWsmvK.s 			page 2


  58 0042 02       		.byte	0x2
  59 0043 05       		.byte	0x5
  60 0044 19000000 		.4byte	.LASF4
  61 0048 02       		.uleb128 0x2
  62 0049 04       		.byte	0x4
  63 004a 05       		.byte	0x5
  64 004b C1000000 		.4byte	.LASF5
  65 004f 09       		.uleb128 0x9
  66 0050 3C000000 		.4byte	.LASF8
  67 0054 01       		.byte	0x1
  68 0055 2E       		.byte	0x2e
  69 0056 18       		.byte	0x18
  70 0057 60000000 		.4byte	0x60
  71 005b 04       		.uleb128 0x4
  72 005c 4F000000 		.4byte	0x4f
  73 0060 02       		.uleb128 0x2
  74 0061 01       		.byte	0x1
  75 0062 08       		.byte	0x8
  76 0063 32010000 		.4byte	.LASF6
  77 0067 02       		.uleb128 0x2
  78 0068 02       		.byte	0x2
  79 0069 07       		.byte	0x7
  80 006a 7A020000 		.4byte	.LASF7
  81 006e 09       		.uleb128 0x9
  82 006f 4D000000 		.4byte	.LASF9
  83 0073 01       		.byte	0x1
  84 0074 34       		.byte	0x34
  85 0075 19       		.byte	0x19
  86 0076 84000000 		.4byte	0x84
  87 007a 04       		.uleb128 0x4
  88 007b 6E000000 		.4byte	0x6e
  89 007f 07       		.uleb128 0x7
  90 0080 7A000000 		.4byte	0x7a
  91 0084 02       		.uleb128 0x2
  92 0085 04       		.byte	0x4
  93 0086 07       		.byte	0x7
  94 0087 D4020000 		.4byte	.LASF10
  95 008b 02       		.uleb128 0x2
  96 008c 08       		.byte	0x8
  97 008d 07       		.byte	0x7
  98 008e 4C010000 		.4byte	.LASF11
  99 0092 11       		.uleb128 0x11
 100 0093 04       		.byte	0x4
 101 0094 12       		.uleb128 0x12
 102 0095 8C       		.byte	0x8c
 103 0096 02       		.byte	0x2
 104 0097 B801     		.2byte	0x1b8
 105 0099 09       		.byte	0x9
 106 009a C5010000 		.4byte	0x1c5
 107 009e 01       		.uleb128 0x1
 108 009f 2D000000 		.4byte	.LASF12
 109 00a3 02       		.byte	0x2
 110 00a4 BA01     		.2byte	0x1ba
 111 00a6 12       		.byte	0x12
 112 00a7 7F000000 		.4byte	0x7f
 113 00ab 00       		.byte	0
 114 00ac 01       		.uleb128 0x1
ARM GAS  /tmp/ccwWsmvK.s 			page 3


 115 00ad 62000000 		.4byte	.LASF13
 116 00b1 02       		.byte	0x2
 117 00b2 BB01     		.2byte	0x1bb
 118 00b4 12       		.byte	0x12
 119 00b5 7A000000 		.4byte	0x7a
 120 00b9 04       		.byte	0x4
 121 00ba 01       		.uleb128 0x1
 122 00bb 9F020000 		.4byte	.LASF14
 123 00bf 02       		.byte	0x2
 124 00c0 BC01     		.2byte	0x1bc
 125 00c2 12       		.byte	0x12
 126 00c3 7A000000 		.4byte	0x7a
 127 00c7 08       		.byte	0x8
 128 00c8 01       		.uleb128 0x1
 129 00c9 2C010000 		.4byte	.LASF15
 130 00cd 02       		.byte	0x2
 131 00ce BD01     		.2byte	0x1bd
 132 00d0 12       		.byte	0x12
 133 00d1 7A000000 		.4byte	0x7a
 134 00d5 0C       		.byte	0xc
 135 00d6 03       		.uleb128 0x3
 136 00d7 53435200 		.ascii	"SCR\000"
 137 00db 02       		.byte	0x2
 138 00dc BE01     		.2byte	0x1be
 139 00de 12       		.byte	0x12
 140 00df 7A000000 		.4byte	0x7a
 141 00e3 10       		.byte	0x10
 142 00e4 03       		.uleb128 0x3
 143 00e5 43435200 		.ascii	"CCR\000"
 144 00e9 02       		.byte	0x2
 145 00ea BF01     		.2byte	0x1bf
 146 00ec 12       		.byte	0x12
 147 00ed 7A000000 		.4byte	0x7a
 148 00f1 14       		.byte	0x14
 149 00f2 03       		.uleb128 0x3
 150 00f3 53485000 		.ascii	"SHP\000"
 151 00f7 02       		.byte	0x2
 152 00f8 C001     		.2byte	0x1c0
 153 00fa 12       		.byte	0x12
 154 00fb D5010000 		.4byte	0x1d5
 155 00ff 18       		.byte	0x18
 156 0100 01       		.uleb128 0x1
 157 0101 63010000 		.4byte	.LASF16
 158 0105 02       		.byte	0x2
 159 0106 C101     		.2byte	0x1c1
 160 0108 12       		.byte	0x12
 161 0109 7A000000 		.4byte	0x7a
 162 010d 24       		.byte	0x24
 163 010e 01       		.uleb128 0x1
 164 010f 07010000 		.4byte	.LASF17
 165 0113 02       		.byte	0x2
 166 0114 C201     		.2byte	0x1c2
 167 0116 12       		.byte	0x12
 168 0117 7A000000 		.4byte	0x7a
 169 011b 28       		.byte	0x28
 170 011c 01       		.uleb128 0x1
 171 011d C0020000 		.4byte	.LASF18
ARM GAS  /tmp/ccwWsmvK.s 			page 4


 172 0121 02       		.byte	0x2
 173 0122 C301     		.2byte	0x1c3
 174 0124 12       		.byte	0x12
 175 0125 7A000000 		.4byte	0x7a
 176 0129 2C       		.byte	0x2c
 177 012a 01       		.uleb128 0x1
 178 012b A9020000 		.4byte	.LASF19
 179 012f 02       		.byte	0x2
 180 0130 C401     		.2byte	0x1c4
 181 0132 12       		.byte	0x12
 182 0133 7A000000 		.4byte	0x7a
 183 0137 30       		.byte	0x30
 184 0138 01       		.uleb128 0x1
 185 0139 13000000 		.4byte	.LASF20
 186 013d 02       		.byte	0x2
 187 013e C501     		.2byte	0x1c5
 188 0140 12       		.byte	0x12
 189 0141 7A000000 		.4byte	0x7a
 190 0145 34       		.byte	0x34
 191 0146 01       		.uleb128 0x1
 192 0147 A2000000 		.4byte	.LASF21
 193 014b 02       		.byte	0x2
 194 014c C601     		.2byte	0x1c6
 195 014e 12       		.byte	0x12
 196 014f 7A000000 		.4byte	0x7a
 197 0153 38       		.byte	0x38
 198 0154 01       		.uleb128 0x1
 199 0155 15030000 		.4byte	.LASF22
 200 0159 02       		.byte	0x2
 201 015a C701     		.2byte	0x1c7
 202 015c 12       		.byte	0x12
 203 015d 7A000000 		.4byte	0x7a
 204 0161 3C       		.byte	0x3c
 205 0162 03       		.uleb128 0x3
 206 0163 50465200 		.ascii	"PFR\000"
 207 0167 02       		.byte	0x2
 208 0168 C801     		.2byte	0x1c8
 209 016a 12       		.byte	0x12
 210 016b EF010000 		.4byte	0x1ef
 211 016f 40       		.byte	0x40
 212 0170 03       		.uleb128 0x3
 213 0171 44465200 		.ascii	"DFR\000"
 214 0175 02       		.byte	0x2
 215 0176 C901     		.2byte	0x1c9
 216 0178 12       		.byte	0x12
 217 0179 7F000000 		.4byte	0x7f
 218 017d 48       		.byte	0x48
 219 017e 03       		.uleb128 0x3
 220 017f 41445200 		.ascii	"ADR\000"
 221 0183 02       		.byte	0x2
 222 0184 CA01     		.2byte	0x1ca
 223 0186 12       		.byte	0x12
 224 0187 7F000000 		.4byte	0x7f
 225 018b 4C       		.byte	0x4c
 226 018c 01       		.uleb128 0x1
 227 018d C5020000 		.4byte	.LASF23
 228 0191 02       		.byte	0x2
ARM GAS  /tmp/ccwWsmvK.s 			page 5


 229 0192 CB01     		.2byte	0x1cb
 230 0194 12       		.byte	0x12
 231 0195 09020000 		.4byte	0x209
 232 0199 50       		.byte	0x50
 233 019a 01       		.uleb128 0x1
 234 019b A4020000 		.4byte	.LASF24
 235 019f 02       		.byte	0x2
 236 01a0 CC01     		.2byte	0x1cc
 237 01a2 12       		.byte	0x12
 238 01a3 23020000 		.4byte	0x223
 239 01a7 60       		.byte	0x60
 240 01a8 01       		.uleb128 0x1
 241 01a9 CA020000 		.4byte	.LASF25
 242 01ad 02       		.byte	0x2
 243 01ae CD01     		.2byte	0x1cd
 244 01b0 12       		.byte	0x12
 245 01b1 28020000 		.4byte	0x228
 246 01b5 74       		.byte	0x74
 247 01b6 01       		.uleb128 0x1
 248 01b7 3D030000 		.4byte	.LASF26
 249 01bb 02       		.byte	0x2
 250 01bc CE01     		.2byte	0x1ce
 251 01be 12       		.byte	0x12
 252 01bf 7A000000 		.4byte	0x7a
 253 01c3 88       		.byte	0x88
 254 01c4 00       		.byte	0
 255 01c5 05       		.uleb128 0x5
 256 01c6 5B000000 		.4byte	0x5b
 257 01ca D5010000 		.4byte	0x1d5
 258 01ce 06       		.uleb128 0x6
 259 01cf 25000000 		.4byte	0x25
 260 01d3 0B       		.byte	0xb
 261 01d4 00       		.byte	0
 262 01d5 04       		.uleb128 0x4
 263 01d6 C5010000 		.4byte	0x1c5
 264 01da 05       		.uleb128 0x5
 265 01db 7F000000 		.4byte	0x7f
 266 01df EA010000 		.4byte	0x1ea
 267 01e3 06       		.uleb128 0x6
 268 01e4 25000000 		.4byte	0x25
 269 01e8 01       		.byte	0x1
 270 01e9 00       		.byte	0
 271 01ea 07       		.uleb128 0x7
 272 01eb DA010000 		.4byte	0x1da
 273 01ef 04       		.uleb128 0x4
 274 01f0 EA010000 		.4byte	0x1ea
 275 01f4 05       		.uleb128 0x5
 276 01f5 7F000000 		.4byte	0x7f
 277 01f9 04020000 		.4byte	0x204
 278 01fd 06       		.uleb128 0x6
 279 01fe 25000000 		.4byte	0x25
 280 0202 03       		.byte	0x3
 281 0203 00       		.byte	0
 282 0204 07       		.uleb128 0x7
 283 0205 F4010000 		.4byte	0x1f4
 284 0209 04       		.uleb128 0x4
 285 020a 04020000 		.4byte	0x204
ARM GAS  /tmp/ccwWsmvK.s 			page 6


 286 020e 05       		.uleb128 0x5
 287 020f 7F000000 		.4byte	0x7f
 288 0213 1E020000 		.4byte	0x21e
 289 0217 06       		.uleb128 0x6
 290 0218 25000000 		.4byte	0x25
 291 021c 04       		.byte	0x4
 292 021d 00       		.byte	0
 293 021e 07       		.uleb128 0x7
 294 021f 0E020000 		.4byte	0x20e
 295 0223 04       		.uleb128 0x4
 296 0224 1E020000 		.4byte	0x21e
 297 0228 05       		.uleb128 0x5
 298 0229 6E000000 		.4byte	0x6e
 299 022d 38020000 		.4byte	0x238
 300 0231 06       		.uleb128 0x6
 301 0232 25000000 		.4byte	0x25
 302 0236 04       		.byte	0x4
 303 0237 00       		.byte	0
 304 0238 13       		.uleb128 0x13
 305 0239 44000000 		.4byte	.LASF27
 306 023d 02       		.byte	0x2
 307 023e CF01     		.2byte	0x1cf
 308 0240 03       		.byte	0x3
 309 0241 94000000 		.4byte	0x94
 310 0245 09       		.uleb128 0x9
 311 0246 33000000 		.4byte	.LASF28
 312 024a 03       		.byte	0x3
 313 024b 65       		.byte	0x65
 314 024c 0F       		.byte	0xf
 315 024d 92000000 		.4byte	0x92
 316 0251 14       		.uleb128 0x14
 317 0252 09030000 		.4byte	.LASF51
 318 0256 20       		.byte	0x20
 319 0257 04       		.byte	0x4
 320 0258 4101     		.2byte	0x141
 321 025a 08       		.byte	0x8
 322 025b CB020000 		.4byte	0x2cb
 323 025f 03       		.uleb128 0x3
 324 0260 723000   		.ascii	"r0\000"
 325 0263 04       		.byte	0x4
 326 0264 4201     		.2byte	0x142
 327 0266 11       		.byte	0x11
 328 0267 45020000 		.4byte	0x245
 329 026b 00       		.byte	0
 330 026c 03       		.uleb128 0x3
 331 026d 723100   		.ascii	"r1\000"
 332 0270 04       		.byte	0x4
 333 0271 4301     		.2byte	0x143
 334 0273 11       		.byte	0x11
 335 0274 45020000 		.4byte	0x245
 336 0278 04       		.byte	0x4
 337 0279 03       		.uleb128 0x3
 338 027a 723200   		.ascii	"r2\000"
 339 027d 04       		.byte	0x4
 340 027e 4401     		.2byte	0x144
 341 0280 11       		.byte	0x11
 342 0281 45020000 		.4byte	0x245
ARM GAS  /tmp/ccwWsmvK.s 			page 7


 343 0285 08       		.byte	0x8
 344 0286 03       		.uleb128 0x3
 345 0287 723300   		.ascii	"r3\000"
 346 028a 04       		.byte	0x4
 347 028b 4501     		.2byte	0x145
 348 028d 11       		.byte	0x11
 349 028e 45020000 		.4byte	0x245
 350 0292 0C       		.byte	0xc
 351 0293 03       		.uleb128 0x3
 352 0294 72313200 		.ascii	"r12\000"
 353 0298 04       		.byte	0x4
 354 0299 4601     		.2byte	0x146
 355 029b 11       		.byte	0x11
 356 029c 45020000 		.4byte	0x245
 357 02a0 10       		.byte	0x10
 358 02a1 01       		.uleb128 0x1
 359 02a2 0C010000 		.4byte	.LASF29
 360 02a6 04       		.byte	0x4
 361 02a7 4701     		.2byte	0x147
 362 02a9 11       		.byte	0x11
 363 02aa 45020000 		.4byte	0x245
 364 02ae 14       		.byte	0x14
 365 02af 03       		.uleb128 0x3
 366 02b0 706300   		.ascii	"pc\000"
 367 02b3 04       		.byte	0x4
 368 02b4 4801     		.2byte	0x148
 369 02b6 11       		.byte	0x11
 370 02b7 45020000 		.4byte	0x245
 371 02bb 18       		.byte	0x18
 372 02bc 01       		.uleb128 0x1
 373 02bd 13010000 		.4byte	.LASF30
 374 02c1 04       		.byte	0x4
 375 02c2 4901     		.2byte	0x149
 376 02c4 11       		.byte	0x11
 377 02c5 45020000 		.4byte	0x245
 378 02c9 1C       		.byte	0x1c
 379 02ca 00       		.byte	0
 380 02cb 02       		.uleb128 0x2
 381 02cc 01       		.byte	0x1
 382 02cd 08       		.byte	0x8
 383 02ce 9A020000 		.4byte	.LASF31
 384 02d2 02       		.uleb128 0x2
 385 02d3 01       		.byte	0x1
 386 02d4 02       		.byte	0x2
 387 02d5 AE020000 		.4byte	.LASF32
 388 02d9 0B       		.uleb128 0xb
 389 02da 18010000 		.4byte	.LASF33
 390 02de F901     		.2byte	0x1f9
 391 02e0 0B       		.uleb128 0xb
 392 02e1 27030000 		.4byte	.LASF34
 393 02e5 F801     		.2byte	0x1f8
 394 02e7 15       		.uleb128 0x15
 395 02e8 A7000000 		.4byte	.LASF52
 396 02ec 07       		.byte	0x7
 397 02ed D701     		.2byte	0x1d7
 398 02ef 08       		.byte	0x8
 399 02f0 D2020000 		.4byte	0x2d2
ARM GAS  /tmp/ccwWsmvK.s 			page 8


 400 02f4 0C       		.uleb128 0xc
 401 02f5 F4000000 		.4byte	.LASF35
 402 02f9 87       		.byte	0x87
 403 02fa 0D030000 		.4byte	0x30d
 404 02fe 16       		.uleb128 0x16
 405 02ff 0A       		.uleb128 0xa
 406 0300 95020000 		.4byte	.LASF37
 407 0304 05       		.byte	0x5
 408 0305 8B       		.byte	0x8b
 409 0306 19       		.byte	0x19
 410 0307 0D030000 		.4byte	0x30d
 411 030b 00       		.byte	0
 412 030c 00       		.byte	0
 413 030d 17       		.uleb128 0x17
 414 030e 04       		.byte	0x4
 415 030f 51020000 		.4byte	0x251
 416 0313 0C       		.uleb128 0xc
 417 0314 69010000 		.4byte	.LASF36
 418 0318 3E       		.byte	0x3e
 419 0319 2A030000 		.4byte	0x32a
 420 031d 0A       		.uleb128 0xa
 421 031e 95020000 		.4byte	.LASF37
 422 0322 05       		.byte	0x5
 423 0323 40       		.byte	0x40
 424 0324 17       		.byte	0x17
 425 0325 0D030000 		.4byte	0x30d
 426 0329 00       		.byte	0
 427 032a 08       		.uleb128 0x8
 428 032b F4020000 		.4byte	.LASF38
 429 032f 8F02     		.2byte	0x28f
 430 0331 08       		.uleb128 0x8
 431 0332 00000000 		.4byte	.LASF39
 432 0336 8402     		.2byte	0x284
 433 0338 08       		.uleb128 0x8
 434 0339 B4020000 		.4byte	.LASF40
 435 033d 7502     		.2byte	0x275
 436 033f 08       		.uleb128 0x8
 437 0340 23000000 		.4byte	.LASF41
 438 0344 5D02     		.2byte	0x25d
 439 0346 0D       		.uleb128 0xd
 440 0347 E6020000 		.4byte	.LASF42
 441 034b EB01     		.2byte	0x1eb
 442 034d 5E030000 		.4byte	0x35e
 443 0351 0E       		.uleb128 0xe
 444 0352 8D020000 		.4byte	.LASF44
 445 0356 EB01     		.2byte	0x1eb
 446 0358 32       		.byte	0x32
 447 0359 6E000000 		.4byte	0x6e
 448 035d 00       		.byte	0
 449 035e 0D       		.uleb128 0xd
 450 035f EA000000 		.4byte	.LASF43
 451 0363 1501     		.2byte	0x115
 452 0365 76030000 		.4byte	0x376
 453 0369 0E       		.uleb128 0xe
 454 036a CA000000 		.4byte	.LASF45
 455 036e 1501     		.2byte	0x115
 456 0370 2E       		.byte	0x2e
ARM GAS  /tmp/ccwWsmvK.s 			page 9


 457 0371 6E000000 		.4byte	0x6e
 458 0375 00       		.byte	0
 459 0376 18       		.uleb128 0x18
 460 0377 D9000000 		.4byte	.LASF46
 461 037b 06       		.byte	0x6
 462 037c F7       		.byte	0xf7
 463 037d 1F       		.byte	0x1f
 464 037e 6E000000 		.4byte	0x6e
 465 0382 0A       		.uleb128 0xa
 466 0383 E3000000 		.4byte	.LASF47
 467 0387 06       		.byte	0x6
 468 0388 F9       		.byte	0xf9
 469 0389 0C       		.byte	0xc
 470 038a 6E000000 		.4byte	0x6e
 471 038e 00       		.byte	0
 472 038f 00       		.byte	0
 473              		.section	.gnu.debuglto_.debug_abbrev,"e",%progbits
 474              	.Ldebug_abbrev0:
 475 0000 01       		.uleb128 0x1
 476 0001 0D       		.uleb128 0xd
 477 0002 00       		.byte	0
 478 0003 03       		.uleb128 0x3
 479 0004 0E       		.uleb128 0xe
 480 0005 3A       		.uleb128 0x3a
 481 0006 0B       		.uleb128 0xb
 482 0007 3B       		.uleb128 0x3b
 483 0008 05       		.uleb128 0x5
 484 0009 39       		.uleb128 0x39
 485 000a 0B       		.uleb128 0xb
 486 000b 49       		.uleb128 0x49
 487 000c 13       		.uleb128 0x13
 488 000d 38       		.uleb128 0x38
 489 000e 0B       		.uleb128 0xb
 490 000f 00       		.byte	0
 491 0010 00       		.byte	0
 492 0011 02       		.uleb128 0x2
 493 0012 24       		.uleb128 0x24
 494 0013 00       		.byte	0
 495 0014 0B       		.uleb128 0xb
 496 0015 0B       		.uleb128 0xb
 497 0016 3E       		.uleb128 0x3e
 498 0017 0B       		.uleb128 0xb
 499 0018 03       		.uleb128 0x3
 500 0019 0E       		.uleb128 0xe
 501 001a 00       		.byte	0
 502 001b 00       		.byte	0
 503 001c 03       		.uleb128 0x3
 504 001d 0D       		.uleb128 0xd
 505 001e 00       		.byte	0
 506 001f 03       		.uleb128 0x3
 507 0020 08       		.uleb128 0x8
 508 0021 3A       		.uleb128 0x3a
 509 0022 0B       		.uleb128 0xb
 510 0023 3B       		.uleb128 0x3b
 511 0024 05       		.uleb128 0x5
 512 0025 39       		.uleb128 0x39
 513 0026 0B       		.uleb128 0xb
ARM GAS  /tmp/ccwWsmvK.s 			page 10


 514 0027 49       		.uleb128 0x49
 515 0028 13       		.uleb128 0x13
 516 0029 38       		.uleb128 0x38
 517 002a 0B       		.uleb128 0xb
 518 002b 00       		.byte	0
 519 002c 00       		.byte	0
 520 002d 04       		.uleb128 0x4
 521 002e 35       		.uleb128 0x35
 522 002f 00       		.byte	0
 523 0030 49       		.uleb128 0x49
 524 0031 13       		.uleb128 0x13
 525 0032 00       		.byte	0
 526 0033 00       		.byte	0
 527 0034 05       		.uleb128 0x5
 528 0035 01       		.uleb128 0x1
 529 0036 01       		.byte	0x1
 530 0037 49       		.uleb128 0x49
 531 0038 13       		.uleb128 0x13
 532 0039 01       		.uleb128 0x1
 533 003a 13       		.uleb128 0x13
 534 003b 00       		.byte	0
 535 003c 00       		.byte	0
 536 003d 06       		.uleb128 0x6
 537 003e 21       		.uleb128 0x21
 538 003f 00       		.byte	0
 539 0040 49       		.uleb128 0x49
 540 0041 13       		.uleb128 0x13
 541 0042 2F       		.uleb128 0x2f
 542 0043 0B       		.uleb128 0xb
 543 0044 00       		.byte	0
 544 0045 00       		.byte	0
 545 0046 07       		.uleb128 0x7
 546 0047 26       		.uleb128 0x26
 547 0048 00       		.byte	0
 548 0049 49       		.uleb128 0x49
 549 004a 13       		.uleb128 0x13
 550 004b 00       		.byte	0
 551 004c 00       		.byte	0
 552 004d 08       		.uleb128 0x8
 553 004e 2E       		.uleb128 0x2e
 554 004f 00       		.byte	0
 555 0050 03       		.uleb128 0x3
 556 0051 0E       		.uleb128 0xe
 557 0052 3A       		.uleb128 0x3a
 558 0053 21       		.uleb128 0x21
 559 0054 04       		.sleb128 4
 560 0055 3B       		.uleb128 0x3b
 561 0056 05       		.uleb128 0x5
 562 0057 39       		.uleb128 0x39
 563 0058 21       		.uleb128 0x21
 564 0059 14       		.sleb128 20
 565 005a 27       		.uleb128 0x27
 566 005b 19       		.uleb128 0x19
 567 005c 00       		.byte	0
 568 005d 00       		.byte	0
 569 005e 09       		.uleb128 0x9
 570 005f 16       		.uleb128 0x16
ARM GAS  /tmp/ccwWsmvK.s 			page 11


 571 0060 00       		.byte	0
 572 0061 03       		.uleb128 0x3
 573 0062 0E       		.uleb128 0xe
 574 0063 3A       		.uleb128 0x3a
 575 0064 0B       		.uleb128 0xb
 576 0065 3B       		.uleb128 0x3b
 577 0066 0B       		.uleb128 0xb
 578 0067 39       		.uleb128 0x39
 579 0068 0B       		.uleb128 0xb
 580 0069 49       		.uleb128 0x49
 581 006a 13       		.uleb128 0x13
 582 006b 00       		.byte	0
 583 006c 00       		.byte	0
 584 006d 0A       		.uleb128 0xa
 585 006e 34       		.uleb128 0x34
 586 006f 00       		.byte	0
 587 0070 03       		.uleb128 0x3
 588 0071 0E       		.uleb128 0xe
 589 0072 3A       		.uleb128 0x3a
 590 0073 0B       		.uleb128 0xb
 591 0074 3B       		.uleb128 0x3b
 592 0075 0B       		.uleb128 0xb
 593 0076 39       		.uleb128 0x39
 594 0077 0B       		.uleb128 0xb
 595 0078 49       		.uleb128 0x49
 596 0079 13       		.uleb128 0x13
 597 007a 00       		.byte	0
 598 007b 00       		.byte	0
 599 007c 0B       		.uleb128 0xb
 600 007d 2E       		.uleb128 0x2e
 601 007e 00       		.byte	0
 602 007f 3F       		.uleb128 0x3f
 603 0080 19       		.uleb128 0x19
 604 0081 03       		.uleb128 0x3
 605 0082 0E       		.uleb128 0xe
 606 0083 3A       		.uleb128 0x3a
 607 0084 21       		.uleb128 0x21
 608 0085 04       		.sleb128 4
 609 0086 3B       		.uleb128 0x3b
 610 0087 05       		.uleb128 0x5
 611 0088 39       		.uleb128 0x39
 612 0089 21       		.uleb128 0x21
 613 008a 08       		.sleb128 8
 614 008b 27       		.uleb128 0x27
 615 008c 19       		.uleb128 0x19
 616 008d 3C       		.uleb128 0x3c
 617 008e 19       		.uleb128 0x19
 618 008f 00       		.byte	0
 619 0090 00       		.byte	0
 620 0091 0C       		.uleb128 0xc
 621 0092 2E       		.uleb128 0x2e
 622 0093 01       		.byte	0x1
 623 0094 3F       		.uleb128 0x3f
 624 0095 19       		.uleb128 0x19
 625 0096 03       		.uleb128 0x3
 626 0097 0E       		.uleb128 0xe
 627 0098 3A       		.uleb128 0x3a
ARM GAS  /tmp/ccwWsmvK.s 			page 12


 628 0099 21       		.uleb128 0x21
 629 009a 05       		.sleb128 5
 630 009b 3B       		.uleb128 0x3b
 631 009c 0B       		.uleb128 0xb
 632 009d 39       		.uleb128 0x39
 633 009e 21       		.uleb128 0x21
 634 009f 06       		.sleb128 6
 635 00a0 27       		.uleb128 0x27
 636 00a1 19       		.uleb128 0x19
 637 00a2 01       		.uleb128 0x1
 638 00a3 13       		.uleb128 0x13
 639 00a4 00       		.byte	0
 640 00a5 00       		.byte	0
 641 00a6 0D       		.uleb128 0xd
 642 00a7 2E       		.uleb128 0x2e
 643 00a8 01       		.byte	0x1
 644 00a9 03       		.uleb128 0x3
 645 00aa 0E       		.uleb128 0xe
 646 00ab 3A       		.uleb128 0x3a
 647 00ac 21       		.uleb128 0x21
 648 00ad 06       		.sleb128 6
 649 00ae 3B       		.uleb128 0x3b
 650 00af 05       		.uleb128 0x5
 651 00b0 39       		.uleb128 0x39
 652 00b1 21       		.uleb128 0x21
 653 00b2 1B       		.sleb128 27
 654 00b3 27       		.uleb128 0x27
 655 00b4 19       		.uleb128 0x19
 656 00b5 01       		.uleb128 0x1
 657 00b6 13       		.uleb128 0x13
 658 00b7 00       		.byte	0
 659 00b8 00       		.byte	0
 660 00b9 0E       		.uleb128 0xe
 661 00ba 05       		.uleb128 0x5
 662 00bb 00       		.byte	0
 663 00bc 03       		.uleb128 0x3
 664 00bd 0E       		.uleb128 0xe
 665 00be 3A       		.uleb128 0x3a
 666 00bf 21       		.uleb128 0x21
 667 00c0 06       		.sleb128 6
 668 00c1 3B       		.uleb128 0x3b
 669 00c2 05       		.uleb128 0x5
 670 00c3 39       		.uleb128 0x39
 671 00c4 0B       		.uleb128 0xb
 672 00c5 49       		.uleb128 0x49
 673 00c6 13       		.uleb128 0x13
 674 00c7 00       		.byte	0
 675 00c8 00       		.byte	0
 676 00c9 0F       		.uleb128 0xf
 677 00ca 11       		.uleb128 0x11
 678 00cb 01       		.byte	0x1
 679 00cc 25       		.uleb128 0x25
 680 00cd 0E       		.uleb128 0xe
 681 00ce 13       		.uleb128 0x13
 682 00cf 0B       		.uleb128 0xb
 683 00d0 03       		.uleb128 0x3
 684 00d1 0E       		.uleb128 0xe
ARM GAS  /tmp/ccwWsmvK.s 			page 13


 685 00d2 1B       		.uleb128 0x1b
 686 00d3 0E       		.uleb128 0xe
 687 00d4 10       		.uleb128 0x10
 688 00d5 17       		.uleb128 0x17
 689 00d6 00       		.byte	0
 690 00d7 00       		.byte	0
 691 00d8 10       		.uleb128 0x10
 692 00d9 24       		.uleb128 0x24
 693 00da 00       		.byte	0
 694 00db 0B       		.uleb128 0xb
 695 00dc 0B       		.uleb128 0xb
 696 00dd 3E       		.uleb128 0x3e
 697 00de 0B       		.uleb128 0xb
 698 00df 03       		.uleb128 0x3
 699 00e0 08       		.uleb128 0x8
 700 00e1 00       		.byte	0
 701 00e2 00       		.byte	0
 702 00e3 11       		.uleb128 0x11
 703 00e4 0F       		.uleb128 0xf
 704 00e5 00       		.byte	0
 705 00e6 0B       		.uleb128 0xb
 706 00e7 0B       		.uleb128 0xb
 707 00e8 00       		.byte	0
 708 00e9 00       		.byte	0
 709 00ea 12       		.uleb128 0x12
 710 00eb 13       		.uleb128 0x13
 711 00ec 01       		.byte	0x1
 712 00ed 0B       		.uleb128 0xb
 713 00ee 0B       		.uleb128 0xb
 714 00ef 3A       		.uleb128 0x3a
 715 00f0 0B       		.uleb128 0xb
 716 00f1 3B       		.uleb128 0x3b
 717 00f2 05       		.uleb128 0x5
 718 00f3 39       		.uleb128 0x39
 719 00f4 0B       		.uleb128 0xb
 720 00f5 01       		.uleb128 0x1
 721 00f6 13       		.uleb128 0x13
 722 00f7 00       		.byte	0
 723 00f8 00       		.byte	0
 724 00f9 13       		.uleb128 0x13
 725 00fa 16       		.uleb128 0x16
 726 00fb 00       		.byte	0
 727 00fc 03       		.uleb128 0x3
 728 00fd 0E       		.uleb128 0xe
 729 00fe 3A       		.uleb128 0x3a
 730 00ff 0B       		.uleb128 0xb
 731 0100 3B       		.uleb128 0x3b
 732 0101 05       		.uleb128 0x5
 733 0102 39       		.uleb128 0x39
 734 0103 0B       		.uleb128 0xb
 735 0104 49       		.uleb128 0x49
 736 0105 13       		.uleb128 0x13
 737 0106 00       		.byte	0
 738 0107 00       		.byte	0
 739 0108 14       		.uleb128 0x14
 740 0109 13       		.uleb128 0x13
 741 010a 01       		.byte	0x1
ARM GAS  /tmp/ccwWsmvK.s 			page 14


 742 010b 03       		.uleb128 0x3
 743 010c 0E       		.uleb128 0xe
 744 010d 0B       		.uleb128 0xb
 745 010e 0B       		.uleb128 0xb
 746 010f 3A       		.uleb128 0x3a
 747 0110 0B       		.uleb128 0xb
 748 0111 3B       		.uleb128 0x3b
 749 0112 05       		.uleb128 0x5
 750 0113 39       		.uleb128 0x39
 751 0114 0B       		.uleb128 0xb
 752 0115 01       		.uleb128 0x1
 753 0116 13       		.uleb128 0x13
 754 0117 00       		.byte	0
 755 0118 00       		.byte	0
 756 0119 15       		.uleb128 0x15
 757 011a 2E       		.uleb128 0x2e
 758 011b 00       		.byte	0
 759 011c 3F       		.uleb128 0x3f
 760 011d 19       		.uleb128 0x19
 761 011e 03       		.uleb128 0x3
 762 011f 0E       		.uleb128 0xe
 763 0120 3A       		.uleb128 0x3a
 764 0121 0B       		.uleb128 0xb
 765 0122 3B       		.uleb128 0x3b
 766 0123 05       		.uleb128 0x5
 767 0124 39       		.uleb128 0x39
 768 0125 0B       		.uleb128 0xb
 769 0126 27       		.uleb128 0x27
 770 0127 19       		.uleb128 0x19
 771 0128 49       		.uleb128 0x49
 772 0129 13       		.uleb128 0x13
 773 012a 3C       		.uleb128 0x3c
 774 012b 19       		.uleb128 0x19
 775 012c 00       		.byte	0
 776 012d 00       		.byte	0
 777 012e 16       		.uleb128 0x16
 778 012f 0B       		.uleb128 0xb
 779 0130 01       		.byte	0x1
 780 0131 00       		.byte	0
 781 0132 00       		.byte	0
 782 0133 17       		.uleb128 0x17
 783 0134 0F       		.uleb128 0xf
 784 0135 00       		.byte	0
 785 0136 0B       		.uleb128 0xb
 786 0137 0B       		.uleb128 0xb
 787 0138 49       		.uleb128 0x49
 788 0139 13       		.uleb128 0x13
 789 013a 00       		.byte	0
 790 013b 00       		.byte	0
 791 013c 18       		.uleb128 0x18
 792 013d 2E       		.uleb128 0x2e
 793 013e 01       		.byte	0x1
 794 013f 03       		.uleb128 0x3
 795 0140 0E       		.uleb128 0xe
 796 0141 3A       		.uleb128 0x3a
 797 0142 0B       		.uleb128 0xb
 798 0143 3B       		.uleb128 0x3b
ARM GAS  /tmp/ccwWsmvK.s 			page 15


 799 0144 0B       		.uleb128 0xb
 800 0145 39       		.uleb128 0x39
 801 0146 0B       		.uleb128 0xb
 802 0147 27       		.uleb128 0x27
 803 0148 19       		.uleb128 0x19
 804 0149 49       		.uleb128 0x49
 805 014a 13       		.uleb128 0x13
 806 014b 00       		.byte	0
 807 014c 00       		.byte	0
 808 014d 00       		.byte	0
 809              		.section	.gnu.debuglto_.debug_line,"e",%progbits
 810              	.Ldebug_line0:
 811 0000 60000000 		.4byte	.LELT0-.LSLT0
 812              	.LSLT0:
 813 0004 0500     		.2byte	0x5
 814 0006 04       		.byte	0x4
 815 0007 00       		.byte	0
 816 0008 58000000 		.4byte	.LELTP0-.LASLTP0
 817              	.LASLTP0:
 818 000c 01       		.byte	0x1
 819 000d 01       		.byte	0x1
 820 000e 01       		.byte	0x1
 821 000f F6       		.byte	0xf6
 822 0010 F2       		.byte	0xf2
 823 0011 0D       		.byte	0xd
 824 0012 00       		.byte	0
 825 0013 01       		.byte	0x1
 826 0014 01       		.byte	0x1
 827 0015 01       		.byte	0x1
 828 0016 01       		.byte	0x1
 829 0017 00       		.byte	0
 830 0018 00       		.byte	0
 831 0019 00       		.byte	0
 832 001a 01       		.byte	0x1
 833 001b 00       		.byte	0
 834 001c 00       		.byte	0
 835 001d 01       		.byte	0x1
 836 001e 01       		.byte	0x1
 837 001f 01       		.uleb128 0x1
 838 0020 1F       		.uleb128 0x1f
 839 0021 05       		.uleb128 0x5
 840 0022 BB000000 		.4byte	.LASF53
 841 0026 00000000 		.4byte	.LASF54
 842 002a 2E000000 		.4byte	.LASF55
 843 002e 7A000000 		.4byte	.LASF56
 844 0032 91000000 		.4byte	.LASF57
 845 0036 02       		.byte	0x2
 846 0037 01       		.uleb128 0x1
 847 0038 1F       		.uleb128 0x1f
 848 0039 02       		.uleb128 0x2
 849 003a 0B       		.uleb128 0xb
 850 003b 08       		.uleb128 0x8
 851 003c 0E010000 		.4byte	.LASF58
 852 0040 00       		.byte	0
 853 0041 5B000000 		.4byte	.LASF59
 854 0045 04       		.byte	0x4
 855 0046 3B010000 		.4byte	.LASF60
ARM GAS  /tmp/ccwWsmvK.s 			page 16


 856 004a 01       		.byte	0x1
 857 004b 71000000 		.4byte	.LASF61
 858 004f 02       		.byte	0x2
 859 0050 4E000000 		.4byte	.LASF62
 860 0054 02       		.byte	0x2
 861 0055 64000000 		.4byte	.LASF63
 862 0059 02       		.byte	0x2
 863 005a 46010000 		.4byte	.LASF64
 864 005e 01       		.byte	0x1
 865 005f 05010000 		.4byte	.LASF65
 866 0063 03       		.byte	0x3
 867              	.LELTP0:
 868              	.LELT0:
 869              		.section	.gnu.debuglto_.debug_str,"eMS",%progbits,1
 870              	.LASF39:
 871 0000 706F7274 		.ascii	"port_lock_from_isr\000"
 871      5F6C6F63 
 871      6B5F6672 
 871      6F6D5F69 
 871      737200
 872              	.LASF20:
 873 0013 4D4D4641 		.ascii	"MMFAR\000"
 873      5200
 874              	.LASF4:
 875 0019 73686F72 		.ascii	"short int\000"
 875      7420696E 
 875      7400
 876              	.LASF41:
 877 0023 706F7274 		.ascii	"port_lock\000"
 877      5F6C6F63 
 877      6B00
 878              	.LASF12:
 879 002d 43505549 		.ascii	"CPUID\000"
 879      4400
 880              	.LASF28:
 881 0033 72656761 		.ascii	"regarm_t\000"
 881      726D5F74 
 881      00
 882              	.LASF8:
 883 003c 75696E74 		.ascii	"uint8_t\000"
 883      385F7400 
 884              	.LASF27:
 885 0044 5343425F 		.ascii	"SCB_Type\000"
 885      54797065 
 885      00
 886              	.LASF9:
 887 004d 75696E74 		.ascii	"uint32_t\000"
 887      33325F74 
 887      00
 888              	.LASF2:
 889 0056 6C6F6E67 		.ascii	"long double\000"
 889      20646F75 
 889      626C6500 
 890              	.LASF13:
 891 0062 49435352 		.ascii	"ICSR\000"
 891      00
 892              	.LASF1:
ARM GAS  /tmp/ccwWsmvK.s 			page 17


 893 0067 6C6F6E67 		.ascii	"long long int\000"
 893      206C6F6E 
 893      6720696E 
 893      7400
 894              	.LASF49:
 895 0075 2E2E2F2E 		.ascii	"../../../os/common/ports/ARMCMx/chcore_v7m.c\000"
 895      2E2F2E2E 
 895      2F6F732F 
 895      636F6D6D 
 895      6F6E2F70 
 896              	.LASF21:
 897 00a2 42464152 		.ascii	"BFAR\000"
 897      00
 898              	.LASF52:
 899 00a7 63685363 		.ascii	"chSchIsPreemptionRequired\000"
 899      68497350 
 899      7265656D 
 899      7074696F 
 899      6E526571 
 900              	.LASF5:
 901 00c1 6C6F6E67 		.ascii	"long int\000"
 901      20696E74 
 901      00
 902              	.LASF45:
 903 00ca 746F704F 		.ascii	"topOfProcStack\000"
 903      6650726F 
 903      63537461 
 903      636B00
 904              	.LASF46:
 905 00d9 5F5F6765 		.ascii	"__get_PSP\000"
 905      745F5053 
 905      5000
 906              	.LASF47:
 907 00e3 72657375 		.ascii	"result\000"
 907      6C7400
 908              	.LASF43:
 909 00ea 5F5F7365 		.ascii	"__set_PSP\000"
 909      745F5053 
 909      5000
 910              	.LASF35:
 911 00f4 5F706F72 		.ascii	"_port_irq_epilogue\000"
 911      745F6972 
 911      715F6570 
 911      696C6F67 
 911      756500
 912              	.LASF17:
 913 0107 43465352 		.ascii	"CFSR\000"
 913      00
 914              	.LASF29:
 915 010c 6C725F74 		.ascii	"lr_thd\000"
 915      686400
 916              	.LASF30:
 917 0113 78707372 		.ascii	"xpsr\000"
 917      00
 918              	.LASF33:
 919 0118 5F706F72 		.ascii	"_port_exit_from_isr\000"
 919      745F6578 
ARM GAS  /tmp/ccwWsmvK.s 			page 18


 919      69745F66 
 919      726F6D5F 
 919      69737200 
 920              	.LASF15:
 921 012c 41495243 		.ascii	"AIRCR\000"
 921      5200
 922              	.LASF6:
 923 0132 756E7369 		.ascii	"unsigned char\000"
 923      676E6564 
 923      20636861 
 923      7200
 924              	.LASF3:
 925 0140 7369676E 		.ascii	"signed char\000"
 925      65642063 
 925      68617200 
 926              	.LASF11:
 927 014c 6C6F6E67 		.ascii	"long long unsigned int\000"
 927      206C6F6E 
 927      6720756E 
 927      7369676E 
 927      65642069 
 928              	.LASF16:
 929 0163 53484353 		.ascii	"SHCSR\000"
 929      5200
 930              	.LASF36:
 931 0169 5356435F 		.ascii	"SVC_Handler\000"
 931      48616E64 
 931      6C657200 
 932              	.LASF48:
 933 0175 474E5520 		.ascii	"GNU C17 13.2.1 20231009 -mcpu=cortex-m4 -mthumb -mf"
 933      43313720 
 933      31332E32 
 933      2E312032 
 933      30323331 
 934 01a8 6C6F6174 		.ascii	"loat-abi=soft -march=armv7e-m -ggdb -O2 -fomit-fram"
 934      2D616269 
 934      3D736F66 
 934      74202D6D 
 934      61726368 
 935 01db 652D706F 		.ascii	"e-pointer -falign-functions=16 -ffunction-sections "
 935      696E7465 
 935      72202D66 
 935      616C6967 
 935      6E2D6675 
 936 020e 2D666461 		.ascii	"-fdata-sections -fno-common -flto\000"
 936      74612D73 
 936      65637469 
 936      6F6E7320 
 936      2D666E6F 
 937              	.LASF50:
 938 0230 2F686F6D 		.ascii	"/home/mayank/chibios-workspace/ChibiOS/demos/STM32/"
 938      652F6D61 
 938      79616E6B 
 938      2F636869 
 938      62696F73 
 939 0263 52542D53 		.ascii	"RT-STM32F407-DISCOVERY\000"
 939      544D3332 
ARM GAS  /tmp/ccwWsmvK.s 			page 19


 939      46343037 
 939      2D444953 
 939      434F5645 
 940              	.LASF7:
 941 027a 73686F72 		.ascii	"short unsigned int\000"
 941      7420756E 
 941      7369676E 
 941      65642069 
 941      6E7400
 942              	.LASF44:
 943 028d 62617365 		.ascii	"basePri\000"
 943      50726900 
 944              	.LASF37:
 945 0295 63747870 		.ascii	"ctxp\000"
 945      00
 946              	.LASF31:
 947 029a 63686172 		.ascii	"char\000"
 947      00
 948              	.LASF14:
 949 029f 56544F52 		.ascii	"VTOR\000"
 949      00
 950              	.LASF24:
 951 02a4 49534152 		.ascii	"ISAR\000"
 951      00
 952              	.LASF19:
 953 02a9 44465352 		.ascii	"DFSR\000"
 953      00
 954              	.LASF32:
 955 02ae 5F426F6F 		.ascii	"_Bool\000"
 955      6C00
 956              	.LASF40:
 957 02b4 706F7274 		.ascii	"port_unlock\000"
 957      5F756E6C 
 957      6F636B00 
 958              	.LASF18:
 959 02c0 48465352 		.ascii	"HFSR\000"
 959      00
 960              	.LASF23:
 961 02c5 4D4D4652 		.ascii	"MMFR\000"
 961      00
 962              	.LASF25:
 963 02ca 52455345 		.ascii	"RESERVED0\000"
 963      52564544 
 963      3000
 964              	.LASF10:
 965 02d4 6C6F6E67 		.ascii	"long unsigned int\000"
 965      20756E73 
 965      69676E65 
 965      6420696E 
 965      7400
 966              	.LASF42:
 967 02e6 5F5F7365 		.ascii	"__set_BASEPRI\000"
 967      745F4241 
 967      53455052 
 967      4900
 968              	.LASF38:
 969 02f4 706F7274 		.ascii	"port_unlock_from_isr\000"
ARM GAS  /tmp/ccwWsmvK.s 			page 20


 969      5F756E6C 
 969      6F636B5F 
 969      66726F6D 
 969      5F697372 
 970              	.LASF51:
 971 0309 706F7274 		.ascii	"port_extctx\000"
 971      5F657874 
 971      63747800 
 972              	.LASF22:
 973 0315 41465352 		.ascii	"AFSR\000"
 973      00
 974              	.LASF0:
 975 031a 756E7369 		.ascii	"unsigned int\000"
 975      676E6564 
 975      20696E74 
 975      00
 976              	.LASF34:
 977 0327 5F706F72 		.ascii	"_port_switch_from_isr\000"
 977      745F7377 
 977      69746368 
 977      5F66726F 
 977      6D5F6973 
 978              	.LASF26:
 979 033d 43504143 		.ascii	"CPACR\000"
 979      5200
 980              		.section	.gnu.debuglto_.debug_line_str,"eMS",%progbits,1
 981              	.LASF54:
 982 0000 2E2E2F2E 		.ascii	"../../../os/common/ext/ARM/CMSIS/Core/Include\000"
 982      2E2F2E2E 
 982      2F6F732F 
 982      636F6D6D 
 982      6F6E2F65 
 983              	.LASF55:
 984 002e 2E2E2F2E 		.ascii	"../../../os/common/ports/ARMCMx\000"
 984      2E2F2E2E 
 984      2F6F732F 
 984      636F6D6D 
 984      6F6E2F70 
 985              	.LASF62:
 986 004e 6368636F 		.ascii	"chcore_v7m.h\000"
 986      72655F76 
 986      376D2E68 
 986      00
 987              	.LASF59:
 988 005b 73746469 		.ascii	"stdint.h\000"
 988      6E742E68 
 988      00
 989              	.LASF63:
 990 0064 6368636F 		.ascii	"chcore_v7m.c\000"
 990      72655F76 
 990      376D2E63 
 990      00
 991              	.LASF61:
 992 0071 6368636F 		.ascii	"chcore.h\000"
 992      72652E68 
 992      00
 993              	.LASF56:
ARM GAS  /tmp/ccwWsmvK.s 			page 21


 994 007a 2E2E2F2E 		.ascii	"../../../os/rt/include\000"
 994      2E2F2E2E 
 994      2F6F732F 
 994      72742F69 
 994      6E636C75 
 995              	.LASF57:
 996 0091 2F757372 		.ascii	"/usr/lib/gcc/arm-none-eabi/13.2.1/include\000"
 996      2F6C6962 
 996      2F676363 
 996      2F61726D 
 996      2D6E6F6E 
 997              	.LASF53:
 998 00bb 2F686F6D 		.ascii	"/home/mayank/chibios-workspace/ChibiOS/demos/STM32/"
 998      652F6D61 
 998      79616E6B 
 998      2F636869 
 998      62696F73 
 999 00ee 52542D53 		.ascii	"RT-STM32F407-DISCOVERY\000"
 999      544D3332 
 999      46343037 
 999      2D444953 
 999      434F5645 
 1000              	.LASF65:
 1001 0105 63687363 		.ascii	"chschd.h\000"
 1001      68642E68 
 1001      00
 1002              	.LASF58:
 1003 010e 2E2E2F2E 		.ascii	"../../../os/common/ports/ARMCMx/chcore_v7m.c\000"
 1003      2E2F2E2E 
 1003      2F6F732F 
 1003      636F6D6D 
 1003      6F6E2F70 
 1004              	.LASF60:
 1005 013b 636F7265 		.ascii	"core_cm4.h\000"
 1005      5F636D34 
 1005      2E6800
 1006              	.LASF64:
 1007 0146 636D7369 		.ascii	"cmsis_gcc.h\000"
 1007      735F6763 
 1007      632E6800 
 1008              		.text
 1009              		.section	.gnu.lto_.profile.b9d5d58ce0585de1,"e",%progbits
 1010 0000 789C6362 		.ascii	"x\234cb\000\001\000\000\022\000\003"
 1010      00010000 
 1010      120003
 1011              		.text
 1012              		.section	.gnu.lto_.icf.b9d5d58ce0585de1,"e",%progbits
 1013 0000 789C5367 		.ascii	"x\234Sg@\000f\206\347'.\034\346ccb`b\204a\346;mK\246"
 1013      40006686 
 1013      E7272E1C 
 1013      E6636362 
 1013      60628461 
 1014 0019 F030B0EC 		.ascii	"\3600\260\354\3728\343&\037\023\02003\000\000\312\303"
 1014      FA38E326 
 1014      1F131030 
 1014      330000CA 
 1014      C3
ARM GAS  /tmp/ccwWsmvK.s 			page 22


 1015 002a 0972     		.ascii	"\011r"
 1016              		.text
 1017              		.section	.gnu.lto_.ipa_sra.b9d5d58ce0585de1,"e",%progbits
 1018 0000 789CE367 		.ascii	"x\234\343g@\000f\006\006F\020\311\310\002\244\031\031"
 1018      40006606 
 1018      064610C9 
 1018      C802A419 
 1018      19
 1019 0011 00022900 		.ascii	"\000\002)\000\036"
 1019      1E
 1020              		.text
 1021              		.section	.gnu.lto_.inline.b9d5d58ce0585de1,"e",%progbits
 1022 0000 789CAB62 		.ascii	"x\234\253b@\000f\006\006\336\206\206\206\003L\351\214"
 1022      40006606 
 1022      06DE8686 
 1022      86034CE9 
 1022      8C
 1023 0011 0C0C4C02 		.ascii	"\014\014L\002 &s*\003\003\033\220\321\300\224\302\304"
 1023      2026732A 
 1023      03031B90 
 1023      D1C094C2 
 1023      C4
 1024 0022 C00452C4 		.ascii	"\300\004R\304\304\015Q\312\016\022eN\005\251\344\000"
 1024      C40D51CA 
 1024      0E12654E 
 1024      05A9E400 
 1025 0032 2BC050C9 		.ascii	"+\300P\311\302\300\325\264x\351.\2464\220\032\2369?"
 1025      C2C0D5B4 
 1025      78E92EA6 
 1025      34901A9E 
 1025      393F
 1026 0044 5A3F63AA 		.ascii	"Z?c\252a\344\002\333\014\000W\035\030\267"
 1026      61E402DB 
 1026      0C00571D 
 1026      18B7
 1027              		.text
 1028              		.section	.gnu.lto_.jmpfuncs.b9d5d58ce0585de1,"e",%progbits
 1029 0000 789CE365 		.ascii	"x\234\343e@\000f(\301\002\242\001\001\261\000\030"
 1029      40006628 
 1029      C102A201 
 1029      01B10018 
 1030              		.text
 1031              		.section	.gnu.lto_.pureconst.b9d5d58ce0585de1,"e",%progbits
 1032 0000 789CE362 		.ascii	"x\234\343b```f\330\305\312\274\213\225e\027+\000\013"
 1032      60606066 
 1032      D8C5CABC 
 1032      8B956517 
 1032      2B000B
 1033 0013 F80252   		.ascii	"\370\002R"
 1034              		.text
 1035              		.section	.gnu.lto_.ipa_modref.b9d5d58ce0585de1,"e",%progbits
 1036 0000 789C1361 		.ascii	"x\234\023a@\000F\030\315\304\002\304\254@.\033\003\000"
 1036      40004618 
 1036      CDC402C4 
 1036      AC402E1B 
 1036      0300
 1037 0012 0343002C 		.ascii	"\003C\000,"
ARM GAS  /tmp/ccwWsmvK.s 			page 23


 1038              		.text
 1039              		.section	.gnu.lto_.lto.b9d5d58ce0585de1,"e",%progbits
 1040 0000 0D000000 		.ascii	"\015\000\000\000\001\000\000\000"
 1040      01000000 
 1041              		.text
 1042              		.section	.gnu.lto_SVC_Handler.295.b9d5d58ce0585de1,"e",%progbits
 1043 0000 789C9593 		.ascii	"x\234\225\223_hSw\024\307\317\271\277\3344\243\235\332"
 1043      5F685377 
 1043      14C7CFB9 
 1043      BFDC34A3 
 1043      9DDA
 1044 0012 95EDD106 		.ascii	"\225\355\321\006E|\230\351\255:\261\033\014\034\331"
 1044      457C98E9 
 1044      AD3AB11B 
 1044      0C1CD9
 1045 0021 061D844A 		.ascii	"\006\035\204J\"\033{\252\361\232\255\241\336\336\364"
 1045      221B7BAA 
 1045      F19AADA1 
 1045      DEDEF4
 1046 0030 DE64B6D4 		.ascii	"\336d\266\324\221\333D\352(\025\377\300\330\012\316"
 1046      91DB44EA 
 1046      2815FFC0 
 1046      D80ACE
 1047 003f 740F05DB 		.ascii	"t\017\005\333\011}\230\212\177\3226\235v\353,6\355\246"
 1047      097D988A 
 1047      7FD2369D 
 1047      76EB2C36 
 1047      EDA6
 1048 0051 6C74229D 		.ascii	"lt\"\235cl\205>\204\351 B7=\347w\243\033\303\227\205"
 1048      636C853E 
 1048      84E92042 
 1048      373DE777 
 1048      A31BC397 
 1049 0066 707FBF73 		.ascii	"p\177\277s\356\367{\316\347\367\347N\010\200w\020`#"
 1049      EEF77BCE 
 1049      E7F7E74E 
 1049      08807710 
 1049      6023
 1050 0078 00A0003C 		.ascii	"\000\240\000<y\242_\001\307qvU)\330{\242\277\026\307"
 1050      79A25F01 
 1050      C7717655 
 1050      29D87BA2 
 1050      BF16C7
 1051 008b 51460869 		.ascii	"QF\010i\005\323xVh\024\226g\347\246Z\2353\005\\\001"
 1051      05D37856 
 1051      68149667 
 1051      E7A65A9D 
 1051      33055C01 
 1052 009f 4843E5A7 		.ascii	"HC\345\247\242\267\016=\364|\036\375*\372z(\361b\301"
 1052      A2B70E3D 
 1052      F47C1EFD 
 1052      2AFA7A28 
 1052      F162C1
 1053 00b2 714AC7BF 		.ascii	"qJ\307\277\376d\375Pf\335\207yL_\301\313\310R\007?\363"
 1053      FE64FD50 
 1053      66DD8779 
 1053      4C5FC1CB 
ARM GAS  /tmp/ccwWsmvK.s 			page 24


 1053      C852073F 
 1054 00c7 56C338B2 		.ascii	"V\3038\262Y\250X\015\3203\211\244\257\246\332\027Gu"
 1054      59A8580D 
 1054      D03389A4 
 1054      AFA6DA17 
 1054      4775
 1055 00d9 98C0EE4A 		.ascii	"\230\300\356Jt\352N\377\310\016(\340A\212}\323\254\011"
 1055      74EA4EFF 
 1055      C80E28E0 
 1055      418A7DD3 
 1055      AC09
 1056 00eb 50CDF2FD 		.ascii	"P\315\362\375S\027r;N;\005O\352+\354\221U\257\242\242"
 1056      5317723B 
 1056      4E3B054F 
 1056      EA2BEC91 
 1056      55AFA2A2 
 1057 00ff 3AB8E075 		.ascii	":\270\340u\233\226\363\037/\376\266\367n\326\231qX\222"
 1057      9B96F31F 
 1057      2FFEB6F7 
 1057      6ED69971 
 1057      5892
 1058 0111 AE4824A5 		.ascii	"\256H$\245lR\376\262\346\032\302\024\366\0005\237F\331"
 1058      6C52FEB2 
 1058      E61AC214 
 1058      F600359F 
 1058      46D9
 1059 0123 DDF79152 		.ascii	"\335\367\221Ra\246\372\177\034[C\365\017\373S\337\240"
 1059      61A6FA7F 
 1059      1C5B43F5 
 1059      0FFB53DF 
 1059      A0
 1060 0134 2DDD33C8 		.ascii	"-\3353\310\334\231*\306\245\271\375\355c\340\374\345"
 1060      DC992AC6 
 1060      A5B9FDED 
 1060      63E0FCE5 
 1061 0144 BE4FB3CF 		.ascii	"\276O\263\317\021\263\375Tw\372\211\233Z\315\"\\G\327"
 1061      11B3FD54 
 1061      77FA899B 
 1061      5ACD225C 
 1061      47D7
 1062 0156 09D07943 		.ascii	"\011\320yCv=\246TVUZ<9\266~HI\315a\247\364\024\345\222"
 1062      763DA654 
 1062      56555A3C 
 1062      39B67E48 
 1062      49CD61A7 
 1063 016e 961F2FE9 		.ascii	"\226\037/\351\376\300\352\340Z\347x\257\217\004\351"
 1063      FEC0EAE0 
 1063      5AE778AF 
 1063      8F04E9
 1064 017d 8AE09F05 		.ascii	"\212\340\237\005\345\364y$\206N^\317\002Rez\247`\036"
 1064      E5F47924 
 1064      864E5ECF 
 1064      0252657A 
 1064      A7601E
 1065 0190 F13A8E7D 		.ascii	"\361:\216}\247.9\345\2079\307\231\253\277x\373V-\235"
 1065      A72E39E5 
 1065      8739C799 
ARM GAS  /tmp/ccwWsmvK.s 			page 25


 1065      ABBF78FB 
 1065      562D9D
 1066 01a3 A5E2A3A3 		.ascii	"\245\342\243\243\316\243\207\037*\220\006`D\360\261"
 1066      CEA3871F 
 1066      2A900660 
 1066      44F0B1
 1067 01b2 3B1E8451 		.ascii	";\036\204Q\241\270\263l\001\036*\316\335\317\007\204"
 1067      A1B8B36C 
 1067      011E2ACE 
 1067      DDCF0784 
 1068 01c2 1C976A78 		.ascii	"\034\227jx\270\267|)\237\233Tx\025\234\3745W\207\263"
 1068      B8B77C29 
 1068      9F9B5478 
 1068      159CFC35 
 1068      5787B3
 1069 01d5 EE74A51E 		.ascii	"\356t\245\036\016\213\336\015\334\371\264\242\342\346"
 1069      0E8BDE0D 
 1069      DCF9B4A2 
 1069      E2E6
 1070 01e3 2F943E9F 		.ascii	"/\224>\237\241\3423\004\371=\002\01571\011\244\314\370"
 1070      A1E23304 
 1070      F93D020D 
 1070      373109A4 
 1070      CCF8
 1071 01f5 A9A150A5 		.ascii	"\251\241P\245\247T\317\211\322\362\340\322\300\214B"
 1071      A754CF89 
 1071      D2F2E0D2 
 1071      C08C42
 1072 0204 774DA264 		.ascii	"wM\242dE\346\357#G7\012!E$\317\243p\021\356\021JVd\317"
 1072      45E6EF23 
 1072      47370A21 
 1072      4524CFA3 
 1072      7011EE11 
 1073 021c F5A58447 		.ascii	"\365\245\204G\010\272o\376'\002\217\024\374%\005dG\341"
 1073      08BA6FFE 
 1073      27028F14 
 1073      FC250564 
 1073      47E1
 1074 022e A6E86591 		.ascii	"\246\350e\221\346\025\362s\303W\024\234wq\307\207\353"
 1074      E615F273 
 1074      C357149C 
 1074      7771C787 
 1074      EB
 1075 023f 70012532 		.ascii	"p\001%2\357\343\030#\347\011\271\335E\376A\"\377\210"
 1075      EFE31823 
 1075      E709B9DD 
 1075      45FE4122 
 1075      FF88
 1076 0251 872472E9 		.ascii	"\207$r\351\367\301\325\001d@\336t\266\237yV\326|0\272"
 1076      F7C1D501 
 1076      6440DE74 
 1076      B69F7956 
 1076      D67C30BA 
 1077 0265 7A736A13 		.ascii	"zsj\023_ N\016\337\332\312\343/\347\213\224+\270\271"
 1077      5F204E0E 
 1077      DFDACAE3 
 1077      2FE78B94 
ARM GAS  /tmp/ccwWsmvK.s 			page 26


 1077      2BB8B9
 1078 0278 9F8B9CCB 		.ascii	"\237\213\234\313\014\321f_Eo\312\265\023\313\312\004"
 1078      0CD1665F 
 1078      456FCAB5 
 1078      13CBCA04 
 1079 0288 B15C7335 		.ascii	"\261\\s5\177N\324\3414\263d6\360\311M\376\207\345'\311"
 1079      7F4ED4E1 
 1079      34B36436 
 1079      F0C94DFE 
 1079      87E527C9 
 1080 029c 721B17F9 		.ascii	"r\033\027\371\302l\236\247\027qN\337A\227\255<\272T"
 1080      C26C9EA7 
 1080      17714EDF 
 1080      4197AD3C 
 1080      BA54
 1081 02ae ACE5EA00 		.ascii	"\254\345\352\000G\004o\346\331\243\374\335\312\257r"
 1081      47046FE6 
 1081      D9A3FCDD 
 1081      CAAF72
 1082 02bd 44A07B98 		.ascii	"D\240{\230\231\002Eoim\246\021\323\214hw\264\243]\323"
 1082      9902456F 
 1082      696DA611 
 1082      D38C6877 
 1082      B4A35DD3 
 1083 02d1 DBE2FBE2 		.ascii	"\333\342\373\342\246\0358hZ\355v\"\252\307\264 gZ\""
 1083      A61D3868 
 1083      5AED7622 
 1083      AAC7B420 
 1083      675A22
 1084 02e4 DAFE9861 		.ascii	"\332\376\230a\332ZdOh\3736-\274' 'o\276\324\2703\360"
 1084      DA5A644F 
 1084      68FB362D 
 1084      BC272027 
 1084      6FBED4B8 
 1085 02fa 7A7324D8 		.ascii	"zs$\330\362\366\033\341w!\320\320\240\271\177R\352\246"
 1085      F2F61BE1 
 1085      7721D0D0 
 1085      A0B97F52 
 1085      EAA6
 1086 030c 61981D5A 		.ascii	"a\230\035Z\302\264\222\266\366Z8\024\014uQu\335\264"
 1086      C2B492B6 
 1086      F65A3814 
 1086      0C755175 
 1086      DDB4
 1087 031e 62AD1FEC 		.ascii	"b\255\037\3544\032t\360\350\311\256\304\013\377N5\350"
 1087      341A74F0 
 1087      E8C9AEC4 
 1087      0BFF4E35 
 1087      E8
 1088 032f 8D4D4DDB 		.ascii	"\215MM\333\233\266\276\374\277*\265A\325\276\250\035"
 1088      9BB6BEFC 
 1088      BF2AB541 
 1088      D5BEA81D 
 1089 033f DB6DC55F 		.ascii	"\333m\305_y\212+\326\225d\217\026\014E\232#Z\220LZs"
 1089      798A2BD6 
 1089      95648F16 
 1089      0C459A23 
ARM GAS  /tmp/ccwWsmvK.s 			page 27


 1089      5A904C5A 
 1090 0354 877E20B5 		.ascii	"\207~ \265?\246\351\206\035\267[\337\327u*\341\265b"
 1090      3FA6E986 
 1090      1DB75BDF 
 1090      D7752AE1 
 1090      B562
 1091 0366 76EA4072 		.ascii	"v\352@rM\322L\264\274\267\3332\365H2\252\267\327\204"
 1091      4DD24CB4 
 1091      BCB7DB32 
 1091      F54832AA 
 1091      B7D784
 1092 0379 C211FFA6 		.ascii	"\302\021\377\246\306-\376\204\235\000\361\252\0055\241"
 1092      C62DFE84 
 1092      9D00F1AA 
 1092      0535A1
 1093 0388 4898832D 		.ascii	"H\230\203-\224\005\305\202u\034s\367\204\025\227\271"
 1093      9405C582 
 1093      751C73F7 
 1093      841597B9 
 1094 0398 2A83B6C9 		.ascii	"*\203\266\311\352\206G\304W\256P"
 1094      EA8647C4 
 1094      57AE50
 1095              		.text
 1096              		.section	.gnu.lto__port_irq_epilogue.296.b9d5d58ce0585de1,"e",%progbits
 1097 0000 789C9552 		.ascii	"x\234\225R]H\024Q\024>\347\336\231u#\021C\212 \010\011"
 1097      5D481451 
 1097      143EE7DE 
 1097      99752311 
 1097      438A2008 
 1098 0015 A2C0D6F1 		.ascii	"\242\300\326\361'\313z*\266\002\203\255p%\350\311\326"
 1098      27CB7A2A 
 1098      B60283AD 
 1098      7025E8C9 
 1098      D6
 1099 0026 71D0C5C6 		.ascii	"q\320\305\306\221\335\312D\304\233\253\011\006\205a"
 1099      91DDCA44 
 1099      C49BAB09 
 1099      068561
 1100 0035 98106968 		.ascii	"\230\020ih\017\033\366\207\025\371\267\255\177\245\226"
 1100      0F1BF687 
 1100      15F9B7AD 
 1100      7FA596
 1101 0044 DA8F41F5 		.ascii	"\332\217A\365\344O\224\205\017R\030\026Q\335;\263l>"
 1101      E44F9485 
 1101      0F521816 
 1101      51DD3BB3 
 1101      6C3E
 1102 0056 F8D2B0B3 		.ascii	"\370\322\260\263s\316w\317\371\316w\277{\223(\300F\004"
 1102      73CE77CF 
 1102      F9CE77BF 
 1102      7B9328C0 
 1102      4604
 1103 0068 380A0068 		.ascii	"8\012\000h\003\274T_G\2001\266'\206\220@\375y\202\235"
 1103      03BC545F 
 1103      478031B6 
 1103      27869040 
 1103      FD79829D 
ARM GAS  /tmp/ccwWsmvK.s 			page 28


 1104 007c F8A1F667 		.ascii	"\370\241\366g\254T]\037wu\251&]\242x\331n\255Kx\271"
 1104      AC545D1F 
 1104      7775A926 
 1104      5DA278D9 
 1104      6EAD4B78 
 1105 0091 7E74F677 		.ascii	"~t\366w\313\233\003\330\213&\"\343\331h7B%\241\222\214"
 1105      CB9B03D8 
 1105      8B2622E3 
 1105      D9683742 
 1105      25A1928C 
 1106 00a5 95D84E15 		.ascii	"\225\330N\025\216,=\033\237n]\305X\315\372y\200J\210"
 1106      8E2C3D1B 
 1106      9F6E5DC5 
 1106      58CDFA79 
 1106      804A88
 1107 00b8 3CAB79DC 		.ascii	"<\253y\334\205@d\344QE7\202\031\224\367\230\001\357"
 1107      854064E4 
 1107      51453782 
 1107      1994F798 
 1107      01EF
 1108 00ca 7AF44583 		.ascii	"z\364E\203.,\267\340^\214\342W\277\327\0063 \204e<\267"
 1108      2E2CB7E0 
 1108      5E8CE257 
 1108      BFD70633 
 1108      2084653C 
 1109 00df 25209F63 		.ascii	"% \237c[\213\2112\332\203\242\302\021\346\363\332\032"
 1109      5B8B8932 
 1109      DA83A2C2 
 1109      11E6F3DA 
 1109      1A
 1110 00f0 1F36675C 		.ascii	"\0376g\\ca\251\264\037+\3720\2140\200D\232\307\2276"
 1110      6361A9B4 
 1110      1F2BFA30 
 1110      8C308044 
 1110      9AC79736 
 1111 0104 199344C1 		.ascii	"\031\223D\301\374\305\367\237\216\317\004\3300\023%"
 1111      FCC5F79F 
 1111      8ECF04D8 
 1111      301325
 1112 0113 9591122E 		.ascii	"\225\221\022.*2z\251#v\020\3411V\010\225C\330\035\235"
 1112      2A327AA9 
 1112      237610E1 
 1112      31560895 
 1112      43D81D9D 
 1113 0127 DD75AE49 		.ascii	"\335u\256I\346\252N\375\323r!\003\236\242\037,\342\205"
 1113      E6AA4EFD 
 1113      D3722103 
 1113      9EA21F2C 
 1113      E285
 1114 0139 9F1FA766 		.ascii	"\237\037\247f(kcdE\332\261\216\330\021\204a\213vT\320"
 1114      286B6364 
 1114      45DAB18E 
 1114      D8118461 
 1114      8B7654D0 
 1115 014d 8AC53BAF 		.ascii	"\212\305;\257\344)\266\364\247\231\261\211C\323\255"
 1115      E429B6F4 
 1115      A799B189 
ARM GAS  /tmp/ccwWsmvK.s 			page 29


 1115      43D3AD
 1116 015c 3F666F35 		.ascii	"?fo5\242\235\000\211\241\374\005\010Ra*\223\020nRbE"
 1116      A29D0089 
 1116      A1FC0508 
 1116      52612A93 
 1116      106E5262 
 1117 0171 8130FC21 		.ascii	"\2010\374!\354\353\347\246\017\015\011\374\214D\362"
 1117      ECEBE7A6 
 1117      0F0D09FC 
 1117      8C44F2
 1118 0180 ED5DF3DD 		.ascii	"\355]\363\335\311\276\315\370\304\314f:'S\305wvq\214"
 1118      C9BECDF8 
 1118      C4CC663A 
 1118      2753C577 
 1118      76718C
 1119 0193 634F2DEC 		.ascii	"cO-\354\301\270\300\252Z$\300a\264\225b\242\3317r{>"
 1119      C1B8C0AA 
 1119      5A24C061 
 1119      B49562A2 
 1119      D937727B 
 1120 01a8 D44D70C4 		.ascii	"\324Mp\304\252Y\014%\340(B5\255\332$\264\005\370\341"
 1120      AA590C25 
 1120      E0284235 
 1120      ADDA24B4 
 1120      05F8E1
 1121 01bb 6C6920E7 		.ascii	"li \347\354\206\214\253\270\3221\004\376\031\307\347"
 1121      EC868CAB 
 1121      B8D23104 
 1121      FE19C7E7 
 1122 01cb C28F2D8D 		.ascii	"\302\217-\215|A\027\360\013\276\013\316\274\360\266"
 1122      7C4117F0 
 1122      0BBE0BCE 
 1122      BCF0B6
 1123 01da F9FEF81A 		.ascii	"\371\376\370\032\301\016\246\276\271\246\271\006\024"
 1123      C10EA6BE 
 1123      B9A6B906 
 1123      14
 1124 01e7 FA02B43F 		.ascii	"\372\002\264?\024\334@9\231\255Ht\362\177\366>\300\342"
 1124      14DC4039 
 1124      99AD4874 
 1124      F27FF63E 
 1124      C0E2
 1125 01f9 646C1797 		.ascii	"dl\027\227\307\356}\215\257\020v\\\347a\301$j\2341@"
 1125      C7EE7D8D 
 1125      AF10765C 
 1125      E761C124 
 1125      6A9C3140 
 1126 020d 03576A6F 		.ascii	"\003Wjo\310\224Rb\333\212,\036~\223\352/\003i\224\362"
 1126      C8945262 
 1126      DB8A2C1E 
 1126      7E93EA2F 
 1126      036994F2 
 1127 0221 CCBA3D37 		.ascii	"\314\272=7)m\011\275\370\004\302\214\032J\241\016\211"
 1127      296D09BD 
 1127      F804C28C 
 1127      1A4AA10E 
 1127      89
ARM GAS  /tmp/ccwWsmvK.s 			page 30


 1128 0232 EA0120F1 		.ascii	"\352\001 \361\346\2324\335w\347\012\215\0305\023l\244"
 1128      E69A34DD 
 1128      77E70A8D 
 1128      1835136C 
 1128      A4
 1129 0243 118F7E09 		.ascii	"\021\217~\011\217z\254\275\336xs\217\360\333k\372\364"
 1129      8F7AACBD 
 1129      DE78738F 
 1129      F0DB6BFA 
 1129      F4
 1130 0254 6082E321 		.ascii	"`\202\343!\013\237\236\210\3724 |\202\345>\015\376\363"
 1130      0B9F9E88 
 1130      FA34207C 
 1130      82E53E0D 
 1130      FEF3
 1131 0266 6968B94F 		.ascii	"ih\271O\246-\357L{\226\33115\261F\220Xz\345\350\341"
 1131      A62DEF4C 
 1131      7B96D931 
 1131      35B14690 
 1131      587AE5E8 
 1132 027b D55262EE 		.ascii	"\325Rb\356!H\321\302\252\302<;\250\024\032\272\246\350"
 1132      2148D1C2 
 1132      AAC23C3B 
 1132      A8141ABA 
 1132      A6E8
 1133 028d 9E324F71 		.ascii	"\2362Oq\221\242\026z\363\274\206\337Qj\370\212\374%"
 1133      91A2167A 
 1133      F3BC86DF 
 1133      516AF88A 
 1133      FC25
 1134 029f 1E55539C 		.ascii	"\036US\234\0029\354V\3625\335\360+\356\034Wz\232\222"
 1134      0239EC56 
 1134      F235DDF0 
 1134      2BEE1C57 
 1134      7A9A92
 1135 02b2 9DE33083 		.ascii	"\235\3430\203\003\333Sv:\366e\271\235\207\217\356\317"
 1135      03DB5376 
 1135      3AF665B9 
 1135      9D878FEE 
 1135      CF
 1136 02c3 3E068EE4 		.ascii	">\006\216\344d\305\372\361J\325\320u\243X)1|'\375\312"
 1136      64C5FAF1 
 1136      4AD5D075 
 1136      A3582931 
 1136      7C27FDCA 
 1137 02d7 DE6C97D3 		.ascii	"\336l\227\323u\206\263\253\206O\313=\275SOV\377\253"
 1137      7586B3AB 
 1137      864FCB3D 
 1137      BD534F56 
 1137      FFAB
 1138 02e9 BA1062F2 		.ascii	"\272\020b\362<~\355\210\317\273{\205.\355\314I\321\243"
 1138      3C7EED88 
 1138      CFBB7B85 
 1138      2EEDCC49 
 1138      D1A3
 1139 02fb 385DEE2C 		.ascii	"8]\356,\267\342\344MJV\261z\342T\276\246\250\272\337"
 1139      B7E2E44D 
ARM GAS  /tmp/ccwWsmvK.s 			page 31


 1139      4A56B17A 
 1139      E254BEA6 
 1139      A8BADF
 1140 030e EBCF2D50 		.ascii	"\353\317-PUN\261n\371\370d5%33=3u\027\304\273\334\331"
 1140      554EB16E 
 1140      F9F86435 
 1140      2533333D 
 1140      337517C4 
 1141 0325 8982BDC4 		.ascii	"\211\202\275\304\347\335\226\2709\005\210\017bt\276"
 1141      E7DD96B8 
 1141      3905880F 
 1141      6274BE
 1142 0334 5B5F19FC 		.ascii	"[_\031\374\005\220\357\201\227"
 1142      0590EF81 
 1142      97
 1143              		.text
 1144              		.section	.gnu.lto__port_irq_epilogue.part.0.304.b9d5d58ce0585de1,"e",%progbits
 1145 0000 789C9554 		.ascii	"x\234\225T\177L[U\024>\347\336\276\266s\015F\220E\243"
 1145      7F4C5B55 
 1145      143EE7DE 
 1145      BEB6730D 
 1145      469045A3 
 1146 0014 9146B368 		.ascii	"\221F\263h\262\301C'\016\215\032\014j\202\011a\243h"
 1146      B2C14327 
 1146      0E8D1A0C 
 1146      6A820961 
 1146      A368
 1147 0026 B21883DD 		.ascii	"\262\030\203\335[\035\244+\257\266e\003\221\360\370"
 1147      5B1DA42B 
 1147      AFB66503 
 1147      91F0F8
 1148 0035 1DAB9161 		.ascii	"\035\253\221a\004\262\304\000\213\303\300\206b\262e"
 1148      04B2C400 
 1148      8BC3C086 
 1148      62B265
 1149 0044 510141E7 		.ascii	"Q\001A\347&c\272\261_,\202\323\215d3\260jP\027C\374"
 1149      2663BAB1 
 1149      5F2C82D3 
 1149      8D6433B0 
 1149      6A501743 
 1150 0059 837AEEBD 		.ascii	"\203z\356\275\265\022CL|iz\317=\347\373\276\373\235"
 1150      B512434C 
 1150      7C697ACF 
 1150      3DE7FBBE 
 1150      FB9D
 1151 006b 7BDF7DEB 		.ascii	"{\337}\3535\200'\021\240\014\000\320\011\330\345\004"
 1151      35802711 
 1151      A00C00D0 
 1151      09D8E504 
 1152 007b CBB2F21C 		.ascii	"\313\262\362\034\016L\225#c\215\355o2\274\2004s\333"
 1152      0E4C9523 
 1152      638DED6F 
 1152      32BC8034 
 1152      73DB
 1153 008d 9ADA53E4 		.ascii	"\232\332S\344\310\261\243\375\026Y\267Q\024e\212\243"
 1153      C8B1A3FD 
 1153      1659B751 
ARM GAS  /tmp/ccwWsmvK.s 			page 32


 1153      14658AA3 
 1154 009d 61677BB4 		.ascii	"ag{\264\365r\211B\3479\354X\237\254!\3249\030\267iv"
 1154      F5728942 
 1154      E739EC58 
 1154      9FAC21D4 
 1154      3918B769 
 1155 00b2 ACC341AE 		.ascii	"\254\303A\256\241N\331\245S\247\257\276\277\306\262"
 1155      A14ED9A5 
 1155      53A7AFBE 
 1155      BFC6B2
 1156 00c1 9AEF8801 		.ascii	"\232\357\210\001\324\201|D~\2575eqJ\325\322\374S\024"
 1156      D4817C44 
 1156      7EAF3565 
 1156      714AD5D2 
 1156      FC5314
 1157 00d4 590DD712 		.ascii	"Y\015\327\022b\030\201\206Z\032l2Q3\212\252R\375\271"
 1157      62188186 
 1157      5A1A6C32 
 1157      51338AAA 
 1157      52FDB9
 1158 00e7 0C88FAC9 		.ascii	"\014\210\372\311\202\017F\260Z\245\3070\231\177\357"
 1158      820F46B0 
 1158      5AA5C730 
 1158      997FEF
 1159 00f6 8FD6811C 		.ascii	"\217\326\201\034\030\307=4\267\247!\361\355\351\350"
 1159      18C73D34 
 1159      B7A721F1 
 1159      EDE9E8
 1160 0105 D6D03920 		.ascii	"\326\3209 \020\231\343d\346@\327\321\236\234nk\334V"
 1160      1099E364 
 1160      E640D7D1 
 1160      9E9C6E6B 
 1160      DC56
 1161 0117 F915D61C 		.ascii	"\371\025\326\034\303/\021\216#\323bx\326\256\341\006"
 1161      C32F118E 
 1161      23D36278 
 1161      D6AEE106 
 1162 0127 0188B5CD 		.ascii	"\001\210\265\315\374\364\362\\\2435a\011Hm\002\242\334"
 1162      FCF4F25C 
 1162      A3356109 
 1162      486D02A2 
 1162      DC
 1163 0138 89A5970E 		.ascii	"\211\245\227\016\273N |\2015\302\345\3278\232\\\373"
 1163      BB4E207C 
 1163      8135C2E5 
 1163      D7389A5C 
 1163      FB
 1164 0149 B3967D1A 		.ascii	"\263\226}\032\271\012\377\343\345\355\0348\211\257\202"
 1164      B90AFFE3 
 1164      E5ED1C38 
 1164      89AF82
 1165 0158 125EFCF3 		.ascii	"\022^\374\363\372\2259n\035\260\330\252\262\337\036"
 1165      FA95396E 
 1165      1DB0D8AA 
 1165      B2DF1E
 1166 0167 769D4298 		.ascii	"v\235B\230T\262\337(Yg#K\220\311\366om)d\273\311]y\032"
 1166      54B2DF28 
ARM GAS  /tmp/ccwWsmvK.s 			page 33


 1166      5967234B 
 1166      90C9F66F 
 1166      6D2964BB 
 1167 017f 4DC93E43 		.ascii	"M\311>C\354\03068\304&PlNIJ4I\271\371\326\321\311\273"
 1167      EC183638 
 1167      C426506C 
 1167      4E494A34 
 1167      49B9F9D6 
 1168 0196 25257016 		.ascii	"%%p\026\353$\345\234\244\3045A\241x\030\317c\014\227"
 1168      EB24E59C 
 1168      A4C43541 
 1168      A17818CF 
 1168      630C97
 1169 01a9 3545D83B 		.ascii	"5E\330;bYo\344\001\201k\223`\271\303\027\220\332:\237"
 1169      62596FE4 
 1169      01816B93 
 1169      60B9C317 
 1169      90DA3A9F 
 1170 01bd DCFB43C7 		.ascii	"\334\373C\307S\341\"\232\253:\253M:\2436.!L\343T\342"
 1170      53E1229A 
 1170      AB3AAB4D 
 1170      3AA3362E 
 1170      214CE354 
 1171 01d2 F0FCDF49 		.ascii	"\360\374\337I{m,q\020\2133\357\014\335\323\313*g\320"
 1171      7B6D2C71 
 1171      108B33EF 
 1171      0CDDD3CB 
 1171      2A67D0
 1172 01e5 2F39B3F2 		.ascii	"/9\263\362\024\346\355I\363\335Q\256Tg\022\252\263+"
 1172      14E6ED49 
 1172      F3DD51AE 
 1172      546712AA 
 1172      B32B
 1173 01f7 766BA20F 		.ascii	"vk\242\017\277Gr\341\027\273u\031I\233\212\034\247\221"
 1173      BF4772E1 
 1173      17BB7519 
 1173      499B8A1C 
 1173      A791
 1174 0209 5E3965EA 		.ascii	"^9e\352\2073\031\335\375t\312\2406\213\236\015\343M"
 1174      873319DD 
 1174      FD74CAA0 
 1174      368B9E0D 
 1174      E34D
 1175 021b 7FEBF60B 		.ascii	"\177\353\366\013]P\262?\212\"\2657tN\353\265\226\342"
 1175      5D50B23F 
 1175      8A22B537 
 1175      744EEBB5 
 1175      96E2
 1176 022d 3DA47E03 		.ascii	"=\244~\003S]\2448\215L\024\270\370\263\001[\253\001"
 1176      535DA438 
 1176      8D4C14B8 
 1176      F8B3015B 
 1176      AB01
 1177 023f 73010C70 		.ascii	"s\001\014p\361\252[6\244\310\241\"~\220\263D\024g\326"
 1177      F1AA5B36 
 1177      A4C8A122 
 1177      7E90B344 
ARM GAS  /tmp/ccwWsmvK.s 			page 34


 1177      1467D6
 1178 0252 5CEC5DA4 		.ascii	"\\\354]\244\273\001\"\034L\027\303\357'?\032\351\031"
 1178      BB01221C 
 1178      4C17C3EF 
 1178      273F1AE9 
 1178      19
 1179 0263 63785125 		.ascii	"cxQ%\257\365\244\341%\025\3062\240\211\327\337+\334"
 1179      AFF5A4E1 
 1179      2515C632 
 1179      A089D7DF 
 1179      2BDC
 1180 0275 77330DEF 		.ascii	"w3\015\357?\304Z\234>\015\327\220\245\253\0104\314\341"
 1180      3FC45A9C 
 1180      3E0DD790 
 1180      A5AB0834 
 1180      CCE1
 1181 0287 EB40C806 		.ascii	"\353@\310\0067\271\341\212\263\230!\022\213\363\373"
 1181      37B9E18A 
 1181      B3982112 
 1181      8BF3FB
 1182 0296 063B26C5 		.ascii	"\006;&\305\225\245\012@#oXn\375\360>\316$\210\340\344"
 1182      95A50A40 
 1182      236F586E 
 1182      FDF03ECE 
 1182      2488E0E4 
 1183 02aa 9B49F858 		.ascii	"\233I\370X\207F\325\306#-\035\234\036F\327\342J<\036"
 1183      8746D5C6 
 1183      232D1D9C 
 1183      1E46D7E2 
 1183      4A3C1E
 1184 02bd BF3589E2 		.ascii	"\2775\211\342\0225/Q\0157\373\037\240;\023P\020\015"
 1184      12352F51 
 1184      0D37FB1F 
 1184      A03B1350 
 1184      100D
 1185 02cf 07118CD7 		.ascii	"\007\021\214\327\256!<B\315\365\337\351\275\216\245"
 1185      AE213C42 
 1185      CDF5DFE9 
 1185      BD8EA5
 1186 02de 00F61B20 		.ascii	"\000\366\033 \356\275S\322\366wjji\3446\251D\232\263"
 1186      EEBD53D2 
 1186      F6776A6A 
 1186      69E436A9 
 1186      449AB3
 1187 02f1 1427BA3E 		.ascii	"\024'\272>\3227\314\304A\011\350h_\032^F\331\256\330"
 1187      D237CCC4 
 1187      4109E868 
 1187      5F1A5E46 
 1187      D9AED8
 1188 0304 F121D1EE 		.ascii	"\361!\321\356\010\265\373\222jw^\266\273\200\273!\321"
 1188      08B5FB92 
 1188      6A775EB6 
 1188      BB80BB21 
 1188      D1
 1189 0315 5D6F67BA 		.ascii	"]og\272hN\234\272\240\177\274\016\232yc\257\217kQd/"
 1189      684E9CBA 
 1189      A07FBC0E 
ARM GAS  /tmp/ccwWsmvK.s 			page 35


 1189      9A7963AF 
 1189      8F6B5164 
 1190 032a 6E0360B7 		.ascii	"n\003`\267\3032kZ8v\3426\256\331w\242\372\256\034\344"
 1190      C3326B5A 
 1190      3876E236 
 1190      AED977A2 
 1190      FAAE1CE4 
 1191 033e BC9ECC31 		.ascii	"\274\236\3141u\020\303\235\016\341\2563\332\254\375"
 1191      7510C39D 
 1191      0EE1AE33 
 1191      DAACFD
 1192 034d AB97BBBC 		.ascii	"\253\227\273\274\277\340\363\000Ql\240\311\343\236\255"
 1192      BFE0F300 
 1192      516CA0C9 
 1192      E39EAD
 1193 035c 8A6B5BC1 		.ascii	"\212k[\301\375\371?\270\277\256\344\026)\256\266\342"
 1193      FDF93FB8 
 1193      BFAEE416 
 1193      29AEB6E2 
 1194 036c 05D8DFA5 		.ascii	"\005\330\337\245\301\007\334\232\260\311\212=Qi\345"
 1194      C107DC9A 
 1194      B0C98A3D 
 1194      5169E5
 1195 037b 0D79CAE5 		.ascii	"\015y\312\345\000G\225c\000\317\351ef\300\247\007\274"
 1195      00479563 
 1195      00CFE965 
 1195      66C0A707 
 1195      BC
 1196 038c D5DE0ABF 		.ascii	"\325\336\012\277n\224\225o/7\303\231{\314\220?\034\364"
 1196      6E94956F 
 1196      2F37C399 
 1196      7BCC903F 
 1196      1CF4
 1197 039e 1A3E3D5F 		.ascii	"\032>=_d\212<\372\016_\300\014\353\236\222\302M\017"
 1197      648A3CFA 
 1197      0E5FC00C 
 1197      EB9E92C2 
 1197      4D0F
 1198 03b0 E9C52599 		.ascii	"\351\305%\2312x\366\341\354\315\231O\027x\362\213^x"
 1198      3278F6E1 
 1198      ECCD994F 
 1198      1778F28B 
 1198      5E78
 1199 03c2 A6781B64 		.ascii	"\246x\033dfe\351\352GH\303\014\004\314\012=h\206\"a"
 1199      6665E9EA 
 1199      4748C30C 
 1199      04CC0A3D 
 1199      68862261 
 1200 03d6 FDA9E2C2 		.ascii	"\375\251\342\302\374\302*R7\314\220\257t\367\346@\226"
 1200      FCC22A52 
 1200      37CC90AF 
 1200      74F7E640 
 1200      96
 1201 03e7 F1BFD065 		.ascii	"\361\277\320e\340\330\356\015\373\266\204\312\037[\205"
 1201      E0D8EE0D 
 1201      FBB684CA 
 1201      1F5B85
ARM GAS  /tmp/ccwWsmvK.s 			page 36


 1202 03f6 E5AB8A08 		.ascii	"\345\253\212\010\216\236_\350)\360\350\371D\322\013"
 1202      8E9E5FE8 
 1202      29F0E8F9 
 1202      44D20B
 1203 0405 2A8C5D95 		.ascii	"*\214]\225;|\272\021\010\227\207Kw\032\006I\254[\271"
 1203      3B7CBA11 
 1203      0897874B 
 1203      771A0649 
 1203      AC5BB9
 1204 0418 7C96919D 		.ascii	"|\226\221\235\233\273)\367\301G\301\036\362\205+wEl"
 1204      9BBB29F7 
 1204      C147C11E 
 1204      F2852B77 
 1204      456C
 1205 042a 46A42A98 		.ascii	"F\244*\230\0221\203E\257l\011\231\206'\3425\374\256"
 1205      12318345 
 1205      AF6C0999 
 1205      8627E235 
 1205      FCAE
 1206 043c C2628F7B 		.ascii	"\302b\217{}\366Fw0\034\004\376D\010\\\205\236b1\331"
 1206      7DF64677 
 1206      301C04FE 
 1206      44085C85 
 1206      9E6231D9 
 1207 0450 48596021 		.ascii	"HY`!\370\013\254Y'N"
 1207      F80BAC59 
 1207      274E
 1208              		.text
 1209              		.section	.gnu.lto_.symbol_nodes.b9d5d58ce0585de1,"e",%progbits
 1210 0000 789CDBC9 		.ascii	"x\234\333\311\000\004L\033\230\352\331\032\200\200\205"
 1210      00044C1B 
 1210      98EAD91A 
 1210      808085
 1211 000f 71C23906 		.ascii	"q\3029\006\206z\006\206\235S\232\232\032\024\200R\214"
 1211      867A0686 
 1211      9D539A9A 
 1211      1A148052 
 1211      8C
 1212 0020 AB98EAD9 		.ascii	"\253\230\352\331\377C\201<X\232\201\241\341B\003\023"
 1212      FF43813C 
 1212      589A81A1 
 1212      E1420313 
 1213 0030 486E3553 		.ascii	"Hn5S=\007\0169\246\345L\365\234(F\356\232\320\004\226"
 1213      3D070E39 
 1213      A6E54CF5 
 1213      9C2846EE 
 1213      9AD00496 
 1214 0044 58C154CF 		.ascii	"X\301T\317\205M\202q%S=7\206i\023\300\24613\260B\264"
 1214      854D8271 
 1214      25533D37 
 1214      866913C0 
 1214      A63133B0 
 1215 005a 2CE16366 		.ascii	",\341cfaX\260\357\302s\006\306G\354\014\000FPB\211"
 1215      6158B0EF 
 1215      C27306C6 
 1215      47EC0C00 
 1215      46504289 
ARM GAS  /tmp/ccwWsmvK.s 			page 37


 1216              		.text
 1217              		.section	.gnu.lto_.refs.b9d5d58ce0585de1,"e",%progbits
 1218 0000 789CE366 		.ascii	"x\234\343f```b`b\224a`b\222c`\000\000\002\024\000O"
 1218      60606062 
 1218      60629461 
 1218      60629263 
 1218      60000002 
 1219              		.text
 1220              		.section	.gnu.lto_.decls.b9d5d58ce0585de1,"e",%progbits
 1221 0000 789C9557 		.ascii	"x\234\225W{PT\327\031?\347\354\335\365\240\020\321h"
 1221      7B5054D7 
 1221      193FE7EC 
 1221      DDF5A010 
 1221      D168
 1222 0012 8BD3A625 		.ascii	"\213\323\246%\177\225\311(+b\224dj\247\270`\245\035"
 1222      7F95C928 
 1222      2B629464 
 1222      6AA7B860 
 1222      A51D
 1223 0024 2AB3ABCE 		.ascii	"*\263\253\316t:\351J\327\255\354\310\262\270\273F\375"
 1223      743AE94A 
 1223      D7ADECC8 
 1223      B2B8BB46 
 1223      FD
 1224 0035 A3336781 		.ascii	"\2433g\201 1XA\015\342\206\340\202\332\030\023u}\242"
 1224      20315841 
 1224      0DE286E0 
 1224      82DA1813 
 1224      757DA2
 1225 0048 48E4CA43 		.ascii	"H\344\312C\215O\024\237\240\204G\024\342#\242RK\214"
 1225      8D4F149F 
 1225      A0844714 
 1225      E223A252 
 1225      4B8C
 1226 005a 89FDCE3D 		.ascii	"\211\375\316=w\257,q:\343\016\337=\347\236\337\367\375"
 1226      77AF2C71 
 1226      3AE30EDF 
 1226      3DE79EDF 
 1226      F7FD
 1227 006c BEDFF9CE 		.ascii	"\276\337\371\316\271\367\036J\242\020\232\247Ch\"F\350"
 1227      B9F71E4A 
 1227      A2109AA7 
 1227      43682246 
 1227      E8
 1228 007d 19FC2484 		.ascii	"\031\374$\204\320\025\260H\260Z\260\313\352\275\021"
 1228      D015B048 
 1228      B05AB0CB 
 1228      EABD11
 1229 008c F073D0CA 		.ascii	"\360s\320\312`I\320\177\033\354\267`\277\003\233\016"
 1229      6049D07F 
 1229      1BECB760 
 1229      BF039B0E 
 1230 009c 960AF64F 		.ascii	"\226\012\366O\"\342\370\030\217\373\023\264\351`s\300"
 1230      22E2F818 
 1230      8FFB13B4 
 1230      E96073C0 
 1231 00ac BAE0DE02 		.ascii	"\272\340\336\002\355|\260\337@\377\035h\377\006f\003"
ARM GAS  /tmp/ccwWsmvK.s 			page 38


 1231      ED7CB0DF 
 1231      40FF1D68 
 1231      FF066603 
 1232 00bc 7341DC18 		.ascii	"sA\334\030$x\206\307\330\241]\244\306\204\374\271\226"
 1232      247886C7 
 1232      D8A15DA4 
 1232      C684FCB9 
 1232      96
 1233 00cd 78B0EF60 		.ascii	"x\260\357`,\026\332,,4M\003[\002\\\023T\256\244\377"
 1233      2C16DA2C 
 1233      2C344D03 
 1233      5B025C13 
 1233      54AEA4FF 
 1234 00e1 C3675135 		.ascii	"\303gQ5\206\364\314\304BSh\216g\325|\016un)`\027\220"
 1234      86F4CCC4 
 1234      4253688E 
 1234      67D57C0E 
 1234      756E2960 
 1235 00f7 C8159ABB 		.ascii	"\310\025\232\273\341U,\031\306\343X\211\264\373\017"
 1235      E1552C19 
 1235      C6E35889 
 1235      B4FB0F
 1236 0106 B74A6364 		.ascii	"\267Jcd\306\006\231\\\020q\007\325\342C\200\037\026"
 1236      C606995C 
 1236      107107D5 
 1236      E243801F 
 1236      16
 1237 0117 3E319420 		.ascii	">1\224 :\002\275\311\224_\336/\320\021\030\207\337\214"
 1237      3A02BDC9 
 1237      945FDE2F 
 1237      D0111887 
 1237      DF8C
 1238 0129 483A1749 		.ascii	"H:\027I\244cks\241N\213\275+be|\007\325cD\337\341\004"
 1238      A4636B73 
 1238      A14E8BBD 
 1238      2B62657C 
 1238      07D56344 
 1239 0140 D17401A2 		.ascii	"\321t\001\242\213x\217\322\305\210\346 \272\004Q/\242"
 1239      8B788FD2 
 1239      C588E620 
 1239      BA04512F 
 1239      A2
 1240 0151 CBF8502C 		.ascii	"\313\370P,(`D\032{\211=\3744\352\2157b\336P~\234n\327"
 1240      2860441A 
 1240      7B893DFC 
 1240      34EA8D37 
 1240      62DE507E 
 1241 0168 FACA95A9 		.ascii	"\372\312\225\251\037\2767\310\330\332`\364Q|\022\267"
 1241      1FBE37C8 
 1241      D8DA60F4 
 1241      517C12B7 
 1242 0178 60A12B01 		.ascii	"`\241+\001\241D\004\036\301=ekXlA\261t\024\177\241\201"
 1242      A144041E 
 1242      C13D656B 
 1242      586C41B1 
 1242      74147FA1 
 1243 018d 7560B518 		.ascii	"u`\265\030\201\322\002\260\010t\006\237\306\350\024"
ARM GAS  /tmp/ccwWsmvK.s 			page 39


 1243      81D202B0 
 1243      0874069F 
 1243      C6E814
 1244 019c C0F5F82C 		.ascii	"\300\365\370,\276\214/\341\363\370\002\276\210[\361"
 1244      BE8C2FE1 
 1244      F3F802BE 
 1244      885BF1
 1245 01ab 393E0BCE 		.ascii	"9>\013\316\342\327X\216k,\307\004\013\207+4\270Y\203"
 1245      E2D7588E 
 1245      6B2CC704 
 1245      0B872B34 
 1245      B85983
 1246 01be 1B714842 		.ascii	"\033qHBPC\033\302$\010\264RC\233\302bU\352r\015>\021"
 1246      50431BC2 
 1246      2408B452 
 1246      439BC262 
 1246      55EA720D 
 1247 01d4 96590497 		.ascii	"\226Y\004\227i\350\227C\247\016\261\022\271\272\345"
 1247      69E89743 
 1247      A70EB112 
 1247      B9BAE5
 1248 01e3 EAD3915A 		.ascii	"\352\323\221Z\321C\350\0250\211\344\371n\374\2005,N"
 1248      D143E815 
 1248      3089E4F9 
 1248      6EFC8035 
 1248      2C4E
 1249 01f5 4057C55A 		.ascii	"@W\305Z\026a\270\364\363\3368\250{\000\323\247\234\355"
 1249      1661B8F4 
 1249      F3DE38A8 
 1249      7B00D3A7 
 1249      9CED
 1250 0207 FDFBCFCE 		.ascii	"\375\373\317\316\350F3\036\301\336\037\373\252\210\350"
 1250      E846331E 
 1250      C1DE1FFB 
 1250      AA88E8
 1251 0216 C028E110 		.ascii	"\300(\341\0206\304a\376X\215\206\026\321B\002\316w/"
 1251      36C461FE 
 1251      588D8616 
 1251      D14202CE 
 1251      772F
 1252 0228 9E7E3A6A 		.ascii	"\236~:j\264\254:\213\345\356\302q\365\270\023\177\205"
 1252      B4AC3A8B 
 1252      E5EEC271 
 1252      F5B8137F 
 1252      85
 1253 0239 25D2DAB2 		.ascii	"%\322\332\262iP\377sQ~Y\352\306\327q;\220\365`\316\307"
 1253      6950FF73 
 1253      517E59EA 
 1253      C6D7713B 
 1253      90F560CE 
 1254 024e F37622BA 		.ascii	"\363v\"\272\206\323\310\253\353\232F\214\356\004\032"
 1254      86D3C8AB 
 1254      EB9A468C 
 1254      EE041A
 1255 025d F945344F 		.ascii	"\371E4OZ\276\277g\320hn\375\204\246\005\361}\203\351"
 1255      5ABEBF67 
 1255      D0686EFD 
ARM GAS  /tmp/ccwWsmvK.s 			page 40


 1255      84A605F1 
 1255      7D83E9
 1256 0270 7AC2EF74 		.ascii	"z\302\357t\022Y\177s\317\252\310\341s\270\013s\270\003"
 1256      12597F73 
 1256      CFAAC8E1 
 1256      73B80B73 
 1256      B803
 1257 0282 6C872A57 		.ascii	"l\207*WV\031\206\210\372\006\363U\270\207\271\003h\331"
 1257      56198688 
 1257      FA06F355 
 1257      B887B903 
 1257      68D9
 1258 0294 70A7D227 		.ascii	"p\247\322'\015I\026\006\003\375\011D7\3023\360\261\222"
 1258      0D491606 
 1258      03FD0944 
 1258      37C233F0 
 1258      B192
 1259 02a6 4BE69965 		.ascii	"K\346\231eD\253\370,V\255\332]\245\037\236\365?\220"
 1259      44ABF82C 
 1259      56ADDA5D 
 1259      A51F9EF5 
 1259      3F90
 1260 02b8 758A448E 		.ascii	"u\212D\216\356\334\332I\207$}\204\371\332>\306\034\207"
 1260      EEDCDA49 
 1260      87247D84 
 1260      F9DA3EC6 
 1260      1C87
 1261 02ca D0E09543 		.ascii	"\320\340\225C;F\016I\032\006C\236$\272\225g\250\357"
 1261      3B460E49 
 1261      1A06439E 
 1261      24BA9567 
 1261      A8EF
 1262 02dc 6FECA64A 		.ascii	"o\354\246J\235^Pn\272]\2214\231\356\002y\373\225~\034"
 1262      9D5E506E 
 1262      BA5D9134 
 1262      99EE0279 
 1262      FB957E1C 
 1263 02f0 AD857E3D 		.ascii	"\255\205~=X\223r\037\011j\241\346'\225\233Q\022Y\035"
 1263      5893721F 
 1263      096AA1E6 
 1263      27959B51 
 1263      12591D
 1264 0303 FC70271E 		.ascii	"\374p'\036\256x%A\011\205\304\360\032~\206\341\202\350"
 1264      AE782541 
 1264      0985C4F0 
 1264      1A7E86E1 
 1264      82E8
 1265 0315 599EB963 		.ascii	"Y\236\271c\240o\207\216/t?\313\3137\2407\247\240U\344"
 1265      A06F878E 
 1265      2F743FCB 
 1265      CB37A037 
 1265      A7A055E4 
 1266 0329 B57AFC3E 		.ascii	"\265z\374>)\"\022y\320pi\335\210\220z\374\001) \371"
 1266      29221279 
 1266      D07069DD 
 1266      88907AFC 
 1266      012920F9 
ARM GAS  /tmp/ccwWsmvK.s 			page 41


 1267 033d F0E62A26 		.ascii	"\360\346*&\234\012b\333\374={\225\325}Ql\305\371\216"
 1267      9C0A62DB 
 1267      FC3D7B95 
 1267      D57D516C 
 1267      C5F98E
 1268 0350 3D448B5D 		.ascii	"=D\213]\035\036K/\203\3646\260\016\260\257\301\276\001"
 1268      1D1E4B2F 
 1268      83F436B0 
 1268      0EB0AFC1 
 1268      BE01
 1269 0362 FB56515F 		.ascii	"\373VQ_\214\371\\(\035\000u\023[\367\026~\242\327\336"
 1269      8CF95C28 
 1269      1D007513 
 1269      5BF7167E 
 1269      A2D7DE
 1270 0375 1761BF2A 		.ascii	"\027a\277*\230\\\337\256\222\312\361>&\373\212\245\177"
 1270      985CDFAE 
 1270      92CAF13E 
 1270      26FB8AA5 
 1270      7F
 1271 0386 91F7885F 		.ascii	"\221\367\210_M\"\036\315.x\272\326V\212\247\353\011"
 1271      4D221ECD 
 1271      2E78BAD6 
 1271      568AA7EB 
 1271      09
 1272 0397 CE035494 		.ascii	"\316\003T\224\341\364\260wG\031\371\020b\374\244\036"
 1272      E1F4B077 
 1272      4719F910 
 1272      62FCA41E 
 1273 03a7 57932A12 		.ascii	"W\223*\022 \237\222m\344sRN6\222\035d3\331N*\310'\244"
 1273      209F926D 
 1273      E473524E 
 1273      36921D64 
 1273      33D94E2A 
 1274 03be 927C46FE 		.ascii	"\222|F\376M\266\220\255d\023\371\230|\004\376\012}\235"
 1274      4DB690AD 
 1274      6413F998 
 1274      7C04FE0A 
 1274      7D9D
 1275 03d0 46BF41A3 		.ascii	"F\277A\243\277\246%\367k\350\0178\204>\325\222\007k"
 1275      BFA625F7 
 1275      6BE80F38 
 1275      843ED592 
 1275      076B
 1276 03e2 3B9802F7 		.ascii	";\230\002\367\340\033\000\213\255\337&`\036]\251E\177"
 1276      E01B008B 
 1276      ADDF2660 
 1276      1E5DA945 
 1276      7F
 1277 03f3 A7450F0A 		.ascii	"\247E\017\012x+\300\007\325\350^|S\213\376ZK=\370Q("
 1277      782BC007 
 1277      D5E85E7C 
 1277      538BFE5A 
 1277      4B3DF851 
 1278 0408 78AD26EC 		.ascii	"x\255&\354\230\206>\326\320u\032*\33697\001\035P\321"
 1278      98863ED6 
 1278      D0751A2A 
ARM GAS  /tmp/ccwWsmvK.s 			page 42


 1278      DE393701 
 1278      1D50D1
 1279 041b 5B78FD50 		.ascii	"[x\375PT\204\226i\252\230\006>\303Z\354\276\312Pl\277"
 1279      54849669 
 1279      AA98063E 
 1279      C35AECBE 
 1279      CA506CBF 
 1280 042f 26FAFE73 		.ascii	"&\372\376s\321\007T\321\337\342\333\000\213\007\260"
 1280      D10754D1 
 1280      DFE2DB00 
 1280      8B07B0
 1281 043e 4F91C583 		.ascii	"O\221\305\203\367h\301\017\302\202E\346\012-\363\367"
 1281      F768C10F 
 1281      C28245E6 
 1281      0A2DF3F7 
 1282 044e 61F510E8 		.ascii	"a\365\020\350SmJ%\232\256F\015}\242\241\245a\345PK]"
 1282      536D4A25 
 1282      9AAE460D 
 1282      7DA2A1A5 
 1282      61E5504B 
 1283 0463 AE51FF18 		.ascii	"\256Q\377\030\266P\211\212\350\240*\372\277x\000P\361"
 1283      B650898A 
 1283      E8A02AFA 
 1283      BF780050 
 1283      F1
 1284 0474 003FD4A8 		.ascii	"\000?\324\250\177\324\250\327\204%V\251\327k\324\276"
 1284      7FD4A8D7 
 1284      842556A9 
 1284      D76BD4BE 
 1285 0484 B07A2522 		.ascii	"\260z%\"\272O\007\217Pw\327\341#4&|/\356$/\275\031\341"
 1285      BA4F078F 
 1285      5077D7E1 
 1285      2334267C 
 1285      2FEE242F 
 1286 049b 7BD0BB76 		.ascii	"{\320\273v\232\3669\330\245f\012*\217\351\017=k\032"
 1286      9AF639D8 
 1286      A5660A2A 
 1286      8FE90F3D 
 1286      6B1A
 1287 04ad 221F6148 		.ascii	"\"\037aHP\004\217J\023e\325\005\253Y!k\362\341rv\220"
 1287      50048F4A 
 1287      1365D505 
 1287      AB59216B 
 1287      F2E17276 
 1288 04c2 05F615AF 		.ascii	"\005\366\025\257\326\371\253\233\212|\340\020S\235\177"
 1288      D6F9AB9B 
 1288      8A7CE010 
 1288      539D7F
 1289 04d1 90F9830B 		.ascii	"\220\371\203\013\374~V\334PU\304\002\030\347\301\260"
 1289      FC7E56DC 
 1289      5055C402 
 1289      18E7C1B0 
 1290 04e1 EC33F8A1 		.ascii	"\3543\370\241\001\217\342\030V\301\017\010\205\305\001"
 1290      018FE218 
 1290      56C10F08 
 1290      85C501
 1291 04f0 EC136705 		.ascii	"\354\023g\005\026\305\3661\226\017\026\353/\010\312"
ARM GAS  /tmp/ccwWsmvK.s 			page 43


 1291      16C5F631 
 1291      960F16EB 
 1291      2F08CA
 1292 04ff 3E984A0B 		.ascii	">\230J\013\016l.\004d\001X\211\357\226oeT\277\257\217"
 1292      0E6C2E04 
 1292      64015889 
 1292      EF966F65 
 1292      54BFAF8F 
 1293 0513 6DC8EB2B 		.ascii	"m\310\353+\211\315g<Q!\303\345\001\360\220\013\031\251"
 1293      89CD673C 
 1293      5121C3E5 
 1293      01F0900B 
 1293      19A9
 1294 0525 668DAC94 		.ascii	"f\215\254\224U\254~%\257z\240\306\227W@K\252\345\242"
 1294      55AC7E25 
 1294      AF7AA0C6 
 1294      9757404B 
 1294      AAE5A2
 1295 0538 D240138B 		.ascii	"\322@\023\213\366u7\027\371\252\031\213^\033\000\351"
 1295      F6753717 
 1295      F9AA198B 
 1295      5E1B00E9 
 1296 0548 60637C5C 		.ascii	"`c|\\'Xt)\\J\344&6\306\307\013\027(`cX\203\\T\302\344"
 1296      27587429 
 1296      5C4AE426 
 1296      36C6C70B 
 1296      17286063 
 1297 0562 A25C2EAB 		.ascii	"\242\\.\253\024F0\367)e2\213.\025#\324\027\220\213\330"
 1297      144630F7 
 1297      2965328B 
 1297      2E1523D4 
 1297      17908BD8 
 1298 0576 1608AA82 		.ascii	"\026\010\252\202\016G\307\224vB\206<\336\341\244\254"
 1298      0E47C794 
 1298      7642863C 
 1298      DEE1A4AC 
 1299 0586 5A66EF31 		.ascii	"Zf\3571F\225\203\217\230\033Q[*\221\201\276/\352G\016"
 1299      4695838F 
 1299      981B515B 
 1299      2A9181BE 
 1299      2FEA470E 
 1300 059a F0326EA9 		.ascii	"\3602n\251\013>RNG\030\215/\371=\302l\\4\275\254C\264"
 1300      0B3E524E 
 1300      47188D2F 
 1300      F93DC26C 
 1300      5C34BDAC 
 1301 05b0 5FC75F60 		.ascii	"_\307_`\004\336_\321\360\361.\273\274\027\377\022\274"
 1301      04DE5FD1 
 1301      F0F12EBB 
 1301      BC17FF12 
 1301      BC
 1302 05c1 07188BBB 		.ascii	"\007\030\213\273\213\016\020xs\243\032\202\036)\313"
 1302      8B0E1078 
 1302      73A31A82 
 1302      1E29CB
 1303 05d0 B5EA52E1 		.ascii	"\265\352R\341\226\210\270\362r6\370yS\327\346\204J&"
 1303      9688B8F2 
ARM GAS  /tmp/ccwWsmvK.s 			page 44


 1303      7236F879 
 1303      53D7E684 
 1303      4A26
 1304 05e2 439D7DB4 		.ascii	"C\235}\264\206\354\203\245\007\217\203\320A{\310n2c"
 1304      86EC83A5 
 1304      078F83D0 
 1304      417BC86E 
 1304      3263
 1305 05f4 401F5752 		.ascii	"@\037WR\316J\352d\246g,\262\206\354\0159\354\025\016"
 1305      CE4AEA64 
 1305      A6672CB2 
 1305      86EC0D39 
 1305      EC150E
 1306 0607 88EE9680 		.ascii	"\210\356\226\200pW\357\365\243\372\270r\330\000\203"
 1306      7057EFF5 
 1306      A3FAB872 
 1306      D80083
 1307 0616 15FD9B22 		.ascii	"\025\375\233\"+Y\003\251!\265\302\027\325\362=2\243"
 1307      2B5903A9 
 1307      21B5C217 
 1307      D5F23D32 
 1307      A3
 1308 0627 534F8F73 		.ascii	"SO\217s\327/6\004\375\022w\015>\334\264\206\275\016"
 1308      D72F3604 
 1308      FD12770D 
 1308      3EDCB486 
 1308      BD0E
 1309 0639 7E75AA5F 		.ascii	"~u\252_\235\342wMO\333\271\337g\367{\362#U\215G7\351"
 1309      9DE2774D 
 1309      4FDBB9DF 
 1309      67F77BF2 
 1309      23558D47 
 1310 064f 8446061A 		.ascii	"\204F\006\032\217\250\356GT\211\353\014\264WB\324\247"
 1310      8FA8EE47 
 1310      5489EB0C 
 1310      B45742D4 
 1310      A7
 1311 0660 4792E171 		.ascii	"G\222\341q\363\231b\335\353\030\277\362\272\262u\244"
 1311      F39962DD 
 1311      EB18BFF2 
 1311      BAB275A4 
 1312 0670 46A27C5B 		.ascii	"F\242|[\212b\370\347\341(i$\250\2114\020h%r)\257\253"
 1312      8A62F8E7 
 1312      E1286924 
 1312      A8893410 
 1312      68257229 
 1313 0686 C110AA50 		.ascii	"\301\020\252P#\021\025j\016U\250%o\360\330\010eBu\027"
 1313      2311156A 
 1313      0E55A825 
 1313      6FF0D808 
 1313      65427517 
 1314 069a BBEE98BA 		.ascii	"\273\356\230\272\362\003q\315DV3\313\212\320^=\335\246"
 1314      F20371CD 
 1314      445633CB 
 1314      8AD05E3D 
 1314      DDA6
 1315 06ac 47F400E4 		.ascii	"G\364\000\344%\03744V\030\"\020:\241l\371\215'O}\256"
ARM GAS  /tmp/ccwWsmvK.s 			page 45


 1315      251F3434 
 1315      56182210 
 1315      3AA16CF9 
 1315      8D274F7D 
 1316 06c1 833B041F 		.ascii	"\203;\004\037d\270=\361\344^\331\310\341kq\212 \370"
 1316      64B83DF1 
 1316      E45ED9C8 
 1316      E16B718A 
 1316      20F8
 1317 06d3 5E225EDD 		.ascii	"^\"^\335\301\340\365\256\307\177\355\311g\333`\277\226"
 1317      C1E0F5AE 
 1317      C77FEDC9 
 1317      67DB60BF 
 1317      96
 1318 06e4 E84F91E3 		.ascii	"\350O\221\343J\236/\311i\350\2119\0363\320gz\341<Xq"
 1318      4A9E2FC9 
 1318      69E88939 
 1318      1E33D067 
 1318      7AE13C58 
 1319 06f9 E4F6826E 		.ascii	"\344\366\202n\325\031\327\2203B\324Y\350\010\337\355"
 1319      D519D790 
 1319      3342D459 
 1319      E808DFED 
 1320 0709 06BADEA0 		.ascii	"\006\272\336\240\370\006\333z\373q\310\357\234\360k"
 1320      F806DB7A 
 1320      FB71C8EF 
 1320      9CF06B
 1321 0718 818EF03B 		.ascii	"\201\216\360;h\240\001\303O\264\237\257\332\277J\037"
 1321      68A001C3 
 1321      4FB49FAF 
 1321      DABF4A1F 
 1322 0728 12DB8D85 		.ascii	"\022\333\215\205\330VQ\226\220\330\357Whb[\311y\205"
 1322      D8565196 
 1322      90D8EF57 
 1322      68625BC9 
 1322      7985
 1323 073a F702B908 		.ascii	"\367\002\271\010=A\374\330@\267\017'\346\241\375m\027"
 1323      3D41FCD8 
 1323      40B70F27 
 1323      E6A1FD6D 
 1323      17
 1324 074b 3EFE5500 		.ascii	">\376U\000>\230\362\270S\344\222\022v\231\\\201\236"
 1324      3E98F2B8 
 1324      53E49212 
 1324      76995C81 
 1324      9E
 1325 075c 08EB3048 		.ascii	"\010\3530Hd\347\266\336\323#\207\237\034\256\302\311"
 1325      64E7B6DE 
 1325      D323879F 
 1325      1CAEC2C9 
 1326 076c 613FDFD7 		.ascii	"a?\337\3271t\037\360\032\326\335\317;\0319\032V\030"
 1326      31741FF0 
 1326      1AD6DDCF 
 1326      3B19391A 
 1326      5618
 1327 077e FE861E1D 		.ascii	"\376\206\036\035\332H;A7\310u\002+\377\364\327\355\004"
 1327      DA483B41 
ARM GAS  /tmp/ccwWsmvK.s 			page 46


 1327      37C87502 
 1327      2BFFF4D7 
 1327      ED04
 1328 0790 6E2592DF 		.ascii	"n%\222\337s\373-\355\034\320N\256\221;\374\334I8)H\274"
 1328      73FB2DED 
 1328      1CD04EAE 
 1328      913BFCDC 
 1328      49382948 
 1329 07a5 D07EE641 		.ascii	"\320~\346A\304\020XL\367+\022: \201\244\023eU\237\275"
 1329      C410584C 
 1329      F72B123A 
 1329      2081A413 
 1329      65559FBD 
 1330 07b9 325C5217 		.ascii	"2\\R\027H\352$\3400\002d%I\244ns\333\203\250!<=\244"
 1330      48EA24E0 
 1330      30026425 
 1330      49A46E73 
 1330      DB83A821 
 1331 07d0 1B78E068 		.ascii	"\033x\340h\321\305\217\033\207\014\241\245+\017[\272"
 1331      D1C58F1B 
 1331      870CA1A5 
 1331      2B0F5BBA 
 1332 07e0 9B62496E 		.ascii	"\233bInAG\224`\267\201\236V\227\356\311\255\347K\327"
 1332      41479460 
 1332      B7819E56 
 1332      97EEC9AD 
 1332      E74BD7
 1333 07f3 2BFCFAA0 		.ascii	"+\374\372\240#\374\352AWw\353q\377\363\377\247j\324"
 1333      23FCEA41 
 1333      5777EB71 
 1333      FFF3FFA7 
 1333      6AD4
 1334 0805 77EE37CA 		.ascii	"w\3567\312\264\036]\335x-J\303\232U\354\266\362\256"
 1334      B41E5DDD 
 1334      782D4AC3 
 1334      9A55ECB6 
 1334      F2AE
 1335 0817 5E9EEB71 		.ascii	"^\236\353qO\214\2177\212?\227\307hs9\235\256\034c\256"
 1335      4F8C8F37 
 1335      8A3F97C7 
 1335      6873399D 
 1335      AE1C63AE 
 1336 082b CBEDF518 		.ascii	"\313\355\365\030\223\315\351\246\364\345F[\226\315\345"
 1336      93CDE9A6 
 1336      F4E5465B 
 1336      96CDE5
 1337 083a B65BDF9D 		.ascii	"\266[\337\235\356\214\267\321?\374y^\254)a:\372\331"
 1337      EE8CB7D1 
 1337      3FFC795E 
 1337      AC29613A 
 1337      FAD9
 1338 084c D0D178DB 		.ascii	"\320\321x\333\344\244\244\304\244\204\267\020u\333\027"
 1338      E4A4A4C4 
 1338      A484B710 
 1338      75DB17
 1339 085b 65BA9D56 		.ascii	"e\272\235V/\311\265\031\262\335Vo\326B\235;a\012q'\022"
 1339      2FC9B519 
ARM GAS  /tmp/ccwWsmvK.s 			page 47


 1339      B2DD566F 
 1339      D6429D3B 
 1339      610A7127 
 1340 0870 375C1388 		.ascii	"7\\\023\210{\362(Nn\265/\367\332\274\313\377h\314r9"
 1340      7BF2284E 
 1340      6EB52FF7 
 1340      DABCCBFF 
 1340      68CC7239 
 1341 0884 ED4667E6 		.ascii	"\355Fg\346\212\314\234\305\220\310\361w\207\3133i\231"
 1341      8ACC9CC5 
 1341      90C8F177 
 1341      87CB3369 
 1341      99
 1342 0895 CBBDD893 		.ascii	"\313\275\330\223\233i\263\033M|d\216\305\270\320\356"
 1342      9B69B31B 
 1342      4D7C648E 
 1342      C5B8D0EE 
 1343 08a5 047196B9 		.ascii	"\004q\226\271\351\211S\214\346\271\223\224\316\254\251"
 1343      E989538C 
 1343      E6B99394 
 1343      CEACA9
 1344 08b4 93A74F4A 		.ascii	"\223\247OJI\263\230\346\314O5\377\005Mz\211id\241\010"
 1344      49B398E6 
 1344      CC4F35FF 
 1344      054D7A89 
 1344      6964A108 
 1345 08c8 73AA25D5 		.ascii	"s\252%\325<?5e2]\352\310\361&N\261z\2454K\262YJO\237"
 1345      3C3F3565 
 1345      325DEAC8 
 1345      F1264EB1 
 1345      7AA5344B 
 1346 08e1 65D625A7 		.ascii	"e\326%\247\230u)\320f\3142K\311\263,fi\346\254d\263"
 1346      987529D0 
 1346      66CC324B 
 1346      C9B32C66 
 1346      69E6AC64 
 1347 08f6 1E207048 		.ascii	"\036 pH\341\367\263\371\305\004\027\275e\266\311b\326"
 1347      E1F7B3F9 
 1347      C50417BD 
 1347      65B6C962 
 1347      D6
 1348 0907 5966678C 		.ascii	"Yfg\214\340<IV\257\316d\202{\223Y\237\234f6\231\245"
 1348      E03C4956 
 1348      AFCE6482 
 1348      7B93599F 
 1348      9C663699 
 1349 091c F973E798 		.ascii	"\371s\347\230\2454\360\321\2332\346\245\245\3005\331"
 1349      A534F0D1 
 1349      9B32E6A5 
 1349      A5C035D9 
 1350 092c 647EEB05 		.ascii	"d~\353\005Z\241 \\\251\321\224nI\263\030M \325\230\226"
 1350      5AA1205C 
 1350      A9D1946E 
 1350      49B3184D 
 1350      20D59896 
 1351 0940 63CB5EBA 		.ascii	"c\313^\272\320nTt\333\234SA7\265\230fZ\347\256\310\265"
 1351      D06E5474 
ARM GAS  /tmp/ccwWsmvK.s 			page 48


 1351      DB9C5341 
 1351      37B59866 
 1351      5AE7AEC8 
 1352 0955 EB12A6A1 		.ascii	"\353\022\246\241\010\250\364\273\323\355\223\234h$\270"
 1352      08A8F4BB 
 1352      D3ED939C 
 1352      6824B8
 1353 0964 78EDCB27 		.ascii	"x\355\313'9\247\242\011V\245\276\016\367\022\253=\327"
 1353      39A7A209 
 1353      56A5BE0E 
 1353      F712AB3D 
 1353      D7
 1354 0975 91ED5AB4 		.ascii	"\221\355Z\264\324\036\237\233\351\366\306O\036\373S"
 1354      D41E9F9B 
 1354      E9F6C64F 
 1354      1EFB53
 1355 0984 E4658A66 		.ascii	"\344e\212fC\343\005\201g\231\303k\313\262\376\303\355"
 1355      43E30581 
 1355      6799C36B 
 1355      CBB2FEC3 
 1355      ED
 1356 0995 725A1D1E 		.ascii	"rZ\035\036\367\253VuA\035^ml\224e\276\311:;3ga\266\335"
 1356      F7AB5675 
 1356      411D5E6D 
 1356      6C9465BE 
 1356      C93A3B33 
 1357 09ad 3DC19665 		.ascii	"=\301\226e\261e\245y2\334v\2733\327\353p\345\230\355"
 1357      B165A579 
 1357      32DC76BB 
 1357      33D7EB70 
 1357      E598ED
 1358 09c0 4B963ADC 		.ascii	"K\226:\334\366\205z\353L\227+;v\250\006\267\327\350"
 1358      F6857AEB 
 1358      4C972B3B 
 1358      76A806B7 
 1358      D7E8
 1359 09d2 08CD3ACB 		.ascii	"\010\315:\313c\313Z\010s\216\262Z=v\257uf\262%5\303"
 1359      63CB5A08 
 1359      738EB25A 
 1359      3D76AF75 
 1359      66B22535 
 1360 09e7 9C169599 		.ascii	"\234\026\225\231\275,s\205\307\352\310\311v\344\330"
 1360      BD2C7385 
 1360      C7EAC8C9 
 1360      76E4D8
 1361 09f6 DF7EC94A 		.ascii	"\337~\311J:=\016\217u\221\315\006\264\343\024\331Ks"
 1361      3A3D0E8F 
 1361      7591CD06 
 1361      B4E314D9 
 1361      4B73
 1362 0a08 B25DB6C5 		.ascii	"\262]\266\305\317\205\017\031\214\260Z\027A\336\014"
 1362      CF850F19 
 1362      8CB05A17 
 1362      41DE0C
 1363 0a17 4B468450 		.ascii	"KF\204P\000=\311\226\225\351\036\2538\205\305EhC\377"
 1363      003DC996 
 1363      95E91EAB 
ARM GAS  /tmp/ccwWsmvK.s 			page 49


 1363      3885C545 
 1363      6843FF
 1364 0a2a 0324D612 		.ascii	"\003$\326\022/"
 1364      2F
 1365              		.text
 1366              		.section	.gnu.lto_.symtab.b9d5d58ce0585de1,"e",%progbits
 1367 0000 5356435F 		.ascii	"SVC_Handler\000"
 1367      48616E64 
 1367      6C657200 
 1368 000c 00       		.ascii	"\000"
 1369 000d 00       		.ascii	"\000"
 1370 000e 00       		.ascii	"\000"
 1371 000f 00000000 		.ascii	"\000\000\000\000\000\000\000\000"
 1371      00000000 
 1372 0017 3E010000 		.ascii	">\001\000\000"
 1373 001b 5F706F72 		.ascii	"_port_irq_epilogue\000"
 1373      745F6972 
 1373      715F6570 
 1373      696C6F67 
 1373      756500
 1374 002e 00       		.ascii	"\000"
 1375 002f 00       		.ascii	"\000"
 1376 0030 00       		.ascii	"\000"
 1377 0031 00000000 		.ascii	"\000\000\000\000\000\000\000\000"
 1377      00000000 
 1378 0039 37010000 		.ascii	"7\001\000\000"
 1379 003d 5F706F72 		.ascii	"_port_switch_from_isr\000"
 1379      745F7377 
 1379      69746368 
 1379      5F66726F 
 1379      6D5F6973 
 1380 0053 00       		.ascii	"\000"
 1381 0054 02       		.ascii	"\002"
 1382 0055 00       		.ascii	"\000"
 1383 0056 00000000 		.ascii	"\000\000\000\000\000\000\000\000"
 1383      00000000 
 1384 005e 3A010000 		.ascii	":\001\000\000"
 1385 0062 5F706F72 		.ascii	"_port_exit_from_isr\000"
 1385      745F6578 
 1385      69745F66 
 1385      726F6D5F 
 1385      69737200 
 1386 0076 00       		.ascii	"\000"
 1387 0077 02       		.ascii	"\002"
 1388 0078 00       		.ascii	"\000"
 1389 0079 00000000 		.ascii	"\000\000\000\000\000\000\000\000"
 1389      00000000 
 1390 0081 3C010000 		.ascii	"<\001\000\000"
 1391 0085 63685363 		.ascii	"chSchIsPreemptionRequired\000"
 1391      68497350 
 1391      7265656D 
 1391      7074696F 
 1391      6E526571 
 1392 009f 00       		.ascii	"\000"
 1393 00a0 02       		.ascii	"\002"
 1394 00a1 00       		.ascii	"\000"
 1395 00a2 00000000 		.ascii	"\000\000\000\000\000\000\000\000"
ARM GAS  /tmp/ccwWsmvK.s 			page 50


 1395      00000000 
 1396 00aa 45010000 		.ascii	"E\001\000\000"
 1397              		.text
 1398              		.section	.gnu.lto_.ext_symtab.b9d5d58ce0585de1,"e",%progbits
 1399 0000 01       		.ascii	"\001"
 1400 0001 01       		.ascii	"\001"
 1401 0002 00       		.ascii	"\000"
 1402 0003 01       		.ascii	"\001"
 1403 0004 00       		.ascii	"\000"
 1404 0005 01       		.ascii	"\001"
 1405 0006 00       		.ascii	"\000"
 1406 0007 01       		.ascii	"\001"
 1407 0008 00       		.ascii	"\000"
 1408 0009 01       		.ascii	"\001"
 1409 000a 00       		.ascii	"\000"
 1410              		.text
 1411              		.section	.gnu.lto_.opts,"e",%progbits
 1412 0000 272D666E 		.ascii	"'-fno-openmp' '-fno-openacc' '-fno-pie' '-fcf-prote"
 1412      6F2D6F70 
 1412      656E6D70 
 1412      2720272D 
 1412      666E6F2D 
 1413 0033 6374696F 		.ascii	"ction=none' '-g' '-mcpu=cortex-m4' '-mthumb' '-mflo"
 1413      6E3D6E6F 
 1413      6E652720 
 1413      272D6727 
 1413      20272D6D 
 1414 0066 61742D61 		.ascii	"at-abi=soft' '-mlibarch=armv7e-m' '-march=armv7e-m'"
 1414      62693D73 
 1414      6F667427 
 1414      20272D6D 
 1414      6C696261 
 1415 0099 20272D4F 		.ascii	" '-O2' '-fomit-frame-pointer' '-falign-functions=16"
 1415      32272027 
 1415      2D666F6D 
 1415      69742D66 
 1415      72616D65 
 1416 00cc 2720272D 		.ascii	"' '-ffunction-sections' '-fdata-sections' '-fno-com"
 1416      6666756E 
 1416      6374696F 
 1416      6E2D7365 
 1416      6374696F 
 1417 00ff 6D6F6E27 		.ascii	"mon' '-flto' '-Xassembler' '-alms=./build/lst/chcor"
 1417      20272D66 
 1417      6C746F27 
 1417      20272D58 
 1417      61737365 
 1418 0132 655F7637 		.ascii	"e_v7m.lst'\000"
 1418      6D2E6C73 
 1418      742700
 1419              		.text
 1420              		.comm	__gnu_lto_slim,1,1
 1421              		.ident	"GCC: (15:13.2.rel1-2) 13.2.1 20231009"
ARM GAS  /tmp/ccwWsmvK.s 			page 51


DEFINED SYMBOLS
                            *ABS*:00000000 chcore_v7m.c
     /tmp/ccwWsmvK.s:25     .gnu.debuglto_.debug_info:00000000 chcore_v7m.c.c0883819
                            *COM*:00000001 __gnu_lto_slim

NO UNDEFINED SYMBOLS
