ARM GAS  /tmp/ccjId9iW.s 			page 1


   1              		.cpu cortex-m4
   2              		.arch armv7e-m
   3              		.fpu softvfp
   4              		.eabi_attribute 20, 1
   5              		.eabi_attribute 21, 1
   6              		.eabi_attribute 23, 3
   7              		.eabi_attribute 24, 1
   8              		.eabi_attribute 25, 1
   9              		.eabi_attribute 26, 1
  10              		.eabi_attribute 30, 2
  11              		.eabi_attribute 34, 1
  12              		.eabi_attribute 18, 4
  13              		.file	"crt1.c"
  14              		.file 1 "../../../os/common/startup/ARMCMx/compilers/GCC/crt1.c"
  15              		.file 2 "/usr/lib/gcc/arm-none-eabi/13.2.1/include/stdint.h"
  16              		.section	.gnu.debuglto_.debug_info,"e",%progbits
  17              	.Ldebug_info0:
  18              		.hidden	crt1.c.188a1cd2
  19              		.weak	crt1.c.188a1cd2
  20              	crt1.c.188a1cd2:
  21 0000 86020000 		.4byte	0x286
  22 0004 0500     		.2byte	0x5
  23 0006 01       		.byte	0x1
  24 0007 04       		.byte	0x4
  25 0008 00000000 		.4byte	.Ldebug_abbrev0
  26 000c 09       		.uleb128 0x9
  27 000d 21020000 		.4byte	.LASF51
  28 0011 1D       		.byte	0x1d
  29 0012 40030000 		.4byte	.LASF52
  30 0016 3D000000 		.4byte	.LASF53
  31 001a 00000000 		.4byte	.Ldebug_line0
  32 001e 02       		.uleb128 0x2
  33 001f 01       		.byte	0x1
  34 0020 06       		.byte	0x6
  35 0021 3E040000 		.4byte	.LASF0
  36 0025 02       		.uleb128 0x2
  37 0026 02       		.byte	0x2
  38 0027 05       		.byte	0x5
  39 0028 F4030000 		.4byte	.LASF1
  40 002c 02       		.uleb128 0x2
  41 002d 04       		.byte	0x4
  42 002e 05       		.byte	0x5
  43 002f 25040000 		.4byte	.LASF2
  44 0033 02       		.uleb128 0x2
  45 0034 08       		.byte	0x8
  46 0035 05       		.byte	0x5
  47 0036 A1030000 		.4byte	.LASF3
  48 003a 02       		.uleb128 0x2
  49 003b 01       		.byte	0x1
  50 003c 08       		.byte	0x8
  51 003d CE010000 		.4byte	.LASF4
  52 0041 02       		.uleb128 0x2
  53 0042 02       		.byte	0x2
  54 0043 07       		.byte	0x7
  55 0044 CA000000 		.4byte	.LASF5
  56 0048 06       		.uleb128 0x6
  57 0049 1C040000 		.4byte	.LASF13
ARM GAS  /tmp/ccjId9iW.s 			page 2


  58 004d 02       		.byte	0x2
  59 004e 34       		.byte	0x34
  60 004f 19       		.byte	0x19
  61 0050 54000000 		.4byte	0x54
  62 0054 02       		.uleb128 0x2
  63 0055 04       		.byte	0x4
  64 0056 07       		.byte	0x7
  65 0057 73010000 		.4byte	.LASF6
  66 005b 02       		.uleb128 0x2
  67 005c 08       		.byte	0x8
  68 005d 07       		.byte	0x7
  69 005e 16030000 		.4byte	.LASF7
  70 0062 0A       		.uleb128 0xa
  71 0063 04       		.byte	0x4
  72 0064 05       		.byte	0x5
  73 0065 696E7400 		.ascii	"int\000"
  74 0069 02       		.uleb128 0x2
  75 006a 04       		.byte	0x4
  76 006b 07       		.byte	0x7
  77 006c 09030000 		.4byte	.LASF8
  78 0070 0B       		.uleb128 0xb
  79 0071 10       		.byte	0x10
  80 0072 01       		.byte	0x1
  81 0073 35       		.byte	0x35
  82 0074 09       		.byte	0x9
  83 0075 A6000000 		.4byte	0xa6
  84 0079 03       		.uleb128 0x3
  85 007a FE030000 		.4byte	.LASF9
  86 007e 36       		.byte	0x36
  87 007f A6000000 		.4byte	0xa6
  88 0083 00       		.byte	0
  89 0084 03       		.uleb128 0x3
  90 0085 A3000000 		.4byte	.LASF10
  91 0089 37       		.byte	0x37
  92 008a A6000000 		.4byte	0xa6
  93 008e 04       		.byte	0x4
  94 008f 03       		.uleb128 0x3
  95 0090 3E010000 		.4byte	.LASF11
  96 0094 38       		.byte	0x38
  97 0095 A6000000 		.4byte	0xa6
  98 0099 08       		.byte	0x8
  99 009a 03       		.uleb128 0x3
 100 009b 84030000 		.4byte	.LASF12
 101 009f 39       		.byte	0x39
 102 00a0 A6000000 		.4byte	0xa6
 103 00a4 0C       		.byte	0xc
 104 00a5 00       		.byte	0
 105 00a6 07       		.uleb128 0x7
 106 00a7 48000000 		.4byte	0x48
 107 00ab 06       		.uleb128 0x6
 108 00ac FE010000 		.4byte	.LASF14
 109 00b0 01       		.byte	0x1
 110 00b1 3A       		.byte	0x3a
 111 00b2 03       		.byte	0x3
 112 00b3 70000000 		.4byte	0x70
 113 00b7 08       		.uleb128 0x8
 114 00b8 AB000000 		.4byte	0xab
ARM GAS  /tmp/ccjId9iW.s 			page 3


 115 00bc 01       		.uleb128 0x1
 116 00bd B7000000 		.4byte	.LASF15
 117 00c1 41       		.byte	0x41
 118 00c2 11       		.byte	0x11
 119 00c3 48000000 		.4byte	0x48
 120 00c7 01       		.uleb128 0x1
 121 00c8 85010000 		.4byte	.LASF16
 122 00cc 41       		.byte	0x41
 123 00cd 25       		.byte	0x25
 124 00ce 48000000 		.4byte	0x48
 125 00d2 01       		.uleb128 0x1
 126 00d3 0D040000 		.4byte	.LASF17
 127 00d7 41       		.byte	0x41
 128 00d8 34       		.byte	0x34
 129 00d9 48000000 		.4byte	0x48
 130 00dd 01       		.uleb128 0x1
 131 00de 2D000000 		.4byte	.LASF18
 132 00e2 41       		.byte	0x41
 133 00e3 44       		.byte	0x44
 134 00e4 48000000 		.4byte	0x48
 135 00e8 01       		.uleb128 0x1
 136 00e9 BF030000 		.4byte	.LASF19
 137 00ed 44       		.byte	0x44
 138 00ee 11       		.byte	0x11
 139 00ef 48000000 		.4byte	0x48
 140 00f3 01       		.uleb128 0x1
 141 00f4 EC000000 		.4byte	.LASF20
 142 00f8 44       		.byte	0x44
 143 00f9 25       		.byte	0x25
 144 00fa 48000000 		.4byte	0x48
 145 00fe 01       		.uleb128 0x1
 146 00ff A1010000 		.4byte	.LASF21
 147 0103 44       		.byte	0x44
 148 0104 34       		.byte	0x34
 149 0105 48000000 		.4byte	0x48
 150 0109 01       		.uleb128 0x1
 151 010a 2E040000 		.4byte	.LASF22
 152 010e 44       		.byte	0x44
 153 010f 44       		.byte	0x44
 154 0110 48000000 		.4byte	0x48
 155 0114 01       		.uleb128 0x1
 156 0115 EB010000 		.4byte	.LASF23
 157 0119 47       		.byte	0x47
 158 011a 11       		.byte	0x11
 159 011b 48000000 		.4byte	0x48
 160 011f 01       		.uleb128 0x1
 161 0120 11000000 		.4byte	.LASF24
 162 0124 47       		.byte	0x47
 163 0125 25       		.byte	0x25
 164 0126 48000000 		.4byte	0x48
 165 012a 01       		.uleb128 0x1
 166 012b D2030000 		.4byte	.LASF25
 167 012f 47       		.byte	0x47
 168 0130 34       		.byte	0x34
 169 0131 48000000 		.4byte	0x48
 170 0135 01       		.uleb128 0x1
 171 0136 AF030000 		.4byte	.LASF26
ARM GAS  /tmp/ccjId9iW.s 			page 4


 172 013a 47       		.byte	0x47
 173 013b 44       		.byte	0x44
 174 013c 48000000 		.4byte	0x48
 175 0140 01       		.uleb128 0x1
 176 0141 2B010000 		.4byte	.LASF27
 177 0145 4A       		.byte	0x4a
 178 0146 11       		.byte	0x11
 179 0147 48000000 		.4byte	0x48
 180 014b 01       		.uleb128 0x1
 181 014c C0010000 		.4byte	.LASF28
 182 0150 4A       		.byte	0x4a
 183 0151 25       		.byte	0x25
 184 0152 48000000 		.4byte	0x48
 185 0156 01       		.uleb128 0x1
 186 0157 DD000000 		.4byte	.LASF29
 187 015b 4A       		.byte	0x4a
 188 015c 34       		.byte	0x34
 189 015d 48000000 		.4byte	0x48
 190 0161 01       		.uleb128 0x1
 191 0162 91030000 		.4byte	.LASF30
 192 0166 4A       		.byte	0x4a
 193 0167 44       		.byte	0x44
 194 0168 48000000 		.4byte	0x48
 195 016c 01       		.uleb128 0x1
 196 016d E1030000 		.4byte	.LASF31
 197 0171 4D       		.byte	0x4d
 198 0172 11       		.byte	0x11
 199 0173 48000000 		.4byte	0x48
 200 0177 01       		.uleb128 0x1
 201 0178 DC020000 		.4byte	.LASF32
 202 017c 4D       		.byte	0x4d
 203 017d 25       		.byte	0x25
 204 017e 48000000 		.4byte	0x48
 205 0182 01       		.uleb128 0x1
 206 0183 EA020000 		.4byte	.LASF33
 207 0187 4D       		.byte	0x4d
 208 0188 34       		.byte	0x34
 209 0189 48000000 		.4byte	0x48
 210 018d 01       		.uleb128 0x1
 211 018e F9020000 		.4byte	.LASF34
 212 0192 4D       		.byte	0x4d
 213 0193 44       		.byte	0x44
 214 0194 48000000 		.4byte	0x48
 215 0198 01       		.uleb128 0x1
 216 0199 0E020000 		.4byte	.LASF35
 217 019d 50       		.byte	0x50
 218 019e 11       		.byte	0x11
 219 019f 48000000 		.4byte	0x48
 220 01a3 01       		.uleb128 0x1
 221 01a4 93010000 		.4byte	.LASF36
 222 01a8 50       		.byte	0x50
 223 01a9 25       		.byte	0x25
 224 01aa 48000000 		.4byte	0x48
 225 01ae 01       		.uleb128 0x1
 226 01af 4A040000 		.4byte	.LASF37
 227 01b3 50       		.byte	0x50
 228 01b4 34       		.byte	0x34
ARM GAS  /tmp/ccjId9iW.s 			page 5


 229 01b5 48000000 		.4byte	0x48
 230 01b9 01       		.uleb128 0x1
 231 01ba B0010000 		.4byte	.LASF38
 232 01be 50       		.byte	0x50
 233 01bf 44       		.byte	0x44
 234 01c0 48000000 		.4byte	0x48
 235 01c4 01       		.uleb128 0x1
 236 01c5 08010000 		.4byte	.LASF39
 237 01c9 53       		.byte	0x53
 238 01ca 11       		.byte	0x11
 239 01cb 48000000 		.4byte	0x48
 240 01cf 01       		.uleb128 0x1
 241 01d0 FA000000 		.4byte	.LASF40
 242 01d4 53       		.byte	0x53
 243 01d5 25       		.byte	0x25
 244 01d6 48000000 		.4byte	0x48
 245 01da 01       		.uleb128 0x1
 246 01db 55010000 		.4byte	.LASF41
 247 01df 53       		.byte	0x53
 248 01e0 34       		.byte	0x34
 249 01e1 48000000 		.4byte	0x48
 250 01e5 01       		.uleb128 0x1
 251 01e6 1B010000 		.4byte	.LASF42
 252 01ea 53       		.byte	0x53
 253 01eb 44       		.byte	0x44
 254 01ec 48000000 		.4byte	0x48
 255 01f0 01       		.uleb128 0x1
 256 01f1 2D030000 		.4byte	.LASF43
 257 01f5 56       		.byte	0x56
 258 01f6 11       		.byte	0x11
 259 01f7 48000000 		.4byte	0x48
 260 01fb 01       		.uleb128 0x1
 261 01fc 1F000000 		.4byte	.LASF44
 262 0200 56       		.byte	0x56
 263 0201 25       		.byte	0x25
 264 0202 48000000 		.4byte	0x48
 265 0206 01       		.uleb128 0x1
 266 0207 64010000 		.4byte	.LASF45
 267 020b 56       		.byte	0x56
 268 020c 34       		.byte	0x34
 269 020d 48000000 		.4byte	0x48
 270 0211 01       		.uleb128 0x1
 271 0212 93000000 		.4byte	.LASF46
 272 0216 56       		.byte	0x56
 273 0217 44       		.byte	0x44
 274 0218 48000000 		.4byte	0x48
 275 021c 0C       		.uleb128 0xc
 276 021d B7000000 		.4byte	0xb7
 277 0221 2C020000 		.4byte	0x22c
 278 0225 0D       		.uleb128 0xd
 279 0226 69000000 		.4byte	0x69
 280 022a 07       		.byte	0x7
 281 022b 00       		.byte	0
 282 022c 08       		.uleb128 0x8
 283 022d 1C020000 		.4byte	0x21c
 284 0231 0E       		.uleb128 0xe
 285 0232 AD000000 		.4byte	.LASF47
ARM GAS  /tmp/ccjId9iW.s 			page 6


 286 0236 01       		.byte	0x1
 287 0237 5D       		.byte	0x5d
 288 0238 1E       		.byte	0x1e
 289 0239 2C020000 		.4byte	0x22c
 290 023d 0F       		.uleb128 0xf
 291 023e 00000000 		.4byte	.LASF54
 292 0242 01       		.byte	0x1
 293 0243 C1       		.byte	0xc1
 294 0244 06       		.byte	0x6
 295 0245 6A020000 		.4byte	0x26a
 296 0249 04       		.uleb128 0x4
 297 024a 72617000 		.ascii	"rap\000"
 298 024e C3       		.byte	0xc3
 299 024f 1A       		.byte	0x1a
 300 0250 6A020000 		.4byte	0x26a
 301 0254 10       		.uleb128 0x10
 302 0255 04       		.uleb128 0x4
 303 0256 747000   		.ascii	"tp\000"
 304 0259 C6       		.byte	0xc6
 305 025a 0F       		.byte	0xf
 306 025b A6000000 		.4byte	0xa6
 307 025f 04       		.uleb128 0x4
 308 0260 7000     		.ascii	"p\000"
 309 0262 C7       		.byte	0xc7
 310 0263 0F       		.byte	0xf
 311 0264 A6000000 		.4byte	0xa6
 312 0268 00       		.byte	0
 313 0269 00       		.byte	0
 314 026a 07       		.uleb128 0x7
 315 026b B7000000 		.4byte	0xb7
 316 026f 11       		.uleb128 0x11
 317 0270 DC010000 		.4byte	.LASF55
 318 0274 01       		.byte	0x1
 319 0275 B7       		.byte	0xb7
 320 0276 06       		.byte	0x6
 321 0277 05       		.uleb128 0x5
 322 0278 49010000 		.4byte	.LASF48
 323 027c AA       		.byte	0xaa
 324 027d 05       		.uleb128 0x5
 325 027e 77030000 		.4byte	.LASF49
 326 0282 9C       		.byte	0x9c
 327 0283 05       		.uleb128 0x5
 328 0284 87000000 		.4byte	.LASF50
 329 0288 89       		.byte	0x89
 330 0289 00       		.byte	0
 331              		.section	.gnu.debuglto_.debug_abbrev,"e",%progbits
 332              	.Ldebug_abbrev0:
 333 0000 01       		.uleb128 0x1
 334 0001 34       		.uleb128 0x34
 335 0002 00       		.byte	0
 336 0003 03       		.uleb128 0x3
 337 0004 0E       		.uleb128 0xe
 338 0005 3A       		.uleb128 0x3a
 339 0006 21       		.uleb128 0x21
 340 0007 01       		.sleb128 1
 341 0008 3B       		.uleb128 0x3b
 342 0009 0B       		.uleb128 0xb
ARM GAS  /tmp/ccjId9iW.s 			page 7


 343 000a 39       		.uleb128 0x39
 344 000b 0B       		.uleb128 0xb
 345 000c 49       		.uleb128 0x49
 346 000d 13       		.uleb128 0x13
 347 000e 3F       		.uleb128 0x3f
 348 000f 19       		.uleb128 0x19
 349 0010 3C       		.uleb128 0x3c
 350 0011 19       		.uleb128 0x19
 351 0012 00       		.byte	0
 352 0013 00       		.byte	0
 353 0014 02       		.uleb128 0x2
 354 0015 24       		.uleb128 0x24
 355 0016 00       		.byte	0
 356 0017 0B       		.uleb128 0xb
 357 0018 0B       		.uleb128 0xb
 358 0019 3E       		.uleb128 0x3e
 359 001a 0B       		.uleb128 0xb
 360 001b 03       		.uleb128 0x3
 361 001c 0E       		.uleb128 0xe
 362 001d 00       		.byte	0
 363 001e 00       		.byte	0
 364 001f 03       		.uleb128 0x3
 365 0020 0D       		.uleb128 0xd
 366 0021 00       		.byte	0
 367 0022 03       		.uleb128 0x3
 368 0023 0E       		.uleb128 0xe
 369 0024 3A       		.uleb128 0x3a
 370 0025 21       		.uleb128 0x21
 371 0026 01       		.sleb128 1
 372 0027 3B       		.uleb128 0x3b
 373 0028 0B       		.uleb128 0xb
 374 0029 39       		.uleb128 0x39
 375 002a 21       		.uleb128 0x21
 376 002b 1A       		.sleb128 26
 377 002c 49       		.uleb128 0x49
 378 002d 13       		.uleb128 0x13
 379 002e 38       		.uleb128 0x38
 380 002f 0B       		.uleb128 0xb
 381 0030 00       		.byte	0
 382 0031 00       		.byte	0
 383 0032 04       		.uleb128 0x4
 384 0033 34       		.uleb128 0x34
 385 0034 00       		.byte	0
 386 0035 03       		.uleb128 0x3
 387 0036 08       		.uleb128 0x8
 388 0037 3A       		.uleb128 0x3a
 389 0038 21       		.uleb128 0x21
 390 0039 01       		.sleb128 1
 391 003a 3B       		.uleb128 0x3b
 392 003b 0B       		.uleb128 0xb
 393 003c 39       		.uleb128 0x39
 394 003d 0B       		.uleb128 0xb
 395 003e 49       		.uleb128 0x49
 396 003f 13       		.uleb128 0x13
 397 0040 00       		.byte	0
 398 0041 00       		.byte	0
 399 0042 05       		.uleb128 0x5
ARM GAS  /tmp/ccjId9iW.s 			page 8


 400 0043 2E       		.uleb128 0x2e
 401 0044 00       		.byte	0
 402 0045 3F       		.uleb128 0x3f
 403 0046 19       		.uleb128 0x19
 404 0047 03       		.uleb128 0x3
 405 0048 0E       		.uleb128 0xe
 406 0049 3A       		.uleb128 0x3a
 407 004a 21       		.uleb128 0x21
 408 004b 01       		.sleb128 1
 409 004c 3B       		.uleb128 0x3b
 410 004d 0B       		.uleb128 0xb
 411 004e 39       		.uleb128 0x39
 412 004f 21       		.uleb128 0x21
 413 0050 06       		.sleb128 6
 414 0051 27       		.uleb128 0x27
 415 0052 19       		.uleb128 0x19
 416 0053 00       		.byte	0
 417 0054 00       		.byte	0
 418 0055 06       		.uleb128 0x6
 419 0056 16       		.uleb128 0x16
 420 0057 00       		.byte	0
 421 0058 03       		.uleb128 0x3
 422 0059 0E       		.uleb128 0xe
 423 005a 3A       		.uleb128 0x3a
 424 005b 0B       		.uleb128 0xb
 425 005c 3B       		.uleb128 0x3b
 426 005d 0B       		.uleb128 0xb
 427 005e 39       		.uleb128 0x39
 428 005f 0B       		.uleb128 0xb
 429 0060 49       		.uleb128 0x49
 430 0061 13       		.uleb128 0x13
 431 0062 00       		.byte	0
 432 0063 00       		.byte	0
 433 0064 07       		.uleb128 0x7
 434 0065 0F       		.uleb128 0xf
 435 0066 00       		.byte	0
 436 0067 0B       		.uleb128 0xb
 437 0068 21       		.uleb128 0x21
 438 0069 04       		.sleb128 4
 439 006a 49       		.uleb128 0x49
 440 006b 13       		.uleb128 0x13
 441 006c 00       		.byte	0
 442 006d 00       		.byte	0
 443 006e 08       		.uleb128 0x8
 444 006f 26       		.uleb128 0x26
 445 0070 00       		.byte	0
 446 0071 49       		.uleb128 0x49
 447 0072 13       		.uleb128 0x13
 448 0073 00       		.byte	0
 449 0074 00       		.byte	0
 450 0075 09       		.uleb128 0x9
 451 0076 11       		.uleb128 0x11
 452 0077 01       		.byte	0x1
 453 0078 25       		.uleb128 0x25
 454 0079 0E       		.uleb128 0xe
 455 007a 13       		.uleb128 0x13
 456 007b 0B       		.uleb128 0xb
ARM GAS  /tmp/ccjId9iW.s 			page 9


 457 007c 03       		.uleb128 0x3
 458 007d 0E       		.uleb128 0xe
 459 007e 1B       		.uleb128 0x1b
 460 007f 0E       		.uleb128 0xe
 461 0080 10       		.uleb128 0x10
 462 0081 17       		.uleb128 0x17
 463 0082 00       		.byte	0
 464 0083 00       		.byte	0
 465 0084 0A       		.uleb128 0xa
 466 0085 24       		.uleb128 0x24
 467 0086 00       		.byte	0
 468 0087 0B       		.uleb128 0xb
 469 0088 0B       		.uleb128 0xb
 470 0089 3E       		.uleb128 0x3e
 471 008a 0B       		.uleb128 0xb
 472 008b 03       		.uleb128 0x3
 473 008c 08       		.uleb128 0x8
 474 008d 00       		.byte	0
 475 008e 00       		.byte	0
 476 008f 0B       		.uleb128 0xb
 477 0090 13       		.uleb128 0x13
 478 0091 01       		.byte	0x1
 479 0092 0B       		.uleb128 0xb
 480 0093 0B       		.uleb128 0xb
 481 0094 3A       		.uleb128 0x3a
 482 0095 0B       		.uleb128 0xb
 483 0096 3B       		.uleb128 0x3b
 484 0097 0B       		.uleb128 0xb
 485 0098 39       		.uleb128 0x39
 486 0099 0B       		.uleb128 0xb
 487 009a 01       		.uleb128 0x1
 488 009b 13       		.uleb128 0x13
 489 009c 00       		.byte	0
 490 009d 00       		.byte	0
 491 009e 0C       		.uleb128 0xc
 492 009f 01       		.uleb128 0x1
 493 00a0 01       		.byte	0x1
 494 00a1 49       		.uleb128 0x49
 495 00a2 13       		.uleb128 0x13
 496 00a3 01       		.uleb128 0x1
 497 00a4 13       		.uleb128 0x13
 498 00a5 00       		.byte	0
 499 00a6 00       		.byte	0
 500 00a7 0D       		.uleb128 0xd
 501 00a8 21       		.uleb128 0x21
 502 00a9 00       		.byte	0
 503 00aa 49       		.uleb128 0x49
 504 00ab 13       		.uleb128 0x13
 505 00ac 2F       		.uleb128 0x2f
 506 00ad 0B       		.uleb128 0xb
 507 00ae 00       		.byte	0
 508 00af 00       		.byte	0
 509 00b0 0E       		.uleb128 0xe
 510 00b1 34       		.uleb128 0x34
 511 00b2 00       		.byte	0
 512 00b3 03       		.uleb128 0x3
 513 00b4 0E       		.uleb128 0xe
ARM GAS  /tmp/ccjId9iW.s 			page 10


 514 00b5 3A       		.uleb128 0x3a
 515 00b6 0B       		.uleb128 0xb
 516 00b7 3B       		.uleb128 0x3b
 517 00b8 0B       		.uleb128 0xb
 518 00b9 39       		.uleb128 0x39
 519 00ba 0B       		.uleb128 0xb
 520 00bb 49       		.uleb128 0x49
 521 00bc 13       		.uleb128 0x13
 522 00bd 00       		.byte	0
 523 00be 00       		.byte	0
 524 00bf 0F       		.uleb128 0xf
 525 00c0 2E       		.uleb128 0x2e
 526 00c1 01       		.byte	0x1
 527 00c2 3F       		.uleb128 0x3f
 528 00c3 19       		.uleb128 0x19
 529 00c4 03       		.uleb128 0x3
 530 00c5 0E       		.uleb128 0xe
 531 00c6 3A       		.uleb128 0x3a
 532 00c7 0B       		.uleb128 0xb
 533 00c8 3B       		.uleb128 0x3b
 534 00c9 0B       		.uleb128 0xb
 535 00ca 39       		.uleb128 0x39
 536 00cb 0B       		.uleb128 0xb
 537 00cc 27       		.uleb128 0x27
 538 00cd 19       		.uleb128 0x19
 539 00ce 01       		.uleb128 0x1
 540 00cf 13       		.uleb128 0x13
 541 00d0 00       		.byte	0
 542 00d1 00       		.byte	0
 543 00d2 10       		.uleb128 0x10
 544 00d3 0B       		.uleb128 0xb
 545 00d4 01       		.byte	0x1
 546 00d5 00       		.byte	0
 547 00d6 00       		.byte	0
 548 00d7 11       		.uleb128 0x11
 549 00d8 2E       		.uleb128 0x2e
 550 00d9 00       		.byte	0
 551 00da 3F       		.uleb128 0x3f
 552 00db 19       		.uleb128 0x19
 553 00dc 03       		.uleb128 0x3
 554 00dd 0E       		.uleb128 0xe
 555 00de 3A       		.uleb128 0x3a
 556 00df 0B       		.uleb128 0xb
 557 00e0 3B       		.uleb128 0x3b
 558 00e1 0B       		.uleb128 0xb
 559 00e2 39       		.uleb128 0x39
 560 00e3 0B       		.uleb128 0xb
 561 00e4 27       		.uleb128 0x27
 562 00e5 19       		.uleb128 0x19
 563 00e6 8701     		.uleb128 0x87
 564 00e8 19       		.uleb128 0x19
 565 00e9 00       		.byte	0
 566 00ea 00       		.byte	0
 567 00eb 00       		.byte	0
 568              		.section	.gnu.debuglto_.debug_line,"e",%progbits
 569              	.Ldebug_line0:
 570 0000 3F000000 		.4byte	.LELT0-.LSLT0
ARM GAS  /tmp/ccjId9iW.s 			page 11


 571              	.LSLT0:
 572 0004 0500     		.2byte	0x5
 573 0006 04       		.byte	0x4
 574 0007 00       		.byte	0
 575 0008 37000000 		.4byte	.LELTP0-.LASLTP0
 576              	.LASLTP0:
 577 000c 01       		.byte	0x1
 578 000d 01       		.byte	0x1
 579 000e 01       		.byte	0x1
 580 000f F6       		.byte	0xf6
 581 0010 F2       		.byte	0xf2
 582 0011 0D       		.byte	0xd
 583 0012 00       		.byte	0
 584 0013 01       		.byte	0x1
 585 0014 01       		.byte	0x1
 586 0015 01       		.byte	0x1
 587 0016 01       		.byte	0x1
 588 0017 00       		.byte	0
 589 0018 00       		.byte	0
 590 0019 00       		.byte	0
 591 001a 01       		.byte	0x1
 592 001b 00       		.byte	0
 593 001c 00       		.byte	0
 594 001d 01       		.byte	0x1
 595 001e 01       		.byte	0x1
 596 001f 01       		.uleb128 0x1
 597 0020 1F       		.uleb128 0x1f
 598 0021 03       		.uleb128 0x3
 599 0022 A1000000 		.4byte	.LASF56
 600 0026 3A000000 		.4byte	.LASF57
 601 002a 10000000 		.4byte	.LASF58
 602 002e 02       		.byte	0x2
 603 002f 01       		.uleb128 0x1
 604 0030 1F       		.uleb128 0x1f
 605 0031 02       		.uleb128 0x2
 606 0032 0B       		.uleb128 0xb
 607 0033 03       		.uleb128 0x3
 608 0034 6A000000 		.4byte	.LASF59
 609 0038 00       		.byte	0
 610 0039 00000000 		.4byte	.LASF60
 611 003d 01       		.byte	0x1
 612 003e 07000000 		.4byte	.LASF61
 613 0042 02       		.byte	0x2
 614              	.LELTP0:
 615              	.LELT0:
 616              		.section	.gnu.debuglto_.debug_str,"eMS",%progbits,1
 617              	.LASF54:
 618 0000 5F5F696E 		.ascii	"__init_ram_areas\000"
 618      69745F72 
 618      616D5F61 
 618      72656173 
 618      00
 619              	.LASF24:
 620 0011 5F5F7261 		.ascii	"__ram2_init__\000"
 620      6D325F69 
 620      6E69745F 
 620      5F00
ARM GAS  /tmp/ccjId9iW.s 			page 12


 621              	.LASF44:
 622 001f 5F5F7261 		.ascii	"__ram7_init__\000"
 622      6D375F69 
 622      6E69745F 
 622      5F00
 623              	.LASF18:
 624 002d 5F5F7261 		.ascii	"__ram0_noinit__\000"
 624      6D305F6E 
 624      6F696E69 
 624      745F5F00 
 625              	.LASF53:
 626 003d 2F686F6D 		.ascii	"/home/mayank/chibios-workspace/ChibiOS/demos/STM32/"
 626      652F6D61 
 626      79616E6B 
 626      2F636869 
 626      62696F73 
 627 0070 52542D53 		.ascii	"RT-STM32F407-DISCOVERY\000"
 627      544D3332 
 627      46343037 
 627      2D444953 
 627      434F5645 
 628              	.LASF50:
 629 0087 5F5F636F 		.ascii	"__core_init\000"
 629      72655F69 
 629      6E697400 
 630              	.LASF46:
 631 0093 5F5F7261 		.ascii	"__ram7_noinit__\000"
 631      6D375F6E 
 631      6F696E69 
 631      745F5F00 
 632              	.LASF10:
 633 00a3 696E6974 		.ascii	"init_area\000"
 633      5F617265 
 633      6100
 634              	.LASF47:
 635 00ad 72616D5F 		.ascii	"ram_areas\000"
 635      61726561 
 635      7300
 636              	.LASF15:
 637 00b7 5F5F7261 		.ascii	"__ram0_init_text__\000"
 637      6D305F69 
 637      6E69745F 
 637      74657874 
 637      5F5F00
 638              	.LASF5:
 639 00ca 73686F72 		.ascii	"short unsigned int\000"
 639      7420756E 
 639      7369676E 
 639      65642069 
 639      6E7400
 640              	.LASF29:
 641 00dd 5F5F7261 		.ascii	"__ram3_clear__\000"
 641      6D335F63 
 641      6C656172 
 641      5F5F00
 642              	.LASF20:
 643 00ec 5F5F7261 		.ascii	"__ram1_init__\000"
ARM GAS  /tmp/ccjId9iW.s 			page 13


 643      6D315F69 
 643      6E69745F 
 643      5F00
 644              	.LASF40:
 645 00fa 5F5F7261 		.ascii	"__ram6_init__\000"
 645      6D365F69 
 645      6E69745F 
 645      5F00
 646              	.LASF39:
 647 0108 5F5F7261 		.ascii	"__ram6_init_text__\000"
 647      6D365F69 
 647      6E69745F 
 647      74657874 
 647      5F5F00
 648              	.LASF42:
 649 011b 5F5F7261 		.ascii	"__ram6_noinit__\000"
 649      6D365F6E 
 649      6F696E69 
 649      745F5F00 
 650              	.LASF27:
 651 012b 5F5F7261 		.ascii	"__ram3_init_text__\000"
 651      6D335F69 
 651      6E69745F 
 651      74657874 
 651      5F5F00
 652              	.LASF11:
 653 013e 636C6561 		.ascii	"clear_area\000"
 653      725F6172 
 653      656100
 654              	.LASF48:
 655 0149 5F5F6C61 		.ascii	"__late_init\000"
 655      74655F69 
 655      6E697400 
 656              	.LASF41:
 657 0155 5F5F7261 		.ascii	"__ram6_clear__\000"
 657      6D365F63 
 657      6C656172 
 657      5F5F00
 658              	.LASF45:
 659 0164 5F5F7261 		.ascii	"__ram7_clear__\000"
 659      6D375F63 
 659      6C656172 
 659      5F5F00
 660              	.LASF6:
 661 0173 6C6F6E67 		.ascii	"long unsigned int\000"
 661      20756E73 
 661      69676E65 
 661      6420696E 
 661      7400
 662              	.LASF16:
 663 0185 5F5F7261 		.ascii	"__ram0_init__\000"
 663      6D305F69 
 663      6E69745F 
 663      5F00
 664              	.LASF36:
 665 0193 5F5F7261 		.ascii	"__ram5_init__\000"
 665      6D355F69 
ARM GAS  /tmp/ccjId9iW.s 			page 14


 665      6E69745F 
 665      5F00
 666              	.LASF21:
 667 01a1 5F5F7261 		.ascii	"__ram1_clear__\000"
 667      6D315F63 
 667      6C656172 
 667      5F5F00
 668              	.LASF38:
 669 01b0 5F5F7261 		.ascii	"__ram5_noinit__\000"
 669      6D355F6E 
 669      6F696E69 
 669      745F5F00 
 670              	.LASF28:
 671 01c0 5F5F7261 		.ascii	"__ram3_init__\000"
 671      6D335F69 
 671      6E69745F 
 671      5F00
 672              	.LASF4:
 673 01ce 756E7369 		.ascii	"unsigned char\000"
 673      676E6564 
 673      20636861 
 673      7200
 674              	.LASF55:
 675 01dc 5F5F6465 		.ascii	"__default_exit\000"
 675      6661756C 
 675      745F6578 
 675      697400
 676              	.LASF23:
 677 01eb 5F5F7261 		.ascii	"__ram2_init_text__\000"
 677      6D325F69 
 677      6E69745F 
 677      74657874 
 677      5F5F00
 678              	.LASF14:
 679 01fe 72616D5F 		.ascii	"ram_init_area_t\000"
 679      696E6974 
 679      5F617265 
 679      615F7400 
 680              	.LASF35:
 681 020e 5F5F7261 		.ascii	"__ram5_init_text__\000"
 681      6D355F69 
 681      6E69745F 
 681      74657874 
 681      5F5F00
 682              	.LASF51:
 683 0221 474E5520 		.ascii	"GNU C17 13.2.1 20231009 -mcpu=cortex-m4 -mthumb -mf"
 683      43313720 
 683      31332E32 
 683      2E312032 
 683      30323331 
 684 0254 6C6F6174 		.ascii	"loat-abi=soft -march=armv7e-m -ggdb -O2 -fomit-fram"
 684      2D616269 
 684      3D736F66 
 684      74202D6D 
 684      61726368 
 685 0287 652D706F 		.ascii	"e-pointer -falign-functions=16 -ffunction-sections "
 685      696E7465 
ARM GAS  /tmp/ccjId9iW.s 			page 15


 685      72202D66 
 685      616C6967 
 685      6E2D6675 
 686 02ba 2D666461 		.ascii	"-fdata-sections -fno-common -flto\000"
 686      74612D73 
 686      65637469 
 686      6F6E7320 
 686      2D666E6F 
 687              	.LASF32:
 688 02dc 5F5F7261 		.ascii	"__ram4_init__\000"
 688      6D345F69 
 688      6E69745F 
 688      5F00
 689              	.LASF33:
 690 02ea 5F5F7261 		.ascii	"__ram4_clear__\000"
 690      6D345F63 
 690      6C656172 
 690      5F5F00
 691              	.LASF34:
 692 02f9 5F5F7261 		.ascii	"__ram4_noinit__\000"
 692      6D345F6E 
 692      6F696E69 
 692      745F5F00 
 693              	.LASF8:
 694 0309 756E7369 		.ascii	"unsigned int\000"
 694      676E6564 
 694      20696E74 
 694      00
 695              	.LASF7:
 696 0316 6C6F6E67 		.ascii	"long long unsigned int\000"
 696      206C6F6E 
 696      6720756E 
 696      7369676E 
 696      65642069 
 697              	.LASF43:
 698 032d 5F5F7261 		.ascii	"__ram7_init_text__\000"
 698      6D375F69 
 698      6E69745F 
 698      74657874 
 698      5F5F00
 699              	.LASF52:
 700 0340 2E2E2F2E 		.ascii	"../../../os/common/startup/ARMCMx/compilers/GCC/crt"
 700      2E2F2E2E 
 700      2F6F732F 
 700      636F6D6D 
 700      6F6E2F73 
 701 0373 312E6300 		.ascii	"1.c\000"
 702              	.LASF49:
 703 0377 5F5F6561 		.ascii	"__early_init\000"
 703      726C795F 
 703      696E6974 
 703      00
 704              	.LASF12:
 705 0384 6E6F5F69 		.ascii	"no_init_area\000"
 705      6E69745F 
 705      61726561 
 705      00
ARM GAS  /tmp/ccjId9iW.s 			page 16


 706              	.LASF30:
 707 0391 5F5F7261 		.ascii	"__ram3_noinit__\000"
 707      6D335F6E 
 707      6F696E69 
 707      745F5F00 
 708              	.LASF3:
 709 03a1 6C6F6E67 		.ascii	"long long int\000"
 709      206C6F6E 
 709      6720696E 
 709      7400
 710              	.LASF26:
 711 03af 5F5F7261 		.ascii	"__ram2_noinit__\000"
 711      6D325F6E 
 711      6F696E69 
 711      745F5F00 
 712              	.LASF19:
 713 03bf 5F5F7261 		.ascii	"__ram1_init_text__\000"
 713      6D315F69 
 713      6E69745F 
 713      74657874 
 713      5F5F00
 714              	.LASF25:
 715 03d2 5F5F7261 		.ascii	"__ram2_clear__\000"
 715      6D325F63 
 715      6C656172 
 715      5F5F00
 716              	.LASF31:
 717 03e1 5F5F7261 		.ascii	"__ram4_init_text__\000"
 717      6D345F69 
 717      6E69745F 
 717      74657874 
 717      5F5F00
 718              	.LASF1:
 719 03f4 73686F72 		.ascii	"short int\000"
 719      7420696E 
 719      7400
 720              	.LASF9:
 721 03fe 696E6974 		.ascii	"init_text_area\000"
 721      5F746578 
 721      745F6172 
 721      656100
 722              	.LASF17:
 723 040d 5F5F7261 		.ascii	"__ram0_clear__\000"
 723      6D305F63 
 723      6C656172 
 723      5F5F00
 724              	.LASF13:
 725 041c 75696E74 		.ascii	"uint32_t\000"
 725      33325F74 
 725      00
 726              	.LASF2:
 727 0425 6C6F6E67 		.ascii	"long int\000"
 727      20696E74 
 727      00
 728              	.LASF22:
 729 042e 5F5F7261 		.ascii	"__ram1_noinit__\000"
 729      6D315F6E 
ARM GAS  /tmp/ccjId9iW.s 			page 17


 729      6F696E69 
 729      745F5F00 
 730              	.LASF0:
 731 043e 7369676E 		.ascii	"signed char\000"
 731      65642063 
 731      68617200 
 732              	.LASF37:
 733 044a 5F5F7261 		.ascii	"__ram5_clear__\000"
 733      6D355F63 
 733      6C656172 
 733      5F5F00
 734              		.section	.gnu.debuglto_.debug_line_str,"eMS",%progbits,1
 735              	.LASF60:
 736 0000 63727431 		.ascii	"crt1.c\000"
 736      2E6300
 737              	.LASF61:
 738 0007 73746469 		.ascii	"stdint.h\000"
 738      6E742E68 
 738      00
 739              	.LASF58:
 740 0010 2F757372 		.ascii	"/usr/lib/gcc/arm-none-eabi/13.2.1/include\000"
 740      2F6C6962 
 740      2F676363 
 740      2F61726D 
 740      2D6E6F6E 
 741              	.LASF57:
 742 003a 2E2E2F2E 		.ascii	"../../../os/common/startup/ARMCMx/compilers/GCC\000"
 742      2E2F2E2E 
 742      2F6F732F 
 742      636F6D6D 
 742      6F6E2F73 
 743              	.LASF59:
 744 006a 2E2E2F2E 		.ascii	"../../../os/common/startup/ARMCMx/compilers/GCC/crt"
 744      2E2F2E2E 
 744      2F6F732F 
 744      636F6D6D 
 744      6F6E2F73 
 745 009d 312E6300 		.ascii	"1.c\000"
 746              	.LASF56:
 747 00a1 2F686F6D 		.ascii	"/home/mayank/chibios-workspace/ChibiOS/demos/STM32/"
 747      652F6D61 
 747      79616E6B 
 747      2F636869 
 747      62696F73 
 748 00d4 52542D53 		.ascii	"RT-STM32F407-DISCOVERY\000"
 748      544D3332 
 748      46343037 
 748      2D444953 
 748      434F5645 
 749              		.text
 750              		.section	.gnu.lto_.profile.b00f2efda7a1b9cc,"e",%progbits
 751 0000 789C6362 		.ascii	"x\234cb\000\001\000\000\022\000\003"
 751      00010000 
 751      120003
 752              		.text
 753              		.section	.gnu.lto_.icf.b00f2efda7a1b9cc,"e",%progbits
 754 0000 789C7367 		.ascii	"x\234sg@\0006\206\177\017\277\336`g`\204PL\020\212y"
ARM GAS  /tmp/ccjId9iW.s 			page 18


 754      40003686 
 754      7F0FBFDE 
 754      60676084 
 754      504C108A 
 755 0015 DD9373C7 		.ascii	"\335\223s\307\330\030X\366>~\263\233\213\217\211\201"
 755      D81858F6 
 755      3E7EB39B 
 755      8B8F8981 
 756 0025 89118C61 		.ascii	"\211\021\214a\000\306\006\322\254\367\357\354\374\315"
 756      00C606D2 
 756      ACF7EFEC 
 756      FCCD
 757 0033 C60000E6 		.ascii	"\306\000\000\346?\025\242"
 757      3F15A2
 758              		.text
 759              		.section	.gnu.lto_.ipa_sra.b00f2efda7a1b9cc,"e",%progbits
 760 0000 789C1364 		.ascii	"x\234\023d@\000V\006\006FF\006F&\006Ff\006F\026\006"
 760      40005606 
 760      06464606 
 760      46260646 
 760      66064616 
 761 0015 46060002 		.ascii	"F\006\000\002\315\000&"
 761      CD0026
 762              		.text
 763              		.section	.gnu.lto_.inline.b00f2efda7a1b9cc,"e",%progbits
 764 0000 789CDBC6 		.ascii	"x\234\333\306\200\000\254\014\014\314\015@\300\224\302"
 764      8000AC0C 
 764      0CCC0D40 
 764      C094C2
 765 000f C8C0C0C4 		.ascii	"\310\300\300\304\300\320\010d\32710\260A\304\230@B\014"
 765      C0D00864 
 765      D73130B0 
 765      41C49840 
 765      420C
 766 0021 0C8C44A8 		.ascii	"\014\214D\250a\"B\0153\220\002K\240\250a\2010\240jX"
 766      6122420D 
 766      3390024B 
 766      A0A86181 
 766      30A06A58 
 767 0035 1844DE1D 		.ascii	"\030D\336\035]\267\2219\007\244F\011\310\334\300\234"
 767      5DB79139 
 767      07A44609 
 767      C8DCC09C 
 768 0045 836E0E03 		.ascii	"\203n\016\003\000?F(\013"
 768      003F4628 
 768      0B
 769              		.text
 770              		.section	.gnu.lto_.jmpfuncs.b00f2efda7a1b9cc,"e",%progbits
 771 0000 789C1364 		.ascii	"x\234\023d@\000V fd``b``f``\001r\000\002\245\000!"
 771      40005620 
 771      66646060 
 771      62606066 
 771      60600172 
 772              		.text
 773              		.section	.gnu.lto_.pureconst.b00f2efda7a1b9cc,"e",%progbits
 774 0000 789C1360 		.ascii	"x\234\023````e\230\301\3028\203\205i\006\013\363\026"
 774      60606065 
ARM GAS  /tmp/ccjId9iW.s 			page 19


 774      98C1C238 
 774      83856906 
 774      0BF316
 775 0013 1696592C 		.ascii	"\026\226Y,\000\032\274\003J"
 775      001ABC03 
 775      4A
 776              		.text
 777              		.section	.gnu.lto_.ipa_modref.b00f2efda7a1b9cc,"e",%progbits
 778 0000 789CF361 		.ascii	"x\234\363a@\000V\004\223\021\316b\202\263\230\341B,"
 778      40005604 
 778      9311CE62 
 778      82B398E1 
 778      422C
 779 0012 60928999 		.ascii	"`\222\211\231\201\221\211\205\221\201\211\025H\263\002"
 779      81918985 
 779      91818915 
 779      48B302
 780 0021 7530C259 		.ascii	"u0\302YL\014\000!=\000\220"
 780      4C0C0021 
 780      3D0090
 781              		.text
 782              		.section	.gnu.lto_.lto.b00f2efda7a1b9cc,"e",%progbits
 783 0000 0D000000 		.ascii	"\015\000\000\000\001\000\000\000"
 783      01000000 
 784              		.text
 785              		.section	.gnu.lto_ram_areas.130.b00f2efda7a1b9cc,"e",%progbits
 786 0000 789C4DCC 		.ascii	"x\234M\314KK\033Q\030\006\340y\255\321_\340V\\\272I"
 786      4B4B1B51 
 786      1806E079 
 786      ADD15FE0 
 786      565CBA49 
 787 0014 4EAD82B8 		.ascii	"N\255\202\270\022\031/\250\204`\242\225 \"\3438h\210"
 787      12192FA8 
 787      8460A295 
 787      2022E338 
 787      6888
 788 0026 C793C944 		.ascii	"\307\223\311Dl\0209\301vQ\374\025n\004\367\245x\215"
 788      6C1039C1 
 788      7651FC15 
 788      6E04F7A5 
 788      788D
 789 0038 F7FBDDD6 		.ascii	"\367\373\335\326\373\335V\353\237\350\302\321q\234\357"
 789      FBDD56EB 
 789      9FE8C2D1 
 789      719CEF
 790 0047 E35BBCBC 		.ascii	"\343[\274\274\274<_s\024\345\233\342\234\017#\030\316"
 790      BC3C5F73 
 790      14E59BE2 
 790      9C0F2318 
 790      CE
 791 0058 64FE8F3D 		.ascii	"d\376\217=\215f\213\363\345\220[\214G\345\340{\256\220"
 791      8D668BF3 
 791      E5905B8C 
 791      47E5E07B 
 791      AE90
 792 006a E9F79C2B 		.ascii	"\351\367\234+\007\354\\9\374=S\324o\315\302\234\201"
 792      07EC5C39 
ARM GAS  /tmp/ccjId9iW.s 			page 20


 792      FC3D53D4 
 792      6FCDC29C 
 792      81
 793 007b 98069F82 		.ascii	"\230\006\237\202\017y\005\310\177[M\336.\027\3128\261"
 793      0F7905C8 
 793      7F5B4DDE 
 793      2E17CA38 
 793      B1
 794 008c 62C4EA26 		.ascii	"b\304\352&\226\341YK0\027!\026\300\347\035+\317\265"
 794      96E1594B 
 794      30172116 
 794      C0E71D2B 
 794      CFB5
 795 009e AE6C4B27 		.ascii	"\256lK'\226F\254\016b\265{\326\006\314u\2105\360U\307"
 795      9646AC0E 
 795      62B57BD6 
 795      06CC7588 
 795      35F055C7 
 796 00b2 F2B9D6B9 		.ascii	"\362\271\326\271m\265\021+J\254Vb\265x\326\036\314]"
 796      6DB5112B 
 796      4AAC5662 
 796      B578D61E 
 796      CC5D
 797 00c4 881DF06D 		.ascii	"\210\035\360m\307\312u\255=\333\212\020\253\211X!b\005"
 797      C7CA75AD 
 797      3DDB8A10 
 797      AB895821 
 797      6205
 798 00d6 3DEB08E6 		.ascii	"=\353\010\346o\210_\340\207\216\365\301\265\266m\253"
 798      6F885FE0 
 798      878EF5C1 
 798      B5B66DAB 
 799 00e6 9158F5C4 		.ascii	"\221X\365\304\252#V\215g]\300<\2078\003?u\254\034\327"
 799      AA23568D 
 799      675DC03C 
 799      8738033F 
 799      75AC1CD7 
 800 00fa DAB02D95 		.ascii	"\332\260-\225XU\304\232\227\004\313JO\273\203y\013q"
 800      5855C49A 
 800      9704CB4A 
 800      4FBB8379 
 800      0B71
 801 010c 037E0DD7 		.ascii	"\003~\015\327\231\263\235\031I\240)I\244\011*\375$\322"
 801      99B39D19 
 801      49A02949 
 801      A4092AFD 
 801      24D2
 802 011e 23CC0788 		.ascii	"#\314\007\210\277\340\177^\233\005\374\220\245\377P"
 802      BFE07F5E 
 802      9B05FC90 
 802      A5FF50
 803 012d 768F2B5C 		.ascii	"v\217+\\\342\004\3078\300>\266\260\211\025,c\016Y(\015"
 803      E204C738 
 803      C03EB6B0 
 803      89152C63 
 803      0E59280D 
 804 0141 AC477083 		.ascii	"\254Gp\203q-\255\365\305\231\336\023\353\214\011\313"
ARM GAS  /tmp/ccjId9iW.s 			page 21


 804      712DADF5 
 804      C599DE13 
 804      EB8C09CB 
 805 0151 3F209271 		.ascii	"? \222q+\241\351\006S_\232P\204u\031\\X,\322\034,\375"
 805      2BA1E906 
 805      535F9A50 
 805      8475195C 
 805      582CD21C 
 806 0167 C4C2CDFE 		.ascii	"\304\302\315\376\327P[\366\261\334_]\037QC\237k\302"
 806      D7505BF6 
 806      B1DC5F5D 
 806      1F51439F 
 806      6BC2
 807 0179 51A53C10 		.ascii	"Q\245<\020`\316\333K]p.\372\230\225\322\222\251\376"
 807      60CEDB4B 
 807      5D702EFA 
 807      9895D292 
 807      A9FE
 808 018b 04AB0A07 		.ascii	"\004\253\012\007\325\340\227\2276\021\3535\222\026\253"
 808      D5E09797 
 808      3611EB35 
 808      9216AB
 809 019a 5355A627 		.ascii	"SU\246'S%\001]y\006\303E\003~"
 809      5325015D 
 809      7906C345 
 809      037E
 810              		.text
 811              		.section	.gnu.lto___core_init.131.b00f2efda7a1b9cc,"e",%progbits
 812 0000 789CCB66 		.ascii	"x\234\313f``h\001be fdf`\2344\261\213\211\241\241\241"
 812      60606801 
 812      62652066 
 812      6466609C 
 812      34B18B89 
 813 0017 C1819D89 		.ascii	"\301\201\235\211\261qb\227 \343NF0\217\221\241\236\211"
 813      B1716297 
 813      20E34E46 
 813      308F91A1 
 813      9E89
 814 0029 B19E710D 		.ascii	"\261\236q\015\263>\220\373\343\364\271\205\3138\033"
 814      B33E90FB 
 814      E3F4B985 
 814      CB381B
 815 0038 1A5A25DE 		.ascii	"\032Z%\33600\3243@\0017\204\315\010\304\353/\261>h\370"
 815      3030D433 
 815      40013784 
 815      CD08C4EB 
 815      2FB13E68 
 816 004d F17F7E43 		.ascii	"\361\177~CCW\037\343\357\225LL\014\014+\231A\3066\260"
 816      43571FE3 
 816      EF954C4C 
 816      0C0C2B99 
 816      41C636B0 
 817 0061 3032AC62 		.ascii	"02\254bf\202\260\032\0170\374gjPbhgnR\000\233\260\222"
 817      6682B01A 
 817      0F30FC67 
 817      6A506268 
 817      676E5200 
ARM GAS  /tmp/ccjId9iW.s 			page 22


 818 0078 991122D3 		.ascii	"\231\021\"\323p\000\310\363\322\317\310\317M\325\317"
 818      7000C8F3 
 818      D2CFC8CF 
 818      4DD5CF
 819 0087 4DAC4CCC 		.ascii	"M\254L\314\313\326O\316\310L\312\314/\326-\317/\312"
 819      CBD64FCE 
 819      C84CCACC 
 819      2FD62DCF 
 819      2FCA
 820 0099 2E2E484C 		.ascii	"..HLN\325w\006\211\370\007\353\247\244\346\346\027\353"
 820      4ED57706 
 820      89F807EB 
 820      A7A4E6E6 
 820      17EB
 821 00ab 0787F81A 		.ascii	"\007\207\370\032\033\351\007\205\350\202\031n&\006\346"
 821      1BE90785 
 821      E882196E 
 821      2606E6
 822 00ba BA2E9EC1 		.ascii	"\272.\236\301\316\376a\256A\221\014\346zz\372\020\004"
 822      CEFE61AE 
 822      41910CE6 
 822      7A7AFA10 
 822      04
 823 00cb 54999C9F 		.ascii	"T\231\234\237\233\233\237\247_\\\222XTRZ\240\357\030"
 823      9B9B9FA7 
 823      5F5C9258 
 823      54525AA0 
 823      EF18
 824 00dd E4EBEC5B 		.ascii	"\344\353\354[\001\022-\310\314I-*\326wwv\326O.*1\324"
 824      01122DC8 
 824      CC492D2A 
 824      D6777776 
 824      D64F2E2A 
 825 00f3 4B660000 		.ascii	"Kf\000\0005\362T\265"
 825      35F254B5 
 826              		.text
 827              		.section	.gnu.lto___early_init.132.b00f2efda7a1b9cc,"e",%progbits
 828 0000 789CCB62 		.ascii	"x\234\313b``h\001be fdf`\2344\261\213\211\241\241\241"
 828      60606801 
 828      62652066 
 828      6466609C 
 828      34B18B89 
 829 0017 C1819D89 		.ascii	"\301\201\235\211\261qb\227 \343NF0\217\221\241\236\211"
 829      B1716297 
 829      20E34E46 
 829      308F91A1 
 829      9E89
 830 0029 B19E710D 		.ascii	"\261\236q\015\263>\220\373\343\364\271\306\365\234\015"
 830      B33E90FB 
 830      E3F4B9C6 
 830      F59C0D
 831 0038 0DAD126F 		.ascii	"\015\255\022o\030\030\352\031\240\200\033\302f\004\342"
 831      1818EA19 
 831      A0801BC2 
 831      6604E2
 832 0047 F597581F 		.ascii	"\365\227X\0374\374\370?\277\241aU\037\343%f&\006\206"
 832      34FCF83F 
ARM GAS  /tmp/ccjId9iW.s 			page 23


 832      BFA16155 
 832      1FE32566 
 832      260686
 833 005a 95CC2053 		.ascii	"\225\314 S\033X\030\031V13AX\215\007\030\37635(1\264"
 833      1B581819 
 833      56313341 
 833      588D0718 
 833      FE333528 
 834 0070 33372980 		.ascii	"37)\200\015X\311\314\010\221i8\000\344y\351g\344\347"
 834      0D58C9CC 
 834      08916938 
 834      00E479E9 
 834      67E4E7
 835 0083 A6EAE726 		.ascii	"\246\352\347&V&\346e\353'gd&e\346\027\353\226\347\027"
 835      5626E665 
 835      EB276764 
 835      2665E617 
 835      EB96E717 
 836 0097 65171724 		.ascii	"e\027\027$&\247\352;\203D\374\203\365SRs\363\213\365"
 836      26A7EA3B 
 836      8344FC83 
 836      F5535273 
 836      F38BF5
 837 00aa 83437C8D 		.ascii	"\203C|\215\215\364\203Bt\301\0147\023\003s]\027\317"
 837      8DF48342 
 837      74C10C37 
 837      1303735D 
 837      17CF
 838 00bc 6067FF30 		.ascii	"`g\3770\327\240H\006s==}\010\002\252L\316\317\315\315"
 838      D7A04806 
 838      733D3D7D 
 838      0802AA4C 
 838      CECFCDCD 
 839 00d0 CFD32F2E 		.ascii	"\317\323/.I,*)-\320w\014\362u\366\255\000\211\026d\346"
 839      492C2A29 
 839      2DD0770C 
 839      F275F6AD 
 839      00891664 
 840 00e5 A41615EB 		.ascii	"\244\026\025\353\273;;\353'\027\225\030\352%3\000\000"
 840      BB3B3BEB 
 840      27179518 
 840      EA253300 
 840      00
 841 00f6 83CA53EC 		.ascii	"\203\312S\354"
 842              		.text
 843              		.section	.gnu.lto___late_init.133.b00f2efda7a1b9cc,"e",%progbits
 844 0000 789CCB62 		.ascii	"x\234\313b``h\001be fdf`\2344\261\213\211\241\241\241"
 844      60606801 
 844      62652066 
 844      6466609C 
 844      34B18B89 
 845 0017 C1819D89 		.ascii	"\301\201\235\211\261qb\227 \343NF0\217\221\241\236\211"
 845      B1716297 
 845      20E34E46 
 845      308F91A1 
 845      9E89
 846 0029 B19E710D 		.ascii	"\261\236q\015\263>\220\373\343\364\271\203\3338\033"
ARM GAS  /tmp/ccjId9iW.s 			page 24


 846      B33E90FB 
 846      E3F4B983 
 846      DB381B
 847 0038 1A5A25DE 		.ascii	"\032Z%\33600\3243@\0017\204\315\010\304\353/\261>h\370"
 847      3030D433 
 847      40013784 
 847      CD08C4EB 
 847      2FB13E68 
 848 004d F17F7E43 		.ascii	"\361\177~CCW\037\343)f&\006\206\225\314 S\033X\030\031"
 848      43571FE3 
 848      29662606 
 848      8695CC20 
 848      531B5818 
 849 0062 56313341 		.ascii	"V13AX\215\007\030\37635(1\26437)\200\015X\311\314\010"
 849      588D0718 
 849      FE333528 
 849      31B43337 
 849      29800D58 
 850 0079 91693800 		.ascii	"\221i8\000\344y\351g\344\347\246\352\347&V&\346e\353"
 850      E479E967 
 850      E4E7A6EA 
 850      E7265626 
 850      E665EB
 851 008c 27676426 		.ascii	"'gd&e\346\027\353\226\347\027e\027\027$&\247\352;\203"
 851      65E617EB 
 851      96E71765 
 851      17172426 
 851      A7EA3B83 
 852 00a0 44FC83F5 		.ascii	"D\374\203\365SRs\363\213\365\203C|\215\215\364\203B"
 852      535273F3 
 852      8BF58343 
 852      7C8D8DF4 
 852      8342
 853 00b2 74C10C37 		.ascii	"t\301\0147\023\003s]\027\317`g\3770\327\240H\006s=="
 853      1303735D 
 853      17CF6067 
 853      FF30D7A0 
 853      4806733D 
 854 00c7 7D0802AA 		.ascii	"}\010\002\252L\316\317\315\315\317\323/.I,*)-\320w\014"
 854      4CCECFCD 
 854      CDCFD32F 
 854      2E492C2A 
 854      292DD077 
 855 00dc F275F6AD 		.ascii	"\362u\366\255\000\211\026d\346\244\026\025\353\273;"
 855      00891664 
 855      E6A41615 
 855      EBBB3B
 856 00eb 3BEB2717 		.ascii	";\353'\027\225\030\352%3\000\000\245\326T\013"
 856      9518EA25 
 856      330000A5 
 856      D6540B
 857              		.text
 858              		.section	.gnu.lto___default_exit.134.b00f2efda7a1b9cc,"e",%progbits
 859 0000 789C6B65 		.ascii	"x\234ke``h\001b\007 fde`\2344\261\213\211\241\241\241"
 859      60606801 
 859      62072066 
 859      6465609C 
ARM GAS  /tmp/ccjId9iW.s 			page 25


 859      34B18B89 
 860 0017 C1819D89 		.ascii	"\301\201\235\211q\362D.0\213\231q\012\224\305\3028\331"
 860      71F2442E 
 860      308B9971 
 860      0A94C5C2 
 860      38D9
 861 0029 10CC6064 		.ascii	"\020\314`d\250gbfa\004\022\014\010\260\206Y\037(\371"
 861      A8676266 
 861      6104120C 
 861      08B08659 
 861      1F28F9
 862 003c E3F4B987 		.ascii	"\343\364\271\207\2739\033\032Z%\33600\324\303\344\270"
 862      BB391B1A 
 862      5A25DE30 
 862      30D4C3E4 
 862      B8
 863 004d 216C4620 		.ascii	"!lF ^\177\211\365A\303\217\377\363\033\032^\3651>^\317"
 863      5E7F89F5 
 863      41C38FFF 
 863      F31B1A5E 
 863      F5313E5E 
 864 0062 04145BC9 		.ascii	"\004\024[\311\314p\344}\007+#\220\301\004f0\256bf\006"
 864      CC70E47D 
 864      072B2390 
 864      C1046630 
 864      AE626606 
 865 0076 9AD5C0C2 		.ascii	"\232\325\300\302\330x\200\341?S\303\243\227\323\205"
 865      D87880E1 
 865      3F53C3A3 
 865      97D385
 866 0085 19773282 		.ascii	"\031w2\202\231o\304\241\"\222\014 \235,\020u\214+\231"
 866      996FC4A1 
 866      22920C20 
 866      9D2C1075 
 866      8C2B99
 867 0098 1919D881 		.ascii	"\031\031\330\201\"^\372\031\371\271\251\372\271\211"
 867      225EFA19 
 867      F9B9A9FA 
 867      B989
 868 00a6 958979D9 		.ascii	"\225\211y\331\372\311\031\231I\231\371\305\272\345\371"
 868      FAC91999 
 868      4999F9C5 
 868      BAE5F9
 869 00b5 45D9C505 		.ascii	"E\331\305\005\211\311\251\372\316 \021\377`\375\224"
 869      89C9A9FA 
 869      CE2011FF 
 869      60FD94
 870 00c4 D4DCFC62 		.ascii	"\324\334\374b\375\340\020_c#\375\240\020]0\303\315\304"
 870      FDE0105F 
 870      6323FDA0 
 870      105D30C3 
 870      CDC4
 871 00d6 C05CD7C5 		.ascii	"\300\\\327\3053\330\331?\3145(\222\301\\OO\037\202\200"
 871      33D8D93F 
 871      CC352892 
 871      C15C4F4F 
 871      1F8280
ARM GAS  /tmp/ccjId9iW.s 			page 26


 872 00e9 2A93F373 		.ascii	"*\223\363ss\363\363\364\213K\022\213JJ\013\364\035\203"
 872      73F3F3F4 
 872      8B4B128B 
 872      4A4A0BF4 
 872      1D83
 873 00fb 7C9D7D2B 		.ascii	"|\235}+@\242\005\2319\251E\305\372\356\316\316\372\311"
 873      40A20599 
 873      39A945C5 
 873      FAEECECE 
 873      FAC9
 874 010d 4525867A 		.ascii	"E%\206z\311\014\000\342\210e\324"
 874      C90C00E2 
 874      8865D4
 875              		.text
 876              		.section	.gnu.lto___init_ram_areas.135.b00f2efda7a1b9cc,"e",%progbits
 877 0000 789C6D54 		.ascii	"x\234mT}h[U\024\277\347\236\373>\232\264!&\016D\374"
 877      7D685B55 
 877      14BFE79E 
 877      FB3E9AB4 
 877      21260E44 
 878 0015 A8FE258C 		.ascii	"\250\376%\214\346\331).\370W%\363\023\352\240\035\202"
 878      E6D9292E 
 878      F85725F3 
 878      13EAA01D 
 878      82
 879 0026 7FC62C6C 		.ascii	"\177\306,l\241f\311\222\316*\265\364-k:L\241Y\034\265"
 879      A166C992 
 879      CE2AB5F4 
 879      2D6B3A4C 
 879      A1591CB5 
 880 003a 5AD33A91 		.ascii	"Z\323:\221aSjgE\301}tM\253s\326B\301\351\360\2239*2"
 880      61536A67 
 880      45C17D74 
 880      4DAB73D6 
 880      42C1E9F0 
 881 0052 EAE62853 		.ascii	"\352\346(Sq\356\017\347\271\3675i\212>\222\373\316;"
 881      71EE0FE7 
 881      B9F73569 
 881      8A3E92FB 
 881      CE3B
 882 0064 E7777EF7 		.ascii	"\347w~\367\374\316=\357\275,\030\033c\214\255\320\037"
 882      FCCE3DEF 
 882      BD2C181B 
 882      638CADD0 
 882      1F
 883 0075 EA19BC5A 		.ascii	"\352\031\274Z\310qf\333v\213\301\341p\301\245,\204\241"
 883      C87166DB 
 883      768BC1E1 
 883      70C1A52C 
 883      84A1
 884 0087 42EEDDDF 		.ascii	"B\356\335\337\257\2300\017\312!`h\272\002\323x_a\200"
 884      AF98300F 
 884      CA216068 
 884      BA02D378 
 884      5F6180
 885 009a 53E4DCEA 		.ascii	"S\344\334\352\215\240\0309\264\014S\371\254!\\0l:\000"
 885      8DA01839 
ARM GAS  /tmp/ccjId9iW.s 			page 27


 885      B40C53F9 
 885      AC215C30 
 885      6C3A00
 886 00ad 1D86A71D 		.ascii	"\035\206\247\035\036\203\367\327@_\257@M\376\346\241"
 886      1E83F7D7 
 886      405FAF40 
 886      4DFEE6A1 
 887 00bd 0FEE8119 		.ascii	"\017\356\201\031\311\035\024o\220\233\014S\270\341\360"
 887      C91D146F 
 887      909B0C53 
 887      B8E1F0
 888 00cc B4D7A1A8 		.ascii	"\264\327\241\250\203\375\205\334\360_\333\034L\213\001"
 888      83FD85DC 
 888      F05FDB1C 
 888      4C8B01
 889 00db AC97A3D0 		.ascii	"\254\227\243\320\\\272a\272\353\240W \203\262\000c}"
 889      5CBA61BA 
 889      EBA05720 
 889      83B20063 
 889      7D
 890 00ec 61CEA5B1 		.ascii	"a\316\245\261\365\313\250\261'\321\"\236\353\213Ko/"
 890      F5CBA8B1 
 890      27D1229E 
 890      EB8B4B6F 
 890      2F
 891 00fd D7D976F6 		.ascii	"\327\331v\366\266+\214\365Vb\032\350~\020\264n\202F"
 891      B62B8CF5 
 891      56621AE8 
 891      7E10B46E 
 891      8246
 892 010f 0DCC2C90 		.ascii	"\015\314,\220gs\331\266W_\033\034\275\353H\306\333s"
 892      6773D9B6 
 892      575F1B1C 
 892      BDEB48C6 
 892      DB73
 893 0121 0A7A4FC2 		.ascii	"\012zO\302\011\220\330W`A\270\331\014\310l \360H\025"
 893      0990D857 
 893      6041B8D9 
 893      0CC86C20 
 893      F04815
 894 0134 3CB69497 		.ascii	"<\266\224\227\340\356\331Z\360ODk\026+\230\367\213\203"
 894      E0EED95A 
 894      F04F446B 
 894      162B98F7 
 894      8B83
 895 0146 79BBB1AF 		.ascii	"y\273\261\257\261{\256\026s\236\010\347\241\014\354"
 895      B17BAE16 
 895      739E08E7 
 895      A10CEC
 896 0155 34D0D3D7 		.ascii	"4\320\323\327\202\334\010\247\000\346\000f\341\3309"
 896      82DC08A7 
 896      00E60066 
 896      E1D839
 897 0164 EDA27DFD 		.ascii	"\355\242}\375\346[\266=u\357Wg\027O\362[\201q\344\214"
 897      E65BB63D 
 897      75EF5767 
 897      174FF25B 
ARM GAS  /tmp/ccjId9iW.s 			page 28


 897      8171E48C 
 898 0178 73A4BF60 		.ascii	"s\244\277`\004\324\030AuF`C.\365\362\261AZ\036\031\365"
 898      04D41841 
 898      75466043 
 898      2EF5F2B1 
 898      415A1E19 
 899 018d 4ACB2717 		.ascii	"J\313'\027\277\0140VB&\317\000\330\004re\354/\263\233"
 899      BF0C3056 
 899      4226CF00 
 899      D8047265 
 899      EC2FB39B 
 900 01a1 DC5E7EAF 		.ascii	"\334^~\257\210t\317\034Y\001\311\011z\227\254:G\367"
 900      8874CF1C 
 900      5901C909 
 900      7A97AC3A 
 900      47F7
 901 01b3 7D749F04 		.ascii	"}t\237\004\221>\003\237\002\313A\277m\217?\321\365\231"
 901      913E039F 
 901      02CB41BF 
 901      6D8F3FD1 
 901      F599
 902 01c5 2A7E0271 		.ascii	"*~\002q\365\306x\320\241\310\264\310\375P(\266\217\212"
 902      F5C678D0 
 902      A1C8B4C8 
 902      FD5028B6 
 902      8F8A
 903 01d7 7E3A3A65 		.ascii	"~::e\036/n\242\001`\0070s\272t7\326\023u\017(J:\220"
 903      1E2F6EA2 
 903      01600730 
 903      73BA7437 
 903      D613750F 
 904 01ef 716BEF0B 		.ascii	"qk\357\013\237\003{\250\217\216?\261\000q\342\2245\364"
 904      9F037BA8 
 904      8F8E3FB1 
 904      0071E294 
 904      35F4
 905 0201 50A558AF 		.ascii	"P\245X\257\262g\212Z%\265\241\222\024\250IZ\204\216"
 905      B2678A5A 
 905      25B5A192 
 905      14A8495A 
 905      848E
 906 0213 6AD22C60 		.ascii	"j\322,`\203JZ\241$\226G\241\252\375x\340\240\217D\360"
 906      834A5AA1 
 906      249647A1 
 906      AAFD78E0 
 906      A08F44F0 
 907 0227 2F9EA68A 		.ascii	"/\236\246\212\320\343\236\272<w\213,h\002E!\373\315"
 907      D0E39EBA 
 907      3C778B2C 
 907      68024521 
 907      FBCD
 908 0239 59AC34E0 		.ascii	"Y\2544\340\267\242!w\032\0318\203(\033\320\015Lmg\306"
 908      B7A22177 
 908      1A193883 
 908      281BD00D 
 908      4C6D67C6 
 909 024d 3A97482D 		.ascii	":\227H-\205\256\345\216\242S\201\021K\221\017\035\201"
ARM GAS  /tmp/ccjId9iW.s 			page 29


 909      85AEE58E 
 909      A2538111 
 909      4B910F1D 
 909      81
 910 025e AB7750F0 		.ascii	"\253wP\360\300\207\375YD\037\352p\\z3\215\262\032\237"
 910      C087FD59 
 910      441FEA70 
 910      5C7A338D 
 910      B21A9F
 911 0271 8AFFA988 		.ascii	"\212\377\251\210\0110\204\350G\255\012 \215~\325D\215"
 911      093084E8 
 911      47AD0A20 
 911      8D7ED544 
 911      8D
 912 0282 286DB1DE 		.ascii	"(m\261\336E\312\324\311\344\022\241\255\011\032\343"
 912      45CAD4C9 
 912      E412A1AD 
 912      091AE3
 913 0291 D5266E46 		.ascii	"\325&nF\276\326\011\263\246\021_\302.\"\373\207\367"
 913      BED609B3 
 913      A6115FC2 
 913      2E22FB87 
 913      F7
 914 02a2 5DF8E41A 		.ascii	"]\370\344\032 '\006&{\240a=.\375\3747m%\246.-@\036u"
 914      20270626 
 914      7BA0613D 
 914      2EFDFC37 
 914      6D25A62E 
 915 02ba 6CC0ABD2 		.ascii	"l\300\253\322\341\023\203\227h J\350Rg\010\023\250o"
 915      E1138397 
 915      68204AE8 
 915      52670813 
 915      A86F
 916 02cc E8476954 		.ascii	"\350GiT\365\343\217\361\333+\232\223\244Y\217\001S\341"
 916      F5E38FF1 
 916      DB2B9A93 
 916      A4598F01 
 916      53E1
 917 02de C93BABAA 		.ascii	"\311;\253\252\275h\324\252\366*Q\306\177E\031*\361\350"
 917      BD68D4AA 
 917      F62A51C6 
 917      7F45192A 
 917      F1E8
 918 02f0 E8062DF8 		.ascii	"\350\006-\370?Z\316C\264F\013\242\341h1Pw\011\206^\375"
 918      3F5ACE43 
 918      B4460BA2 
 918      E1683150 
 918      7709865E 
 919 0305 EAAF9523 		.ascii	"\352\257\225#4\327\347\217\206nT\253\326\344AAo\265"
 919      34D7E78F 
 919      866E54AB 
 919      D6E44141 
 919      6FB5
 920 0317 D7298AC6 		.ascii	"\327)\212\306\322\343L\223\334\233\346\222\250\177\014"
 920      D2E34C93 
 920      DC9BE692 
 920      A87F0C
ARM GAS  /tmp/ccjId9iW.s 			page 30


 921 0326 A1874EF9 		.ascii	"\241\207N\371\002\003s\343\234\177'\347\\\203 U2\376"
 921      020373E3 
 921      9C7F27E7 
 921      5C832055 
 921      32FE
 922 0338 F0DEEFE1 		.ascii	"\360\336\357\341[9\352\316\334\337\327\363\0038\337"
 922      5B39EACE 
 922      DCDFD7F3 
 922      0338DF
 923 0347 8C12BAE7 		.ascii	"\214\022\272\347/\277\323,\273VWy\213\016b\346\342/"
 923      2FBFD32C 
 923      BB565779 
 923      8B0E62E6 
 923      E22F
 924 0359 A3B01657 		.ascii	"\243\260\026W_:\260\313\364\360\224\265;\021\217Z\361"
 924      5F3AB0CB 
 924      F4F094B5 
 924      3B118F5A 
 924      F1
 925 036a F04BE13D 		.ascii	"\360K\341=\035Vdw\354\271X\"\335\324\225Hu\244\223\341"
 925      1D566477 
 925      ECB95822 
 925      DDD49548 
 925      75A493E1 
 926 037e 48D40A49 		.ascii	"H\324\012I\317\366vkg4\236H[\355;Z\037\330b\265\355"
 926      CFF6766B 
 926      67349E48 
 926      5BED3B5A 
 926      1FD862B5 
 927 0393 6852C663 		.ascii	"hR\306c\017\336\277\265i\333\223\355\241\355\317<\332"
 927      0FDEBFB5 
 927      69DB93ED 
 927      A1EDCF3C 
 927      DA
 928 03a4 F62CDB1A 		.ascii	"\366,\333\032\010X\316\217\220\221D<\236\330c\245;\303"
 928      0858CE8F 
 928      9091443C 
 928      9ED863A5 
 928      3BC3
 929 03b6 A9CE7D49 		.ascii	"\251\316}I\353\221\266\326P\353\213\322\233\214=\037"
 929      EB91B6D6 
 929      50EB8BD2 
 929      9B8C3D1F 
 930 03c6 4DA5ADC7 		.ascii	"M\245\255\307C!+\222\352l\016D\030\246\302I\257c\007"
 930      43212B92 
 930      EA6C0E44 
 930      18A6C249 
 930      AF6307
 931 03d9 9A83C170 		.ascii	"\232\203\301psd\347\026\006I\336\231\374\027vW\314~"
 931      7364E716 
 931      0649DE99 
 931      FC177657 
 931      CC7E
 932              		.text
 933              		.section	.gnu.lto_.symbol_nodes.b00f2efda7a1b9cc,"e",%progbits
 934 0000 789C6DCD 		.ascii	"x\234m\315\3332\202a\030\305\361\367_>_\311\246\022"
 934      DB328261 
ARM GAS  /tmp/ccjId9iW.s 			page 31


 934      18C5F1F7 
 934      5F3E5FC9 
 934      A612
 935 0012 22A42DE5 		.ascii	"\"\244-\345\246\334\311kR\012\321\247\015*\373]g]\200"
 935      A6DCC96B 
 935      520AD1A7 
 935      0D2AFB5D 
 935      675D80
 936 0025 23078EDD 		.ascii	"#\007\216\335\212[\320\267\216\214\3519\371\315\254"
 936      8A5BD0B7 
 936      8E8CE939 
 936      F9CDAC
 937 0034 B5669E3A 		.ascii	"\265f\236:\306\230\300\021v\366pr3x\337\306Xc>\274J"
 937      C698C011 
 937      76F67072 
 937      3378DFC6 
 937      58633EBC 
 938 0049 C02FAA58 		.ascii	"\300/\252XwjQ\303\206\246\026\307\330\360\327O\303\371"
 938      776A51C3 
 938      86A616C7 
 938      D8F0D74F 
 938      C3F9
 939 005b 93EB451D 		.ascii	"\223\353E\035;7n\325\334\177{\247B\344\263:Y\004\235"
 939      3B376ED5 
 939      DC7F7BA7 
 939      42E4B33A 
 939      59049D
 940 006e 06F3077E 		.ascii	"\006\363\007~r\302\202<eQ\236\261$\233D\34591yA\\\266"
 940      72C2823C 
 940      65519EB1 
 940      249B44E5 
 940      39317941 
 941 0084 58961E09 		.ascii	"X\226\036\011y\311\212l\263*;\254\311.I\331c]^\261!"
 941      79C98A6C 
 941      B32A3BAC 
 941      C92E49D9 
 941      635D5EB1 
 942 0099 AF49C91B 		.ascii	"\257I\311\0336e\237-9`[\016I\313[v\344\035\031yOV>\220"
 942      36659F2D 
 942      39605B0E 
 942      49CB5B76 
 942      E41D1979 
 943 00b1 938FE4E5 		.ascii	"\223\217\344\345\023\005\371LQ\276\260+_\331\223o\224"
 943      1305F94C 
 943      51BEB02B 
 943      5FD9936F 
 943      94
 944 00c2 E43B6539 		.ascii	"\344;e9b\337\327\374\002|\313G?"
 944      62DFD7FC 
 944      027CCB47 
 944      3F
 945              		.text
 946              		.section	.gnu.lto_.refs.b00f2efda7a1b9cc,"e",%progbits
 947 0000 789C05C1 		.ascii	"x\234\005\301i\032B`\030\000\300\367\231|h\221\222h"
 947      691A4260 
 947      1800C0F7 
 947      997C6891 
ARM GAS  /tmp/ccjId9iW.s 			page 32


 947      9268
 948 0012 A7C52F67 		.ascii	"\247\305/gq\377\3534\263D\204LZ\2054\307\230\344\012"
 948      71FFEB34 
 948      B344844C 
 948      5A8534C7 
 948      98E40A
 949 0025 A5B58DAD 		.ascii	"\245\265\215\255\235\312^\355\340\250q\322:\353\364"
 949      9DCA5EED 
 949      E0A871D2 
 949      3AEBF4
 950 0034 2EAE6EEE 		.ascii	".\256n\356\036\236^\006\243\267\217\257\237)\376\200"
 950      1E9E5E06 
 950      A3B78FAF 
 950      9F29FE80 
 951 0044 6803A5   		.ascii	"h\003\245"
 952              		.text
 953              		.section	.gnu.lto_.decls.b00f2efda7a1b9cc,"e",%progbits
 954 0000 789C9D96 		.ascii	"x\234\235\226mPT\327\031\307\317\271{\263\034\226w\362"
 954      6D5054D7 
 954      19C7CFB9 
 954      7BB31C96 
 954      77F2
 955 0012 52269371 		.ascii	"R&\223qh\246\2232\211\260.\257\371\320\017-\264\315"
 955      68A69332 
 955      89B02EAF 
 955      F9D00F2D 
 955      B4CD
 956 0024 B4333633 		.ascii	"\264363\232v\2463\235\331lq\3330\362b\227\2651_:gaY"
 956      9A76A633 
 956      9DD96C71 
 956      DB30F262 
 956      97B5315F 
 957 003c 575E1786 		.ascii	"W^\027\206\220\315\312\300\272Z+j-\2468\002\021\270"
 957      90CDCAC0 
 957      BA5A2B6A 
 957      2DA63802 
 957      11B8
 958 004e 20828895 		.ascii	" \202\210\225%Q$\210\021A\005*\206\035\240\274\211\330"
 958      25512488 
 958      1141052A 
 958      861DA0BC 
 958      89D8
 959 0060 E7DC7BB9 		.ascii	"\347\334{\271r\241\237\272\343\337\275\367<\277\377"
 959      72A19FBA 
 959      E3DFBDF7 
 959      3CBFFF
 960 006f 39FFF39C 		.ascii	"9\377\363\234{W\323t\010}\252A\310\217\021z\016\237"
 960      7B57D374 
 960      087DAA41 
 960      C88F117A 
 960      0E9F
 961 0081 2084D06D 		.ascii	" \204\320m\320NP'\310\017\022@\003\240AP\007h\004t\027"
 961      D04E5027 
 961      C80F1240 
 961      03A04150 
 961      07680474 
 962 0096 34067A08 		.ascii	"4\006z\010\232\004\005@s\240\005\320\"h\031\264\012"
ARM GAS  /tmp/ccjId9iW.s 			page 33


 962      9A040540 
 962      73A005D0 
 962      226819B4 
 962      0A
 963 00a7 5A03AD83 		.ascii	"Z\003\255\203\020\314\317\201x\220\026D@:P((\034\024"
 963      10CCCF81 
 963      78901644 
 963      403A5028 
 963      281C14
 964 00ba 098A06BD 		.ascii	"\011\212\006\275\002z\015\024\003z\035\364\006h\007"
 964      027A0D14 
 964      037A1DF4 
 964      066807
 965 00c9 2816F426 		.ascii	"(\026\364&\350\007\240\267@q\240\267A;A\011\240]\240"
 965      E807A0B7 
 965      4071A0B7 
 965      413B4109 
 965      A05DA0
 966 00dc FBA01FCA 		.ascii	"\373\240\037\312yw\311\343;e\216\345\277\006\352\007"
 966      7977C9E3 
 966      3B658EE5 
 966      BF06EA07 
 967 00ec 5D07F521 		.ascii	"]\007\365!i\216\267\3449\337\224\327\330!\257\371\272"
 967      698EB7E4 
 967      39DF94D7 
 967      D821AFF9 
 967      BA
 968 00fd 9CE13539 		.ascii	"\234\34159S\264\2341\\\316\254\223\367\240\225\367\304"
 968      53B49C31 
 968      5CCEAC93 
 968      F7A095F7 
 968      C4
 969 010e F6C6F6B8 		.ascii	"\366\306\366\270.\357yU\356\301\242\334\023\326\233"
 969      2EEF7955 
 969      EEC1A2DC 
 969      13D69B
 970 011d 59D0052C 		.ascii	"Y\320\005,bb\017\277\224\257Y/;\345k\326\323~\371\232"
 970      62620FBF 
 970      94AF592F 
 970      3BE56BD6 
 970      D37EF99A 
 971 0131 F57680AD 		.ascii	"\365v\200\255)\367x\343,\330\036\015X\352\371\354\246"
 971      29F778E3 
 971      2CD81E0D 
 971      58EAF9EC 
 971      A6
 972 0142 B3D9D85F 		.ascii	"\263\331\330_\307\246=j_\306\274\366U\034\253\215\303"
 972      C7A63D6A 
 972      5FC6BCF6 
 972      551CAB8D 
 972      C3
 973 0153 EC7823E0 		.ascii	"\354x#\340\033\021\016\245P\361\343\333\201\332\330"
 973      1B110EA5 
 973      50F1E3DB 
 973      81DAD8
 974 0162 4A08A587 		.ascii	"J\010\245\207\222\275\210\347fn^_\013\211\020(]\246"
 974      92BD88E7 
ARM GAS  /tmp/ccjId9iW.s 			page 34


 974      666E5E5F 
 974      0B891028 
 974      5DA6
 975 0174 F448346A 		.ascii	"\364H4j\305-\030u\340\270v|\011\177\211y\356\374\321"
 975      C52D1875 
 975      E0B8767C 
 975      097F8979 
 975      EEFCD1
 976 0187 C2898828 		.ascii	"\302\211\210(\261,\330\203\005,\326\305\354<\327:|\271"
 976      B12CD883 
 976      052CD6C5 
 976      EC3CD73A 
 976      7CB9
 977 0199 4FA3D43A 		.ascii	"O\243\324:\345Z\027\0263\020\362;D\376\210\310\237\330"
 977      E55A1716 
 977      3310F23B 
 977      44FE88C8 
 977      9FD8
 978 01ab 4D2404A2 		.ascii	"M$\004\242\230P\214x\335\362\235\242\007\344m\370\304"
 978      98508C78 
 978      DDF29DA2 
 978      07E46DF8 
 978      C4
 979 01bc 30E75275 		.ascii	"0\347Rus\357\217Z\205\303\324e+\304\235\270\017\337"
 979      73EF8F5A 
 979      85C3D465 
 979      2BC49DB8 
 979      0FDF
 980 01ce 90A7B90C 		.ascii	"\220\247\271\014j\305\010\230\306\321\025J\243\335\244"
 980      6AC50898 
 980      C6D1154A 
 980      A3DDA4
 981 01dd 13F72855 		.ascii	"\023\367(U\003BIb\355\333\215\332\225\3155\331\030\330"
 981      03424962 
 981      EDDB8DDA 
 981      95CD35D9 
 981      18D8
 982 01ef 2876ABA6 		.ascii	"(v\253\246MB\320\010;(\030]\305\2750p\003\267\343~|"
 982      4D42D008 
 982      3B28185D 
 982      C5BD3070 
 982      03B7E37E 
 983 0204 1DFF0B5F 		.ascii	"\035\377\013_c\275!.\016vWw\263\250\",\206\221\202B"
 983      63BD212E 
 983      0E765777 
 983      B3A8222C 
 983      86918242 
 984 0218 0EE02D28 		.ascii	"\016\340-(\317\235\033\252\3734Di\202_^fPl\320\360\325"
 984      CF9D1BAA 
 984      FB344469 
 984      825F5E66 
 984      506CD0F0 
 985 022d CF8A8858 		.ascii	"\317\212\210X\023\2665\357\331DEW\350<\206\371\235T"
 985      13B635EF 
 985      D9444557 
 985      E83C86F9 
 985      9D54
ARM GAS  /tmp/ccjId9iW.s 			page 35


 986 023f B07513EA 		.ascii	"\260u\023\352\263\227Q\007\355\266a7m\246\336\246\322"
 986      B3975107 
 986      EDB66137 
 986      6DA6DEA6 
 986      D2
 987 0250 328DC7D7 		.ascii	"2\215\307\327\355\264\001\020\343+l\246\236\306\017"
 987      EDB40110 
 987      E32B6CA6 
 987      9EC60F
 988 025f 3D1E5ADA 		.ascii	"=\036Z\332u\314I\275\030\027\300\260`\323z\340\013\210"
 988      75CC49BD 
 988      1817C0B0 
 988      60D37AE0 
 988      0B88
 989 0271 D2185ACB 		.ascii	"\322\030Z\313\016\327Q\352\3056\351\234i\030m\242\264"
 989      0ED751EA 
 989      C536E99C 
 989      69186DA2 
 989      B4
 990 0282 1014EBB1 		.ascii	"\020\024\353\2617\0126\330\257\037{\217;\240\362!\310"
 990      370A36D8 
 990      AF1F7B8F 
 990      3BA0F221 
 990      C8
 991 0293 657B643B 		.ascii	"e{d;\034\026\260M\321\317\012\246\\\261\205\224-\344"
 991      1C16B04D 
 991      D1CF0AA6 
 991      5CB18594 
 991      2DE4
 992 02a5 A0D8ED05 		.ascii	"\240\330\355\005BpP\316G/\323JZ[\026^\340\363\236\264"
 992      427050CE 
 992      472FD34A 
 992      5A5B165E 
 992      E0F39EB4 
 993 02b9 15D889CB 		.ascii	"\025\330\211\313'8+\275\3354\3226~\305i\363Q\032Y\345"
 993      27382BBD 
 993      DD34D236 
 993      7EC569F3 
 993      511A59E5 
 994 02cd 85E8A028 		.ascii	"\205\350\240(\033\313\011\212\254\204\277\\B7\215\262"
 994      1BCB098A 
 994      AC84BF5C 
 994      42378DB2 
 995 02dd B1EE7AED 		.ascii	"\261\356z\3554\212v\011N\027\025\234\007X\254J\030\301"
 995      348A7609 
 995      4E17159C 
 995      0758AC4A 
 995      18C1
 996 02ef 8CA9A402 		.ascii	"\214\251\244\002\215\254\224F\210\315+8\351\0110\035"
 996      8DAC9446 
 996      88CD2B38 
 996      E909301D 
 997 02ff 830B568D 		.ascii	"\203\013V\215\252\034\203\025\012\330\005\233\224\372"
 997      AA1C8315 
 997      0AD8059B 
 997      94FA
 998 030d 045A4429 		.ascii	"\004ZD)\021\037Zio\234\374Mxna\252\255C\267\300\332"
ARM GAS  /tmp/ccjId9iW.s 			page 36


 998      111F5A69 
 998      6F9CFC4D 
 998      786E61AA 
 998      AD43B7C0 
 999 0322 D87872EC 		.ascii	"\330xr\354(\226~w^u\375\030a\372J$i\341\020\271\302"
 999      28967E77 
 999      5E75FD18 
 999      61FA4A24 
 999      69E110B9 
 1000 0337 0EB3B176 		.ascii	"\016\263\261vm\220\004#4$=\234\034<\217\221p>5C\377"
 1000      6D900423 
 1000      34243D9C 
 1000      1C3C8F91 
 1000      703E3543 
 1001 034c C46F8077 		.ascii	"\304o\200w\201\322\270\031\364\015\036\206\362\010F"
 1001      81D2B819 
 1001      F40D1E86 
 1001      F20846
 1002 035b F3E2C98E 		.ascii	"\363\342\311\216\334\273p]\033\347v\321\300\027\305"
 1002      DCBB705D 
 1002      1BE776D1 
 1002      C017C5
 1003 036a F3F8940B 		.ascii	"\363\370\224\0138<\202o\301\003\000?\230\030\335\302"
 1003      383C826F 
 1003      C103003F 
 1003      9818DDC2 
 1004 037a E826FE1A 		.ascii	"\350&\376\032\247\027\276D\256m]\202\347\036\025=x\032"
 1004      A717BE44 
 1004      AE6D5D82 
 1004      E71E153D 
 1004      781A
 1005 038c CECC8DCB 		.ascii	"\316\314\215\313\305\0254\266\000\366OF\360\250h\276"
 1005      C51534B6 
 1005      00F64F46 
 1005      F0A868BE 
 1006 039c 8BD1A86C 		.ascii	"\213\321\250l~\306\223\333\333\315\355\035\264S\\\271"
 1006      7EC693DB 
 1006      DBCDED1D 
 1006      B4535CB9 
 1007 03ac B1A9E485 		.ascii	"\261\251\344\205\371\236h\036\303\350\236l^\342\311"
 1007      F99E681E 
 1007      C3E89E6C 
 1007      5EE2C9
 1008 03bb 046C708E 		.ascii	"\004lp\216M0=u\363N\004L0!N0qd\360R\2604\335\003x\211"
 1008      4D303D75 
 1008      F34E044C 
 1008      30214E30 
 1008      7164F052 
 1009 03d5 E999F1A6 		.ascii	"\351\231\361\246\240\270f\230\357\333M\363\215\213\363"
 1009      A0B86698 
 1009      EFDB4DF3 
 1009      8D8BF3
 1010 03e4 3DC4685C 		.ascii	"=\304h\\\236o\226'O\331\\\267\306\034\365\2728\267\233"
 1010      9E6F9627 
 1010      4FD95CB7 
 1010      C61CF5BA 
 1010      38B79B
ARM GAS  /tmp/ccjId9iW.s 			page 37


 1011 03f7 36569533 		.ascii	"6V\2253\234\212\370\244\210\303\357\222L\267\361\244"
 1011      9C8AF8A4 
 1011      88C3EF92 
 1011      4CB7F1A4 
 1012 0407 54C39A49 		.ascii	"T\303\232I1{\273\011\\\005\361\234m\240\344o\\\004\225"
 1012      317BBB09 
 1012      5C05F19C 
 1012      6DA0E46F 
 1012      5C0495
 1013 041a 7F4E5E96 		.ascii	"\177N^\226\236\370'\030\031f \207}\322\276\026\036\243"
 1013      9EF82718 
 1013      19662087 
 1013      7DD2BE16 
 1013      1EA3
 1014 042c 7EF9FEC7 		.ascii	"~\371\376\307+\325P\266\322\033\362=\011\023\370\357"
 1014      2BD550B6 
 1014      D21BF23D 
 1014      0913F8EF 
 1015 043c F063FC6F 		.ascii	"\360c\374o(\314b6\017\224/\330g\006uJ\331\257.\277S"
 1015      28CC6236 
 1015      0F942FD8 
 1015      6706754A 
 1015      D9AF2EBF 
 1016 0451 0DE7B5EA 		.ascii	"\015\347\265\352\250\307^.\200\247af\251:\215\361E\234"
 1016      A8C75E2E 
 1016      80A76166 
 1016      A93A8DF1 
 1016      459C
 1017 0463 7E9E2735 		.ascii	"~\236'5\032\230a\340\336\263\277\2743Li\240\252\247"
 1017      1A9861E0 
 1017      DEB3BFBC 
 1017      334C69A0 
 1017      AAA7
 1018 0475 7AC7314E 		.ascii	"z\3071N\300s\000JQ\3470J\277\204I\003\303f\317\237)"
 1018      C073004A 
 1018      51E7304A 
 1018      BF844903 
 1018      C366CF9F 
 1019 048a C68CF37B 		.ascii	"\306\214\363{V\2503\032\011xA\341\026\200\353\305\344"
 1019      56A8331A 
 1019      097841E1 
 1019      1680EBC5 
 1019      E4
 1020 049b 22E3C63F 		.ascii	"\"\343\306??\336,q\3032\267\250p\213\300}\205I\017\343"
 1020      3FDE2C71 
 1020      C332B7A8 
 1020      708BC07D 
 1020      85490FE3 
 1021 04af CE8E4EF4 		.ascii	"\316\216N\364\006\213\234\333QA\277\317\013xY\341\226"
 1021      068B9CDB 
 1021      5141BFCF 
 1021      0B7859E1 
 1021      96
 1022 04c0 81BB8BC9 		.ascii	"\201\273\213\311\020\343<}\345-\234\230\317-\347[U\270"
 1022      10E33C7D 
 1022      E52D9C98 
 1022      CF2DE75B 
ARM GAS  /tmp/ccjId9iW.s 			page 38


 1022      55B8
 1023 04d2 55E0A630 		.ascii	"U\340\2460\231f\\\311\327\367\377\256\316\267\246pk"
 1023      99665CC9 
 1023      D7F7FFAE 
 1023      CEB7A670 
 1023      6B
 1024 04e3 C0CD63B2 		.ascii	"\300\315c\262\304\270#\266\371\336 U\276u\205[\007n"
 1024      C4B823B6 
 1024      F9DE2055 
 1024      BE75855B 
 1024      076E
 1025 04f5 1D13070F 		.ascii	"\035\023\007\017\\`\3145\037\244\312G\271\015\016\336"
 1025      5C60CC35 
 1025      1FA4CA47 
 1025      B90D0EDE 
 1026 0505 B9F4231C 		.ascii	"\271\364#\034\251a\334\332\343\325\022\255\230\257N"
 1026      A961DCDA 
 1026      E3D512AD 
 1026      98AF4E
 1027 0514 CE57A070 		.ascii	"\316W\240p\005\300Us\244\201q\237\227\266x\202T\371"
 1027      05C05573 
 1027      A481719F 
 1027      97B67882 
 1027      54F9
 1028 0526 EC0A6707 		.ascii	"\354\012g\007\256\236#\027\031\367\274\253\255\213S"
 1028      AE9E2317 
 1028      19F7BCAB 
 1028      AD8B53
 1029 0535 E573289C 		.ascii	"\345s(\234\003\270\323\034\351a\\m\305\211\207\274*"
 1029      03B8D31C 
 1029      E9615C6D 
 1029      C58987BC 
 1029      2A
 1030 0546 9F53E19C 		.ascii	"\237S\341\234\300]\340\310\020\343\036\1773\337!\365"
 1030      C05DE0C8 
 1030      10E31E7F 
 1030      33DF21F5 
 1031 0556 AF49CE57 		.ascii	"\257I\316W\254p\305\300\011\034\231f\\[}Cm\204*_\251"
 1031      AC70C5C0 
 1031      091C9966 
 1031      5C5B7D43 
 1031      6D842A5F 
 1032 056b C29502D7 		.ascii	"\302\225\002\327\317\221%\306\011\353\0135\021\252|"
 1032      CF9125C6 
 1032      09EB0B35 
 1032      11AA7C
 1033 057a E50A570E 		.ascii	"\345\012W\016\334\020G\034/\261w\260~\262C\253\312\347"
 1033      DC10471C 
 1033      2FB177B0 
 1033      7EB243AB 
 1033      CAE7
 1034 058c 5238F827 		.ascii	"R8\370'%\375>\364\217qC\336+~)_\253\234\257J\341\252"
 1034      25FD3EF4 
 1034      8F7143DE 
 1034      2B7E295F 
 1034      AB9CAF4A 
 1035 05a2 809B81FE 		.ascii	"\200\233\201\3761\256\373\306\312yu\276j\205\253\006"
ARM GAS  /tmp/ccjId9iW.s 			page 39


 1035      31AEFBC6 
 1035      CA7975BE 
 1035      6A85AB06 
 1036 05b2 6E09FAC7 		.ascii	"n\011\372\307\270\331\016[\264*^\215\202\325\000V\240"
 1036      B8D90E5B 
 1036      B42A5E8D 
 1036      82D50056 
 1036      A0
 1037 05c3 213D0CAB 		.ascii	"!=\014\253\357\2338\254S\305s+\234\033\2702\015\031"
 1037      EF9B38AC 
 1037      53C5732B 
 1037      9C1BB832 
 1037      0D19
 1038 05d5 62DC93FE 		.ascii	"b\334\223\3763+\342c\032\360\313\361<\012\347\001\316"
 1038      332BE263 
 1038      1AF0CBF1 
 1038      3C0AE701 
 1038      CE
 1039 05e6 AD21D38C 		.ascii	"\255!\323\214[\2508;\251U\305\253U\270Z\340\216k\310"
 1039      5BA8383B 
 1039      A955C5AB 
 1039      55B85AE0 
 1039      8E6BC8
 1040 05f9 12E37AAF 		.ascii	"\022\343z\257\256\227\253\037\277:\205\253\003\356\234"
 1040      AE97AB1F 
 1040      BF3A85AB 
 1040      03EE9C
 1041 0608 8638B4EC 		.ascii	"\2068\264\354\261\232x\360$D\225\317\253p^\340Z4\244"
 1041      B19A78F0 
 1041      244495CF 
 1041      AB705EE0 
 1041      5A34A4
 1042 061b 8671A3ED 		.ascii	"\206q\243\355\003K\"\027\030\222\363\371\024\316\007"
 1042      034B2217 
 1042      1892F3F9 
 1042      14CE07
 1043 062a 5CB78634 		.ascii	"\\\267\20640\316\333^\342W?~'\024\356\004p\003\032r"
 1043      30CEDB5E 
 1043      E2573F7E 
 1043      2714EE04 
 1043      70031A72 
 1044 063e 9171B7C7 		.ascii	"\221q\267\307\273\206\303T\371N*\334I\340F\240\177\214"
 1044      BB86C354 
 1044      F94E2ADC 
 1044      49E046A0 
 1044      7F8C
 1045 0650 1B3BDAE5 		.ascii	"\033;\332\345Q\277\036\247\024\356\024p\017\241\177"
 1045      51BF1EA7 
 1045      14EE1470 
 1045      0FA17F
 1046 065f 8C1BEFBC 		.ascii	"\214\033\357\274SG\304|\243r\276\323\012w\032\270\000"
 1046      5347C47C 
 1046      A372BED3 
 1046      0A771AB8 
 1046      00
 1047 0670 F48F7177 		.ascii	"\364\217qw\026\277\373J}\274g\025\356,pO\241\177\214"
 1047      16BFFB4A 
ARM GAS  /tmp/ccjId9iW.s 			page 40


 1047      7DBC6715 
 1047      EE2C704F 
 1047      A17F8C
 1048 0683 2B7CD4FD 		.ascii	"+|\324\375\237pU\276s\012w\0168\007O\034A\300\315\365"
 1048      9F7055BE 
 1048      730A770E 
 1048      38074F1C 
 1048      41C0CDF5 
 1049 0697 F87BD4FD 		.ascii	"\370{\324\375kT\270F\340*y\236\373\307\363\277>\341"
 1049      6B54B846 
 1049      E02A799E 
 1049      FBC7F3BF 
 1049      3EE1
 1050 06a9 94FFAD04 		.ascii	"\224\377\255\004\344\352\027\034\374\356\246&$\350\245"
 1050      E4EA171C 
 1050      FCEEA626 
 1050      24E8A5
 1051 06b8 3F79F9FA 		.ascii	"?y\371\372\314\274\234\234\274\\}\276\325d\261\036<"
 1051      CCBC9C9C 
 1051      BC5C7DBE 
 1051      D564B11E 
 1051      3C
 1052 06c9 A0FFC99E 		.ascii	"\240\377\311\236\335\031\273\017\261\321\003Y\331fK"
 1052      DD19BB0F 
 1052      B1D10359 
 1052      D9664B
 1053 06d8 BEFEBD8C 		.ascii	"\276\376\275\214\014}\246\305jH\310$\357\375\352\327"
 1053      0C7DA6C5 
 1053      6A48C824 
 1053      EFFDEAD7 
 1054 06e8 B1198634 		.ascii	"\261\031\2064\024)\335'\030\336}\327d\310\334\227\210"
 1054      1429DD27 
 1054      18DE7DD7 
 1054      64C8DC97 
 1054      88
 1055 06f9 C8C1AC5C 		.ascii	"\310\301\254\\kR\242\321\252\313\3146\233,F\223\305"
 1055      6B52A2D1 
 1055      AACBCC36 
 1055      9B2C4693 
 1055      C5
 1056 070a 6C0ACECA 		.ascii	"l\012\316\312\315\262\212W\341\342\225\325|H\272\015"
 1056      CDB28A57 
 1056      E1E295D5 
 1056      7C48BA0D 
 1057 071a CDCD332A 		.ascii	"\315\3153*\265_\352?\312\3131\353sL\237\230r\367\353"
 1057      B55FEA3F 
 1057      CACB31EB 
 1057      734C9F98 
 1057      72F7EB
 1058 072d 333FCAFA 		.ascii	"3?\312\372}V^~\374\307y\226\375\371\007L\231f}\006\033"
 1058      7D565E7E 
 1058      FCC77996 
 1058      FDF9074C 
 1058      99667D06 
 1059 0742 797FAF7E 		.ascii	"y\177\257~\2379\007\262\356\375`wR\242~\317\007\361"
 1059      9F3907B2 
 1059      EEFD6077 
ARM GAS  /tmp/ccjId9iW.s 			page 41


 1059      52A27ECF 
 1059      07F1
 1060 0754 E2C5CF93 		.ascii	"\342\305\317\223w\245\305\377\364\027{3\336\377\315"
 1060      77A5C5FF 
 1060      F4177B33 
 1060      DEFFCD
 1061 0763 CFF6FC16 		.ascii	"\317\366\374\026\245\375\177\273B\021\026S\316\213@"
 1061      A5FD7FBB 
 1061      42111653 
 1061      CE8B40
 1062 0772 46ABC690 		.ascii	"F\253\306\220\212\202M\226\234?\247\231\343s\220.3\317"
 1062      8A824D96 
 1062      9C3FA799 
 1062      E373902E 
 1062      33CF
 1063 0784 02D1E373 		.ascii	"\002\321\343s\222Q\210\321\0107f\221\345?6\233\366\207"
 1063      925188D1 
 1063      08376691 
 1063      E53F369B 
 1063      F687
 1064 0796 1A8DB0DB 		.ascii	"\032\215\260\333\354O\304\021\250f\233\254R5\334h\334"
 1064      EC4FC411 
 1064      A8669BAC 
 1064      5235DC68 
 1064      DC
 1065 07a7 67FE83E9 		.ascii	"g\376\203\351`\266\325h>\224e%\271`\263\036\264\344"
 1065      60B6D568 
 1065      3E946525 
 1065      B960B31E 
 1065      B4E4
 1066 07b9 461AA585 		.ascii	"F\032\245\205\330\212l\261\374`\345*\332\310Fw\031_"
 1066      D88A6CB1 
 1066      FC60E52A 
 1066      DAC84677 
 1066      195F
 1067 07cb F4CA18B6 		.ascii	"\364\312\030\266y"
 1067      79
 1068 07d0 C8182EDF 		.ascii	"\310\030.\337I\0356F\310\267\271yRY\362\033\266\373"
 1068      491D3646 
 1068      C8B7B979 
 1068      5259F21B 
 1068      B6FB
 1069 07e2 0D2ABF41 		.ascii	"\015*\277A\3557l\361'n\367'\252\374\211j\177\342\026"
 1069      ED376CF1 
 1069      276EF727 
 1069      AAFC896A 
 1069      7FE216
 1070 07f5 7FD2767F 		.ascii	"\177\322v\177\222\312\237\244\366'm\361'o\367'\253\374"
 1070      92CA9FA4 
 1070      F6276DF1 
 1070      276FF727 
 1070      ABFC
 1071 0807 C96A7FF2 		.ascii	"\311j\177\362\026\177\312v\177\212\312\237\242\366\247"
 1071      167FCA76 
 1071      7F8ACA9F 
 1071      A2F6A7
 1072 0816 6CF1A76E 		.ascii	"l\361\247n\367\247\252\374\251j\177\352\026\177\332"
ARM GAS  /tmp/ccjId9iW.s 			page 42


 1072      F7A7AAFC 
 1072      A96A7FEA 
 1072      167FDA
 1073 0825 767F9ACA 		.ascii	"v\177\232\312\237\246\366\247)\376\377\002\250\024\\"
 1073      9FA6F6A7 
 1073      29FEFF02 
 1073      A8145C
 1074 0834 80       		.ascii	"\200"
 1075              		.text
 1076              		.section	.gnu.lto_.symtab.b00f2efda7a1b9cc,"e",%progbits
 1077 0000 5F5F636F 		.ascii	"__core_init\000"
 1077      72655F69 
 1077      6E697400 
 1078 000c 00       		.ascii	"\000"
 1079 000d 01       		.ascii	"\001"
 1080 000e 00       		.ascii	"\000"
 1081 000f 00000000 		.ascii	"\000\000\000\000\000\000\000\000"
 1081      00000000 
 1082 0017 DA000000 		.ascii	"\332\000\000\000"
 1083 001b 5F5F6561 		.ascii	"__early_init\000"
 1083      726C795F 
 1083      696E6974 
 1083      00
 1084 0028 00       		.ascii	"\000"
 1085 0029 01       		.ascii	"\001"
 1086 002a 00       		.ascii	"\000"
 1087 002b 00000000 		.ascii	"\000\000\000\000\000\000\000\000"
 1087      00000000 
 1088 0033 DD000000 		.ascii	"\335\000\000\000"
 1089 0037 5F5F6C61 		.ascii	"__late_init\000"
 1089      74655F69 
 1089      6E697400 
 1090 0043 00       		.ascii	"\000"
 1091 0044 01       		.ascii	"\001"
 1092 0045 00       		.ascii	"\000"
 1093 0046 00000000 		.ascii	"\000\000\000\000\000\000\000\000"
 1093      00000000 
 1094 004e E0000000 		.ascii	"\340\000\000\000"
 1095 0052 5F5F6465 		.ascii	"__default_exit\000"
 1095      6661756C 
 1095      745F6578 
 1095      697400
 1096 0061 00       		.ascii	"\000"
 1097 0062 01       		.ascii	"\001"
 1098 0063 00       		.ascii	"\000"
 1099 0064 00000000 		.ascii	"\000\000\000\000\000\000\000\000"
 1099      00000000 
 1100 006c E5000000 		.ascii	"\345\000\000\000"
 1101 0070 5F5F696E 		.ascii	"__init_ram_areas\000"
 1101      69745F72 
 1101      616D5F61 
 1101      72656173 
 1101      00
 1102 0081 00       		.ascii	"\000"
 1103 0082 00       		.ascii	"\000"
 1104 0083 00       		.ascii	"\000"
 1105 0084 00000000 		.ascii	"\000\000\000\000\000\000\000\000"
ARM GAS  /tmp/ccjId9iW.s 			page 43


 1105      00000000 
 1106 008c E7000000 		.ascii	"\347\000\000\000"
 1107 0090 5F5F7261 		.ascii	"__ram0_init_text__\000"
 1107      6D305F69 
 1107      6E69745F 
 1107      74657874 
 1107      5F5F00
 1108 00a3 00       		.ascii	"\000"
 1109 00a4 02       		.ascii	"\002"
 1110 00a5 00       		.ascii	"\000"
 1111 00a6 00000000 		.ascii	"\000\000\000\000\000\000\000\000"
 1111      00000000 
 1112 00ae F2000000 		.ascii	"\362\000\000\000"
 1113 00b2 5F5F7261 		.ascii	"__ram0_init__\000"
 1113      6D305F69 
 1113      6E69745F 
 1113      5F00
 1114 00c0 00       		.ascii	"\000"
 1115 00c1 02       		.ascii	"\002"
 1116 00c2 00       		.ascii	"\000"
 1117 00c3 00000000 		.ascii	"\000\000\000\000\000\000\000\000"
 1117      00000000 
 1118 00cb F4000000 		.ascii	"\364\000\000\000"
 1119 00cf 5F5F7261 		.ascii	"__ram0_clear__\000"
 1119      6D305F63 
 1119      6C656172 
 1119      5F5F00
 1120 00de 00       		.ascii	"\000"
 1121 00df 02       		.ascii	"\002"
 1122 00e0 00       		.ascii	"\000"
 1123 00e1 00000000 		.ascii	"\000\000\000\000\000\000\000\000"
 1123      00000000 
 1124 00e9 F6000000 		.ascii	"\366\000\000\000"
 1125 00ed 5F5F7261 		.ascii	"__ram0_noinit__\000"
 1125      6D305F6E 
 1125      6F696E69 
 1125      745F5F00 
 1126 00fd 00       		.ascii	"\000"
 1127 00fe 02       		.ascii	"\002"
 1128 00ff 00       		.ascii	"\000"
 1129 0100 00000000 		.ascii	"\000\000\000\000\000\000\000\000"
 1129      00000000 
 1130 0108 F8000000 		.ascii	"\370\000\000\000"
 1131 010c 5F5F7261 		.ascii	"__ram1_init_text__\000"
 1131      6D315F69 
 1131      6E69745F 
 1131      74657874 
 1131      5F5F00
 1132 011f 00       		.ascii	"\000"
 1133 0120 02       		.ascii	"\002"
 1134 0121 00       		.ascii	"\000"
 1135 0122 00000000 		.ascii	"\000\000\000\000\000\000\000\000"
 1135      00000000 
 1136 012a FA000000 		.ascii	"\372\000\000\000"
 1137 012e 5F5F7261 		.ascii	"__ram1_init__\000"
 1137      6D315F69 
 1137      6E69745F 
ARM GAS  /tmp/ccjId9iW.s 			page 44


 1137      5F00
 1138 013c 00       		.ascii	"\000"
 1139 013d 02       		.ascii	"\002"
 1140 013e 00       		.ascii	"\000"
 1141 013f 00000000 		.ascii	"\000\000\000\000\000\000\000\000"
 1141      00000000 
 1142 0147 FC000000 		.ascii	"\374\000\000\000"
 1143 014b 5F5F7261 		.ascii	"__ram1_clear__\000"
 1143      6D315F63 
 1143      6C656172 
 1143      5F5F00
 1144 015a 00       		.ascii	"\000"
 1145 015b 02       		.ascii	"\002"
 1146 015c 00       		.ascii	"\000"
 1147 015d 00000000 		.ascii	"\000\000\000\000\000\000\000\000"
 1147      00000000 
 1148 0165 FE000000 		.ascii	"\376\000\000\000"
 1149 0169 5F5F7261 		.ascii	"__ram1_noinit__\000"
 1149      6D315F6E 
 1149      6F696E69 
 1149      745F5F00 
 1150 0179 00       		.ascii	"\000"
 1151 017a 02       		.ascii	"\002"
 1152 017b 00       		.ascii	"\000"
 1153 017c 00000000 		.ascii	"\000\000\000\000\000\000\000\000"
 1153      00000000 
 1154 0184 00010000 		.ascii	"\000\001\000\000"
 1155 0188 5F5F7261 		.ascii	"__ram2_init_text__\000"
 1155      6D325F69 
 1155      6E69745F 
 1155      74657874 
 1155      5F5F00
 1156 019b 00       		.ascii	"\000"
 1157 019c 02       		.ascii	"\002"
 1158 019d 00       		.ascii	"\000"
 1159 019e 00000000 		.ascii	"\000\000\000\000\000\000\000\000"
 1159      00000000 
 1160 01a6 02010000 		.ascii	"\002\001\000\000"
 1161 01aa 5F5F7261 		.ascii	"__ram2_init__\000"
 1161      6D325F69 
 1161      6E69745F 
 1161      5F00
 1162 01b8 00       		.ascii	"\000"
 1163 01b9 02       		.ascii	"\002"
 1164 01ba 00       		.ascii	"\000"
 1165 01bb 00000000 		.ascii	"\000\000\000\000\000\000\000\000"
 1165      00000000 
 1166 01c3 04010000 		.ascii	"\004\001\000\000"
 1167 01c7 5F5F7261 		.ascii	"__ram2_clear__\000"
 1167      6D325F63 
 1167      6C656172 
 1167      5F5F00
 1168 01d6 00       		.ascii	"\000"
 1169 01d7 02       		.ascii	"\002"
 1170 01d8 00       		.ascii	"\000"
 1171 01d9 00000000 		.ascii	"\000\000\000\000\000\000\000\000"
 1171      00000000 
ARM GAS  /tmp/ccjId9iW.s 			page 45


 1172 01e1 06010000 		.ascii	"\006\001\000\000"
 1173 01e5 5F5F7261 		.ascii	"__ram2_noinit__\000"
 1173      6D325F6E 
 1173      6F696E69 
 1173      745F5F00 
 1174 01f5 00       		.ascii	"\000"
 1175 01f6 02       		.ascii	"\002"
 1176 01f7 00       		.ascii	"\000"
 1177 01f8 00000000 		.ascii	"\000\000\000\000\000\000\000\000"
 1177      00000000 
 1178 0200 08010000 		.ascii	"\010\001\000\000"
 1179 0204 5F5F7261 		.ascii	"__ram3_init_text__\000"
 1179      6D335F69 
 1179      6E69745F 
 1179      74657874 
 1179      5F5F00
 1180 0217 00       		.ascii	"\000"
 1181 0218 02       		.ascii	"\002"
 1182 0219 00       		.ascii	"\000"
 1183 021a 00000000 		.ascii	"\000\000\000\000\000\000\000\000"
 1183      00000000 
 1184 0222 0A010000 		.ascii	"\012\001\000\000"
 1185 0226 5F5F7261 		.ascii	"__ram3_init__\000"
 1185      6D335F69 
 1185      6E69745F 
 1185      5F00
 1186 0234 00       		.ascii	"\000"
 1187 0235 02       		.ascii	"\002"
 1188 0236 00       		.ascii	"\000"
 1189 0237 00000000 		.ascii	"\000\000\000\000\000\000\000\000"
 1189      00000000 
 1190 023f 0C010000 		.ascii	"\014\001\000\000"
 1191 0243 5F5F7261 		.ascii	"__ram3_clear__\000"
 1191      6D335F63 
 1191      6C656172 
 1191      5F5F00
 1192 0252 00       		.ascii	"\000"
 1193 0253 02       		.ascii	"\002"
 1194 0254 00       		.ascii	"\000"
 1195 0255 00000000 		.ascii	"\000\000\000\000\000\000\000\000"
 1195      00000000 
 1196 025d 0E010000 		.ascii	"\016\001\000\000"
 1197 0261 5F5F7261 		.ascii	"__ram3_noinit__\000"
 1197      6D335F6E 
 1197      6F696E69 
 1197      745F5F00 
 1198 0271 00       		.ascii	"\000"
 1199 0272 02       		.ascii	"\002"
 1200 0273 00       		.ascii	"\000"
 1201 0274 00000000 		.ascii	"\000\000\000\000\000\000\000\000"
 1201      00000000 
 1202 027c 10010000 		.ascii	"\020\001\000\000"
 1203 0280 5F5F7261 		.ascii	"__ram4_init_text__\000"
 1203      6D345F69 
 1203      6E69745F 
 1203      74657874 
 1203      5F5F00
ARM GAS  /tmp/ccjId9iW.s 			page 46


 1204 0293 00       		.ascii	"\000"
 1205 0294 02       		.ascii	"\002"
 1206 0295 00       		.ascii	"\000"
 1207 0296 00000000 		.ascii	"\000\000\000\000\000\000\000\000"
 1207      00000000 
 1208 029e 12010000 		.ascii	"\022\001\000\000"
 1209 02a2 5F5F7261 		.ascii	"__ram4_init__\000"
 1209      6D345F69 
 1209      6E69745F 
 1209      5F00
 1210 02b0 00       		.ascii	"\000"
 1211 02b1 02       		.ascii	"\002"
 1212 02b2 00       		.ascii	"\000"
 1213 02b3 00000000 		.ascii	"\000\000\000\000\000\000\000\000"
 1213      00000000 
 1214 02bb 14010000 		.ascii	"\024\001\000\000"
 1215 02bf 5F5F7261 		.ascii	"__ram4_clear__\000"
 1215      6D345F63 
 1215      6C656172 
 1215      5F5F00
 1216 02ce 00       		.ascii	"\000"
 1217 02cf 02       		.ascii	"\002"
 1218 02d0 00       		.ascii	"\000"
 1219 02d1 00000000 		.ascii	"\000\000\000\000\000\000\000\000"
 1219      00000000 
 1220 02d9 16010000 		.ascii	"\026\001\000\000"
 1221 02dd 5F5F7261 		.ascii	"__ram4_noinit__\000"
 1221      6D345F6E 
 1221      6F696E69 
 1221      745F5F00 
 1222 02ed 00       		.ascii	"\000"
 1223 02ee 02       		.ascii	"\002"
 1224 02ef 00       		.ascii	"\000"
 1225 02f0 00000000 		.ascii	"\000\000\000\000\000\000\000\000"
 1225      00000000 
 1226 02f8 18010000 		.ascii	"\030\001\000\000"
 1227 02fc 5F5F7261 		.ascii	"__ram5_init_text__\000"
 1227      6D355F69 
 1227      6E69745F 
 1227      74657874 
 1227      5F5F00
 1228 030f 00       		.ascii	"\000"
 1229 0310 02       		.ascii	"\002"
 1230 0311 00       		.ascii	"\000"
 1231 0312 00000000 		.ascii	"\000\000\000\000\000\000\000\000"
 1231      00000000 
 1232 031a 1A010000 		.ascii	"\032\001\000\000"
 1233 031e 5F5F7261 		.ascii	"__ram5_init__\000"
 1233      6D355F69 
 1233      6E69745F 
 1233      5F00
 1234 032c 00       		.ascii	"\000"
 1235 032d 02       		.ascii	"\002"
 1236 032e 00       		.ascii	"\000"
 1237 032f 00000000 		.ascii	"\000\000\000\000\000\000\000\000"
 1237      00000000 
 1238 0337 1C010000 		.ascii	"\034\001\000\000"
ARM GAS  /tmp/ccjId9iW.s 			page 47


 1239 033b 5F5F7261 		.ascii	"__ram5_clear__\000"
 1239      6D355F63 
 1239      6C656172 
 1239      5F5F00
 1240 034a 00       		.ascii	"\000"
 1241 034b 02       		.ascii	"\002"
 1242 034c 00       		.ascii	"\000"
 1243 034d 00000000 		.ascii	"\000\000\000\000\000\000\000\000"
 1243      00000000 
 1244 0355 1E010000 		.ascii	"\036\001\000\000"
 1245 0359 5F5F7261 		.ascii	"__ram5_noinit__\000"
 1245      6D355F6E 
 1245      6F696E69 
 1245      745F5F00 
 1246 0369 00       		.ascii	"\000"
 1247 036a 02       		.ascii	"\002"
 1248 036b 00       		.ascii	"\000"
 1249 036c 00000000 		.ascii	"\000\000\000\000\000\000\000\000"
 1249      00000000 
 1250 0374 20010000 		.ascii	" \001\000\000"
 1251 0378 5F5F7261 		.ascii	"__ram6_init_text__\000"
 1251      6D365F69 
 1251      6E69745F 
 1251      74657874 
 1251      5F5F00
 1252 038b 00       		.ascii	"\000"
 1253 038c 02       		.ascii	"\002"
 1254 038d 00       		.ascii	"\000"
 1255 038e 00000000 		.ascii	"\000\000\000\000\000\000\000\000"
 1255      00000000 
 1256 0396 22010000 		.ascii	"\"\001\000\000"
 1257 039a 5F5F7261 		.ascii	"__ram6_init__\000"
 1257      6D365F69 
 1257      6E69745F 
 1257      5F00
 1258 03a8 00       		.ascii	"\000"
 1259 03a9 02       		.ascii	"\002"
 1260 03aa 00       		.ascii	"\000"
 1261 03ab 00000000 		.ascii	"\000\000\000\000\000\000\000\000"
 1261      00000000 
 1262 03b3 24010000 		.ascii	"$\001\000\000"
 1263 03b7 5F5F7261 		.ascii	"__ram6_clear__\000"
 1263      6D365F63 
 1263      6C656172 
 1263      5F5F00
 1264 03c6 00       		.ascii	"\000"
 1265 03c7 02       		.ascii	"\002"
 1266 03c8 00       		.ascii	"\000"
 1267 03c9 00000000 		.ascii	"\000\000\000\000\000\000\000\000"
 1267      00000000 
 1268 03d1 26010000 		.ascii	"&\001\000\000"
 1269 03d5 5F5F7261 		.ascii	"__ram6_noinit__\000"
 1269      6D365F6E 
 1269      6F696E69 
 1269      745F5F00 
 1270 03e5 00       		.ascii	"\000"
 1271 03e6 02       		.ascii	"\002"
ARM GAS  /tmp/ccjId9iW.s 			page 48


 1272 03e7 00       		.ascii	"\000"
 1273 03e8 00000000 		.ascii	"\000\000\000\000\000\000\000\000"
 1273      00000000 
 1274 03f0 28010000 		.ascii	"(\001\000\000"
 1275 03f4 5F5F7261 		.ascii	"__ram7_init_text__\000"
 1275      6D375F69 
 1275      6E69745F 
 1275      74657874 
 1275      5F5F00
 1276 0407 00       		.ascii	"\000"
 1277 0408 02       		.ascii	"\002"
 1278 0409 00       		.ascii	"\000"
 1279 040a 00000000 		.ascii	"\000\000\000\000\000\000\000\000"
 1279      00000000 
 1280 0412 2A010000 		.ascii	"*\001\000\000"
 1281 0416 5F5F7261 		.ascii	"__ram7_init__\000"
 1281      6D375F69 
 1281      6E69745F 
 1281      5F00
 1282 0424 00       		.ascii	"\000"
 1283 0425 02       		.ascii	"\002"
 1284 0426 00       		.ascii	"\000"
 1285 0427 00000000 		.ascii	"\000\000\000\000\000\000\000\000"
 1285      00000000 
 1286 042f 2C010000 		.ascii	",\001\000\000"
 1287 0433 5F5F7261 		.ascii	"__ram7_clear__\000"
 1287      6D375F63 
 1287      6C656172 
 1287      5F5F00
 1288 0442 00       		.ascii	"\000"
 1289 0443 02       		.ascii	"\002"
 1290 0444 00       		.ascii	"\000"
 1291 0445 00000000 		.ascii	"\000\000\000\000\000\000\000\000"
 1291      00000000 
 1292 044d 2E010000 		.ascii	".\001\000\000"
 1293 0451 5F5F7261 		.ascii	"__ram7_noinit__\000"
 1293      6D375F6E 
 1293      6F696E69 
 1293      745F5F00 
 1294 0461 00       		.ascii	"\000"
 1295 0462 02       		.ascii	"\002"
 1296 0463 00       		.ascii	"\000"
 1297 0464 00000000 		.ascii	"\000\000\000\000\000\000\000\000"
 1297      00000000 
 1298 046c 30010000 		.ascii	"0\001\000\000"
 1299              		.text
 1300              		.section	.gnu.lto_.ext_symtab.b00f2efda7a1b9cc,"e",%progbits
 1301 0000 01       		.ascii	"\001"
 1302 0001 01       		.ascii	"\001"
 1303 0002 00       		.ascii	"\000"
 1304 0003 01       		.ascii	"\001"
 1305 0004 00       		.ascii	"\000"
 1306 0005 01       		.ascii	"\001"
 1307 0006 00       		.ascii	"\000"
 1308 0007 01       		.ascii	"\001"
 1309 0008 00       		.ascii	"\000"
 1310 0009 01       		.ascii	"\001"
ARM GAS  /tmp/ccjId9iW.s 			page 49


 1311 000a 00       		.ascii	"\000"
 1312 000b 02       		.ascii	"\002"
 1313 000c 01       		.ascii	"\001"
 1314 000d 02       		.ascii	"\002"
 1315 000e 01       		.ascii	"\001"
 1316 000f 02       		.ascii	"\002"
 1317 0010 01       		.ascii	"\001"
 1318 0011 02       		.ascii	"\002"
 1319 0012 01       		.ascii	"\001"
 1320 0013 02       		.ascii	"\002"
 1321 0014 01       		.ascii	"\001"
 1322 0015 02       		.ascii	"\002"
 1323 0016 01       		.ascii	"\001"
 1324 0017 02       		.ascii	"\002"
 1325 0018 01       		.ascii	"\001"
 1326 0019 02       		.ascii	"\002"
 1327 001a 01       		.ascii	"\001"
 1328 001b 02       		.ascii	"\002"
 1329 001c 01       		.ascii	"\001"
 1330 001d 02       		.ascii	"\002"
 1331 001e 01       		.ascii	"\001"
 1332 001f 02       		.ascii	"\002"
 1333 0020 01       		.ascii	"\001"
 1334 0021 02       		.ascii	"\002"
 1335 0022 01       		.ascii	"\001"
 1336 0023 02       		.ascii	"\002"
 1337 0024 01       		.ascii	"\001"
 1338 0025 02       		.ascii	"\002"
 1339 0026 01       		.ascii	"\001"
 1340 0027 02       		.ascii	"\002"
 1341 0028 01       		.ascii	"\001"
 1342 0029 02       		.ascii	"\002"
 1343 002a 01       		.ascii	"\001"
 1344 002b 02       		.ascii	"\002"
 1345 002c 01       		.ascii	"\001"
 1346 002d 02       		.ascii	"\002"
 1347 002e 01       		.ascii	"\001"
 1348 002f 02       		.ascii	"\002"
 1349 0030 01       		.ascii	"\001"
 1350 0031 02       		.ascii	"\002"
 1351 0032 01       		.ascii	"\001"
 1352 0033 02       		.ascii	"\002"
 1353 0034 01       		.ascii	"\001"
 1354 0035 02       		.ascii	"\002"
 1355 0036 01       		.ascii	"\001"
 1356 0037 02       		.ascii	"\002"
 1357 0038 01       		.ascii	"\001"
 1358 0039 02       		.ascii	"\002"
 1359 003a 01       		.ascii	"\001"
 1360 003b 02       		.ascii	"\002"
 1361 003c 01       		.ascii	"\001"
 1362 003d 02       		.ascii	"\002"
 1363 003e 01       		.ascii	"\001"
 1364 003f 02       		.ascii	"\002"
 1365 0040 01       		.ascii	"\001"
 1366 0041 02       		.ascii	"\002"
 1367 0042 01       		.ascii	"\001"
ARM GAS  /tmp/ccjId9iW.s 			page 50


 1368 0043 02       		.ascii	"\002"
 1369 0044 01       		.ascii	"\001"
 1370 0045 02       		.ascii	"\002"
 1371 0046 01       		.ascii	"\001"
 1372 0047 02       		.ascii	"\002"
 1373 0048 01       		.ascii	"\001"
 1374 0049 02       		.ascii	"\002"
 1375 004a 01       		.ascii	"\001"
 1376              		.text
 1377              		.section	.gnu.lto_.opts,"e",%progbits
 1378 0000 272D666E 		.ascii	"'-fno-openmp' '-fno-openacc' '-fno-pie' '-fcf-prote"
 1378      6F2D6F70 
 1378      656E6D70 
 1378      2720272D 
 1378      666E6F2D 
 1379 0033 6374696F 		.ascii	"ction=none' '-g' '-mcpu=cortex-m4' '-mthumb' '-mflo"
 1379      6E3D6E6F 
 1379      6E652720 
 1379      272D6727 
 1379      20272D6D 
 1380 0066 61742D61 		.ascii	"at-abi=soft' '-mlibarch=armv7e-m' '-march=armv7e-m'"
 1380      62693D73 
 1380      6F667427 
 1380      20272D6D 
 1380      6C696261 
 1381 0099 20272D4F 		.ascii	" '-O2' '-fomit-frame-pointer' '-falign-functions=16"
 1381      32272027 
 1381      2D666F6D 
 1381      69742D66 
 1381      72616D65 
 1382 00cc 2720272D 		.ascii	"' '-ffunction-sections' '-fdata-sections' '-fno-com"
 1382      6666756E 
 1382      6374696F 
 1382      6E2D7365 
 1382      6374696F 
 1383 00ff 6D6F6E27 		.ascii	"mon' '-flto' '-Xassembler' '-alms=./build/lst/crt1."
 1383      20272D66 
 1383      6C746F27 
 1383      20272D58 
 1383      61737365 
 1384 0132 6C737427 		.ascii	"lst'\000"
 1384      00
 1385              		.text
 1386              		.comm	__gnu_lto_slim,1,1
 1387              		.ident	"GCC: (15:13.2.rel1-2) 13.2.1 20231009"
ARM GAS  /tmp/ccjId9iW.s 			page 51


DEFINED SYMBOLS
                            *ABS*:00000000 crt1.c
     /tmp/ccjId9iW.s:20     .gnu.debuglto_.debug_info:00000000 crt1.c.188a1cd2
                            *COM*:00000001 __gnu_lto_slim

NO UNDEFINED SYMBOLS
