ARM GAS  /tmp/ccFdQVIA.s 			page 1


   1              		.cpu cortex-m4
   2              		.arch armv7e-m
   3              		.fpu softvfp
   4              		.eabi_attribute 20, 1
   5              		.eabi_attribute 21, 1
   6              		.eabi_attribute 23, 3
   7              		.eabi_attribute 24, 1
   8              		.eabi_attribute 25, 1
   9              		.eabi_attribute 26, 1
  10              		.eabi_attribute 30, 2
  11              		.eabi_attribute 34, 1
  12              		.eabi_attribute 18, 4
  13              		.file	"hal.c"
  14              		.file 1 "../../../os/hal/include/hal_st.h"
  15              		.file 2 "../../../os/hal/boards/ST_STM32F4_DISCOVERY/board.h"
  16              		.file 3 "../../../os/hal/include/hal_serial.h"
  17              		.file 4 "../../../os/hal/ports/STM32/LLD/GPIOv2/hal_pal_lld.h"
  18              		.file 5 "../../../os/hal/ports/STM32/STM32F4xx/hal_lld_type1.h"
  19              		.file 6 "../../../os/hal/src/hal.c"
  20              		.file 7 "../../../os/hal/osal/rt/osal.h"
  21              		.section	.gnu.debuglto_.debug_info,"e",%progbits
  22              	.Ldebug_info0:
  23              		.hidden	hal.c.83343e8e
  24              		.weak	hal.c.83343e8e
  25              	hal.c.83343e8e:
  26 0000 AF000000 		.4byte	0xaf
  27 0004 0500     		.2byte	0x5
  28 0006 01       		.byte	0x1
  29 0007 04       		.byte	0x4
  30 0008 00000000 		.4byte	.Ldebug_abbrev0
  31 000c 03       		.uleb128 0x3
  32 000d C0000000 		.4byte	.LASF17
  33 0011 1D       		.byte	0x1d
  34 0012 2E000000 		.4byte	.LASF18
  35 0016 91010000 		.4byte	.LASF19
  36 001a 00000000 		.4byte	.Ldebug_line0
  37 001e 04       		.uleb128 0x4
  38 001f 04       		.byte	0x4
  39 0020 05       		.byte	0x5
  40 0021 696E7400 		.ascii	"int\000"
  41 0025 01       		.uleb128 0x1
  42 0026 04       		.byte	0x4
  43 0027 07       		.byte	0x7
  44 0028 21000000 		.4byte	.LASF0
  45 002c 01       		.uleb128 0x1
  46 002d 08       		.byte	0x8
  47 002e 05       		.byte	0x5
  48 002f 00000000 		.4byte	.LASF1
  49 0033 01       		.uleb128 0x1
  50 0034 08       		.byte	0x8
  51 0035 04       		.byte	0x4
  52 0036 E4010000 		.4byte	.LASF2
  53 003a 01       		.uleb128 0x1
  54 003b 01       		.byte	0x1
  55 003c 06       		.byte	0x6
  56 003d 85010000 		.4byte	.LASF3
  57 0041 01       		.uleb128 0x1
ARM GAS  /tmp/ccFdQVIA.s 			page 2


  58 0042 02       		.byte	0x2
  59 0043 05       		.byte	0x5
  60 0044 9C000000 		.4byte	.LASF4
  61 0048 01       		.uleb128 0x1
  62 0049 04       		.byte	0x4
  63 004a 05       		.byte	0x5
  64 004b 8B000000 		.4byte	.LASF5
  65 004f 01       		.uleb128 0x1
  66 0050 01       		.byte	0x1
  67 0051 08       		.byte	0x8
  68 0052 78000000 		.4byte	.LASF6
  69 0056 01       		.uleb128 0x1
  70 0057 02       		.byte	0x2
  71 0058 07       		.byte	0x7
  72 0059 0E000000 		.4byte	.LASF7
  73 005d 01       		.uleb128 0x1
  74 005e 04       		.byte	0x4
  75 005f 07       		.byte	0x7
  76 0060 4F000000 		.4byte	.LASF8
  77 0064 01       		.uleb128 0x1
  78 0065 08       		.byte	0x8
  79 0066 07       		.byte	0x7
  80 0067 61000000 		.4byte	.LASF9
  81 006b 01       		.uleb128 0x1
  82 006c 01       		.byte	0x1
  83 006d 08       		.byte	0x8
  84 006e 86000000 		.4byte	.LASF10
  85 0072 01       		.uleb128 0x1
  86 0073 01       		.byte	0x1
  87 0074 02       		.byte	0x2
  88 0075 AD000000 		.4byte	.LASF11
  89 0079 05       		.uleb128 0x5
  90 007a 48000000 		.4byte	.LASF12
  91 007e 01       		.byte	0x1
  92 007f 56       		.byte	0x56
  93 0080 08       		.byte	0x8
  94 0081 02       		.uleb128 0x2
  95 0082 7B010000 		.4byte	.LASF13
  96 0086 02       		.byte	0x2
  97 0087 4805     		.2byte	0x548
  98 0089 02       		.uleb128 0x2
  99 008a A6000000 		.4byte	.LASF14
 100 008e 03       		.byte	0x3
 101 008f 2201     		.2byte	0x122
 102 0091 02       		.uleb128 0x2
 103 0092 F0010000 		.4byte	.LASF15
 104 0096 04       		.byte	0x4
 105 0097 F201     		.2byte	0x1f2
 106 0099 02       		.uleb128 0x2
 107 009a B3000000 		.4byte	.LASF16
 108 009e 05       		.byte	0x5
 109 009f B407     		.2byte	0x7b4
 110 00a1 06       		.uleb128 0x6
 111 00a2 94000000 		.4byte	.LASF20
 112 00a6 06       		.byte	0x6
 113 00a7 38       		.byte	0x38
 114 00a8 06       		.byte	0x6
ARM GAS  /tmp/ccFdQVIA.s 			page 3


 115 00a9 07       		.uleb128 0x7
 116 00aa DB010000 		.4byte	.LASF21
 117 00ae 07       		.byte	0x7
 118 00af D301     		.2byte	0x1d3
 119 00b1 14       		.byte	0x14
 120 00b2 00       		.byte	0
 121              		.section	.gnu.debuglto_.debug_abbrev,"e",%progbits
 122              	.Ldebug_abbrev0:
 123 0000 01       		.uleb128 0x1
 124 0001 24       		.uleb128 0x24
 125 0002 00       		.byte	0
 126 0003 0B       		.uleb128 0xb
 127 0004 0B       		.uleb128 0xb
 128 0005 3E       		.uleb128 0x3e
 129 0006 0B       		.uleb128 0xb
 130 0007 03       		.uleb128 0x3
 131 0008 0E       		.uleb128 0xe
 132 0009 00       		.byte	0
 133 000a 00       		.byte	0
 134 000b 02       		.uleb128 0x2
 135 000c 2E       		.uleb128 0x2e
 136 000d 00       		.byte	0
 137 000e 3F       		.uleb128 0x3f
 138 000f 19       		.uleb128 0x19
 139 0010 03       		.uleb128 0x3
 140 0011 0E       		.uleb128 0xe
 141 0012 3A       		.uleb128 0x3a
 142 0013 0B       		.uleb128 0xb
 143 0014 3B       		.uleb128 0x3b
 144 0015 05       		.uleb128 0x5
 145 0016 39       		.uleb128 0x39
 146 0017 21       		.uleb128 0x21
 147 0018 08       		.sleb128 8
 148 0019 27       		.uleb128 0x27
 149 001a 19       		.uleb128 0x19
 150 001b 3C       		.uleb128 0x3c
 151 001c 19       		.uleb128 0x19
 152 001d 00       		.byte	0
 153 001e 00       		.byte	0
 154 001f 03       		.uleb128 0x3
 155 0020 11       		.uleb128 0x11
 156 0021 01       		.byte	0x1
 157 0022 25       		.uleb128 0x25
 158 0023 0E       		.uleb128 0xe
 159 0024 13       		.uleb128 0x13
 160 0025 0B       		.uleb128 0xb
 161 0026 03       		.uleb128 0x3
 162 0027 0E       		.uleb128 0xe
 163 0028 1B       		.uleb128 0x1b
 164 0029 0E       		.uleb128 0xe
 165 002a 10       		.uleb128 0x10
 166 002b 17       		.uleb128 0x17
 167 002c 00       		.byte	0
 168 002d 00       		.byte	0
 169 002e 04       		.uleb128 0x4
 170 002f 24       		.uleb128 0x24
 171 0030 00       		.byte	0
ARM GAS  /tmp/ccFdQVIA.s 			page 4


 172 0031 0B       		.uleb128 0xb
 173 0032 0B       		.uleb128 0xb
 174 0033 3E       		.uleb128 0x3e
 175 0034 0B       		.uleb128 0xb
 176 0035 03       		.uleb128 0x3
 177 0036 08       		.uleb128 0x8
 178 0037 00       		.byte	0
 179 0038 00       		.byte	0
 180 0039 05       		.uleb128 0x5
 181 003a 2E       		.uleb128 0x2e
 182 003b 00       		.byte	0
 183 003c 3F       		.uleb128 0x3f
 184 003d 19       		.uleb128 0x19
 185 003e 03       		.uleb128 0x3
 186 003f 0E       		.uleb128 0xe
 187 0040 3A       		.uleb128 0x3a
 188 0041 0B       		.uleb128 0xb
 189 0042 3B       		.uleb128 0x3b
 190 0043 0B       		.uleb128 0xb
 191 0044 39       		.uleb128 0x39
 192 0045 0B       		.uleb128 0xb
 193 0046 27       		.uleb128 0x27
 194 0047 19       		.uleb128 0x19
 195 0048 3C       		.uleb128 0x3c
 196 0049 19       		.uleb128 0x19
 197 004a 00       		.byte	0
 198 004b 00       		.byte	0
 199 004c 06       		.uleb128 0x6
 200 004d 2E       		.uleb128 0x2e
 201 004e 00       		.byte	0
 202 004f 3F       		.uleb128 0x3f
 203 0050 19       		.uleb128 0x19
 204 0051 03       		.uleb128 0x3
 205 0052 0E       		.uleb128 0xe
 206 0053 3A       		.uleb128 0x3a
 207 0054 0B       		.uleb128 0xb
 208 0055 3B       		.uleb128 0x3b
 209 0056 0B       		.uleb128 0xb
 210 0057 39       		.uleb128 0x39
 211 0058 0B       		.uleb128 0xb
 212 0059 27       		.uleb128 0x27
 213 005a 19       		.uleb128 0x19
 214 005b 00       		.byte	0
 215 005c 00       		.byte	0
 216 005d 07       		.uleb128 0x7
 217 005e 2E       		.uleb128 0x2e
 218 005f 00       		.byte	0
 219 0060 03       		.uleb128 0x3
 220 0061 0E       		.uleb128 0xe
 221 0062 3A       		.uleb128 0x3a
 222 0063 0B       		.uleb128 0xb
 223 0064 3B       		.uleb128 0x3b
 224 0065 05       		.uleb128 0x5
 225 0066 39       		.uleb128 0x39
 226 0067 0B       		.uleb128 0xb
 227 0068 27       		.uleb128 0x27
 228 0069 19       		.uleb128 0x19
ARM GAS  /tmp/ccFdQVIA.s 			page 5


 229 006a 00       		.byte	0
 230 006b 00       		.byte	0
 231 006c 00       		.byte	0
 232              		.section	.gnu.debuglto_.debug_line,"e",%progbits
 233              	.Ldebug_line0:
 234 0000 68000000 		.4byte	.LELT0-.LSLT0
 235              	.LSLT0:
 236 0004 0500     		.2byte	0x5
 237 0006 04       		.byte	0x4
 238 0007 00       		.byte	0
 239 0008 60000000 		.4byte	.LELTP0-.LASLTP0
 240              	.LASLTP0:
 241 000c 01       		.byte	0x1
 242 000d 01       		.byte	0x1
 243 000e 01       		.byte	0x1
 244 000f F6       		.byte	0xf6
 245 0010 F2       		.byte	0xf2
 246 0011 0D       		.byte	0xd
 247 0012 00       		.byte	0
 248 0013 01       		.byte	0x1
 249 0014 01       		.byte	0x1
 250 0015 01       		.byte	0x1
 251 0016 01       		.byte	0x1
 252 0017 00       		.byte	0
 253 0018 00       		.byte	0
 254 0019 00       		.byte	0
 255 001a 01       		.byte	0x1
 256 001b 00       		.byte	0
 257 001c 00       		.byte	0
 258 001d 01       		.byte	0x1
 259 001e 01       		.byte	0x1
 260 001f 01       		.uleb128 0x1
 261 0020 1F       		.uleb128 0x1f
 262 0021 07       		.uleb128 0x7
 263 0022 17010000 		.4byte	.LASF22
 264 0026 27000000 		.4byte	.LASF23
 265 002a 53000000 		.4byte	.LASF24
 266 002e F9000000 		.4byte	.LASF25
 267 0032 00000000 		.4byte	.LASF26
 268 0036 A0000000 		.4byte	.LASF27
 269 003a 6B000000 		.4byte	.LASF28
 270 003e 02       		.byte	0x2
 271 003f 01       		.uleb128 0x1
 272 0040 1F       		.uleb128 0x1f
 273 0041 02       		.uleb128 0x2
 274 0042 0B       		.uleb128 0xb
 275 0043 08       		.uleb128 0x8
 276 0044 86000000 		.4byte	.LASF29
 277 0048 00       		.byte	0
 278 0049 61010000 		.4byte	.LASF30
 279 004d 02       		.byte	0x2
 280 004e E3000000 		.4byte	.LASF31
 281 0052 01       		.byte	0x1
 282 0053 D6000000 		.4byte	.LASF32
 283 0057 02       		.byte	0x2
 284 0058 EB000000 		.4byte	.LASF33
 285 005c 04       		.byte	0x4
ARM GAS  /tmp/ccFdQVIA.s 			page 6


 286 005d C6000000 		.4byte	.LASF34
 287 0061 05       		.byte	0x5
 288 0062 11010000 		.4byte	.LASF35
 289 0066 06       		.byte	0x6
 290 0067 7F000000 		.4byte	.LASF36
 291 006b 03       		.byte	0x3
 292              	.LELTP0:
 293              	.LELT0:
 294              		.section	.gnu.debuglto_.debug_str,"eMS",%progbits,1
 295              	.LASF1:
 296 0000 6C6F6E67 		.ascii	"long long int\000"
 296      206C6F6E 
 296      6720696E 
 296      7400
 297              	.LASF7:
 298 000e 73686F72 		.ascii	"short unsigned int\000"
 298      7420756E 
 298      7369676E 
 298      65642069 
 298      6E7400
 299              	.LASF0:
 300 0021 756E7369 		.ascii	"unsigned int\000"
 300      676E6564 
 300      20696E74 
 300      00
 301              	.LASF18:
 302 002e 2E2E2F2E 		.ascii	"../../../os/hal/src/hal.c\000"
 302      2E2F2E2E 
 302      2F6F732F 
 302      68616C2F 
 302      7372632F 
 303              	.LASF12:
 304 0048 7374496E 		.ascii	"stInit\000"
 304      697400
 305              	.LASF8:
 306 004f 6C6F6E67 		.ascii	"long unsigned int\000"
 306      20756E73 
 306      69676E65 
 306      6420696E 
 306      7400
 307              	.LASF9:
 308 0061 6C6F6E67 		.ascii	"long long unsigned int\000"
 308      206C6F6E 
 308      6720756E 
 308      7369676E 
 308      65642069 
 309              	.LASF6:
 310 0078 756E7369 		.ascii	"unsigned char\000"
 310      676E6564 
 310      20636861 
 310      7200
 311              	.LASF10:
 312 0086 63686172 		.ascii	"char\000"
 312      00
 313              	.LASF5:
 314 008b 6C6F6E67 		.ascii	"long int\000"
 314      20696E74 
ARM GAS  /tmp/ccFdQVIA.s 			page 7


 314      00
 315              	.LASF20:
 316 0094 68616C49 		.ascii	"halInit\000"
 316      6E697400 
 317              	.LASF4:
 318 009c 73686F72 		.ascii	"short int\000"
 318      7420696E 
 318      7400
 319              	.LASF14:
 320 00a6 7364496E 		.ascii	"sdInit\000"
 320      697400
 321              	.LASF11:
 322 00ad 5F426F6F 		.ascii	"_Bool\000"
 322      6C00
 323              	.LASF16:
 324 00b3 68616C5F 		.ascii	"hal_lld_init\000"
 324      6C6C645F 
 324      696E6974 
 324      00
 325              	.LASF17:
 326 00c0 474E5520 		.ascii	"GNU C17 13.2.1 20231009 -mcpu=cortex-m4 -mthumb -mf"
 326      43313720 
 326      31332E32 
 326      2E312032 
 326      30323331 
 327 00f3 6C6F6174 		.ascii	"loat-abi=soft -march=armv7e-m -ggdb -O2 -fomit-fram"
 327      2D616269 
 327      3D736F66 
 327      74202D6D 
 327      61726368 
 328 0126 652D706F 		.ascii	"e-pointer -falign-functions=16 -ffunction-sections "
 328      696E7465 
 328      72202D66 
 328      616C6967 
 328      6E2D6675 
 329 0159 2D666461 		.ascii	"-fdata-sections -fno-common -flto\000"
 329      74612D73 
 329      65637469 
 329      6F6E7320 
 329      2D666E6F 
 330              	.LASF13:
 331 017b 626F6172 		.ascii	"boardInit\000"
 331      64496E69 
 331      7400
 332              	.LASF3:
 333 0185 7369676E 		.ascii	"signed char\000"
 333      65642063 
 333      68617200 
 334              	.LASF19:
 335 0191 2F686F6D 		.ascii	"/home/mayank/chibios-workspace/ChibiOS/demos/STM32/"
 335      652F6D61 
 335      79616E6B 
 335      2F636869 
 335      62696F73 
 336 01c4 52542D53 		.ascii	"RT-STM32F407-DISCOVERY\000"
 336      544D3332 
 336      46343037 
ARM GAS  /tmp/ccFdQVIA.s 			page 8


 336      2D444953 
 336      434F5645 
 337              	.LASF21:
 338 01db 6F73616C 		.ascii	"osalInit\000"
 338      496E6974 
 338      00
 339              	.LASF2:
 340 01e4 6C6F6E67 		.ascii	"long double\000"
 340      20646F75 
 340      626C6500 
 341              	.LASF15:
 342 01f0 5F70616C 		.ascii	"_pal_lld_init\000"
 342      5F6C6C64 
 342      5F696E69 
 342      7400
 343              		.section	.gnu.debuglto_.debug_line_str,"eMS",%progbits,1
 344              	.LASF26:
 345 0000 2E2E2F2E 		.ascii	"../../../os/hal/ports/STM32/LLD/GPIOv2\000"
 345      2E2F2E2E 
 345      2F6F732F 
 345      68616C2F 
 345      706F7274 
 346              	.LASF23:
 347 0027 2E2E2F2E 		.ascii	"../../../os/hal/boards/ST_STM32F4_DISCOVERY\000"
 347      2E2F2E2E 
 347      2F6F732F 
 347      68616C2F 
 347      626F6172 
 348              	.LASF24:
 349 0053 2E2E2F2E 		.ascii	"../../../os/hal/include\000"
 349      2E2F2E2E 
 349      2F6F732F 
 349      68616C2F 
 349      696E636C 
 350              	.LASF28:
 351 006b 2E2E2F2E 		.ascii	"../../../os/hal/src\000"
 351      2E2F2E2E 
 351      2F6F732F 
 351      68616C2F 
 351      73726300 
 352              	.LASF36:
 353 007f 6F73616C 		.ascii	"osal.h\000"
 353      2E6800
 354              	.LASF29:
 355 0086 2E2E2F2E 		.ascii	"../../../os/hal/src/hal.c\000"
 355      2E2F2E2E 
 355      2F6F732F 
 355      68616C2F 
 355      7372632F 
 356              	.LASF27:
 357 00a0 2E2E2F2E 		.ascii	"../../../os/hal/ports/STM32/STM32F4xx\000"
 357      2E2F2E2E 
 357      2F6F732F 
 357      68616C2F 
 357      706F7274 
 358              	.LASF34:
 359 00c6 68616C5F 		.ascii	"hal_lld_type1.h\000"
ARM GAS  /tmp/ccFdQVIA.s 			page 9


 359      6C6C645F 
 359      74797065 
 359      312E6800 
 360              	.LASF32:
 361 00d6 68616C5F 		.ascii	"hal_serial.h\000"
 361      73657269 
 361      616C2E68 
 361      00
 362              	.LASF31:
 363 00e3 626F6172 		.ascii	"board.h\000"
 363      642E6800 
 364              	.LASF33:
 365 00eb 68616C5F 		.ascii	"hal_pal_lld.h\000"
 365      70616C5F 
 365      6C6C642E 
 365      6800
 366              	.LASF25:
 367 00f9 2E2E2F2E 		.ascii	"../../../os/hal/osal/rt\000"
 367      2E2F2E2E 
 367      2F6F732F 
 367      68616C2F 
 367      6F73616C 
 368              	.LASF35:
 369 0111 68616C2E 		.ascii	"hal.c\000"
 369      6300
 370              	.LASF22:
 371 0117 2F686F6D 		.ascii	"/home/mayank/chibios-workspace/ChibiOS/demos/STM32/"
 371      652F6D61 
 371      79616E6B 
 371      2F636869 
 371      62696F73 
 372 014a 52542D53 		.ascii	"RT-STM32F407-DISCOVERY\000"
 372      544D3332 
 372      46343037 
 372      2D444953 
 372      434F5645 
 373              	.LASF30:
 374 0161 68616C5F 		.ascii	"hal_st.h\000"
 374      73742E68 
 374      00
 375              		.text
 376              		.section	.gnu.lto_.profile.4b5f09e6b0555147,"e",%progbits
 377 0000 789C6362 		.ascii	"x\234cb\000\001\000\000\022\000\003"
 377      00010000 
 377      120003
 378              		.text
 379              		.section	.gnu.lto_.icf.4b5f09e6b0555147,"e",%progbits
 380 0000 789CE364 		.ascii	"x\234\343d@\000F\206\367'.\036be`\000\000\023@\003Z"
 380      40004686 
 380      F7272E1E 
 380      62656000 
 380      00134003 
 381              		.text
 382              		.section	.gnu.lto_.ipa_sra.4b5f09e6b0555147,"e",%progbits
 383 0000 789CE367 		.ascii	"x\234\343g@\000F\020B@\000\001\351\000\027"
 383      40004610 
 383      42400001 
ARM GAS  /tmp/ccFdQVIA.s 			page 10


 383      E90017
 384              		.text
 385              		.section	.gnu.lto_.inline.4b5f09e6b0555147,"e",%progbits
 386 0000 789C7361 		.ascii	"x\234sa@\000F\006\006\216\206\206\206\005\314\031@\026"
 386      40004606 
 386      068E8686 
 386      8605CC19 
 386      4016
 387 0012 13034323 		.ascii	"\023\003C#\220S\307\300\300\006\244\032\230R\230@B@"
 387      9053C7C0 
 387      C006A41A 
 387      98529840 
 387      4240
 388 0024 455CF848 		.ascii	"E\\\370H\006\000\234\304\010\002"
 388      06009CC4 
 388      0802
 389              		.text
 390              		.section	.gnu.lto_.jmpfuncs.4b5f09e6b0555147,"e",%progbits
 391 0000 789CE362 		.ascii	"x\234\343b@\000F8\013\000\000\374\000\014"
 391      40004638 
 391      0B0000FC 
 391      000C
 392              		.text
 393              		.section	.gnu.lto_.pureconst.4b5f09e6b0555147,"e",%progbits
 394 0000 789C6361 		.ascii	"x\234ca```d\230\301\002\000\001`\000\242"
 394      60606064 
 394      98C10200 
 394      016000A2 
 395              		.text
 396              		.section	.gnu.lto_.ipa_modref.4b5f09e6b0555147,"e",%progbits
 397 0000 789CE361 		.ascii	"x\234\343a@\000F$6\000\001D\000\016"
 397      40004624 
 397      36000144 
 397      000E
 398              		.text
 399              		.section	.gnu.lto_.lto.4b5f09e6b0555147,"e",%progbits
 400 0000 0D000000 		.ascii	"\015\000\000\000\001\000\000\000"
 400      01000000 
 401              		.text
 402              		.section	.gnu.lto_halInit.328.4b5f09e6b0555147,"e",%progbits
 403 0000 789CBBCB 		.ascii	"x\234\273\313\300\300\220\016\304\312@\314\310\314\300"
 403      C0C0900E 
 403      C4CA40CC 
 403      C8CCC0
 404 000f 38696217 		.ascii	"8ib\027\023CCC\203\003;\023c\343\304.A\306\235\214`"
 404      13434343 
 404      83033B13 
 404      63E3C42E 
 404      41C69D8C 
 405 0024 1E23433D 		.ascii	"\036#C=\023c=\343\032f} \367\307\351s\215q\015+\016"
 405      13633DE3 
 405      1A667D20 
 405      F7C7E973 
 405      8D710D2B 
 406 0039 30BE6160 		.ascii	"0\276a`\250g\200\002n\010\233\021\210\327_b}\320\360"
 406      A8678002 
 406      6E089B11 
ARM GAS  /tmp/ccFdQVIA.s 			page 11


 406      88D75F62 
 406      7DD0F0
 407 004c E3FFFC86 		.ascii	"\343\377\374\206\206\256n\306\303\253\231\330\031\030"
 407      86AE6EC6 
 407      C3AB99D8 
 407      1918
 408 005a 5632834C 		.ascii	"V2\203Lm`adX\305\314\004a5\037`\370\317\324\360\350"
 408      6D606164 
 408      58C5CC04 
 408      61351F60 
 408      F8CFD4F0 
 409 006f AD3498FA 		.ascii	"\2554\230\372\301\314\320\312\334\254\300\320\305\310"
 409      C1CCD0CA 
 409      DCACC0D0 
 409      C5C8
 410 007d 545BCDC0 		.ascii	"T[\315\300\300\304\014\026]\301\203\020-\207\213\356"
 410      C0C40C16 
 410      5DC18310 
 410      2D878BEE 
 411 008d E0438896 		.ascii	"\340C\210\226\302E\377\210 D\213\021jE\021\242\205`"
 411      C245FF88 
 411      20448B11 
 411      6A4511A2 
 411      8560
 412 009f D176E6A6 		.ascii	"\321v\346\246\007\017\2472\202\035\275\222\231\021\342"
 412      070FA732 
 412      821DBD92 
 412      9911E2
 413 00ae 98A60340 		.ascii	"\230\246\003@\236\227~F~n\252~nbeb^\266~rFfRf~\261n"
 413      9E977E46 
 413      7E6EAA7E 
 413      6E626562 
 413      5EB67E72 
 414 00c9 797E5176 		.ascii	"y~QvqAbr\252\2763H\304?X?%57\277X?8\304\327\330H?(D"
 414      71416272 
 414      AABE3348 
 414      C43F583F 
 414      253537BF 
 415 00e7 17CC7033 		.ascii	"\027\314p310\327u\361\014v\366\017s\015\212d\220\322"
 415      3130D775 
 415      F10C76F6 
 415      0F730D8A 
 415      6490D2
 416 00fa D3D38720 		.ascii	"\323\323\207 \240\312\214\304\034\375\342\242d\020\255"
 416      A0CA8CC4 
 416      1CFDE2A2 
 416      6410AD
 417 0109 97CC0000 		.ascii	"\227\314\000\000MOk\321"
 417      4D4F6BD1 
 418              		.text
 419              		.section	.gnu.lto_.symbol_nodes.4b5f09e6b0555147,"e",%progbits
 420 0000 789C75CE 		.ascii	"x\234u\316\313\021\200 \020\003\320l\026h\303\346\354"
 420      CB118020 
 420      1003D06C 
 420      1668C3E6 
 420      EC
 421 0011 63192BA0 		.ascii	"c\031+\240\010\253\260\002\377\035x\263\017e\200+9e"
ARM GAS  /tmp/ccFdQVIA.s 			page 12


 421      08ABB002 
 421      FF1D78B3 
 421      0F65802B 
 421      3965
 422 0023 F22E7990 		.ascii	"\362.y\220\303\225\206\230\343$\335\200\001K\232\230"
 422      C3958698 
 422      E324DD80 
 422      014B9A98 
 423 0033 412E9A7C 		.ascii	"A.\232|-CA \246X\354\244\261g\007M{\266\323\\\3176\232"
 423      2D434120 
 423      A658ECA4 
 423      B167074D 
 423      7BB6D35C 
 424 004a EF98C2D7 		.ascii	"\357\230\302\327\213\243\302\3256\213Bk}se[\203B\332"
 424      8BA3C2D5 
 424      368B426B 
 424      7D73655B 
 424      8342DA
 425 005d 1AF003F8 		.ascii	"\032\360\003\370\227SJ"
 425      97534A
 426              		.text
 427              		.section	.gnu.lto_.refs.4b5f09e6b0555147,"e",%progbits
 428 0000 789C6364 		.ascii	"x\234cd\000\002\000\000\012\000\002"
 428      00020000 
 428      0A0002
 429              		.text
 430              		.section	.gnu.lto_.decls.4b5f09e6b0555147,"e",%progbits
 431 0000 789C7D91 		.ascii	"x\234}\221]h\024W\024\307\357\231,\353\304&\232h\005"
 431      5D681457 
 431      14C7EF99 
 431      2CEBC426 
 431      9A6805
 432 0013 DB0A464A 		.ascii	"\333\012FJ\301\227\3351&\032\037\372 \304FRb#\306\026"
 432      C197DD31 
 432      261A1FFA 
 432      20C44652 
 432      6223C616 
 433 0027 7C5AD7CD 		.ascii	"|Z\327\315\300.f\263aw\325\344\355\314f\\\247mBg[?\266"
 433      C02E66B3 
 433      6177D5E4 
 433      EDCC665C 
 433      A76D4267 
 434 003e 4B482753 		.ascii	"KH'S\021\241\025\002\021I\0335\227uX\343\242\242(\032"
 434      11A11502 
 434      11491B35 
 434      977558E3 
 434      A2A2281A 
 435 0052 507C5094 		.ascii	"P|P\224 >\244\230\207H+\355\271\263c\221\200^\346\314"
 435      203EA498 
 435      87482BED 
 435      B9B36391 
 435      805EE6CC 
 436 0066 BDF79CDF 		.ascii	"\275\367\234\337\371\237s\357\275*16\013\214u0\306\376"
 436      F99F73EF 
 436      BD2A3136 
 436      0B8C7530 
 436      C6FE
ARM GAS  /tmp/ccFdQVIA.s 			page 13


 437 0078 A5415B76 		.ascii	"\245A[v\237\314O\306\311\212d\016Y\211l\206\254L\246"
 437      9FCC4FC6 
 437      C98A640E 
 437      59896C86 
 437      AC4CA6
 438 008b 112F7BF1 		.ascii	"\021/{\361\033\236o\332\213\227<^\344\371\244\327O~"
 438      1B9E6FDA 
 438      8B973C5E 
 438      E4F9A4D7 
 438      4F7E
 439 009d 28D6BC04 		.ascii	"(\326\274\004D4\220k\216\214\266>\214Yt4\310\343$Z\347"
 439      4434906B 
 439      8E8CB63E 
 439      8C597434 
 439      C8E3245A 
 440 00b2 8786AB0A 		.ascii	"\207\206\253\012\266ch\004\254\265\007'\2610\276\277"
 440      B6636804 
 440      ACB50727 
 440      B130BEBF 
 441 00c2 50C0A1E2 		.ascii	"P\300\241\342\230\201\026@\206\334\\\363\027h\"bh-\216"
 441      98811640 
 441      86DC5CF3 
 441      17682262 
 441      682D8E
 442 00d5 D00AB343 		.ascii	"\320\012\263C\026\210\0041j\361<\342 YCA\037\347\032"
 442      16880431 
 442      6AF13CE2 
 442      20594341 
 442      1FE71A
 443 00e8 EA780BAC 		.ascii	"\352x\013\254_\263\024\331Ofj\317\264c\265\363\332\034"
 443      5FB314D9 
 443      4F666ACF 
 443      B463B5F3 
 443      DA1C
 444 00fa 9ECACC99 		.ascii	"\236\312\314\231\015\203(\012e\021\362\026\021<\213"
 444      0D83280A 
 444      6511F216 
 444      113C8B
 445 0109 928D5730 		.ascii	"\222\215W0\207#\303+2\366\014j\031\035\353r\226c\230"
 445      8723C32B 
 445      32F60C6A 
 445      191DEB72 
 445      966398
 446 011c 361AF097 		.ascii	"6\032\360\227\355P\010\215U&\211\232\350\030\220\023"
 446      ED50088D 
 446      5526899A 
 446      E8189013 
 447 012c 1E5B37EA 		.ascii	"\036[7\352\305\317\262\271\341\366gf\270<f\351\324\257"
 447      C5CFB2B9 
 447      E1F66766 
 447      B83C66E9 
 447      D4AF
 448 013e 3E49E7E4 		.ascii	">I\347\344\0069\220\020\207<h\324W<:\202i\351\370#%"
 448      06399010 
 448      873C68D4 
 448      573C3A82 
 448      69E9F823 
ARM GAS  /tmp/ccFdQVIA.s 			page 14


 449 0153 6D30A982 		.ascii	"m0\251\202\010\327\317\223\236&\026\244'\347,Nj>&F\345"
 449      08D7CF93 
 449      9E2616A4 
 449      27E72C4E 
 449      6A3E2646 
 450 0168 689237CB 		.ascii	"h\2227\313>ia\356\322\364\362\005q\213y.\336\207\001"
 450      3E6961EE 
 450      D2F4F205 
 450      718B792E 
 450      DE8701
 451 017b 5B636E67 		.ascii	"[cng\200\037\326\311\2370\371S\266\245\202\332\353\331"
 451      801FD6C9 
 451      9F30F953 
 451      B6A582DA 
 451      EBD9
 452 018d 457025DA 		.ascii	"Ep%\332j\374\253A\362\257\201:\2374{\362\336\004\254"
 452      6AFCAB41 
 452      F2AF813A 
 452      9F347BF2 
 452      DE04AC
 453 01a0 A3F002E2 		.ascii	"\243\360\002\342\306\027l\032.\023\303\201\275t_h\364"
 453      C6176C1A 
 453      2E13C381 
 453      BD745F68 
 453      F4
 454 01b1 F4B9E2B2 		.ascii	"\364\271\342\262\215\371<.N\015_;\372y\366\"\342Qb\353"
 454      8DF93C2E 
 454      4E0D5F3B 
 454      FA79F622 
 454      E25162EB 
 455 01c5 8898824B 		.ascii	"\210\230\202K\256\332\024\260?\341\017h\033\003\231"
 455      AEDA14B0 
 455      3FE10F68 
 455      1B0399
 456 01d4 E47DD27C 		.ascii	"\344}\322|\351\370cJA\\\374}\344a\266f\024\213\022\207"
 456      E9F8634A 
 456      415CFC7D 
 456      E461B666 
 456      148B1287 
 457 01e8 A20717C5 		.ascii	"\242\007\027\305\277m@~*\310\007O\276\177\365\201 '"
 457      BF6D407E 
 457      2AC8074F 
 457      BE7FF581 
 457      2027
 458 01fa FF191DBF 		.ascii	"\377\031\035\277\000\025\322\361H\307%5\220OK\204\336"
 458      0015D2F1 
 458      48C72535 
 458      904F4B84 
 458      DE
 459 020b 7B3EF1BA 		.ascii	"{>\361\272\312E_\2349\376\323J\276\233C\311\003K.\370"
 459      CA455F9C 
 459      39FED34A 
 459      BE9B43C9 
 459      034B2EF8 
 460 021f 2DC8B705 		.ascii	"-\310\267\005\370\333w\217\026=\315sw\177q\301\031\017"
 460      F8DB778F 
 460      163DCD73 
ARM GAS  /tmp/ccFdQVIA.s 			page 15


 460      777F71C1 
 460      190F
 461 0231 9C71C11C 		.ascii	"\234q\301\034\310'\252\010t\006\313\345\025.x\366\302"
 461      C827AA08 
 461      7406CBE5 
 461      152E78F6 
 461      C2
 462 0242 ECDF5EF1 		.ascii	"\354\337^\361\262\207\226]\364g\240k\362\32155\370\244"
 462      B287965D 
 462      F467A06B 
 462      F2D13535 
 462      F8A4
 463 0254 C777AE16 		.ascii	"\307w\256\026|\365\234N\205\\\257\346p\003\256\023s"
 463      7CF59C4E 
 463      855CAFE6 
 463      7003AE13 
 463      73
 464 0265 5370558D 		.ascii	"SpU\215[Yu8\031?\334\242\006\342ly$\221L\253\375\201"
 464      5B597538 
 464      193FDCA2 
 464      06E26C79 
 464      24914CAB 
 465 027b 78335B16 		.ascii	"x3[\026\015\367\264\367\306\322\037\005\203J\345K\244"
 465      0DF7B4F7 
 465      C6D21F05 
 465      834AE54B 
 465      A4
 466 028c 14F229A9 		.ascii	"\024\362)\251dD\314\301\210\274\363\253\257\033Z\033"
 466      6444CCC1 
 466      88BCF3AB 
 466      AF1B5A1B 
 467 029c 5BD84A77 		.ascii	"[\330Jw\033\334\326\324\324\334\244nS\331\227J4\021"
 467      1BDCD6D4 
 467      D4DCA46E 
 467      53D9974A 
 467      3411
 468 02ae 57957878 		.ascii	"W\225xx \334{P\211Dc\007b\211T\340H\"y0\325\027\216"
 468      20DC7B50 
 468      89446307 
 468      628954E0 
 468      48227930 
 469 02c5 A84AABF0 		.ascii	"\250J\253\360tv)\335j\2344\273\366\356j\332\254\354"
 469      747629DD 
 469      6A9C34BB 
 469      F6EE6ADA 
 469      ACEC
 470 02d7 D91B7017 		.ascii	"\331\033p\027m\315\233Z\002;\332\273Z;\277\371b\317"
 470      6DCD9B5A 
 470      023BDABB 
 470      5A3BBFF9 
 470      62CF
 471 02e9 3EF6F13B 		.ascii	">\366\361;\2533\177*-\372\333\260\224\210\365Fz\016"
 471      AB337F2A 
 471      2DFADBB0 
 471      9488F546 
 471      7A0E
 472 02fb 75AB621D 		.ascii	"u\253b\035J\245\203QV} \021Nv\013\266y)\353FD\013!\257"
ARM GAS  /tmp/ccFdQVIA.s 			page 16


 472      4AA58351 
 472      567D2011 
 472      4E760BB6 
 472      7929EB46 
 473 0313 78E8FFD2 		.ascii	"x\350\377\322\225\030\245\373Sn\356g\357\255\243&c\324"
 473      9518A5FB 
 473      536EEE67 
 473      EFADA326 
 473      63D4
 474 0325 5494D586 		.ascii	"T\224\325\206\372h\333\323\323\035\212Q\316\226\245"
 474      FA68DBD3 
 474      D31D8A51 
 474      CE96A5
 475 0334 397D74BD 		.ascii	"9}t\275oN\334\321\261C\331\271\273\275\363\360fW\302"
 475      6F4EDCD1 
 475      B143D9B9 
 475      BBBDF3F0 
 475      6657C2
 476 0347 CB238D9A 		.ascii	"\313#\215\232\350[\022[\337'\3415\335\337\257\274II"
 476      E85B125B 
 476      DF27E135 
 476      DDDFAFBC 
 476      4949
 477 0359 0FF4A98D 		.ascii	"\017\364\251\215\244\361\037R\016\306\271"
 477      A4F11F52 
 477      0EC6B9
 478              		.text
 479              		.section	.gnu.lto_.symtab.4b5f09e6b0555147,"e",%progbits
 480 0000 68616C49 		.ascii	"halInit\000"
 480      6E697400 
 481 0008 00       		.ascii	"\000"
 482 0009 00       		.ascii	"\000"
 483 000a 00       		.ascii	"\000"
 484 000b 00000000 		.ascii	"\000\000\000\000\000\000\000\000"
 484      00000000 
 485 0013 C0000000 		.ascii	"\300\000\000\000"
 486 0017 7374496E 		.ascii	"stInit\000"
 486      697400
 487 001e 00       		.ascii	"\000"
 488 001f 02       		.ascii	"\002"
 489 0020 00       		.ascii	"\000"
 490 0021 00000000 		.ascii	"\000\000\000\000\000\000\000\000"
 490      00000000 
 491 0029 C2000000 		.ascii	"\302\000\000\000"
 492 002d 626F6172 		.ascii	"boardInit\000"
 492      64496E69 
 492      7400
 493 0037 00       		.ascii	"\000"
 494 0038 02       		.ascii	"\002"
 495 0039 00       		.ascii	"\000"
 496 003a 00000000 		.ascii	"\000\000\000\000\000\000\000\000"
 496      00000000 
 497 0042 C4000000 		.ascii	"\304\000\000\000"
 498 0046 7364496E 		.ascii	"sdInit\000"
 498      697400
 499 004d 00       		.ascii	"\000"
 500 004e 02       		.ascii	"\002"
ARM GAS  /tmp/ccFdQVIA.s 			page 17


 501 004f 00       		.ascii	"\000"
 502 0050 00000000 		.ascii	"\000\000\000\000\000\000\000\000"
 502      00000000 
 503 0058 C6000000 		.ascii	"\306\000\000\000"
 504 005c 5F70616C 		.ascii	"_pal_lld_init\000"
 504      5F6C6C64 
 504      5F696E69 
 504      7400
 505 006a 00       		.ascii	"\000"
 506 006b 02       		.ascii	"\002"
 507 006c 00       		.ascii	"\000"
 508 006d 00000000 		.ascii	"\000\000\000\000\000\000\000\000"
 508      00000000 
 509 0075 C8000000 		.ascii	"\310\000\000\000"
 510 0079 68616C5F 		.ascii	"hal_lld_init\000"
 510      6C6C645F 
 510      696E6974 
 510      00
 511 0086 00       		.ascii	"\000"
 512 0087 02       		.ascii	"\002"
 513 0088 00       		.ascii	"\000"
 514 0089 00000000 		.ascii	"\000\000\000\000\000\000\000\000"
 514      00000000 
 515 0091 CA000000 		.ascii	"\312\000\000\000"
 516              		.text
 517              		.section	.gnu.lto_.ext_symtab.4b5f09e6b0555147,"e",%progbits
 518 0000 01       		.ascii	"\001"
 519 0001 01       		.ascii	"\001"
 520 0002 00       		.ascii	"\000"
 521 0003 01       		.ascii	"\001"
 522 0004 00       		.ascii	"\000"
 523 0005 01       		.ascii	"\001"
 524 0006 00       		.ascii	"\000"
 525 0007 01       		.ascii	"\001"
 526 0008 00       		.ascii	"\000"
 527 0009 01       		.ascii	"\001"
 528 000a 00       		.ascii	"\000"
 529 000b 01       		.ascii	"\001"
 530 000c 00       		.ascii	"\000"
 531              		.text
 532              		.section	.gnu.lto_.opts,"e",%progbits
 533 0000 272D666E 		.ascii	"'-fno-openmp' '-fno-openacc' '-fno-pie' '-fcf-prote"
 533      6F2D6F70 
 533      656E6D70 
 533      2720272D 
 533      666E6F2D 
 534 0033 6374696F 		.ascii	"ction=none' '-g' '-mcpu=cortex-m4' '-mthumb' '-mflo"
 534      6E3D6E6F 
 534      6E652720 
 534      272D6727 
 534      20272D6D 
 535 0066 61742D61 		.ascii	"at-abi=soft' '-mlibarch=armv7e-m' '-march=armv7e-m'"
 535      62693D73 
 535      6F667427 
 535      20272D6D 
 535      6C696261 
 536 0099 20272D4F 		.ascii	" '-O2' '-fomit-frame-pointer' '-falign-functions=16"
ARM GAS  /tmp/ccFdQVIA.s 			page 18


 536      32272027 
 536      2D666F6D 
 536      69742D66 
 536      72616D65 
 537 00cc 2720272D 		.ascii	"' '-ffunction-sections' '-fdata-sections' '-fno-com"
 537      6666756E 
 537      6374696F 
 537      6E2D7365 
 537      6374696F 
 538 00ff 6D6F6E27 		.ascii	"mon' '-flto' '-Xassembler' '-alms=./build/lst/hal.l"
 538      20272D66 
 538      6C746F27 
 538      20272D58 
 538      61737365 
 539 0132 73742700 		.ascii	"st'\000"
 540              		.text
 541              		.comm	__gnu_lto_slim,1,1
 542              		.ident	"GCC: (15:13.2.rel1-2) 13.2.1 20231009"
ARM GAS  /tmp/ccFdQVIA.s 			page 19


DEFINED SYMBOLS
                            *ABS*:00000000 hal.c
     /tmp/ccFdQVIA.s:25     .gnu.debuglto_.debug_info:00000000 hal.c.83343e8e
                            *COM*:00000001 __gnu_lto_slim

NO UNDEFINED SYMBOLS
