ARM GAS  /tmp/ccpHDaBR.s 			page 1


   1              		.cpu cortex-m4
   2              		.arch armv7e-m
   3              		.fpu softvfp
   4              		.eabi_attribute 20, 1
   5              		.eabi_attribute 21, 1
   6              		.eabi_attribute 23, 3
   7              		.eabi_attribute 24, 1
   8              		.eabi_attribute 25, 1
   9              		.eabi_attribute 26, 1
  10              		.eabi_attribute 30, 2
  11              		.eabi_attribute 34, 1
  12              		.eabi_attribute 18, 4
  13              		.file	"hal_st_lld.c"
  14              		.file 1 "../../../os/common/ext/ST/STM32F4xx/stm32f407xx.h"
  15              		.file 2 "/usr/lib/gcc/arm-none-eabi/13.2.1/include/stdint.h"
  16              		.file 3 "../../../os/hal/ports/STM32/LLD/TIMv1/stm32_tim.h"
  17              		.file 4 "../../../os/rt/include/chsys.h"
  18              		.file 5 "../../../os/common/ports/ARMCMx/chcore_v7m.h"
  19              		.file 6 "../../../os/hal/ports/STM32/LLD/TIMv1/hal_st_lld.c"
  20              		.file 7 "../../../os/hal/osal/rt/osal.h"
  21              		.file 8 "../../../os/hal/ports/common/ARMCMx/nvic.h"
  22              		.file 9 "../../../os/common/ext/ARM/CMSIS/Core/Include/cmsis_gcc.h"
  23              		.section	.gnu.debuglto_.debug_info,"e",%progbits
  24              	.Ldebug_info0:
  25              		.hidden	hal_st_lld.c.7e4b90cb
  26              		.weak	hal_st_lld.c.7e4b90cb
  27              	hal_st_lld.c.7e4b90cb:
  28 0000 8D040000 		.4byte	0x48d
  29 0004 0500     		.2byte	0x5
  30 0006 01       		.byte	0x1
  31 0007 04       		.byte	0x4
  32 0008 00000000 		.4byte	.Ldebug_abbrev0
  33 000c 0C       		.uleb128 0xc
  34 000d F1010000 		.4byte	.LASF68
  35 0011 1D       		.byte	0x1d
  36 0012 75000000 		.4byte	.LASF69
  37 0016 B9020000 		.4byte	.LASF70
  38 001a 00000000 		.4byte	.Ldebug_line0
  39 001e 0D       		.uleb128 0xd
  40 001f 04       		.byte	0x4
  41 0020 05       		.byte	0x5
  42 0021 696E7400 		.ascii	"int\000"
  43 0025 03       		.uleb128 0x3
  44 0026 04       		.byte	0x4
  45 0027 07       		.byte	0x7
  46 0028 C9010000 		.4byte	.LASF0
  47 002c 03       		.uleb128 0x3
  48 002d 08       		.byte	0x8
  49 002e 05       		.byte	0x5
  50 002f F1000000 		.4byte	.LASF1
  51 0033 03       		.uleb128 0x3
  52 0034 08       		.byte	0x8
  53 0035 04       		.byte	0x4
  54 0036 3D010000 		.4byte	.LASF2
  55 003a 03       		.uleb128 0x3
  56 003b 01       		.byte	0x1
  57 003c 06       		.byte	0x6
ARM GAS  /tmp/ccpHDaBR.s 			page 2


  58 003d 9D010000 		.4byte	.LASF3
  59 0041 03       		.uleb128 0x3
  60 0042 02       		.byte	0x2
  61 0043 05       		.byte	0x5
  62 0044 AE000000 		.4byte	.LASF4
  63 0048 03       		.uleb128 0x3
  64 0049 04       		.byte	0x4
  65 004a 05       		.byte	0x5
  66 004b FF000000 		.4byte	.LASF5
  67 004f 03       		.uleb128 0x3
  68 0050 01       		.byte	0x1
  69 0051 08       		.byte	0x8
  70 0052 76010000 		.4byte	.LASF6
  71 0056 03       		.uleb128 0x3
  72 0057 02       		.byte	0x2
  73 0058 07       		.byte	0x7
  74 0059 03030000 		.4byte	.LASF7
  75 005d 0E       		.uleb128 0xe
  76 005e C0010000 		.4byte	.LASF13
  77 0062 02       		.byte	0x2
  78 0063 34       		.byte	0x34
  79 0064 19       		.byte	0x19
  80 0065 6E000000 		.4byte	0x6e
  81 0069 05       		.uleb128 0x5
  82 006a 5D000000 		.4byte	0x5d
  83 006e 03       		.uleb128 0x3
  84 006f 04       		.byte	0x4
  85 0070 07       		.byte	0x7
  86 0071 DF010000 		.4byte	.LASF8
  87 0075 03       		.uleb128 0x3
  88 0076 08       		.byte	0x8
  89 0077 07       		.byte	0x7
  90 0078 A9010000 		.4byte	.LASF9
  91 007c 06       		.uleb128 0x6
  92 007d 5D000000 		.4byte	0x5d
  93 0081 8C000000 		.4byte	0x8c
  94 0085 07       		.uleb128 0x7
  95 0086 25000000 		.4byte	0x25
  96 008a 01       		.byte	0x1
  97 008b 00       		.byte	0
  98 008c 08       		.uleb128 0x8
  99 008d 10       		.byte	0x10
 100 008e 01       		.byte	0x1
 101 008f 4B01     		.2byte	0x14b
 102 0091 CD000000 		.4byte	0xcd
 103 0095 01       		.uleb128 0x1
 104 0096 E1030000 		.4byte	.LASF10
 105 009a 01       		.byte	0x1
 106 009b 4D01     		.2byte	0x14d
 107 009d 11       		.byte	0x11
 108 009e 69000000 		.4byte	0x69
 109 00a2 00       		.byte	0
 110 00a3 02       		.uleb128 0x2
 111 00a4 435200   		.ascii	"CR\000"
 112 00a7 01       		.byte	0x1
 113 00a8 4E01     		.2byte	0x14e
 114 00aa 11       		.byte	0x11
ARM GAS  /tmp/ccpHDaBR.s 			page 3


 115 00ab 69000000 		.4byte	0x69
 116 00af 04       		.byte	0x4
 117 00b0 01       		.uleb128 0x1
 118 00b1 27010000 		.4byte	.LASF11
 119 00b5 01       		.byte	0x1
 120 00b6 4F01     		.2byte	0x14f
 121 00b8 11       		.byte	0x11
 122 00b9 69000000 		.4byte	0x69
 123 00bd 08       		.byte	0x8
 124 00be 01       		.uleb128 0x1
 125 00bf C7000000 		.4byte	.LASF12
 126 00c3 01       		.byte	0x1
 127 00c4 5001     		.2byte	0x150
 128 00c6 11       		.byte	0x11
 129 00c7 69000000 		.4byte	0x69
 130 00cb 0C       		.byte	0xc
 131 00cc 00       		.byte	0
 132 00cd 09       		.uleb128 0x9
 133 00ce 51030000 		.4byte	.LASF14
 134 00d2 01       		.byte	0x1
 135 00d3 5101     		.2byte	0x151
 136 00d5 02       		.byte	0x2
 137 00d6 8C000000 		.4byte	0x8c
 138 00da 06       		.uleb128 0x6
 139 00db 69000000 		.4byte	0x69
 140 00df EA000000 		.4byte	0xea
 141 00e3 07       		.uleb128 0x7
 142 00e4 25000000 		.4byte	0x25
 143 00e8 01       		.byte	0x1
 144 00e9 00       		.byte	0
 145 00ea 05       		.uleb128 0x5
 146 00eb DA000000 		.4byte	0xda
 147 00ef 06       		.uleb128 0x6
 148 00f0 69000000 		.4byte	0x69
 149 00f4 FF000000 		.4byte	0xff
 150 00f8 07       		.uleb128 0x7
 151 00f9 25000000 		.4byte	0x25
 152 00fd 03       		.byte	0x3
 153 00fe 00       		.byte	0
 154 00ff 05       		.uleb128 0x5
 155 0100 EF000000 		.4byte	0xef
 156 0104 08       		.uleb128 0x8
 157 0105 88       		.byte	0x88
 158 0106 01       		.byte	0x1
 159 0107 6502     		.2byte	0x265
 160 0109 B1020000 		.4byte	0x2b1
 161 010d 02       		.uleb128 0x2
 162 010e 435200   		.ascii	"CR\000"
 163 0111 01       		.byte	0x1
 164 0112 6702     		.2byte	0x267
 165 0114 11       		.byte	0x11
 166 0115 69000000 		.4byte	0x69
 167 0119 00       		.byte	0
 168 011a 01       		.uleb128 0x1
 169 011b B1020000 		.4byte	.LASF15
 170 011f 01       		.byte	0x1
 171 0120 6802     		.2byte	0x268
ARM GAS  /tmp/ccpHDaBR.s 			page 4


 172 0122 11       		.byte	0x11
 173 0123 69000000 		.4byte	0x69
 174 0127 04       		.byte	0x4
 175 0128 01       		.uleb128 0x1
 176 0129 C2000000 		.4byte	.LASF16
 177 012d 01       		.byte	0x1
 178 012e 6902     		.2byte	0x269
 179 0130 11       		.byte	0x11
 180 0131 69000000 		.4byte	0x69
 181 0135 08       		.byte	0x8
 182 0136 02       		.uleb128 0x2
 183 0137 43495200 		.ascii	"CIR\000"
 184 013b 01       		.byte	0x1
 185 013c 6A02     		.2byte	0x26a
 186 013e 11       		.byte	0x11
 187 013f 69000000 		.4byte	0x69
 188 0143 0C       		.byte	0xc
 189 0144 01       		.uleb128 0x1
 190 0145 1C040000 		.4byte	.LASF17
 191 0149 01       		.byte	0x1
 192 014a 6B02     		.2byte	0x26b
 193 014c 11       		.byte	0x11
 194 014d 69000000 		.4byte	0x69
 195 0151 10       		.byte	0x10
 196 0152 01       		.uleb128 0x1
 197 0153 D6010000 		.4byte	.LASF18
 198 0157 01       		.byte	0x1
 199 0158 6C02     		.2byte	0x26c
 200 015a 11       		.byte	0x11
 201 015b 69000000 		.4byte	0x69
 202 015f 14       		.byte	0x14
 203 0160 01       		.uleb128 0x1
 204 0161 25040000 		.4byte	.LASF19
 205 0165 01       		.byte	0x1
 206 0166 6D02     		.2byte	0x26d
 207 0168 11       		.byte	0x11
 208 0169 69000000 		.4byte	0x69
 209 016d 18       		.byte	0x18
 210 016e 01       		.uleb128 0x1
 211 016f 85030000 		.4byte	.LASF20
 212 0173 01       		.byte	0x1
 213 0174 6E02     		.2byte	0x26e
 214 0176 11       		.byte	0x11
 215 0177 5D000000 		.4byte	0x5d
 216 017b 1C       		.byte	0x1c
 217 017c 01       		.uleb128 0x1
 218 017d 23000000 		.4byte	.LASF21
 219 0181 01       		.byte	0x1
 220 0182 6F02     		.2byte	0x26f
 221 0184 11       		.byte	0x11
 222 0185 69000000 		.4byte	0x69
 223 0189 20       		.byte	0x20
 224 018a 01       		.uleb128 0x1
 225 018b 72030000 		.4byte	.LASF22
 226 018f 01       		.byte	0x1
 227 0190 7002     		.2byte	0x270
 228 0192 11       		.byte	0x11
ARM GAS  /tmp/ccpHDaBR.s 			page 5


 229 0193 69000000 		.4byte	0x69
 230 0197 24       		.byte	0x24
 231 0198 01       		.uleb128 0x1
 232 0199 8F030000 		.4byte	.LASF23
 233 019d 01       		.byte	0x1
 234 019e 7102     		.2byte	0x271
 235 01a0 11       		.byte	0x11
 236 01a1 7C000000 		.4byte	0x7c
 237 01a5 28       		.byte	0x28
 238 01a6 01       		.uleb128 0x1
 239 01a7 D9030000 		.4byte	.LASF24
 240 01ab 01       		.byte	0x1
 241 01ac 7202     		.2byte	0x272
 242 01ae 11       		.byte	0x11
 243 01af 69000000 		.4byte	0x69
 244 01b3 30       		.byte	0x30
 245 01b4 01       		.uleb128 0x1
 246 01b5 2C000000 		.4byte	.LASF25
 247 01b9 01       		.byte	0x1
 248 01ba 7302     		.2byte	0x273
 249 01bc 11       		.byte	0x11
 250 01bd 69000000 		.4byte	0x69
 251 01c1 34       		.byte	0x34
 252 01c2 01       		.uleb128 0x1
 253 01c3 D6000000 		.4byte	.LASF26
 254 01c7 01       		.byte	0x1
 255 01c8 7402     		.2byte	0x274
 256 01ca 11       		.byte	0x11
 257 01cb 69000000 		.4byte	0x69
 258 01cf 38       		.byte	0x38
 259 01d0 01       		.uleb128 0x1
 260 01d1 99030000 		.4byte	.LASF27
 261 01d5 01       		.byte	0x1
 262 01d6 7502     		.2byte	0x275
 263 01d8 11       		.byte	0x11
 264 01d9 5D000000 		.4byte	0x5d
 265 01dd 3C       		.byte	0x3c
 266 01de 01       		.uleb128 0x1
 267 01df CE000000 		.4byte	.LASF28
 268 01e3 01       		.byte	0x1
 269 01e4 7602     		.2byte	0x276
 270 01e6 11       		.byte	0x11
 271 01e7 69000000 		.4byte	0x69
 272 01eb 40       		.byte	0x40
 273 01ec 01       		.uleb128 0x1
 274 01ed 84010000 		.4byte	.LASF29
 275 01f1 01       		.byte	0x1
 276 01f2 7702     		.2byte	0x277
 277 01f4 11       		.byte	0x11
 278 01f5 69000000 		.4byte	0x69
 279 01f9 44       		.byte	0x44
 280 01fa 01       		.uleb128 0x1
 281 01fb A3030000 		.4byte	.LASF30
 282 01ff 01       		.byte	0x1
 283 0200 7802     		.2byte	0x278
 284 0202 11       		.byte	0x11
 285 0203 7C000000 		.4byte	0x7c
ARM GAS  /tmp/ccpHDaBR.s 			page 6


 286 0207 48       		.byte	0x48
 287 0208 01       		.uleb128 0x1
 288 0209 00000000 		.4byte	.LASF31
 289 020d 01       		.byte	0x1
 290 020e 7902     		.2byte	0x279
 291 0210 11       		.byte	0x11
 292 0211 69000000 		.4byte	0x69
 293 0215 50       		.byte	0x50
 294 0216 01       		.uleb128 0x1
 295 0217 7B030000 		.4byte	.LASF32
 296 021b 01       		.byte	0x1
 297 021c 7A02     		.2byte	0x27a
 298 021e 11       		.byte	0x11
 299 021f 69000000 		.4byte	0x69
 300 0223 54       		.byte	0x54
 301 0224 01       		.uleb128 0x1
 302 0225 B8000000 		.4byte	.LASF33
 303 0229 01       		.byte	0x1
 304 022a 7B02     		.2byte	0x27b
 305 022c 11       		.byte	0x11
 306 022d 69000000 		.4byte	0x69
 307 0231 58       		.byte	0x58
 308 0232 01       		.uleb128 0x1
 309 0233 AD030000 		.4byte	.LASF34
 310 0237 01       		.byte	0x1
 311 0238 7C02     		.2byte	0x27c
 312 023a 11       		.byte	0x11
 313 023b 5D000000 		.4byte	0x5d
 314 023f 5C       		.byte	0x5c
 315 0240 01       		.uleb128 0x1
 316 0241 1E030000 		.4byte	.LASF35
 317 0245 01       		.byte	0x1
 318 0246 7D02     		.2byte	0x27d
 319 0248 11       		.byte	0x11
 320 0249 69000000 		.4byte	0x69
 321 024d 60       		.byte	0x60
 322 024e 01       		.uleb128 0x1
 323 024f 2E040000 		.4byte	.LASF36
 324 0253 01       		.byte	0x1
 325 0254 7E02     		.2byte	0x27e
 326 0256 11       		.byte	0x11
 327 0257 69000000 		.4byte	0x69
 328 025b 64       		.byte	0x64
 329 025c 01       		.uleb128 0x1
 330 025d B7030000 		.4byte	.LASF37
 331 0261 01       		.byte	0x1
 332 0262 7F02     		.2byte	0x27f
 333 0264 11       		.byte	0x11
 334 0265 7C000000 		.4byte	0x7c
 335 0269 68       		.byte	0x68
 336 026a 01       		.uleb128 0x1
 337 026b 4A000000 		.4byte	.LASF38
 338 026f 01       		.byte	0x1
 339 0270 8002     		.2byte	0x280
 340 0272 11       		.byte	0x11
 341 0273 69000000 		.4byte	0x69
 342 0277 70       		.byte	0x70
ARM GAS  /tmp/ccpHDaBR.s 			page 7


 343 0278 02       		.uleb128 0x2
 344 0279 43535200 		.ascii	"CSR\000"
 345 027d 01       		.byte	0x1
 346 027e 8102     		.2byte	0x281
 347 0280 11       		.byte	0x11
 348 0281 69000000 		.4byte	0x69
 349 0285 74       		.byte	0x74
 350 0286 01       		.uleb128 0x1
 351 0287 C1030000 		.4byte	.LASF39
 352 028b 01       		.byte	0x1
 353 028c 8202     		.2byte	0x282
 354 028e 11       		.byte	0x11
 355 028f 7C000000 		.4byte	0x7c
 356 0293 78       		.byte	0x78
 357 0294 01       		.uleb128 0x1
 358 0295 A8000000 		.4byte	.LASF40
 359 0299 01       		.byte	0x1
 360 029a 8302     		.2byte	0x283
 361 029c 11       		.byte	0x11
 362 029d 69000000 		.4byte	0x69
 363 02a1 80       		.byte	0x80
 364 02a2 01       		.uleb128 0x1
 365 02a3 60000000 		.4byte	.LASF41
 366 02a7 01       		.byte	0x1
 367 02a8 8402     		.2byte	0x284
 368 02aa 11       		.byte	0x11
 369 02ab 69000000 		.4byte	0x69
 370 02af 84       		.byte	0x84
 371 02b0 00       		.byte	0
 372 02b1 09       		.uleb128 0x9
 373 02b2 08010000 		.4byte	.LASF42
 374 02b6 01       		.byte	0x1
 375 02b7 8502     		.2byte	0x285
 376 02b9 03       		.byte	0x3
 377 02ba 04010000 		.4byte	0x104
 378 02be 08       		.uleb128 0x8
 379 02bf 60       		.byte	0x60
 380 02c0 03       		.byte	0x3
 381 02c1 F501     		.2byte	0x1f5
 382 02c3 DE030000 		.4byte	0x3de
 383 02c7 02       		.uleb128 0x2
 384 02c8 43523100 		.ascii	"CR1\000"
 385 02cc 03       		.byte	0x3
 386 02cd F601     		.2byte	0x1f6
 387 02cf 19       		.byte	0x19
 388 02d0 69000000 		.4byte	0x69
 389 02d4 00       		.byte	0
 390 02d5 02       		.uleb128 0x2
 391 02d6 43523200 		.ascii	"CR2\000"
 392 02da 03       		.byte	0x3
 393 02db F701     		.2byte	0x1f7
 394 02dd 19       		.byte	0x19
 395 02de 69000000 		.4byte	0x69
 396 02e2 04       		.byte	0x4
 397 02e3 01       		.uleb128 0x1
 398 02e4 5E010000 		.4byte	.LASF43
 399 02e8 03       		.byte	0x3
ARM GAS  /tmp/ccpHDaBR.s 			page 8


 400 02e9 F801     		.2byte	0x1f8
 401 02eb 19       		.byte	0x19
 402 02ec 69000000 		.4byte	0x69
 403 02f0 08       		.byte	0x8
 404 02f1 01       		.uleb128 0x1
 405 02f2 AC020000 		.4byte	.LASF44
 406 02f6 03       		.byte	0x3
 407 02f7 F901     		.2byte	0x1f9
 408 02f9 19       		.byte	0x19
 409 02fa 69000000 		.4byte	0x69
 410 02fe 0C       		.byte	0xc
 411 02ff 02       		.uleb128 0x2
 412 0300 535200   		.ascii	"SR\000"
 413 0303 03       		.byte	0x3
 414 0304 FA01     		.2byte	0x1fa
 415 0306 19       		.byte	0x19
 416 0307 69000000 		.4byte	0x69
 417 030b 10       		.byte	0x10
 418 030c 02       		.uleb128 0x2
 419 030d 45475200 		.ascii	"EGR\000"
 420 0311 03       		.byte	0x3
 421 0312 FB01     		.2byte	0x1fb
 422 0314 19       		.byte	0x19
 423 0315 69000000 		.4byte	0x69
 424 0319 14       		.byte	0x14
 425 031a 01       		.uleb128 0x1
 426 031b 39000000 		.4byte	.LASF45
 427 031f 03       		.byte	0x3
 428 0320 FC01     		.2byte	0x1fc
 429 0322 19       		.byte	0x19
 430 0323 69000000 		.4byte	0x69
 431 0327 18       		.byte	0x18
 432 0328 01       		.uleb128 0x1
 433 0329 3F000000 		.4byte	.LASF46
 434 032d 03       		.byte	0x3
 435 032e FD01     		.2byte	0x1fd
 436 0330 19       		.byte	0x19
 437 0331 69000000 		.4byte	0x69
 438 0335 1C       		.byte	0x1c
 439 0336 01       		.uleb128 0x1
 440 0337 0A000000 		.4byte	.LASF47
 441 033b 03       		.byte	0x3
 442 033c FE01     		.2byte	0x1fe
 443 033e 19       		.byte	0x19
 444 033f 69000000 		.4byte	0x69
 445 0343 20       		.byte	0x20
 446 0344 02       		.uleb128 0x2
 447 0345 434E5400 		.ascii	"CNT\000"
 448 0349 03       		.byte	0x3
 449 034a FF01     		.2byte	0x1ff
 450 034c 19       		.byte	0x19
 451 034d 69000000 		.4byte	0x69
 452 0351 24       		.byte	0x24
 453 0352 02       		.uleb128 0x2
 454 0353 50534300 		.ascii	"PSC\000"
 455 0357 03       		.byte	0x3
 456 0358 0002     		.2byte	0x200
ARM GAS  /tmp/ccpHDaBR.s 			page 9


 457 035a 19       		.byte	0x19
 458 035b 69000000 		.4byte	0x69
 459 035f 28       		.byte	0x28
 460 0360 02       		.uleb128 0x2
 461 0361 41525200 		.ascii	"ARR\000"
 462 0365 03       		.byte	0x3
 463 0366 0102     		.2byte	0x201
 464 0368 19       		.byte	0x19
 465 0369 69000000 		.4byte	0x69
 466 036d 2C       		.byte	0x2c
 467 036e 02       		.uleb128 0x2
 468 036f 52435200 		.ascii	"RCR\000"
 469 0373 03       		.byte	0x3
 470 0374 0202     		.2byte	0x202
 471 0376 19       		.byte	0x19
 472 0377 69000000 		.4byte	0x69
 473 037b 30       		.byte	0x30
 474 037c 02       		.uleb128 0x2
 475 037d 43435200 		.ascii	"CCR\000"
 476 0381 03       		.byte	0x3
 477 0382 0302     		.2byte	0x203
 478 0384 19       		.byte	0x19
 479 0385 FF000000 		.4byte	0xff
 480 0389 34       		.byte	0x34
 481 038a 01       		.uleb128 0x1
 482 038b 39030000 		.4byte	.LASF48
 483 038f 03       		.byte	0x3
 484 0390 0402     		.2byte	0x204
 485 0392 19       		.byte	0x19
 486 0393 69000000 		.4byte	0x69
 487 0397 44       		.byte	0x44
 488 0398 02       		.uleb128 0x2
 489 0399 44435200 		.ascii	"DCR\000"
 490 039d 03       		.byte	0x3
 491 039e 0502     		.2byte	0x205
 492 03a0 19       		.byte	0x19
 493 03a1 69000000 		.4byte	0x69
 494 03a5 48       		.byte	0x48
 495 03a6 01       		.uleb128 0x1
 496 03a7 34000000 		.4byte	.LASF49
 497 03ab 03       		.byte	0x3
 498 03ac 0602     		.2byte	0x206
 499 03ae 19       		.byte	0x19
 500 03af 69000000 		.4byte	0x69
 501 03b3 4C       		.byte	0x4c
 502 03b4 02       		.uleb128 0x2
 503 03b5 4F5200   		.ascii	"OR\000"
 504 03b8 03       		.byte	0x3
 505 03b9 0702     		.2byte	0x207
 506 03bb 19       		.byte	0x19
 507 03bc 69000000 		.4byte	0x69
 508 03c0 50       		.byte	0x50
 509 03c1 01       		.uleb128 0x1
 510 03c2 37010000 		.4byte	.LASF50
 511 03c6 03       		.byte	0x3
 512 03c7 0802     		.2byte	0x208
 513 03c9 19       		.byte	0x19
ARM GAS  /tmp/ccpHDaBR.s 			page 10


 514 03ca 69000000 		.4byte	0x69
 515 03ce 54       		.byte	0x54
 516 03cf 01       		.uleb128 0x1
 517 03d0 45000000 		.4byte	.LASF51
 518 03d4 03       		.byte	0x3
 519 03d5 0902     		.2byte	0x209
 520 03d7 19       		.byte	0x19
 521 03d8 EA000000 		.4byte	0xea
 522 03dc 58       		.byte	0x58
 523 03dd 00       		.byte	0
 524 03de 09       		.uleb128 0x9
 525 03df 2D030000 		.4byte	.LASF52
 526 03e3 03       		.byte	0x3
 527 03e4 0A02     		.2byte	0x20a
 528 03e6 03       		.byte	0x3
 529 03e7 BE020000 		.4byte	0x2be
 530 03eb 03       		.uleb128 0x3
 531 03ec 01       		.byte	0x1
 532 03ed 08       		.byte	0x8
 533 03ee 28030000 		.4byte	.LASF53
 534 03f2 03       		.uleb128 0x3
 535 03f3 01       		.byte	0x1
 536 03f4 02       		.byte	0x2
 537 03f5 60030000 		.4byte	.LASF54
 538 03f9 0F       		.uleb128 0xf
 539 03fa 8C010000 		.4byte	.LASF71
 540 03fe 08       		.byte	0x8
 541 03ff 4E       		.byte	0x4e
 542 0400 08       		.byte	0x8
 543 0401 10040000 		.4byte	0x410
 544 0405 0A       		.uleb128 0xa
 545 0406 5D000000 		.4byte	0x5d
 546 040a 0A       		.uleb128 0xa
 547 040b 5D000000 		.4byte	0x5d
 548 040f 00       		.byte	0
 549 0410 0B       		.uleb128 0xb
 550 0411 FD030000 		.4byte	.LASF55
 551 0415 04       		.byte	0x4
 552 0416 1F01     		.2byte	0x11f
 553 0418 0B       		.uleb128 0xb
 554 0419 63010000 		.4byte	.LASF56
 555 041d 05       		.byte	0x5
 556 041e F501     		.2byte	0x1f5
 557 0420 10       		.uleb128 0x10
 558 0421 10040000 		.4byte	.LASF57
 559 0425 06       		.byte	0x6
 560 0426 1901     		.2byte	0x119
 561 0428 06       		.byte	0x6
 562 0429 11       		.uleb128 0x11
 563 042a 2E010000 		.4byte	.LASF58
 564 042e 06       		.byte	0x6
 565 042f FD       		.byte	0xfd
 566 0430 01       		.byte	0x1
 567 0431 04       		.uleb128 0x4
 568 0432 0F000000 		.4byte	.LASF59
 569 0436 07       		.byte	0x7
 570 0437 5902     		.2byte	0x259
ARM GAS  /tmp/ccpHDaBR.s 			page 11


 571 0439 04       		.uleb128 0x4
 572 043a 49010000 		.4byte	.LASF60
 573 043e 07       		.byte	0x7
 574 043f 1E02     		.2byte	0x21e
 575 0441 04       		.uleb128 0x4
 576 0442 3E030000 		.4byte	.LASF61
 577 0446 07       		.byte	0x7
 578 0447 1302     		.2byte	0x213
 579 0449 04       		.uleb128 0x4
 580 044a DE000000 		.4byte	.LASF62
 581 044e 04       		.byte	0x4
 582 044f 9D01     		.2byte	0x19d
 583 0451 04       		.uleb128 0x4
 584 0452 4F000000 		.4byte	.LASF63
 585 0456 04       		.byte	0x4
 586 0457 8901     		.2byte	0x189
 587 0459 04       		.uleb128 0x4
 588 045a E8030000 		.4byte	.LASF64
 589 045e 05       		.byte	0x5
 590 045f 8F02     		.2byte	0x28f
 591 0461 04       		.uleb128 0x4
 592 0462 14010000 		.4byte	.LASF65
 593 0466 05       		.byte	0x5
 594 0467 8402     		.2byte	0x284
 595 0469 04       		.uleb128 0x4
 596 046a 66030000 		.4byte	.LASF66
 597 046e 05       		.byte	0x5
 598 046f 7502     		.2byte	0x275
 599 0471 04       		.uleb128 0x4
 600 0472 6B000000 		.4byte	.LASF67
 601 0476 05       		.byte	0x5
 602 0477 5D02     		.2byte	0x25d
 603 0479 12       		.uleb128 0x12
 604 047a CB030000 		.4byte	.LASF72
 605 047e 09       		.byte	0x9
 606 047f EB01     		.2byte	0x1eb
 607 0481 1B       		.byte	0x1b
 608 0482 13       		.uleb128 0x13
 609 0483 16030000 		.4byte	.LASF73
 610 0487 09       		.byte	0x9
 611 0488 EB01     		.2byte	0x1eb
 612 048a 32       		.byte	0x32
 613 048b 5D000000 		.4byte	0x5d
 614 048f 00       		.byte	0
 615 0490 00       		.byte	0
 616              		.section	.gnu.debuglto_.debug_abbrev,"e",%progbits
 617              	.Ldebug_abbrev0:
 618 0000 01       		.uleb128 0x1
 619 0001 0D       		.uleb128 0xd
 620 0002 00       		.byte	0
 621 0003 03       		.uleb128 0x3
 622 0004 0E       		.uleb128 0xe
 623 0005 3A       		.uleb128 0x3a
 624 0006 0B       		.uleb128 0xb
 625 0007 3B       		.uleb128 0x3b
 626 0008 05       		.uleb128 0x5
 627 0009 39       		.uleb128 0x39
ARM GAS  /tmp/ccpHDaBR.s 			page 12


 628 000a 0B       		.uleb128 0xb
 629 000b 49       		.uleb128 0x49
 630 000c 13       		.uleb128 0x13
 631 000d 38       		.uleb128 0x38
 632 000e 0B       		.uleb128 0xb
 633 000f 00       		.byte	0
 634 0010 00       		.byte	0
 635 0011 02       		.uleb128 0x2
 636 0012 0D       		.uleb128 0xd
 637 0013 00       		.byte	0
 638 0014 03       		.uleb128 0x3
 639 0015 08       		.uleb128 0x8
 640 0016 3A       		.uleb128 0x3a
 641 0017 0B       		.uleb128 0xb
 642 0018 3B       		.uleb128 0x3b
 643 0019 05       		.uleb128 0x5
 644 001a 39       		.uleb128 0x39
 645 001b 0B       		.uleb128 0xb
 646 001c 49       		.uleb128 0x49
 647 001d 13       		.uleb128 0x13
 648 001e 38       		.uleb128 0x38
 649 001f 0B       		.uleb128 0xb
 650 0020 00       		.byte	0
 651 0021 00       		.byte	0
 652 0022 03       		.uleb128 0x3
 653 0023 24       		.uleb128 0x24
 654 0024 00       		.byte	0
 655 0025 0B       		.uleb128 0xb
 656 0026 0B       		.uleb128 0xb
 657 0027 3E       		.uleb128 0x3e
 658 0028 0B       		.uleb128 0xb
 659 0029 03       		.uleb128 0x3
 660 002a 0E       		.uleb128 0xe
 661 002b 00       		.byte	0
 662 002c 00       		.byte	0
 663 002d 04       		.uleb128 0x4
 664 002e 2E       		.uleb128 0x2e
 665 002f 00       		.byte	0
 666 0030 03       		.uleb128 0x3
 667 0031 0E       		.uleb128 0xe
 668 0032 3A       		.uleb128 0x3a
 669 0033 0B       		.uleb128 0xb
 670 0034 3B       		.uleb128 0x3b
 671 0035 05       		.uleb128 0x5
 672 0036 39       		.uleb128 0x39
 673 0037 21       		.uleb128 0x21
 674 0038 14       		.sleb128 20
 675 0039 27       		.uleb128 0x27
 676 003a 19       		.uleb128 0x19
 677 003b 00       		.byte	0
 678 003c 00       		.byte	0
 679 003d 05       		.uleb128 0x5
 680 003e 35       		.uleb128 0x35
 681 003f 00       		.byte	0
 682 0040 49       		.uleb128 0x49
 683 0041 13       		.uleb128 0x13
 684 0042 00       		.byte	0
ARM GAS  /tmp/ccpHDaBR.s 			page 13


 685 0043 00       		.byte	0
 686 0044 06       		.uleb128 0x6
 687 0045 01       		.uleb128 0x1
 688 0046 01       		.byte	0x1
 689 0047 49       		.uleb128 0x49
 690 0048 13       		.uleb128 0x13
 691 0049 01       		.uleb128 0x1
 692 004a 13       		.uleb128 0x13
 693 004b 00       		.byte	0
 694 004c 00       		.byte	0
 695 004d 07       		.uleb128 0x7
 696 004e 21       		.uleb128 0x21
 697 004f 00       		.byte	0
 698 0050 49       		.uleb128 0x49
 699 0051 13       		.uleb128 0x13
 700 0052 2F       		.uleb128 0x2f
 701 0053 0B       		.uleb128 0xb
 702 0054 00       		.byte	0
 703 0055 00       		.byte	0
 704 0056 08       		.uleb128 0x8
 705 0057 13       		.uleb128 0x13
 706 0058 01       		.byte	0x1
 707 0059 0B       		.uleb128 0xb
 708 005a 0B       		.uleb128 0xb
 709 005b 3A       		.uleb128 0x3a
 710 005c 0B       		.uleb128 0xb
 711 005d 3B       		.uleb128 0x3b
 712 005e 05       		.uleb128 0x5
 713 005f 39       		.uleb128 0x39
 714 0060 21       		.uleb128 0x21
 715 0061 09       		.sleb128 9
 716 0062 01       		.uleb128 0x1
 717 0063 13       		.uleb128 0x13
 718 0064 00       		.byte	0
 719 0065 00       		.byte	0
 720 0066 09       		.uleb128 0x9
 721 0067 16       		.uleb128 0x16
 722 0068 00       		.byte	0
 723 0069 03       		.uleb128 0x3
 724 006a 0E       		.uleb128 0xe
 725 006b 3A       		.uleb128 0x3a
 726 006c 0B       		.uleb128 0xb
 727 006d 3B       		.uleb128 0x3b
 728 006e 05       		.uleb128 0x5
 729 006f 39       		.uleb128 0x39
 730 0070 0B       		.uleb128 0xb
 731 0071 49       		.uleb128 0x49
 732 0072 13       		.uleb128 0x13
 733 0073 00       		.byte	0
 734 0074 00       		.byte	0
 735 0075 0A       		.uleb128 0xa
 736 0076 05       		.uleb128 0x5
 737 0077 00       		.byte	0
 738 0078 49       		.uleb128 0x49
 739 0079 13       		.uleb128 0x13
 740 007a 00       		.byte	0
 741 007b 00       		.byte	0
ARM GAS  /tmp/ccpHDaBR.s 			page 14


 742 007c 0B       		.uleb128 0xb
 743 007d 2E       		.uleb128 0x2e
 744 007e 00       		.byte	0
 745 007f 3F       		.uleb128 0x3f
 746 0080 19       		.uleb128 0x19
 747 0081 03       		.uleb128 0x3
 748 0082 0E       		.uleb128 0xe
 749 0083 3A       		.uleb128 0x3a
 750 0084 0B       		.uleb128 0xb
 751 0085 3B       		.uleb128 0x3b
 752 0086 05       		.uleb128 0x5
 753 0087 39       		.uleb128 0x39
 754 0088 21       		.uleb128 0x21
 755 0089 08       		.sleb128 8
 756 008a 27       		.uleb128 0x27
 757 008b 19       		.uleb128 0x19
 758 008c 3C       		.uleb128 0x3c
 759 008d 19       		.uleb128 0x19
 760 008e 00       		.byte	0
 761 008f 00       		.byte	0
 762 0090 0C       		.uleb128 0xc
 763 0091 11       		.uleb128 0x11
 764 0092 01       		.byte	0x1
 765 0093 25       		.uleb128 0x25
 766 0094 0E       		.uleb128 0xe
 767 0095 13       		.uleb128 0x13
 768 0096 0B       		.uleb128 0xb
 769 0097 03       		.uleb128 0x3
 770 0098 0E       		.uleb128 0xe
 771 0099 1B       		.uleb128 0x1b
 772 009a 0E       		.uleb128 0xe
 773 009b 10       		.uleb128 0x10
 774 009c 17       		.uleb128 0x17
 775 009d 00       		.byte	0
 776 009e 00       		.byte	0
 777 009f 0D       		.uleb128 0xd
 778 00a0 24       		.uleb128 0x24
 779 00a1 00       		.byte	0
 780 00a2 0B       		.uleb128 0xb
 781 00a3 0B       		.uleb128 0xb
 782 00a4 3E       		.uleb128 0x3e
 783 00a5 0B       		.uleb128 0xb
 784 00a6 03       		.uleb128 0x3
 785 00a7 08       		.uleb128 0x8
 786 00a8 00       		.byte	0
 787 00a9 00       		.byte	0
 788 00aa 0E       		.uleb128 0xe
 789 00ab 16       		.uleb128 0x16
 790 00ac 00       		.byte	0
 791 00ad 03       		.uleb128 0x3
 792 00ae 0E       		.uleb128 0xe
 793 00af 3A       		.uleb128 0x3a
 794 00b0 0B       		.uleb128 0xb
 795 00b1 3B       		.uleb128 0x3b
 796 00b2 0B       		.uleb128 0xb
 797 00b3 39       		.uleb128 0x39
 798 00b4 0B       		.uleb128 0xb
ARM GAS  /tmp/ccpHDaBR.s 			page 15


 799 00b5 49       		.uleb128 0x49
 800 00b6 13       		.uleb128 0x13
 801 00b7 00       		.byte	0
 802 00b8 00       		.byte	0
 803 00b9 0F       		.uleb128 0xf
 804 00ba 2E       		.uleb128 0x2e
 805 00bb 01       		.byte	0x1
 806 00bc 3F       		.uleb128 0x3f
 807 00bd 19       		.uleb128 0x19
 808 00be 03       		.uleb128 0x3
 809 00bf 0E       		.uleb128 0xe
 810 00c0 3A       		.uleb128 0x3a
 811 00c1 0B       		.uleb128 0xb
 812 00c2 3B       		.uleb128 0x3b
 813 00c3 0B       		.uleb128 0xb
 814 00c4 39       		.uleb128 0x39
 815 00c5 0B       		.uleb128 0xb
 816 00c6 27       		.uleb128 0x27
 817 00c7 19       		.uleb128 0x19
 818 00c8 3C       		.uleb128 0x3c
 819 00c9 19       		.uleb128 0x19
 820 00ca 01       		.uleb128 0x1
 821 00cb 13       		.uleb128 0x13
 822 00cc 00       		.byte	0
 823 00cd 00       		.byte	0
 824 00ce 10       		.uleb128 0x10
 825 00cf 2E       		.uleb128 0x2e
 826 00d0 00       		.byte	0
 827 00d1 3F       		.uleb128 0x3f
 828 00d2 19       		.uleb128 0x19
 829 00d3 03       		.uleb128 0x3
 830 00d4 0E       		.uleb128 0xe
 831 00d5 3A       		.uleb128 0x3a
 832 00d6 0B       		.uleb128 0xb
 833 00d7 3B       		.uleb128 0x3b
 834 00d8 05       		.uleb128 0x5
 835 00d9 39       		.uleb128 0x39
 836 00da 0B       		.uleb128 0xb
 837 00db 27       		.uleb128 0x27
 838 00dc 19       		.uleb128 0x19
 839 00dd 00       		.byte	0
 840 00de 00       		.byte	0
 841 00df 11       		.uleb128 0x11
 842 00e0 2E       		.uleb128 0x2e
 843 00e1 00       		.byte	0
 844 00e2 3F       		.uleb128 0x3f
 845 00e3 19       		.uleb128 0x19
 846 00e4 03       		.uleb128 0x3
 847 00e5 0E       		.uleb128 0xe
 848 00e6 3A       		.uleb128 0x3a
 849 00e7 0B       		.uleb128 0xb
 850 00e8 3B       		.uleb128 0x3b
 851 00e9 0B       		.uleb128 0xb
 852 00ea 39       		.uleb128 0x39
 853 00eb 0B       		.uleb128 0xb
 854 00ec 27       		.uleb128 0x27
 855 00ed 19       		.uleb128 0x19
ARM GAS  /tmp/ccpHDaBR.s 			page 16


 856 00ee 00       		.byte	0
 857 00ef 00       		.byte	0
 858 00f0 12       		.uleb128 0x12
 859 00f1 2E       		.uleb128 0x2e
 860 00f2 01       		.byte	0x1
 861 00f3 03       		.uleb128 0x3
 862 00f4 0E       		.uleb128 0xe
 863 00f5 3A       		.uleb128 0x3a
 864 00f6 0B       		.uleb128 0xb
 865 00f7 3B       		.uleb128 0x3b
 866 00f8 05       		.uleb128 0x5
 867 00f9 39       		.uleb128 0x39
 868 00fa 0B       		.uleb128 0xb
 869 00fb 27       		.uleb128 0x27
 870 00fc 19       		.uleb128 0x19
 871 00fd 00       		.byte	0
 872 00fe 00       		.byte	0
 873 00ff 13       		.uleb128 0x13
 874 0100 05       		.uleb128 0x5
 875 0101 00       		.byte	0
 876 0102 03       		.uleb128 0x3
 877 0103 0E       		.uleb128 0xe
 878 0104 3A       		.uleb128 0x3a
 879 0105 0B       		.uleb128 0xb
 880 0106 3B       		.uleb128 0x3b
 881 0107 05       		.uleb128 0x5
 882 0108 39       		.uleb128 0x39
 883 0109 0B       		.uleb128 0xb
 884 010a 49       		.uleb128 0x49
 885 010b 13       		.uleb128 0x13
 886 010c 00       		.byte	0
 887 010d 00       		.byte	0
 888 010e 00       		.byte	0
 889              		.section	.gnu.debuglto_.debug_line,"e",%progbits
 890              	.Ldebug_line0:
 891 0000 7A000000 		.4byte	.LELT0-.LSLT0
 892              	.LSLT0:
 893 0004 0500     		.2byte	0x5
 894 0006 04       		.byte	0x4
 895 0007 00       		.byte	0
 896 0008 72000000 		.4byte	.LELTP0-.LASLTP0
 897              	.LASLTP0:
 898 000c 01       		.byte	0x1
 899 000d 01       		.byte	0x1
 900 000e 01       		.byte	0x1
 901 000f F6       		.byte	0xf6
 902 0010 F2       		.byte	0xf2
 903 0011 0D       		.byte	0xd
 904 0012 00       		.byte	0
 905 0013 01       		.byte	0x1
 906 0014 01       		.byte	0x1
 907 0015 01       		.byte	0x1
 908 0016 01       		.byte	0x1
 909 0017 00       		.byte	0
 910 0018 00       		.byte	0
 911 0019 00       		.byte	0
 912 001a 01       		.byte	0x1
ARM GAS  /tmp/ccpHDaBR.s 			page 17


 913 001b 00       		.byte	0
 914 001c 00       		.byte	0
 915 001d 01       		.byte	0x1
 916 001e 01       		.byte	0x1
 917 001f 01       		.uleb128 0x1
 918 0020 1F       		.uleb128 0x1f
 919 0021 09       		.uleb128 0x9
 920 0022 99010000 		.4byte	.LASF74
 921 0026 44010000 		.4byte	.LASF75
 922 002a 87000000 		.4byte	.LASF76
 923 002e 26000000 		.4byte	.LASF77
 924 0032 72010000 		.4byte	.LASF78
 925 0036 00000000 		.4byte	.LASF79
 926 003a 46000000 		.4byte	.LASF80
 927 003e B7000000 		.4byte	.LASF81
 928 0042 E7000000 		.4byte	.LASF82
 929 0046 02       		.byte	0x2
 930 0047 01       		.uleb128 0x1
 931 0048 1F       		.uleb128 0x1f
 932 0049 02       		.uleb128 0x2
 933 004a 0B       		.uleb128 0xb
 934 004b 0A       		.uleb128 0xa
 935 004c 11010000 		.4byte	.LASF83
 936 0050 00       		.byte	0
 937 0051 E3010000 		.4byte	.LASF84
 938 0055 02       		.byte	0x2
 939 0056 77000000 		.4byte	.LASF85
 940 005a 08       		.byte	0x8
 941 005b CE000000 		.4byte	.LASF86
 942 005f 05       		.byte	0x5
 943 0060 8A010000 		.4byte	.LASF87
 944 0064 07       		.byte	0x7
 945 0065 DA000000 		.4byte	.LASF88
 946 0069 03       		.byte	0x3
 947 006a 6A000000 		.4byte	.LASF89
 948 006e 05       		.byte	0x5
 949 006f 80000000 		.4byte	.LASF90
 950 0073 04       		.byte	0x4
 951 0074 92010000 		.4byte	.LASF91
 952 0078 06       		.byte	0x6
 953 0079 AB000000 		.4byte	.LASF92
 954 007d 01       		.byte	0x1
 955              	.LELTP0:
 956              	.LELT0:
 957              		.section	.gnu.debuglto_.debug_str,"eMS",%progbits,1
 958              	.LASF31:
 959 0000 41484231 		.ascii	"AHB1LPENR\000"
 959      4C50454E 
 959      5200
 960              	.LASF47:
 961 000a 43434552 		.ascii	"CCER\000"
 961      00
 962              	.LASF59:
 963 000f 6F73616C 		.ascii	"osalOsTimerHandlerI\000"
 963      4F735469 
 963      6D657248 
 963      616E646C 
ARM GAS  /tmp/ccpHDaBR.s 			page 18


 963      65724900 
 964              	.LASF21:
 965 0023 41504231 		.ascii	"APB1RSTR\000"
 965      52535452 
 965      00
 966              	.LASF25:
 967 002c 41484232 		.ascii	"AHB2ENR\000"
 967      454E5200 
 968              	.LASF49:
 969 0034 444D4152 		.ascii	"DMAR\000"
 969      00
 970              	.LASF45:
 971 0039 43434D52 		.ascii	"CCMR1\000"
 971      3100
 972              	.LASF46:
 973 003f 43434D52 		.ascii	"CCMR2\000"
 973      3200
 974              	.LASF51:
 975 0045 43435852 		.ascii	"CCXR\000"
 975      00
 976              	.LASF38:
 977 004a 42444352 		.ascii	"BDCR\000"
 977      00
 978              	.LASF63:
 979 004f 63685379 		.ascii	"chSysLockFromISR\000"
 979      734C6F63 
 979      6B46726F 
 979      6D495352 
 979      00
 980              	.LASF41:
 981 0060 504C4C49 		.ascii	"PLLI2SCFGR\000"
 981      32534346 
 981      475200
 982              	.LASF67:
 983 006b 706F7274 		.ascii	"port_lock\000"
 983      5F6C6F63 
 983      6B00
 984              	.LASF69:
 985 0075 2E2E2F2E 		.ascii	"../../../os/hal/ports/STM32/LLD/TIMv1/hal_st_lld.c\000"
 985      2E2F2E2E 
 985      2F6F732F 
 985      68616C2F 
 985      706F7274 
 986              	.LASF40:
 987 00a8 53534347 		.ascii	"SSCGR\000"
 987      5200
 988              	.LASF4:
 989 00ae 73686F72 		.ascii	"short int\000"
 989      7420696E 
 989      7400
 990              	.LASF33:
 991 00b8 41484233 		.ascii	"AHB3LPENR\000"
 991      4C50454E 
 991      5200
 992              	.LASF16:
 993 00c2 43464752 		.ascii	"CFGR\000"
 993      00
ARM GAS  /tmp/ccpHDaBR.s 			page 19


 994              	.LASF12:
 995 00c7 41504232 		.ascii	"APB2FZ\000"
 995      465A00
 996              	.LASF28:
 997 00ce 41504231 		.ascii	"APB1ENR\000"
 997      454E5200 
 998              	.LASF26:
 999 00d6 41484233 		.ascii	"AHB3ENR\000"
 999      454E5200 
 1000              	.LASF62:
 1001 00de 63685379 		.ascii	"chSysUnlockFromISR\000"
 1001      73556E6C 
 1001      6F636B46 
 1001      726F6D49 
 1001      535200
 1002              	.LASF1:
 1003 00f1 6C6F6E67 		.ascii	"long long int\000"
 1003      206C6F6E 
 1003      6720696E 
 1003      7400
 1004              	.LASF5:
 1005 00ff 6C6F6E67 		.ascii	"long int\000"
 1005      20696E74 
 1005      00
 1006              	.LASF42:
 1007 0108 5243435F 		.ascii	"RCC_TypeDef\000"
 1007      54797065 
 1007      44656600 
 1008              	.LASF65:
 1009 0114 706F7274 		.ascii	"port_lock_from_isr\000"
 1009      5F6C6F63 
 1009      6B5F6672 
 1009      6F6D5F69 
 1009      737200
 1010              	.LASF11:
 1011 0127 41504231 		.ascii	"APB1FZ\000"
 1011      465A00
 1012              	.LASF58:
 1013 012e 56656374 		.ascii	"VectorB0\000"
 1013      6F724230 
 1013      00
 1014              	.LASF50:
 1015 0137 43434D52 		.ascii	"CCMR3\000"
 1015      3300
 1016              	.LASF2:
 1017 013d 6C6F6E67 		.ascii	"long double\000"
 1017      20646F75 
 1017      626C6500 
 1018              	.LASF60:
 1019 0149 6F73616C 		.ascii	"osalSysUnlockFromISR\000"
 1019      53797355 
 1019      6E6C6F63 
 1019      6B46726F 
 1019      6D495352 
 1020              	.LASF43:
 1021 015e 534D4352 		.ascii	"SMCR\000"
 1021      00
ARM GAS  /tmp/ccpHDaBR.s 			page 20


 1022              	.LASF56:
 1023 0163 5F706F72 		.ascii	"_port_irq_epilogue\000"
 1023      745F6972 
 1023      715F6570 
 1023      696C6F67 
 1023      756500
 1024              	.LASF6:
 1025 0176 756E7369 		.ascii	"unsigned char\000"
 1025      676E6564 
 1025      20636861 
 1025      7200
 1026              	.LASF29:
 1027 0184 41504232 		.ascii	"APB2ENR\000"
 1027      454E5200 
 1028              	.LASF71:
 1029 018c 6E766963 		.ascii	"nvicEnableVector\000"
 1029      456E6162 
 1029      6C655665 
 1029      63746F72 
 1029      00
 1030              	.LASF3:
 1031 019d 7369676E 		.ascii	"signed char\000"
 1031      65642063 
 1031      68617200 
 1032              	.LASF9:
 1033 01a9 6C6F6E67 		.ascii	"long long unsigned int\000"
 1033      206C6F6E 
 1033      6720756E 
 1033      7369676E 
 1033      65642069 
 1034              	.LASF13:
 1035 01c0 75696E74 		.ascii	"uint32_t\000"
 1035      33325F74 
 1035      00
 1036              	.LASF0:
 1037 01c9 756E7369 		.ascii	"unsigned int\000"
 1037      676E6564 
 1037      20696E74 
 1037      00
 1038              	.LASF18:
 1039 01d6 41484232 		.ascii	"AHB2RSTR\000"
 1039      52535452 
 1039      00
 1040              	.LASF8:
 1041 01df 6C6F6E67 		.ascii	"long unsigned int\000"
 1041      20756E73 
 1041      69676E65 
 1041      6420696E 
 1041      7400
 1042              	.LASF68:
 1043 01f1 474E5520 		.ascii	"GNU C17 13.2.1 20231009 -mcpu=cortex-m4 -mthumb -mf"
 1043      43313720 
 1043      31332E32 
 1043      2E312032 
 1043      30323331 
 1044 0224 6C6F6174 		.ascii	"loat-abi=soft -march=armv7e-m -ggdb -O2 -fomit-fram"
 1044      2D616269 
ARM GAS  /tmp/ccpHDaBR.s 			page 21


 1044      3D736F66 
 1044      74202D6D 
 1044      61726368 
 1045 0257 652D706F 		.ascii	"e-pointer -falign-functions=16 -ffunction-sections "
 1045      696E7465 
 1045      72202D66 
 1045      616C6967 
 1045      6E2D6675 
 1046 028a 2D666461 		.ascii	"-fdata-sections -fno-common -flto\000"
 1046      74612D73 
 1046      65637469 
 1046      6F6E7320 
 1046      2D666E6F 
 1047              	.LASF44:
 1048 02ac 44494552 		.ascii	"DIER\000"
 1048      00
 1049              	.LASF15:
 1050 02b1 504C4C43 		.ascii	"PLLCFGR\000"
 1050      46475200 
 1051              	.LASF70:
 1052 02b9 2F686F6D 		.ascii	"/home/mayank/chibios-workspace/ChibiOS/demos/STM32/"
 1052      652F6D61 
 1052      79616E6B 
 1052      2F636869 
 1052      62696F73 
 1053 02ec 52542D53 		.ascii	"RT-STM32F407-DISCOVERY\000"
 1053      544D3332 
 1053      46343037 
 1053      2D444953 
 1053      434F5645 
 1054              	.LASF7:
 1055 0303 73686F72 		.ascii	"short unsigned int\000"
 1055      7420756E 
 1055      7369676E 
 1055      65642069 
 1055      6E7400
 1056              	.LASF73:
 1057 0316 62617365 		.ascii	"basePri\000"
 1057      50726900 
 1058              	.LASF35:
 1059 031e 41504231 		.ascii	"APB1LPENR\000"
 1059      4C50454E 
 1059      5200
 1060              	.LASF53:
 1061 0328 63686172 		.ascii	"char\000"
 1061      00
 1062              	.LASF52:
 1063 032d 73746D33 		.ascii	"stm32_tim_t\000"
 1063      325F7469 
 1063      6D5F7400 
 1064              	.LASF48:
 1065 0339 42445452 		.ascii	"BDTR\000"
 1065      00
 1066              	.LASF61:
 1067 033e 6F73616C 		.ascii	"osalSysLockFromISR\000"
 1067      5379734C 
 1067      6F636B46 
ARM GAS  /tmp/ccpHDaBR.s 			page 22


 1067      726F6D49 
 1067      535200
 1068              	.LASF14:
 1069 0351 4442474D 		.ascii	"DBGMCU_TypeDef\000"
 1069      43555F54 
 1069      79706544 
 1069      656600
 1070              	.LASF54:
 1071 0360 5F426F6F 		.ascii	"_Bool\000"
 1071      6C00
 1072              	.LASF66:
 1073 0366 706F7274 		.ascii	"port_unlock\000"
 1073      5F756E6C 
 1073      6F636B00 
 1074              	.LASF22:
 1075 0372 41504232 		.ascii	"APB2RSTR\000"
 1075      52535452 
 1075      00
 1076              	.LASF32:
 1077 037b 41484232 		.ascii	"AHB2LPENR\000"
 1077      4C50454E 
 1077      5200
 1078              	.LASF20:
 1079 0385 52455345 		.ascii	"RESERVED0\000"
 1079      52564544 
 1079      3000
 1080              	.LASF23:
 1081 038f 52455345 		.ascii	"RESERVED1\000"
 1081      52564544 
 1081      3100
 1082              	.LASF27:
 1083 0399 52455345 		.ascii	"RESERVED2\000"
 1083      52564544 
 1083      3200
 1084              	.LASF30:
 1085 03a3 52455345 		.ascii	"RESERVED3\000"
 1085      52564544 
 1085      3300
 1086              	.LASF34:
 1087 03ad 52455345 		.ascii	"RESERVED4\000"
 1087      52564544 
 1087      3400
 1088              	.LASF37:
 1089 03b7 52455345 		.ascii	"RESERVED5\000"
 1089      52564544 
 1089      3500
 1090              	.LASF39:
 1091 03c1 52455345 		.ascii	"RESERVED6\000"
 1091      52564544 
 1091      3600
 1092              	.LASF72:
 1093 03cb 5F5F7365 		.ascii	"__set_BASEPRI\000"
 1093      745F4241 
 1093      53455052 
 1093      4900
 1094              	.LASF24:
 1095 03d9 41484231 		.ascii	"AHB1ENR\000"
ARM GAS  /tmp/ccpHDaBR.s 			page 23


 1095      454E5200 
 1096              	.LASF10:
 1097 03e1 4944434F 		.ascii	"IDCODE\000"
 1097      444500
 1098              	.LASF64:
 1099 03e8 706F7274 		.ascii	"port_unlock_from_isr\000"
 1099      5F756E6C 
 1099      6F636B5F 
 1099      66726F6D 
 1099      5F697372 
 1100              	.LASF55:
 1101 03fd 63685379 		.ascii	"chSysTimerHandlerI\000"
 1101      7354696D 
 1101      65724861 
 1101      6E646C65 
 1101      724900
 1102              	.LASF57:
 1103 0410 73745F6C 		.ascii	"st_lld_init\000"
 1103      6C645F69 
 1103      6E697400 
 1104              	.LASF17:
 1105 041c 41484231 		.ascii	"AHB1RSTR\000"
 1105      52535452 
 1105      00
 1106              	.LASF19:
 1107 0425 41484233 		.ascii	"AHB3RSTR\000"
 1107      52535452 
 1107      00
 1108              	.LASF36:
 1109 042e 41504232 		.ascii	"APB2LPENR\000"
 1109      4C50454E 
 1109      5200
 1110              		.section	.gnu.debuglto_.debug_line_str,"eMS",%progbits,1
 1111              	.LASF79:
 1112 0000 2E2E2F2E 		.ascii	"../../../os/hal/ports/STM32/LLD/TIMv1\000"
 1112      2E2F2E2E 
 1112      2F6F732F 
 1112      68616C2F 
 1112      706F7274 
 1113              	.LASF77:
 1114 0026 2E2E2F2E 		.ascii	"../../../os/common/ports/ARMCMx\000"
 1114      2E2F2E2E 
 1114      2F6F732F 
 1114      636F6D6D 
 1114      6F6E2F70 
 1115              	.LASF80:
 1116 0046 2E2E2F2E 		.ascii	"../../../os/hal/ports/common/ARMCMx\000"
 1116      2E2F2E2E 
 1116      2F6F732F 
 1116      68616C2F 
 1116      706F7274 
 1117              	.LASF89:
 1118 006a 68616C5F 		.ascii	"hal_st_lld.c\000"
 1118      73745F6C 
 1118      6C642E63 
 1118      00
 1119              	.LASF85:
ARM GAS  /tmp/ccpHDaBR.s 			page 24


 1120 0077 73746469 		.ascii	"stdint.h\000"
 1120      6E742E68 
 1120      00
 1121              	.LASF90:
 1122 0080 6F73616C 		.ascii	"osal.h\000"
 1122      2E6800
 1123              	.LASF76:
 1124 0087 2E2E2F2E 		.ascii	"../../../os/common/ext/ST/STM32F4xx\000"
 1124      2E2F2E2E 
 1124      2F6F732F 
 1124      636F6D6D 
 1124      6F6E2F65 
 1125              	.LASF92:
 1126 00ab 636D7369 		.ascii	"cmsis_gcc.h\000"
 1126      735F6763 
 1126      632E6800 
 1127              	.LASF81:
 1128 00b7 2E2E2F2E 		.ascii	"../../../os/rt/include\000"
 1128      2E2F2E2E 
 1128      2F6F732F 
 1128      72742F69 
 1128      6E636C75 
 1129              	.LASF86:
 1130 00ce 73746D33 		.ascii	"stm32_tim.h\000"
 1130      325F7469 
 1130      6D2E6800 
 1131              	.LASF88:
 1132 00da 6368636F 		.ascii	"chcore_v7m.h\000"
 1132      72655F76 
 1132      376D2E68 
 1132      00
 1133              	.LASF82:
 1134 00e7 2F757372 		.ascii	"/usr/lib/gcc/arm-none-eabi/13.2.1/include\000"
 1134      2F6C6962 
 1134      2F676363 
 1134      2F61726D 
 1134      2D6E6F6E 
 1135              	.LASF83:
 1136 0111 2E2E2F2E 		.ascii	"../../../os/hal/ports/STM32/LLD/TIMv1/hal_st_lld.c\000"
 1136      2E2F2E2E 
 1136      2F6F732F 
 1136      68616C2F 
 1136      706F7274 
 1137              	.LASF75:
 1138 0144 2E2E2F2E 		.ascii	"../../../os/common/ext/ARM/CMSIS/Core/Include\000"
 1138      2E2F2E2E 
 1138      2F6F732F 
 1138      636F6D6D 
 1138      6F6E2F65 
 1139              	.LASF78:
 1140 0172 2E2E2F2E 		.ascii	"../../../os/hal/osal/rt\000"
 1140      2E2F2E2E 
 1140      2F6F732F 
 1140      68616C2F 
 1140      6F73616C 
 1141              	.LASF87:
 1142 018a 63687379 		.ascii	"chsys.h\000"
ARM GAS  /tmp/ccpHDaBR.s 			page 25


 1142      732E6800 
 1143              	.LASF91:
 1144 0192 6E766963 		.ascii	"nvic.h\000"
 1144      2E6800
 1145              	.LASF74:
 1146 0199 2F686F6D 		.ascii	"/home/mayank/chibios-workspace/ChibiOS/demos/STM32/"
 1146      652F6D61 
 1146      79616E6B 
 1146      2F636869 
 1146      62696F73 
 1147 01cc 52542D53 		.ascii	"RT-STM32F407-DISCOVERY\000"
 1147      544D3332 
 1147      46343037 
 1147      2D444953 
 1147      434F5645 
 1148              	.LASF84:
 1149 01e3 73746D33 		.ascii	"stm32f407xx.h\000"
 1149      32663430 
 1149      3778782E 
 1149      6800
 1150              		.text
 1151              		.section	.gnu.lto_.profile.94db276903f81114,"e",%progbits
 1152 0000 789C6362 		.ascii	"x\234cb\000\001\000\000\022\000\003"
 1152      00010000 
 1152      120003
 1153              		.text
 1154              		.section	.gnu.lto_.icf.94db276903f81114,"e",%progbits
 1155 0000 789C0B61 		.ascii	"x\234\013a@\000&\206\207\213\347\334\346fab`b\004a\306"
 1155      40002686 
 1155      878BE7DC 
 1155      E6666162 
 1155      60620461 
 1156 0015 09CFA63D 		.ascii	"\011\317\246=b\225\0032\231\260`f(f\304\207\031\000"
 1156      62950332 
 1156      99B06066 
 1156      2866C487 
 1156      1900
 1157 0027 EB1606D1 		.ascii	"\353\026\006\321"
 1158              		.text
 1159              		.section	.gnu.lto_.ipa_sra.94db276903f81114,"e",%progbits
 1160 0000 789CE363 		.ascii	"x\234\343c@\000&\006\006F\020\004\023\014\000\001\311"
 1160      40002606 
 1160      06461004 
 1160      130C0001 
 1160      C9
 1161 0011 0017     		.ascii	"\000\027"
 1162              		.text
 1163              		.section	.gnu.lto_.inline.94db276903f81114,"e",%progbits
 1164 0000 789C4B60 		.ascii	"x\234K`@\000&\006\006\236\207_/\036aJg\004r\370\346"
 1164      40002606 
 1164      069E875F 
 1164      2F1E614A 
 1164      670472F8 
 1165 0015 75ADDBCF 		.ascii	"u\255\333\317\224\312\300\300\326\000\004L)L y\006\006"
 1165      94CAC0C0 
 1165      D600044C 
 1165      294C2079 
ARM GAS  /tmp/ccpHDaBR.s 			page 26


 1165      0606
 1166 0027 462E2492 		.ascii	"F.$\222A\002,\227\001R\257\002d-`JGW\317\314\0031\031"
 1166      41022C97 
 1166      0152AF02 
 1166      642D604A 
 1166      4757CFCC 
 1167 003e 08001AD4 		.ascii	"\010\000\032\324\021\212"
 1167      118A
 1168              		.text
 1169              		.section	.gnu.lto_.jmpfuncs.94db276903f81114,"e",%progbits
 1170 0000 789CD366 		.ascii	"x\234\323f@\000&0\311\310\300\300\302\304V\316(\303"
 1170      40002630 
 1170      C9C8C0C0 
 1170      C2C456CE 
 1170      28C3
 1171 0012 C0788085 		.ascii	"\300x\200\205Q\006\210\2012@>\007\230\317\001\3463\000"
 1171      51068881 
 1171      32403E07 
 1171      98CF01E6 
 1171      3300
 1172 0024 00592704 		.ascii	"\000Y'\004\221"
 1172      91
 1173              		.text
 1174              		.section	.gnu.lto_.pureconst.94db276903f81114,"e",%progbits
 1175 0000 789C6367 		.ascii	"x\234cg```b\330\305\3128\213\005\000\005W\001h"
 1175      60606062 
 1175      D8C5CA38 
 1175      8B050005 
 1175      570168
 1176              		.text
 1177              		.section	.gnu.lto_.ipa_modref.94db276903f81114,"e",%progbits
 1178 0000 789C3361 		.ascii	"x\2343a@\000FF\020\311\304\304\312\300\310\304\306\310"
 1178      40004646 
 1178      10C9C4C4 
 1178      CAC0C8C4 
 1178      C6C8
 1179 0012 C0C40EA1 		.ascii	"\300\304\016\241\031\230\321E\2308\2402l\014\000\027"
 1179      1998D145 
 1179      9838A032 
 1179      6C0C0017 
 1180 0022 24009E   		.ascii	"$\000\236"
 1181              		.text
 1182              		.section	.gnu.lto_.lto.94db276903f81114,"e",%progbits
 1183 0000 0D000000 		.ascii	"\015\000\000\000\001\000\000\000"
 1183      01000000 
 1184              		.text
 1185              		.section	.gnu.lto_VectorB0.328.94db276903f81114,"e",%progbits
 1186 0000 789C6D52 		.ascii	"x\234mRkL\233e\024>\347}[.\312\214\313\202\361\237d"
 1186      6B4C9B65 
 1186      143EE77D 
 1186      5B2ECA8C 
 1186      CB82F19F 
 1187 0015 C9322FA3 		.ascii	"\3112/\243\037\273 \321\304\250a.\301\254N)\231Y\214"
 1187      1FBB20D1 
 1187      C4A8612E 
 1187      C1AC4E29 
 1187      99598C
ARM GAS  /tmp/ccpHDaBR.s 			page 27


 1188 0028 C1521A69 		.ascii	"\301R\032i\240|\254\037\273\020C\370l\331\226\260d\013"
 1188      A07CAC1F 
 1188      BB1043F8 
 1188      6CD996B0 
 1188      640B
 1189 003a A809C445 		.ascii	"\250\011\304Ed\353\022X\352\005\007\0046\250\335\030"
 1189      64EB1258 
 1189      EA050704 
 1189      36A8DD18 
 1190 004a 721B2D28 		.ascii	"r\033-(\373!:S\031qjf\254s\030\\\234x\336\357\375\012"
 1190      FB213A53 
 1190      19716A66 
 1190      AC73185C 
 1190      9C78DEEF 
 1191 0060 5569DAF7 		.ascii	"Ui\332\367\362\234\347\234\3679O\317\031\013@9\002\274"
 1191      F29CE79C 
 1191      F7394FCF 
 1191      190B4039 
 1191      02BC
 1192 0072 02006805 		.ascii	"\002\000h\005linb\240\353\372s\351\214\005\232\2173"
 1192      6C696E62 
 1192      A0EBFA73 
 1192      E98C059A 
 1192      8F33
 1193 0084 1CC0A68F 		.ascii	"\034\300\246\217Of[\032\233\037\370c&\361\270\205\343"
 1193      4F665B1A 
 1193      9B1FF863 
 1193      26F1B885 
 1193      E3
 1194 0095 BBCD1367 		.ascii	"\273\315\023gN7\267\355\302I4x\026|\233\220\233\323"
 1194      4E37B7ED 
 1194      C2493478 
 1194      167C9B90 
 1194      9BD3
 1195 00a7 EF58896B 		.ascii	"\357X\211k \010\015\214[\260\001C\\!`i2\332\261\234"
 1195      20080D8C 
 1195      5BB00143 
 1195      5C216069 
 1195      32DAB19C 
 1196 00bb A9EB471E 		.ascii	"\251\353G\036\276\005\320\000\346\347~\343\314\255H"
 1196      BE05D000 
 1196      E6E77EE3 
 1196      CCAD48
 1197 00ca 87FA8B08 		.ascii	"\207\372\213\010t n\377\311.\204\013\370\226y\035li"
 1197      74206EFF 
 1197      C92E840B 
 1197      F896791D 
 1197      6C69
 1198 00dc FAA83B0B 		.ascii	"\372\250;\013\006\261\316\004N\265\034\177\177\035\014"
 1198      06B1CE04 
 1198      4EB51C7F 
 1198      7F1D0C
 1199 00eb E1A195FB 		.ascii	"\341\241\225\373\211\023\371\020\306\003tO\333\200\026"
 1199      8913F910 
 1199      C603744F 
 1199      DB8016
 1200 00fa 5AB331C7 		.ascii	"Z\2631\307\212\031\277\212\212\271\021z}\260\275\257"
ARM GAS  /tmp/ccpHDaBR.s 			page 28


 1200      8A19BF8A 
 1200      8AB9117A 
 1200      7DB0BDAF 
 1201 010a 3DFF033D 		.ascii	"=\377\003=b\321.c\375%\214 \014#K\373\214\3713\255\370"
 1201      62D12E63 
 1201      FD258C20 
 1201      0C234BFB 
 1201      8CF933AD 
 1202 011f 8420044F 		.ascii	"\204 \004O\335\375\341\215\371\200>\246\013J\203I!\211"
 1202      DDFDE18D 
 1202      F9803EA6 
 1202      0B4A8349 
 1202      2189
 1203 0131 A6A4A9F3 		.ascii	"\246\244\251\363YW\020>\307z\241y\004\245V\200\375\243"
 1203      5957103E 
 1203      C77AA179 
 1203      04A55680 
 1203      FDA3
 1204 0143 49D18317 		.ascii	"I\321\203\027\216\266\032\262\367\013\306\030\216\232"
 1204      8EB61AB2 
 1204      F70BC618 
 1204      8E9A
 1205 0151 0C7522C9 		.ascii	"\014u\"\311hm\313\244\260*\341I\\\301\251\2771\352\357"
 1205      686DCBA4 
 1205      B02AE149 
 1205      5CC1A9BF 
 1205      31EAEF
 1206 0164 2A7A57FB 		.ascii	"*zW\373\033_\007SX\271\332_W>D\321\003Rlb\356f|\236"
 1206      1B5F0753 
 1206      58B9DA5F 
 1206      573E44D1 
 1206      03526C62 
 1207 017c EB419DAD 		.ascii	"\353A\235\255)u\351|\3264BLJ\235\021RE\360\223/\255"
 1207      2975E97C 
 1207      D634424C 
 1207      4A9D1152 
 1207      45F0932F 
 1208 0191 717D69B9 		.ascii	"q}i\271]\327c/u,\377vc1\210\367!\260,F?\200..\376o\335"
 1208      5DD7632F 
 1208      752CFF76 
 1208      633188F7 
 1208      21B02C46 
 1209 01ac 82708E33 		.ascii	"\202p\2163y\012D`\231\351\363\367\332\271\3307\256\261"
 1209      790A4460 
 1209      99E9F3F7 
 1209      DAB9D837 
 1209      AEB1
 1210 01be 9C1E4083 		.ascii	"\234\036@\203\322\035\344\020\340\227\303][8\222\367"
 1210      D21DE410 
 1210      E097C35D 
 1210      5B3892F7 
 1211 01ce 6ED118AD 		.ascii	"n\321\030\255F\031+\206\304!\3035\213_!<\331AG\3475"
 1211      46192B86 
 1211      C421C335 
 1211      8B5F213C 
 1211      D94147E7 
 1212 01e3 2C254101 		.ascii	",%A\001\036h=\366^:g\034\323\036E\006\177\263\306\237"
ARM GAS  /tmp/ccpHDaBR.s 			page 29


 1212      1E683DF6 
 1212      5E3A671C 
 1212      D31E4506 
 1212      7FB3C69F 
 1213 01f7 87B77146 		.ascii	"\207\267qF\0279\034\3478\237N\334\355\304\244\222\336"
 1213      17391CE7 
 1213      389F4EDC 
 1213      EDC4A492 
 1213      DE
 1214 0208 A0553C73 		.ascii	"\240U<s\247\323f\026\355|,\265\352\327\242j\232F\311"
 1214      A7D36616 
 1214      ED7C2CB5 
 1214      EAD7A26A 
 1214      9A46C9
 1215 021b 823C4464 		.ascii	"\202<Dd\332\177\037\357\014\215\\\332$L0J\214l\225h"
 1215      DA7F1FEF 
 1215      0C8D5CDA 
 1215      244C304A 
 1215      8C6C9568 
 1216 022f 68A127C4 		.ascii	"h\241'\304pP\242\277\364p\211\366\177:K\334!\211\016"
 1216      7050A2BF 
 1216      F47089F6 
 1216      7F3A4BDC 
 1216      21890E
 1217 0242 CC1ADC1B 		.ascii	"\314\032\334\033\213S\204\205\315\374\250\300\374\037"
 1217      8B538485 
 1217      CDFCA8C0 
 1217      FC1F
 1218 0250 5A008791 		.ascii	"Z\000\207\221\336\3121\362\376\014\337\012_dxEr\026"
 1218      DECA31F2 
 1218      FE0CDF0A 
 1218      5F647845 
 1218      7216
 1219 0262 C31B7004 		.ascii	"\303\033p\004\241\221\3737\012\347\307\231\0257\317"
 1219      A191FB37 
 1219      0AE7C799 
 1219      1537CF
 1220 0271 B1A319AF 		.ascii	"\261\243\031\257[1\223\272\272\216@\333w\370\255pi\363"
 1220      5B3193BA 
 1220      BA8E40DB 
 1220      77F8AD70 
 1220      69F3
 1221 0283 750ABC26 		.ascii	"u\012\274&\340\270\241\333\237\030\353\357\211\256\027"
 1221      E0B8A1DB 
 1221      9F18EBEF 
 1221      89AE17
 1222 0292 D58D366E 		.ascii	"\325\2156n\217\207\022=\023+B\027{\2361\320\237\332"
 1222      8F87123D 
 1222      132B4217 
 1222      7B9E31D0 
 1222      9FDA
 1223 02a4 E2C16C94 		.ascii	"\342\301l\224\356S\207\013B\341\250\331\313T7\3031\204"
 1223      EE53870B 
 1223      42E1A8D9 
 1223      CB5437C3 
 1223      3184
 1224 02b6 233C9003 		.ascii	"#<\220\003M\310\366\275J\027\226m\246-\244\246-\011"
ARM GAS  /tmp/ccpHDaBR.s 			page 30


 1224      4DC8F6BD 
 1224      4A17966D 
 1224      A62DA4A6 
 1224      2D09
 1225 02c8 6326645A 		.ascii	"c&dZ\307\027\2246iFBwz\311\234\2532r\257\367Y\311\350"
 1225      C7179436 
 1225      69464277 
 1225      7AC99CAB 
 1225      3272AFF7 
 1226 02df 2B32F6B3 		.ascii	"+2\366\263}I\263\376\022fMI\326\331k\322\254\336\030"
 1226      7D49B3FE 
 1226      12664D49 
 1226      D6D96BD2 
 1226      ACDE18
 1227 02f2 6151897D 		.ascii	"aQ\211}\037[1+\2068\207\251^M\257z5\223\352\225a\315"
 1227      1F5B312B 
 1227      863887A9 
 1227      5E4DAF7A 
 1227      3593EA95 
 1228 0308 37864529 		.ascii	"7\206E)\226\304c\353E\0159\024\226\324\361\274\375c"
 1228      96C463EB 
 1228      450D3914 
 1228      96D4F1BC 
 1228      FD63
 1229 031a 5B228866 		.ascii	"[\"\210fO\377\233\321\025\023\034 <8\306\375q\032{c"
 1229      4FFF9BD1 
 1229      15131C20 
 1229      3C38C6FD 
 1229      711A7B63 
 1230 032e B8BAB89C 		.ascii	"\270\272\270\234O\364G\350\366\242R\241z\335\212\327"
 1230      4FF447E8 
 1230      F6A252A1 
 1230      7ADD8AD7 
 1231 033e 59E7ACAE 		.ascii	"Y\347\254\256T\\\025\2362\217\252\345\036R}\225Z\215"
 1231      545C159E 
 1231      328FAAE5 
 1231      1E527D95 
 1231      5A8D
 1232 0350 D3E5560A 		.ascii	"\323\345V\012\005\262\307\241\224\273\275\252\2468J"
 1232      05B2C7A1 
 1232      94BBBDAA 
 1232      A6384A
 1233 035f ECDBB729 		.ascii	"\354\333\267)\305%\271\306a\327\216\274\202\334\235"
 1233      C525B9C6 
 1233      61D78EBC 
 1233      82DC9D
 1234 036e 458EC23D 		.ascii	"E\216\302={_(\336\007\333m6E~\211Y\341\254RjT_m2g\367"
 1234      7B5F28DE 
 1234      07DB6D36 
 1234      457E8959 
 1234      E1AC526A 
 1235 0388 EE9D4A49 		.ascii	"\356\235JI\221\375\340V\021)\325jK\253\252\312m.x\344"
 1235      91FDE056 
 1235      1129D56A 
 1235      4BABAACA 
 1235      6D2E78E4 
 1236 039c BF39AA46 		.ascii	"\2779\252F\213\257\326\330m\025\377\216\023\354\251"
ARM GAS  /tmp/ccpHDaBR.s 			page 31


 1236      8BAFD6D8 
 1236      6D15FF8E 
 1236      13ECA9
 1237 03ab 76551D28 		.ascii	"vU\035(w\223P\255N\243xnj\334\245z\275j\265\371\354"
 1237      779350AD 
 1237      4EA3786E 
 1237      6ADCA57A 
 1237      BD6AB5F9 
 1238 03c0 F3C5F642 		.ascii	"\363\305\366B\373a\"\272T\237\273\364`\201\227\330\351"
 1238      FB6122BA 
 1238      549FBBF4 
 1238      608197D8 
 1238      E9
 1239 03d1 654ECDFD 		.ascii	"eN\315\375\262\317\363\364\032Y\356\303\265\"G)\264"
 1239      B2CFF3F4 
 1239      1A59EEC3 
 1239      B5224729 
 1239      B4
 1240 03e2 3B8A1C4A 		.ascii	";\212\034J!%)E\311\307\274\232G+}\323\345\242\022\017"
 1240      21252945 
 1240      C9C7BC9A 
 1240      472B7DD3 
 1240      E5A2120F 
 1241 03f6 A5CAB715 		.ascii	"\245\312\267\025\270w\224=\225\347*\203\007\355\216"
 1241      B877943D 
 1241      95E72A83 
 1241      07ED8E
 1242 0405 E21C51BD 		.ascii	"\342\034Q\275\306\347\331\222\263)\017\230\017\322\275"
 1242      C6E7D992 
 1242      B3290F98 
 1242      0FD2BD
 1243 0414 E499AF0E 		.ascii	"\344\231\257\016\376\001\224#3\213"
 1243      FE019423 
 1243      338B
 1244              		.text
 1245              		.section	.gnu.lto_st_lld_init.329.94db276903f81114,"e",%progbits
 1246 0000 789C7D93 		.ascii	"x\234}\223Mh\023A\024\307\337\233\227\304$\202\242 "
 1246      4D681341 
 1246      14C7DF9B 
 1246      97C42482 
 1246      A220
 1247 0012 5410FC02 		.ascii	"T\020\374\002\361\320d\324\212\366(\264\212\225\226"
 1247      F1D064D4 
 1247      8AF628B4 
 1247      8A9596
 1248 0021 62139522 		.ascii	"b\023\225\"\022b\032LH\342\266M5\024\017\231\032B5\007"
 1248      12621A4C 
 1248      48E2B64D 
 1248      35140F99 
 1248      1A423507 
 1249 0035 B1E25D2A 		.ascii	"\261\342]*\250\251\026=\350\245hK,\"~\321\210\202\242"
 1249      A8A9163D 
 1249      E8A5684B 
 1249      2C227ED1 
 1249      8882A2
 1250 0048 88A4150F 		.ascii	"\210\244\025\017\202\202_\207z(qf6K\254\306,\373_\336"
 1250      82825F87 
ARM GAS  /tmp/ccpHDaBR.s 			page 32


 1250      7A287166 
 1250      364BACC6 
 1250      2CFB5FDE 
 1251 005c ECFEFEEF 		.ascii	"\354\376\376\357cw\366,\001\010\000\330(\205\004xa$"
 1251      6377F62C 
 1251      010800D8 
 1251      28850478 
 1251      6124
 1252 006e C74008B1 		.ascii	"\307@\010\261k\011\303\241\221\334\012\234@\275BH3L"
 1252      6B09C3A1 
 1252      91DC0A9C 
 1252      40BD4248 
 1252      334C
 1253 0080 E33871B9 		.ascii	"\3438q\271\234\177:3z\323-D\266\3413@\032*\307R3F\251"
 1253      9C7F3A33 
 1253      7AD32D44 
 1253      B6E13340 
 1253      1A2AC752 
 1254 0097 5B2FEC25 		.ascii	"[/\354%1_\276$D\356\034\376(\262U\010\014\231\024I\331"
 1254      315FBE24 
 1254      44EE1CFE 
 1254      28B25508 
 1254      0C991449 
 1255 00ac A49C522E 		.ascii	"\244\234R.)\267\024\300\030\251\222\302\206p\235\230"
 1255      29B714C0 
 1255      18A992C2 
 1255      86709D98 
 1256 00bc 190D15A0 		.ascii	"\031\015\025\240\314\304\334\302\025\202\014MO\271\010"
 1256      CCC4DCC2 
 1256      15820C4D 
 1256      4FB908
 1257 00cb EDE83885 		.ascii	"\355\3508\205\240\257\342\353\031a\263\343\270j\315"
 1257      A0AFE2EB 
 1257      1961B3E3 
 1257      B86ACD
 1258 00da 39780FEF 		.ascii	"9x\017\357\"\354\030\225aj\022O\310\352\031\312\\\034"
 1258      22EC1895 
 1258      616A124F 
 1258      C8EA19CA 
 1258      5C1C
 1259 00ec 4662848E 		.ascii	"Fb\204\216\315\210\312\377=\207\265\360\202\302\211"
 1259      CD88CAFF 
 1259      3D87B5F0 
 1259      82C289
 1260 00fb A94A1BD4 		.ascii	"\251J\033\324\345\262\243R\214*\364\336?\351iLZ\311"
 1260      E5B2A352 
 1260      8C2AF4DE 
 1260      3FE9694C 
 1260      5AC9
 1261 010d 57938D08 		.ascii	"W\223\215\010\247\376\312\275\210~\240h\262\351\264"
 1261      A7FECABD 
 1261      887EA068 
 1261      B2E9B4
 1262 011c 2B2B699D 		.ascii	"++i\235\265\300\207:\255\302n\257\3273\337\270j\315"
 1262      B5C0873A 
 1262      ADC26EAF 
 1262      D733DFB8 
ARM GAS  /tmp/ccpHDaBR.s 			page 33


 1262      6ACD
 1263 012e EC92D3F6 		.ascii	"\354\222\323\366\351\231\373P\024\316\213e\326\020\306"
 1263      E999FB50 
 1263      14CE8B65 
 1263      D610C6
 1264 013d 637C64F9 		.ascii	"c|d\371\237`\242:\263\233\\\377\264\265\210~\246hr\353"
 1264      9F60A23A 
 1264      B39B5CFF 
 1264      B4B5887E 
 1264      A66872EB 
 1265 0151 42773629 		.ascii	"Bw6)\360g\276Y\026\210\35121\324o\277b\314\257\215\026"
 1265      F067BE59 
 1265      1688E932 
 1265      31D46FBF 
 1265      62CCAF8D 
 1266 0166 71C6723E 		.ascii	"q\306r>\307c\000\2160\026\357\353n\347&\3146\265\275"
 1266      C763008E 
 1266      3016EFEB 
 1266      6EE726CC 
 1266      36B5BD
 1267 0179 06FE1243 		.ascii	"\006\376\022C\032/\313c\2716L\3267\274\302\2406\230"
 1267      1A2FCB63 
 1267      B9364CD6 
 1267      37BCC2A0 
 1267      3698
 1268 018b D967FF07 		.ascii	"\331g\377\007\333Q\343\2017x\004\240Y\206\371\306\324"
 1268      DB51E381 
 1268      377804A0 
 1268      5986F9C6 
 1268      D4
 1269 019c 5B6C541B 		.ascii	"[lT\033\3575j\353\307\372u\336\341\341*\373\251>\373"
 1269      EF356AEB 
 1269      C7FA75DE 
 1269      E1E12AFB 
 1269      A93EFB
 1270 01af 1EBBABEC 		.ascii	"\036\273\253\354\227\372l\011\017\351\376M\370[}\370"
 1270      97FA6C09 
 1270      0FE9FE4D 
 1270      F85B7DF8 
 1271 01bf 031E9089 		.ascii	"\003\036\220\211gMvA\262Y\312\256\203\0342\337~\235"
 1271      674D7641 
 1271      B259CAAE 
 1271      831C32DF 
 1271      7E9D
 1272 01d1 648D9493 		.ascii	"d\215\224\2235\3000\235.\375\272\206\372\377\032#\363"
 1272      35C0309D 
 1272      2EFDBA86 
 1272      FAFF1A23 
 1272      F3
 1273 01e2 EBC8AD20 		.ascii	"\353\310\255 W\373x\304H\204y\"8\030<\036\343\241H\364"
 1273      57FB78C4 
 1273      48847922 
 1273      38183C1E 
 1273      E3A148F4 
 1274 01f6 68D4487A 		.ascii	"h\324HzRF\177,\331\033\014\205y\213\272\323\351\343"
 1274      52467F2C 
 1274      D91B0C85 
ARM GAS  /tmp/ccpHDaBR.s 			page 34


 1274      798BBAD3 
 1274      E9E3
 1275 0208 3DE18491 		.ascii	"=\341\204\221\344>\177G\3236\336\345\367\350`\317\366"
 1275      E43E7F47 
 1275      D336DEE5 
 1275      F7E860CF 
 1275      F6
 1276 0219 2D3B3DAD 		.ascii	"-;=\255m\276\226\316\203\273\273\272\241\311\353\345"
 1276      6DBE96CE 
 1276      83BBBBBA 
 1276      A1C9EBE5 
 1277 0229 E629C948 		.ascii	"\346)\311H0\316{\215\376\001\313\323\336\336\312\375"
 1277      30CE7B8D 
 1277      FE01CBD3 
 1277      DEDECAFD 
 1278 0239 6D1D27B7 		.ascii	"m\035'\267\252'\201\344@ \036\357\361\206\3407\367\203"
 1278      AA2781E4 
 1278      40201EEF 
 1278      F186E037 
 1278      F783
 1279 024b 50B6     		.ascii	"P\266"
 1280              		.text
 1281              		.section	.gnu.lto_.symbol_nodes.94db276903f81114,"e",%progbits
 1282 0000 789C5BC9 		.ascii	"x\234[\311\000\004L'\230\3529\033\200\200\205q\3029"
 1282      00044C27 
 1282      98EA391B 
 1282      80808571 
 1282      C239
 1283 0012 06867A06 		.ascii	"\006\206z\006\206]\023\232\230@\022'\231\352\271\260"
 1283      865D139A 
 1283      98401227 
 1283      99EAB9B0 
 1284 0022 49309E62 		.ascii	"I0\236b\252\347\376\017\005\362`I\006\206\206\011\015"
 1284      AAE7FE0F 
 1284      05F26049 
 1284      06868609 
 1284      0D
 1285 0033 60B9D34C 		.ascii	"`\271\323L\365<\270\344\3160\325\363\342\220cf`\276"
 1285      F53CB8E4 
 1285      CE30D5F3 
 1285      E2906366 
 1285      60BE
 1286 0045 F0E1D70A 		.ascii	"\360\341\327\012F\306\026!f\006&\210\255G\244\231\031"
 1286      46C61621 
 1286      66062688 
 1286      AD47A499 
 1286      19
 1287 0056 59A04C21 		.ascii	"Y\240L!\006\000\257\007=\243"
 1287      0600AF07 
 1287      3DA3
 1288              		.text
 1289              		.section	.gnu.lto_.refs.94db276903f81114,"e",%progbits
 1290 0000 789C6364 		.ascii	"x\234cd\000\002\000\000\012\000\002"
 1290      00020000 
 1290      0A0002
 1291              		.text
 1292              		.section	.gnu.lto_.decls.94db276903f81114,"e",%progbits
ARM GAS  /tmp/ccpHDaBR.s 			page 35


 1293 0000 789CAD58 		.ascii	"x\234\255X{PT\327\035>\347\334\013\234U\020bLCg:\215"
 1293      7B5054D7 
 1293      1D3EE7DC 
 1293      0B9C5510 
 1293      624C4367 
 1294 0016 FDAB4C3A 		.ascii	"\375\253L:\272\002&\246\355L\247\270\240\320\221\350"
 1294      BA0226A6 
 1294      ED4CA7B8 
 1294      A0D091E8 
 1295 0026 DC259936 		.ascii	"\334%\2316\231\316\006q\325\035\027\260,\032\354\364"
 1295      99CE0671 
 1295      D51D17B0 
 1295      2C1AECF4 
 1296 0036 7177415C 		.ascii	"qwA\\\021#\030\203\204Z\262`|\305$\"\232\210\006u\005"
 1296      11231883 
 1296      845AB260 
 1296      7CC52422 
 1296      9A880675 
 1297 004b 54E22BF8 		.ascii	"T\342+\370\"D$\021\0244\212qE\242\200\250\375\235{\356"
 1297      22442411 
 1297      14348A71 
 1297      45A280A8 
 1297      FD9D7BEE 
 1298 005f BDBB9749 		.ascii	"\275\273\227Ig\232\2312~\334s\317\367\375\236\347\261"
 1298      679A9932 
 1298      7EDC73CF 
 1298      F7FD9EE7 
 1298      B1
 1299 0070 8BD36310 		.ascii	"\213\323c\020:%\"4\011#\364\004~\004\204\320\227\200"
 1299      3A252234 
 1299      0923F404 
 1299      7E0484D0 
 1299      9780
 1300 0082 09800300 		.ascii	"\011\200\003\000\002\363i\200\014\3009xO\205\347QxZ"
 1300      02F36980 
 1300      0CC03978 
 1300      4F85E751 
 1300      785A
 1301 0094 E18901AF 		.ascii	"\341\211\001\257\003\376\014\260\0012\001\013\001\373"
 1301      03FE0CB0 
 1301      0132010B 
 1301      01FB
 1302 00a2 0842CF22 		.ascii	"\010B\317\"\3169\0019\200\245\200<@\276\352g9<\013\000"
 1302      CE390139 
 1302      80A5803C 
 1302      40BEEA67 
 1302      393C0B00 
 1303 00b6 7F05FC0D 		.ascii	"\177\005\374\015\360\017\300/\325xX\215\361\030P\010"
 1303      F00FC02F 
 1303      D578588D 
 1303      F1185008 
 1304 00c6 632F60B5 		.ascii	"c/`\265\352\37755\326g\020\343\247\210\307fv,G-\267"
 1304      EAFF3535 
 1304      D66710E3 
 1304      A788C766 
 1304      762C472D 
 1305 00db DFC2F345 		.ascii	"\337\302\363E5g\226\347\\\034\364\373=\342\361\357\000"
ARM GAS  /tmp/ccpHDaBR.s 			page 36


 1305      356796E7 
 1305      5C1CF4FB 
 1305      3DE2F1EF 
 1305      00
 1306 00ec 06001700 		.ascii	"\006\000\027\000\001\300\003\300]@?`\020P\242\326b\007"
 1306      01C003C0 
 1306      5D403F60 
 1306      1050A2D6 
 1306      6207
 1307 00fe 843F8DC5 		.ascii	"\204?\215\305\360g\360d\221x\334]\217\360S~Y\036\222"
 1307      F067F064 
 1307      9178DC5D 
 1307      8FF0537E 
 1307      591E92
 1308 0111 FD45A6B8 		.ascii	"\375E\246\270\003x?K\205K:\330/\012:?\033\264!JPx\034"
 1308      03783F4B 
 1308      854B3AD8 
 1308      2F0A3A3F 
 1308      1BB4214A 
 1309 0128 663D8D86 		.ascii	"f=\215\206'\242\024\275 +?=?G\315`\002?\311\221\364"
 1309      27A214BD 
 1309      202B3F3D 
 1309      3F47CD60 
 1309      023FC991 
 1310 013d 752492C3 		.ascii	"u$\222\303\201\346\036\032}\205y\225WOD\212\327\243"
 1310      81E61E1A 
 1310      7D857995 
 1310      574F448A 
 1310      D7A3
 1311 014f 38AE0537 		.ascii	"8\256\0057\341#\230.`\356Z\021]\204\250\223\015\375"
 1311      E123982E 
 1311      60EE5A11 
 1311      5D84A893 
 1311      0DFD
 1312 0161 882E65CF 		.ascii	"\210.e\317i\200\030\010'c\272\214\275\013\"\331\320"
 1312      69801808 
 1312      2763BA8C 
 1312      BD0B22D9 
 1312      D0
 1313 0172 5B5F1219 		.ascii	"[_\022\031-\253\216\236\346\351\235\303(\376,\026I\377"
 1313      2DAB8E9E 
 1313      E6E99DC3 
 1313      28FE2C16 
 1313      49FF
 1314 0184 8553A3E3 		.ascii	"\205S\243\343\243\375?\034E$\373\253W\325\204?\013\266"
 1314      A3FD3F1C 
 1314      4524FBAB 
 1314      57D5843F 
 1314      0BB6
 1315 0196 45B2EC17 		.ascii	"E\262\354\027\317\343/\360\0310\276\200\231=\3448\264"
 1315      CFE32FF0 
 1315      1930BE80 
 1315      993DE438 
 1315      B4
 1316 01a7 6EE811D6 		.ascii	"n\350\021\326\351cF\232\256`\011\304\321\277#\352\306"
 1316      E963469A 
 1316      AE6009C4 
ARM GAS  /tmp/ccpHDaBR.s 			page 37


 1316      D1BF23EA 
 1316      C6
 1317 01b8 6C3899AE 		.ascii	"l8\231\256\204\212W+\343X\372\026\2147\000\252\000\325"
 1317      848A572B 
 1317      E358FA16 
 1317      8C3700AA 
 1317      00D5
 1318 01ca 801AC056 		.ascii	"\200\032\300V\300N\300.Es\005\261B\302\351\036\014\241"
 1318      C04EC02E 
 1318      457305B1 
 1318      42C2E91E 
 1318      0CA1
 1319 01dc 4A4A76D7 		.ascii	"JJv\327\204\215\255\342[\250\"A$G>\336r\205\206dy\010"
 1319      848DADE2 
 1319      5BA82241 
 1319      24473EDE 
 1319      72858664 
 1320 01f2 1F04F226 		.ascii	"\037\004\362&f<\230\356^\351\3373.$K#\375|\375\255\203"
 1320      663C98EE 
 1320      5EE9DF33 
 1320      2E244B23 
 1320      FD7CFDAD 
 1321 0207 07229E1F 		.ascii	"\007\"\236\037\363\023\313~uC\264\253\033\327\254\376"
 1321      F313CB7E 
 1321      7543B4AB 
 1321      1BD7ACFE 
 1322 0217 E7C65510 		.ascii	"\347\306U\020u}]\3141|\031\217b\036\373\022 \021\201"
 1322      757D5DCC 
 1322      317C198F 
 1322      621EFB12 
 1322      201181
 1323 022a A4EEFE7B 		.ascii	"\244\356\376{\353\344\311E\245\340\371\212\316\262>"
 1323      EBE4C945 
 1323      A5E0F98A 
 1323      CEB23E
 1324 0239 1CC00A5D 		.ascii	"\034\300\012]\325\023\300\255\376\244c\370\204\316\266"
 1324      D513C0AD 
 1324      FEA463F8 
 1324      84CEB6
 1325 0248 EAB69B34 		.ascii	"\352\266\2334\362s\003\251\232\256\327\330\016\235\375"
 1325      F27303A9 
 1325      9AAED7D8 
 1325      0E9DFD
 1326 0257 92B335C0 		.ascii	"\222\2635\300V\364P /\3426 y\347O\007M\277\326\223\272"
 1326      56F45020 
 1326      2FE23620 
 1326      79E74F07 
 1326      4DBFD693 
 1327 026c A6DBC6EB 		.ascii	"\246\333\306\353\354\220\316~\243\263]zR\001\235\275"
 1327      EC90CE7E 
 1327      A3B35D7A 
 1327      52019DBD 
 1328 027c AAB30775 		.ascii	"\252\263\007u\366\262\316\366\206z\346d\231\226\361"
 1328      F6B2CEF6 
 1328      867AE664 
 1328      9996F1
 1329 028b 57868C39 		.ascii	"W\206\2149\371X\267\3544\264QMj@\247{\014aUzD\247\277"
ARM GAS  /tmp/ccpHDaBR.s 			page 38


 1329      F958B7EC 
 1329      34B4514D 
 1329      6A40A77B 
 1329      0C61557A 
 1330 02a2 36E4ACD2 		.ascii	"6\344\254\322\033\264\310\355:{Z\211\314ZU\317Z\205"
 1330      1BB4C8ED 
 1330      3A7B5A89 
 1330      CC5A55CF 
 1330      5A85
 1331 02b4 6FE11BC0 		.ascii	"o\341\033\300\361\345oT8\276)d\023\272\216\373`b\024"
 1331      F1E56F54 
 1331      38BE2964 
 1331      13BA8EFB 
 1331      606214
 1332 02c7 B7E0EFF1 		.ascii	"\267\340\357\361\000\036\304C\370\011\276\215\357\341"
 1332      001EC443 
 1332      F809BE8D 
 1332      EFE1
 1333 02d5 61DC8F1F 		.ascii	"a\334\217\037\340\3738\200G\360]\374\010\177\207\357"
 1333      E0FB3880 
 1333      47F05DFC 
 1333      087F87EF 
 1334 02e5 60993CC6 		.ascii	"`\231<\306\017\331Yea+\265\260\247\364\260'\203I\325"
 1334      0FD95965 
 1334      612BB5B0 
 1334      A7F4B027 
 1334      8349D5
 1335 02f8 69AC5F67 		.ascii	"i\254_g\017\007\331A\275\242n\303\306\341\335\252\326"
 1335      0F07D941 
 1335      BDA26EC3 
 1335      C6E1DDAA 
 1335      D6
 1336 0309 6C8F1B6C 		.ascii	"l\217\033l\023\021\375\224\300\256\256*\3356\022\021"
 1336      1311FD94 
 1336      C0AEAE2A 
 1336      DD361211 
 1337 0319 6B2CC04D 		.ascii	"k,\300M~d\005\"y\260\351\366\200\240_^\036\302\003\025"
 1337      7E640522 
 1337      79B0E9F6 
 1337      80A05F5E 
 1337      1EC20315 
 1338 032d 12E5F682 		.ascii	"\022\345\366\202[\244\211\260\301\020\242\255\312 \200"
 1338      5BA489B0 
 1338      C110A2AD 
 1338      CA2080
 1339 033c E8398268 		.ascii	"\3509\202h\273\362r\003\321Nx\351\005\334\001\014\003"
 1339      BBF27203 
 1339      D14E78E9 
 1339      05DC010C 
 1339      03
 1340 034d 0A0544D7 		.ascii	"\012\005D\327\0026\002j\000;\001{\004&~\211~\006\343"
 1340      0236026A 
 1340      003B017B 
 1340      04267E89 
 1340      7E06E3
 1341 0360 A380D380 		.ascii	"\243\200\323\200\213\200.\300u@\0000\014(\024\021-\005"
 1341      8B802EC0 
ARM GAS  /tmp/ccpHDaBR.s 			page 39


 1341      75400030 
 1341      0C281411 
 1341      2D05
 1342 0372 BC03A806 		.ascii	"\274\003\250\006\324\002\266\001v\211\314\336\213\331"
 1342      D402B601 
 1342      7689CCDE 
 1342      8BD9
 1343 0380 2D4A69BD 		.ascii	"-Ji\275\210\304\337u\265U\214\214\037{f\203\007\367"
 1343      88C4DF75 
 1343      B5558C8C 
 1343      1F7B6683 
 1343      07F7
 1344 0392 79EDF40E 		.ascii	"y\355\364\016\036w\337\217\334\321\010WF%=\206\337'"
 1344      1E77DF8F 
 1344      DCD10857 
 1344      46253D86 
 1344      DF27
 1345 03a4 87C8D893 		.ascii	"\207\310\330\223p\341\272\332\345*\235<\035\\\002\215"
 1345      70E1BADA 
 1345      E52A9D3C 
 1345      1D5C028D 
 1346 03b4 DC126A99 		.ascii	"\334\022j\231\210\240]u\2278w\036o\324\271\012\242\273"
 1346      88A05D75 
 1346      9738771E 
 1346      6FD4B90A 
 1346      A2BB
 1347 03c6 EDD02C2B 		.ascii	"\355\320,+\015,w[yS%\267\353dQ\320t\257fZ\253\263!\247"
 1347      0D2C775B 
 1347      795325B7 
 1347      EB6451D0 
 1347      74AF665A 
 1348 03de 605063CB 		.ascii	"`Pc\313u6dG\255\327<\257\326Y/\367,\263\363w\235]\030"
 1348      75366447 
 1348      ADD73CAF 
 1348      D6592FF7 
 1348      2CB3F377 
 1349 03f5 37712990 		.ascii	"7q)\220\374\024\254\321s:\240\371}O\267\354\322\216"
 1349      FC14ACD1 
 1349      733AA0F9 
 1349      7D4FB7EC 
 1349      D28E
 1350 0407 48DD39D5 		.ascii	"H\3359\325\360_\272a\360P\327k\206\233\015\351\362&"
 1350      F05FBA61 
 1350      F050D76B 
 1350      869B0DE9 
 1350      F226
 1351 0419 0D694D5A 		.ascii	"\015iMZ\247\223\215!'Z3}Kg\373t\277\2074\362\337:\031"
 1351      A7938D21 
 1351      275A337D 
 1351      4B67FB74 
 1351      BF8734F2 
 1352 0430 BC72DB34 		.ascii	"\274r\3334r\223\201T\375Vh]Xi\350\257z[k\246e\206\224"
 1352      72938154 
 1352      FD56685D 
 1352      5869E8AF 
 1352      7A5B6BA6 
 1353 0447 D4BB4D23 		.ascii	"\324\273M#\337\321\311\223:9\240\221\353\015\255\017"
ARM GAS  /tmp/ccpHDaBR.s 			page 40


 1353      DFD1C993 
 1353      3A39A091 
 1353      EB0DAD0F 
 1354 0457 B945B691 		.ascii	"\271E\266\221\255\020\347\020i\301;\311\016\362\011"
 1354      AD10E710 
 1354      69C13BC9 
 1354      0EF209
 1355 0466 D945FCE4 		.ascii	"\331E\374\344(\331C\232I\003\331O\366\222\017\3101\362"
 1355      28D9439A 
 1355      4903D94F 
 1355      F6920FC8 
 1355      31F2
 1356 0478 11F99034 		.ascii	"\021\371\2204\222\026r\204\034$u\3443\362)\331G\232"
 1356      92167284 
 1356      1C2475E4 
 1356      33F229D9 
 1356      479A
 1357 048a 483D394C 		.ascii	"H=9Lv\223\343\344\000\371\230\2507K\231VE\211a-y.\237"
 1357      7693E3E4 
 1357      00F998A8 
 1357      374B9956 
 1357      4589612D 
 1358 04a1 6AB9D4E8 		.ascii	"j\271\324\350\344\031}\271\002\352r\275\255/W\360\003"
 1358      E4197DB9 
 1358      02EA72BD 
 1358      AD2F57F0 
 1358      03
 1359 04b2 6754335C 		.ascii	"gT3\\k\3509t\216\255W\243\266^\325\206]\240}\246h\266"
 1359      6BE83974 
 1359      8EAD57A3 
 1359      B65ED586 
 1359      5DA07DA6 
 1360 04c8 1B0CDD51 		.ascii	"\033\014\335Q\331\006\215\365\031RR\331v\215}\327p\316"
 1360      D9068DF5 
 1360      195252D9 
 1360      768D7DD7 
 1360      70CE
 1361 04da D49DB9E1 		.ascii	"\324\235\271\341&\317x\225\236q\261R*\015\300i'\353"
 1361      26CF7895 
 1361      9E71B152 
 1361      2A0DC069 
 1361      27EB
 1362 04ec 8B863AA2 		.ascii	"\213\206:\242b\215]n%\377\2076\213\344\255\333=ED\277"
 1362      628D5D6E 
 1362      25FF8736 
 1362      8BE4ADDB 
 1362      3D4544BF 
 1363 0500 FE3E5733 		.ascii	"\376>W3;\001$\035\205\253\2470\014\321\2220$\216\333"
 1363      3B01241D 
 1363      85ABA730 
 1363      0CD19230 
 1363      248EDB
 1364 0513 51727D58 		.ascii	"Qr}XT\256\027\345\260Th\027\367)r6\364bP\366\246N\236"
 1364      54AE17E5 
 1364      B0546817 
 1364      F7297236 
 1364      F46250F6 
ARM GAS  /tmp/ccpHDaBR.s 			page 41


 1365 052a D6C99003 		.ascii	"\326\311\220\003|H\247O\032\350\220m\304?\314\317B}"
 1365      7C48A74F 
 1365      1AE8906D 
 1365      C43FCCCF 
 1365      427D
 1366 053c 67C839D2 		.ascii	"g\3109\322F\276\320\266D\243n\273%4.x\246\345\220%\011"
 1366      46BED0B6 
 1366      44A36EBB 
 1366      25342E78 
 1366      A6E59025 
 1367 0551 B40E6F31 		.ascii	"\264\016o1\305\032\375\234'c\034\211\244~\273\334;^"
 1367      C51AFD9C 
 1367      27631C89 
 1367      A47EBBDC 
 1367      3B5E
 1368 0563 2FFA82EA 		.ascii	"/\372\202\352\350\"a\334\243\253\353\232\"\357a\260"
 1368      E82261DC 
 1368      A3ABEB9A 
 1368      22EF61B0 
 1369 0573 F7CA7E77 		.ascii	"\367\312~w\013\225k\213\326\312\305r\213\033W\312\015"
 1369      0B956B8B 
 1369      D6CAC572 
 1369      8B1B57CA 
 1369      0D
 1370 0584 B26F6FE9 		.ascii	"\262oo\351Z\241\252\266\305\353\006Alma\203\\U\367F"
 1370      5AA1AAB6 
 1370      C5EB0641 
 1370      6C6D6183 
 1370      5C55F746 
 1371 0598 55955CDA 		.ascii	"U\225\\\332T\343\225}\030{`\332\357\016\257\202\007"
 1371      54E3957D 
 1371      187B60DA 
 1371      EF0EAF82 
 1371      07
 1372 05a9 284A63E5 		.ascii	"(Jc\345M\354\273mq\251\017\273\371\327\\9J\336+\313"
 1372      4DECBB6D 
 1372      71A90FBB 
 1372      F9D75C39 
 1372      4ADE2BCB 
 1373 05bd 8580C955 		.ascii	"\205\200\311UEu~7d\332\206}\233\213\201y\003P\346\356"
 1373      45757E37 
 1373      64DA867D 
 1373      9B8B8179 
 1373      0350E6EE 
 1374 05d1 73AF8A0A 		.ascii	"s\257\212\012\270o\310\033=7\312&\027\312,P\261\214"
 1374      B86FC81B 
 1374      3D37CA26 
 1374      17CA2C50 
 1374      B18C
 1375 05e3 2B7DA0F0 		.ascii	"+}\240\360\027\313\244Vn\226\313\345Mk'xj}\355\345>"
 1375      17CBA456 
 1375      6E96CBE5 
 1375      4D6B2778 
 1375      6A7DEDE5 
 1376 05f8 BF8C2141 		.ascii	"\277\214!Ao\271\247\205\226\373.{\313}b\215\247Hf^\237"
 1376      6FB9A785 
 1376      96FB2E7B 
ARM GAS  /tmp/ccpHDaBR.s 			page 42


 1376      CB7D628D 
 1376      A748665E 
 1377 060d 2AF7B578 		.ascii	"*\367\265x\031p9K\327\323\352\215)\367\263\004Z\344"
 1377      1970394B 
 1377      D7D3EA8D 
 1377      29F7B304 
 1377      5AE4
 1378 061f 18B7CF0B 		.ascii	"\030\267\317\0133\262\027od!=0S\006\232r\217L\001\312"
 1378      33B2176F 
 1378      64213D30 
 1378      53069A72 
 1378      8F4C01CA 
 1379 0633 042E938B 		.ascii	"\004.\223\213\274n\177\013\030\025\201{`\237*\3670\377"
 1379      BC6E7F0B 
 1379      1815817B 
 1379      609F2AF7 
 1379      30FF
 1380 0645 7E18307F 		.ascii	"~\0300\177D\366\025y\333\300\234\177g\347\265\021\365"
 1380      44F61579 
 1380      DBC09C7F 
 1380      67E7B511 
 1380      F5
 1381 0656 49453278 		.ascii	"IE2x\343\340\341q\203\254\215u\355\356\306%L\203\321"
 1381      E3E0E171 
 1381      83AC8D75 
 1381      EDEEC625 
 1381      4C83D1
 1382 0669 3365BF47 		.ascii	"3e\277GX\236\024C\367\207\261O4\002\037h1\"\351\250"
 1382      589E1443 
 1382      F787B14F 
 1382      34021F68 
 1382      3122E9A8 
 1383 067d 68DF837F 		.ascii	"h\337\203\177\006\312AY\216\353G\227\310W\260\020\360"
 1383      06CA4159 
 1383      8EEB4797 
 1383      C857B010 
 1383      F0
 1384 068e B97A4F59 		.ascii	"\271zOY\253\336[\037]#q\225\225\362\320\366\3135OL\325"
 1384      ABDE5B1F 
 1384      5D237195 
 1384      95F2D0F6 
 1384      CB354F4C 
 1385 06a3 B29FF518 		.ascii	"\262\237\365\030>w;`U\231\333\016\202\276$\355$y\007"
 1385      3E773B60 
 1385      5599DB0E 
 1385      82BE24ED 
 1385      247907
 1386 06b6 A5F7D91E 		.ascii	"\245\367\331\036\270\370\320\323\037\315\014\002\003"
 1386      B8F8D0D3 
 1386      1FCD0C02 
 1386      03
 1387 06c3 EBEFE1ED 		.ascii	"\353\357\341\355,\037\334I\272Tu\227\252\366Q\352\011"
 1387      2C1FDC49 
 1387      BA547597 
 1387      AAF651EA 
 1387      09
 1388 06d4 07F52717 		.ascii	"\007\365'\027?i\000\367\260\025\366\366\326<\264t\027"
ARM GAS  /tmp/ccpHDaBR.s 			page 43


 1388      3F6900F7 
 1388      B015F6F6 
 1388      D63CB474 
 1388      17
 1389 06e5 FAE23AC9 		.ascii	"\372\342:\3117\252\370\033\266]\222+)mf\322\276\363"
 1389      37AAF81B 
 1389      B65D922B 
 1389      296D66D2 
 1389      BEF3
 1390 06f7 4DFB3093 		.ascii	"M\3730\22364\334\356\336E\252\345&\322I\272Ui\267\""
 1390      3634DCEE 
 1390      DE45AAE5 
 1390      26D249BA 
 1390      5569B722 
 1391 070b 2D831C98 		.ascii	"-\203\034\230\364\335\023'?\024L0s\036\337c)\335\032"
 1391      F4DD1327 
 1391      3F144C30 
 1391      731EDF63 
 1391      29DD1A
 1392 071e 79CFC45F 		.ascii	"y\317\304_\257\021x}\177\353\265\210\261\005\367\021"
 1392      AF11787D 
 1392      7FEBB588 
 1392      B105F711 
 1393 072e D4AB6CC0 		.ascii	"\324\253l\300}\365\315]\321J\230\306\301#\213X\224>"
 1393      7DF5CD5D 
 1393      D14A98C6 
 1393      C1238B58 
 1393      943E
 1394 0740 72558D72 		.ascii	"rU\215rU\2112\034A\367D z$\002\324k\232\2327\205\203"
 1394      5589321C 
 1394      41F74420 
 1394      7A2402D4 
 1394      6B9A9A37 
 1395 0756 EB6F15DB 		.ascii	"\353o\025\3331q[GnW\214\033\033\250\237\240[\360\210"
 1395      31715B47 
 1395      6E578C1B 
 1395      1BA89FA0 
 1395      5BF088
 1396 0769 2B83968E 		.ascii	"+\203\226\216\216v\337\177\375j\241\014]*+\013\353'"
 1396      8E76DF7F 
 1396      FD6AA10C 
 1396      5D2A2B0B 
 1396      EB27
 1397 077b 37943837 		.ascii	"7\22487\311m\030\361>\015SZB\271x\360h\317\007\221\037"
 1397      C96D18F1 
 1397      3E0D535A 
 1397      42B978F0 
 1397      68CF0791 
 1398 0790 C2778995 		.ascii	"\302w\211\225\262\354\231\010+\364\035\317\352\016\014"
 1398      B2EC9908 
 1398      2BF41DCF 
 1398      EA0E0C
 1399 079f B8F808A5 		.ascii	"\270\370\010\245\007\271\030ZT\263U\340\213\3456u\222"
 1399      07B9185A 
 1399      54B355E0 
 1399      8BE53675 
 1399      92
ARM GAS  /tmp/ccpHDaBR.s 			page 44


 1400 07b0 0097DE85 		.ascii	"\000\227\336\205\001\227\236\245\364\214*\335\333\353"
 1400      01979EA5 
 1400      F48C2ADD 
 1400      DBEB
 1401 07be DE1C1594 		.ascii	"\336\034\025\224\016p\351=\030pi7\245\335\\Z7\322"
 1401      0E70E93D 
 1401      18706937 
 1401      A5DD5C5A 
 1401      37D2
 1402 07d0 17C04AAE 		.ascii	"\027\300J\256\260\242\203\\\367=\014\270\356.\245\267"
 1402      B0A2835C 
 1402      F73D0CB8 
 1402      EE2EA5B7 
 1403 07e0 54978347 		.ascii	"T\227\203Gk\277\213\014\272\274\317\245\017`\300\245"
 1403      6BBF8B0C 
 1403      BABCCFA5 
 1403      0F60C0A5 
 1404 07f0 BB297DA2 		.ascii	"\273)}\242\272\034\355\011\272\034\342\272a\030p\335"
 1404      BA1CED09 
 1404      BA1CE2BA 
 1404      611870DD 
 1405 0800 7E4A3798 		.ascii	"~J7\230\364\202v\205\0244\302\245\017a\300\245\237S"
 1405      F4827685 
 1405      1434C2A5 
 1405      0F61C0A5 
 1405      9F53
 1406 0812 BACDA415 		.ascii	"\272\315\244\025\324\275-\244\240Q.}\004\003.\375\212"
 1406      D4BD2DA4 
 1406      A0512E7D 
 1406      04032EFD 
 1406      8A
 1407 0823 D2462E55 		.ascii	"\322F.U\276Di\321\037s\335\023\030p\335\267\224\266"
 1407      BE4469D1 
 1407      1F73DD13 
 1407      1870DDB7 
 1407      94B6
 1408 0835 9A9018FE 		.ascii	"\232\220\030\376\366\035\317\211\310\350_`\014\377\340"
 1408      F61DCF89 
 1408      C8E85F60 
 1408      0CFFE0
 1409 0844 0807644F 		.ascii	"\010\007dOa8z!\001\311\202[@\205\202G\200@\243\317\271"
 1409      61387A21 
 1409      01C9825B 
 1409      40858247 
 1409      8040A3CF 
 1410 0859 05E286BF 		.ascii	"\005\342\206\277v\317u\236\276k\322\376\330\303n\201"
 1410      76CF759E 
 1410      BE6BD2FE 
 1410      D8C36E81 
 1411 0869 2F7A91A0 		.ascii	"/z\221\240\374\261\007\207.\034\266EE\315\316\011c\377"
 1411      FCB10787 
 1411      2E1CB645 
 1411      45CDCE09 
 1411      63FF
 1412 087b 942C1650 		.ascii	"\224,\026P\374J\001\004\021p*_\022I\343\346Kw\243B\374"
 1412      FC4A0104 
 1412      11702A5F 
ARM GAS  /tmp/ccpHDaBR.s 			page 45


 1412      1249E3E6 
 1412      4B77A342 
 1413 0890 78855502 		.ascii	"x\205U\002B\253\005&\204\255\325s\376x\225\250_\241"
 1413      42AB0526 
 1413      84ADD573 
 1413      FE7895A8 
 1413      5FA1
 1414 08a2 9DEA155A 		.ascii	"\235\352\025Z\242p\2657\345\252\010\235\353S\2715\354"
 1414      A270B537 
 1414      E5AA089D 
 1414      EB53B935 
 1414      EC
 1415 08b3 3F51C22C 		.ascii	"?Q\302,\226t)1a\352T3\377\227\3532/\316t\232\227\346"
 1415      96742931 
 1415      61EA5433 
 1415      FF97EB32 
 1415      2FCE749A 
 1416 08c9 E6E5BBCC 		.ascii	"\346\345\273\314\326\214\364\304\004\363\2349\311\346"
 1416      D68CF4C4 
 1416      04F39C39 
 1416      C9E6
 1417 08d7 8CB4F4E5 		.ascii	"\214\264\364\345\361\214\261\271\362mN\347\202\251Y"
 1417      F18CB1B9 
 1417      F26D4EE7 
 1417      82A959
 1418 08e6 74F6CBAF 		.ascii	"t\366\313\257L\266\304\317@?\011\235\235:\303>}\376"
 1418      4CB6C4CF 
 1418      403F099D 
 1418      9D3AC33E 
 1418      7DFE
 1419 08f8 AFA765CD 		.ascii	"\257\247e\315Gt\231#'?1\301\226O\346Jbrz\222$$[$qfr"
 1419      47749923 
 1419      273F31C1 
 1419      964FE64A 
 1419      62727A92 
 1420 0913 8624582C 		.ascii	"\206$X,\222 \001\222$I\230g\265\010\226\2273D\213%E"
 1420      92200192 
 1420      24499867 
 1420      B5089697 
 1420      33448B25 
 1421 0928 52724950 		.ascii	"RrIP~\307\013)\263%b\005\313\264\024I\264\246\203\332"
 1421      7EC70B29 
 1421      B3256205 
 1421      CBB41449 
 1421      B4A683DA 
 1422 093c 222500E2 		.ascii	"\"%\000\342A\371G\351\017\346\305\271\331vsv\346\212"
 1422      41F947E9 
 1422      0FE6C5B9 
 1422      D9767376 
 1422      E68A
 1423 094e CC9C25E6 		.ascii	"\314\234%\346\254\305\216\371\216\\\327\2247s\363\226"
 1423      ACC58EF9 
 1423      8E5CD794 
 1423      3773F396 
 1424 095e B8966666 		.ascii	"\270\226ff\331\315\02663\327j^`\317\316\325\312\220"
 1424      D9CD1636 
 1424      33D76A5E 
ARM GAS  /tmp/ccpHDaBR.s 			page 46


 1424      60CFCED5 
 1424      CA90
 1425 0970 32A62883 		.ascii	"2\246(\203Y\323\247\315\230\222\234f\265\314}5E\372"
 1425      59D3A7CD 
 1425      98929C66 
 1425      B5CC7D35 
 1425      45FA
 1426 0982 13FA1F4B 		.ascii	"\023\372\037Kw\345g\263b\034\331S\027\243\361\372\213"
 1426      77E567B3 
 1426      621CD953 
 1426      17A3F1FA 
 1426      8B
 1427 0993 2D3FCC6A 		.ascii	"-?\314j\265\314\226LR\2125Ez5%\371E\301beUZ\202S/\230"
 1427      B5CC964C 
 1427      528A3545 
 1427      7A3525F9 
 1427      45C16265 
 1428 09ad 92E6CD4C 		.ascii	"\222\346\315L\2303/\345e\211\215\342\371Hc\247\233\222"
 1428      98332FE5 
 1428      65898DE2 
 1428      F94863A7 
 1428      9B92
 1429 09bf 526726AA 		.ascii	"Rg&\252l\252\256K\035\253K\214`^`\206=\343C\231\204"
 1429      6CAAAE4B 
 1429      1DAB4B8C 
 1429      605E6086 
 1429      3DE34399 
 1430 09d4 08E64161 		.ascii	"\010\346AaRUE\252Q\021O\231\255d\315\220\330 \236\015"
 1430      525545AA 
 1430      51114F99 
 1430      AD64CD90 
 1430      D8209E0D 
 1431 09e8 746E1A65 		.ascii	"tn\032e\326\234K\325D\251\\$X\322$\3212k\266\0241o\316"
 1431      D69C4BD5 
 1431      44A95C24 
 1431      58D224D1 
 1431      326BB614 
 1432 09ff 1CF62416 		.ascii	"\034\366$\026i\034\014\323\022\254\354\315\320\271\254"
 1432      691C0CD3 
 1432      12ACECCD 
 1432      D0B9AC
 1433 0a0e DCECECDC 		.ascii	"\334\354\354\334\034\263\275 \037ZgV\033]P\300\373\266"
 1433      1CB3BD20 
 1433      1F5A6756 
 1433      1B5D50C0 
 1433      FBB6
 1434 0a20 105A5E50 		.ascii	"\020Z^P\300:'Y,\266\214\025K\355\311\366\205\341,\227"
 1434      C03A2759 
 1434      2CB68C15 
 1434      4BEDC9F6 
 1434      85E12C97 
 1435 0a34 59AF85A7 		.ascii	"Y\257\205\247%[\346&\247\260\267\204Y\257MH\2369;\335"
 1435      255BE626 
 1435      A7B0B784 
 1435      59AF4D48 
 1435      9E393BDD 
 1436 0a48 F28AA611 		.ascii	"\362\212\246\021\342_D\246\314\274\354\3453\354S\262"
ARM GAS  /tmp/ccpHDaBR.s 			page 47


 1436      E25F44A6 
 1436      CCBCECE5 
 1436      33EC53B2 
 1437 0a58 D1B82C58 		.ascii	"\321\270,X\032{\301\224\354\351\210\276j\317\312\317"
 1437      1A7BC194 
 1437      ECE988BE 
 1437      6ACFCACF 
 1438 0a68 CD9B392D 		.ascii	"\315\2339-\361\307\357\\\266~lds\3448\362'\332\230\201"
 1438      F1C7EF5C 
 1438      B67E6C64 
 1438      73E438F2 
 1438      27DA9881 
 1439 0a7c CD91F717 		.ascii	"\315\221\367\027\233}\251\303\231\273h\231}\312\017"
 1439      9B7DA9C3 
 1439      99BB6899 
 1439      7DCA0F
 1440 0a8b D4C5BD26 		.ascii	"\324\305\275&I\351\226\364\002\330o\220\210\335\266"
 1440      49E996F4 
 1440      02D86F90 
 1440      88DDB6
 1441 0a9a 7C06DB0C 		.ascii	"|\006\333\014\023\263\026[W\2702\034\331\366\274\324"
 1441      13B3165B 
 1441      57B8321C 
 1441      D9F6BCD4 
 1442 0aaa CC9C054E 		.ascii	"\314\234\005N{^\332s\241\016\362\362\315\216\234,\347"
 1442      7B5EDA73 
 1442      A10EF2F2 
 1442      CD8E9C2C 
 1442      E7
 1443 0abb B20576B0 		.ascii	"\262\005v\260s\255p\201IL\316rGVJN\346|\247\235\227"
 1443      73AD7081 
 1443      494CCE72 
 1443      47564A4E 
 1443      E67CA79D 
 1444 0ad0 F1AB1F2E 		.ascii	"\361\253\037.B\215\255FeF`\034e\263\271\354\371\266"
 1444      428DAD46 
 1444      6546601C 
 1444      65B3B9EC 
 1444      F9B6
 1445 0ae2 9949D694 		.ascii	"\231I\326\224yRZT\246\363\315\314\025.(\305\351\310"
 1445      79525A54 
 1445      A6F3CDCC 
 1445      152E28C5 
 1445      E9C8
 1446 0af4 B1FFE6BF 		.ascii	"\261\377\346\277\254\010x0[\322\255iV\263\005\0227\247"
 1446      AC087830 
 1446      5BD2AD69 
 1446      56B30512 
 1446      37A7
 1447 0b06 69F964BB 		.ascii	"i\371d\273\034.\333\242,\346vb\256+\323\011\205\314"
 1447      1C2EDBA2 
 1447      2CE67662 
 1447      AE2BD309 
 1447      85CC
 1448 0b18 C9CD5A32 		.ascii	"\311\315Z2+/7;\315*=76+&a\365\260'+C\251<\304`\242\322"
 1448      2B2F373B 
 1448      CD2A3D37 
ARM GAS  /tmp/ccpHDaBR.s 			page 48


 1448      362B2661 
 1448      F5B0272B 
 1449 0b33 4A274CD8 		.ascii	"J'L\330\026\302\214\315\341\3123\351SO3\253\271\306"
 1449      16C28CCD 
 1449      E1CA33E9 
 1449      534F33AB 
 1449      B9C6
 1450 0b45 464D5283 		.ascii	"FMR\203\276\222\343\014\361\242\2705LMR\274,\3131\270"
 1450      BE92E30C 
 1450      F1A2B835 
 1450      4C4D52BC 
 1450      2CCB31B8 
 1451 0b59 1E1F3229 		.ascii	"\036\0372)f-\316\314\373\017\006?\236\270"
 1451      662DCECC 
 1451      FB0F063F 
 1451      9EB8
 1452              		.text
 1453              		.section	.gnu.lto_.symtab.94db276903f81114,"e",%progbits
 1454 0000 56656374 		.ascii	"VectorB0\000"
 1454      6F724230 
 1454      00
 1455 0009 00       		.ascii	"\000"
 1456 000a 00       		.ascii	"\000"
 1457 000b 00       		.ascii	"\000"
 1458 000c 00000000 		.ascii	"\000\000\000\000\000\000\000\000"
 1458      00000000 
 1459 0014 5B010000 		.ascii	"[\001\000\000"
 1460 0018 73745F6C 		.ascii	"st_lld_init\000"
 1460      6C645F69 
 1460      6E697400 
 1461 0024 00       		.ascii	"\000"
 1462 0025 00       		.ascii	"\000"
 1463 0026 00       		.ascii	"\000"
 1464 0027 00000000 		.ascii	"\000\000\000\000\000\000\000\000"
 1464      00000000 
 1465 002f 5D010000 		.ascii	"]\001\000\000"
 1466 0033 5F706F72 		.ascii	"_port_irq_epilogue\000"
 1466      745F6972 
 1466      715F6570 
 1466      696C6F67 
 1466      756500
 1467 0046 00       		.ascii	"\000"
 1468 0047 02       		.ascii	"\002"
 1469 0048 00       		.ascii	"\000"
 1470 0049 00000000 		.ascii	"\000\000\000\000\000\000\000\000"
 1470      00000000 
 1471 0051 5F010000 		.ascii	"_\001\000\000"
 1472 0055 63685379 		.ascii	"chSysTimerHandlerI\000"
 1472      7354696D 
 1472      65724861 
 1472      6E646C65 
 1472      724900
 1473 0068 00       		.ascii	"\000"
 1474 0069 02       		.ascii	"\002"
 1475 006a 00       		.ascii	"\000"
 1476 006b 00000000 		.ascii	"\000\000\000\000\000\000\000\000"
 1476      00000000 
ARM GAS  /tmp/ccpHDaBR.s 			page 49


 1477 0073 61010000 		.ascii	"a\001\000\000"
 1478 0077 6E766963 		.ascii	"nvicEnableVector\000"
 1478      456E6162 
 1478      6C655665 
 1478      63746F72 
 1478      00
 1479 0088 00       		.ascii	"\000"
 1480 0089 02       		.ascii	"\002"
 1481 008a 00       		.ascii	"\000"
 1482 008b 00000000 		.ascii	"\000\000\000\000\000\000\000\000"
 1482      00000000 
 1483 0093 66010000 		.ascii	"f\001\000\000"
 1484              		.text
 1485              		.section	.gnu.lto_.ext_symtab.94db276903f81114,"e",%progbits
 1486 0000 01       		.ascii	"\001"
 1487 0001 01       		.ascii	"\001"
 1488 0002 00       		.ascii	"\000"
 1489 0003 01       		.ascii	"\001"
 1490 0004 00       		.ascii	"\000"
 1491 0005 01       		.ascii	"\001"
 1492 0006 00       		.ascii	"\000"
 1493 0007 01       		.ascii	"\001"
 1494 0008 00       		.ascii	"\000"
 1495 0009 01       		.ascii	"\001"
 1496 000a 00       		.ascii	"\000"
 1497              		.text
 1498              		.section	.gnu.lto_.opts,"e",%progbits
 1499 0000 272D666E 		.ascii	"'-fno-openmp' '-fno-openacc' '-fno-pie' '-fcf-prote"
 1499      6F2D6F70 
 1499      656E6D70 
 1499      2720272D 
 1499      666E6F2D 
 1500 0033 6374696F 		.ascii	"ction=none' '-g' '-mcpu=cortex-m4' '-mthumb' '-mflo"
 1500      6E3D6E6F 
 1500      6E652720 
 1500      272D6727 
 1500      20272D6D 
 1501 0066 61742D61 		.ascii	"at-abi=soft' '-mlibarch=armv7e-m' '-march=armv7e-m'"
 1501      62693D73 
 1501      6F667427 
 1501      20272D6D 
 1501      6C696261 
 1502 0099 20272D4F 		.ascii	" '-O2' '-fomit-frame-pointer' '-falign-functions=16"
 1502      32272027 
 1502      2D666F6D 
 1502      69742D66 
 1502      72616D65 
 1503 00cc 2720272D 		.ascii	"' '-ffunction-sections' '-fdata-sections' '-fno-com"
 1503      6666756E 
 1503      6374696F 
 1503      6E2D7365 
 1503      6374696F 
 1504 00ff 6D6F6E27 		.ascii	"mon' '-flto' '-Xassembler' '-alms=./build/lst/hal_s"
 1504      20272D66 
 1504      6C746F27 
 1504      20272D58 
 1504      61737365 
ARM GAS  /tmp/ccpHDaBR.s 			page 50


 1505 0132 745F6C6C 		.ascii	"t_lld.lst'\000"
 1505      642E6C73 
 1505      742700
 1506              		.text
 1507              		.comm	__gnu_lto_slim,1,1
 1508              		.ident	"GCC: (15:13.2.rel1-2) 13.2.1 20231009"
ARM GAS  /tmp/ccpHDaBR.s 			page 51


DEFINED SYMBOLS
                            *ABS*:00000000 hal_st_lld.c
     /tmp/ccpHDaBR.s:27     .gnu.debuglto_.debug_info:00000000 hal_st_lld.c.7e4b90cb
                            *COM*:00000001 __gnu_lto_slim

NO UNDEFINED SYMBOLS
