ARM GAS  /tmp/cc97CAz2.s 			page 1


   1              		.cpu cortex-m4
   2              		.arch armv7e-m
   3              		.fpu softvfp
   4              		.eabi_attribute 20, 1
   5              		.eabi_attribute 21, 1
   6              		.eabi_attribute 23, 3
   7              		.eabi_attribute 24, 1
   8              		.eabi_attribute 25, 1
   9              		.eabi_attribute 26, 1
  10              		.eabi_attribute 30, 2
  11              		.eabi_attribute 34, 1
  12              		.eabi_attribute 18, 4
  13              		.file	"hal_pal.c"
  14              		.file 1 "/usr/lib/gcc/arm-none-eabi/13.2.1/include/stdint.h"
  15              		.file 2 "../../../os/hal/ports/STM32/LLD/GPIOv2/stm32_gpio.h"
  16              		.file 3 "../../../os/hal/ports/STM32/LLD/GPIOv2/hal_pal_lld.h"
  17              		.file 4 "../../../os/hal/include/hal_pal.h"
  18              		.file 5 "../../../os/hal/src/hal_pal.c"
  19              		.section	.gnu.debuglto_.debug_info,"e",%progbits
  20              	.Ldebug_info0:
  21              		.hidden	hal_pal.c.16c0bc2c
  22              		.weak	hal_pal.c.16c0bc2c
  23              	hal_pal.c.16c0bc2c:
  24 0000 CC020000 		.4byte	0x2cc
  25 0004 0500     		.2byte	0x5
  26 0006 01       		.byte	0x1
  27 0007 04       		.byte	0x4
  28 0008 00000000 		.4byte	.Ldebug_abbrev0
  29 000c 11       		.uleb128 0x11
  30 000d 09010000 		.4byte	.LASF39
  31 0011 1D       		.byte	0x1d
  32 0012 29020000 		.4byte	.LASF40
  33 0016 1F000000 		.4byte	.LASF41
  34 001a 00000000 		.4byte	.Ldebug_line0
  35 001e 12       		.uleb128 0x12
  36 001f 04       		.byte	0x4
  37 0020 05       		.byte	0x5
  38 0021 696E7400 		.ascii	"int\000"
  39 0025 01       		.uleb128 0x1
  40 0026 04       		.byte	0x4
  41 0027 07       		.byte	0x7
  42 0028 DA010000 		.4byte	.LASF0
  43 002c 01       		.uleb128 0x1
  44 002d 08       		.byte	0x8
  45 002e 05       		.byte	0x5
  46 002f 0A020000 		.4byte	.LASF1
  47 0033 01       		.uleb128 0x1
  48 0034 08       		.byte	0x8
  49 0035 04       		.byte	0x4
  50 0036 6D020000 		.4byte	.LASF2
  51 003a 01       		.uleb128 0x1
  52 003b 01       		.byte	0x1
  53 003c 06       		.byte	0x6
  54 003d 79020000 		.4byte	.LASF3
  55 0041 01       		.uleb128 0x1
  56 0042 02       		.byte	0x2
  57 0043 05       		.byte	0x5
ARM GAS  /tmp/cc97CAz2.s 			page 2


  58 0044 FF000000 		.4byte	.LASF4
  59 0048 01       		.uleb128 0x1
  60 0049 04       		.byte	0x4
  61 004a 05       		.byte	0x5
  62 004b 64020000 		.4byte	.LASF5
  63 004f 01       		.uleb128 0x1
  64 0050 01       		.byte	0x1
  65 0051 08       		.byte	0x8
  66 0052 B5000000 		.4byte	.LASF6
  67 0056 03       		.uleb128 0x3
  68 0057 52020000 		.4byte	.LASF8
  69 005b 01       		.byte	0x1
  70 005c 31       		.byte	0x31
  71 005d 19       		.byte	0x19
  72 005e 62000000 		.4byte	0x62
  73 0062 01       		.uleb128 0x1
  74 0063 02       		.byte	0x2
  75 0064 07       		.byte	0x7
  76 0065 DA000000 		.4byte	.LASF7
  77 0069 03       		.uleb128 0x3
  78 006a 5B020000 		.4byte	.LASF9
  79 006e 01       		.byte	0x1
  80 006f 34       		.byte	0x34
  81 0070 19       		.byte	0x19
  82 0071 7A000000 		.4byte	0x7a
  83 0075 0C       		.uleb128 0xc
  84 0076 69000000 		.4byte	0x69
  85 007a 01       		.uleb128 0x1
  86 007b 04       		.byte	0x4
  87 007c 07       		.byte	0x7
  88 007d C8000000 		.4byte	.LASF10
  89 0081 01       		.uleb128 0x1
  90 0082 08       		.byte	0x8
  91 0083 07       		.byte	0x7
  92 0084 8B020000 		.4byte	.LASF11
  93 0088 03       		.uleb128 0x3
  94 0089 F2000000 		.4byte	.LASF12
  95 008d 01       		.byte	0x1
  96 008e 4B       		.byte	0x4b
  97 008f 1D       		.byte	0x1d
  98 0090 25000000 		.4byte	0x25
  99 0094 01       		.uleb128 0x1
 100 0095 01       		.byte	0x1
 101 0096 08       		.byte	0x8
 102 0097 E7010000 		.4byte	.LASF13
 103 009b 04       		.uleb128 0x4
 104 009c 94000000 		.4byte	0x94
 105 00a0 01       		.uleb128 0x1
 106 00a1 01       		.byte	0x1
 107 00a2 02       		.byte	0x2
 108 00a3 85020000 		.4byte	.LASF14
 109 00a7 05       		.uleb128 0x5
 110 00a8 04       		.byte	0x4
 111 00a9 02       		.byte	0x2
 112 00aa 5B       		.byte	0x5b
 113 00ab 05       		.byte	0x5
 114 00ac C9000000 		.4byte	0xc9
ARM GAS  /tmp/cc97CAz2.s 			page 3


 115 00b0 06       		.uleb128 0x6
 116 00b1 73657400 		.ascii	"set\000"
 117 00b5 5C       		.byte	0x5c
 118 00b6 56000000 		.4byte	0x56
 119 00ba 00       		.byte	0
 120 00bb 02       		.uleb128 0x2
 121 00bc 08000000 		.4byte	.LASF15
 122 00c0 02       		.byte	0x2
 123 00c1 5D       		.byte	0x5d
 124 00c2 19       		.byte	0x19
 125 00c3 56000000 		.4byte	0x56
 126 00c7 02       		.byte	0x2
 127 00c8 00       		.byte	0
 128 00c9 13       		.uleb128 0x13
 129 00ca 04       		.byte	0x4
 130 00cb 02       		.byte	0x2
 131 00cc 59       		.byte	0x59
 132 00cd 0C       		.byte	0xc
 133 00ce E5000000 		.4byte	0xe5
 134 00d2 0D       		.uleb128 0xd
 135 00d3 5700     		.ascii	"W\000"
 136 00d5 5A       		.byte	0x5a
 137 00d6 19       		.byte	0x19
 138 00d7 69000000 		.4byte	0x69
 139 00db 0D       		.uleb128 0xd
 140 00dc 4800     		.ascii	"H\000"
 141 00de 5E       		.byte	0x5e
 142 00df 07       		.byte	0x7
 143 00e0 A7000000 		.4byte	0xa7
 144 00e4 00       		.byte	0
 145 00e5 0C       		.uleb128 0xc
 146 00e6 C9000000 		.4byte	0xc9
 147 00ea 05       		.uleb128 0x5
 148 00eb 28       		.byte	0x28
 149 00ec 02       		.byte	0x2
 150 00ed 51       		.byte	0x51
 151 00ee 09       		.byte	0x9
 152 00ef 72010000 		.4byte	0x172
 153 00f3 02       		.uleb128 0x2
 154 00f4 0E000000 		.4byte	.LASF16
 155 00f8 02       		.byte	0x2
 156 00f9 53       		.byte	0x53
 157 00fa 19       		.byte	0x19
 158 00fb 75000000 		.4byte	0x75
 159 00ff 00       		.byte	0
 160 0100 02       		.uleb128 0x2
 161 0101 A5000000 		.4byte	.LASF17
 162 0105 02       		.byte	0x2
 163 0106 54       		.byte	0x54
 164 0107 19       		.byte	0x19
 165 0108 75000000 		.4byte	0x75
 166 010c 04       		.byte	0x4
 167 010d 02       		.uleb128 0x2
 168 010e 00000000 		.4byte	.LASF18
 169 0112 02       		.byte	0x2
 170 0113 55       		.byte	0x55
 171 0114 19       		.byte	0x19
ARM GAS  /tmp/cc97CAz2.s 			page 4


 172 0115 75000000 		.4byte	0x75
 173 0119 08       		.byte	0x8
 174 011a 02       		.uleb128 0x2
 175 011b 04020000 		.4byte	.LASF19
 176 011f 02       		.byte	0x2
 177 0120 56       		.byte	0x56
 178 0121 19       		.byte	0x19
 179 0122 75000000 		.4byte	0x75
 180 0126 0C       		.byte	0xc
 181 0127 06       		.uleb128 0x6
 182 0128 49445200 		.ascii	"IDR\000"
 183 012c 57       		.byte	0x57
 184 012d 75000000 		.4byte	0x75
 185 0131 10       		.byte	0x10
 186 0132 06       		.uleb128 0x6
 187 0133 4F445200 		.ascii	"ODR\000"
 188 0137 58       		.byte	0x58
 189 0138 75000000 		.4byte	0x75
 190 013c 14       		.byte	0x14
 191 013d 02       		.uleb128 0x2
 192 013e 69000000 		.4byte	.LASF20
 193 0142 02       		.byte	0x2
 194 0143 5F       		.byte	0x5f
 195 0144 05       		.byte	0x5
 196 0145 E5000000 		.4byte	0xe5
 197 0149 18       		.byte	0x18
 198 014a 02       		.uleb128 0x2
 199 014b F1010000 		.4byte	.LASF21
 200 014f 02       		.byte	0x2
 201 0150 60       		.byte	0x60
 202 0151 19       		.byte	0x19
 203 0152 75000000 		.4byte	0x75
 204 0156 1C       		.byte	0x1c
 205 0157 02       		.uleb128 0x2
 206 0158 ED000000 		.4byte	.LASF22
 207 015c 02       		.byte	0x2
 208 015d 61       		.byte	0x61
 209 015e 19       		.byte	0x19
 210 015f 75000000 		.4byte	0x75
 211 0163 20       		.byte	0x20
 212 0164 02       		.uleb128 0x2
 213 0165 C3000000 		.4byte	.LASF23
 214 0169 02       		.byte	0x2
 215 016a 62       		.byte	0x62
 216 016b 19       		.byte	0x19
 217 016c 75000000 		.4byte	0x75
 218 0170 24       		.byte	0x24
 219 0171 00       		.byte	0
 220 0172 03       		.uleb128 0x3
 221 0173 F7010000 		.4byte	.LASF24
 222 0177 02       		.byte	0x2
 223 0178 63       		.byte	0x63
 224 0179 03       		.byte	0x3
 225 017a EA000000 		.4byte	0xea
 226 017e 03       		.uleb128 0x3
 227 017f 8F000000 		.4byte	.LASF25
 228 0183 03       		.byte	0x3
ARM GAS  /tmp/cc97CAz2.s 			page 5


 229 0184 C2       		.byte	0xc2
 230 0185 12       		.byte	0x12
 231 0186 69000000 		.4byte	0x69
 232 018a 03       		.uleb128 0x3
 233 018b AC000000 		.4byte	.LASF26
 234 018f 03       		.byte	0x3
 235 0190 C7       		.byte	0xc7
 236 0191 12       		.byte	0x12
 237 0192 69000000 		.4byte	0x69
 238 0196 03       		.uleb128 0x3
 239 0197 47020000 		.4byte	.LASF27
 240 019b 03       		.byte	0x3
 241 019c D9       		.byte	0xd9
 242 019d 18       		.byte	0x18
 243 019e A2010000 		.4byte	0x1a2
 244 01a2 0E       		.uleb128 0xe
 245 01a3 72010000 		.4byte	0x172
 246 01a7 05       		.uleb128 0x5
 247 01a8 0C       		.byte	0xc
 248 01a9 04       		.byte	0x4
 249 01aa B7       		.byte	0xb7
 250 01ab 09       		.byte	0x9
 251 01ac D8010000 		.4byte	0x1d8
 252 01b0 02       		.uleb128 0x2
 253 01b1 88000000 		.4byte	.LASF28
 254 01b5 04       		.byte	0x4
 255 01b6 BB       		.byte	0xbb
 256 01b7 19       		.byte	0x19
 257 01b8 96010000 		.4byte	0x196
 258 01bc 00       		.byte	0
 259 01bd 02       		.uleb128 0x2
 260 01be 18020000 		.4byte	.LASF29
 261 01c2 04       		.byte	0x4
 262 01c3 C1       		.byte	0xc1
 263 01c4 19       		.byte	0x19
 264 01c5 7E010000 		.4byte	0x17e
 265 01c9 04       		.byte	0x4
 266 01ca 02       		.uleb128 0x2
 267 01cb 22020000 		.4byte	.LASF30
 268 01cf 04       		.byte	0x4
 269 01d0 C5       		.byte	0xc5
 270 01d1 19       		.byte	0x19
 271 01d2 88000000 		.4byte	0x88
 272 01d6 08       		.byte	0x8
 273 01d7 00       		.byte	0
 274 01d8 03       		.uleb128 0x3
 275 01d9 A2020000 		.4byte	.LASF31
 276 01dd 04       		.byte	0x4
 277 01de C6       		.byte	0xc6
 278 01df 03       		.byte	0x3
 279 01e0 A7010000 		.4byte	0x1a7
 280 01e4 04       		.uleb128 0x4
 281 01e5 D8010000 		.4byte	0x1d8
 282 01e9 14       		.uleb128 0x14
 283 01ea C4010000 		.4byte	.LASF37
 284 01ee 03       		.byte	0x3
 285 01ef F301     		.2byte	0x1f3
ARM GAS  /tmp/cc97CAz2.s 			page 6


 286 01f1 08       		.byte	0x8
 287 01f2 06020000 		.4byte	0x206
 288 01f6 07       		.uleb128 0x7
 289 01f7 96010000 		.4byte	0x196
 290 01fb 07       		.uleb128 0x7
 291 01fc 7E010000 		.4byte	0x17e
 292 0200 07       		.uleb128 0x7
 293 0201 8A010000 		.4byte	0x18a
 294 0205 00       		.byte	0
 295 0206 0F       		.uleb128 0xf
 296 0207 7A000000 		.4byte	.LASF33
 297 020b 71       		.byte	0x71
 298 020c 30020000 		.4byte	0x230
 299 0210 08       		.uleb128 0x8
 300 0211 62757300 		.ascii	"bus\000"
 301 0215 71       		.byte	0x71
 302 0216 21       		.byte	0x21
 303 0217 30020000 		.4byte	0x230
 304 021b 10       		.uleb128 0x10
 305 021c EC010000 		.4byte	.LASF32
 306 0220 71       		.byte	0x71
 307 0221 2F       		.byte	0x2f
 308 0222 8A010000 		.4byte	0x18a
 309 0226 09       		.uleb128 0x9
 310 0227 9C000000 		.4byte	.LASF36
 311 022b 45020000 		.4byte	0x245
 312 022f 00       		.byte	0
 313 0230 0E       		.uleb128 0xe
 314 0231 E4010000 		.4byte	0x1e4
 315 0235 0A       		.uleb128 0xa
 316 0236 9B000000 		.4byte	0x9b
 317 023a 45020000 		.4byte	0x245
 318 023e 0B       		.uleb128 0xb
 319 023f 25000000 		.4byte	0x25
 320 0243 0D       		.byte	0xd
 321 0244 00       		.byte	0
 322 0245 04       		.uleb128 0x4
 323 0246 35020000 		.4byte	0x235
 324 024a 0F       		.uleb128 0xf
 325 024b 6E000000 		.4byte	.LASF34
 326 024f 5A       		.byte	0x5a
 327 0250 80020000 		.4byte	0x280
 328 0254 08       		.uleb128 0x8
 329 0255 62757300 		.ascii	"bus\000"
 330 0259 5A       		.byte	0x5a
 331 025a 1F       		.byte	0x1f
 332 025b 30020000 		.4byte	0x230
 333 025f 10       		.uleb128 0x10
 334 0260 1D020000 		.4byte	.LASF35
 335 0264 5A       		.byte	0x5a
 336 0265 31       		.byte	0x31
 337 0266 7E010000 		.4byte	0x17e
 338 026a 09       		.uleb128 0x9
 339 026b 9C000000 		.4byte	.LASF36
 340 026f 90020000 		.4byte	0x290
 341 0273 15       		.uleb128 0x15
 342 0274 16       		.uleb128 0x16
ARM GAS  /tmp/cc97CAz2.s 			page 7


 343 0275 7700     		.ascii	"w\000"
 344 0277 05       		.byte	0x5
 345 0278 5E       		.byte	0x5e
 346 0279 03       		.byte	0x3
 347 027a 69000000 		.4byte	0x69
 348 027e 00       		.byte	0
 349 027f 00       		.byte	0
 350 0280 0A       		.uleb128 0xa
 351 0281 9B000000 		.4byte	0x9b
 352 0285 90020000 		.4byte	0x290
 353 0289 0B       		.uleb128 0xb
 354 028a 25000000 		.4byte	0x25
 355 028e 0B       		.byte	0xb
 356 028f 00       		.byte	0
 357 0290 04       		.uleb128 0x4
 358 0291 80020000 		.4byte	0x280
 359 0295 17       		.uleb128 0x17
 360 0296 14000000 		.4byte	.LASF38
 361 029a 05       		.byte	0x5
 362 029b 41       		.byte	0x41
 363 029c 0E       		.byte	0xe
 364 029d 7E010000 		.4byte	0x17e
 365 02a1 BA020000 		.4byte	0x2ba
 366 02a5 08       		.uleb128 0x8
 367 02a6 62757300 		.ascii	"bus\000"
 368 02aa 41       		.byte	0x41
 369 02ab 26       		.byte	0x26
 370 02ac 30020000 		.4byte	0x230
 371 02b0 09       		.uleb128 0x9
 372 02b1 9C000000 		.4byte	.LASF36
 373 02b5 CA020000 		.4byte	0x2ca
 374 02b9 00       		.byte	0
 375 02ba 0A       		.uleb128 0xa
 376 02bb 9B000000 		.4byte	0x9b
 377 02bf CA020000 		.4byte	0x2ca
 378 02c3 0B       		.uleb128 0xb
 379 02c4 25000000 		.4byte	0x25
 380 02c8 0A       		.byte	0xa
 381 02c9 00       		.byte	0
 382 02ca 04       		.uleb128 0x4
 383 02cb BA020000 		.4byte	0x2ba
 384 02cf 00       		.byte	0
 385              		.section	.gnu.debuglto_.debug_abbrev,"e",%progbits
 386              	.Ldebug_abbrev0:
 387 0000 01       		.uleb128 0x1
 388 0001 24       		.uleb128 0x24
 389 0002 00       		.byte	0
 390 0003 0B       		.uleb128 0xb
 391 0004 0B       		.uleb128 0xb
 392 0005 3E       		.uleb128 0x3e
 393 0006 0B       		.uleb128 0xb
 394 0007 03       		.uleb128 0x3
 395 0008 0E       		.uleb128 0xe
 396 0009 00       		.byte	0
 397 000a 00       		.byte	0
 398 000b 02       		.uleb128 0x2
 399 000c 0D       		.uleb128 0xd
ARM GAS  /tmp/cc97CAz2.s 			page 8


 400 000d 00       		.byte	0
 401 000e 03       		.uleb128 0x3
 402 000f 0E       		.uleb128 0xe
 403 0010 3A       		.uleb128 0x3a
 404 0011 0B       		.uleb128 0xb
 405 0012 3B       		.uleb128 0x3b
 406 0013 0B       		.uleb128 0xb
 407 0014 39       		.uleb128 0x39
 408 0015 0B       		.uleb128 0xb
 409 0016 49       		.uleb128 0x49
 410 0017 13       		.uleb128 0x13
 411 0018 38       		.uleb128 0x38
 412 0019 0B       		.uleb128 0xb
 413 001a 00       		.byte	0
 414 001b 00       		.byte	0
 415 001c 03       		.uleb128 0x3
 416 001d 16       		.uleb128 0x16
 417 001e 00       		.byte	0
 418 001f 03       		.uleb128 0x3
 419 0020 0E       		.uleb128 0xe
 420 0021 3A       		.uleb128 0x3a
 421 0022 0B       		.uleb128 0xb
 422 0023 3B       		.uleb128 0x3b
 423 0024 0B       		.uleb128 0xb
 424 0025 39       		.uleb128 0x39
 425 0026 0B       		.uleb128 0xb
 426 0027 49       		.uleb128 0x49
 427 0028 13       		.uleb128 0x13
 428 0029 00       		.byte	0
 429 002a 00       		.byte	0
 430 002b 04       		.uleb128 0x4
 431 002c 26       		.uleb128 0x26
 432 002d 00       		.byte	0
 433 002e 49       		.uleb128 0x49
 434 002f 13       		.uleb128 0x13
 435 0030 00       		.byte	0
 436 0031 00       		.byte	0
 437 0032 05       		.uleb128 0x5
 438 0033 13       		.uleb128 0x13
 439 0034 01       		.byte	0x1
 440 0035 0B       		.uleb128 0xb
 441 0036 0B       		.uleb128 0xb
 442 0037 3A       		.uleb128 0x3a
 443 0038 0B       		.uleb128 0xb
 444 0039 3B       		.uleb128 0x3b
 445 003a 0B       		.uleb128 0xb
 446 003b 39       		.uleb128 0x39
 447 003c 0B       		.uleb128 0xb
 448 003d 01       		.uleb128 0x1
 449 003e 13       		.uleb128 0x13
 450 003f 00       		.byte	0
 451 0040 00       		.byte	0
 452 0041 06       		.uleb128 0x6
 453 0042 0D       		.uleb128 0xd
 454 0043 00       		.byte	0
 455 0044 03       		.uleb128 0x3
 456 0045 08       		.uleb128 0x8
ARM GAS  /tmp/cc97CAz2.s 			page 9


 457 0046 3A       		.uleb128 0x3a
 458 0047 21       		.uleb128 0x21
 459 0048 02       		.sleb128 2
 460 0049 3B       		.uleb128 0x3b
 461 004a 0B       		.uleb128 0xb
 462 004b 39       		.uleb128 0x39
 463 004c 21       		.uleb128 0x21
 464 004d 19       		.sleb128 25
 465 004e 49       		.uleb128 0x49
 466 004f 13       		.uleb128 0x13
 467 0050 38       		.uleb128 0x38
 468 0051 0B       		.uleb128 0xb
 469 0052 00       		.byte	0
 470 0053 00       		.byte	0
 471 0054 07       		.uleb128 0x7
 472 0055 05       		.uleb128 0x5
 473 0056 00       		.byte	0
 474 0057 49       		.uleb128 0x49
 475 0058 13       		.uleb128 0x13
 476 0059 00       		.byte	0
 477 005a 00       		.byte	0
 478 005b 08       		.uleb128 0x8
 479 005c 05       		.uleb128 0x5
 480 005d 00       		.byte	0
 481 005e 03       		.uleb128 0x3
 482 005f 08       		.uleb128 0x8
 483 0060 3A       		.uleb128 0x3a
 484 0061 21       		.uleb128 0x21
 485 0062 05       		.sleb128 5
 486 0063 3B       		.uleb128 0x3b
 487 0064 0B       		.uleb128 0xb
 488 0065 39       		.uleb128 0x39
 489 0066 0B       		.uleb128 0xb
 490 0067 49       		.uleb128 0x49
 491 0068 13       		.uleb128 0x13
 492 0069 00       		.byte	0
 493 006a 00       		.byte	0
 494 006b 09       		.uleb128 0x9
 495 006c 34       		.uleb128 0x34
 496 006d 00       		.byte	0
 497 006e 03       		.uleb128 0x3
 498 006f 0E       		.uleb128 0xe
 499 0070 49       		.uleb128 0x49
 500 0071 13       		.uleb128 0x13
 501 0072 34       		.uleb128 0x34
 502 0073 19       		.uleb128 0x19
 503 0074 00       		.byte	0
 504 0075 00       		.byte	0
 505 0076 0A       		.uleb128 0xa
 506 0077 01       		.uleb128 0x1
 507 0078 01       		.byte	0x1
 508 0079 49       		.uleb128 0x49
 509 007a 13       		.uleb128 0x13
 510 007b 01       		.uleb128 0x1
 511 007c 13       		.uleb128 0x13
 512 007d 00       		.byte	0
 513 007e 00       		.byte	0
ARM GAS  /tmp/cc97CAz2.s 			page 10


 514 007f 0B       		.uleb128 0xb
 515 0080 21       		.uleb128 0x21
 516 0081 00       		.byte	0
 517 0082 49       		.uleb128 0x49
 518 0083 13       		.uleb128 0x13
 519 0084 2F       		.uleb128 0x2f
 520 0085 0B       		.uleb128 0xb
 521 0086 00       		.byte	0
 522 0087 00       		.byte	0
 523 0088 0C       		.uleb128 0xc
 524 0089 35       		.uleb128 0x35
 525 008a 00       		.byte	0
 526 008b 49       		.uleb128 0x49
 527 008c 13       		.uleb128 0x13
 528 008d 00       		.byte	0
 529 008e 00       		.byte	0
 530 008f 0D       		.uleb128 0xd
 531 0090 0D       		.uleb128 0xd
 532 0091 00       		.byte	0
 533 0092 03       		.uleb128 0x3
 534 0093 08       		.uleb128 0x8
 535 0094 3A       		.uleb128 0x3a
 536 0095 21       		.uleb128 0x21
 537 0096 02       		.sleb128 2
 538 0097 3B       		.uleb128 0x3b
 539 0098 0B       		.uleb128 0xb
 540 0099 39       		.uleb128 0x39
 541 009a 0B       		.uleb128 0xb
 542 009b 49       		.uleb128 0x49
 543 009c 13       		.uleb128 0x13
 544 009d 00       		.byte	0
 545 009e 00       		.byte	0
 546 009f 0E       		.uleb128 0xe
 547 00a0 0F       		.uleb128 0xf
 548 00a1 00       		.byte	0
 549 00a2 0B       		.uleb128 0xb
 550 00a3 21       		.uleb128 0x21
 551 00a4 04       		.sleb128 4
 552 00a5 49       		.uleb128 0x49
 553 00a6 13       		.uleb128 0x13
 554 00a7 00       		.byte	0
 555 00a8 00       		.byte	0
 556 00a9 0F       		.uleb128 0xf
 557 00aa 2E       		.uleb128 0x2e
 558 00ab 01       		.byte	0x1
 559 00ac 3F       		.uleb128 0x3f
 560 00ad 19       		.uleb128 0x19
 561 00ae 03       		.uleb128 0x3
 562 00af 0E       		.uleb128 0xe
 563 00b0 3A       		.uleb128 0x3a
 564 00b1 21       		.uleb128 0x21
 565 00b2 05       		.sleb128 5
 566 00b3 3B       		.uleb128 0x3b
 567 00b4 0B       		.uleb128 0xb
 568 00b5 39       		.uleb128 0x39
 569 00b6 21       		.uleb128 0x21
 570 00b7 06       		.sleb128 6
ARM GAS  /tmp/cc97CAz2.s 			page 11


 571 00b8 27       		.uleb128 0x27
 572 00b9 19       		.uleb128 0x19
 573 00ba 01       		.uleb128 0x1
 574 00bb 13       		.uleb128 0x13
 575 00bc 00       		.byte	0
 576 00bd 00       		.byte	0
 577 00be 10       		.uleb128 0x10
 578 00bf 05       		.uleb128 0x5
 579 00c0 00       		.byte	0
 580 00c1 03       		.uleb128 0x3
 581 00c2 0E       		.uleb128 0xe
 582 00c3 3A       		.uleb128 0x3a
 583 00c4 21       		.uleb128 0x21
 584 00c5 05       		.sleb128 5
 585 00c6 3B       		.uleb128 0x3b
 586 00c7 0B       		.uleb128 0xb
 587 00c8 39       		.uleb128 0x39
 588 00c9 0B       		.uleb128 0xb
 589 00ca 49       		.uleb128 0x49
 590 00cb 13       		.uleb128 0x13
 591 00cc 00       		.byte	0
 592 00cd 00       		.byte	0
 593 00ce 11       		.uleb128 0x11
 594 00cf 11       		.uleb128 0x11
 595 00d0 01       		.byte	0x1
 596 00d1 25       		.uleb128 0x25
 597 00d2 0E       		.uleb128 0xe
 598 00d3 13       		.uleb128 0x13
 599 00d4 0B       		.uleb128 0xb
 600 00d5 03       		.uleb128 0x3
 601 00d6 0E       		.uleb128 0xe
 602 00d7 1B       		.uleb128 0x1b
 603 00d8 0E       		.uleb128 0xe
 604 00d9 10       		.uleb128 0x10
 605 00da 17       		.uleb128 0x17
 606 00db 00       		.byte	0
 607 00dc 00       		.byte	0
 608 00dd 12       		.uleb128 0x12
 609 00de 24       		.uleb128 0x24
 610 00df 00       		.byte	0
 611 00e0 0B       		.uleb128 0xb
 612 00e1 0B       		.uleb128 0xb
 613 00e2 3E       		.uleb128 0x3e
 614 00e3 0B       		.uleb128 0xb
 615 00e4 03       		.uleb128 0x3
 616 00e5 08       		.uleb128 0x8
 617 00e6 00       		.byte	0
 618 00e7 00       		.byte	0
 619 00e8 13       		.uleb128 0x13
 620 00e9 17       		.uleb128 0x17
 621 00ea 01       		.byte	0x1
 622 00eb 0B       		.uleb128 0xb
 623 00ec 0B       		.uleb128 0xb
 624 00ed 3A       		.uleb128 0x3a
 625 00ee 0B       		.uleb128 0xb
 626 00ef 3B       		.uleb128 0x3b
 627 00f0 0B       		.uleb128 0xb
ARM GAS  /tmp/cc97CAz2.s 			page 12


 628 00f1 39       		.uleb128 0x39
 629 00f2 0B       		.uleb128 0xb
 630 00f3 01       		.uleb128 0x1
 631 00f4 13       		.uleb128 0x13
 632 00f5 00       		.byte	0
 633 00f6 00       		.byte	0
 634 00f7 14       		.uleb128 0x14
 635 00f8 2E       		.uleb128 0x2e
 636 00f9 01       		.byte	0x1
 637 00fa 3F       		.uleb128 0x3f
 638 00fb 19       		.uleb128 0x19
 639 00fc 03       		.uleb128 0x3
 640 00fd 0E       		.uleb128 0xe
 641 00fe 3A       		.uleb128 0x3a
 642 00ff 0B       		.uleb128 0xb
 643 0100 3B       		.uleb128 0x3b
 644 0101 05       		.uleb128 0x5
 645 0102 39       		.uleb128 0x39
 646 0103 0B       		.uleb128 0xb
 647 0104 27       		.uleb128 0x27
 648 0105 19       		.uleb128 0x19
 649 0106 3C       		.uleb128 0x3c
 650 0107 19       		.uleb128 0x19
 651 0108 01       		.uleb128 0x1
 652 0109 13       		.uleb128 0x13
 653 010a 00       		.byte	0
 654 010b 00       		.byte	0
 655 010c 15       		.uleb128 0x15
 656 010d 0B       		.uleb128 0xb
 657 010e 01       		.byte	0x1
 658 010f 00       		.byte	0
 659 0110 00       		.byte	0
 660 0111 16       		.uleb128 0x16
 661 0112 34       		.uleb128 0x34
 662 0113 00       		.byte	0
 663 0114 03       		.uleb128 0x3
 664 0115 08       		.uleb128 0x8
 665 0116 3A       		.uleb128 0x3a
 666 0117 0B       		.uleb128 0xb
 667 0118 3B       		.uleb128 0x3b
 668 0119 0B       		.uleb128 0xb
 669 011a 39       		.uleb128 0x39
 670 011b 0B       		.uleb128 0xb
 671 011c 49       		.uleb128 0x49
 672 011d 13       		.uleb128 0x13
 673 011e 00       		.byte	0
 674 011f 00       		.byte	0
 675 0120 17       		.uleb128 0x17
 676 0121 2E       		.uleb128 0x2e
 677 0122 01       		.byte	0x1
 678 0123 3F       		.uleb128 0x3f
 679 0124 19       		.uleb128 0x19
 680 0125 03       		.uleb128 0x3
 681 0126 0E       		.uleb128 0xe
 682 0127 3A       		.uleb128 0x3a
 683 0128 0B       		.uleb128 0xb
 684 0129 3B       		.uleb128 0x3b
ARM GAS  /tmp/cc97CAz2.s 			page 13


 685 012a 0B       		.uleb128 0xb
 686 012b 39       		.uleb128 0x39
 687 012c 0B       		.uleb128 0xb
 688 012d 27       		.uleb128 0x27
 689 012e 19       		.uleb128 0x19
 690 012f 49       		.uleb128 0x49
 691 0130 13       		.uleb128 0x13
 692 0131 01       		.uleb128 0x1
 693 0132 13       		.uleb128 0x13
 694 0133 00       		.byte	0
 695 0134 00       		.byte	0
 696 0135 00       		.byte	0
 697              		.section	.gnu.debuglto_.debug_line,"e",%progbits
 698              	.Ldebug_line0:
 699 0000 56000000 		.4byte	.LELT0-.LSLT0
 700              	.LSLT0:
 701 0004 0500     		.2byte	0x5
 702 0006 04       		.byte	0x4
 703 0007 00       		.byte	0
 704 0008 4E000000 		.4byte	.LELTP0-.LASLTP0
 705              	.LASLTP0:
 706 000c 01       		.byte	0x1
 707 000d 01       		.byte	0x1
 708 000e 01       		.byte	0x1
 709 000f F6       		.byte	0xf6
 710 0010 F2       		.byte	0xf2
 711 0011 0D       		.byte	0xd
 712 0012 00       		.byte	0
 713 0013 01       		.byte	0x1
 714 0014 01       		.byte	0x1
 715 0015 01       		.byte	0x1
 716 0016 01       		.byte	0x1
 717 0017 00       		.byte	0
 718 0018 00       		.byte	0
 719 0019 00       		.byte	0
 720 001a 01       		.byte	0x1
 721 001b 00       		.byte	0
 722 001c 00       		.byte	0
 723 001d 01       		.byte	0x1
 724 001e 01       		.byte	0x1
 725 001f 01       		.uleb128 0x1
 726 0020 1F       		.uleb128 0x1f
 727 0021 05       		.uleb128 0x5
 728 0022 A5000000 		.4byte	.LASF42
 729 0026 27000000 		.4byte	.LASF43
 730 002a 00000000 		.4byte	.LASF44
 731 002e 3F000000 		.4byte	.LASF45
 732 0032 7B000000 		.4byte	.LASF46
 733 0036 02       		.byte	0x2
 734 0037 01       		.uleb128 0x1
 735 0038 1F       		.uleb128 0x1f
 736 0039 02       		.uleb128 0x2
 737 003a 0B       		.uleb128 0xb
 738 003b 06       		.uleb128 0x6
 739 003c 53000000 		.4byte	.LASF47
 740 0040 00       		.byte	0
 741 0041 14010000 		.4byte	.LASF48
ARM GAS  /tmp/cc97CAz2.s 			page 14


 742 0045 04       		.byte	0x4
 743 0046 F9000000 		.4byte	.LASF49
 744 004a 02       		.byte	0x2
 745 004b 06010000 		.4byte	.LASF50
 746 004f 02       		.byte	0x2
 747 0050 EF000000 		.4byte	.LASF51
 748 0054 01       		.byte	0x1
 749 0055 71000000 		.4byte	.LASF52
 750 0059 03       		.byte	0x3
 751              	.LELTP0:
 752              	.LELT0:
 753              		.section	.gnu.debuglto_.debug_str,"eMS",%progbits,1
 754              	.LASF18:
 755 0000 4F535045 		.ascii	"OSPEEDR\000"
 755      45445200 
 756              	.LASF15:
 757 0008 636C6561 		.ascii	"clear\000"
 757      7200
 758              	.LASF16:
 759 000e 4D4F4445 		.ascii	"MODER\000"
 759      5200
 760              	.LASF38:
 761 0014 70616C52 		.ascii	"palReadBus\000"
 761      65616442 
 761      757300
 762              	.LASF41:
 763 001f 2F686F6D 		.ascii	"/home/mayank/chibios-workspace/ChibiOS/demos/STM32/"
 763      652F6D61 
 763      79616E6B 
 763      2F636869 
 763      62696F73 
 764 0052 52542D53 		.ascii	"RT-STM32F407-DISCOVERY\000"
 764      544D3332 
 764      46343037 
 764      2D444953 
 764      434F5645 
 765              	.LASF20:
 766 0069 42535252 		.ascii	"BSRR\000"
 766      00
 767              	.LASF34:
 768 006e 70616C57 		.ascii	"palWriteBus\000"
 768      72697465 
 768      42757300 
 769              	.LASF33:
 770 007a 70616C53 		.ascii	"palSetBusMode\000"
 770      65744275 
 770      734D6F64 
 770      6500
 771              	.LASF28:
 772 0088 706F7274 		.ascii	"portid\000"
 772      696400
 773              	.LASF25:
 774 008f 696F706F 		.ascii	"ioportmask_t\000"
 774      72746D61 
 774      736B5F74 
 774      00
 775              	.LASF36:
ARM GAS  /tmp/cc97CAz2.s 			page 15


 776 009c 5F5F6675 		.ascii	"__func__\000"
 776      6E635F5F 
 776      00
 777              	.LASF17:
 778 00a5 4F545950 		.ascii	"OTYPER\000"
 778      455200
 779              	.LASF26:
 780 00ac 696F6D6F 		.ascii	"iomode_t\000"
 780      64655F74 
 780      00
 781              	.LASF6:
 782 00b5 756E7369 		.ascii	"unsigned char\000"
 782      676E6564 
 782      20636861 
 782      7200
 783              	.LASF23:
 784 00c3 41465248 		.ascii	"AFRH\000"
 784      00
 785              	.LASF10:
 786 00c8 6C6F6E67 		.ascii	"long unsigned int\000"
 786      20756E73 
 786      69676E65 
 786      6420696E 
 786      7400
 787              	.LASF7:
 788 00da 73686F72 		.ascii	"short unsigned int\000"
 788      7420756E 
 788      7369676E 
 788      65642069 
 788      6E7400
 789              	.LASF22:
 790 00ed 4146524C 		.ascii	"AFRL\000"
 790      00
 791              	.LASF12:
 792 00f2 75696E74 		.ascii	"uint_fast8_t\000"
 792      5F666173 
 792      74385F74 
 792      00
 793              	.LASF4:
 794 00ff 73686F72 		.ascii	"short int\000"
 794      7420696E 
 794      7400
 795              	.LASF39:
 796 0109 474E5520 		.ascii	"GNU C17 13.2.1 20231009 -mcpu=cortex-m4 -mthumb -mf"
 796      43313720 
 796      31332E32 
 796      2E312032 
 796      30323331 
 797 013c 6C6F6174 		.ascii	"loat-abi=soft -march=armv7e-m -ggdb -O2 -fomit-fram"
 797      2D616269 
 797      3D736F66 
 797      74202D6D 
 797      61726368 
 798 016f 652D706F 		.ascii	"e-pointer -falign-functions=16 -ffunction-sections "
 798      696E7465 
 798      72202D66 
 798      616C6967 
ARM GAS  /tmp/cc97CAz2.s 			page 16


 798      6E2D6675 
 799 01a2 2D666461 		.ascii	"-fdata-sections -fno-common -flto\000"
 799      74612D73 
 799      65637469 
 799      6F6E7320 
 799      2D666E6F 
 800              	.LASF37:
 801 01c4 5F70616C 		.ascii	"_pal_lld_setgroupmode\000"
 801      5F6C6C64 
 801      5F736574 
 801      67726F75 
 801      706D6F64 
 802              	.LASF0:
 803 01da 756E7369 		.ascii	"unsigned int\000"
 803      676E6564 
 803      20696E74 
 803      00
 804              	.LASF13:
 805 01e7 63686172 		.ascii	"char\000"
 805      00
 806              	.LASF32:
 807 01ec 6D6F6465 		.ascii	"mode\000"
 807      00
 808              	.LASF21:
 809 01f1 4C4F434B 		.ascii	"LOCKR\000"
 809      5200
 810              	.LASF24:
 811 01f7 73746D33 		.ascii	"stm32_gpio_t\000"
 811      325F6770 
 811      696F5F74 
 811      00
 812              	.LASF19:
 813 0204 50555044 		.ascii	"PUPDR\000"
 813      5200
 814              	.LASF1:
 815 020a 6C6F6E67 		.ascii	"long long int\000"
 815      206C6F6E 
 815      6720696E 
 815      7400
 816              	.LASF29:
 817 0218 6D61736B 		.ascii	"mask\000"
 817      00
 818              	.LASF35:
 819 021d 62697473 		.ascii	"bits\000"
 819      00
 820              	.LASF30:
 821 0222 6F666673 		.ascii	"offset\000"
 821      657400
 822              	.LASF40:
 823 0229 2E2E2F2E 		.ascii	"../../../os/hal/src/hal_pal.c\000"
 823      2E2F2E2E 
 823      2F6F732F 
 823      68616C2F 
 823      7372632F 
 824              	.LASF27:
 825 0247 696F706F 		.ascii	"ioportid_t\000"
 825      72746964 
ARM GAS  /tmp/cc97CAz2.s 			page 17


 825      5F7400
 826              	.LASF8:
 827 0252 75696E74 		.ascii	"uint16_t\000"
 827      31365F74 
 827      00
 828              	.LASF9:
 829 025b 75696E74 		.ascii	"uint32_t\000"
 829      33325F74 
 829      00
 830              	.LASF5:
 831 0264 6C6F6E67 		.ascii	"long int\000"
 831      20696E74 
 831      00
 832              	.LASF2:
 833 026d 6C6F6E67 		.ascii	"long double\000"
 833      20646F75 
 833      626C6500 
 834              	.LASF3:
 835 0279 7369676E 		.ascii	"signed char\000"
 835      65642063 
 835      68617200 
 836              	.LASF14:
 837 0285 5F426F6F 		.ascii	"_Bool\000"
 837      6C00
 838              	.LASF11:
 839 028b 6C6F6E67 		.ascii	"long long unsigned int\000"
 839      206C6F6E 
 839      6720756E 
 839      7369676E 
 839      65642069 
 840              	.LASF31:
 841 02a2 494F4275 		.ascii	"IOBus\000"
 841      7300
 842              		.section	.gnu.debuglto_.debug_line_str,"eMS",%progbits,1
 843              	.LASF44:
 844 0000 2E2E2F2E 		.ascii	"../../../os/hal/ports/STM32/LLD/GPIOv2\000"
 844      2E2F2E2E 
 844      2F6F732F 
 844      68616C2F 
 844      706F7274 
 845              	.LASF43:
 846 0027 2E2E2F2E 		.ascii	"../../../os/hal/include\000"
 846      2E2F2E2E 
 846      2F6F732F 
 846      68616C2F 
 846      696E636C 
 847              	.LASF45:
 848 003f 2E2E2F2E 		.ascii	"../../../os/hal/src\000"
 848      2E2F2E2E 
 848      2F6F732F 
 848      68616C2F 
 848      73726300 
 849              	.LASF47:
 850 0053 2E2E2F2E 		.ascii	"../../../os/hal/src/hal_pal.c\000"
 850      2E2F2E2E 
 850      2F6F732F 
 850      68616C2F 
ARM GAS  /tmp/cc97CAz2.s 			page 18


 850      7372632F 
 851              	.LASF52:
 852 0071 68616C5F 		.ascii	"hal_pal.c\000"
 852      70616C2E 
 852      6300
 853              	.LASF46:
 854 007b 2F757372 		.ascii	"/usr/lib/gcc/arm-none-eabi/13.2.1/include\000"
 854      2F6C6962 
 854      2F676363 
 854      2F61726D 
 854      2D6E6F6E 
 855              	.LASF42:
 856 00a5 2F686F6D 		.ascii	"/home/mayank/chibios-workspace/ChibiOS/demos/STM32/"
 856      652F6D61 
 856      79616E6B 
 856      2F636869 
 856      62696F73 
 857 00d8 52542D53 		.ascii	"RT-STM32F407-DISCOVERY\000"
 857      544D3332 
 857      46343037 
 857      2D444953 
 857      434F5645 
 858              	.LASF51:
 859 00ef 68616C5F 		.ascii	"hal_pal.h\000"
 859      70616C2E 
 859      6800
 860              	.LASF49:
 861 00f9 73746D33 		.ascii	"stm32_gpio.h\000"
 861      325F6770 
 861      696F2E68 
 861      00
 862              	.LASF50:
 863 0106 68616C5F 		.ascii	"hal_pal_lld.h\000"
 863      70616C5F 
 863      6C6C642E 
 863      6800
 864              	.LASF48:
 865 0114 73746469 		.ascii	"stdint.h\000"
 865      6E742E68 
 865      00
 866              		.text
 867              		.section	.gnu.lto_.profile.70d3b5cdbd7460d6,"e",%progbits
 868 0000 789C6362 		.ascii	"x\234cb\000\001\000\000\022\000\003"
 868      00010000 
 868      120003
 869              		.text
 870              		.section	.gnu.lto_.icf.70d3b5cdbd7460d6,"e",%progbits
 871 0000 789C7366 		.ascii	"x\234sf@\000f\206I\273V\177b\347`b`bdbbbfb\001\323\214"
 871      40006686 
 871      49BB567F 
 871      62E76062 
 871      60626462 
 872 001b 8C2D5D2B 		.ascii	"\214-]+v\360s\200\230`!\2204+P\372\326\315\363\355<"
 872      76F07380 
 872      98602190 
 872      342B50FA 
 872      D6CDF3ED 
ARM GAS  /tmp/cc97CAz2.s 			page 19


 873 0030 6C50D560 		.ascii	"lP\325`)\006\000x5\0116"
 873      29060078 
 873      350936
 874              		.text
 875              		.section	.gnu.lto_.ipa_sra.70d3b5cdbd7460d6,"e",%progbits
 876 0000 789C758B 		.ascii	"x\234u\2131\016\000 \010\003iK\200\301\247\372\377Y"
 876      310E0020 
 876      0803694B 
 876      80C1A7FA 
 876      FF59
 877 0012 7171A2CB 		.ascii	"qq\242\3135\271\334\266?\031\304\240\231\203I\372E\321"
 877      35B9DCB6 
 877      3F19C4A0 
 877      998349FA 
 877      45D1
 878 0024 CB512B04 		.ascii	"\313Q+\004\216\256[p\364\331\032B\343\335\346\001{\353"
 878      8EAE5B70 
 878      F4D91A42 
 878      E3DDE601 
 878      7BEB
 879 0036 01A4     		.ascii	"\001\244"
 880              		.text
 881              		.section	.gnu.lto_.inline.70d3b5cdbd7460d6,"e",%progbits
 882 0000 789CAD91 		.ascii	"x\234\255\221\301\015\3020\014E\277\355\250\244*\240"
 882      C10DC230 
 882      0C45BFED 
 882      A8A42AA0 
 883 0010 1E3970C8 		.ascii	"\0369p\310(L\300\020\264\202-\020l\300\010\214\300\231"
 883      284CC010 
 883      B4822D10 
 883      6CC0088C 
 883      C099
 884 0022 E9B01DA5 		.ascii	"\351\260\035\245!\007nX\221b\377\330\362\263\363&,&"
 884      21076E58 
 884      9162FFD8 
 884      F2B3F326 
 884      2C26
 885 0034 407F53E3 		.ascii	"@\177S\3433\251O\334\231\242w\204\034\354^A\022bg)2"
 885      33A94FDC 
 885      99A27784 
 885      1CEC5E41 
 885      12626729 
 886 0049 03EEF0CC 		.ascii	"\003\356\360\314`\220\273'FX|\204\252\306\252\306\252"
 886      6090BB27 
 886      46587C84 
 886      AAC6AAC6 
 886      AA
 887 005a 8E551DAD 		.ascii	"\216U\035\255=a\253\321S\264{ \342\336\265\334\364\013"
 887      3D61ABD1 
 887      53B47B20 
 887      E2DEB5DC 
 887      F40B
 888 006c C2A106F6 		.ascii	"\302\241\006\366\302\251\201(\332\257\306!\247b\335"
 888      C2A98128 
 888      DAAFC621 
 888      A762DD
 889 007b 20888F33 		.ascii	" \210\2173)B\031l_\337S\255O\206\303\0304z\361\245]"
ARM GAS  /tmp/cc97CAz2.s 			page 20


 889      2942196C 
 889      5FDF53AD 
 889      4F86C318 
 889      347AF1A5 
 890 0090 50C3A8DC 		.ascii	"P\303\250\334wM\272\376yAe\272\235q\204\215}\327\343"
 890      774DBAFE 
 890      794165BA 
 890      9D71848D 
 890      7DD7E3
 891 00a3 887CF001 		.ascii	"\210|\360\001\227\036Q\225"
 891      971E5195 
 892              		.text
 893              		.section	.gnu.lto_.jmpfuncs.70d3b5cdbd7460d6,"e",%progbits
 894 0000 789C0B66 		.ascii	"x\234\013f@\000f\006FFf\006&FF \342\007\322\365L\234"
 894      40006606 
 894      46466606 
 894      26464620 
 894      E207D2F5 
 895 0016 4C402637 		.ascii	"L@&7X\210\213\215\201\201\361\000\013#\003\020\377\007"
 895      58888B8D 
 895      8181F100 
 895      0B230310 
 895      FF07
 896 0028 027E0674 		.ascii	"\002~\006t>K=#\206\022\000\007\013\022m"
 896      3E4B3D23 
 896      86120007 
 896      0B126D
 897              		.text
 898              		.section	.gnu.lto_.pureconst.70d3b5cdbd7460d6,"e",%progbits
 899 0000 789CE362 		.ascii	"x\234\343b```f\230\305\3028\213\205i&\013\000\011\370"
 899      60606066 
 899      98C5C238 
 899      8B856926 
 899      0B0009F8 
 900 0014 01EA     		.ascii	"\001\352"
 901              		.text
 902              		.section	.gnu.lto_.ipa_modref.70d3b5cdbd7460d6,"e",%progbits
 903 0000 789C9BC7 		.ascii	"x\234\233\307\200\000\314\014\2145@\212\211\211\233"
 903      8000CC0C 
 903      8C35408A 
 903      89899B
 904 000f 8199898D 		.ascii	"\201\231\211\215\201\021\010\031\024\024\2308\300\254"
 904      81110819 
 904      14149838 
 904      C0AC
 905 001d 0320263B 		.ascii	"\003 &;\230\251\000d\361002\3612\202t\26112\211\200"
 905      98A90064 
 905      F1303032 
 905      F1328274 
 905      B1313289 
 906 0032 6846B036 		.ascii	"hF\2606\204\012$mp\263\200\212@\032\371\200\0346&dm"
 906      840A246D 
 906      70B3808A 
 906      401AF980 
 906      1C362664 
 907 0047 08DBB019 		.ascii	"\010\333\260\031\000v\035\000kV\007\021"
 907      00761D00 
ARM GAS  /tmp/cc97CAz2.s 			page 21


 907      6B560711 
 908              		.text
 909              		.section	.gnu.lto_.lto.70d3b5cdbd7460d6,"e",%progbits
 910 0000 0D000000 		.ascii	"\015\000\000\000\001\000\000\000"
 910      01000000 
 911              		.text
 912              		.section	.gnu.lto_palReadBus.328.70d3b5cdbd7460d6,"e",%progbits
 913 0000 789C658F 		.ascii	"x\234e\217=H#Q\020\307g\336\354\256\033\356*\305\346"
 913      3D482351 
 913      10C767DE 
 913      ECAE1BEE 
 913      2AC5E6
 914 0013 0A118BEB 		.ascii	"\012\021\213\353\222\347\027\332\012\361\004\005\021"
 914      92E717DA 
 914      0AF10405 
 914      11
 915 0020 8C1C5C25 		.ascii	"\214\034\\%\2335\230\220\304]]DT$/\211\030\0106Z\210"
 915      9B359890 
 915      C45D5D44 
 915      54242F89 
 915      1808365A 
 916 0035 8570E7C1 		.ascii	"\205p\347\301\025\036\036\207\215p\0225x\210\205 bc"
 916      151E1E87 
 916      8D701235 
 916      78888520 
 916      6263
 917 0047 2B56626B 		.ascii	"+Vbk\243\215:\273\021-\2047\337?\346\315\337C\200\""
 917      A38D3ABB 
 917      112D8437 
 917      DF3FE6CD 
 917      DF438022 
 918 005b 007C6643 		.ascii	"\000|fC\002\\])\013PJ\365\324\011\314\257\224/wnL\334"
 918      025C5D29 
 918      0B504AF5 
 918      D409CCAF 
 918      942F776E 
 919 0071 C7A08190 		.ascii	"\307\240\201\220\023\230\303m\322\321h@\215}#6\313\252"
 919      1398C36D 
 919      D2D16840 
 919      8D7D2336 
 919      CBAA
 920 0083 52F7A767 		.ascii	"R\367\247g\233\327n\276r\256B9X\330\303\177\274\023"
 920      9BD76EBE 
 920      72AE4239 
 920      58D8C37F 
 920      BC13
 921 0095 40473303 		.ascii	"@G3\003a\036\237o<(U\017\363\025|\231\011\341\376\322"
 921      611E9F6F 
 921      3C28550F 
 921      F3157C99 
 921      09E1FED2 
 922 00a9 013E002C 		.ascii	"\001>\000,\370\277\262\375\275\320\257\324\375\323w"
 922      F8BFB2FD 
 922      BDD0AFD4 
 922      FDD377
 923 00b8 A56ED7F0 		.ascii	"\245n\327\360n]\204\004\010\"\020\232\006B\3279\032"
 923      6E5D8404 
ARM GAS  /tmp/cc97CAz2.s 			page 22


 923      0822109A 
 923      0642D739 
 923      1A
 924 00c9 6C758815 		.ascii	"lu\210\0254A0\277E\376\215JC\370M\242\226\345\253\360"
 924      344130BF 
 924      45FE8D4A 
 924      43F84DA2 
 924      96E5ABF0 
 925 00dd 24D4F59F 		.ascii	"$\324\365\237e\362c\213\357~6\005\255\335\217P\244\302"
 925      65F2638B 
 925      EF7E3605 
 925      ADDD8F50 
 925      A4C2
 926 00ef C1D62712 		.ascii	"\301\326'\022|\363<\362e\333\276\"\323s\017\021\272"
 926      7CF33CF2 
 926      65DBBE22 
 926      D3730F11 
 926      BA
 927 0100 16399BAC 		.ascii	"\0269\233\254\242\303k\213tt\020\"__\366\215J\317\035"
 927      A2C36B8B 
 927      74741022 
 927      5F5FF68D 
 927      4ACF1D
 928 0113 31B5C959 		.ascii	"1\265\311Y\352?\216\007T\201)\355\375\226\3041\332\301"
 928      EA3F8E07 
 928      548129ED 
 928      FD96C431 
 928      DAC1
 929 0125 BCF8B884 		.ascii	"\274\370\270\204\244\023\221\366\002\033\357a\353\004"
 929      A41391F6 
 929      021BEF61 
 929      EB04
 930 0133 476BF07A 		.ascii	"Gk\360z\011\311d\334\200\022\025~\030dB\240\020k\272"
 930      09C964DC 
 930      8012157E 
 930      186442A0 
 930      106BBA
 931 0146 5495AB01 		.ascii	"T\225\253\001\231t\262\011\231\265f\255\211\264\264"
 931      9974B209 
 931      99B566AD 
 931      89B4B4
 932 0155 93A978CA 		.ascii	"\223\251x\312\361\3023\316T\332s-;!\243~g(&\307\022"
 932      F1C233CE 
 932      54DA732D 
 932      3B21A37E 
 932      672826C7 
 933 016a 59C793B1 		.ascii	"Y\307\223\261\221\301\216v9<\022\016\222\276\316\326"
 933      91C18E76 
 933      393C120E 
 933      92BECED6 
 934 017a EE706F7F 		.ascii	"\356po\177,:\364\365\313\3607h\212Dd\3551\231\2642\322"
 934      2C3AF4F5 
 934      CBF03768 
 934      8A4464ED 
 934      3199B432 
 935 018f 9BB2FD38 		.ascii	"\233\262\3758\352Z\231\210\015\024\237\366\032^\313"
 935      EA5A9988 
ARM GAS  /tmp/cc97CAz2.s 			page 23


 935      0D149FF6 
 935      1A5ECB
 936 019e 485B97DD 		.ascii	"H[\227\335\032\267\333mx\006M\211\231\000"
 936      1AB7DB6D 
 936      78064D89 
 936      9900
 937              		.text
 938              		.section	.gnu.lto_palWriteBus.329.70d3b5cdbd7460d6,"e",%progbits
 939 0000 789C6552 		.ascii	"x\234eRMh\023Q\020\236yow\263\333\030\254\026\301S)"
 939      4D681351 
 939      109E796F 
 939      77B3DB18 
 939      AC16C153 
 940 0015 7A94646B 		.ascii	"z\224dk\225x\025j\005\005)4E(\"e\263F\023\223\230\265"
 940      9578156A 
 940      05052934 
 940      45282265 
 940      B3461393 
 941 002b AB942225 		.ascii	"\253\224\"%\257I\265\030\310\241\342\241((\366\246\024"
 941      AF49B518 
 941      C8A1E2A1 
 941      2828F6A6 
 941      14
 942 003c BC6B8949 		.ascii	"\274k\211I\361\017\265A\212W\261xV1\350!j\265\316{k"
 942      F10FB541 
 942      8A57B178 
 942      5631E821 
 942      6AB5CE7B 
 943 0051 EBA1CBCE 		.ascii	"\353\241\313\316{\3377\363\315\2747\263;\300\000*\000"
 943      7BDF37F3 
 943      CDBC37B3 
 943      3BC0002A 
 943      00
 944 0062 B0970C39 		.ascii	"\260\227\0149\340\215\331\012\003!\304\341\020\303\251"
 944      E08DD90A 
 944      0321C4E1 
 944      10C3A9
 945 0071 D9CA0E7C 		.ascii	"\331\312\016|\202\212!\024\031\026q\201\333D\333\257"
 945      828A2114 
 945      19167181 
 945      DB44DBAF 
 946 0081 9B8D2FA6 		.ascii	"\233\215/\246\020Ww\177\002(\202zt4\272P\243u\027\366"
 946      1057777F 
 946      0228827A 
 946      7434BA50 
 946      A37517F6 
 947 0095 E868E620 		.ascii	"\350h\346 Z\027\342\355\237\266\020;ar\021\213\217\361"
 947      5A17E2ED 
 947      9FB6103B 
 947      6172118B 
 947      8FF1
 948 00a7 110230F4 		.ascii	"\021\0020\364\336\221\310\234\306 \276\362C\306\257"
 948      DE91C89C 
 948      C620BEF2 
 948      43C6AF
 949 00b6 D436E3CC 		.ascii	"\3246\343\314\373\240\001\204UY$\341u\244\312\373H\372"
 949      FBA00184 
ARM GAS  /tmp/cc97CAz2.s 			page 24


 949      555924E1 
 949      75A4CAFB 
 949      48FA
 950 00c8 75ED790B 		.ascii	"u\355y\013_\012m\242\261\241\005\360\276kaXB\250#x\337"
 950      5F0A6DA2 
 950      B1A105F0 
 950      BE6B6158 
 950      42A82378 
 951 00dd 34722136 		.ascii	"4r!6\360\341\212\276*\332\353w\205h\306Z\313\277n\263"
 951      F0E18ABE 
 951      2ADAEB77 
 951      8568C65A 
 951      CBBF6EB3 
 952 00f1 ED885843 		.ascii	"\355\210XC\006L\343d\032\231\016L7\310B\204M2\213\254"
 952      064CE364 
 952      1A990E4C 
 952      37C84284 
 952      4D328BAC 
 953 0105 0398B10D 		.ascii	"\003\230\261\015q\021#@E\000\356s9\006AU\037p\026\240"
 953      71112340 
 953      4500EE73 
 953      39064155 
 953      1F7016A0 
 954 0119 A93AAC33 		.ascii	"\251:\2543\361\261U\345r\337#\227\371n\345\372Y\355"
 954      F1B155E5 
 954      72DF2397 
 954      F96EE5FA 
 954      59ED
 955 012b 44BA4799 		.ascii	"D\272G\231\227n\315 g\\\301\232\3059\315cRv\260 \247"
 955      976ECD20 
 955      675CC19A 
 955      C539CD63 
 955      5276B020 
 956 0140 685E3CFB 		.ascii	"h^<\373\024!>M\250\360\014\363\324@\231\227\347(A\243"
 956      14213E4D 
 956      A8F00CF3 
 956      D4409997 
 956      E72841A3 
 957 0154 14FE2F45 		.ascii	"\024\376/E\337*\316\276\300L \276s\015\271\301u\343"
 957      DF2ACEBE 
 957      C04C20BE 
 957      730DB9C1 
 957      75E3
 958 0166 3D60A7E4 		.ascii	"=`\247\344k\304C\224nlT29\252J*b\021\325%\271I\221\010"
 958      6BC44394 
 958      6E6C5432 
 958      39AA4A2A 
 958      6211D525 
 959 017e 092DBA6C 		.ascii	"\011-\272l\251\207\332\343\221\240\203\340\310\216\255"
 959      A987DAE3 
 959      91A083E0 
 959      C88EAD
 960 018d 479E7B85 		.ascii	"G\236{\205)u\344\322\234E=\270\377{p\316\277\221$~\217"
 960      2975E4D2 
 960      9C453DB8 
 960      FF7B70CE 
 960      BF91247E 
ARM GAS  /tmp/cc97CAz2.s 			page 25


 961 01a2 F0E8329E 		.ascii	"\360\3502\236\006P\360T\023G\000\202\272\363\237\303"
 961      0650F054 
 961      13470082 
 961      BAF39FC3 
 962 01b2 F4DBC00C 		.ascii	"\364\333\300\014/\255\376\256\252\017E\323\304`\206"
 962      2FADFEAE 
 962      AA0F45D3 
 962      C46086
 963 01c1 A24EECB8 		.ascii	"\242N\354\270\235.\344Sv\336\231p.dm7\235If\012~t\274"
 963      9D2EE453 
 963      76DE9970 
 963      2E646D37 
 963      9D49660A 
 964 01d8 3096F53D 		.ascii	"0\226\365=\307M\331\375\3223\230\260\317\244\362\005"
 964      C74DD9FD 
 964      D23398B0 
 964      CFA4F205 
 965 01e8 DF4E0C9F 		.ascii	"\337N\014\2378\320g\017\015G\0258z\260\367P\364\310"
 965      38D0670F 
 965      0D471538 
 965      7AB0F750 
 965      F4C8
 966 01fa B144FFE0 		.ascii	"\261D\377\340\311\201\241\021\350\216\305\354\340%e"
 966      C981A111 
 966      E88EC5EC 
 966      E02565
 967 0209 DAC9D9FE 		.ascii	"\332\311\331\376\230+\367Q\317\311\305\\\340\311\313"
 967      982BF751 
 967      CFC9C55C 
 967      E0C9CB
 968 0218 7ED7268D 		.ascii	"~\327&\215\355\217\273\275I\267\317\005-\231\271\344"
 968      ED8FBBBD 
 968      49B7CF05 
 968      2D99B9E4 
 969 0228 E3F85F75 		.ascii	"\343\370_uX\316\360"
 969      58CEF0
 970              		.text
 971              		.section	.gnu.lto_palSetBusMode.330.70d3b5cdbd7460d6,"e",%progbits
 972 0000 789C6550 		.ascii	"x\234eP\317K\033A\030\375\336|\273I\244\007\261R\360"
 972      CF4B1B41 
 972      18FDDE7C 
 972      BB49A407 
 972      B152F0
 973 0013 2452CFC9 		.ascii	"$R\317\311\250-\366ZH-T(\202\221BOe\263.&$\353n\263"
 973      A82DF65A 
 973      482D5428 
 973      8291424F 
 973      65B32E26 
 974 002b 48110919 		.ascii	"H\021\011\031\177\227\\\254^\205\026{K\260\364&\330"
 974      7F975CAC 
 974      5E85167B 
 974      4BB0F426 
 974      D8
 975 003c 4A9A96D2 		.ascii	"J\232\226\322\213 \342_ \236\275y\261\"\350\354.\344"
 975      8B20E25F 
 975      209EBD79 
 975      B122E8EC 
ARM GAS  /tmp/cc97CAz2.s 			page 26


 975      2EE4
 976 004e 9261E6FB 		.ascii	"\222a\346\373\361\336c\346}\343\203\350#\021\015\353"
 976      F1DE63E6 
 976      7DE383E8 
 976      23110DEB 
 977 005e 0326EC6C 		.ascii	"\003&\354l\327\005)\245\236'\005\226\267\353}\370\205"
 977      D70529A5 
 977      9E270596 
 977      B7EB7DF8 
 977      85
 978 006f A803D504 		.ascii	"\250\003\325\004j\330g\251\333\353\343\223\275\233\224"
 978      6AD867A9 
 978      DBEBE393 
 978      BD9B94
 979 007e 52EB0397 		.ascii	"R\353\003\227D5\212\226\211D?\014\035\037a\310D\252"
 979      44358A96 
 979      89443F0C 
 979      1D1F61C8 
 979      44AA
 980 0090 4CE9B652 		.ascii	"L\351\266R\247;\377\225zH\325#\324~\342\207~J\300\377"
 980      A73BFF95 
 980      7A48D523 
 980      D47EE287 
 980      7E4AC0FF 
 981 00a4 A445A935 		.ascii	"\244E\2515\304|+\342\227Z\035^\370\273\006\321\203\370"
 981      C47C2BE2 
 981      975A1D5E 
 981      F8BB06D1 
 981      83F8
 982 00b6 5A0DD0F7 		.ascii	"Z\015\320\3673\363\\]\337}Q\252\271\213\253\317\242"
 982      33F35C5D 
 982      DF7D51AA 
 982      B98BABCF 
 982      A2
 983 00c7 47906026 		.ascii	"G\220`&a\030$LS\347\004p\204$\320\322\352\006\207\336"
 983      6118244C 
 983      53E70470 
 983      8424D0D2 
 983      EA0687DE 
 984 00db 95016AB2 		.ascii	"\225\001j\262\210\253\3456\335\011u\361m\213\303\374"
 984      88ABE536 
 984      DD0975F1 
 984      6D8BC3FC 
 985 00eb 380C5F07 		.ascii	"8\014_\007#\350\240\227Vy\245\325\303B\273\256BO\260"
 985      23E8A097 
 985      5679A5D5 
 985      C342BBAE 
 985      424FB0
 986 00fe 1FCE9A0A 		.ascii	"\037\316\232\012*\277A\343k\272z\377\007\236\266\020"
 986      2ABF41E3 
 986      6BBA7AFF 
 986      079EB610 
 987 010e ABB89B77 		.ascii	"\253\270\233w\377\242\324\341\215n\276\370\017s\021"
 987      FFA2D4E1 
 987      8D6EBEF8 
 987      0F7311
 988 011d BF7ABB01 		.ascii	"\277z\273\0016\231\331\240u\336\030\242:\204c\023\261"
ARM GAS  /tmp/cc97CAz2.s 			page 27


 988      3699D9A0 
 988      75DE18A2 
 988      3A846313 
 988      B1
 989 012e D06052F4 		.ascii	"\320`R\364\322&\257\234\037n!\372\310\006#v\256\332"
 989      D226AF9C 
 989      1F6E21FA 
 989      C8062376 
 989      AEDA
 990 0140 BA9B9405 		.ascii	"\272\233\224\005\317u\244k-Z\363%i\027\212\371\242\027"
 990      CF75A46B 
 990      2D5AF325 
 990      69178AF9 
 990      A217
 991 0152 A43F7895 		.ascii	"\244?x\225R\340[\266#\263!2\225\223\263\216\353\005"
 991      52E05BB6 
 991      23B32132 
 991      9593B38E 
 991      EB05
 992 0164 3237F3FA 		.ascii	"27\363\372\311\230\234\236IG\305\313\247#\317\322/^"
 992      C9989C9E 
 992      4947C5CB 
 992      A723CFD2 
 992      2F5E
 993 0176 E5B2536F 		.ascii	"\345\262So&\246\337\322`&#\343\255\225\005\253,\203"
 993      26A6DFD2 
 993      602623E3 
 993      AD9505AB 
 993      2C83
 994 0188 8A1DE677 		.ascii	"\212\035\346w\276U\316\330\304\371\205\240\277\323f"
 994      BE55CED8 
 994      C4F985A0 
 994      BFD366
 995 0197 46C7ED91 		.ascii	"F\307\355\221\274=f\223\341z\263\316=\201\234\227\341"
 995      BC3D6693 
 995      E17AB3CE 
 995      3D819C97 
 995      E1
 996              		.text
 997              		.section	.gnu.lto_.symbol_nodes.70d3b5cdbd7460d6,"e",%progbits
 998 0000 789C2B61 		.ascii	"x\234+a\000\002\246\023L\365\374\015@\300\3028\341\034"
 998      0002A613 
 998      4CF5FC0D 
 998      40C0C238 
 998      E11C
 999 0012 03433D03 		.ascii	"\003C=\003\303\256\011ML \211\223L\365\002X%N1\325\013"
 999      C3AE094D 
 999      4C208993 
 999      4CF50258 
 999      254E31D5 
 1000 0027 6293603C 		.ascii	"b\223`<\313T/\364\037\012\344\301\222\014\014\015\023"
 1000      CB542FF4 
 1000      1F0AE4C1 
 1000      920C0C0D 
 1000      13
 1001 0038 1A4072CC 		.ascii	"\032@r\314L\314\020-K\330\030\000LL$\271"
 1001      4CCC102D 
ARM GAS  /tmp/cc97CAz2.s 			page 28


 1001      4BD81800 
 1001      4C4C24B9 
 1002              		.text
 1003              		.section	.gnu.lto_.refs.70d3b5cdbd7460d6,"e",%progbits
 1004 0000 789C6364 		.ascii	"x\234cd\000\002\000\000\012\000\002"
 1004      00020000 
 1004      0A0002
 1005              		.text
 1006              		.section	.gnu.lto_.decls.70d3b5cdbd7460d6,"e",%progbits
 1007 0000 789C8D56 		.ascii	"x\234\215V}PT\327\025\277\347\356cy\300\302.1vp\246"
 1007      7D5054D7 
 1007      15BFE7EE 
 1007      6379C0C2 
 1007      2E317670 
 1008 0015 7598F60F 		.ascii	"u\230\366\017\221\031\330\240F\373Of\252B\214\215\026"
 1008      9119D8A0 
 1008      46FB4F66 
 1008      AA428C8D 
 1008      16
 1009 0026 BA98AF4E 		.ascii	"\272\230\257N\247H`\015;\202\313\300\232~\374uw\201"
 1009      A748600D 
 1009      3B82CBC0 
 1009      9A7EFC75 
 1009      7781
 1010 0038 15157197 		.ascii	"\025\025q\227HD$v]K\003\261Iqj'\230\220\360DD\244*\212"
 1010      48442476 
 1010      5D4B03B1 
 1010      49716A27 
 1010      9890F044 
 1011 0050 1FD818AC 		.ascii	"\037\330\030\254\240&`@6\001\003A\321\236\373\336\333"
 1011      A0266040 
 1011      36010341 
 1011      D19EFBDE 
 1011      DB
 1012 0061 07ACD6E9 		.ascii	"\007\254\326\351\016g\337}\367w\316\357w\3569\367\336"
 1012      0E67DF7D 
 1012      F777CEEF 
 1012      77EE39F7 
 1012      DE
 1013 0072 E5580421 		.ascii	"\345X\004!\313(!\251@\310#\374\010\204\220^\264yh\001"
 1013      CB2821A9 
 1013      40C823FC 
 1013      0884905E 
 1013      B4796801 
 1014 0086 B4709C17 		.ascii	"\264p\234\027\321\"\320\"\321\242\320\014h\321h1hc\350"
 1014      D122D022 
 1014      D1A2D00C 
 1014      68D16831 
 1014      6863E8
 1015 0099 63C2A71E 		.ascii	"c\302\247\036\355.\216\217\243]A[\200\357\013\321~\206"
 1015      ED2E8E8F 
 1015      A35D415B 
 1015      80EF0BD1 
 1015      7E86
 1016 00ab B6186D29 		.ascii	"\266\030m)j\304\022\305\237c\234w\024\307\213\320~K"
 1016      6AC412C5 
 1016      9F639C77 
ARM GAS  /tmp/cc97CAz2.s 			page 29


 1016      14C78BD0 
 1016      7E4B
 1017 00bd 9478CEAB 		.ascii	"\224x\316\253S\265\202\\\203D\321\001US@{\001\271\236"
 1017      53B5825C 
 1017      8344D101 
 1017      5553407B 
 1017      01B99E
 1018 00d0 250A7FB8 		.ascii	"%\012\177\270\232C\307,\256Q\225/\350\037\214\017\345"
 1018      9A43C72C 
 1018      AE51952F 
 1018      E81F8C0F 
 1018      E5
 1019 00e1 E779DE54 		.ascii	"\347y\336Tu.\242\255A^\023Qr\346\274\246\247\344\030"
 1019      752EA2AD 
 1019      415E1351 
 1019      72E6BCA6 
 1019      A7E418
 1020 00f4 CA9DA8AE 		.ascii	"\312\235\250\2563\201\327b\036\010\372\371\020/R\362"
 1020      3381D762 
 1020      1E08FAF9 
 1020      102F52F2 
 1021 0104 3C933FAE 		.ascii	"<\223?\256g\310\247\010\340g\261\001\321x\361\005\242"
 1021      67C8A708 
 1021      E067B101 
 1021      D178F105 
 1021      A2
 1022 0115 4F005E6F 		.ascii	"O\000^o#>\211\270\212\010\2645pb@4\336`l\222\261\355"
 1022      233E89B8 
 1022      8A08B435 
 1022      70624034 
 1022      DE606C92 
 1023 012b CF904FE0 		.ascii	"\317\220O\340\030\220\343\220\320\002\022\264\002\006"
 1023      1890E390 
 1023      D00212B4 
 1023      0206
 1024 0139 C5892F13 		.ascii	"\305\211/\023\361\327D|\025}\207/\235y\020e\224\236"
 1024      F1D7447C 
 1024      157D872F 
 1024      9D791065 
 1024      949E
 1025 014b EC2BBE4E 		.ascii	"\354+\276NP\335\204!T\374\015\321/B\035\035~\023q#F"
 1025      50DD8421 
 1025      54FC0DD1 
 1025      2F421D1D 
 1025      7E137123 
 1026 0160 8E4ABED1 		.ascii	"\216J\276\321h\0369\316XY$9\015]@\316\301\242\0268\013"
 1026      681E39CE 
 1026      58592439 
 1026      0D5D40CE 
 1026      C1A21638 
 1027 0175 6740B411 		.ascii	"g@\264\021A?\\\351\274gH\214K\344\354\023\225\223e\277"
 1027      413F5CE9 
 1027      BC67488C 
 1027      4BE4EC13 
 1027      959365BF 
 1028 0189 F36E43DF 		.ascii	"\363nC\337\035M\246n8\017= G\220\024\354(\301\205\225"
 1028      1D4DA66E 
ARM GAS  /tmp/cc97CAz2.s 			page 30


 1028      380F3D20 
 1028      479014EC 
 1028      28C18595 
 1029 019d A28529FA 		.ascii	"\242\205)\372\244\007Z\340\002\\\344\353\304\330\246"
 1029      A4075AE0 
 1029      025CE4EB 
 1029      C4D8A6
 1030 01ac A98E4A16 		.ascii	"\251\216J\026\357\252\020\272\341_\263\303N\003j||i"
 1030      EFAA10BA 
 1030      E15FB3C3 
 1030      4E036A7C 
 1030      7C69
 1031 01be E7597DE2 		.ascii	"\347Y}\342\002\256\3214\356\336\315\342K+\204S\320\001"
 1031      02AED134 
 1031      EEDECDE2 
 1031      4B2B8453 
 1031      D001
 1032 01d0 9741A10A 		.ascii	"\227A\241\012\322\343\362X\204J\177\031\351/\301\025"
 1032      D2E3F258 
 1032      844A7F19 
 1032      E92FC115 
 1033 01e0 4E8FB381 		.ascii	"N\217\263\201\007\035Q\015\322\312\036\350\234\033$"
 1033      071D510D 
 1033      D2CA1EE8 
 1033      9C1B24
 1034 01ef D0AE3B1F 		.ascii	"\320\256;\037U\213\013|\3773\030\353b\022G\260\034\337"
 1034      558B0B7C 
 1034      FF3318EB 
 1034      621247B0 
 1034      1CDF
 1035 0201 021F8BE2 		.ascii	"\002\037\213\342=\034\337G+\241D\334A\371\\\002\326"
 1035      3D1CDF47 
 1035      2BA144DC 
 1035      41F95C02 
 1035      D6
 1036 0212 4FA2A287 		.ascii	"O\242\242\207\022\341G\354\357\276\336\360D\345\023"
 1036      12E147EC 
 1036      EFBEDEF0 
 1036      44E513
 1037 0221 87D68FDA 		.ascii	"\207\326\217\332W;\352\026\372\\n\332\006\327\341\316"
 1037      573BEA16 
 1037      FA5C6EDA 
 1037      06D7E1CE 
 1038 0231 8CFA2740 		.ascii	"\214\372'@\016\"\372\260\343;\350\224V\366\302I\015"
 1038      0E22FAB0 
 1038      E33BE894 
 1038      56F6C249 
 1038      0D
 1039 0242 3CC14F00 		.ascii	"<\301O\000\341\241{N\005C\0074\3643\220c\021n\372B-"
 1039      E1A17B4E 
 1039      05430734 
 1039      F4339063 
 1039      116EFA42 
 1040 0257 461BF469 		.ascii	"F\033\364i\360\265`pS\325\266 \372\371\234`\005\275"
 1040      F0B56070 
 1040      53D5B620 
 1040      FAF99C60 
ARM GAS  /tmp/cc97CAz2.s 			page 31


 1040      05BD
 1041 0269 A2C5FE67 		.ascii	"\242\305\376gvV\012x]\003\277\320\300\2530\253\213\021"
 1041      76560A78 
 1041      5D03BFD0 
 1041      C0AB30AB 
 1041      8B11
 1042 027b A41F6EE0 		.ascii	"\244\037n\340\304\035\254\324 \334\204\257\340\033\030"
 1042      C41DACD4 
 1042      20DC84AF 
 1042      E01B18
 1043 028a 8261B805 		.ascii	"\202a\270\005#\3605\334\346\225\343<_j<_\316IP\315?"
 1043      23F035DC 
 1043      E695E33C 
 1043      5F6A3C5F 
 1043      CE4950CD 
 1044 029f A0C1FF9E 		.ascii	"\240\301\377\236#\243\302\036m\001\355sj\203\260X\215"
 1044      23A3C21E 
 1044      6D01ED73 
 1044      6A83B058 
 1044      8D
 1045 02b0 D5A6E327 		.ascii	"\325\246\343'K\\4nnJw\341)9\011t\352\334\243\257i\254"
 1045      4B5C346E 
 1045      6E4A77E1 
 1045      29390974 
 1045      EADCA3AF 
 1046 02c6 7C16A4D2 		.ascii	"|\026\244\322\210Q\2255\200!\010\216L\365\375I\303\002"
 1046      88519535 
 1046      8021088E 
 1046      4CF5FD49 
 1046      C302
 1047 02d8 2AF62DBF 		.ascii	"*\366-\277\323\374\330\355\367\271d[\337dOD\310Y\032"
 1047      D3FCD8ED 
 1047      F7B9645B 
 1047      DF644F44 
 1047      C8591A
 1048 02eb D3CED251 		.ascii	"\323\316\322Q\356r\255\354H%\304)G\231\351\344s\374"
 1048      EE72ADEC 
 1048      4825C429 
 1048      4799E9E4 
 1048      73FC
 1049 02fd 3DE7E7F2 		.ascii	"=\347\347\362\227\257vV\032\347`wA\003K\333\036\216"
 1049      97AF7656 
 1049      1AE76077 
 1049      41034BDB 
 1049      1E8E
 1050 030f E935FD09 		.ascii	"\3515\375\011U\177\222\353\177\312\211?`\015\215\306"
 1050      557F92EB 
 1050      7FCA893F 
 1050      600D8DC6 
 1051 031f 50FC0798 		.ascii	"P\374\007\230T.\021\003n\303\033D\354\300=\331G\324"
 1051      542E1103 
 1051      6EC31B44 
 1051      ECC03DD9 
 1051      47D4
 1052 0331 DB020744 		.ascii	"\333\002\007D<\313c\337\035\357~\017B\362f\264\217\264"
 1052      3CCB63DF 
 1052      1DEF7E0F 
ARM GAS  /tmp/cc97CAz2.s 			page 32


 1052      42F266B4 
 1052      8FB4
 1053 0343 C0237808 		.ascii	"\300#x\010\202x\374\364\3558\276c\321\243y\360\303\332"
 1053      8278FCF4 
 1053      ED38BE63 
 1053      D1A379F0 
 1053      C3DA
 1054 0355 4A23F338 		.ascii	"J#\3638K\300I\247\241\204\316\336XZ\261\037\000\236"
 1054      4BC049A7 
 1054      A184CEDE 
 1054      585AB11F 
 1054      009E
 1055 0367 0252425B 		.ascii	"\002RB[\240\224\226Q\027U\317\361\367;\225\236M\301"
 1055      A0949651 
 1055      1755CFF1 
 1055      F73B959E 
 1055      4DC1
 1056 0379 3D2D52DE 		.ascii	"=-R\336V\034\254\252T\300q\370n6\310\3739\315\223\254"
 1056      561CACAA 
 1056      54C071F8 
 1056      6E36C8FB 
 1056      39CD93AC 
 1057 038d EB3EFF4E 		.ascii	"\353>\377N\214\334OI\223p\3239\032\002\255\257\353\334"
 1057      8CDC4F49 
 1057      9370D339 
 1057      1A02ADAF 
 1057      EBDC
 1058 039f 0F5A15B6 		.ascii	"\017Z\025\266\2514\345\224c.g\337\364\014\226\240@\333"
 1058      A934E594 
 1058      632E67DF 
 1058      F40C96A0 
 1058      40DB
 1059 03b1 65E87E53 		.ascii	"e\350~S\3637\306\320\306\377\000j\347'N\235\271m\320"
 1059      F337C6D0 
 1059      C6FF006A 
 1059      E7274E9D 
 1059      B96DD0
 1060 03c4 D03EF51E 		.ascii	"\320>\365\036\330)G\366\324\017\014\315D\006\357\217"
 1060      D82947F6 
 1060      D40F0CCD 
 1060      4406EF8F 
 1061 03d4 0A19AB38 		.ascii	"\012\031\2538\322~$F\306\244\307\267\323\320\331\235"
 1061      D27E2446 
 1061      C6A4C7B7 
 1061      D3D0D99D 
 1062 03e4 8D7AB9E6 		.ascii	"\215z\271\346\322\343{E\240;n\357\271h\010\201gZ\"\226"
 1062      D2E37B45 
 1062      A03B6EEF 
 1062      B9680881 
 1062      675A2296 
 1063 03f8 E8F8355F 		.ascii	"\350\3705_\325\260_\027\3226\017\325(\246o\356n3\214"
 1063      D5B05F17 
 1063      D2360FD5 
 1063      28A66FEE 
 1063      6E338C
 1064 040b 0156AC9C 		.ascii	"\001V\254\234I\316v\221\371Kw17kwB\015kf\276\243\025"
 1064      49CE7691 
ARM GAS  /tmp/cc97CAz2.s 			page 33


 1064      F94B7731 
 1064      376B7742 
 1064      0D6B66BE 
 1065 0421 BB74B5FE 		.ascii	"\273t\265\376\366r':\304\371K\232Ym\323\306\332ZV\321"
 1065      F672273A 
 1065      C4F94B9A 
 1065      596DD3C6 
 1065      DA5A56D1 
 1066 0435 76B09CF9 		.ascii	"v\260\234\371\000\\8-9\365\265\370@\217\2128V\307w\245"
 1066      005C382D 
 1066      39F5B5F8 
 1066      408F8A38 
 1066      56C777A5 
 1067 0449 BBC2074E 		.ascii	"\273\302\007Nu\207F\263\243\214\225\240\305\327\226"
 1067      758746B3 
 1067      A38C95A0 
 1067      C5D796
 1068 0458 36494E6C 		.ascii	"6INl\375y\360\035r#\262\021\315\343\374\312\271-:\340"
 1068      FD79F01D 
 1068      7223B211 
 1068      CDE3FCCA 
 1068      B92D3AE0 
 1069 046c 1C647B5D 		.ascii	"\034d{]\203\236\370\022\306\205\334\014j|\350!\271\031"
 1069      839EF812 
 1069      C685DC0C 
 1069      6A7CE821 
 1069      B919
 1070 047e F5B313CC 		.ascii	"\365\263\023\314\313\352v\305\270\374\201\243NW\251"
 1070      CBEA76C5 
 1070      B8FC81A3 
 1070      4E57A9
 1071 048d E8F14BE5 		.ascii	"\350\361K\345^_;39\007N\226;\375\214\231\252|\230:Z"
 1071      5E5F3B33 
 1071      39074E96 
 1071      3BFD8C99 
 1071      AA7C983A 
 1072 04a2 AC93E789 		.ascii	"\254\223\347\211f\362\342\227Gjg\261N\276\321|\245,"
 1072      66F2E297 
 1072      476A67B1 
 1072      4EBED17C 
 1072      A52C
 1073 04b4 96B549E5 		.ascii	"\226\265I\345\036&\225\027\362\264\2748\003\334\307"
 1073      1E269517 
 1073      F2B4BC38 
 1073      03DCC7
 1074 04c3 CB2466F2 		.ascii	"\313$f\362*3\242\323'\225\263\277`\320A\034p4\326{\003"
 1074      2A33A2D3 
 1074      2795B3BF 
 1074      60D0411C 
 1074      7034D67B 
 1075 04d8 155C7CC0 		.ascii	"\025\\|\300I\231_be\214\211\362iT\326F\325\247\210\367"
 1075      49995F62 
 1075      658C89F2 
 1075      6954D646 
 1075      D5A788F7 
 1076 04ec C8E067AD 		.ascii	"\310\340g\255\221\343\274\214\276\177\372z\345\237^"
 1076      91E3BC8C 
ARM GAS  /tmp/cc97CAz2.s 			page 34


 1076      BE7FFA7A 
 1076      E59F5E
 1077 04fb 20F33DBF 		.ascii	" \363=\277 \300\2365\211\365\272'\037\352j\252\236\333"
 1077      20C09E35 
 1077      89F5BA27 
 1077      1FEA6AAA 
 1077      9EDB
 1078 050d 5BFD8F98 		.ascii	"[\375\217\230A\306$\025sS\015\254\376\250\353\322\314"
 1078      41C62415 
 1078      73530DAC 
 1078      FEA8EBD2 
 1078      CC
 1079 051e 967C57DD 		.ascii	"\226|W\335\256{\345\335\3239\334{\201\342\277T\370:"
 1079      AE7BE5DD 
 1079      D339DC7B 
 1079      81E2BF54 
 1079      F83A
 1080 0530 86AFCDFD 		.ascii	"\206\257\315\375\203\327\303\177\314\344_\333\204q\365"
 1080      83D7C37F 
 1080      CCE45FDB 
 1080      8471F5
 1081 053f 47701F25 		.ascii	"Gp\037%5\3126\254;\3435&\324\324\260I\337\307Un\343"
 1081      35CA36AC 
 1081      3BE33526 
 1081      D4D4B049 
 1081      DFC7556E 
 1082 0554 0126F1FE 		.ascii	"\001&\361\376\211\373\350\036E\212\354\241\344\035Z"
 1082      89FBE81E 
 1082      458AECA1 
 1082      E41D5A
 1083 0563 45175787 		.ascii	"E\027W\207\211\335<\345\211\277\365\357\012\347\354"
 1083      89DD3CE5 
 1083      89BFF5EF 
 1083      0AE7EC
 1084 0572 E3C0D903 		.ascii	"\343\300\331\003{\007\274Q\212X\035\025\350\341\373"
 1084      7B07BC51 
 1084      8A581D15 
 1084      E8E1FB
 1085 0581 81266350 		.ascii	"\201&cPlX\371i'\007(yO\026\273X{\247\334\300\305\002"
 1085      6C58F969 
 1085      27072879 
 1085      4F16BB58 
 1085      7BA7DCC0 
 1086 0597 E3EE3168 		.ascii	"\343\3561h\340k\203\003t\277\252\264_U\352\022\304k"
 1086      E06B8303 
 1086      74BFAAB4 
 1086      5F55EA12 
 1086      C46B
 1087 05a9 5CE9D83F 		.ascii	"\\\351\330?\272\272\2439\265W^\307\310\205\326s\221"
 1087      BABAA339 
 1087      B5575EC7 
 1087      C885D673 
 1087      91
 1088 05ba 8AD24154 		.ascii	"\212\322AT:\3365\262\3731\245C\224\370e\245n\367HY\014"
 1088      3ADE35B2 
 1088      FB31A543 
 1088      94F865A5 
ARM GAS  /tmp/cc97CAz2.s 			page 35


 1088      6EF74859 
 1089 05cf 576AEAE1 		.ascii	"Wj\352\341\327\275\274\246C\324\247*\371T%\267 \016"
 1089      D7BDBCA6 
 1089      43D4A72A 
 1089      F95425B7 
 1089      200E
 1090 05e1 3D41C9FD 		.ascii	"=A\311\375\341\347\307De\211\177\345k\352\031\350\226"
 1090      E1E7C744 
 1090      65897FE5 
 1090      6BEA19E8 
 1090      96
 1091 05f2 5FA7E07D 		.ascii	"_\247\340}|\235\356\364\034\026C\205\033)i\220\205\367"
 1091      7C9DEEF4 
 1091      1C164385 
 1091      1B296990 
 1091      85F7
 1092 0604 DDDCDEA7 		.ascii	"\335\334\336\247O\250\301\306<h\275\362g\303\001\326"
 1092      4FA8C1C6 
 1092      3C68BDF2 
 1092      67C301D6 
 1093 0614 461B69BD 		.ascii	"F\033i\275\252[\317\357\232\305C:\2016\216\334\232\210"
 1093      AA5BCFEF 
 1093      9AC5433A 
 1093      81368EDC 
 1093      9A88
 1094 0626 D6FAD7A8 		.ascii	"\326\372\327\250\366\3570\307\177\222\234lV\376\354"
 1094      F6EF30C7 
 1094      7F929C6C 
 1094      56FEEC
 1095 0635 C5E6BCEC 		.ascii	"\305\346\274\354|sqQ\016\177f\025f\347'\347\210k~\365"
 1095      7C737151 
 1095      0E7F6615 
 1095      66E727E7 
 1095      886B7EF5 
 1096 0649 4AFCEA94 		.ascii	"J\374\352\224\025d\2366\225\234\262<\347\2717s\226\344"
 1096      15649E36 
 1096      959CB23C 
 1096      E7B93773 
 1096      96E4
 1097 065b 1061E58B 		.ascii	"\020a\345\213\226u\342V\333\026\307\322%Y\216\260u\351"
 1097      9675E256 
 1097      DB16C7D2 
 1097      25598EB0 
 1097      75E9
 1098 066d AB5FB608 		.ascii	"\253_\266\010\2532-\026x\015^\012\313\311\267f\027\311"
 1098      AB322D16 
 1098      780D5E0A 
 1098      CBC9B766 
 1098      17C9
 1099 067f 68CAF22C 		.ascii	"h\312\362,\207\256\330\352\370\2459\317^`5\027d\377"
 1099      87AED8EA 
 1099      F8A539CF 
 1099      5E603517 
 1099      64FF
 1100 0691 317BCB66 		.ascii	"1{\313fsN\236\355M\233\2758\351\367\366\242\315\305"
 1100      734E9EED 
 1100      4D9BBD38 
ARM GAS  /tmp/cc97CAz2.s 			page 36


 1100      E9F7F6A2 
 1100      CDC5
 1101 06a3 85D93956 		.ascii	"\205\3319V\363j>\223\236i\316\265\026`.\231\033\326"
 1101      F36A3E93 
 1101      9E69CEB5 
 1101      16602E99 
 1101      1BD6
 1102 06b5 2F5D62B6 		.ascii	"/]b\266lH\222\007/.{nER\352\332\314\325\351\257\246"
 1102      6C489207 
 1102      2F2E7B6E 
 1102      4552EADA 
 1102      CCD5E9AF 
 1103 06ca 59DE20CB 		.ascii	"Y\336 \313B\263.\264\0279\2021\353\326\245\232\327d"
 1103      42B32EB4 
 1103      17398231 
 1103      EBD6A59A 
 1103      D764
 1104 06dc AC4D7F7B 		.ascii	"\254M\177{\211\271\330Q\200\271\275Uh\263'\347\021]"
 1104      89B9D851 
 1104      80B9BD55 
 1104      68B327E7 
 1104      115D
 1105 06ee 7AAA45B7 		.ascii	"z\252E\2676\325\022\226\361JF\252%<=3#--\325\242O\337"
 1105      36D51296 
 1105      F14A46AA 
 1105      253C3D33 
 1105      232D2DD5 
 1106 0705 F046469A 		.ascii	"\360FF\232%l}zj\232\205/\351%\303LT\226C(\310.\336l"
 1106      256C7D7A 
 1106      6A9A852F 
 1106      E925C34C 
 1106      54964328 
 1107 071d B0D9B900 		.ascii	"\260\331\271\000\037f9\364|h\313\215T\346l\2718c\337"
 1107      1F6639F4 
 1107      7C68CB8D 
 1107      54E66CB9 
 1107      3863DF
 1108 0730 B409D767 		.ascii	"\264\011\327g\340\213\315\332\224]\354\370y\226\343"
 1108      E08BCDDA 
 1108      945DECF8 
 1108      7996E3
 1109 073f A7A119DA 		.ascii	"\247\241\031\332\266\344\344o\315\265j\265\315#ak\323"
 1109      B6E4E46F 
 1109      CDB56AB5 
 1109      CD23616B 
 1109      D3
 1110 0750 576D2D16 		.ascii	"Wm-\026m\366\002{\256\025K\224\262\234Dd\027\025\274"
 1110      6DF6027B 
 1110      AE154B94 
 1110      B29C4464 
 1110      1715BC
 1111 0763 BDC29A54 		.ascii	"\275\302\232T@\"s\220\334\372\207\244\202e$\022\335"
 1111      40227390 
 1111      DCFA87A4 
 1111      82652412 
 1111      DD
 1112 0774 2DD6EC5C 		.ascii	"-\326\354\\t^\370\324n\221(|\274VdsX\3215\032\307\231"
ARM GAS  /tmp/cc97CAz2.s 			page 37


 1112      745EF8D4 
 1112      6E91287C 
 1112      BC566473 
 1112      58D1351A 
 1113 078a 56078ED6 		.ascii	"V\007\216\326#\375|\356\221\225\237\237\233\205\211"
 1113      23FD7CEE 
 1113      91959F9F 
 1113      9B8589
 1114 0799 BE5564DF 		.ascii	"\276Ud\337Z\310E\237\377?\313\250*\360x\314\373\277"
 1114      5AC8459F 
 1114      FF3FCBA8 
 1114      2AF078CC 
 1114      FBBF
 1115 07ab 41326341 		.ascii	"A2cA"
 1116              		.text
 1117              		.section	.gnu.lto_.symtab.70d3b5cdbd7460d6,"e",%progbits
 1118 0000 70616C52 		.ascii	"palReadBus\000"
 1118      65616442 
 1118      757300
 1119 000b 00       		.ascii	"\000"
 1120 000c 00       		.ascii	"\000"
 1121 000d 00       		.ascii	"\000"
 1122 000e 00000000 		.ascii	"\000\000\000\000\000\000\000\000"
 1122      00000000 
 1123 0016 19010000 		.ascii	"\031\001\000\000"
 1124 001a 70616C57 		.ascii	"palWriteBus\000"
 1124      72697465 
 1124      42757300 
 1125 0026 00       		.ascii	"\000"
 1126 0027 00       		.ascii	"\000"
 1127 0028 00       		.ascii	"\000"
 1128 0029 00000000 		.ascii	"\000\000\000\000\000\000\000\000"
 1128      00000000 
 1129 0031 1E010000 		.ascii	"\036\001\000\000"
 1130 0035 70616C53 		.ascii	"palSetBusMode\000"
 1130      65744275 
 1130      734D6F64 
 1130      6500
 1131 0043 00       		.ascii	"\000"
 1132 0044 00       		.ascii	"\000"
 1133 0045 00       		.ascii	"\000"
 1134 0046 00000000 		.ascii	"\000\000\000\000\000\000\000\000"
 1134      00000000 
 1135 004e 23010000 		.ascii	"#\001\000\000"
 1136 0052 5F70616C 		.ascii	"_pal_lld_setgroupmode\000"
 1136      5F6C6C64 
 1136      5F736574 
 1136      67726F75 
 1136      706D6F64 
 1137 0068 00       		.ascii	"\000"
 1138 0069 02       		.ascii	"\002"
 1139 006a 00       		.ascii	"\000"
 1140 006b 00000000 		.ascii	"\000\000\000\000\000\000\000\000"
 1140      00000000 
 1141 0073 29010000 		.ascii	")\001\000\000"
 1142              		.text
 1143              		.section	.gnu.lto_.ext_symtab.70d3b5cdbd7460d6,"e",%progbits
ARM GAS  /tmp/cc97CAz2.s 			page 38


 1144 0000 01       		.ascii	"\001"
 1145 0001 01       		.ascii	"\001"
 1146 0002 00       		.ascii	"\000"
 1147 0003 01       		.ascii	"\001"
 1148 0004 00       		.ascii	"\000"
 1149 0005 01       		.ascii	"\001"
 1150 0006 00       		.ascii	"\000"
 1151 0007 01       		.ascii	"\001"
 1152 0008 00       		.ascii	"\000"
 1153              		.text
 1154              		.section	.gnu.lto_.opts,"e",%progbits
 1155 0000 272D666E 		.ascii	"'-fno-openmp' '-fno-openacc' '-fno-pie' '-fcf-prote"
 1155      6F2D6F70 
 1155      656E6D70 
 1155      2720272D 
 1155      666E6F2D 
 1156 0033 6374696F 		.ascii	"ction=none' '-g' '-mcpu=cortex-m4' '-mthumb' '-mflo"
 1156      6E3D6E6F 
 1156      6E652720 
 1156      272D6727 
 1156      20272D6D 
 1157 0066 61742D61 		.ascii	"at-abi=soft' '-mlibarch=armv7e-m' '-march=armv7e-m'"
 1157      62693D73 
 1157      6F667427 
 1157      20272D6D 
 1157      6C696261 
 1158 0099 20272D4F 		.ascii	" '-O2' '-fomit-frame-pointer' '-falign-functions=16"
 1158      32272027 
 1158      2D666F6D 
 1158      69742D66 
 1158      72616D65 
 1159 00cc 2720272D 		.ascii	"' '-ffunction-sections' '-fdata-sections' '-fno-com"
 1159      6666756E 
 1159      6374696F 
 1159      6E2D7365 
 1159      6374696F 
 1160 00ff 6D6F6E27 		.ascii	"mon' '-flto' '-Xassembler' '-alms=./build/lst/hal_p"
 1160      20272D66 
 1160      6C746F27 
 1160      20272D58 
 1160      61737365 
 1161 0132 616C2E6C 		.ascii	"al.lst'\000"
 1161      73742700 
 1162              		.text
 1163              		.comm	__gnu_lto_slim,1,1
 1164              		.ident	"GCC: (15:13.2.rel1-2) 13.2.1 20231009"
ARM GAS  /tmp/cc97CAz2.s 			page 39


DEFINED SYMBOLS
                            *ABS*:00000000 hal_pal.c
     /tmp/cc97CAz2.s:23     .gnu.debuglto_.debug_info:00000000 hal_pal.c.16c0bc2c
                            *COM*:00000001 __gnu_lto_slim

NO UNDEFINED SYMBOLS
