ARM GAS  /tmp/ccW0zVcb.s 			page 1


   1              		.cpu cortex-m4
   2              		.arch armv7e-m
   3              		.fpu softvfp
   4              		.eabi_attribute 20, 1
   5              		.eabi_attribute 21, 1
   6              		.eabi_attribute 23, 3
   7              		.eabi_attribute 24, 1
   8              		.eabi_attribute 25, 1
   9              		.eabi_attribute 26, 1
  10              		.eabi_attribute 30, 2
  11              		.eabi_attribute 34, 1
  12              		.eabi_attribute 18, 4
  13              		.file	"hal_pal_lld.c"
  14              		.file 1 "/usr/lib/gcc/arm-none-eabi/13.2.1/include/stdint.h"
  15              		.file 2 "../../../os/hal/ports/STM32/LLD/GPIOv2/stm32_gpio.h"
  16              		.file 3 "../../../os/hal/ports/STM32/LLD/GPIOv2/hal_pal_lld.h"
  17              		.file 4 "../../../os/hal/ports/STM32/LLD/GPIOv2/hal_pal_lld.c"
  18              		.section	.gnu.debuglto_.debug_info,"e",%progbits
  19              	.Ldebug_info0:
  20              		.hidden	hal_pal_lld.c.d393801c
  21              		.weak	hal_pal_lld.c.d393801c
  22              	hal_pal_lld.c.d393801c:
  23 0000 2C020000 		.4byte	0x22c
  24 0004 0500     		.2byte	0x5
  25 0006 01       		.byte	0x1
  26 0007 04       		.byte	0x4
  27 0008 00000000 		.4byte	.Ldebug_abbrev0
  28 000c 0B       		.uleb128 0xb
  29 000d 97010000 		.4byte	.LASF36
  30 0011 1D       		.byte	0x1d
  31 0012 A3000000 		.4byte	.LASF37
  32 0016 30000000 		.4byte	.LASF38
  33 001a 00000000 		.4byte	.Ldebug_line0
  34 001e 0C       		.uleb128 0xc
  35 001f 04       		.byte	0x4
  36 0020 05       		.byte	0x5
  37 0021 696E7400 		.ascii	"int\000"
  38 0025 01       		.uleb128 0x1
  39 0026 04       		.byte	0x4
  40 0027 07       		.byte	0x7
  41 0028 44010000 		.4byte	.LASF0
  42 002c 01       		.uleb128 0x1
  43 002d 08       		.byte	0x8
  44 002e 05       		.byte	0x5
  45 002f 00000000 		.4byte	.LASF1
  46 0033 01       		.uleb128 0x1
  47 0034 08       		.byte	0x8
  48 0035 04       		.byte	0x4
  49 0036 73010000 		.4byte	.LASF2
  50 003a 01       		.uleb128 0x1
  51 003b 01       		.byte	0x1
  52 003c 06       		.byte	0x6
  53 003d 7E020000 		.4byte	.LASF3
  54 0041 01       		.uleb128 0x1
  55 0042 02       		.byte	0x2
  56 0043 05       		.byte	0x5
  57 0044 1E010000 		.4byte	.LASF4
ARM GAS  /tmp/ccW0zVcb.s 			page 2


  58 0048 01       		.uleb128 0x1
  59 0049 04       		.byte	0x4
  60 004a 05       		.byte	0x5
  61 004b 6F020000 		.4byte	.LASF5
  62 004f 01       		.uleb128 0x1
  63 0050 01       		.byte	0x1
  64 0051 08       		.byte	0x8
  65 0052 D8000000 		.4byte	.LASF6
  66 0056 03       		.uleb128 0x3
  67 0057 5D020000 		.4byte	.LASF8
  68 005b 01       		.byte	0x1
  69 005c 31       		.byte	0x31
  70 005d 19       		.byte	0x19
  71 005e 62000000 		.4byte	0x62
  72 0062 01       		.uleb128 0x1
  73 0063 02       		.byte	0x2
  74 0064 07       		.byte	0x7
  75 0065 FD000000 		.4byte	.LASF7
  76 0069 03       		.uleb128 0x3
  77 006a 66020000 		.4byte	.LASF9
  78 006e 01       		.byte	0x1
  79 006f 34       		.byte	0x34
  80 0070 19       		.byte	0x19
  81 0071 7A000000 		.4byte	0x7a
  82 0075 08       		.uleb128 0x8
  83 0076 69000000 		.4byte	0x69
  84 007a 01       		.uleb128 0x1
  85 007b 04       		.byte	0x4
  86 007c 07       		.byte	0x7
  87 007d EB000000 		.4byte	.LASF10
  88 0081 01       		.uleb128 0x1
  89 0082 08       		.byte	0x8
  90 0083 07       		.byte	0x7
  91 0084 90020000 		.4byte	.LASF11
  92 0088 01       		.uleb128 0x1
  93 0089 01       		.byte	0x1
  94 008a 08       		.byte	0x8
  95 008b 56010000 		.4byte	.LASF12
  96 008f 01       		.uleb128 0x1
  97 0090 01       		.byte	0x1
  98 0091 02       		.byte	0x2
  99 0092 8A020000 		.4byte	.LASF13
 100 0096 09       		.uleb128 0x9
 101 0097 04       		.byte	0x4
 102 0098 5B       		.byte	0x5b
 103 0099 05       		.byte	0x5
 104 009a B6000000 		.4byte	0xb6
 105 009e 06       		.uleb128 0x6
 106 009f 73657400 		.ascii	"set\000"
 107 00a3 5C       		.byte	0x5c
 108 00a4 56000000 		.4byte	0x56
 109 00a8 00       		.byte	0
 110 00a9 02       		.uleb128 0x2
 111 00aa 16000000 		.4byte	.LASF14
 112 00ae 5D       		.byte	0x5d
 113 00af 19       		.byte	0x19
 114 00b0 56000000 		.4byte	0x56
ARM GAS  /tmp/ccW0zVcb.s 			page 3


 115 00b4 02       		.byte	0x2
 116 00b5 00       		.byte	0
 117 00b6 0D       		.uleb128 0xd
 118 00b7 04       		.byte	0x4
 119 00b8 02       		.byte	0x2
 120 00b9 59       		.byte	0x59
 121 00ba 0C       		.byte	0xc
 122 00bb D2000000 		.4byte	0xd2
 123 00bf 0A       		.uleb128 0xa
 124 00c0 5700     		.ascii	"W\000"
 125 00c2 5A       		.byte	0x5a
 126 00c3 19       		.byte	0x19
 127 00c4 69000000 		.4byte	0x69
 128 00c8 0A       		.uleb128 0xa
 129 00c9 4800     		.ascii	"H\000"
 130 00cb 5E       		.byte	0x5e
 131 00cc 07       		.byte	0x7
 132 00cd 96000000 		.4byte	0x96
 133 00d1 00       		.byte	0
 134 00d2 08       		.uleb128 0x8
 135 00d3 B6000000 		.4byte	0xb6
 136 00d7 09       		.uleb128 0x9
 137 00d8 28       		.byte	0x28
 138 00d9 51       		.byte	0x51
 139 00da 09       		.byte	0x9
 140 00db 56010000 		.4byte	0x156
 141 00df 02       		.uleb128 0x2
 142 00e0 1C000000 		.4byte	.LASF15
 143 00e4 53       		.byte	0x53
 144 00e5 19       		.byte	0x19
 145 00e6 75000000 		.4byte	0x75
 146 00ea 00       		.byte	0
 147 00eb 02       		.uleb128 0x2
 148 00ec 7F000000 		.4byte	.LASF16
 149 00f0 54       		.byte	0x54
 150 00f1 19       		.byte	0x19
 151 00f2 75000000 		.4byte	0x75
 152 00f6 04       		.byte	0x4
 153 00f7 02       		.uleb128 0x2
 154 00f8 0E000000 		.4byte	.LASF17
 155 00fc 55       		.byte	0x55
 156 00fd 19       		.byte	0x19
 157 00fe 75000000 		.4byte	0x75
 158 0102 08       		.byte	0x8
 159 0103 02       		.uleb128 0x2
 160 0104 7F010000 		.4byte	.LASF18
 161 0108 56       		.byte	0x56
 162 0109 19       		.byte	0x19
 163 010a 75000000 		.4byte	0x75
 164 010e 0C       		.byte	0xc
 165 010f 06       		.uleb128 0x6
 166 0110 49445200 		.ascii	"IDR\000"
 167 0114 57       		.byte	0x57
 168 0115 75000000 		.4byte	0x75
 169 0119 10       		.byte	0x10
 170 011a 06       		.uleb128 0x6
 171 011b 4F445200 		.ascii	"ODR\000"
ARM GAS  /tmp/ccW0zVcb.s 			page 4


 172 011f 58       		.byte	0x58
 173 0120 75000000 		.4byte	0x75
 174 0124 14       		.byte	0x14
 175 0125 02       		.uleb128 0x2
 176 0126 7A000000 		.4byte	.LASF19
 177 012a 5F       		.byte	0x5f
 178 012b 05       		.byte	0x5
 179 012c D2000000 		.4byte	0xd2
 180 0130 18       		.byte	0x18
 181 0131 02       		.uleb128 0x2
 182 0132 60010000 		.4byte	.LASF20
 183 0136 60       		.byte	0x60
 184 0137 19       		.byte	0x19
 185 0138 75000000 		.4byte	0x75
 186 013c 1C       		.byte	0x1c
 187 013d 02       		.uleb128 0x2
 188 013e 10010000 		.4byte	.LASF21
 189 0142 61       		.byte	0x61
 190 0143 19       		.byte	0x19
 191 0144 75000000 		.4byte	0x75
 192 0148 20       		.byte	0x20
 193 0149 02       		.uleb128 0x2
 194 014a E6000000 		.4byte	.LASF22
 195 014e 62       		.byte	0x62
 196 014f 19       		.byte	0x19
 197 0150 75000000 		.4byte	0x75
 198 0154 24       		.byte	0x24
 199 0155 00       		.byte	0
 200 0156 03       		.uleb128 0x3
 201 0157 66010000 		.4byte	.LASF23
 202 015b 02       		.byte	0x2
 203 015c 63       		.byte	0x63
 204 015d 03       		.byte	0x3
 205 015e D7000000 		.4byte	0xd7
 206 0162 03       		.uleb128 0x3
 207 0163 8D000000 		.4byte	.LASF24
 208 0167 03       		.byte	0x3
 209 0168 C2       		.byte	0xc2
 210 0169 12       		.byte	0x12
 211 016a 69000000 		.4byte	0x69
 212 016e 03       		.uleb128 0x3
 213 016f 9A000000 		.4byte	.LASF25
 214 0173 03       		.byte	0x3
 215 0174 C7       		.byte	0xc7
 216 0175 12       		.byte	0x12
 217 0176 69000000 		.4byte	0x69
 218 017a 03       		.uleb128 0x3
 219 017b 52020000 		.4byte	.LASF26
 220 017f 03       		.byte	0x3
 221 0180 D9       		.byte	0xd9
 222 0181 18       		.byte	0x18
 223 0182 86010000 		.4byte	0x186
 224 0186 0E       		.uleb128 0xe
 225 0187 04       		.byte	0x4
 226 0188 56010000 		.4byte	0x156
 227 018c 0F       		.uleb128 0xf
 228 018d 2E010000 		.4byte	.LASF39
ARM GAS  /tmp/ccW0zVcb.s 			page 5


 229 0191 04       		.byte	0x4
 230 0192 59       		.byte	0x59
 231 0193 06       		.byte	0x6
 232 0194 27020000 		.4byte	0x227
 233 0198 07       		.uleb128 0x7
 234 0199 92010000 		.4byte	.LASF27
 235 019d 59       		.byte	0x59
 236 019e 27       		.byte	0x27
 237 019f 7A010000 		.4byte	0x17a
 238 01a3 07       		.uleb128 0x7
 239 01a4 8D010000 		.4byte	.LASF28
 240 01a8 5A       		.byte	0x5a
 241 01a9 29       		.byte	0x29
 242 01aa 62010000 		.4byte	0x162
 243 01ae 07       		.uleb128 0x7
 244 01af 5B010000 		.4byte	.LASF29
 245 01b3 5B       		.byte	0x5b
 246 01b4 25       		.byte	0x25
 247 01b5 6E010000 		.4byte	0x16e
 248 01b9 04       		.uleb128 0x4
 249 01ba 78020000 		.4byte	.LASF30
 250 01be 5D       		.byte	0x5d
 251 01bf 0C       		.byte	0xc
 252 01c0 69000000 		.4byte	0x69
 253 01c4 04       		.uleb128 0x4
 254 01c5 86000000 		.4byte	.LASF31
 255 01c9 5E       		.byte	0x5e
 256 01ca 0C       		.byte	0xc
 257 01cb 69000000 		.4byte	0x69
 258 01cf 04       		.uleb128 0x4
 259 01d0 85010000 		.4byte	.LASF32
 260 01d4 5F       		.byte	0x5f
 261 01d5 0C       		.byte	0xc
 262 01d6 69000000 		.4byte	0x69
 263 01da 04       		.uleb128 0x4
 264 01db 28010000 		.4byte	.LASF33
 265 01df 60       		.byte	0x60
 266 01e0 0C       		.byte	0xc
 267 01e1 69000000 		.4byte	0x69
 268 01e5 04       		.uleb128 0x4
 269 01e6 51010000 		.4byte	.LASF34
 270 01ea 61       		.byte	0x61
 271 01eb 0C       		.byte	0xc
 272 01ec 69000000 		.4byte	0x69
 273 01f0 05       		.uleb128 0x5
 274 01f1 62697400 		.ascii	"bit\000"
 275 01f5 62       		.byte	0x62
 276 01f6 0C       		.byte	0xc
 277 01f7 69000000 		.4byte	0x69
 278 01fb 10       		.uleb128 0x10
 279 01fc 04       		.uleb128 0x4
 280 01fd 15010000 		.4byte	.LASF35
 281 0201 65       		.byte	0x65
 282 0202 10       		.byte	0x10
 283 0203 69000000 		.4byte	0x69
 284 0207 05       		.uleb128 0x5
 285 0208 6D3100   		.ascii	"m1\000"
ARM GAS  /tmp/ccW0zVcb.s 			page 6


 286 020b 65       		.byte	0x65
 287 020c 1A       		.byte	0x1a
 288 020d 69000000 		.4byte	0x69
 289 0211 05       		.uleb128 0x5
 290 0212 6D3200   		.ascii	"m2\000"
 291 0215 65       		.byte	0x65
 292 0216 1E       		.byte	0x1e
 293 0217 69000000 		.4byte	0x69
 294 021b 05       		.uleb128 0x5
 295 021c 6D3400   		.ascii	"m4\000"
 296 021f 65       		.byte	0x65
 297 0220 22       		.byte	0x22
 298 0221 69000000 		.4byte	0x69
 299 0225 00       		.byte	0
 300 0226 00       		.byte	0
 301 0227 11       		.uleb128 0x11
 302 0228 22000000 		.4byte	.LASF40
 303 022c 04       		.byte	0x4
 304 022d 41       		.byte	0x41
 305 022e 06       		.byte	0x6
 306 022f 00       		.byte	0
 307              		.section	.gnu.debuglto_.debug_abbrev,"e",%progbits
 308              	.Ldebug_abbrev0:
 309 0000 01       		.uleb128 0x1
 310 0001 24       		.uleb128 0x24
 311 0002 00       		.byte	0
 312 0003 0B       		.uleb128 0xb
 313 0004 0B       		.uleb128 0xb
 314 0005 3E       		.uleb128 0x3e
 315 0006 0B       		.uleb128 0xb
 316 0007 03       		.uleb128 0x3
 317 0008 0E       		.uleb128 0xe
 318 0009 00       		.byte	0
 319 000a 00       		.byte	0
 320 000b 02       		.uleb128 0x2
 321 000c 0D       		.uleb128 0xd
 322 000d 00       		.byte	0
 323 000e 03       		.uleb128 0x3
 324 000f 0E       		.uleb128 0xe
 325 0010 3A       		.uleb128 0x3a
 326 0011 21       		.uleb128 0x21
 327 0012 02       		.sleb128 2
 328 0013 3B       		.uleb128 0x3b
 329 0014 0B       		.uleb128 0xb
 330 0015 39       		.uleb128 0x39
 331 0016 0B       		.uleb128 0xb
 332 0017 49       		.uleb128 0x49
 333 0018 13       		.uleb128 0x13
 334 0019 38       		.uleb128 0x38
 335 001a 0B       		.uleb128 0xb
 336 001b 00       		.byte	0
 337 001c 00       		.byte	0
 338 001d 03       		.uleb128 0x3
 339 001e 16       		.uleb128 0x16
 340 001f 00       		.byte	0
 341 0020 03       		.uleb128 0x3
 342 0021 0E       		.uleb128 0xe
ARM GAS  /tmp/ccW0zVcb.s 			page 7


 343 0022 3A       		.uleb128 0x3a
 344 0023 0B       		.uleb128 0xb
 345 0024 3B       		.uleb128 0x3b
 346 0025 0B       		.uleb128 0xb
 347 0026 39       		.uleb128 0x39
 348 0027 0B       		.uleb128 0xb
 349 0028 49       		.uleb128 0x49
 350 0029 13       		.uleb128 0x13
 351 002a 00       		.byte	0
 352 002b 00       		.byte	0
 353 002c 04       		.uleb128 0x4
 354 002d 34       		.uleb128 0x34
 355 002e 00       		.byte	0
 356 002f 03       		.uleb128 0x3
 357 0030 0E       		.uleb128 0xe
 358 0031 3A       		.uleb128 0x3a
 359 0032 21       		.uleb128 0x21
 360 0033 04       		.sleb128 4
 361 0034 3B       		.uleb128 0x3b
 362 0035 0B       		.uleb128 0xb
 363 0036 39       		.uleb128 0x39
 364 0037 0B       		.uleb128 0xb
 365 0038 49       		.uleb128 0x49
 366 0039 13       		.uleb128 0x13
 367 003a 00       		.byte	0
 368 003b 00       		.byte	0
 369 003c 05       		.uleb128 0x5
 370 003d 34       		.uleb128 0x34
 371 003e 00       		.byte	0
 372 003f 03       		.uleb128 0x3
 373 0040 08       		.uleb128 0x8
 374 0041 3A       		.uleb128 0x3a
 375 0042 21       		.uleb128 0x21
 376 0043 04       		.sleb128 4
 377 0044 3B       		.uleb128 0x3b
 378 0045 0B       		.uleb128 0xb
 379 0046 39       		.uleb128 0x39
 380 0047 0B       		.uleb128 0xb
 381 0048 49       		.uleb128 0x49
 382 0049 13       		.uleb128 0x13
 383 004a 00       		.byte	0
 384 004b 00       		.byte	0
 385 004c 06       		.uleb128 0x6
 386 004d 0D       		.uleb128 0xd
 387 004e 00       		.byte	0
 388 004f 03       		.uleb128 0x3
 389 0050 08       		.uleb128 0x8
 390 0051 3A       		.uleb128 0x3a
 391 0052 21       		.uleb128 0x21
 392 0053 02       		.sleb128 2
 393 0054 3B       		.uleb128 0x3b
 394 0055 0B       		.uleb128 0xb
 395 0056 39       		.uleb128 0x39
 396 0057 21       		.uleb128 0x21
 397 0058 19       		.sleb128 25
 398 0059 49       		.uleb128 0x49
 399 005a 13       		.uleb128 0x13
ARM GAS  /tmp/ccW0zVcb.s 			page 8


 400 005b 38       		.uleb128 0x38
 401 005c 0B       		.uleb128 0xb
 402 005d 00       		.byte	0
 403 005e 00       		.byte	0
 404 005f 07       		.uleb128 0x7
 405 0060 05       		.uleb128 0x5
 406 0061 00       		.byte	0
 407 0062 03       		.uleb128 0x3
 408 0063 0E       		.uleb128 0xe
 409 0064 3A       		.uleb128 0x3a
 410 0065 21       		.uleb128 0x21
 411 0066 04       		.sleb128 4
 412 0067 3B       		.uleb128 0x3b
 413 0068 0B       		.uleb128 0xb
 414 0069 39       		.uleb128 0x39
 415 006a 0B       		.uleb128 0xb
 416 006b 49       		.uleb128 0x49
 417 006c 13       		.uleb128 0x13
 418 006d 00       		.byte	0
 419 006e 00       		.byte	0
 420 006f 08       		.uleb128 0x8
 421 0070 35       		.uleb128 0x35
 422 0071 00       		.byte	0
 423 0072 49       		.uleb128 0x49
 424 0073 13       		.uleb128 0x13
 425 0074 00       		.byte	0
 426 0075 00       		.byte	0
 427 0076 09       		.uleb128 0x9
 428 0077 13       		.uleb128 0x13
 429 0078 01       		.byte	0x1
 430 0079 0B       		.uleb128 0xb
 431 007a 0B       		.uleb128 0xb
 432 007b 3A       		.uleb128 0x3a
 433 007c 21       		.uleb128 0x21
 434 007d 02       		.sleb128 2
 435 007e 3B       		.uleb128 0x3b
 436 007f 0B       		.uleb128 0xb
 437 0080 39       		.uleb128 0x39
 438 0081 0B       		.uleb128 0xb
 439 0082 01       		.uleb128 0x1
 440 0083 13       		.uleb128 0x13
 441 0084 00       		.byte	0
 442 0085 00       		.byte	0
 443 0086 0A       		.uleb128 0xa
 444 0087 0D       		.uleb128 0xd
 445 0088 00       		.byte	0
 446 0089 03       		.uleb128 0x3
 447 008a 08       		.uleb128 0x8
 448 008b 3A       		.uleb128 0x3a
 449 008c 21       		.uleb128 0x21
 450 008d 02       		.sleb128 2
 451 008e 3B       		.uleb128 0x3b
 452 008f 0B       		.uleb128 0xb
 453 0090 39       		.uleb128 0x39
 454 0091 0B       		.uleb128 0xb
 455 0092 49       		.uleb128 0x49
 456 0093 13       		.uleb128 0x13
ARM GAS  /tmp/ccW0zVcb.s 			page 9


 457 0094 00       		.byte	0
 458 0095 00       		.byte	0
 459 0096 0B       		.uleb128 0xb
 460 0097 11       		.uleb128 0x11
 461 0098 01       		.byte	0x1
 462 0099 25       		.uleb128 0x25
 463 009a 0E       		.uleb128 0xe
 464 009b 13       		.uleb128 0x13
 465 009c 0B       		.uleb128 0xb
 466 009d 03       		.uleb128 0x3
 467 009e 0E       		.uleb128 0xe
 468 009f 1B       		.uleb128 0x1b
 469 00a0 0E       		.uleb128 0xe
 470 00a1 10       		.uleb128 0x10
 471 00a2 17       		.uleb128 0x17
 472 00a3 00       		.byte	0
 473 00a4 00       		.byte	0
 474 00a5 0C       		.uleb128 0xc
 475 00a6 24       		.uleb128 0x24
 476 00a7 00       		.byte	0
 477 00a8 0B       		.uleb128 0xb
 478 00a9 0B       		.uleb128 0xb
 479 00aa 3E       		.uleb128 0x3e
 480 00ab 0B       		.uleb128 0xb
 481 00ac 03       		.uleb128 0x3
 482 00ad 08       		.uleb128 0x8
 483 00ae 00       		.byte	0
 484 00af 00       		.byte	0
 485 00b0 0D       		.uleb128 0xd
 486 00b1 17       		.uleb128 0x17
 487 00b2 01       		.byte	0x1
 488 00b3 0B       		.uleb128 0xb
 489 00b4 0B       		.uleb128 0xb
 490 00b5 3A       		.uleb128 0x3a
 491 00b6 0B       		.uleb128 0xb
 492 00b7 3B       		.uleb128 0x3b
 493 00b8 0B       		.uleb128 0xb
 494 00b9 39       		.uleb128 0x39
 495 00ba 0B       		.uleb128 0xb
 496 00bb 01       		.uleb128 0x1
 497 00bc 13       		.uleb128 0x13
 498 00bd 00       		.byte	0
 499 00be 00       		.byte	0
 500 00bf 0E       		.uleb128 0xe
 501 00c0 0F       		.uleb128 0xf
 502 00c1 00       		.byte	0
 503 00c2 0B       		.uleb128 0xb
 504 00c3 0B       		.uleb128 0xb
 505 00c4 49       		.uleb128 0x49
 506 00c5 13       		.uleb128 0x13
 507 00c6 00       		.byte	0
 508 00c7 00       		.byte	0
 509 00c8 0F       		.uleb128 0xf
 510 00c9 2E       		.uleb128 0x2e
 511 00ca 01       		.byte	0x1
 512 00cb 3F       		.uleb128 0x3f
 513 00cc 19       		.uleb128 0x19
ARM GAS  /tmp/ccW0zVcb.s 			page 10


 514 00cd 03       		.uleb128 0x3
 515 00ce 0E       		.uleb128 0xe
 516 00cf 3A       		.uleb128 0x3a
 517 00d0 0B       		.uleb128 0xb
 518 00d1 3B       		.uleb128 0x3b
 519 00d2 0B       		.uleb128 0xb
 520 00d3 39       		.uleb128 0x39
 521 00d4 0B       		.uleb128 0xb
 522 00d5 27       		.uleb128 0x27
 523 00d6 19       		.uleb128 0x19
 524 00d7 01       		.uleb128 0x1
 525 00d8 13       		.uleb128 0x13
 526 00d9 00       		.byte	0
 527 00da 00       		.byte	0
 528 00db 10       		.uleb128 0x10
 529 00dc 0B       		.uleb128 0xb
 530 00dd 01       		.byte	0x1
 531 00de 00       		.byte	0
 532 00df 00       		.byte	0
 533 00e0 11       		.uleb128 0x11
 534 00e1 2E       		.uleb128 0x2e
 535 00e2 00       		.byte	0
 536 00e3 3F       		.uleb128 0x3f
 537 00e4 19       		.uleb128 0x19
 538 00e5 03       		.uleb128 0x3
 539 00e6 0E       		.uleb128 0xe
 540 00e7 3A       		.uleb128 0x3a
 541 00e8 0B       		.uleb128 0xb
 542 00e9 3B       		.uleb128 0x3b
 543 00ea 0B       		.uleb128 0xb
 544 00eb 39       		.uleb128 0x39
 545 00ec 0B       		.uleb128 0xb
 546 00ed 27       		.uleb128 0x27
 547 00ee 19       		.uleb128 0x19
 548 00ef 00       		.byte	0
 549 00f0 00       		.byte	0
 550 00f1 00       		.byte	0
 551              		.section	.gnu.debuglto_.debug_line,"e",%progbits
 552              	.Ldebug_line0:
 553 0000 49000000 		.4byte	.LELT0-.LSLT0
 554              	.LSLT0:
 555 0004 0500     		.2byte	0x5
 556 0006 04       		.byte	0x4
 557 0007 00       		.byte	0
 558 0008 41000000 		.4byte	.LELTP0-.LASLTP0
 559              	.LASLTP0:
 560 000c 01       		.byte	0x1
 561 000d 01       		.byte	0x1
 562 000e 01       		.byte	0x1
 563 000f F6       		.byte	0xf6
 564 0010 F2       		.byte	0xf2
 565 0011 0D       		.byte	0xd
 566 0012 00       		.byte	0
 567 0013 01       		.byte	0x1
 568 0014 01       		.byte	0x1
 569 0015 01       		.byte	0x1
 570 0016 01       		.byte	0x1
ARM GAS  /tmp/ccW0zVcb.s 			page 11


 571 0017 00       		.byte	0
 572 0018 00       		.byte	0
 573 0019 00       		.byte	0
 574 001a 01       		.byte	0x1
 575 001b 00       		.byte	0
 576 001c 00       		.byte	0
 577 001d 01       		.byte	0x1
 578 001e 01       		.byte	0x1
 579 001f 01       		.uleb128 0x1
 580 0020 1F       		.uleb128 0x1f
 581 0021 03       		.uleb128 0x3
 582 0022 68000000 		.4byte	.LASF41
 583 0026 41000000 		.4byte	.LASF42
 584 002a 00000000 		.4byte	.LASF43
 585 002e 02       		.byte	0x2
 586 002f 01       		.uleb128 0x1
 587 0030 1F       		.uleb128 0x1f
 588 0031 02       		.uleb128 0x2
 589 0032 0B       		.uleb128 0xb
 590 0033 05       		.uleb128 0x5
 591 0034 C0000000 		.4byte	.LASF44
 592 0038 00       		.byte	0
 593 0039 38000000 		.4byte	.LASF45
 594 003d 02       		.byte	0x2
 595 003e F5000000 		.4byte	.LASF46
 596 0042 01       		.byte	0x1
 597 0043 2A000000 		.4byte	.LASF47
 598 0047 01       		.byte	0x1
 599 0048 B2000000 		.4byte	.LASF48
 600 004c 01       		.byte	0x1
 601              	.LELTP0:
 602              	.LELT0:
 603              		.section	.gnu.debuglto_.debug_str,"eMS",%progbits,1
 604              	.LASF1:
 605 0000 6C6F6E67 		.ascii	"long long int\000"
 605      206C6F6E 
 605      6720696E 
 605      7400
 606              	.LASF17:
 607 000e 4F535045 		.ascii	"OSPEEDR\000"
 607      45445200 
 608              	.LASF14:
 609 0016 636C6561 		.ascii	"clear\000"
 609      7200
 610              	.LASF15:
 611 001c 4D4F4445 		.ascii	"MODER\000"
 611      5200
 612              	.LASF40:
 613 0022 5F70616C 		.ascii	"_pal_lld_init\000"
 613      5F6C6C64 
 613      5F696E69 
 613      7400
 614              	.LASF38:
 615 0030 2F686F6D 		.ascii	"/home/mayank/chibios-workspace/ChibiOS/demos/STM32/"
 615      652F6D61 
 615      79616E6B 
 615      2F636869 
ARM GAS  /tmp/ccW0zVcb.s 			page 12


 615      62696F73 
 616 0063 52542D53 		.ascii	"RT-STM32F407-DISCOVERY\000"
 616      544D3332 
 616      46343037 
 616      2D444953 
 616      434F5645 
 617              	.LASF19:
 618 007a 42535252 		.ascii	"BSRR\000"
 618      00
 619              	.LASF16:
 620 007f 4F545950 		.ascii	"OTYPER\000"
 620      455200
 621              	.LASF31:
 622 0086 6F747970 		.ascii	"otyper\000"
 622      657200
 623              	.LASF24:
 624 008d 696F706F 		.ascii	"ioportmask_t\000"
 624      72746D61 
 624      736B5F74 
 624      00
 625              	.LASF25:
 626 009a 696F6D6F 		.ascii	"iomode_t\000"
 626      64655F74 
 626      00
 627              	.LASF37:
 628 00a3 2E2E2F2E 		.ascii	"../../../os/hal/ports/STM32/LLD/GPIOv2/hal_pal_lld."
 628      2E2F2E2E 
 628      2F6F732F 
 628      68616C2F 
 628      706F7274 
 629 00d6 6300     		.ascii	"c\000"
 630              	.LASF6:
 631 00d8 756E7369 		.ascii	"unsigned char\000"
 631      676E6564 
 631      20636861 
 631      7200
 632              	.LASF22:
 633 00e6 41465248 		.ascii	"AFRH\000"
 633      00
 634              	.LASF10:
 635 00eb 6C6F6E67 		.ascii	"long unsigned int\000"
 635      20756E73 
 635      69676E65 
 635      6420696E 
 635      7400
 636              	.LASF7:
 637 00fd 73686F72 		.ascii	"short unsigned int\000"
 637      7420756E 
 637      7369676E 
 637      65642069 
 637      6E7400
 638              	.LASF21:
 639 0110 4146524C 		.ascii	"AFRL\000"
 639      00
 640              	.LASF35:
 641 0115 616C7472 		.ascii	"altrmask\000"
 641      6D61736B 
ARM GAS  /tmp/ccW0zVcb.s 			page 13


 641      00
 642              	.LASF4:
 643 011e 73686F72 		.ascii	"short int\000"
 643      7420696E 
 643      7400
 644              	.LASF33:
 645 0128 70757064 		.ascii	"pupdr\000"
 645      7200
 646              	.LASF39:
 647 012e 5F70616C 		.ascii	"_pal_lld_setgroupmode\000"
 647      5F6C6C64 
 647      5F736574 
 647      67726F75 
 647      706D6F64 
 648              	.LASF0:
 649 0144 756E7369 		.ascii	"unsigned int\000"
 649      676E6564 
 649      20696E74 
 649      00
 650              	.LASF34:
 651 0151 616C7472 		.ascii	"altr\000"
 651      00
 652              	.LASF12:
 653 0156 63686172 		.ascii	"char\000"
 653      00
 654              	.LASF29:
 655 015b 6D6F6465 		.ascii	"mode\000"
 655      00
 656              	.LASF20:
 657 0160 4C4F434B 		.ascii	"LOCKR\000"
 657      5200
 658              	.LASF23:
 659 0166 73746D33 		.ascii	"stm32_gpio_t\000"
 659      325F6770 
 659      696F5F74 
 659      00
 660              	.LASF2:
 661 0173 6C6F6E67 		.ascii	"long double\000"
 661      20646F75 
 661      626C6500 
 662              	.LASF18:
 663 017f 50555044 		.ascii	"PUPDR\000"
 663      5200
 664              	.LASF32:
 665 0185 6F737065 		.ascii	"ospeedr\000"
 665      65647200 
 666              	.LASF28:
 667 018d 6D61736B 		.ascii	"mask\000"
 667      00
 668              	.LASF27:
 669 0192 706F7274 		.ascii	"port\000"
 669      00
 670              	.LASF36:
 671 0197 474E5520 		.ascii	"GNU C17 13.2.1 20231009 -mcpu=cortex-m4 -mthumb -mf"
 671      43313720 
 671      31332E32 
 671      2E312032 
ARM GAS  /tmp/ccW0zVcb.s 			page 14


 671      30323331 
 672 01ca 6C6F6174 		.ascii	"loat-abi=soft -march=armv7e-m -ggdb -O2 -fomit-fram"
 672      2D616269 
 672      3D736F66 
 672      74202D6D 
 672      61726368 
 673 01fd 652D706F 		.ascii	"e-pointer -falign-functions=16 -ffunction-sections "
 673      696E7465 
 673      72202D66 
 673      616C6967 
 673      6E2D6675 
 674 0230 2D666461 		.ascii	"-fdata-sections -fno-common -flto\000"
 674      74612D73 
 674      65637469 
 674      6F6E7320 
 674      2D666E6F 
 675              	.LASF26:
 676 0252 696F706F 		.ascii	"ioportid_t\000"
 676      72746964 
 676      5F7400
 677              	.LASF8:
 678 025d 75696E74 		.ascii	"uint16_t\000"
 678      31365F74 
 678      00
 679              	.LASF9:
 680 0266 75696E74 		.ascii	"uint32_t\000"
 680      33325F74 
 680      00
 681              	.LASF5:
 682 026f 6C6F6E67 		.ascii	"long int\000"
 682      20696E74 
 682      00
 683              	.LASF30:
 684 0278 6D6F6465 		.ascii	"moder\000"
 684      7200
 685              	.LASF3:
 686 027e 7369676E 		.ascii	"signed char\000"
 686      65642063 
 686      68617200 
 687              	.LASF13:
 688 028a 5F426F6F 		.ascii	"_Bool\000"
 688      6C00
 689              	.LASF11:
 690 0290 6C6F6E67 		.ascii	"long long unsigned int\000"
 690      206C6F6E 
 690      6720756E 
 690      7369676E 
 690      65642069 
 691              		.section	.gnu.debuglto_.debug_line_str,"eMS",%progbits,1
 692              	.LASF43:
 693 0000 2F757372 		.ascii	"/usr/lib/gcc/arm-none-eabi/13.2.1/include\000"
 693      2F6C6962 
 693      2F676363 
 693      2F61726D 
 693      2D6E6F6E 
 694              	.LASF47:
 695 002a 68616C5F 		.ascii	"hal_pal_lld.h\000"
ARM GAS  /tmp/ccW0zVcb.s 			page 15


 695      70616C5F 
 695      6C6C642E 
 695      6800
 696              	.LASF45:
 697 0038 73746469 		.ascii	"stdint.h\000"
 697      6E742E68 
 697      00
 698              	.LASF42:
 699 0041 2E2E2F2E 		.ascii	"../../../os/hal/ports/STM32/LLD/GPIOv2\000"
 699      2E2F2E2E 
 699      2F6F732F 
 699      68616C2F 
 699      706F7274 
 700              	.LASF41:
 701 0068 2F686F6D 		.ascii	"/home/mayank/chibios-workspace/ChibiOS/demos/STM32/"
 701      652F6D61 
 701      79616E6B 
 701      2F636869 
 701      62696F73 
 702 009b 52542D53 		.ascii	"RT-STM32F407-DISCOVERY\000"
 702      544D3332 
 702      46343037 
 702      2D444953 
 702      434F5645 
 703              	.LASF48:
 704 00b2 68616C5F 		.ascii	"hal_pal_lld.c\000"
 704      70616C5F 
 704      6C6C642E 
 704      6300
 705              	.LASF44:
 706 00c0 2E2E2F2E 		.ascii	"../../../os/hal/ports/STM32/LLD/GPIOv2/hal_pal_lld."
 706      2E2F2E2E 
 706      2F6F732F 
 706      68616C2F 
 706      706F7274 
 707 00f3 6300     		.ascii	"c\000"
 708              	.LASF46:
 709 00f5 73746D33 		.ascii	"stm32_gpio.h\000"
 709      325F6770 
 709      696F2E68 
 709      00
 710              		.text
 711              		.section	.gnu.lto_.profile.14783be74b4529a7,"e",%progbits
 712 0000 789C6362 		.ascii	"x\234cb\000\001\000\000\022\000\003"
 712      00010000 
 712      120003
 713              		.text
 714              		.section	.gnu.lto_.icf.14783be74b4529a7,"e",%progbits
 715 0000 789C8B60 		.ascii	"x\234\213`@\000&\206\177\017\277\336`g`<\370\375\345"
 715      40002686 
 715      7F0FBFDE 
 715      6067603C 
 715      F8FDE5
 716 0013 19161526 		.ascii	"\031\026\025&\006&Fj`\006\000~\327\007\376"
 716      0626466A 
 716      6006007E 
 716      D707FE
ARM GAS  /tmp/ccW0zVcb.s 			page 16


 717              		.text
 718              		.section	.gnu.lto_.ipa_sra.14783be74b4529a7,"e",%progbits
 719 0000 789C1361 		.ascii	"x\234\023a@\000&\006\006FFf \203\005&\302\310\000\000"
 719      40002606 
 719      06464666 
 719      20830526 
 719      C2C80000 
 720 0014 03440021 		.ascii	"\003D\000!"
 721              		.text
 722              		.section	.gnu.lto_.inline.14783be74b4529a7,"e",%progbits
 723 0000 789C458E 		.ascii	"x\234E\216-\016\302@\020\205\337\274\331,+\020(DO\300"
 723      2D0EC240 
 723      1085DFBC 
 723      D92C2B10 
 723      28444FC0 
 724 0014 1938CFD2 		.ascii	"\0318\317\322&\240\340\000\004\022\\\017\200$$\3246"
 724      26A0E000 
 724      04125C0F 
 724      802424D4 
 724      36
 725 0025 486882AC 		.ascii	"Hh\202\254A\220\364\010\240\220\010\016\300nW\3602\342"
 725      4190F408 
 725      A090080E 
 725      C06E57F0 
 725      32E2
 726 0037 9B2F999F 		.ascii	"\233/\231\237\032\377\020\320M\010\275\364\3156\360"
 726      1AFF10D0 
 726      4D08BDF4 
 726      CD36F0
 727 0046 1AB0C931 		.ascii	"\032\260\3111*@\360\300\353\335\356\270\020(\227\244"
 727      2A40F0C0 
 727      EBDDEEB8 
 727      102897A4 
 728 0056 9D08219E 		.ascii	"\235\010!\236\212@\312\025)\027IB\256Ba\034\033L\017"
 728      8A40CA15 
 728      29174942 
 728      AE42611C 
 728      1B4C0F
 729 0069 4DF7E41C 		.ascii	"M\367\344\034\030~\332\372\253y\3346\256\366\315\221"
 729      187EDAFA 
 729      AB79DC36 
 729      AEF6CD91 
 730 0079 0546E984 		.ascii	"\005F\351\204\316\034\021*\013|\326\302\301!\273w\345"
 730      CE1C112A 
 730      0B7CD6C2 
 730      C121BB77 
 730      E5
 731 008a 4D730303 		.ascii	"Ms\003\003{j\272R\275!L\377\007~\011Q&\226"
 731      7B6ABA52 
 731      BD214CFF 
 731      077E0951 
 731      2696
 732              		.text
 733              		.section	.gnu.lto_.jmpfuncs.14783be74b4529a7,"e",%progbits
 734 0000 789C1361 		.ascii	"x\234\023a@\000& fdfdd\264\257gb\254gb\251gbb\000\000"
 734      40002620 
 734      66646664 
ARM GAS  /tmp/ccW0zVcb.s 			page 17


 734      64B4AF67 
 734      62AC6762 
 735 001a 109001E7 		.ascii	"\020\220\001\347"
 736              		.text
 737              		.section	.gnu.lto_.pureconst.14783be74b4529a7,"e",%progbits
 738 0000 789C6367 		.ascii	"x\234cg```bh`a\234\305\002\000\0041\001-"
 738      60606062 
 738      6860619C 
 738      C5020004 
 738      31012D
 739              		.text
 740              		.section	.gnu.lto_.ipa_modref.14783be74b4529a7,"e",%progbits
 741 0000 789CB363 		.ascii	"x\234\263c@\000FFf\201=l`\026\023+\020\263101020(40"
 741      40004646 
 741      66813D6C 
 741      6016132B 
 741      10B33130 
 742 001b 02A90626 		.ascii	"\002\251\006&\205\003x$\330\030\000\234\267\005L"
 742      85037824 
 742      D818009C 
 742      B7054C
 743              		.text
 744              		.section	.gnu.lto_.lto.14783be74b4529a7,"e",%progbits
 745 0000 0D000000 		.ascii	"\015\000\000\000\001\000\000\000"
 745      01000000 
 746              		.text
 747              		.section	.gnu.lto__pal_lld_init.328.14783be74b4529a7,"e",%progbits
 748 0000 789CCB66 		.ascii	"x\234\313f``h\002be fdf`\2344\261\213\211\241\241\241"
 748      60606802 
 748      62652066 
 748      6466609C 
 748      34B18B89 
 749 0017 C1819D89 		.ascii	"\301\201\235\211\261qb\227 \343NF0\217\221\241\236\211"
 749      B1716297 
 749      20E34E46 
 749      308F91A1 
 749      9E89
 750 0029 B19E710D 		.ascii	"\261\236q\015\263>\220\373\343\364\271\205\2178\032"
 750      B33E90FB 
 750      E3F4B985 
 750      8F381A
 751 0038 1A5A25DE 		.ascii	"\032Z%\33600\3243@\0017\204\315\010\304\353/\261>h\370"
 751      3030D433 
 751      40013784 
 751      CD08C4EB 
 751      2FB13E68 
 752 004d F17F7E43 		.ascii	"\361\177~C\303\251>\306\3133\231\230\030\030V2\203\214"
 752      C3A93EC6 
 752      CB339998 
 752      18185632 
 752      838C
 753 005f 6D606164 		.ascii	"m`adX\305\314\004a5\036`\370\317\324\240\304\320\316"
 753      58C5CC04 
 753      61351E60 
 753      F8CFD4A0 
 753      C4D0CE
 754 0072 DCA40036 		.ascii	"\334\244\0006a%3#D\246\341\000\220\347\245\237\221\237"
ARM GAS  /tmp/ccW0zVcb.s 			page 18


 754      61253323 
 754      44A6E100 
 754      90E7A59F 
 754      919F
 755 0084 9BAA9F9B 		.ascii	"\233\252\237\233X\231\230\227\255\237\234\221\231\224"
 755      58999897 
 755      AD9F9C91 
 755      9994
 756 0092 995FAC5B 		.ascii	"\231_\254[\236_\224]\\\220\230\234\252\357\014\022\361"
 756      9E5F945D 
 756      5C90989C 
 756      AAEF0C12 
 756      F1
 757 00a3 0FD64F49 		.ascii	"\017\326OI\315\315/\326\017\016\36156\322\017\012\321"
 757      CDCD2FD6 
 757      0F0EF135 
 757      36D20F0A 
 757      D1
 758 00b4 0533DC4C 		.ascii	"\0053\334L\014\314u]<\203\235\375\303\\\203\"\031L\365"
 758      0CCC755D 
 758      3C839DFD 
 758      C35C8322 
 758      194CF5
 759 00c7 F4F42108 		.ascii	"\364\364!\010\2502#1G\277 \277\250\004\246\307\307\307"
 759      A8322331 
 759      47BF20BF 
 759      A804A6C7 
 759      C7C7
 760 00d9 45DF3DC0 		.ascii	"E\337=\300\323\277\314\010$\025_\000\30499)z\311\014"
 760      D3BFCC08 
 760      24155F00 
 760      C4393929 
 760      7AC90C
 761 00ec 009E4453 		.ascii	"\000\236DS@"
 761      40
 762              		.text
 763              		.section	.gnu.lto__pal_lld_setgroupmode.329.14783be74b4529a7,"e",%progbits
 764 0000 789C7D56 		.ascii	"x\234}V}LTW\026\277\347\236\367\346\203\201AEDE\371"
 764      7D4C5457 
 764      16BFE79E 
 764      F7E68381 
 764      41454445 
 765 0015 B06AFD60 		.ascii	"\260j\375`f\000\273\002\352\"\3663m@P\233&\375k\227"
 765      6600BB02 
 765      EA22F633 
 765      6D40509B 
 765      26FD6B97 
 766 0029 0AA94667 		.ascii	"\012\251Fg\207\202\273\3044]\237\3500\304\315\016\214"
 766      8782BBC4 
 766      345D9FE8 
 766      30C4CD0E 
 766      8C
 767 003a E50F6B5B 		.ascii	"\345\017k[\213%4b,\2556f\327]k\250\037h\265EP\251\355"
 767      8B253462 
 767      2CAD3666 
 767      D75D6BA8 
 767      1F68B545 
ARM GAS  /tmp/ccW0zVcb.s 			page 19


 768 0051 66BB5BCD 		.ascii	"f\273[\315\322\206\335\326R\243\215\262,\356\271\367"
 768      D286DDD6 
 768      52A38DB2 
 768      2CEEB9F7 
 769 0061 CE7B3C13 		.ascii	"\316{<\023\002\3417s\317\273\277s\316\357\236{\337="
 769      02E13773 
 769      CFBBBF73 
 769      CEEF9E7B 
 769      DF3D
 770 0073 E34F64EC 		.ascii	"\343Od\354\237\214\261\007\004Hf\2607\266\2073\3030"
 770      9F8CB107 
 770      044866B0 
 770      37B68733 
 770      C330
 771 0085 4A9C1C5E 		.ascii	"J\234\034^\217%\310\021\362\335\261?p\370\034\310\312"
 771      8F25C811 
 771      F2DDB13F 
 771      70F81CC8 
 771      CA
 772 0096 D2DE6AB9 		.ascii	"\322\336j\271\231\015_\250\261\306\3031\317\367\355"
 772      990D5FA8 
 772      B1C6C331 
 772      CFF7ED
 773 00a5 3752B537 		.ascii	"7R\2657ZnB\353\337\017,\321t\336\030\363\310\311H\314"
 773      5A6E42EB 
 773      DF0F2CD1 
 773      74DE18F3 
 773      C8C948CC 
 774 00b9 2BBF1DB0 		.ascii	"+\277\035\260o\357\273 #9\3050[\305w\301[4V\221J\234"
 774      6FEFBB20 
 774      2339C530 
 774      5BC577C1 
 774      5B345691 
 775 00cf 6EBEBFE5 		.ascii	"n\276\277\345\230\012\372&\205\222\203\004\301P\323"
 775      980AFA26 
 775      85928304 
 775      C150D3
 776 00de 1E49568E 		.ascii	"\036IV\216\211\374\355\226c\331$\247\2539\354\324\016"
 776      89FCED96 
 776      63D924A7 
 776      AB39ECD4 
 776      0E
 777 00ef 10FBCAF0 		.ascii	"\020\373\312\360H\241\226\004;c{\376\324?Gr\274\360"
 777      48A19604 
 777      3B637BFE 
 777      D43F4772 
 777      BCF0
 778 0101 FAD13DE7 		.ascii	"\372\321=\347O\374Z\032\300vp\324t\207\323\345N\360"
 778      4FFC5A1A 
 778      C07670D4 
 778      7487D3E5 
 778      4EF0
 779 0113 24267981 		.ascii	"$&y\201L\006\335\032d\312\017\026\377;\202\001\242\337"
 779      4C06DD1A 
 779      64CA0F16 
 779      FF3B8201 
 779      A2DF
ARM GAS  /tmp/ccW0zVcb.s 			page 20


 780 0125 BBD47BF0 		.ascii	"\273\324{\360\226\3130\3023\277gl\207\232\321\301\221"
 780      96CB30C2 
 780      33BF676C 
 780      879AD1C1 
 780      91
 781 0136 021A7DA6 		.ascii	"\002\032}\246B\226\016\256]\300|\335\206\321w\340\276"
 781      42960EAE 
 781      5DC07CDD 
 781      86D177E0 
 781      BE
 782 0147 614C63AF 		.ascii	"aLc\257\235\204\035\177\205\277\000c\034\232`\037\022"
 782      9D841D7F 
 782      85BF0063 
 782      1C9A601F 
 782      12
 783 0158 A14D1186 		.ascii	"\241M\021\206\357\364\034\311h\343\257\236\262\010\274"
 783      EFF41CC9 
 783      68E3AF9E 
 783      B208BC
 784 0167 09DA05A1 		.ascii	"\011\332\005\241#N\370\271\347=\"l\357\266\010\330\004"
 784      234EF8B9 
 784      E73D226C 
 784      EFB608D8 
 784      04
 785 0178 5D2812BA 		.ascii	"](\022\272\016\003}.\025\244\326H4\243\255aJ\375i\223"
 785      0E037D2E 
 785      15A4D648 
 785      34A3AD61 
 785      4AFD6993 
 786 018c C558130C 		.ascii	"\305X\023\014\2130]&\347\303\275\221f#kwV\375Y;gPp>"
 786      8B305D26 
 786      E7C3BD91 
 786      66236B77 
 786      56FD593B 
 787 01a4 B2382D71 		.ascii	"\2628-qN\217\235\3637\3019aq\306\032\025\347\202\235"
 787      4E8F9DF3 
 787      37C13961 
 787      71C61A15 
 787      E7829D
 788 01b7 7359703E 		.ascii	"sYp>\2618\243q\316E;\347\254\340\\\2608#q\316gv\316"
 788      B138A371 
 788      CE453BE7 
 788      ACE05CB0 
 788      382371CE 
 789 01ce 09F4B0CF 		.ascii	"\011\364\260\317\341\022|\012\347\341\034\234\001Q^"
 789      E1127C0A 
 789      E7E11C9C 
 789      01515E
 790 01dd 20B75E6B 		.ascii	" \267^k\251\373#\035r\251\227\355noR\345]\375&\247o"
 790      A9FB231D 
 790      72A997ED 
 790      6E6F52E5 
 790      5DFD26A7 
 791 01f2 F41E55BD 		.ascii	"\364\036U\275\244\276\337N\211\011\3125\213rGQ\256\332"
 791      A4BEDF4E 
 791      8909CA35 
 791      8B724751 
ARM GAS  /tmp/ccW0zVcb.s 			page 21


 791      AEDA
 792 0204 291141B9 		.ascii	")\021A\271nQ\372\024e\300N\031%}_\3005\270\002}\300"
 792      6E51FA14 
 792      65C04E19 
 792      257D5FC0 
 792      35B8027D 
 793 0219 485413FC 		.ascii	"HT\023\374\027i*\001>\003\270\010p\001\240\007\340,"
 793      17692A01 
 793      3E03B808 
 793      7001A007 
 793      E02C
 794 022b C0698001 		.ascii	"\300i\200\001\200\253\000\375\000\227\341\203+\3727"
 794      80AB00FD 
 794      0097E183 
 794      2BFA37
 795 023a C6BD07EF 		.ascii	"\306\275\007\357\030\306-\377\321KW;\371z`\\\347\004"
 795      18C62DFF 
 795      D14B573B 
 795      F97A605C 
 795      E704
 796 024c 2468049D 		.ascii	"$h\004\235\340 8\011.\306\035n\372N\240o\017!\221\306"
 796      E0203809 
 796      2EC61D6E 
 796      FA4EA06F 
 796      0F2191C6 
 797 0260 49042F21 		.ascii	"I\004/!\2310\2050\2250\215\220B\230NH%\314 \244\021"
 797      99308530 
 797      95308D90 
 797      42984E48 
 797      25CC20A4 
 798 0275 66126611 		.ascii	"f\022f\021f\023\322\011s\010s\011\031\204LB\026!\233"
 798      6613D209 
 798      73087309 
 798      19844C42 
 798      16219B
 799 0288 308FF008 		.ascii	"0\217\360\010a>a\001a!\341Q\302\"\302b\302\022\302R"
 799      613E6101 
 799      6121E151 
 799      C222C262 
 799      C212C252 
 800 029c 420EC1C7 		.ascii	"B\016\301\307\340\024\370\031-3\300h\241\271\214\226"
 800      E014F819 
 800      2D33C068 
 800      A1B98C96 
 801 02ac 9AC768B1 		.ascii	"\232\307h\261\371\214\326\272\034\240\033\012\304l\241"
 801      F98CD6BA 
 801      1CA01B0A 
 801      C46CA1
 802 02bb 982D12B3 		.ascii	"\230-\022\263+\304\354JF\305X\005\344[\314\250 \253"
 802      2BC4EC4A 
 802      46C55805 
 802      E45BCCA8 
 802      20AB
 803 02cd 1995A484 		.ascii	"\031\225\244\204QQ\3260*\313\343\000'\241TD.\023nk\205"
 803      5151D630 
 803      2ACBE300 
 803      27A15444 
ARM GAS  /tmp/ccW0zVcb.s 			page 22


 803      2E136E6B 
 804 02e2 5BB970AB 		.ascii	"[\271p\253\020\241\326\211\310\214u\"\033\0369T\010"
 804      10A1D689 
 804      C88C7522 
 804      1B1E3954 
 804      08
 805 02f3 EC307239 		.ascii	"\3540r9\330\331\315\036p\343\346\335?\"\333\205\273"
 805      D8D9CD1E 
 805      70E3E6DD 
 805      3F22DB85 
 805      BB
 806 0304 F645CE21 		.ascii	"\366E\316!\026\340r\307\"@z\336\220E\236X \031\367\025"
 806      16E072C7 
 806      22407ADE 
 806      90459E58 
 806      2019F715 
 807 0318 63ACF15C 		.ascii	"c\254\361\\\022\0021\376\301\200[.\205\010\344\002\312"
 807      120231FE 
 807      C1805B2E 
 807      8508E402 
 807      CA
 808 0329 E52260A1 		.ascii	"\345\"`\241t\371\237\3512\220\204\034\227\203\317\342"
 808      74F99FE9 
 808      3290841C 
 808      9783CFE2 
 809 0339 172187EB 		.ascii	"\027!\207\353q\372\005\300\"I?\030\035\317\200*\203"
 809      71FA05C0 
 809      22493F18 
 809      1DCF802A 
 809      83
 810 034a 6E79AC40 		.ascii	"ny\254@\264<z\000WH\217\016\323#\234\214\232\362pZ\036"
 810      B43C7A00 
 810      57488F0E 
 810      D3239C8C 
 810      9AF2705A 
 811 035f 2B51234D 		.ascii	"+Q#M\311\312\345,\340J\351\322\031\225\013k{\205\312"
 811      C9CAE52C 
 811      E04AE9D2 
 811      19950B6B 
 811      7B85CA
 812 0372 E1A897E7 		.ascii	"\341\250\227\347\3600\"]C\206\246j\321P\"*\205\3714"
 812      F030225D 
 812      4386A66A 
 812      D150222A 
 812      85F934
 813 0385 E422539E 		.ascii	"\344\"S\236\034\220\310\\9\240\305\005\344\200\012\343"
 813      1C90C85C 
 813      39A0C505 
 813      E4800AE3 
 814 0395 97835380 		.ascii	"\227\203S\200>\031\372\375h\012\335\221rx4\032W~\027"
 814      3E19FAFD 
 814      680ADD91 
 814      7278341A 
 814      577E17
 815 03a8 51471F7C 		.ascii	"QG\037|\005l\214\357\376\367\031\012\254\223(y\3075"
 815      056C8CEF 
 815      FEF7190A 
ARM GAS  /tmp/ccW0zVcb.s 			page 23


 815      AC932879 
 815      C735
 816 03ba A30F5771 		.ascii	"\243\017Wq\215a\251\267\353\335\376\251\344\332\214"
 816      8D61A9B7 
 816      EBDDFEA9 
 816      E4DA8C
 817 03c9 7E2CE05D 		.ascii	"~,\340]?~\003X\341\275\325\376\025=\010`!\357\025\017"
 817      3F7E0358 
 817      E1BDD5FE 
 817      153D0860 
 817      21EF150F 
 818 03dd CABC8DED 		.ascii	"\312\274\215\355d\347b\021\3776\204k\275]\355Cd\346"
 818      64E76211 
 818      FF36846B 
 818      BD5DED43 
 818      64E6
 819 03ef E10A1EBD 		.ascii	"\341\012\036\275M\323\345\336^\311\317\207\257\201\367"
 819      4DD3E5DE 
 819      5EC9CF87 
 819      AF81F7
 820 03fe 8A27EBBC 		.ascii	"\212'\353\274\321\367>\021\373\254\355\244\305qs\243"
 820      D1F73E11 
 820      FBACEDA4 
 820      C57173A3 
 821 040e 8F47D3A8 		.ascii	"\217G\323\250\003\310\341I\257\322\030v\243\003\363"
 821      03C8E149 
 821      AFD21876 
 821      A303F3
 822 041d 4996ACDD 		.ascii	"I\226\254\335\261\306\0017:\321A\266&\354\321\306\260"
 822      B1C60137 
 822      3AD141B6 
 822      26ECD1C6 
 822      B0
 823 042e 8EC5544D 		.ascii	"\216\305TM\247\252\344\000`\261t\277\021u\252\371AD"
 823      A7AAE400 
 823      60B174BF 
 823      1175AAF9 
 823      4144
 824 0440 17E450C5 		.ascii	"\027\344P\305va\303X\244\003q5\272\024\367*\340j\311"
 824      7661C358 
 824      A4037135 
 824      BA14F72A 
 824      E06AC9
 825 0453 1D8CC663 		.ascii	"\035\214\306c\017\352\350\226\271\270\345\233\000>t"
 825      0FEAE896 
 825      B9B8E59B 
 825      003E74
 826 0462 5BBE2598 		.ascii	"[\276%\230\240|\373\001K\244\357\220\231\207j\351\021"
 826      A07CFB01 
 826      4BA4EF90 
 826      99876AE9 
 826      11
 827 0473 5B9C8C4E 		.ascii	"[\234\214N\213\276\206n\020I\277\014\270F\322\177\220"
 827      8BBE866E 
 827      1049BF0C 
 827      B846D27F 
 827      90
ARM GAS  /tmp/ccW0zVcb.s 			page 24


 828 0484 F4D3A73A 		.ascii	"\364\323\247:Wa\"5\220\327\304\005tD\3644\327+#\277"
 828      57612235 
 828      90D7C405 
 828      7444F434 
 828      D72B23BF 
 829 0498 FF17B0E5 		.ascii	"\377\027\260\345\007i\030\032\204 m\001E\331\037\271"
 829      0769181A 
 829      84206D01 
 829      45D91FB9 
 830 04a8 EBC62492 		.ascii	"\353\306$\222)KAK\367b\"&\011\2535r\316\203\311d\007"
 830      294B414B 
 830      F7622226 
 830      09AB3572 
 830      CE83C964 
 831 04bd 44BCDB7B 		.ascii	"D\274\333{\006\364x\240C\351\366H\337\211H\230,s\377"
 831      06F478A0 
 831      43E9F648 
 831      DF894898 
 831      2C73FF
 832 04d0 349E7BCA 		.ascii	"4\236{\312DY\207`\213\2315\354\301\251\264@\231u\320"
 832      44598760 
 832      8B9935EC 
 832      C1A9B440 
 832      9975D0
 833 04e3 8DD3700A 		.ascii	"\215\323p\012NUY\007<\230Bv\356\244Y\377#\"a\212zw\307"
 833      4E555907 
 833      3C984276 
 833      EEA459FF 
 833      2322618A 
 834 04fa B34E9F28 		.ascii	"\263N\237(\353\017\260Yf\025\257\205\033S)\357t\225"
 834      EB0FB059 
 834      6615AF85 
 834      1B5329EF 
 834      7495
 835 050c E9B80767 		.ascii	"\351\270\007g\220\2357i\246\037\2057\316Pw\000e\242"
 835      909D3769 
 835      A61F8537 
 835      CE507700 
 835      65A2
 836 051e 733C74E6 		.ascii	"s<t\346\012\335\012pC\235\343\303\250\177\330\034\276"
 836      0ADD0A70 
 836      439DE3C3 
 836      A87FD81C 
 836      BE
 837 052f CECC13D6 		.ascii	"\316\314\023\326\321<K\220\276>s\223\336\"z\305\234"
 837      D13C4B90 
 837      BE3E7393 
 837      DE227AC5 
 837      9C
 838 0540 7196E3CB 		.ascii	"q\226\343\313\363\247\227\232\244\316\346t\245\371\227"
 838      F3A7979A 
 838      A4CEE674 
 838      A5F997
 839 054f 983691E6 		.ascii	"\2306\221\346\333\360\262Y)\252\316L\332[S\377,L\303"
 839      DBF0B259 
 839      29AACE4C 
 839      DA5B53FF 
ARM GAS  /tmp/ccW0zVcb.s 			page 25


 839      2C4CC3
 840 0562 9996FED9 		.ascii	"\231\226\376\331d\027+\375\203\226\376L{\244;\"\022"
 840      64172BFD 
 840      8396FE4C 
 840      7BA43B22 
 840      12
 841 0573 CE96129C 		.ascii	"\316\226\022\234v\011G\307%\244O$\341g\250\266I\230"
 841      760947C7 
 841      25A44F24 
 841      E167A8B6 
 841      4998
 842 0585 63933017 		.ascii	"c\2230\027\323q\216%!\203\354\311%\334\023\2210CJp="
 842      D3718E25 
 842      2183ECC9 
 842      25DC1391 
 842      30434A70 
 843 059a 54ABE354 		.ascii	"T\253\343T+\251\241\0303'\3220\002\033\315\255#\015"
 843      2BA9A118 
 843      3327D230 
 843      021BCDAD 
 843      230D
 844 05ac 59B47599 		.ascii	"Y\264u\231\326!\311&\333\257\362\336\265\362\316\265"
 844      D621C926 
 844      DBAFF2DE 
 844      B5F2CEB5 
 845 05bc 7B8F0A6F 		.ascii	"{\217\012o\314\226y\335}t\335\203\231wh<\357\274\211"
 845      CC9679DD 
 845      7D74DD83 
 845      9977683C 
 845      EFBC89
 846 05cf F28E3D94 		.ascii	"\362\216=\224\367\021\312;\317\312;\237\354\311\363"
 846      F711CA3B 
 846      CFCA3B9F 
 846      ECC9F3
 847 05de 1A5CE49D 		.ascii	"\032\\\344\235\257^G\373i\200a\363\310$\034\372\363"
 847      AF5E47FB 
 847      698061F3 
 847      C8241CFA 
 847      F3
 848 05ef C7D7AC32 		.ascii	"\307\327\2542\3744\276\025\013&\222\323\300\355\247"
 848      FC34BE15 
 848      0B2692D3 
 848      C0EDA7
 849 05fe 61A16D2B 		.ascii	"a\241m+\036\305\005\270\320\332\212EdO\276\025\273E"
 849      1EC505B8 
 849      D0DA8A45 
 849      644FBE15 
 849      BB45
 850 0610 245C2435 		.ascii	"$\\$5x\036\322p\177\\\303\342\21144r\373qXb\323\260"
 850      781ED270 
 850      7F5CC3E2 
 850      89343472 
 850      FB715862 
 851 0626 1417E312 		.ascii	"\024\027\343\022KC\016\331\223kh\022\2210GjH\264u\036"
 851      4B430ED9 
 851      936B6812 
 851      9130476A 
ARM GAS  /tmp/ccW0zVcb.s 			page 26


 851      48B4751E 
 852 063a 7A755A53 		.ascii	"zuZSE\007\221-\215.\267R\352\0349\352z\243&S\252^\234"
 852      4507912D 
 852      8D2EB752 
 852      EA1C39EA 
 852      7AA32653 
 853 0651 565DBD82 		.ascii	"V]\275\202\324JJ\035\257\252zR\240${7\177\277\325\311"
 853      D44A4A1D 
 853      AFAA7A52 
 853      A0247B37 
 853      7FBFD5C9 
 854 0665 22D8D0E6 		.ascii	"\"\330\320\346\210Ozc\341\353\347\321\234\375\250UW"
 854      884F7A63 
 854      E1EBE7D1 
 854      9CFDA855 
 854      57
 855 0676 172A35C9 		.ascii	"\027*5\3112\014\230)\250\263\225\251Ci\316\017 \256"
 855      320C9829 
 855      A8B395A9 
 855      4369CE0F 
 855      20AE
 856 0688 C55CF872 		.ascii	"\305\\\370r\274Q\257\225\204\023&\3418b9\346Y\004\352"
 856      BC51AF95 
 856      841326E1 
 856      386239E6 
 856      5904EA
 857 069b 96E592F0 		.ascii	"\226\345\222\360\261\215P\201~\213@=\263B\365\016E8"
 857      B18D5081 
 857      7E8B403D 
 857      B342F50E 
 857      4538
 858 06ad D018465C 		.ascii	"\320\030F\\'o\2118\203V\265.\336Lg1\361s\005\344\272"
 858      276F8938 
 858      8356B52E 
 858      DE4C6731 
 858      F17305E4 
 859 06c2 8C6E329E 		.ascii	"\214n2\236\013l\012\005\253\003\301\312\355\225\277"
 859      0B6C0A05 
 859      AB03C1CA 
 859      ED95BF
 860 06d1 D912D8B8 		.ascii	"\331\022\330\270i\363K\233Cu\276\372P\355\226\272\232"
 860      69F34B9B 
 860      4375BEFA 
 860      50ED96BA 
 860      9A
 861 06e2 CA8DD581 		.ascii	"\312\215\325\201'\304\223\362\015\201\252\352`\250."
 861      27C493F2 
 861      0D81AAEA 
 861      60A82E
 862 06f1 B0E1F9B2 		.ascii	"\260\341\371\262e\371\201\365\317\373\344\340\351\307"
 862      65F981F5 
 862      CFFBE4E0 
 862      E9C7
 863 06ff 720B7C4F 		.ascii	"r\013|O>\273\341\211\362\027\236Z\377\"\373\205\337"
 863      3EBBE189 
 863      F2179E5A 
 863      FF22FB85 
ARM GAS  /tmp/ccW0zVcb.s 			page 27


 863      DF
 864 0710 1F50FFC4 		.ascii	"\037P\377\304\334T\2715P\023\252\335f\372\224\226>\031"
 864      DC54B935 
 864      5013AADD 
 864      66FA9496 
 864      3E19
 865 0722 78A6E2D9 		.ascii	"x\246\342\331\362\337\345\213\251_\325\020\266n\255"
 865      F2DFE58B 
 865      A95FD510 
 865      B66EAD
 866 0731 F26F649A 		.ascii	"\362od\232`\245=\364\314_\265\254hYan\036M\006+\353"
 866      60A53DF4 
 866      CC5FB5AC 
 866      6859616E 
 866      1E4D062B 
 867 0746 B668C150 		.ascii	"\266h\301PU5\276\264y\233V\271u[\255^\363\333\232\252"
 867      5535BEB4 
 867      799B56B9 
 867      755BAD5E 
 867      F3DB9AAA 
 868 075a 5A67A8AE 		.ascii	"Zg\250\256\246\272\272\252\326\021\332\266\275\246\272"
 868      A6BABAAA 
 868      D611DAB6 
 868      BDA6BA
 869 0769 5617945A 		.ascii	"V\027\224Z\036|\214\007\363y0\317%\210\302\365\377\275"
 869      1E7C8C07 
 869      F37930CF 
 869      2588C2F5 
 869      FFBD
 870 077b 5E4007   		.ascii	"^@\007"
 871              		.text
 872              		.section	.gnu.lto_.symbol_nodes.14783be74b4529a7,"e",%progbits
 873 0000 789C3366 		.ascii	"x\2343f\000\002\246\023L\365\354\015@\300\3028\341\034"
 873      0002A613 
 873      4CF5EC0D 
 873      40C0C238 
 873      E11C
 874 0012 03433D03 		.ascii	"\003C=\003\303\256\011ML \211\223L\365\034\037~\255"
 874      C3AE094D 
 874      4C208993 
 874      4CF51C1F 
 874      7EAD
 875 0024 B0401367 		.ascii	"\260@\023g\000\000\232\\\017\000"
 875      00009A5C 
 875      0F00
 876              		.text
 877              		.section	.gnu.lto_.refs.14783be74b4529a7,"e",%progbits
 878 0000 789C6364 		.ascii	"x\234cd\000\002\000\000\012\000\002"
 878      00020000 
 878      0A0002
 879              		.text
 880              		.section	.gnu.lto_.decls.14783be74b4529a7,"e",%progbits
 881 0000 789C9D55 		.ascii	"x\234\235UkP[E\024\336s\023\322\345%A\255\322\321q\370"
 881      6B505B45 
 881      14DE7313 
 881      D2E52541 
 881      ADD2D171 
ARM GAS  /tmp/ccW0zVcb.s 			page 28


 882 0015 D70C3390 		.ascii	"\327\0143\220R\372\320\177\255@\037J\015\023Z\265?*"
 882      52FAD07F 
 882      AD401F4A 
 882      0D135AB5 
 882      3F2A
 883 0027 45882553 		.ascii	"E\210%S\322 I\253\216\177\366\206\020\242\2464aje\220"
 883      D22049AB 
 883      8E7FF686 
 883      10A2A634 
 883      616A6590 
 884 003b E9A45147 		.ascii	"\351\244QG\224i\215Sf\354C\312\025(E\354\203\276(\366"
 884      94698D53 
 884      66EC43CA 
 884      152845EC 
 884      83BE28F6 
 885 004f 650BB6C5 		.ascii	"e\013\266\305\202\202@[\012\245x67I\011\243\216\343"
 885      8282405B 
 885      0AA57836 
 885      374909A3 
 885      8EE3
 886 0061 9D7CF7EE 		.ascii	"\235|\367\356=\337\371\316\236sv\357f\257\212\220. "
 886      3DDFF9CE 
 886      9E7376EF 
 886      66AF8A90 
 886      2E20
 887 0073 841142A6 		.ascii	"\204\021B\246\361R\340\363\002\"\032q\0101\202\030C"
 887      F152E0F3 
 887      02221A71 
 887      08318218 
 887      43
 888 0084 1C43DC45 		.ascii	"\034C\334E\014!Z\020\223\210(\324\335C@\360=V $!h\037"
 888      0C215A10 
 888      938828D4 
 888      DD4340F0 
 888      3D562024 
 889 009b 09FA87B4 		.ascii	"\011\372\207\264\363\021\033f\350\373\0207\021\003\210"
 889      F3111B66 
 889      E8FB1037 
 889      110388
 890 00aa 5B881B88 		.ascii	"[\210\033\210~\204\352\011P\252\346B\262R\260\211W\246"
 890      7E84EA09 
 890      50AAE642 
 890      B252B089 
 890      57A6
 891 00bc 2051626C 		.ascii	" Qbl\234I\366h\315!8\210a\017#\250@\026\263\300\325"
 891      9C49F668 
 891      CD213888 
 891      610F23A8 
 891      4016B3C0 
 892 00d1 FB0CF99E 		.ascii	"\373\014\371\236ON\310\2628\024&\323\327\211J\003\274"
 892      4F4EC8B2 
 892      381426D3 
 892      D7894A03 
 892      BC
 893 00e2 8C047C12 		.ascii	"\214\004|\022\272\201(\205\346\341\326^\232p\215\207"
 893      BA812885 
 893      E6E1D65E 
ARM GAS  /tmp/ccW0zVcb.s 			page 29


 893      9A708D87 
 894 00f2 611F3C4E 		.ascii	"a\037<N\002aZ@\323\004?\200\004(J\242o\021ZB\350\333"
 894      02615A40 
 894      D3043F80 
 894      04284AA2 
 894      6F115A42 
 895 0108 E83B78EE 		.ascii	"\350;x\356\370\203\330\004\351\357}\251\205`bj\224\010"
 895      F883D804 
 895      E9EF7DA9 
 895      8560626A 
 895      9408
 896 011a 742B51CD 		.ascii	"t+Q\315\307y\024x'\364}T\016I\336\241x\256\034c\254"
 896      C7791478 
 896      27F47D54 
 896      0E49DEA1 
 896      78AE1C63 
 897 012f 228674C2 		.ascii	"\"\206t\302O@N\301\374&8\011'\200\332\201(U\203U\342"
 897      4F404EC1 
 897      FC263809 
 897      2780DA81 
 897      28558355 
 898 0144 9DB894A4 		.ascii	"\235\270\224\244\024\036\276ogC\345\033\236Jt\376\320"
 898      141EBE6F 
 898      6743E51B 
 898      9E4A74FE 
 898      D0
 899 0155 AFEE82D3 		.ascii	"\257\356\202\323p\026\002\022\222NH\006\301\312\354"
 899      70160212 
 899      924E4806 
 899      C1CAEC
 900 0164 88283901 		.ascii	"\210(9\001r\026\232\340\014\234\343\205\242\326?\321"
 900      72169AE0 
 900      0C9CE385 
 900      A2D63FD1 
 901 0174 5EC5926D 		.ascii	"^\305\222m.e\027\034\237)\353\344s|w\356\243\023\252"
 901      2E65171C 
 901      9F29EBE4 
 901      737C77EE 
 901      A313AA
 902 0187 94797C0E 		.ascii	"\224y|\016\377\230c\007K\266\273\224\035p\014\272A\016"
 902      FF986307 
 902      4BB6BB94 
 902      1D700CBA 
 902      410E
 903 0199 150A8FF5 		.ascii	"\025\012\217\365\261\350`\370n\014\177\036.\360\360"
 903      B1E860F8 
 903      6E0C7F1E 
 903      2EF0F0
 904 01a8 681D7ED0 		.ascii	"h\035~\320\036[/-?\013?F\212\224B\347\355}\037\323y"
 904      1E5B2F2D 
 904      3F0B3F46 
 904      8A9442E7 
 904      ED7D1FD3 
 905 01bd DE7F1463 		.ascii	"\336\177\024cc\324\324)\020\352\022\370\230R7\216w!"
 905      63D4D429 
 905      10EA12F8 
 905      9852378E 
ARM GAS  /tmp/ccW0zVcb.s 			page 30


 905      7721
 906 01cf 7623BE08 		.ascii	"v#\276\010\3304\330@I\240\015\002Q>\305\276\361^\230"
 906      D834D840 
 906      49A00D02 
 906      513EC5BE 
 906      F15E98
 907 01e2 93225F49 		.ascii	"\223\"_I\210\3538wO{\335s^\233Ch\205_`\340\321\354\207"
 907      88EB3877 
 907      4F7BDD73 
 907      5E9B4368 
 907      855F60E0 
 908 01f9 80EC41F6 		.ascii	"\200\354A\366a\373\010tH\313{\240=L\266\001\317\215"
 908      61FB0874 
 908      48CB7BA0 
 908      3D4CB601 
 908      CF8D
 909 020b 4B771E0B 		.ascii	"Kw\036\013I\373\302\354\021\010h\221\366_\0146\243\025"
 909      49FBC2EC 
 909      11086891 
 909      F65F0C36 
 909      A315
 910 021d AE86E9CB 		.ascii	"\256\206\351\313!\261\277\2722\3046G\210e\266;\254\275"
 910      21B1BFBA 
 910      32C43647 
 910      8865B63B 
 910      ACBD
 911 022f 36332B99 		.ascii	"63+\231\274\032&/\205\311\237a\306*F\223^\270\216\206"
 911      BC1A262F 
 911      85C99F61 
 911      C62A4693 
 911      5EB88E86 
 912 0243 01ECD46F 		.ascii	"\001\354\324o\360+\334\202A\270\015\277\303\015\370"
 912      F02BDC82 
 912      41B80DBF 
 912      C30DF8
 913 0252 03FAE126 		.ascii	"\003\372\341&\357\034\217s9\034\347JD\202\301\374\207"
 913      EF1C8F73 
 913      391CE74A 
 913      4482C1FC 
 913      87
 914 0263 C3F4C588 		.ascii	"\303\364\305\210i\202\264;\\\300\321\210\336 M\375\330"
 914      6982B43B 
 914      5CC0D188 
 914      DE204DFD 
 914      D8
 915 0274 6D61EC68 		.ascii	"ma\354h\271MH\212Li\010\376%'\2450qr\372\226\020\376"
 915      B94D488A 
 915      4C6908FE 
 915      2527A530 
 915      7172FA96 
 916 028a FE868351 		.ascii	"\376\206\203Q\377D\011\241M<\346\244\377\300@\302l\207"
 916      FF4409A1 
 916      4D3CE6A4 
 916      FFC040C2 
 916      6C87
 917 029c 11903D3A 		.ascii	"\021\220=:\270Gsu\375\247\212Y\337\323X\370{:\315]Z"
 917      B8477375 
ARM GAS  /tmp/ccW0zVcb.s 			page 31


 917      FDA78A59 
 917      DFD358F8 
 917      7B3ACD5D 
 918 02b1 AE8C9F89 		.ascii	"\256\214\237\211\236\345r7\344\242\024\246\372v\264"
 918      9EE57237 
 918      E4A214A6 
 918      FA76B4
 919 02c0 C48D0226 		.ascii	"\304\215\002&\355d\222\330F\231\317\276\2359X\233\010"
 919      ED6492D8 
 919      4699CFBE 
 919      9D39589B 
 919      08
 920 02d1 35EC00F3 		.ascii	"5\354\000\3636\272\266+j}mN\021\035\222|\345\007X\255"
 920      36BAB62B 
 920      6A7D6D4E 
 920      111D927C 
 920      E50758AD 
 921 02e5 7F636D2D 		.ascii	"\177cm-s\265\354q2/\200\015\315\222\250\252\305\007"
 921      73B5EC71 
 921      322F800D 
 921      CD92A8AA 
 921      C507
 922 02f7 7AB89258 		.ascii	"z\270\222X\035?5\034./\210\362\001\302\342Y#c\345\210"
 922      1D3F351C 
 922      2E2F88F2 
 922      01C2E259 
 922      2363E588 
 923 030b E45ABB5F 		.ascii	"\344Z\273_\022\261=]\340\375\314\201\314F\204[\274)"
 923      12B13D5D 
 923      E0FDCC81 
 923      CC46845B 
 923      BC29
 924 031d 56C60F8B 		.ascii	"V\306\017\213\375\354\023[\277;\271\234\361\211\034"
 924      FDEC135B 
 924      BF3BB99C 
 924      F1891C
 925 032c 0C6ABCE8 		.ascii	"\014j\274\350!9\230\340c\255\314\303\352\266?f\363\215"
 925      213998E0 
 925      63ADCCC3 
 925      EAB63F66 
 925      F38D
 926 033e EF156D76 		.ascii	"\357\025mv\352\366IN\217\267\215\251\305\336\243N\321"
 926      EAF6494E 
 926      8FB78DA9 
 926      C5DEA34E 
 926      D1
 927 034f C798BADA 		.ascii	"\307\230\272\332\213\251#\022E\236'B\355\301\233[jc"
 927      8BA92312 
 927      459E2742 
 927      EDC19B5B 
 927      6A63
 928 0361 89225F0C 		.ascii	"\211\"_\014\257\235%\262\026\311\351f\222\263\224\247"
 928      AF9D25B2 
 928      16C9E966 
 928      92B394A7 
 929 0371 E5410B70 		.ascii	"\345A\013p\037\017\223\230\332#[\250\350\225\234\354"
 929      1F0F9398 
ARM GAS  /tmp/ccW0zVcb.s 			page 32


 929      DA235BA8 
 929      E8959CEC 
 930 0381 7314EDC1 		.ascii	"s\024\355\301\001g\023=\327p\006\033\037\360\240\314"
 930      0167133D 
 930      D770061B 
 930      1FF0A0CC 
 931 0391 27B10AC6 		.ascii	"'\261\012\306h\3404\224k\023\202O\212\313\337\337\324"
 931      68E03494 
 931      6B13824F 
 931      8ACBDFDF 
 931      D4
 932 03a2 1C33C6DB 		.ascii	"\0343\306\333X\277O:\03482\201\314u/#\300\236T\323{"
 932      58BF4F3A 
 932      1C383281 
 932      CC752F23 
 932      C09E54D3 
 933 03b7 7C217A76 		.ascii	"|!zvu\357\207gY\340\004\323\014\312'\030\231\0042\032"
 933      75EF8767 
 933      59E004D3 
 933      0CCA2718 
 933      9904321A 
 934 03cb D80C9FD6 		.ascii	"\330\014\237\326N\373b5u5l\274\261\261\332\241\330\315"
 934      4EFB6235 
 934      75356CBC 
 934      B1B1DAA1 
 934      D8CD
 935 03dd 24DE5B3A 		.ascii	"$\336[:\011\023|\265\361\232\000r\037\306a\331\227J"
 935      09137CB5 
 935      F19A0072 
 935      1FC661D9 
 935      974A
 936 03ef 7A588182 		.ascii	"zX\201\202\203\373;O\305\363?\221;0\212\257\216\275"
 936      83FB3B4F 
 936      C5F33F91 
 936      3B308AAF 
 936      8EBD
 937 0401 470E52FE 		.ascii	"G\016R\376z\017\036\342\262^\252\370\266\012\222\202"
 937      7A0F1EE2 
 937      B25EAAF8 
 937      B60A9282 
 938 0411 6BA09073 		.ascii	"k\240\220s\026\232\344}w\276\247\243*!\202\033\2020"
 938      169AE47D 
 938      77BEA7A3 
 938      2A21821B 
 938      8230
 939 0423 696F7938 		.ascii	"ioy8\252\012\3579Q\2207\245M\340\334\327\254\376\253"
 939      AA0AEF39 
 939      519037A5 
 939      4DE0DCD7 
 939      ACFEAB
 940 0436 84D9DC08 		.ascii	"\204\331\334\010\310d\303\231\336S\201\004\312\205i"
 940      C864C399 
 940      DE538104 
 940      CA8569
 941 0445 BEAF3ADC 		.ascii	"\276\257:\334\015tv\265\025\002\261\007\234\367\335"
 941      0D7476B5 
 941      1502B107 
ARM GAS  /tmp/ccW0zVcb.s 			page 33


 941      9CF7DD
 942 0454 3FD2AFD0 		.ascii	"?\322\257\320\324\3240\377\010\377\356\002\245V\010"
 942      D4D430FF 
 942      08FFEE02 
 942      A55608
 943 0463 53C152A7 		.ascii	"S\301R\247\202\245\272\024dQZ\232V\376\231-\332\342"
 943      82A5BA14 
 943      64515A9A 
 943      56FE992D 
 943      DAE2
 944 0475 82126DA9 		.ascii	"\202\022m\251\271\314j\321\346\255]\223\261P\233\223"
 944      B9CC6AD1 
 944      E6AD5D93 
 944      B1509B93 
 945 0485 93A55D99 		.ascii	"\223\245]\231\273Z\267m!\247\362K\021%%Ei\205t\345+"
 945      BB5AB76D 
 945      21A7F24B 
 945      11252545 
 945      698574E5 
 946 049a EB9233D3 		.ascii	"\353\2223\323\227\222\247#\314iE\031/d<\277 \275\220"
 946      9792A723 
 946      CC694519 
 946      2F643CBF 
 946      20BD90
 947 04ad 2897AFD0 		.ascii	"(\227\257\320\347\320\255\306-\326\214\205\371\326\250"
 947      E7D0ADC6 
 947      2DD68C85 
 947      F9D6A8
 948 04bc 1C5DE6CB 		.ascii	"\034]\346\313z\345\213yz=\274\006\253\242\012K\014\005"
 948      7AE58B79 
 948      7A3DBC06 
 948      ABA20A4B 
 948      0C05
 949 04ce 6501367D 		.ascii	"e\0016}I\276Ua1X_\322\026\233M\006\255\251\340\275\202"
 949      49BE5561 
 949      31585FD2 
 949      169B4D06 
 949      ADA9E0BD 
 950 04e3 2D9BB585 		.ascii	"-\233\265\205\305\3067\215fK\352;\346\262\315\226\322"
 950      C5C6378D 
 950      664BEA3B 
 950      E6B2CD96 
 950      D2
 951 04f4 82428336 		.ascii	"\202B\2036\223[ty\332\"\203\311\034JN\277650X\261h\301"
 951      935B7479 
 951      DA2283C9 
 951      1C4A4EBF 
 951      36353058 
 952 050b D2D4ACD5 		.ascii	"\322\324\254\325y\231\272W\263\365\353\377sA\026\253"
 952      7999BA57 
 952      B3F5EBFF 
 952      734116AB 
 953 051b 0973DB54 		.ascii	"\011s\333Tj4\247\025\023\205.K\257X\235\245\217\312"
 953      6A34A715 
 953      13852E4B 
 953      AF589DA5 
 953      8FCA
ARM GAS  /tmp/ccW0zVcb.s 			page 34


 954 052d 5D979BA5 		.ascii	"]\227\233\245\237\243\313\313\315\316\316\322\253tk"
 954      9FA3CBCB 
 954      CDCECED2 
 954      AB746B
 955 053c D7E766EB 		.ascii	"\327\347f\353\243\326\350\262\262\365\274\244Uq\217"
 955      A3D6E8B2 
 955      B2F5BCA4 
 955      55718F
 956 054b 54F9D618 		.ascii	"T\371\326\030\243\231\3076\026\345[\251\321l2\027\031"
 956      A399C736 
 956      16E55BA9 
 956      D16C3217 
 956      19
 957 055c F2AD71B2 		.ascii	"\362\255q\262\315T`\331\214\225\245/!\321\005e\246m"
 957      CD5460D9 
 957      8C95A52F 
 957      21D10565 
 957      A66D
 958 056e 4B0DA926 		.ascii	"K\015\251&\022S\210\204\341\335T\323\"\022\037\352Y"
 958      12538884 
 958      E1DD54D3 
 958      22121FEA 
 958      59
 959 057f BE718BD1 		.ascii	"\276q\213\321\272\370\377,\001\231\033\216\201\375\333"
 959      BAF8FF2C 
 959      01991B8E 
 959      81FDDB
 960 058e 5466DE5A 		.ascii	"Tf\336Z\3123\370\013e\2342\021"
 960      CA33F80B 
 960      659C3211 
 961              		.text
 962              		.section	.gnu.lto_.symtab.14783be74b4529a7,"e",%progbits
 963 0000 5F70616C 		.ascii	"_pal_lld_init\000"
 963      5F6C6C64 
 963      5F696E69 
 963      7400
 964 000e 00       		.ascii	"\000"
 965 000f 00       		.ascii	"\000"
 966 0010 00       		.ascii	"\000"
 967 0011 00000000 		.ascii	"\000\000\000\000\000\000\000\000"
 967      00000000 
 968 0019 FB000000 		.ascii	"\373\000\000\000"
 969 001d 5F70616C 		.ascii	"_pal_lld_setgroupmode\000"
 969      5F6C6C64 
 969      5F736574 
 969      67726F75 
 969      706D6F64 
 970 0033 00       		.ascii	"\000"
 971 0034 00       		.ascii	"\000"
 972 0035 00       		.ascii	"\000"
 973 0036 00000000 		.ascii	"\000\000\000\000\000\000\000\000"
 973      00000000 
 974 003e 05010000 		.ascii	"\005\001\000\000"
 975              		.text
 976              		.section	.gnu.lto_.ext_symtab.14783be74b4529a7,"e",%progbits
 977 0000 01       		.ascii	"\001"
 978 0001 01       		.ascii	"\001"
ARM GAS  /tmp/ccW0zVcb.s 			page 35


 979 0002 00       		.ascii	"\000"
 980 0003 01       		.ascii	"\001"
 981 0004 00       		.ascii	"\000"
 982              		.text
 983              		.section	.gnu.lto_.opts,"e",%progbits
 984 0000 272D666E 		.ascii	"'-fno-openmp' '-fno-openacc' '-fno-pie' '-fcf-prote"
 984      6F2D6F70 
 984      656E6D70 
 984      2720272D 
 984      666E6F2D 
 985 0033 6374696F 		.ascii	"ction=none' '-g' '-mcpu=cortex-m4' '-mthumb' '-mflo"
 985      6E3D6E6F 
 985      6E652720 
 985      272D6727 
 985      20272D6D 
 986 0066 61742D61 		.ascii	"at-abi=soft' '-mlibarch=armv7e-m' '-march=armv7e-m'"
 986      62693D73 
 986      6F667427 
 986      20272D6D 
 986      6C696261 
 987 0099 20272D4F 		.ascii	" '-O2' '-fomit-frame-pointer' '-falign-functions=16"
 987      32272027 
 987      2D666F6D 
 987      69742D66 
 987      72616D65 
 988 00cc 2720272D 		.ascii	"' '-ffunction-sections' '-fdata-sections' '-fno-com"
 988      6666756E 
 988      6374696F 
 988      6E2D7365 
 988      6374696F 
 989 00ff 6D6F6E27 		.ascii	"mon' '-flto' '-Xassembler' '-alms=./build/lst/hal_p"
 989      20272D66 
 989      6C746F27 
 989      20272D58 
 989      61737365 
 990 0132 616C5F6C 		.ascii	"al_lld.lst'\000"
 990      6C642E6C 
 990      73742700 
 991              		.text
 992              		.comm	__gnu_lto_slim,1,1
 993              		.ident	"GCC: (15:13.2.rel1-2) 13.2.1 20231009"
ARM GAS  /tmp/ccW0zVcb.s 			page 36


DEFINED SYMBOLS
                            *ABS*:00000000 hal_pal_lld.c
     /tmp/ccW0zVcb.s:22     .gnu.debuglto_.debug_info:00000000 hal_pal_lld.c.d393801c
                            *COM*:00000001 __gnu_lto_slim

NO UNDEFINED SYMBOLS
