ARM GAS  /tmp/ccmikCwY.s 			page 1


   1              		.cpu cortex-m4
   2              		.arch armv7e-m
   3              		.fpu softvfp
   4              		.eabi_attribute 20, 1
   5              		.eabi_attribute 21, 1
   6              		.eabi_attribute 23, 3
   7              		.eabi_attribute 24, 1
   8              		.eabi_attribute 25, 1
   9              		.eabi_attribute 26, 1
  10              		.eabi_attribute 30, 2
  11              		.eabi_attribute 34, 1
  12              		.eabi_attribute 18, 4
  13              		.file	"nvic.c"
  14              		.file 1 "/usr/lib/gcc/arm-none-eabi/13.2.1/include/stdint.h"
  15              		.file 2 "../../../os/common/ext/ARM/CMSIS/Core/Include/core_cm4.h"
  16              		.file 3 "../../../os/hal/ports/common/ARMCMx/nvic.c"
  17              		.section	.gnu.debuglto_.debug_info,"e",%progbits
  18              	.Ldebug_info0:
  19              		.hidden	nvic.c.c7c1c591
  20              		.weak	nvic.c.c7c1c591
  21              	nvic.c.c7c1c591:
  22 0000 C3030000 		.4byte	0x3c3
  23 0004 0500     		.2byte	0x5
  24 0006 01       		.byte	0x1
  25 0007 04       		.byte	0x4
  26 0008 00000000 		.4byte	.Ldebug_abbrev0
  27 000c 0E       		.uleb128 0xe
  28 000d 54010000 		.4byte	.LASF47
  29 0011 1D       		.byte	0x1d
  30 0012 A7000000 		.4byte	.LASF48
  31 0016 27000000 		.4byte	.LASF49
  32 001a 00000000 		.4byte	.Ldebug_line0
  33 001e 0F       		.uleb128 0xf
  34 001f 04       		.byte	0x4
  35 0020 05       		.byte	0x5
  36 0021 696E7400 		.ascii	"int\000"
  37 0025 02       		.uleb128 0x2
  38 0026 04       		.byte	0x4
  39 0027 07       		.byte	0x7
  40 0028 1D020000 		.4byte	.LASF0
  41 002c 02       		.uleb128 0x2
  42 002d 08       		.byte	0x8
  43 002e 05       		.byte	0x5
  44 002f 6F020000 		.4byte	.LASF1
  45 0033 02       		.uleb128 0x2
  46 0034 08       		.byte	0x8
  47 0035 04       		.byte	0x4
  48 0036 B1020000 		.4byte	.LASF2
  49 003a 02       		.uleb128 0x2
  50 003b 01       		.byte	0x1
  51 003c 06       		.byte	0x6
  52 003d BD020000 		.4byte	.LASF3
  53 0041 02       		.uleb128 0x2
  54 0042 02       		.byte	0x2
  55 0043 05       		.byte	0x5
  56 0044 45010000 		.4byte	.LASF4
  57 0048 02       		.uleb128 0x2
ARM GAS  /tmp/ccmikCwY.s 			page 2


  58 0049 04       		.byte	0x4
  59 004a 05       		.byte	0x5
  60 004b A8020000 		.4byte	.LASF5
  61 004f 0C       		.uleb128 0xc
  62 0050 67020000 		.4byte	.LASF8
  63 0054 2E       		.byte	0x2e
  64 0055 18       		.byte	0x18
  65 0056 5F000000 		.4byte	0x5f
  66 005a 05       		.uleb128 0x5
  67 005b 4F000000 		.4byte	0x4f
  68 005f 02       		.uleb128 0x2
  69 0060 01       		.byte	0x1
  70 0061 08       		.byte	0x8
  71 0062 E9000000 		.4byte	.LASF6
  72 0066 02       		.uleb128 0x2
  73 0067 02       		.byte	0x2
  74 0068 07       		.byte	0x7
  75 0069 06010000 		.4byte	.LASF7
  76 006d 0C       		.uleb128 0xc
  77 006e 9F020000 		.4byte	.LASF9
  78 0072 34       		.byte	0x34
  79 0073 19       		.byte	0x19
  80 0074 82000000 		.4byte	0x82
  81 0078 05       		.uleb128 0x5
  82 0079 6D000000 		.4byte	0x6d
  83 007d 07       		.uleb128 0x7
  84 007e 78000000 		.4byte	0x78
  85 0082 02       		.uleb128 0x2
  86 0083 04       		.byte	0x4
  87 0084 07       		.byte	0x7
  88 0085 44020000 		.4byte	.LASF10
  89 0089 02       		.uleb128 0x2
  90 008a 08       		.byte	0x8
  91 008b 07       		.byte	0x7
  92 008c D2000000 		.4byte	.LASF11
  93 0090 10       		.uleb128 0x10
  94 0091 040E     		.2byte	0xe04
  95 0093 02       		.byte	0x2
  96 0094 9601     		.2byte	0x196
  97 0096 09       		.byte	0x9
  98 0097 42010000 		.4byte	0x142
  99 009b 01       		.uleb128 0x1
 100 009c 89020000 		.4byte	.LASF12
 101 00a0 9801     		.2byte	0x198
 102 00a2 52010000 		.4byte	0x152
 103 00a6 00       		.byte	0
 104 00a7 01       		.uleb128 0x1
 105 00a8 76000000 		.4byte	.LASF13
 106 00ac 9901     		.2byte	0x199
 107 00ae 57010000 		.4byte	0x157
 108 00b2 20       		.byte	0x20
 109 00b3 01       		.uleb128 0x1
 110 00b4 4F010000 		.4byte	.LASF14
 111 00b8 9A01     		.2byte	0x19a
 112 00ba 52010000 		.4byte	0x152
 113 00be 80       		.byte	0x80
 114 00bf 01       		.uleb128 0x1
ARM GAS  /tmp/ccmikCwY.s 			page 3


 115 00c0 56020000 		.4byte	.LASF15
 116 00c4 9B01     		.2byte	0x19b
 117 00c6 57010000 		.4byte	0x157
 118 00ca A0       		.byte	0xa0
 119 00cb 06       		.uleb128 0x6
 120 00cc 2A020000 		.4byte	.LASF16
 121 00d0 9C01     		.2byte	0x19c
 122 00d2 52010000 		.4byte	0x152
 123 00d6 0001     		.2byte	0x100
 124 00d8 06       		.uleb128 0x6
 125 00d9 F0020000 		.4byte	.LASF17
 126 00dd 9D01     		.2byte	0x19d
 127 00df 57010000 		.4byte	0x157
 128 00e3 2001     		.2byte	0x120
 129 00e5 06       		.uleb128 0x6
 130 00e6 05000000 		.4byte	.LASF18
 131 00ea 9E01     		.2byte	0x19e
 132 00ec 52010000 		.4byte	0x152
 133 00f0 8001     		.2byte	0x180
 134 00f2 06       		.uleb128 0x6
 135 00f3 80000000 		.4byte	.LASF19
 136 00f7 9F01     		.2byte	0x19f
 137 00f9 57010000 		.4byte	0x157
 138 00fd A001     		.2byte	0x1a0
 139 00ff 06       		.uleb128 0x6
 140 0100 E6020000 		.4byte	.LASF20
 141 0104 A001     		.2byte	0x1a0
 142 0106 52010000 		.4byte	0x152
 143 010a 0002     		.2byte	0x200
 144 010c 06       		.uleb128 0x6
 145 010d 8A000000 		.4byte	.LASF21
 146 0111 A101     		.2byte	0x1a1
 147 0113 67010000 		.4byte	0x167
 148 0117 2002     		.2byte	0x220
 149 0119 11       		.uleb128 0x11
 150 011a 495000   		.ascii	"IP\000"
 151 011d 02       		.byte	0x2
 152 011e A201     		.2byte	0x1a2
 153 0120 12       		.byte	0x12
 154 0121 87010000 		.4byte	0x187
 155 0125 0003     		.2byte	0x300
 156 0127 06       		.uleb128 0x6
 157 0128 94000000 		.4byte	.LASF22
 158 012c A301     		.2byte	0x1a3
 159 012e 8C010000 		.4byte	0x18c
 160 0132 F003     		.2byte	0x3f0
 161 0134 06       		.uleb128 0x6
 162 0135 01010000 		.4byte	.LASF23
 163 0139 A401     		.2byte	0x1a4
 164 013b 78000000 		.4byte	0x78
 165 013f 000E     		.2byte	0xe00
 166 0141 00       		.byte	0
 167 0142 03       		.uleb128 0x3
 168 0143 78000000 		.4byte	0x78
 169 0147 52010000 		.4byte	0x152
 170 014b 04       		.uleb128 0x4
 171 014c 25000000 		.4byte	0x25
ARM GAS  /tmp/ccmikCwY.s 			page 4


 172 0150 07       		.byte	0x7
 173 0151 00       		.byte	0
 174 0152 05       		.uleb128 0x5
 175 0153 42010000 		.4byte	0x142
 176 0157 03       		.uleb128 0x3
 177 0158 6D000000 		.4byte	0x6d
 178 015c 67010000 		.4byte	0x167
 179 0160 04       		.uleb128 0x4
 180 0161 25000000 		.4byte	0x25
 181 0165 17       		.byte	0x17
 182 0166 00       		.byte	0
 183 0167 03       		.uleb128 0x3
 184 0168 6D000000 		.4byte	0x6d
 185 016c 77010000 		.4byte	0x177
 186 0170 04       		.uleb128 0x4
 187 0171 25000000 		.4byte	0x25
 188 0175 37       		.byte	0x37
 189 0176 00       		.byte	0
 190 0177 03       		.uleb128 0x3
 191 0178 5A000000 		.4byte	0x5a
 192 017c 87010000 		.4byte	0x187
 193 0180 04       		.uleb128 0x4
 194 0181 25000000 		.4byte	0x25
 195 0185 EF       		.byte	0xef
 196 0186 00       		.byte	0
 197 0187 05       		.uleb128 0x5
 198 0188 77010000 		.4byte	0x177
 199 018c 03       		.uleb128 0x3
 200 018d 6D000000 		.4byte	0x6d
 201 0191 9D010000 		.4byte	0x19d
 202 0195 12       		.uleb128 0x12
 203 0196 25000000 		.4byte	0x25
 204 019a 8302     		.2byte	0x283
 205 019c 00       		.byte	0
 206 019d 0D       		.uleb128 0xd
 207 019e F7000000 		.4byte	.LASF24
 208 01a2 A501     		.2byte	0x1a5
 209 01a4 04       		.byte	0x4
 210 01a5 90000000 		.4byte	0x90
 211 01a9 13       		.uleb128 0x13
 212 01aa 8C       		.byte	0x8c
 213 01ab 02       		.byte	0x2
 214 01ac B801     		.2byte	0x1b8
 215 01ae 09       		.byte	0x9
 216 01af B0020000 		.4byte	0x2b0
 217 01b3 01       		.uleb128 0x1
 218 01b4 7D020000 		.4byte	.LASF25
 219 01b8 BA01     		.2byte	0x1ba
 220 01ba 7D000000 		.4byte	0x7d
 221 01be 00       		.byte	0
 222 01bf 01       		.uleb128 0x1
 223 01c0 39020000 		.4byte	.LASF26
 224 01c4 BB01     		.2byte	0x1bb
 225 01c6 78000000 		.4byte	0x78
 226 01ca 04       		.byte	0x4
 227 01cb 01       		.uleb128 0x1
 228 01cc 71000000 		.4byte	.LASF27
ARM GAS  /tmp/ccmikCwY.s 			page 5


 229 01d0 BC01     		.2byte	0x1bc
 230 01d2 78000000 		.4byte	0x78
 231 01d6 08       		.byte	0x8
 232 01d7 01       		.uleb128 0x1
 233 01d8 3E020000 		.4byte	.LASF28
 234 01dc BD01     		.2byte	0x1bd
 235 01de 78000000 		.4byte	0x78
 236 01e2 0C       		.byte	0xc
 237 01e3 08       		.uleb128 0x8
 238 01e4 53435200 		.ascii	"SCR\000"
 239 01e8 BE01     		.2byte	0x1be
 240 01ea 78000000 		.4byte	0x78
 241 01ee 10       		.byte	0x10
 242 01ef 08       		.uleb128 0x8
 243 01f0 43435200 		.ascii	"CCR\000"
 244 01f4 BF01     		.2byte	0x1bf
 245 01f6 78000000 		.4byte	0x78
 246 01fa 14       		.byte	0x14
 247 01fb 08       		.uleb128 0x8
 248 01fc 53485000 		.ascii	"SHP\000"
 249 0200 C001     		.2byte	0x1c0
 250 0202 C0020000 		.4byte	0x2c0
 251 0206 18       		.byte	0x18
 252 0207 01       		.uleb128 0x1
 253 0208 99020000 		.4byte	.LASF29
 254 020c C101     		.2byte	0x1c1
 255 020e 78000000 		.4byte	0x78
 256 0212 24       		.byte	0x24
 257 0213 01       		.uleb128 0x1
 258 0214 19010000 		.4byte	.LASF30
 259 0218 C201     		.2byte	0x1c2
 260 021a 78000000 		.4byte	0x78
 261 021e 28       		.byte	0x28
 262 021f 01       		.uleb128 0x1
 263 0220 2F010000 		.4byte	.LASF31
 264 0224 C301     		.2byte	0x1c3
 265 0226 78000000 		.4byte	0x78
 266 022a 2C       		.byte	0x2c
 267 022b 01       		.uleb128 0x1
 268 022c 2F020000 		.4byte	.LASF32
 269 0230 C401     		.2byte	0x1c4
 270 0232 78000000 		.4byte	0x78
 271 0236 30       		.byte	0x30
 272 0237 01       		.uleb128 0x1
 273 0238 93020000 		.4byte	.LASF33
 274 023c C501     		.2byte	0x1c5
 275 023e 78000000 		.4byte	0x78
 276 0242 34       		.byte	0x34
 277 0243 01       		.uleb128 0x1
 278 0244 EB020000 		.4byte	.LASF34
 279 0248 C601     		.2byte	0x1c6
 280 024a 78000000 		.4byte	0x78
 281 024e 38       		.byte	0x38
 282 024f 01       		.uleb128 0x1
 283 0250 8E020000 		.4byte	.LASF35
 284 0254 C701     		.2byte	0x1c7
 285 0256 78000000 		.4byte	0x78
ARM GAS  /tmp/ccmikCwY.s 			page 6


 286 025a 3C       		.byte	0x3c
 287 025b 08       		.uleb128 0x8
 288 025c 50465200 		.ascii	"PFR\000"
 289 0260 C801     		.2byte	0x1c8
 290 0262 DA020000 		.4byte	0x2da
 291 0266 40       		.byte	0x40
 292 0267 08       		.uleb128 0x8
 293 0268 44465200 		.ascii	"DFR\000"
 294 026c C901     		.2byte	0x1c9
 295 026e 7D000000 		.4byte	0x7d
 296 0272 48       		.byte	0x48
 297 0273 08       		.uleb128 0x8
 298 0274 41445200 		.ascii	"ADR\000"
 299 0278 CA01     		.2byte	0x1ca
 300 027a 7D000000 		.4byte	0x7d
 301 027e 4C       		.byte	0x4c
 302 027f 01       		.uleb128 0x1
 303 0280 0A000000 		.4byte	.LASF36
 304 0284 CB01     		.2byte	0x1cb
 305 0286 F4020000 		.4byte	0x2f4
 306 028a 50       		.byte	0x50
 307 028b 01       		.uleb128 0x1
 308 028c 0F020000 		.4byte	.LASF37
 309 0290 CC01     		.2byte	0x1cc
 310 0292 0E030000 		.4byte	0x30e
 311 0296 60       		.byte	0x60
 312 0297 01       		.uleb128 0x1
 313 0298 76000000 		.4byte	.LASF13
 314 029c CD01     		.2byte	0x1cd
 315 029e 13030000 		.4byte	0x313
 316 02a2 74       		.byte	0x74
 317 02a3 01       		.uleb128 0x1
 318 02a4 83020000 		.4byte	.LASF38
 319 02a8 CE01     		.2byte	0x1ce
 320 02aa 78000000 		.4byte	0x78
 321 02ae 88       		.byte	0x88
 322 02af 00       		.byte	0
 323 02b0 03       		.uleb128 0x3
 324 02b1 5A000000 		.4byte	0x5a
 325 02b5 C0020000 		.4byte	0x2c0
 326 02b9 04       		.uleb128 0x4
 327 02ba 25000000 		.4byte	0x25
 328 02be 0B       		.byte	0xb
 329 02bf 00       		.byte	0
 330 02c0 05       		.uleb128 0x5
 331 02c1 B0020000 		.4byte	0x2b0
 332 02c5 03       		.uleb128 0x3
 333 02c6 7D000000 		.4byte	0x7d
 334 02ca D5020000 		.4byte	0x2d5
 335 02ce 04       		.uleb128 0x4
 336 02cf 25000000 		.4byte	0x25
 337 02d3 01       		.byte	0x1
 338 02d4 00       		.byte	0
 339 02d5 07       		.uleb128 0x7
 340 02d6 C5020000 		.4byte	0x2c5
 341 02da 05       		.uleb128 0x5
 342 02db D5020000 		.4byte	0x2d5
ARM GAS  /tmp/ccmikCwY.s 			page 7


 343 02df 03       		.uleb128 0x3
 344 02e0 7D000000 		.4byte	0x7d
 345 02e4 EF020000 		.4byte	0x2ef
 346 02e8 04       		.uleb128 0x4
 347 02e9 25000000 		.4byte	0x25
 348 02ed 03       		.byte	0x3
 349 02ee 00       		.byte	0
 350 02ef 07       		.uleb128 0x7
 351 02f0 DF020000 		.4byte	0x2df
 352 02f4 05       		.uleb128 0x5
 353 02f5 EF020000 		.4byte	0x2ef
 354 02f9 03       		.uleb128 0x3
 355 02fa 7D000000 		.4byte	0x7d
 356 02fe 09030000 		.4byte	0x309
 357 0302 04       		.uleb128 0x4
 358 0303 25000000 		.4byte	0x25
 359 0307 04       		.byte	0x4
 360 0308 00       		.byte	0
 361 0309 07       		.uleb128 0x7
 362 030a F9020000 		.4byte	0x2f9
 363 030e 05       		.uleb128 0x5
 364 030f 09030000 		.4byte	0x309
 365 0313 03       		.uleb128 0x3
 366 0314 6D000000 		.4byte	0x6d
 367 0318 23030000 		.4byte	0x323
 368 031c 04       		.uleb128 0x4
 369 031d 25000000 		.4byte	0x25
 370 0321 04       		.byte	0x4
 371 0322 00       		.byte	0
 372 0323 0D       		.uleb128 0xd
 373 0324 14020000 		.4byte	.LASF39
 374 0328 CF01     		.2byte	0x1cf
 375 032a 03       		.byte	0x3
 376 032b A9010000 		.4byte	0x1a9
 377 032f 02       		.uleb128 0x2
 378 0330 01       		.byte	0x1
 379 0331 08       		.byte	0x8
 380 0332 34020000 		.4byte	.LASF40
 381 0336 07       		.uleb128 0x7
 382 0337 2F030000 		.4byte	0x32f
 383 033b 02       		.uleb128 0x2
 384 033c 01       		.byte	0x1
 385 033d 02       		.byte	0x2
 386 033e 0F000000 		.4byte	.LASF41
 387 0342 09       		.uleb128 0x9
 388 0343 34010000 		.4byte	.LASF42
 389 0347 6D       		.byte	0x6d
 390 0348 56030000 		.4byte	0x356
 391 034c 0A       		.uleb128 0xa
 392 034d 6E00     		.ascii	"n\000"
 393 034f 6D       		.byte	0x6d
 394 0350 20       		.byte	0x20
 395 0351 6D000000 		.4byte	0x6d
 396 0355 00       		.byte	0
 397 0356 09       		.uleb128 0x9
 398 0357 C9020000 		.4byte	.LASF43
 399 035b 5A       		.byte	0x5a
ARM GAS  /tmp/ccmikCwY.s 			page 8


 400 035c 80030000 		.4byte	0x380
 401 0360 0B       		.uleb128 0xb
 402 0361 5F020000 		.4byte	.LASF44
 403 0365 5A       		.byte	0x5a
 404 0366 2C       		.byte	0x2c
 405 0367 6D000000 		.4byte	0x6d
 406 036b 0B       		.uleb128 0xb
 407 036c 00000000 		.4byte	.LASF45
 408 0370 5A       		.byte	0x5a
 409 0371 3E       		.byte	0x3e
 410 0372 6D000000 		.4byte	0x6d
 411 0376 14       		.uleb128 0x14
 412 0377 9E000000 		.4byte	.LASF50
 413 037b 90030000 		.4byte	0x390
 414 037f 00       		.byte	0
 415 0380 03       		.uleb128 0x3
 416 0381 36030000 		.4byte	0x336
 417 0385 90030000 		.4byte	0x390
 418 0389 04       		.uleb128 0x4
 419 038a 25000000 		.4byte	0x25
 420 038e 1C       		.byte	0x1c
 421 038f 00       		.byte	0
 422 0390 07       		.uleb128 0x7
 423 0391 80030000 		.4byte	0x380
 424 0395 09       		.uleb128 0x9
 425 0396 15000000 		.4byte	.LASF46
 426 039a 4A       		.byte	0x4a
 427 039b A9030000 		.4byte	0x3a9
 428 039f 0A       		.uleb128 0xa
 429 03a0 6E00     		.ascii	"n\000"
 430 03a2 4A       		.byte	0x4a
 431 03a3 21       		.byte	0x21
 432 03a4 6D000000 		.4byte	0x6d
 433 03a8 00       		.byte	0
 434 03a9 15       		.uleb128 0x15
 435 03aa 1E010000 		.4byte	.LASF51
 436 03ae 03       		.byte	0x3
 437 03af 39       		.byte	0x39
 438 03b0 06       		.byte	0x6
 439 03b1 0A       		.uleb128 0xa
 440 03b2 6E00     		.ascii	"n\000"
 441 03b4 39       		.byte	0x39
 442 03b5 20       		.byte	0x20
 443 03b6 6D000000 		.4byte	0x6d
 444 03ba 0B       		.uleb128 0xb
 445 03bb 00000000 		.4byte	.LASF45
 446 03bf 39       		.byte	0x39
 447 03c0 2C       		.byte	0x2c
 448 03c1 6D000000 		.4byte	0x6d
 449 03c5 00       		.byte	0
 450 03c6 00       		.byte	0
 451              		.section	.gnu.debuglto_.debug_abbrev,"e",%progbits
 452              	.Ldebug_abbrev0:
 453 0000 01       		.uleb128 0x1
 454 0001 0D       		.uleb128 0xd
 455 0002 00       		.byte	0
 456 0003 03       		.uleb128 0x3
ARM GAS  /tmp/ccmikCwY.s 			page 9


 457 0004 0E       		.uleb128 0xe
 458 0005 3A       		.uleb128 0x3a
 459 0006 21       		.uleb128 0x21
 460 0007 02       		.sleb128 2
 461 0008 3B       		.uleb128 0x3b
 462 0009 05       		.uleb128 0x5
 463 000a 39       		.uleb128 0x39
 464 000b 21       		.uleb128 0x21
 465 000c 12       		.sleb128 18
 466 000d 49       		.uleb128 0x49
 467 000e 13       		.uleb128 0x13
 468 000f 38       		.uleb128 0x38
 469 0010 0B       		.uleb128 0xb
 470 0011 00       		.byte	0
 471 0012 00       		.byte	0
 472 0013 02       		.uleb128 0x2
 473 0014 24       		.uleb128 0x24
 474 0015 00       		.byte	0
 475 0016 0B       		.uleb128 0xb
 476 0017 0B       		.uleb128 0xb
 477 0018 3E       		.uleb128 0x3e
 478 0019 0B       		.uleb128 0xb
 479 001a 03       		.uleb128 0x3
 480 001b 0E       		.uleb128 0xe
 481 001c 00       		.byte	0
 482 001d 00       		.byte	0
 483 001e 03       		.uleb128 0x3
 484 001f 01       		.uleb128 0x1
 485 0020 01       		.byte	0x1
 486 0021 49       		.uleb128 0x49
 487 0022 13       		.uleb128 0x13
 488 0023 01       		.uleb128 0x1
 489 0024 13       		.uleb128 0x13
 490 0025 00       		.byte	0
 491 0026 00       		.byte	0
 492 0027 04       		.uleb128 0x4
 493 0028 21       		.uleb128 0x21
 494 0029 00       		.byte	0
 495 002a 49       		.uleb128 0x49
 496 002b 13       		.uleb128 0x13
 497 002c 2F       		.uleb128 0x2f
 498 002d 0B       		.uleb128 0xb
 499 002e 00       		.byte	0
 500 002f 00       		.byte	0
 501 0030 05       		.uleb128 0x5
 502 0031 35       		.uleb128 0x35
 503 0032 00       		.byte	0
 504 0033 49       		.uleb128 0x49
 505 0034 13       		.uleb128 0x13
 506 0035 00       		.byte	0
 507 0036 00       		.byte	0
 508 0037 06       		.uleb128 0x6
 509 0038 0D       		.uleb128 0xd
 510 0039 00       		.byte	0
 511 003a 03       		.uleb128 0x3
 512 003b 0E       		.uleb128 0xe
 513 003c 3A       		.uleb128 0x3a
ARM GAS  /tmp/ccmikCwY.s 			page 10


 514 003d 21       		.uleb128 0x21
 515 003e 02       		.sleb128 2
 516 003f 3B       		.uleb128 0x3b
 517 0040 05       		.uleb128 0x5
 518 0041 39       		.uleb128 0x39
 519 0042 21       		.uleb128 0x21
 520 0043 12       		.sleb128 18
 521 0044 49       		.uleb128 0x49
 522 0045 13       		.uleb128 0x13
 523 0046 38       		.uleb128 0x38
 524 0047 05       		.uleb128 0x5
 525 0048 00       		.byte	0
 526 0049 00       		.byte	0
 527 004a 07       		.uleb128 0x7
 528 004b 26       		.uleb128 0x26
 529 004c 00       		.byte	0
 530 004d 49       		.uleb128 0x49
 531 004e 13       		.uleb128 0x13
 532 004f 00       		.byte	0
 533 0050 00       		.byte	0
 534 0051 08       		.uleb128 0x8
 535 0052 0D       		.uleb128 0xd
 536 0053 00       		.byte	0
 537 0054 03       		.uleb128 0x3
 538 0055 08       		.uleb128 0x8
 539 0056 3A       		.uleb128 0x3a
 540 0057 21       		.uleb128 0x21
 541 0058 02       		.sleb128 2
 542 0059 3B       		.uleb128 0x3b
 543 005a 05       		.uleb128 0x5
 544 005b 39       		.uleb128 0x39
 545 005c 21       		.uleb128 0x21
 546 005d 12       		.sleb128 18
 547 005e 49       		.uleb128 0x49
 548 005f 13       		.uleb128 0x13
 549 0060 38       		.uleb128 0x38
 550 0061 0B       		.uleb128 0xb
 551 0062 00       		.byte	0
 552 0063 00       		.byte	0
 553 0064 09       		.uleb128 0x9
 554 0065 2E       		.uleb128 0x2e
 555 0066 01       		.byte	0x1
 556 0067 3F       		.uleb128 0x3f
 557 0068 19       		.uleb128 0x19
 558 0069 03       		.uleb128 0x3
 559 006a 0E       		.uleb128 0xe
 560 006b 3A       		.uleb128 0x3a
 561 006c 21       		.uleb128 0x21
 562 006d 03       		.sleb128 3
 563 006e 3B       		.uleb128 0x3b
 564 006f 0B       		.uleb128 0xb
 565 0070 39       		.uleb128 0x39
 566 0071 21       		.uleb128 0x21
 567 0072 06       		.sleb128 6
 568 0073 27       		.uleb128 0x27
 569 0074 19       		.uleb128 0x19
 570 0075 01       		.uleb128 0x1
ARM GAS  /tmp/ccmikCwY.s 			page 11


 571 0076 13       		.uleb128 0x13
 572 0077 00       		.byte	0
 573 0078 00       		.byte	0
 574 0079 0A       		.uleb128 0xa
 575 007a 05       		.uleb128 0x5
 576 007b 00       		.byte	0
 577 007c 03       		.uleb128 0x3
 578 007d 08       		.uleb128 0x8
 579 007e 3A       		.uleb128 0x3a
 580 007f 21       		.uleb128 0x21
 581 0080 03       		.sleb128 3
 582 0081 3B       		.uleb128 0x3b
 583 0082 0B       		.uleb128 0xb
 584 0083 39       		.uleb128 0x39
 585 0084 0B       		.uleb128 0xb
 586 0085 49       		.uleb128 0x49
 587 0086 13       		.uleb128 0x13
 588 0087 00       		.byte	0
 589 0088 00       		.byte	0
 590 0089 0B       		.uleb128 0xb
 591 008a 05       		.uleb128 0x5
 592 008b 00       		.byte	0
 593 008c 03       		.uleb128 0x3
 594 008d 0E       		.uleb128 0xe
 595 008e 3A       		.uleb128 0x3a
 596 008f 21       		.uleb128 0x21
 597 0090 03       		.sleb128 3
 598 0091 3B       		.uleb128 0x3b
 599 0092 0B       		.uleb128 0xb
 600 0093 39       		.uleb128 0x39
 601 0094 0B       		.uleb128 0xb
 602 0095 49       		.uleb128 0x49
 603 0096 13       		.uleb128 0x13
 604 0097 00       		.byte	0
 605 0098 00       		.byte	0
 606 0099 0C       		.uleb128 0xc
 607 009a 16       		.uleb128 0x16
 608 009b 00       		.byte	0
 609 009c 03       		.uleb128 0x3
 610 009d 0E       		.uleb128 0xe
 611 009e 3A       		.uleb128 0x3a
 612 009f 21       		.uleb128 0x21
 613 00a0 01       		.sleb128 1
 614 00a1 3B       		.uleb128 0x3b
 615 00a2 0B       		.uleb128 0xb
 616 00a3 39       		.uleb128 0x39
 617 00a4 0B       		.uleb128 0xb
 618 00a5 49       		.uleb128 0x49
 619 00a6 13       		.uleb128 0x13
 620 00a7 00       		.byte	0
 621 00a8 00       		.byte	0
 622 00a9 0D       		.uleb128 0xd
 623 00aa 16       		.uleb128 0x16
 624 00ab 00       		.byte	0
 625 00ac 03       		.uleb128 0x3
 626 00ad 0E       		.uleb128 0xe
 627 00ae 3A       		.uleb128 0x3a
ARM GAS  /tmp/ccmikCwY.s 			page 12


 628 00af 21       		.uleb128 0x21
 629 00b0 02       		.sleb128 2
 630 00b1 3B       		.uleb128 0x3b
 631 00b2 05       		.uleb128 0x5
 632 00b3 39       		.uleb128 0x39
 633 00b4 0B       		.uleb128 0xb
 634 00b5 49       		.uleb128 0x49
 635 00b6 13       		.uleb128 0x13
 636 00b7 00       		.byte	0
 637 00b8 00       		.byte	0
 638 00b9 0E       		.uleb128 0xe
 639 00ba 11       		.uleb128 0x11
 640 00bb 01       		.byte	0x1
 641 00bc 25       		.uleb128 0x25
 642 00bd 0E       		.uleb128 0xe
 643 00be 13       		.uleb128 0x13
 644 00bf 0B       		.uleb128 0xb
 645 00c0 03       		.uleb128 0x3
 646 00c1 0E       		.uleb128 0xe
 647 00c2 1B       		.uleb128 0x1b
 648 00c3 0E       		.uleb128 0xe
 649 00c4 10       		.uleb128 0x10
 650 00c5 17       		.uleb128 0x17
 651 00c6 00       		.byte	0
 652 00c7 00       		.byte	0
 653 00c8 0F       		.uleb128 0xf
 654 00c9 24       		.uleb128 0x24
 655 00ca 00       		.byte	0
 656 00cb 0B       		.uleb128 0xb
 657 00cc 0B       		.uleb128 0xb
 658 00cd 3E       		.uleb128 0x3e
 659 00ce 0B       		.uleb128 0xb
 660 00cf 03       		.uleb128 0x3
 661 00d0 08       		.uleb128 0x8
 662 00d1 00       		.byte	0
 663 00d2 00       		.byte	0
 664 00d3 10       		.uleb128 0x10
 665 00d4 13       		.uleb128 0x13
 666 00d5 01       		.byte	0x1
 667 00d6 0B       		.uleb128 0xb
 668 00d7 05       		.uleb128 0x5
 669 00d8 3A       		.uleb128 0x3a
 670 00d9 0B       		.uleb128 0xb
 671 00da 3B       		.uleb128 0x3b
 672 00db 05       		.uleb128 0x5
 673 00dc 39       		.uleb128 0x39
 674 00dd 0B       		.uleb128 0xb
 675 00de 01       		.uleb128 0x1
 676 00df 13       		.uleb128 0x13
 677 00e0 00       		.byte	0
 678 00e1 00       		.byte	0
 679 00e2 11       		.uleb128 0x11
 680 00e3 0D       		.uleb128 0xd
 681 00e4 00       		.byte	0
 682 00e5 03       		.uleb128 0x3
 683 00e6 08       		.uleb128 0x8
 684 00e7 3A       		.uleb128 0x3a
ARM GAS  /tmp/ccmikCwY.s 			page 13


 685 00e8 0B       		.uleb128 0xb
 686 00e9 3B       		.uleb128 0x3b
 687 00ea 05       		.uleb128 0x5
 688 00eb 39       		.uleb128 0x39
 689 00ec 0B       		.uleb128 0xb
 690 00ed 49       		.uleb128 0x49
 691 00ee 13       		.uleb128 0x13
 692 00ef 38       		.uleb128 0x38
 693 00f0 05       		.uleb128 0x5
 694 00f1 00       		.byte	0
 695 00f2 00       		.byte	0
 696 00f3 12       		.uleb128 0x12
 697 00f4 21       		.uleb128 0x21
 698 00f5 00       		.byte	0
 699 00f6 49       		.uleb128 0x49
 700 00f7 13       		.uleb128 0x13
 701 00f8 2F       		.uleb128 0x2f
 702 00f9 05       		.uleb128 0x5
 703 00fa 00       		.byte	0
 704 00fb 00       		.byte	0
 705 00fc 13       		.uleb128 0x13
 706 00fd 13       		.uleb128 0x13
 707 00fe 01       		.byte	0x1
 708 00ff 0B       		.uleb128 0xb
 709 0100 0B       		.uleb128 0xb
 710 0101 3A       		.uleb128 0x3a
 711 0102 0B       		.uleb128 0xb
 712 0103 3B       		.uleb128 0x3b
 713 0104 05       		.uleb128 0x5
 714 0105 39       		.uleb128 0x39
 715 0106 0B       		.uleb128 0xb
 716 0107 01       		.uleb128 0x1
 717 0108 13       		.uleb128 0x13
 718 0109 00       		.byte	0
 719 010a 00       		.byte	0
 720 010b 14       		.uleb128 0x14
 721 010c 34       		.uleb128 0x34
 722 010d 00       		.byte	0
 723 010e 03       		.uleb128 0x3
 724 010f 0E       		.uleb128 0xe
 725 0110 49       		.uleb128 0x49
 726 0111 13       		.uleb128 0x13
 727 0112 34       		.uleb128 0x34
 728 0113 19       		.uleb128 0x19
 729 0114 00       		.byte	0
 730 0115 00       		.byte	0
 731 0116 15       		.uleb128 0x15
 732 0117 2E       		.uleb128 0x2e
 733 0118 01       		.byte	0x1
 734 0119 3F       		.uleb128 0x3f
 735 011a 19       		.uleb128 0x19
 736 011b 03       		.uleb128 0x3
 737 011c 0E       		.uleb128 0xe
 738 011d 3A       		.uleb128 0x3a
 739 011e 0B       		.uleb128 0xb
 740 011f 3B       		.uleb128 0x3b
 741 0120 0B       		.uleb128 0xb
ARM GAS  /tmp/ccmikCwY.s 			page 14


 742 0121 39       		.uleb128 0x39
 743 0122 0B       		.uleb128 0xb
 744 0123 27       		.uleb128 0x27
 745 0124 19       		.uleb128 0x19
 746 0125 00       		.byte	0
 747 0126 00       		.byte	0
 748 0127 00       		.byte	0
 749              		.section	.gnu.debuglto_.debug_line,"e",%progbits
 750              	.Ldebug_line0:
 751 0000 48000000 		.4byte	.LELT0-.LSLT0
 752              	.LSLT0:
 753 0004 0500     		.2byte	0x5
 754 0006 04       		.byte	0x4
 755 0007 00       		.byte	0
 756 0008 40000000 		.4byte	.LELTP0-.LASLTP0
 757              	.LASLTP0:
 758 000c 01       		.byte	0x1
 759 000d 01       		.byte	0x1
 760 000e 01       		.byte	0x1
 761 000f F6       		.byte	0xf6
 762 0010 F2       		.byte	0xf2
 763 0011 0D       		.byte	0xd
 764 0012 00       		.byte	0
 765 0013 01       		.byte	0x1
 766 0014 01       		.byte	0x1
 767 0015 01       		.byte	0x1
 768 0016 01       		.byte	0x1
 769 0017 00       		.byte	0
 770 0018 00       		.byte	0
 771 0019 00       		.byte	0
 772 001a 01       		.byte	0x1
 773 001b 00       		.byte	0
 774 001c 00       		.byte	0
 775 001d 01       		.byte	0x1
 776 001e 01       		.byte	0x1
 777 001f 01       		.uleb128 0x1
 778 0020 1F       		.uleb128 0x1f
 779 0021 04       		.uleb128 0x4
 780 0022 82000000 		.4byte	.LASF52
 781 0026 CC000000 		.4byte	.LASF53
 782 002a 2B000000 		.4byte	.LASF54
 783 002e 58000000 		.4byte	.LASF55
 784 0032 02       		.byte	0x2
 785 0033 01       		.uleb128 0x1
 786 0034 1F       		.uleb128 0x1f
 787 0035 02       		.uleb128 0x2
 788 0036 0B       		.uleb128 0xb
 789 0037 04       		.uleb128 0x4
 790 0038 00000000 		.4byte	.LASF56
 791 003c 00       		.byte	0
 792 003d 4F000000 		.4byte	.LASF57
 793 0041 03       		.byte	0x3
 794 0042 01010000 		.4byte	.LASF58
 795 0046 01       		.byte	0x1
 796 0047 FA000000 		.4byte	.LASF59
 797 004b 02       		.byte	0x2
 798              	.LELTP0:
ARM GAS  /tmp/ccmikCwY.s 			page 15


 799              	.LELT0:
 800              		.section	.gnu.debuglto_.debug_str,"eMS",%progbits,1
 801              	.LASF45:
 802 0000 7072696F 		.ascii	"prio\000"
 802      00
 803              	.LASF18:
 804 0005 49435052 		.ascii	"ICPR\000"
 804      00
 805              	.LASF36:
 806 000a 4D4D4652 		.ascii	"MMFR\000"
 806      00
 807              	.LASF41:
 808 000f 5F426F6F 		.ascii	"_Bool\000"
 808      6C00
 809              	.LASF46:
 810 0015 6E766963 		.ascii	"nvicDisableVector\000"
 810      44697361 
 810      626C6556 
 810      6563746F 
 810      7200
 811              	.LASF49:
 812 0027 2F686F6D 		.ascii	"/home/mayank/chibios-workspace/ChibiOS/demos/STM32/"
 812      652F6D61 
 812      79616E6B 
 812      2F636869 
 812      62696F73 
 813 005a 52542D53 		.ascii	"RT-STM32F407-DISCOVERY\000"
 813      544D3332 
 813      46343037 
 813      2D444953 
 813      434F5645 
 814              	.LASF27:
 815 0071 56544F52 		.ascii	"VTOR\000"
 815      00
 816              	.LASF13:
 817 0076 52455345 		.ascii	"RESERVED0\000"
 817      52564544 
 817      3000
 818              	.LASF19:
 819 0080 52455345 		.ascii	"RESERVED3\000"
 819      52564544 
 819      3300
 820              	.LASF21:
 821 008a 52455345 		.ascii	"RESERVED4\000"
 821      52564544 
 821      3400
 822              	.LASF22:
 823 0094 52455345 		.ascii	"RESERVED5\000"
 823      52564544 
 823      3500
 824              	.LASF50:
 825 009e 5F5F6675 		.ascii	"__func__\000"
 825      6E635F5F 
 825      00
 826              	.LASF48:
 827 00a7 2E2E2F2E 		.ascii	"../../../os/hal/ports/common/ARMCMx/nvic.c\000"
 827      2E2F2E2E 
ARM GAS  /tmp/ccmikCwY.s 			page 16


 827      2F6F732F 
 827      68616C2F 
 827      706F7274 
 828              	.LASF11:
 829 00d2 6C6F6E67 		.ascii	"long long unsigned int\000"
 829      206C6F6E 
 829      6720756E 
 829      7369676E 
 829      65642069 
 830              	.LASF6:
 831 00e9 756E7369 		.ascii	"unsigned char\000"
 831      676E6564 
 831      20636861 
 831      7200
 832              	.LASF24:
 833 00f7 4E564943 		.ascii	"NVIC_Type\000"
 833      5F547970 
 833      6500
 834              	.LASF23:
 835 0101 53544952 		.ascii	"STIR\000"
 835      00
 836              	.LASF7:
 837 0106 73686F72 		.ascii	"short unsigned int\000"
 837      7420756E 
 837      7369676E 
 837      65642069 
 837      6E7400
 838              	.LASF30:
 839 0119 43465352 		.ascii	"CFSR\000"
 839      00
 840              	.LASF51:
 841 011e 6E766963 		.ascii	"nvicEnableVector\000"
 841      456E6162 
 841      6C655665 
 841      63746F72 
 841      00
 842              	.LASF31:
 843 012f 48465352 		.ascii	"HFSR\000"
 843      00
 844              	.LASF42:
 845 0134 6E766963 		.ascii	"nvicClearPending\000"
 845      436C6561 
 845      7250656E 
 845      64696E67 
 845      00
 846              	.LASF4:
 847 0145 73686F72 		.ascii	"short int\000"
 847      7420696E 
 847      7400
 848              	.LASF14:
 849 014f 49434552 		.ascii	"ICER\000"
 849      00
 850              	.LASF47:
 851 0154 474E5520 		.ascii	"GNU C17 13.2.1 20231009 -mcpu=cortex-m4 -mthumb -mf"
 851      43313720 
 851      31332E32 
 851      2E312032 
ARM GAS  /tmp/ccmikCwY.s 			page 17


 851      30323331 
 852 0187 6C6F6174 		.ascii	"loat-abi=soft -march=armv7e-m -ggdb -O2 -fomit-fram"
 852      2D616269 
 852      3D736F66 
 852      74202D6D 
 852      61726368 
 853 01ba 652D706F 		.ascii	"e-pointer -falign-functions=16 -ffunction-sections "
 853      696E7465 
 853      72202D66 
 853      616C6967 
 853      6E2D6675 
 854 01ed 2D666461 		.ascii	"-fdata-sections -fno-common -flto\000"
 854      74612D73 
 854      65637469 
 854      6F6E7320 
 854      2D666E6F 
 855              	.LASF37:
 856 020f 49534152 		.ascii	"ISAR\000"
 856      00
 857              	.LASF39:
 858 0214 5343425F 		.ascii	"SCB_Type\000"
 858      54797065 
 858      00
 859              	.LASF0:
 860 021d 756E7369 		.ascii	"unsigned int\000"
 860      676E6564 
 860      20696E74 
 860      00
 861              	.LASF16:
 862 022a 49535052 		.ascii	"ISPR\000"
 862      00
 863              	.LASF32:
 864 022f 44465352 		.ascii	"DFSR\000"
 864      00
 865              	.LASF40:
 866 0234 63686172 		.ascii	"char\000"
 866      00
 867              	.LASF26:
 868 0239 49435352 		.ascii	"ICSR\000"
 868      00
 869              	.LASF28:
 870 023e 41495243 		.ascii	"AIRCR\000"
 870      5200
 871              	.LASF10:
 872 0244 6C6F6E67 		.ascii	"long unsigned int\000"
 872      20756E73 
 872      69676E65 
 872      6420696E 
 872      7400
 873              	.LASF15:
 874 0256 52534552 		.ascii	"RSERVED1\000"
 874      56454431 
 874      00
 875              	.LASF44:
 876 025f 68616E64 		.ascii	"handler\000"
 876      6C657200 
 877              	.LASF8:
ARM GAS  /tmp/ccmikCwY.s 			page 18


 878 0267 75696E74 		.ascii	"uint8_t\000"
 878      385F7400 
 879              	.LASF1:
 880 026f 6C6F6E67 		.ascii	"long long int\000"
 880      206C6F6E 
 880      6720696E 
 880      7400
 881              	.LASF25:
 882 027d 43505549 		.ascii	"CPUID\000"
 882      4400
 883              	.LASF38:
 884 0283 43504143 		.ascii	"CPACR\000"
 884      5200
 885              	.LASF12:
 886 0289 49534552 		.ascii	"ISER\000"
 886      00
 887              	.LASF35:
 888 028e 41465352 		.ascii	"AFSR\000"
 888      00
 889              	.LASF33:
 890 0293 4D4D4641 		.ascii	"MMFAR\000"
 890      5200
 891              	.LASF29:
 892 0299 53484353 		.ascii	"SHCSR\000"
 892      5200
 893              	.LASF9:
 894 029f 75696E74 		.ascii	"uint32_t\000"
 894      33325F74 
 894      00
 895              	.LASF5:
 896 02a8 6C6F6E67 		.ascii	"long int\000"
 896      20696E74 
 896      00
 897              	.LASF2:
 898 02b1 6C6F6E67 		.ascii	"long double\000"
 898      20646F75 
 898      626C6500 
 899              	.LASF3:
 900 02bd 7369676E 		.ascii	"signed char\000"
 900      65642063 
 900      68617200 
 901              	.LASF43:
 902 02c9 6E766963 		.ascii	"nvicSetSystemHandlerPriority\000"
 902      53657453 
 902      79737465 
 902      6D48616E 
 902      646C6572 
 903              	.LASF20:
 904 02e6 49414252 		.ascii	"IABR\000"
 904      00
 905              	.LASF34:
 906 02eb 42464152 		.ascii	"BFAR\000"
 906      00
 907              	.LASF17:
 908 02f0 52455345 		.ascii	"RESERVED2\000"
 908      52564544 
 908      3200
ARM GAS  /tmp/ccmikCwY.s 			page 19


 909              		.section	.gnu.debuglto_.debug_line_str,"eMS",%progbits,1
 910              	.LASF56:
 911 0000 2E2E2F2E 		.ascii	"../../../os/hal/ports/common/ARMCMx/nvic.c\000"
 911      2E2F2E2E 
 911      2F6F732F 
 911      68616C2F 
 911      706F7274 
 912              	.LASF54:
 913 002b 2E2E2F2E 		.ascii	"../../../os/hal/ports/common/ARMCMx\000"
 913      2E2F2E2E 
 913      2F6F732F 
 913      68616C2F 
 913      706F7274 
 914              	.LASF57:
 915 004f 73746469 		.ascii	"stdint.h\000"
 915      6E742E68 
 915      00
 916              	.LASF55:
 917 0058 2F757372 		.ascii	"/usr/lib/gcc/arm-none-eabi/13.2.1/include\000"
 917      2F6C6962 
 917      2F676363 
 917      2F61726D 
 917      2D6E6F6E 
 918              	.LASF52:
 919 0082 2F686F6D 		.ascii	"/home/mayank/chibios-workspace/ChibiOS/demos/STM32/"
 919      652F6D61 
 919      79616E6B 
 919      2F636869 
 919      62696F73 
 920 00b5 52542D53 		.ascii	"RT-STM32F407-DISCOVERY\000"
 920      544D3332 
 920      46343037 
 920      2D444953 
 920      434F5645 
 921              	.LASF53:
 922 00cc 2E2E2F2E 		.ascii	"../../../os/common/ext/ARM/CMSIS/Core/Include\000"
 922      2E2F2E2E 
 922      2F6F732F 
 922      636F6D6D 
 922      6F6E2F65 
 923              	.LASF59:
 924 00fa 6E766963 		.ascii	"nvic.c\000"
 924      2E6300
 925              	.LASF58:
 926 0101 636F7265 		.ascii	"core_cm4.h\000"
 926      5F636D34 
 926      2E6800
 927              		.text
 928              		.section	.gnu.lto_.profile.1311a50c6d762b64,"e",%progbits
 929 0000 789C6362 		.ascii	"x\234cb\000\001\000\000\022\000\003"
 929      00010000 
 929      120003
 930              		.text
 931              		.section	.gnu.lto_.icf.1311a50c6d762b64,"e",%progbits
 932 0000 789CB362 		.ascii	"x\234\263b@\000\026\206)\333\346\316egcb`bdb\202`\306"
 932      40001686 
 932      29DBE6CE 
ARM GAS  /tmp/ccmikCwY.s 			page 20


 932      65676362 
 932      60626462 
 933 0017 C6AB0D8B 		.ascii	"\306\253\015\213\331Y\300\\\220\360\257\243sN\0029\014"
 933      D959C05C 
 933      90F0AFA3 
 933      734E0239 
 933      0C
 934 0028 4CCCCCDB 		.ascii	"L\314\314\333\256\356\377\315\314\004\222a\000\000["
 934      AEEEFFCD 
 934      CC049261 
 934      00005B
 935 0037 5E0BF9   		.ascii	"^\013\371"
 936              		.text
 937              		.section	.gnu.lto_.ipa_sra.1311a50c6d762b64,"e",%progbits
 938 0000 789C5363 		.ascii	"x\234Sc@\000\026\006&\030\223\221\221\021L1!D\230!\""
 938      40001606 
 938      26189391 
 938      91114C31 
 938      21449821 
 939 0015 0C000954 		.ascii	"\014\000\011T\000;"
 939      003B
 940              		.text
 941              		.section	.gnu.lto_.inline.1311a50c6d762b64,"e",%progbits
 942 0000 789C6D8D 		.ascii	"x\234m\215\321\015\200 \014D\257-1\304\350\224\202s"
 942      D10D8020 
 942      0C44AF2D 
 942      31C4E894 
 942      8273
 943 0012 388AA338 		.ascii	"8\212\2438\226\237\226\003\242F\313\007W\312\353;qW"
 943      969F9603 
 943      A246CB07 
 943      57CAEB3B 
 943      7157
 944 0024 00E6CDCB 		.ascii	"\000\346\315\313V\201\212h(\217\365\012\003\007\011"
 944      56818A68 
 944      288FF50A 
 944      030709
 945 0033 60D0A4F0 		.ascii	"`\320\244\360\303\27087q\232\021I`\364nW\337\"\015\267"
 945      C3B83837 
 945      719A1149 
 945      60F46E57 
 945      DF220DB7 
 946 0047 50A9175E 		.ascii	"P\251\027^~\035\232A\215r\342\355W\3355\377\352\236"
 946      7E1D9A41 
 946      8D72E2ED 
 946      57DD35FF 
 946      EA9E
 947 0059 A836C4B2 		.ascii	"\2506\304\262\305\362C\375\207G\306\246\306\005\207"
 947      C5F243FD 
 947      8747C6A6 
 947      C60587
 948 0068 532DFA   		.ascii	"S-\372"
 949              		.text
 950              		.section	.gnu.lto_.jmpfuncs.1311a50c6d762b64,"e",%progbits
 951 0000 789C5363 		.ascii	"x\234Sc@\000\026\006&FF\376z&\026 bddd\006RL\010\021"
 951      40001606 
 951      264646FE 
ARM GAS  /tmp/ccmikCwY.s 			page 21


 951      7A261620 
 951      62646464 
 952 0019 66880803 		.ascii	"f\210\010\003\000F\266\003\177"
 952      0046B603 
 952      7F
 953              		.text
 954              		.section	.gnu.lto_.pureconst.1311a50c6d762b64,"e",%progbits
 955 0000 789CE365 		.ascii	"x\234\343e```a\230\305\3028\213\205i\026\013\363,\026"
 955      60606061 
 955      98C5C238 
 955      8B856916 
 955      0BF32C16 
 956 0014 00113C02 		.ascii	"\000\021<\002\220"
 956      90
 957              		.text
 958              		.section	.gnu.lto_.ipa_modref.1311a50c6d762b64,"e",%progbits
 959 0000 789C7364 		.ascii	"x\234sd@\000\026(\315\310\304\312\310\300\300\306\210"
 959      40001628 
 959      CDC8C4CA 
 959      C8C0C0C6 
 959      88
 960 0011 C26362DA 		.ascii	"\302cb\332\303\006\023\000I\2611\303\245\201\230\035"
 960      C3061300 
 960      49B131C3 
 960      A581981D 
 961 0021 24C20000 		.ascii	"$\302\000\0007\033\001W"
 961      371B0157 
 962              		.text
 963              		.section	.gnu.lto_.lto.1311a50c6d762b64,"e",%progbits
 964 0000 0D000000 		.ascii	"\015\000\000\000\001\000\000\000"
 964      01000000 
 965              		.text
 966              		.section	.gnu.lto_nvicEnableVector.328.1311a50c6d762b64,"e",%progbits
 967 0000 789C8591 		.ascii	"x\234\205\221Oh\023A\024\306\3377o'\033Q\304?x*\242"
 967      4F681341 
 967      14C6DF37 
 967      6F271B51 
 967      C43F782A 
 968 0015 E0459064 		.ascii	"\340E\220d\254\377\2527%*(\204BR\004/B\\\203\011\351"
 968      ACFFAA37 
 968      252A2884 
 968      4252042F 
 968      425C8309 
 969 002a 66D344AB 		.ascii	"f\323D\253E$\323\006\033\0109\264\202P\274H\017\205"
 969      4524D306 
 969      1B0839B4 
 969      8250BC48 
 969      0F85
 970 003c 442AE24D 		.ascii	"D*\342Mj\251!\332K\213E\274\212X<{\022\204\012\332v"
 970      6AA921DA 
 970      4B8B45BC 
 970      8A583C7B 
 970      12840ADA 
 971 0051 76B78A07 		.ascii	"v\267\212\007\301e\337\360}\363\355\233\337\354\314"
 971      C165DFF0 
 971      7DF3ED9B 
 971      DFECCC
ARM GAS  /tmp/ccmikCwY.s 			page 22


 972 0060 67104D10 		.ascii	"g\020M\020\321!S`\302\303\311\206 \255\365Y[`t\262\261"
 972      D1215360 
 972      C2C3C986 
 972      20ADF559 
 972      5B6074B2 
 973 0075 1BAF1138 		.ascii	"\033\257\0218PU\240\212YV\306\256-\257L_\323\255\016"
 973      5055A08A 
 973      5956C6AE 
 973      2DAF4C5F 
 973      D3AD0E
 974 0088 BE125529 		.ascii	"\276\022U)x$\"{a\231q\037\016JDG(\326\321\372\375\304"
 974      7824227B 
 974      6199711F 
 974      0E4A4447 
 974      28D6D1FA 
 975 009e 0FADF7D0 		.ascii	"\017\255\367\320\375yT_a\316\220\004\356\275\260M\334"
 975      FD79545F 
 975      61CE9004 
 975      EEBDB04D 
 975      DC
 976 00af 4498BF0C 		.ascii	"D\230\277\014\363\205\277\3629\233h{\270\254\231\240"
 976      F385BFF2 
 976      399B687B 
 976      B8AC99A0 
 977 00bf E71FE4AA 		.ascii	"\347\037\344\252^\333x\242\365\322c|\234\022;@B\010"
 977      5EDB78A2 
 977      F5D2637C 
 977      9C123B40 
 977      4208
 978 00d1 534C822D 		.ascii	"SL\202-S\222\204\025\001\026\020\005\346MG\233\375\355"
 978      53928415 
 978      01161005 
 978      E64D479B 
 978      FDED
 979 00e3 6B0BF494 		.ascii	"k\013\364\224E\250F;\264!\364\227_=T\343\261\365\372"
 979      45A8463B 
 979      B421F497 
 979      5F3D54E3 
 979      B1F5FA
 980 00f6 23C9E088 		.ascii	"#\311\340\210\321\265\237\343`\301\210|\"X\306w\277"
 980      D1B59FE3 
 980      60C1887C 
 980      2258C677 
 980      BF
 981 0107 35BEB3F9 		.ascii	"5\276\263\371\205\333\240`\324\335\232\336)1\353\237"
 981      85DBA060 
 981      D4DD9ADE 
 981      2931EB9F 
 982 0117 40CBAEBC 		.ascii	"@\313\256\274A\327\017NMk\035\035z\013\217\350\264\221"
 982      41D70F4E 
 982      4D6B1D1D 
 982      7A0B8FE8 
 982      B491
 983 0129 AD1E7711 		.ascii	"\255\036w\021E\263S\026\001e\246\311\376\322S\365\231"
 983      45B35316 
 983      0165A6C9 
 983      FED253F5 
ARM GAS  /tmp/ccmikCwY.s 			page 23


 983      99
 984 013a 6DCC1C8D 		.ascii	"m\314\034\215\034\306\001\337\257\217?\220l\031oX2d"
 984      1CC601DF 
 984      AF8F3F90 
 984      6C196F58 
 984      3264
 985 014c 2FDA2C7D 		.ascii	"/\332,}\013\346-\270\3747\254\260\204\374\026l\377\315"
 985      0BE62DB8 
 985      FC37ACB0 
 985      84FC166C 
 985      FFCD
 986 015e 650CFB30 		.ascii	"e\014\3730\031\300\332\315\377\265\276C\366O\353\312"
 986      19C0DACD 
 986      FFB5BE43 
 986      F64FEBCA 
 987 016e EFD63A8F 		.ascii	"\357\326:\217\255>k\"\270\2706#<%\3351\356\262\312y"
 987      AD3E6B22 
 987      B8B83623 
 987      3C25DD31 
 987      EEB2CA79 
 988 0182 6E56B999 		.ascii	"nV\271\231\221L\261\240\234\\\376z\336\253\304\356x"
 988      914CB1A0 
 988      9C5CFE7A 
 988      DEABC4EE 
 988      78
 989 0193 E542A594 		.ascii	"\345B\245\224q\262*\341\317\364\247\325\215\254\353"
 989      71B22AE1 
 989      CFF4A7D5 
 989      8DACEB
 990 01a2 55547A20 		.ascii	"UTz y\374\230J\015\304\002q\361\304\321\276\330\371"
 990      79FC984A 
 990      0DC40271 
 990      F1C4D1BE 
 990      D8F9
 991 01b4 4BE944FF 		.ascii	"K\351D\377\225\013\251\253t$\036W\341k\276\314e\006"
 991      950BA9AB 
 991      74241E57 
 991      E16BBECC 
 991      6506
 992 01c6 55C92BDF 		.ascii	"U\311+\337\252(\307s]\257\250\316\245\222\211\344]U"
 992      AA28C773 
 992      5DAFA8CE 
 992      A59289E4 
 992      5D55
 993 01d8 1CCE3B71 		.ascii	"\034\316;q\207P\334\025\252\270\323\347\364:'\317\364"
 993      8750DC15 
 993      AAB8D3E7 
 993      F43A27CF 
 993      F4
 994 01e9 92552AE7 		.ascii	"\222U*\347\275M\001l\300\273"
 994      BD4D016C 
 994      C0BB
 995              		.text
 996              		.section	.gnu.lto_nvicDisableVector.329.1311a50c6d762b64,"e",%progbits
 997 0000 789C6D50 		.ascii	"x\234mPAHTQ\024\275\347\335\3713\023AT\022\010\021\006"
 997      41485451 
 997      14BDE7DD 
ARM GAS  /tmp/ccmikCwY.s 			page 24


 997      F9331341 
 997      54120811 
 998 0015 6D829879 		.ascii	"m\202\230yY\232\266+\246\202\202A\230\221\300\2150\376"
 998      599AB62B 
 998      A6828241 
 998      9891C08D 
 998      30FE
 999 0027 866698FE 		.ascii	"\206f\230\376|\365\227\246\022smPa\312\205\266\2116"
 999      7CF597A6 
 999      12736D50 
 999      61CA85B6 
 999      8936
 1000 0039 E2229809 		.ascii	"\342\"\230\011\241})\214SR H\324:\220\026\255\332\024"
 1000      A17D298C 
 1000      53522048 
 1000      D43A9016 
 1000      ADDA14
 1001 004c 0506A2BE 		.ascii	"\005\006\242\276\377\177\313\036\357^\3169\357\036\356"
 1001      FF7FCB1E 
 1001      EF5ECE39 
 1001      EF1EEE
 1002 005b BD6F1044 		.ascii	"\275o\020DO\210\350\214\0110aq\241\246HD\256\304\024"
 1002      4F88E88C 
 1002      09306171 
 1002      A1A64844 
 1002      AEC414
 1003 006e A6176AC7 		.ascii	"\246\027j\307\260\206\200\201*\012\025\254\2606tgsk"
 1003      B0868081 
 1003      2A0A15AC 
 1003      B0367467 
 1003      736B
 1004 0080 FD7B5C64 		.ascii	"\375{\\d\246\375\007Q\205\202c!\332\206\210\311'p\332"
 1004      A6FD0751 
 1004      85826321 
 1004      DA8688C9 
 1004      2770DA
 1005 0093 427C8212 		.ascii	"B|\202\022M\221O\213\177E\216\323\243UT\336\342\215"
 1005      4D914F8B 
 1005      7F458ED3 
 1005      A35554DE 
 1005      E28D
 1006 00a5 69A530B5 		.ascii	"i\2450\265\024#:\034\332\214@\257?[\333\262\263\277"
 1006      14233A1C 
 1006      DA8C40AF 
 1006      3F5BDBB2 
 1006      B3BF
 1007 00b7 24527B86 		.ascii	"$R{\206//T\034\244\2242\301\2448\002\254\232\242\006"
 1007      2F2F541C 
 1007      A49432C1 
 1007      A43802AC 
 1007      9AA206
 1008 00ca FB234904 		.ascii	"\373#I\004\364\212U\210\246\233\264\257\344\333\317"
 1008      F48A5588 
 1008      A69BB4AF 
 1008      E4DBCF
 1009 00d9 A74C55AE 		.ascii	"\247LU\256>\237{y\210\301\221\350Yt\370|ov\306bc\217"
 1009      3E9F7B79 
ARM GAS  /tmp/ccmikCwY.s 			page 25


 1009      88C191E8 
 1009      5974F87C 
 1009      6F76C662 
 1010 00ef 7E2558BE 		.ascii	"~%X\276\260;\273\021c\366)\030Fh\375\252\375\261\314"
 1010      B03BBB11 
 1010      63F62918 
 1010      4668FDAA 
 1010      FDB1CC
 1011 0102 B0E3A020 		.ascii	"\260\343\240 K\253*G,\254\370\313\326c\017\336\241\345"
 1011      4BAB2A47 
 1011      2CACF8CB 
 1011      D6630FDE 
 1011      A1E5
 1012 0114 3F5C5A16 		.ascii	"?\\Z\026\211{\3571B\324k`\375\224\273\201I33s\320|y"
 1012      897BEF31 
 1012      42D46B60 
 1012      FD94BB81 
 1012      49333373 
 1013 012b DE6FDEFA 		.ascii	"\336o\336\372]\357\370\277\323\371\200\322?\347\311"
 1013      5DEFF8BF 
 1013      D3F980D2 
 1013      3FE7C9
 1014 013a E2478C19 		.ascii	"\342G\214\031g\364\256Yg\216\037o7\346\021|[\203\021"
 1014      67F4AE59 
 1014      678E1F6F 
 1014      37E6117C 
 1014      5B8311
 1015 014d 2E244DC3 		.ascii	".$M\303n\351\202\353\344\265\223\233\310\225K\332.\024"
 1015      6EE982EB 
 1015      E4B5939B 
 1015      C8954BDA 
 1015      2E14
 1016 015f 878AAE97 		.ascii	"\207\212\256\227\030wGK\336p\316\316\353\224\257\364"
 1016      1877474B 
 1016      DE70CECE 
 1016      EB94AFF4 
 1017 016f 65F59DBC 		.ascii	"e\365\235\274\343z:\333\237\276xAg\372\023\001\270\321"
 1017      E37A3ADB 
 1017      9FBE7841 
 1017      67FA1301 
 1017      B8D1
 1018 0181 75BE2771 		.ascii	"u\276'q\355f6\325w\373zf\200\316%\223:\274\246\262\220"
 1018      ED6636D5 
 1018      77FB7A66 
 1018      80CE2593 
 1018      3ABCA6B2 
 1019 0196 BBA787DD 		.ascii	"\273\247\207\335\321\373\236\266]\307q\313\372j&\235"
 1019      D1FB9EB6 
 1019      5DC771CB 
 1019      FA6A269D 
 1020 01a6 4A3FD4E5 		.ascii	"J?\324\345\261\242\235\264\011\345\243!J\332=v\247\335"
 1020      B1A29DB4 
 1020      09E5A321 
 1020      4ADA3D76 
 1020      A7DD
 1021 01b8 7DB9930E 		.ascii	"}\271\223\016\000\365\027\230l"
 1021      00F51798 
ARM GAS  /tmp/ccmikCwY.s 			page 26


 1021      6C
 1022              		.text
 1023              		.section	.gnu.lto_nvicSetSystemHandlerPriority.330.1311a50c6d762b64,"e",%progbits
 1024 0000 789C4D50 		.ascii	"x\234MPMHTQ\024>\337\275\363\236\003\201\364C\021\264"
 1024      4D485451 
 1024      143EDFBD 
 1024      F39E0381 
 1024      F44311B4 
 1025 0014 895CC6CC 		.ascii	"\211\\\306\314\315\376\254]2\025\024\014\302\214\004"
 1025      CDFEAC5D 
 1025      3215140C 
 1025      C28C04
 1026 0023 2D9FCF81 		.ascii	"-\237\317\201\031\364\315\233\346Y6\213\230\243C\011"
 1026      19F4CD9B 
 1026      E659368B 
 1026      98A34309 
 1027 0033 0305BA68 		.ascii	"\003\005\272h\033\265\322\020\202V\376a\243\345J\020"
 1027      1BB5D210 
 1027      8256FE61 
 1027      A3E54A10 
 1028 0043 09DA08C1 		.ascii	"\011\332\010\301\344\326\010\022\004\005\321\316{o\323"
 1028      E4D60812 
 1028      0405D1CE 
 1028      7B6FD3
 1029 0052 E5DE73BF 		.ascii	"\345\336s\277\357\234\217s\277{zA\364\226\210\272\344"
 1029      EF9C8F73 
 1029      BF7B7A41 
 1029      F49688BA 
 1029      E4
 1030 0063 4013A626 		.ascii	"@\023\246&\233\212\230\371N\207\302\330d\363\024\276"
 1030      9B8A98F9 
 1030      4E87C2D8 
 1030      64F314BE 
 1031 0073 2062A0BA 		.ascii	" b\240\272B\035\263\332\010\335_\337X\371\223d~y\376"
 1031      421DB3DA 
 1031      08DD5FDF 
 1031      58F99364 
 1031      7E79FE
 1032 0086 37519DA2 		.ascii	"7Q\235\242e\301>\203\204\304\263\270h!Y\243T\213ys\356"
 1032      65C13E83 
 1032      84C4B3B8 
 1032      682159A3 
 1032      548B7973 
 1033 009b 80F934BD 		.ascii	"\200\3714\275XB}\021\013\362\2244E\333\226\372\024b"
 1033      58427D11 
 1033      0BF29434 
 1033      45DB96FA 
 1033      1462
 1034 00ad C1612C58 		.ascii	"\301a,X\376_\260c\023\235\210\033K\206>}\267\332\274"
 1034      FE5FB063 
 1034      139D881B 
 1034      4B863E7D 
 1034      B7DABC
 1035 00c0 7FFC8EB9 		.ascii	"\177\374\216\271\331\365k\376\015\304\213RJ\216\006"
 1035      D9F56BFE 
 1035      0DC48B52 
 1035      4A8E06
ARM GAS  /tmp/ccmikCwY.s 			page 27


 1036 00cf 9661014B 		.ascii	"\226a\001K\242\232\321\241kN\200>j\025\243\261\026\035"
 1036      A29AD1A1 
 1036      6B4E803E 
 1036      6A15A3B1 
 1036      161D
 1037 00e1 2BDEFEFB 		.ascii	"+\336\376\373Z\207\367\2450|8\027\245>wRC\217\037M\354"
 1037      5A87F7A5 
 1037      307C3817 
 1037      A53E7752 
 1037      438F1F4D 
 1038 00f6 591A5A0B 		.ascii	"Y\032Z\013n\034\276\202\226~\366OBB\370\352n\363\207"
 1038      6E1CBE82 
 1038      967EF64F 
 1038      4242F8EA 
 1038      6EF387
 1039 0109 257FA981 		.ascii	"%\177\251\201\242\310[\015\356\2640\033\316b\332\036"
 1039      A2C85B0D 
 1039      EEB4301B 
 1039      CE62DA1E 
 1040 0119 FD8AD5B0 		.ascii	"\375\212\325\260p\363=s\362\3517\004D\267\004N_x\262"
 1040      70F33D73 
 1040      F2E93704 
 1040      44B7044E 
 1040      5F78B2
 1041 012c 861131AC 		.ascii	"\206\0211\254\025M\350\361\266X\215&3\243\021\033\342"
 1041      154DE8F1 
 1041      B6588D26 
 1041      33A3111B 
 1041      E2
 1042 013d 96B087A6 		.ascii	"\226\260\207\246\350{\005\34395\247<d\334bi\240\344"
 1042      E87B05E3 
 1042      3935A73C 
 1042      64DC6269 
 1042      A0E4
 1043 014f 07A951BF 		.ascii	"\007\251Q\277:\024T\034\267`2a\246/o\006\013\236\037"
 1043      3A14541C 
 1043      B7603261 
 1043      A62F6F06 
 1043      0B9E1F
 1044 0162 987C7FF6 		.ascii	"\230|\177\366\332U\223\353OE\340\376\365+=\251\273\017"
 1044      DA5593EB 
 1044      4F45E0FE 
 1044      F52B3DA9 
 1044      BB0F
 1045 0174 F299BE47 		.ascii	"\362\231\276G\367r\217\351r:m\342-\312\2423l*~u$0\256"
 1045      F7728FE9 
 1045      723A6DE2 
 1045      2DCAA233 
 1045      6C2A7E75 
 1046 018b EF797ED9 		.ascii	"\357y~\331\364\346\262\231\354sS~Vr\323.u\024\235\362"
 1046      F4E6B299 
 1046      EC73537E 
 1046      5672D32E 
 1046      75149DF2 
 1047 019f E070A17A 		.ascii	"\340p\241z2\346i\267\307\355vo\334\356\246D\245Z\362"
 1047      32E669B7 
 1047      C7ED766F 
ARM GAS  /tmp/ccmikCwY.s 			page 28


 1047      DCEEA644 
 1047      A55AF2
 1048 01b2 FF01D9B3 		.ascii	"\377\001\331\263\230\003"
 1048      9803
 1049              		.text
 1050              		.section	.gnu.lto_nvicClearPending.331.1311a50c6d762b64,"e",%progbits
 1051 0000 789C2550 		.ascii	"x\234%P\315k\023A\024\177\277y;ID\020\253\010\275\210"
 1051      CD6B1341 
 1051      147FBF79 
 1051      3B494410 
 1051      AB08BD88 
 1052 0014 82174193 		.ascii	"\202\027A\223i\265\332zSR\005\013\241\220\024\241\307"
 1052      69B5DA7A 
 1052      5352050B 
 1052      A19014A1 
 1052      C7
 1053 0025 B80612EA 		.ascii	"\270\006\022\352f\333\256\366\203\"ymH\003)\250\355"
 1053      66DBAEF6 
 1053      8322796D 
 1053      480329A8 
 1053      ED
 1054 0036 C9532507 		.ascii	"\311S%\007\241\225\202wm!\246\336\024\021\377\000)\202"
 1054      A1958277 
 1054      6D21A6DE 
 1054      1411FF00 
 1054      2982
 1055 0048 17F1E4C5 		.ascii	"\027\361\344\305\012\266uvw\230\367\346\367\361\206"
 1055      0AB67576 
 1055      7798F7E6 
 1055      F7F186
 1056 0057 796F0C88 		.ascii	"yo\014\210V\210\350\202\0150am\265\245HDn&\025\026W"
 1056      5688E882 
 1056      0D30616D 
 1056      B5A54844 
 1056      6E261516 
 1057 006c 5B3DD841 		.ascii	"[=\330A\304@5\205\032\266\330X\272\377\361s\373OJ\244"
 1057      C4403585 
 1057      1AB6D858 
 1057      BAFFF173 
 1057      FB4F4AA4 
 1058 0080 D1FB8BA8 		.ascii	"\321\373\213\250F\321\322H\234\206c\363\031\234\327"
 1058      46D1D248 
 1058      9C8663F3 
 1058      199CD7
 1059 008f 48CD53BA 		.ascii	"H\315S\272#\362\345\371_\221S\364d\033\265wxk\237RX"
 1059      23F2E5F9 
 1059      5F9153F4 
 1059      641BB577 
 1059      786B9F52 
 1060 00a4 F894203A 		.ascii	"\370\224 :\036_\263\002\275\371\252\367d\377\350\245"
 1060      1E5FB302 
 1060      BDF9AAF7 
 1060      64FFE8A5 
 1061 00b4 C8CF35EC 		.ascii	"\310\3175\354\256\253\024H)E\212\331\236\216\015\015"
 1061      AEAB1448 
 1061      29458AD9 
 1061      9E8E0D0D 
ARM GAS  /tmp/ccmikCwY.s 			page 29


 1062 00c4 6CDBC24D 		.ascii	"l\333\302M\016\333\022\007\364\232U\214\026;t\244\344"
 1062      0EDB1207 
 1062      F49A558C 
 1062      163B74A4 
 1062      E4
 1063 00d5 FBC153A6 		.ascii	"\373\301S\246:\327_4\033\307\030\254\023\027q.\344\377"
 1063      3AD75F34 
 1063      1BC718AC 
 1063      1317712E 
 1063      E4FF
 1064 00e7 965F2559 		.ascii	"\226_%Y\3412#d\207\313\015\315l\335o\004m\205\245\303"
 1064      E1322364 
 1064      87CB0DCD 
 1064      6CDD6F04 
 1064      6D85A5C3 
 1065 00fb A6B51D56 		.ascii	"\246\265\035V\026w\177\267~h\333\371,(\312\322\255\313"
 1065      16777FB7 
 1065      7E68DBF9 
 1065      2C28CAD2 
 1065      ADCB
 1066 010d 098DAD70 		.ascii	"\011\215\255p\362\215\344\343.\336\207\306\365\266H"
 1066      F28DE4E3 
 1066      2EDE87C6 
 1066      F5B648
 1067 011c 2AD8C514 		.ascii	"*\330\305\024\321\220\205\033g\375\017\230\263\003\260"
 1067      D190851B 
 1067      67FD0F98 
 1067      B303B0
 1068 012b 434D5EDA 		.ascii	"CM^\332k?C\364\017\233\214\270;\351X6b\312\276W2^q\276"
 1068      6B3F43F4 
 1068      0F9B8CB8 
 1068      3BE95836 
 1068      62CABE57 
 1069 0143 589D306E 		.ascii	"X\2350n\271r\277\342\007\351Y\177z\"\230,\272%\223\015"
 1069      B972BFE2 
 1069      07E9597F 
 1069      7A22982C 
 1069      BA25930D 
 1070 0157 95D18279 		.ascii	"\225\321\202yP\362\374\300\024\306rW\257\230\374X:\002"
 1070      50F2FCC0 
 1070      14C67257 
 1070      AF98FC58 
 1070      3A02
 1071 0169 7706FA06 		.ascii	"w\006\372\006\323\303w\013\331\321{\267\363\343t)\223"
 1071      D3C3770B 
 1071      D9D17BB7 
 1071      F3E37429 
 1071      93
 1072 017a 31F1B695 		.ascii	"1\361\266\225\345\342C3\351O?\012\214\353{\236_5\267"
 1072      E5E24333 
 1072      E94F3F0A 
 1072      8CEB7B9E 
 1072      5F35B7
 1073 018d F2B96C6E 		.ascii	"\362\271ln\316Tg*n\306%TO\306(\343\016\272\375\356\265"
 1073      CE54672A 
 1073      6EC62554 
 1073      4FC628E3 
ARM GAS  /tmp/ccmikCwY.s 			page 30


 1073      0EBAFDEE 
 1074 01a2 1BFDF41F 		.ascii	"\033\375\364\037\213\320\207K"
 1074      8BD0874B 
 1075              		.text
 1076              		.section	.gnu.lto_.symbol_nodes.1311a50c6d762b64,"e",%progbits
 1077 0000 789C4B63 		.ascii	"x\234Kc\000\002\246\023L\365\034\015@\300\3028\341\034"
 1077      0002A613 
 1077      4CF51C0D 
 1077      40C0C238 
 1077      E11C
 1078 0012 03433D03 		.ascii	"\003C=\003\303\256\011ML \211\223L\365\234X%N1\325s"
 1078      C3AE094D 
 1078      4C208993 
 1078      4CF59C58 
 1078      254E31D5 
 1079 0027 619538CD 		.ascii	"a\2258\315T\317\215M\202\001\000\375\365\034\177"
 1079      54CF8D4D 
 1079      820100FD 
 1079      F51C7F
 1080              		.text
 1081              		.section	.gnu.lto_.refs.1311a50c6d762b64,"e",%progbits
 1082 0000 789C6364 		.ascii	"x\234cd\000\002\000\000\012\000\002"
 1082      00020000 
 1082      0A0002
 1083              		.text
 1084              		.section	.gnu.lto_.decls.1311a50c6d762b64,"e",%progbits
 1085 0000 789C9557 		.ascii	"x\234\225WmP\224\327\025\276\367\354\313rA\020h\222"
 1085      6D5094D7 
 1085      15BEF7EC 
 1085      CB724110 
 1085      6892
 1086 0012 0933C519 		.ascii	"\0113\305\031\376\225I\253+~\304\244\323\037\342\202"
 1086      FE9549AB 
 1086      2B7EC4A4 
 1086      D31FE282 
 1087 0022 95CE10E9 		.ascii	"\225\316\020\351\256q\246\211\031C\226\235\312\350\202"
 1087      AE71A689 
 1087      1943969D 
 1087      CAE882
 1088 0031 0324D53F 		.ascii	"\003$\325?\235\273\200\210\006\024P\021\221\342B\374"
 1088      9DBB8088 
 1088      06145011 
 1088      91E242FC 
 1089 0041 AE9A55A9 		.ascii	"\256\232U\251\"\242\256\210\202_\021E\374\"\"\242(F"
 1089      22A2AE88 
 1089      825F1145 
 1089      FC2222A2 
 1089      2846
 1090 0053 51546A29 		.ascii	"QTj)~\320s\337\367\335\313.q\246\355\016\347\276\367"
 1090      7ED073DF 
 1090      F7DDCB2E 
 1090      71A6ED0E 
 1090      E7BEF7
 1091 0066 BDCF39CF 		.ascii	"\275\3179\317y\356\327a\367w\241\204\304\003!!\224\220"
 1091      79EED761 
 1091      F777A184 
 1091      C4032121 
ARM GAS  /tmp/ccmikCwY.s 			page 31


 1091      9490
 1092 0078 61FC0410 		.ascii	"a\374\004\020B\256\242\205\240\325\023m<\024m\036Z3"
 1092      42AEA285 
 1092      A0D5136D 
 1092      3C146D1E 
 1092      5A33
 1093 008a BE8FC1E7 		.ascii	"\276\217\301\347\347hw\261o\307g\032\332B4\007\332Y"
 1093      E76877B1 
 1093      6FC7671A 
 1093      DA423407 
 1093      DA59
 1094 009c E419AB8F 		.ascii	"\344\031\253\217\013\337(\264_\241\315\323yDl;\366\207"
 1094      0BDF28B4 
 1094      5FA1CDD3 
 1094      79446C3B 
 1094      F687
 1095 00ae D12EA3F5 		.ascii	"\321.\243\365\2401\235K\301g\033\306\243\034\225\263"
 1095      A0319D4B 
 1095      C1671BC6 
 1095      A31C95B3 
 1096 00be F92DB1C2 		.ascii	"\371-\261\302\237\350\376\276<\227\204f\214eD\323\342"
 1096      9FE8FEBE 
 1096      3C978466 
 1096      8C6544D3 
 1096      E2
 1097 00cf CD3D4FD7 		.ascii	"\315=O\327\372[\264x\252\371v\240_\020\321\364zs|1*"
 1097      FA5BB478 
 1097      AAF976A0 
 1097      5F10D1F4 
 1097      7A737C31 
 1098 00e4 875793F1 		.ascii	"\207W\223\361\035\252\030\337\243\321\012l~px[p\204"
 1098      1DAA18DF 
 1098      A3D10A6C 
 1098      7E70785B 
 1098      7084
 1099 00f6 87F341EE 		.ascii	"\207\363A\356\311\013\032WO\017\241\313a\252\272\360"
 1099      C90B1A57 
 1099      4F0FA1CB 
 1099      61AABAF0 
 1100 0106 286CFA03 		.ascii	"(l\372\003\261)~\027\275y5e \306s\003\024\350}r`\325"
 1100      B1297E17 
 1100      BD793565 
 1100      20C67303 
 1100      14E87D72 
 1101 011c D8302EE2 		.ascii	"\3300.\342\370\212_\274\243\3055R\022{\234\032c\250"
 1101      F88A5FBC 
 1101      A3C53552 
 1101      127B9C1A 
 1101      63A8
 1102 012e 58EF307C 		.ascii	"X\3570|\022\026B\246r\365\323\375Kr\222\212i\222\351"
 1102      121642A6 
 1102      72F5D3FD 
 1102      4B72928A 
 1102      6992E9
 1103 0141 21EC8F44 		.ascii	"!\354\217D\201G\227\317\275\032\023\346\321\031\210"
 1103      814797CF 
 1103      BD1A13E6 
ARM GAS  /tmp/ccmikCwY.s 			page 32


 1103      D11988
 1104 0150 CAD04C63 		.ascii	"\312\320LcN\321&z\202*\260\363\266\273!\360}\014\314"
 1104      4ED1267A 
 1104      822AB0F3 
 1104      B6BB21F0 
 1104      7D0CCC
 1105 0163 E3DCA3B4 		.ascii	"\343\334\243\264\320c\364(\206\237\246\"\211*\316(\304"
 1105      D063F428 
 1105      869FA622 
 1105      892ACE28 
 1105      C4
 1106 0174 51A12B8C 		.ascii	"Q\241+\214}&F\236`T\313\255\302}?\223u\001e\375@\215"
 1106      7D26469E 
 1106      6054CBAD 
 1106      C27D3F93 
 1106      750165FD 
 1107 018a E3E8B068 		.ascii	"\343\350\260h\010\373\002\263w\016\364\3566\210\354"
 1107      08FB02B3 
 1107      770EF4EE 
 1107      3688EC
 1108 0199 FD3C27D7 		.ascii	"\375<'\327H\246N\"\227\350\270S\364\"mE\226\227\217"
 1108      48A64E22 
 1108      97E8B853 
 1108      F4226D45 
 1108      96978F
 1109 01ac 8FDE53BC 		.ascii	"\217\336S\274\271i\033=G\317\212E\246\202\011coT\334"
 1109      B9691B3D 
 1109      47CF8A45 
 1109      A6820963 
 1109      6F54DC
 1110 01bf D91F18D6 		.ascii	"\331\037\030\326\365\366\330\252Guk\202dl\273\177,\252"
 1110      F5F6D8AA 
 1110      47756B82 
 1110      646CBB7F 
 1110      2CAA
 1111 01d1 7429D874 		.ascii	"t)\330t\251\272\3072\273\030\231\246@\3036\347\371\320"
 1111      A9BAC732 
 1111      BB1899A6 
 1111      40C336E7 
 1111      F9D0
 1112 01e3 D1B27F44 		.ascii	"\321\262\177D\331\035\310Xy\277\335\005>+q\235^C\364"
 1112      D91DC858 
 1112      79BFDD05 
 1112      3E2B719D 
 1112      5E43F4
 1113 01f6 26150EEA 		.ascii	"&\025\016\352J\010\306hA\010,C\014\004*\340\274\360"
 1113      4A08C668 
 1113      41082C43 
 1113      0C042AE0 
 1113      BCF0
 1114 0208 ED36184D 		.ascii	"\3556\030Mx\007\011\273\221\360b\333\261g\301>\204]"
 1114      780709BB 
 1114      91F062DB 
 1114      B167C13E 
 1114      845D
 1115 021a F4963817 		.ascii	"\364\2268\027T8\340\364\216\365\237\350fbzo\337\230"
 1115      5438E0F4 
ARM GAS  /tmp/ccmikCwY.s 			page 33


 1115      8EF59FE8 
 1115      66627A6F 
 1115      DF98
 1116 022c 816B8777 		.ascii	"\201k\207w\313\305Qz\374\243\305\004\015b\202D\3501"
 1116      CBC5517A 
 1116      FCA3C504 
 1116      0D628244 
 1116      E831
 1117 023e B26C31F2 		.ascii	"\262l1\362>.\367\251\334\275l\264\236G\250\347!2.\273"
 1117      3E2EF7A9 
 1117      DCBD6CB4 
 1117      9E47A8E7 
 1117      21322EBB 
 1118 0252 E37CC07C 		.ascii	"\343|\300|\364<\240\275\210\366Q\341\240N\320\300\376"
 1118      F43CA0BD 
 1118      88F651E1 
 1118      A04ED0C0 
 1118      FE
 1119 0263 AA3203CB 		.ascii	"\2522\003\313\245\352\000\260\"\265\343\242\254T\033"
 1119      A5EA00B0 
 1119      22B5E3A2 
 1119      AC541B
 1120 0272 A16C23EE 		.ascii	"\241l#\356\254\013m\247:\220\027\205\002\\]\224}O\211"
 1120      AC0B6DA7 
 1120      3A901785 
 1120      025C5D94 
 1120      7D4F89
 1121 0285 1275A4BA 		.ascii	"\022u\244\272\256\332\370\201\367\023)\032\241e\377"
 1121      AEDAF881 
 1121      F713291A 
 1121      A165FF
 1122 0294 FAE1E6D4 		.ascii	"\372\341\346\324\255\3130m\251;\374&\275A\363A[\334"
 1122      ADCB306D 
 1122      A93BFC26 
 1122      BD41F341 
 1122      5BDC
 1123 02a6 AB689309 		.ascii	"\253h\223\011\272\270_\334\340<:\257P\351\243\377DT"
 1123      BAB85FDC 
 1123      E03C3AAF 
 1123      50E9A3FF 
 1123      4454
 1124 02b8 533620D1 		.ascii	"S6 \321g\022\035\224\350-\025\255Ftm\007\242\316B\345"
 1124      67121D94 
 1124      E82D15AD 
 1124      46746D07 
 1124      A2CE42E5 
 1125 02cc 0A3D8FA8 		.ascii	"\012=\217\250v\020\316Ht@\217\275G\377\205\250\266\212"
 1125      7610CE48 
 1125      74408FBD 
 1125      47FF85A8 
 1125      B68A
 1126 02de 2F24F31B 		.ascii	"/$\363\033\311\374\223d\276/c\007e\354s\031\373L\306"
 1126      C9FC9364 
 1126      BE2F6307 
 1126      65EC7319 
 1126      FB4CC6
 1127 02f1 967568E8 		.ascii	"\226uh\350i\352AT\2738Gdl\277\214\375\267\214\215\325"
ARM GAS  /tmp/ccmikCwY.s 			page 34


 1127      69EA4154 
 1127      BB384764 
 1127      6CBF8CFD 
 1127      B78C8DD5 
 1128 0305 43712578 		.ascii	"Cq%x\020yI\207p,\037N\321e0L\235\360\206\346\302JX\001"
 1128      10794987 
 1128      702C1F4E 
 1128      D165304C 
 1128      9DF086E6 
 1129 031d 395000AF 		.ascii	"9P\000\257q\361\363`9\326\032r\033\311\3127\256V\311"
 1129      71F1F360 
 1129      39D61A72 
 1129      1BC9CA37 
 1129      AE56C9
 1130 0330 7AE82B24 		.ascii	"z\350+$\323\266\265A\246*\356\360\246\272-SuJ\364\225"
 1130      D3B6B541 
 1130      A62AEEF0 
 1130      A6BA2D53 
 1130      754AF495 
 1131 0344 14F244A2 		.ascii	"\024\362D\242\217\345$\206\344\002<\225\013\320\257"
 1131      8FE52486 
 1131      E4023C95 
 1131      0BD0AF
 1132 0353 A2EC10E0 		.ascii	"\242\354\020\340)\335\361\370\301\301\240H\177\315\337"
 1132      29DDF1F8 
 1132      C1C1A048 
 1132      7FCDDF
 1133 0362 C27F15AD 		.ascii	"\302\177\025\255\300O\333\217\246\312\202W\250k.\002"
 1133      C04FDB8F 
 1133      A6CA8257 
 1133      A86B2E02 
 1134 0372 01E5386F 		.ascii	"\001\3458o\276\246\022\213\321\240U\240\036\302\002"
 1134      BEA6128B 
 1134      D1A055A0 
 1134      1EC202
 1135 0381 2AEA8DE8 		.ascii	"*\352\215\350\211Z\350\302c\273\342\311\360y\303\350"
 1135      895AE8C2 
 1135      63BBE2C9 
 1135      F079C3E8 
 1136 0391 33BD0648 		.ascii	"3\275\006H\354!\004\333Z7\015\006\370\234\351R(A\236"
 1136      EC2104DB 
 1136      5A370D06 
 1136      F89CE952 
 1136      28419E
 1137 03a4 B5201C08 		.ascii	"\265 \034\010;!f\340)jhR\313\310\240\347m\367l\250\365"
 1137      3B2166E0 
 1137      296A6852 
 1137      CBC8A0E7 
 1137      6DF76CA8 
 1138 03b9 659F5132 		.ascii	"e\237Q2\224\201\037\003\312h\025M\270\270f\224\265\250"
 1138      94811F03 
 1138      CA68154D 
 1138      B8B86694 
 1138      B5A8
 1139 03cb 75D9A0C0 		.ascii	"u\331\240\300\332\236}+CFk\372\033j\252\004\005\016"
 1139      DA9E7D2B 
 1139      43466BFA 
ARM GAS  /tmp/ccmikCwY.s 			page 35


 1139      1B6AAA04 
 1139      050E
 1140 03dd 552DAF36 		.ascii	"U-\2576\372h\252\200\015HU\005\302\001\365\254\177X"
 1140      FA68AA80 
 1140      0D485505 
 1140      C201F5AC 
 1140      7F58
 1141 03ef E5547C12 		.ascii	"\345T|\022\372\301H\337B\330y \354\242\232\313#\032"
 1141      FAC148DF 
 1141      42D87920 
 1141      ECA29ACB 
 1141      231A
 1142 0401 86D93D84 		.ascii	"\206\331=\204\265\213\331\254\\\271\267:`t\346m\230"
 1142      B58BD9AC 
 1142      5CB9B73A 
 1142      6074E66D 
 1142      98
 1143 0412 799202C7 		.ascii	"y\222\002\307\367l\351\362\275\340[`3Rn\007\201c\250"
 1143      F76CE9F2 
 1143      BDE05B60 
 1143      33526E07 
 1143      8163A8
 1144 0425 FBEAA1DD 		.ascii	"\373\352\241\335\301>\211\375`L\363\021\273\216y;\325"
 1144      C13E89FD 
 1144      604CF311 
 1144      BB8E793B 
 1144      D5
 1145 0436 BC13D91D 		.ascii	"\274\023\331\035\354?P\3731\3541\366\237\243\015\252"
 1145      EC3F50FB 
 1145      31EC31F6 
 1145      9FA30DAA 
 1146 0446 EF916821 		.ascii	"\357\221h!(\251\213\2607\352\300\030\005\212\334\353"
 1146      28A98BB0 
 1146      37EAC018 
 1146      058ADCEB 
 1147 0456 F6D0D1B2 		.ascii	"\366\320\321\262\360\000\305\326\341\202<ml_\023\350"
 1147      F000C5D6 
 1147      E1823C6D 
 1147      6C5F13E8 
 1148 0466 53E70FC0 		.ascii	"S\347\017\300?0c=\010\007\324Uy\261s\037\370\224r?\230"
 1148      3F30633D 
 1148      0807D455 
 1148      79B1731F 
 1148      F894723F 
 1149 047b E51808CB 		.ascii	"\345\030\010\313G[\211V\214\266\016\255\302 \322\026"
 1149      475B8956 
 1149      8CB60EAD 
 1149      C220D216 
 1150 048b 8AEADEC5 		.ascii	"\212\352\336\305\230\313@\224\337\264\355\317\337\026"
 1150      98CB4094 
 1150      DFB4EDCF 
 1150      DF16
 1151 0499 A0D79C51 		.ascii	"\240\327\234Q\037\365\212tj5\3420\034\204f\3202\324"
 1151      1FF58A74 
 1151      6A35E230 
 1151      1C8466D0 
 1151      32D4
ARM GAS  /tmp/ccmikCwY.s 			page 36


 1152 04ab 8238E6E2 		.ascii	"\2028\346\342z\225Vy\257\327~D5\361\342\232\324\323"
 1152      7A955679 
 1152      AFD77E44 
 1152      35F1E29A 
 1152      D4D3
 1153 04bd 91DB7A02 		.ascii	"\221\333z\002\032\321\277\031\017\376\005\370\001\316"
 1153      1AD1BF19 
 1153      0FFE05F8 
 1153      01CE
 1154 04cb C3156887 		.ascii	"\303\025h\207\353p\022N\301\015h\205\253p\032.\303Y"
 1154      EB70124E 
 1154      C10D6885 
 1154      AB701A2E 
 1154      C359
 1155 04dd B8066D70 		.ascii	"\270\006mp\021.\30198\003-\336\333\333 \351\233$\375"
 1155      112EC139 
 1155      38032DDE 
 1155      DBDB20E9 
 1155      9B24FD
 1156 04f0 6A99BC42 		.ascii	"j\231\274B\242{$\272\033\274\311\335\365\235\332\005"
 1156      A27B24BA 
 1156      1BBCC9DD 
 1156      F59DDA05 
 1157 0500 5D0B83B4 		.ascii	"]\013\203\264Y?\235\305\032,\242\253d\364\337e\364N"
 1157      593F9DC5 
 1157      1A2CA2AB 
 1157      64F4DF65 
 1157      F44E
 1158 0512 0DDE8270 		.ascii	"\015\336\202p\235\036\275\036\326\2017\272\227zS\017"
 1158      9D1EBD1E 
 1158      D68137BA 
 1158      977A530F 
 1159 0522 CAB2724C 		.ascii	"\312\262rL\006o\226\302^H\324#\321X\225\271G\324U\035"
 1159      066F96C2 
 1159      5E48D423 
 1159      D15895B9 
 1159      47D4551D 
 1160 0536 2D83E3BE 		.ascii	"-\203\343\276\250\026Z&U\355\225\240\033dlm\2257\266"
 1160      A8165A26 
 1160      55ED95A0 
 1160      1B646C6D 
 1160      9537B6
 1161 0549 5AC2AE11 		.ascii	"Z\302\256\021\321\007t\321\233`#\302\332\375(We\211"
 1161      D10774D1 
 1161      9B6023C2 
 1161      DAFD2857 
 1161      6589
 1162 055b E07D32B8 		.ascii	"\340}2\270\306/X\313\\)3\357\362[\017\015}%\247tD\242"
 1162      C62F58CB 
 1162      5C2933EF 
 1162      F25B0F0D 
 1162      7D25A774 
 1163 0571 1B243A24 		.ascii	"\033$:$\321\243~\313\241/u\271\244\376\336o\243&\253"
 1163      D1A37ECB 
 1163      A12F75B9 
 1163      A4FEDE6F 
 1163      A326AB
ARM GAS  /tmp/ccmikCwY.s 			page 37


 1164 0584 A2DDBAE8 		.ascii	"\242\335\272\350\035\260\025Q\355n}'\251\337H\352\006"
 1164      1DB01551 
 1164      ED6E7D27 
 1164      A9DF48EA 
 1164      06
 1165 0595 BFC43AF5 		.ascii	"\277\304:\365ZI\275\317o\275\260\012o\305\323\015\335"
 1165      5A49BDCF 
 1165      6FBDB00A 
 1165      6FC5D30D 
 1165      DD
 1166 05a6 B70F1F65 		.ascii	"\267\017\037e\221\376g\261\003\376\357\303\210\245\367"
 1166      91FE67B1 
 1166      03FEEFC3 
 1166      88A5F7
 1167 05b5 7EE987B2 		.ascii	"~\351\207\262\362\376\250g\272\251^\303\327wV7\206<"
 1167      F2FEA867 
 1167      BAA95EC3 
 1167      D7775637 
 1167      863C
 1168 05c7 A798A080 		.ascii	"\247\230\240\200{\234M\214\327\344\025\361|\336\344"
 1168      7B9C4D8C 
 1168      D7E415F1 
 1168      7CDEE4
 1169 05d6 A4E5BC8E 		.ascii	"\244\345\274\216\273j\013\213\014\0255M\005Nt\210\254"
 1169      BB6A0B8B 
 1169      0C15354D 
 1169      054E7488 
 1169      AC
 1170 05e7 C9ADE315 		.ascii	"\311\255\343\025\356/+*xacu\001wQ\232\203\303\036\247"
 1170      EE2F2B2A 
 1170      78616375 
 1170      0177519A 
 1170      83C31EA7 
 1171 05fb B1021FE8 		.ascii	"\261\002\037\350Q\030\311+\305\267\321\374B\027uj_L"
 1171      5118C92B 
 1171      C5B7D1FC 
 1171      4217756A 
 1171      5F4C
 1172 060d 7928AFE5 		.ascii	"y(\257\345<\027-\272\"\317\355q\342TZ\251\353\273|D"
 1172      3C172DBA 
 1172      22CFED71 
 1172      E2545AA9 
 1172      EBBB7C44 
 1173 0621 BE442B76 		.ascii	"\276D+v\336s.\017\355w\366\362\3659\275\305\321\271"
 1173      DE732E0F 
 1173      ED77F6F2 
 1173      F539BDC5 
 1173      D1B9
 1174 0633 5C24CAE7 		.ascii	"\\$\312\347\264\334\205\036\236|\0165\374\004/\341\225"
 1174      B4DC851E 
 1174      9E7C0E35 
 1174      FC042FE1 
 1174      95
 1175 0644 4563736A 		.ascii	"Ecsj^\035p\346\344\261\342\032OA\211\253\211\207;\273"
 1175      5E1D70E6 
 1175      E4B1E21A 
 1175      4F4189AB 
ARM GAS  /tmp/ccmikCwY.s 			page 38


 1175      89873BBB 
 1176 0658 4F16386B 		.ascii	"O\0268k8\017/u\241t\264\010\247\320\211\026^\202M\261"
 1176      380F2F75 
 1176      A174B408 
 1176      A7D08916 
 1176      5E824DB1 
 1177 066c A7894738 		.ascii	"\247\211G8\305\302\271\362x\004o\364\024\024sO\301b"
 1177      C5C2B9F2 
 1177      78046FF4 
 1177      1414734F 
 1177      C162
 1178 067e 21AB0447 		.ascii	"!\253\004G\250\360)\341\036\036^\242\2150\247\313S\300"
 1178      A8F029E1 
 1178      1E1E5EA2 
 1178      8D30A7CB 
 1178      53C0
 1179 0690 37635035 		.ascii	"7cP5v\004\032Q\322\205\031rDG\220\362\032\017_\3069"
 1179      76041A51 
 1179      D2851972 
 1179      444790F2 
 1179      1A0F5FC6 
 1180 06a5 53BF656B 		.ascii	"S\277eks\003\375\311\360{[\357\221c\301\003b\031w\035"
 1180      7303FDC9 
 1180      F07B5BEF 
 1180      9163C103 
 1180      6219771D 
 1181 06b9 6CBD45B5 		.ascii	"l\275E\265_\034\357\025O'\224\277\033\316Z\304nn8sv"
 1181      5F1CEF15 
 1181      4F2794BF 
 1181      1BCE5AC4 
 1181      6E6E3873 
 1182 06ce 9741FC86 		.ascii	"\227A\374\206h\241\317\361\265\375\341\320\246 \355"
 1182      68A1CFF1 
 1182      B5FDE1D0 
 1182      A620ED
 1183 06dd F536605D 		.ascii	"\3656`]\003,k\3418\274y\353\335\300(\344\031\340<\346"
 1183      032C6BE1 
 1183      38BC79EB 
 1183      DDC028E4 
 1183      19E03CE6 
 1184 06f1 11B90B58 		.ascii	"\021\271\013X\221I\017\220nu\267\370\205^\036\022S^"
 1184      91490F90 
 1184      6E75B7F8 
 1184      855E1E12 
 1184      535E
 1185 0703 CE07EF1E 		.ascii	"\316\007\357\036y\266!\214\267\2522z\240\013\317\204"
 1185      79B6218C 
 1185      B7AA327A 
 1185      A00BCF84 
 1186 0713 C8D905E4 		.ascii	"\310\331\005\344\026t\302\364\035\201l\231\362\363\234"
 1186      1674C2F4 
 1186      1D816C99 
 1186      F2F39C
 1187 0722 2D437D65 		.ascii	"-C}e\301\243\311\261\334\367\252\344-wW4\207\012rwm"
 1187      C1A3C9B1 
 1187      DCF7AAE4 
 1187      2D775734 
ARM GAS  /tmp/ccmikCwY.s 			page 39


 1187      870A7277 
 1188 0737 3E1E4CB1 		.ascii	">\036L\261\267\370\277\340\276N}_\247^\027\310\326\013"
 1188      B7F8BFE0 
 1188      BE4E7D5F 
 1188      A75E17C8 
 1188      D60B
 1189 0749 EAC255BB 		.ascii	"\352\302U\273\267\007\252\336\003\322\273\007\036\352"
 1189      B707AADE 
 1189      03D2BB07 
 1189      1EEA
 1190 0757 DE0F75EF 		.ascii	"\336\017u\357+FV+\274\313\236\256ziT\275\353\227\217"
 1190      2B46562B 
 1190      BCCB9EAE 
 1190      7A6954BD 
 1190      EB978F
 1191 076a 70F7E9DE 		.ascii	"p\367\351\336}\272w\243\221\004Y\022\254\011\226\271"
 1191      7DBA77A3 
 1191      91045912 
 1191      AC0996B9 
 1192 077a 09F1533F 		.ascii	"\011\361S?\2300\301\244\375ed\231\026\244,2-\316\310"
 1192      9830C1A4 
 1192      FD656499 
 1192      16A42C32 
 1192      2DCEC8
 1193 078d CCCE32D9 		.ascii	"\314\3162\3312\034\216\214tS\234%\311\234\264\304\224"
 1193      321C8E8C 
 1193      74539C25 
 1193      C99CB4C4 
 1193      94
 1194 079e FE4D9A6D 		.ascii	"\376M\232m\202\215\375\376\223O\243\315\261\323H\270"
 1194      828DFDFE 
 1194      934FA3CD 
 1194      B1D348B8 
 1195 07ae F63EC136 		.ascii	"\366>\3016\315\026k\233\372q,a_\247\245gO\2364?\033"
 1195      CD166B9B 
 1195      FA712C61 
 1195      5FA7A567 
 1195      4F9E343F 
 1196 07c3 12930345 		.ascii	"\022\223\003E\377\243\371\3312\305\024%1"
 1196      FFA3F9D9 
 1196      32C51425 
 1196      31
 1197 07d0 6E8645BE 		.ascii	"n\206E\276NV\022\315\311#\257\223\224Dk\262\205Y\264"
 1197      4E5612CD 
 1197      C923AF93 
 1197      94446BB2 
 1197      8559B4
 1198 07e3 B7580413 		.ascii	"\267X\004\023F\300\211\010&X\024\353\234D\313\037L\013"
 1198      46C08908 
 1198      265814EB 
 1198      9C44CB1F 
 1198      4C0B
 1199 07f5 321C7693 		.ascii	"2\034v\223#eiJ\372B\223mA\332Wi\031Y\343\377\222\221"
 1199      2365694A 
 1199      FA42936D 
 1199      41DA5769 
 1199      1959E3FF 
ARM GAS  /tmp/ccmikCwY.s 			page 40


 1200 080b B9306B71 		.ascii	"\2710kq\212\315n2\213\221\331VS\252\335\201\023\261"
 1200      8ACD6E32 
 1200      8B91D956 
 1200      53AADD81 
 1200      13B1
 1201 081d CE499A3C 		.ascii	"\316I\232<\311d\2313^\355\314\2342q\332\370\370D\253"
 1201      C9649933 
 1201      5EEDCC9C 
 1201      3271DAF8 
 1201      F844AB
 1202 0830 79F6DC04 		.ascii	"y\366\334\004\313\237\310\307\276S\326'j_\222-&k2'Y"
 1202      CB9FC8C7 
 1202      BE53D627 
 1202      6A5F922D 
 1202      266B3227 
 1203 0845 13AD2673 		.ascii	"\023\255&sF\246\335\224\230n[\364u\252\035=2\355\363"
 1203      46A6DD94 
 1203      986E5BF4 
 1203      75AA1D3D 
 1203      32EDF3
 1204 0858 6D8E2913 		.ascii	"m\216)\023\026\220\240O\346&\232\347\317Y\272\330\216"
 1204      1690A04F 
 1204      E6269AE7 
 1204      CF59BAD8 
 1204      8E
 1205 0869 C2E22C4A 		.ascii	"\302\342,JR\322L\213!.\336b\210\307g\362L\213\0227\323"
 1205      52D24C8B 
 1205      212EDE62 
 1205      88C767F2 
 1205      4C8B1237 
 1206 087e 6A5166CC 		.ascii	"jQf\314\214\263\004 \204\016\361\342}\226h\314\330\004"
 1206      8CB30420 
 1206      840EF1E2 
 1206      7D9668CC 
 1206      D804
 1207 0890 586799AD 		.ascii	"Xg\231\255\026\203uV\262\301l\306\247\331\022\020\227"
 1207      16837556 
 1207      B2C16CC6 
 1207      A7D91210 
 1207      97
 1208 08a1 68315B94 		.ascii	"h1[\224\271sf[p\346\350aN\37641\036\3338\263\205Y\315"
 1208      B973665B 
 1208      70E6E861 
 1208      4EFE3431 
 1208      1EDB38B3 
 1209 08b8 33D45C86 		.ascii	"3\324\\\206\330\017IPJ\246\343\233i\366\361\016\022"
 1209      D80F4950 
 1209      4AA6E39B 
 1209      69F6F10E 
 1209      12
 1210 08c9 8C7AB2ED 		.ascii	"\214z\262\355K\306;\246h\373\220\220\236\362\325\"\373"
 1210      4BC63BA6 
 1210      68FB9090 
 1210      9EF2D522 
 1210      FB
 1211 08da 5CBB2D3B 		.ascii	"\\\273-;#\363\327\377\373f\222\010\361\214O\313\032"
 1211      23F3D7FF 
ARM GAS  /tmp/ccmikCwY.s 			page 41


 1211      FB669208 
 1211      F18C4FCB 
 1211      1A
 1212 08eb 898E1223 		.ascii	"\211\216\022#V{\266uiV\266\3351+%=u\221=393-#3-{\251"
 1212      567BB675 
 1212      6956B6DD 
 1212      312B253D 
 1212      75913D33 
 1213 0907 9ACBBCC8 		.ascii	"\232\313\274\310\236\222\231lOOMK\377\363\177\000\264"
 1213      9E92996C 
 1213      4F4F4D4B 
 1213      FFF37F00 
 1213      B4
 1214 0918 666AC5   		.ascii	"fj\305"
 1215              		.text
 1216              		.section	.gnu.lto_.symtab.1311a50c6d762b64,"e",%progbits
 1217 0000 6E766963 		.ascii	"nvicEnableVector\000"
 1217      456E6162 
 1217      6C655665 
 1217      63746F72 
 1217      00
 1218 0011 00       		.ascii	"\000"
 1219 0012 00       		.ascii	"\000"
 1220 0013 00       		.ascii	"\000"
 1221 0014 00000000 		.ascii	"\000\000\000\000\000\000\000\000"
 1221      00000000 
 1222 001c 65010000 		.ascii	"e\001\000\000"
 1223 0020 6E766963 		.ascii	"nvicDisableVector\000"
 1223      44697361 
 1223      626C6556 
 1223      6563746F 
 1223      7200
 1224 0032 00       		.ascii	"\000"
 1225 0033 00       		.ascii	"\000"
 1226 0034 00       		.ascii	"\000"
 1227 0035 00000000 		.ascii	"\000\000\000\000\000\000\000\000"
 1227      00000000 
 1228 003d 69010000 		.ascii	"i\001\000\000"
 1229 0041 6E766963 		.ascii	"nvicSetSystemHandlerPriority\000"
 1229      53657453 
 1229      79737465 
 1229      6D48616E 
 1229      646C6572 
 1230 005e 00       		.ascii	"\000"
 1231 005f 00       		.ascii	"\000"
 1232 0060 00       		.ascii	"\000"
 1233 0061 00000000 		.ascii	"\000\000\000\000\000\000\000\000"
 1233      00000000 
 1234 0069 6B010000 		.ascii	"k\001\000\000"
 1235 006d 6E766963 		.ascii	"nvicClearPending\000"
 1235      436C6561 
 1235      7250656E 
 1235      64696E67 
 1235      00
 1236 007e 00       		.ascii	"\000"
 1237 007f 00       		.ascii	"\000"
 1238 0080 00       		.ascii	"\000"
ARM GAS  /tmp/ccmikCwY.s 			page 42


 1239 0081 00000000 		.ascii	"\000\000\000\000\000\000\000\000"
 1239      00000000 
 1240 0089 6D010000 		.ascii	"m\001\000\000"
 1241              		.text
 1242              		.section	.gnu.lto_.ext_symtab.1311a50c6d762b64,"e",%progbits
 1243 0000 01       		.ascii	"\001"
 1244 0001 01       		.ascii	"\001"
 1245 0002 00       		.ascii	"\000"
 1246 0003 01       		.ascii	"\001"
 1247 0004 00       		.ascii	"\000"
 1248 0005 01       		.ascii	"\001"
 1249 0006 00       		.ascii	"\000"
 1250 0007 01       		.ascii	"\001"
 1251 0008 00       		.ascii	"\000"
 1252              		.text
 1253              		.section	.gnu.lto_.opts,"e",%progbits
 1254 0000 272D666E 		.ascii	"'-fno-openmp' '-fno-openacc' '-fno-pie' '-fcf-prote"
 1254      6F2D6F70 
 1254      656E6D70 
 1254      2720272D 
 1254      666E6F2D 
 1255 0033 6374696F 		.ascii	"ction=none' '-g' '-mcpu=cortex-m4' '-mthumb' '-mflo"
 1255      6E3D6E6F 
 1255      6E652720 
 1255      272D6727 
 1255      20272D6D 
 1256 0066 61742D61 		.ascii	"at-abi=soft' '-mlibarch=armv7e-m' '-march=armv7e-m'"
 1256      62693D73 
 1256      6F667427 
 1256      20272D6D 
 1256      6C696261 
 1257 0099 20272D4F 		.ascii	" '-O2' '-fomit-frame-pointer' '-falign-functions=16"
 1257      32272027 
 1257      2D666F6D 
 1257      69742D66 
 1257      72616D65 
 1258 00cc 2720272D 		.ascii	"' '-ffunction-sections' '-fdata-sections' '-fno-com"
 1258      6666756E 
 1258      6374696F 
 1258      6E2D7365 
 1258      6374696F 
 1259 00ff 6D6F6E27 		.ascii	"mon' '-flto' '-Xassembler' '-alms=./build/lst/nvic."
 1259      20272D66 
 1259      6C746F27 
 1259      20272D58 
 1259      61737365 
 1260 0132 6C737427 		.ascii	"lst'\000"
 1260      00
 1261              		.text
 1262              		.comm	__gnu_lto_slim,1,1
 1263              		.ident	"GCC: (15:13.2.rel1-2) 13.2.1 20231009"
ARM GAS  /tmp/ccmikCwY.s 			page 43


DEFINED SYMBOLS
                            *ABS*:00000000 nvic.c
     /tmp/ccmikCwY.s:21     .gnu.debuglto_.debug_info:00000000 nvic.c.c7c1c591
                            *COM*:00000001 __gnu_lto_slim

NO UNDEFINED SYMBOLS
