ARM GAS  /tmp/ccj4WOIe.s 			page 1


   1              		.cpu cortex-m4
   2              		.arch armv7e-m
   3              		.fpu softvfp
   4              		.eabi_attribute 20, 1
   5              		.eabi_attribute 21, 1
   6              		.eabi_attribute 23, 3
   7              		.eabi_attribute 24, 1
   8              		.eabi_attribute 25, 1
   9              		.eabi_attribute 26, 1
  10              		.eabi_attribute 30, 2
  11              		.eabi_attribute 34, 1
  12              		.eabi_attribute 18, 4
  13              		.file	"stm32_isr.c"
  14              		.file 1 "../../../os/hal/ports/common/ARMCMx/nvic.h"
  15              		.file 2 "../../../os/hal/ports/STM32/STM32F4xx/stm32_isr.c"
  16              		.file 3 "/usr/lib/gcc/arm-none-eabi/13.2.1/include/stdint.h"
  17              		.file 4 "../../../os/common/ext/ST/STM32F4xx/stm32f407xx.h"
  18              		.section	.gnu.debuglto_.debug_info,"e",%progbits
  19              	.Ldebug_info0:
  20              		.hidden	stm32_isr.c.2ca6470e
  21              		.weak	stm32_isr.c.2ca6470e
  22              	stm32_isr.c.2ca6470e:
  23 0000 D8020000 		.4byte	0x2d8
  24 0004 0500     		.2byte	0x5
  25 0006 01       		.byte	0x1
  26 0007 04       		.byte	0x4
  27 0008 00000000 		.4byte	.Ldebug_abbrev0
  28 000c 07       		.uleb128 0x7
  29 000d EA030000 		.4byte	.LASF105
  30 0011 1D       		.byte	0x1d
  31 0012 2D050000 		.4byte	.LASF106
  32 0016 BE040000 		.4byte	.LASF107
  33 001a 00000000 		.4byte	.Ldebug_line0
  34 001e 08       		.uleb128 0x8
  35 001f 04       		.byte	0x4
  36 0020 05       		.byte	0x5
  37 0021 696E7400 		.ascii	"int\000"
  38 0025 02       		.uleb128 0x2
  39 0026 04       		.byte	0x4
  40 0027 07       		.byte	0x7
  41 0028 B4030000 		.4byte	.LASF0
  42 002c 02       		.uleb128 0x2
  43 002d 08       		.byte	0x8
  44 002e 05       		.byte	0x5
  45 002f F5060000 		.4byte	.LASF1
  46 0033 02       		.uleb128 0x2
  47 0034 08       		.byte	0x8
  48 0035 04       		.byte	0x4
  49 0036 07020000 		.4byte	.LASF2
  50 003a 02       		.uleb128 0x2
  51 003b 01       		.byte	0x1
  52 003c 06       		.byte	0x6
  53 003d 70030000 		.4byte	.LASF3
  54 0041 02       		.uleb128 0x2
  55 0042 02       		.byte	0x2
  56 0043 05       		.byte	0x5
  57 0044 AB000000 		.4byte	.LASF4
ARM GAS  /tmp/ccj4WOIe.s 			page 2


  58 0048 02       		.uleb128 0x2
  59 0049 04       		.byte	0x4
  60 004a 05       		.byte	0x5
  61 004b 62020000 		.4byte	.LASF5
  62 004f 02       		.uleb128 0x2
  63 0050 01       		.byte	0x1
  64 0051 08       		.byte	0x8
  65 0052 2F030000 		.4byte	.LASF6
  66 0056 02       		.uleb128 0x2
  67 0057 02       		.byte	0x2
  68 0058 07       		.byte	0x7
  69 0059 08050000 		.4byte	.LASF7
  70 005d 09       		.uleb128 0x9
  71 005e D7010000 		.4byte	.LASF108
  72 0062 03       		.byte	0x3
  73 0063 34       		.byte	0x34
  74 0064 19       		.byte	0x19
  75 0065 69000000 		.4byte	0x69
  76 0069 02       		.uleb128 0x2
  77 006a 04       		.byte	0x4
  78 006b 07       		.byte	0x7
  79 006c E8050000 		.4byte	.LASF8
  80 0070 02       		.uleb128 0x2
  81 0071 08       		.byte	0x8
  82 0072 07       		.byte	0x7
  83 0073 FB000000 		.4byte	.LASF9
  84 0077 0A       		.uleb128 0xa
  85 0078 05       		.byte	0x5
  86 0079 01       		.byte	0x1
  87 007a 3A000000 		.4byte	0x3a
  88 007e 04       		.byte	0x4
  89 007f 55       		.byte	0x55
  90 0080 01       		.byte	0x1
  91 0081 9C020000 		.4byte	0x29c
  92 0085 03       		.uleb128 0x3
  93 0086 8F050000 		.4byte	.LASF10
  94 008a 72       		.sleb128 -14
  95 008b 03       		.uleb128 0x3
  96 008c 06060000 		.4byte	.LASF11
  97 0090 74       		.sleb128 -12
  98 0091 03       		.uleb128 0x3
  99 0092 CC030000 		.4byte	.LASF12
 100 0096 75       		.sleb128 -11
 101 0097 03       		.uleb128 0x3
 102 0098 E0010000 		.4byte	.LASF13
 103 009c 76       		.sleb128 -10
 104 009d 03       		.uleb128 0x3
 105 009e A5040000 		.4byte	.LASF14
 106 00a2 7B       		.sleb128 -5
 107 00a3 03       		.uleb128 0x3
 108 00a4 B1020000 		.4byte	.LASF15
 109 00a8 7C       		.sleb128 -4
 110 00a9 03       		.uleb128 0x3
 111 00aa E9060000 		.4byte	.LASF16
 112 00ae 7E       		.sleb128 -2
 113 00af 03       		.uleb128 0x3
 114 00b0 4D000000 		.4byte	.LASF17
ARM GAS  /tmp/ccj4WOIe.s 			page 3


 115 00b4 7F       		.sleb128 -1
 116 00b5 01       		.uleb128 0x1
 117 00b6 4A020000 		.4byte	.LASF18
 118 00ba 00       		.byte	0
 119 00bb 01       		.uleb128 0x1
 120 00bc 54060000 		.4byte	.LASF19
 121 00c0 01       		.byte	0x1
 122 00c1 01       		.uleb128 0x1
 123 00c2 DA030000 		.4byte	.LASF20
 124 00c6 02       		.byte	0x2
 125 00c7 01       		.uleb128 0x1
 126 00c8 54020000 		.4byte	.LASF21
 127 00cc 03       		.byte	0x3
 128 00cd 01       		.uleb128 0x1
 129 00ce CC010000 		.4byte	.LASF22
 130 00d2 04       		.byte	0x4
 131 00d3 01       		.uleb128 0x1
 132 00d4 7B000000 		.4byte	.LASF23
 133 00d8 05       		.byte	0x5
 134 00d9 01       		.uleb128 0x1
 135 00da C1030000 		.4byte	.LASF24
 136 00de 06       		.byte	0x6
 137 00df 01       		.uleb128 0x1
 138 00e0 84050000 		.4byte	.LASF25
 139 00e4 07       		.byte	0x7
 140 00e5 01       		.uleb128 0x1
 141 00e6 A9030000 		.4byte	.LASF26
 142 00ea 08       		.byte	0x8
 143 00eb 01       		.uleb128 0x1
 144 00ec 85060000 		.4byte	.LASF27
 145 00f0 09       		.byte	0x9
 146 00f1 01       		.uleb128 0x1
 147 00f2 8E000000 		.4byte	.LASF28
 148 00f6 0A       		.byte	0xa
 149 00f7 01       		.uleb128 0x1
 150 00f8 B5000000 		.4byte	.LASF29
 151 00fc 0B       		.byte	0xb
 152 00fd 01       		.uleb128 0x1
 153 00fe 10030000 		.4byte	.LASF30
 154 0102 0C       		.byte	0xc
 155 0103 01       		.uleb128 0x1
 156 0104 2C020000 		.4byte	.LASF31
 157 0108 0D       		.byte	0xd
 158 0109 01       		.uleb128 0x1
 159 010a 12000000 		.4byte	.LASF32
 160 010e 0E       		.byte	0xe
 161 010f 01       		.uleb128 0x1
 162 0110 5D060000 		.4byte	.LASF33
 163 0114 0F       		.byte	0xf
 164 0115 01       		.uleb128 0x1
 165 0116 77010000 		.4byte	.LASF34
 166 011a 10       		.byte	0x10
 167 011b 01       		.uleb128 0x1
 168 011c 2F060000 		.4byte	.LASF35
 169 0120 11       		.byte	0x11
 170 0121 01       		.uleb128 0x1
 171 0122 DF050000 		.4byte	.LASF36
ARM GAS  /tmp/ccj4WOIe.s 			page 4


 172 0126 12       		.byte	0x12
 173 0127 01       		.uleb128 0x1
 174 0128 1F020000 		.4byte	.LASF37
 175 012c 13       		.byte	0x13
 176 012d 01       		.uleb128 0x1
 177 012e 89010000 		.4byte	.LASF38
 178 0132 14       		.byte	0x14
 179 0133 01       		.uleb128 0x1
 180 0134 D1050000 		.4byte	.LASF39
 181 0138 15       		.byte	0x15
 182 0139 01       		.uleb128 0x1
 183 013a 5A000000 		.4byte	.LASF40
 184 013e 16       		.byte	0x16
 185 013f 01       		.uleb128 0x1
 186 0140 B1040000 		.4byte	.LASF41
 187 0144 17       		.byte	0x17
 188 0145 01       		.uleb128 0x1
 189 0146 7C030000 		.4byte	.LASF42
 190 014a 18       		.byte	0x18
 191 014b 01       		.uleb128 0x1
 192 014c 68000000 		.4byte	.LASF43
 193 0150 19       		.byte	0x19
 194 0151 01       		.uleb128 0x1
 195 0152 24000000 		.4byte	.LASF44
 196 0156 1A       		.byte	0x1a
 197 0157 01       		.uleb128 0x1
 198 0158 24010000 		.4byte	.LASF45
 199 015c 1B       		.byte	0x1b
 200 015d 01       		.uleb128 0x1
 201 015e FD020000 		.4byte	.LASF46
 202 0162 1C       		.byte	0x1c
 203 0163 01       		.uleb128 0x1
 204 0164 DF060000 		.4byte	.LASF47
 205 0168 1D       		.byte	0x1d
 206 0169 01       		.uleb128 0x1
 207 016a 84000000 		.4byte	.LASF48
 208 016e 1E       		.byte	0x1e
 209 016f 01       		.uleb128 0x1
 210 0170 8C020000 		.4byte	.LASF49
 211 0174 1F       		.byte	0x1f
 212 0175 01       		.uleb128 0x1
 213 0176 D2060000 		.4byte	.LASF50
 214 017a 20       		.byte	0x20
 215 017b 01       		.uleb128 0x1
 216 017c 22030000 		.4byte	.LASF51
 217 0180 21       		.byte	0x21
 218 0181 01       		.uleb128 0x1
 219 0182 3D030000 		.4byte	.LASF52
 220 0186 22       		.byte	0x22
 221 0187 01       		.uleb128 0x1
 222 0188 3B010000 		.4byte	.LASF53
 223 018c 23       		.byte	0x23
 224 018d 01       		.uleb128 0x1
 225 018e A8060000 		.4byte	.LASF54
 226 0192 24       		.byte	0x24
 227 0193 01       		.uleb128 0x1
 228 0194 3E020000 		.4byte	.LASF55
ARM GAS  /tmp/ccj4WOIe.s 			page 5


 229 0198 25       		.byte	0x25
 230 0199 01       		.uleb128 0x1
 231 019a 6F060000 		.4byte	.LASF56
 232 019e 26       		.byte	0x26
 233 019f 01       		.uleb128 0x1
 234 01a0 13020000 		.4byte	.LASF57
 235 01a4 27       		.byte	0x27
 236 01a5 01       		.uleb128 0x1
 237 01a6 7D020000 		.4byte	.LASF58
 238 01aa 28       		.byte	0x28
 239 01ab 01       		.uleb128 0x1
 240 01ac B2060000 		.4byte	.LASF59
 241 01b0 29       		.byte	0x29
 242 01b1 01       		.uleb128 0x1
 243 01b2 C1060000 		.4byte	.LASF60
 244 01b6 2A       		.byte	0x2a
 245 01b7 01       		.uleb128 0x1
 246 01b8 D5000000 		.4byte	.LASF61
 247 01bc 2B       		.byte	0x2b
 248 01bd 01       		.uleb128 0x1
 249 01be 41060000 		.4byte	.LASF62
 250 01c2 2C       		.byte	0x2c
 251 01c3 01       		.uleb128 0x1
 252 01c4 E5020000 		.4byte	.LASF63
 253 01c8 2D       		.byte	0x2d
 254 01c9 01       		.uleb128 0x1
 255 01ca 99020000 		.4byte	.LASF64
 256 01ce 2E       		.byte	0x2e
 257 01cf 01       		.uleb128 0x1
 258 01d0 99000000 		.4byte	.LASF65
 259 01d4 2F       		.byte	0x2f
 260 01d5 01       		.uleb128 0x1
 261 01d6 25060000 		.4byte	.LASF66
 262 01da 30       		.byte	0x30
 263 01db 01       		.uleb128 0x1
 264 01dc 7B060000 		.4byte	.LASF67
 265 01e0 31       		.byte	0x31
 266 01e1 01       		.uleb128 0x1
 267 01e2 DB020000 		.4byte	.LASF68
 268 01e6 32       		.byte	0x32
 269 01e7 01       		.uleb128 0x1
 270 01e8 A3050000 		.4byte	.LASF69
 271 01ec 33       		.byte	0x33
 272 01ed 01       		.uleb128 0x1
 273 01ee FC010000 		.4byte	.LASF70
 274 01f2 34       		.byte	0x34
 275 01f3 01       		.uleb128 0x1
 276 01f4 A6020000 		.4byte	.LASF71
 277 01f8 35       		.byte	0x35
 278 01f9 01       		.uleb128 0x1
 279 01fa 69010000 		.4byte	.LASF72
 280 01fe 36       		.byte	0x36
 281 01ff 01       		.uleb128 0x1
 282 0200 C3020000 		.4byte	.LASF73
 283 0204 37       		.byte	0x37
 284 0205 01       		.uleb128 0x1
 285 0206 57010000 		.4byte	.LASF74
ARM GAS  /tmp/ccj4WOIe.s 			page 6


 286 020a 38       		.byte	0x38
 287 020b 01       		.uleb128 0x1
 288 020c 45010000 		.4byte	.LASF75
 289 0210 39       		.byte	0x39
 290 0211 01       		.uleb128 0x1
 291 0212 1B050000 		.4byte	.LASF76
 292 0216 3A       		.byte	0x3a
 293 0217 01       		.uleb128 0x1
 294 0218 AD050000 		.4byte	.LASF77
 295 021c 3B       		.byte	0x3b
 296 021d 01       		.uleb128 0x1
 297 021e 00000000 		.4byte	.LASF78
 298 0222 3C       		.byte	0x3c
 299 0223 01       		.uleb128 0x1
 300 0224 1C060000 		.4byte	.LASF79
 301 0228 3D       		.byte	0x3d
 302 0229 01       		.uleb128 0x1
 303 022a 9A060000 		.4byte	.LASF80
 304 022e 3E       		.byte	0x3e
 305 022f 01       		.uleb128 0x1
 306 0230 8F030000 		.4byte	.LASF81
 307 0234 3F       		.byte	0x3f
 308 0235 01       		.uleb128 0x1
 309 0236 5F050000 		.4byte	.LASF82
 310 023a 40       		.byte	0x40
 311 023b 01       		.uleb128 0x1
 312 023c C7000000 		.4byte	.LASF83
 313 0240 41       		.byte	0x41
 314 0241 01       		.uleb128 0x1
 315 0242 CD020000 		.4byte	.LASF84
 316 0246 42       		.byte	0x42
 317 0247 01       		.uleb128 0x1
 318 0248 BF050000 		.4byte	.LASF85
 319 024c 43       		.byte	0x43
 320 024d 01       		.uleb128 0x1
 321 024e 12010000 		.4byte	.LASF86
 322 0252 44       		.byte	0x44
 323 0253 01       		.uleb128 0x1
 324 0254 72050000 		.4byte	.LASF87
 325 0258 45       		.byte	0x45
 326 0259 01       		.uleb128 0x1
 327 025a E9000000 		.4byte	.LASF88
 328 025e 46       		.byte	0x46
 329 025f 01       		.uleb128 0x1
 330 0260 F0010000 		.4byte	.LASF89
 331 0264 47       		.byte	0x47
 332 0265 01       		.uleb128 0x1
 333 0266 63030000 		.4byte	.LASF90
 334 026a 48       		.byte	0x48
 335 026b 01       		.uleb128 0x1
 336 026c 9C030000 		.4byte	.LASF91
 337 0270 49       		.byte	0x49
 338 0271 01       		.uleb128 0x1
 339 0272 A5010000 		.4byte	.LASF92
 340 0276 4A       		.byte	0x4a
 341 0277 01       		.uleb128 0x1
 342 0278 B9010000 		.4byte	.LASF93
ARM GAS  /tmp/ccj4WOIe.s 			page 7


 343 027c 4B       		.byte	0x4b
 344 027d 01       		.uleb128 0x1
 345 027e 3C000000 		.4byte	.LASF94
 346 0282 4C       		.byte	0x4c
 347 0283 01       		.uleb128 0x1
 348 0284 FA050000 		.4byte	.LASF95
 349 0288 4D       		.byte	0x4d
 350 0289 01       		.uleb128 0x1
 351 028a 31010000 		.4byte	.LASF96
 352 028e 4E       		.byte	0x4e
 353 028f 01       		.uleb128 0x1
 354 0290 97010000 		.4byte	.LASF97
 355 0294 50       		.byte	0x50
 356 0295 01       		.uleb128 0x1
 357 0296 07030000 		.4byte	.LASF98
 358 029a 51       		.byte	0x51
 359 029b 00       		.byte	0
 360 029c 02       		.uleb128 0x2
 361 029d 01       		.byte	0x1
 362 029e 08       		.byte	0x8
 363 029f 6D050000 		.4byte	.LASF99
 364 02a3 02       		.uleb128 0x2
 365 02a4 01       		.byte	0x1
 366 02a5 02       		.byte	0x2
 367 02a6 CB050000 		.4byte	.LASF100
 368 02aa 05       		.uleb128 0x5
 369 02ab 6B020000 		.4byte	.LASF101
 370 02af 4F       		.byte	0x4f
 371 02b0 BA020000 		.4byte	0x2ba
 372 02b4 04       		.uleb128 0x4
 373 02b5 5D000000 		.4byte	0x5d
 374 02b9 00       		.byte	0
 375 02ba 05       		.uleb128 0x5
 376 02bb 52030000 		.4byte	.LASF102
 377 02bf 4E       		.byte	0x4e
 378 02c0 CF020000 		.4byte	0x2cf
 379 02c4 04       		.uleb128 0x4
 380 02c5 5D000000 		.4byte	0x5d
 381 02c9 04       		.uleb128 0x4
 382 02ca 5D000000 		.4byte	0x5d
 383 02ce 00       		.byte	0
 384 02cf 06       		.uleb128 0x6
 385 02d0 90060000 		.4byte	.LASF103
 386 02d4 F2       		.byte	0xf2
 387 02d5 06       		.uleb128 0x6
 388 02d6 4A030000 		.4byte	.LASF104
 389 02da E0       		.byte	0xe0
 390 02db 00       		.byte	0
 391              		.section	.gnu.debuglto_.debug_abbrev,"e",%progbits
 392              	.Ldebug_abbrev0:
 393 0000 01       		.uleb128 0x1
 394 0001 28       		.uleb128 0x28
 395 0002 00       		.byte	0
 396 0003 03       		.uleb128 0x3
 397 0004 0E       		.uleb128 0xe
 398 0005 1C       		.uleb128 0x1c
 399 0006 0B       		.uleb128 0xb
ARM GAS  /tmp/ccj4WOIe.s 			page 8


 400 0007 00       		.byte	0
 401 0008 00       		.byte	0
 402 0009 02       		.uleb128 0x2
 403 000a 24       		.uleb128 0x24
 404 000b 00       		.byte	0
 405 000c 0B       		.uleb128 0xb
 406 000d 0B       		.uleb128 0xb
 407 000e 3E       		.uleb128 0x3e
 408 000f 0B       		.uleb128 0xb
 409 0010 03       		.uleb128 0x3
 410 0011 0E       		.uleb128 0xe
 411 0012 00       		.byte	0
 412 0013 00       		.byte	0
 413 0014 03       		.uleb128 0x3
 414 0015 28       		.uleb128 0x28
 415 0016 00       		.byte	0
 416 0017 03       		.uleb128 0x3
 417 0018 0E       		.uleb128 0xe
 418 0019 1C       		.uleb128 0x1c
 419 001a 0D       		.uleb128 0xd
 420 001b 00       		.byte	0
 421 001c 00       		.byte	0
 422 001d 04       		.uleb128 0x4
 423 001e 05       		.uleb128 0x5
 424 001f 00       		.byte	0
 425 0020 49       		.uleb128 0x49
 426 0021 13       		.uleb128 0x13
 427 0022 00       		.byte	0
 428 0023 00       		.byte	0
 429 0024 05       		.uleb128 0x5
 430 0025 2E       		.uleb128 0x2e
 431 0026 01       		.byte	0x1
 432 0027 3F       		.uleb128 0x3f
 433 0028 19       		.uleb128 0x19
 434 0029 03       		.uleb128 0x3
 435 002a 0E       		.uleb128 0xe
 436 002b 3A       		.uleb128 0x3a
 437 002c 21       		.uleb128 0x21
 438 002d 01       		.sleb128 1
 439 002e 3B       		.uleb128 0x3b
 440 002f 0B       		.uleb128 0xb
 441 0030 39       		.uleb128 0x39
 442 0031 21       		.uleb128 0x21
 443 0032 08       		.sleb128 8
 444 0033 27       		.uleb128 0x27
 445 0034 19       		.uleb128 0x19
 446 0035 3C       		.uleb128 0x3c
 447 0036 19       		.uleb128 0x19
 448 0037 01       		.uleb128 0x1
 449 0038 13       		.uleb128 0x13
 450 0039 00       		.byte	0
 451 003a 00       		.byte	0
 452 003b 06       		.uleb128 0x6
 453 003c 2E       		.uleb128 0x2e
 454 003d 00       		.byte	0
 455 003e 3F       		.uleb128 0x3f
 456 003f 19       		.uleb128 0x19
ARM GAS  /tmp/ccj4WOIe.s 			page 9


 457 0040 03       		.uleb128 0x3
 458 0041 0E       		.uleb128 0xe
 459 0042 3A       		.uleb128 0x3a
 460 0043 21       		.uleb128 0x21
 461 0044 02       		.sleb128 2
 462 0045 3B       		.uleb128 0x3b
 463 0046 0B       		.uleb128 0xb
 464 0047 39       		.uleb128 0x39
 465 0048 21       		.uleb128 0x21
 466 0049 06       		.sleb128 6
 467 004a 27       		.uleb128 0x27
 468 004b 19       		.uleb128 0x19
 469 004c 00       		.byte	0
 470 004d 00       		.byte	0
 471 004e 07       		.uleb128 0x7
 472 004f 11       		.uleb128 0x11
 473 0050 01       		.byte	0x1
 474 0051 25       		.uleb128 0x25
 475 0052 0E       		.uleb128 0xe
 476 0053 13       		.uleb128 0x13
 477 0054 0B       		.uleb128 0xb
 478 0055 03       		.uleb128 0x3
 479 0056 0E       		.uleb128 0xe
 480 0057 1B       		.uleb128 0x1b
 481 0058 0E       		.uleb128 0xe
 482 0059 10       		.uleb128 0x10
 483 005a 17       		.uleb128 0x17
 484 005b 00       		.byte	0
 485 005c 00       		.byte	0
 486 005d 08       		.uleb128 0x8
 487 005e 24       		.uleb128 0x24
 488 005f 00       		.byte	0
 489 0060 0B       		.uleb128 0xb
 490 0061 0B       		.uleb128 0xb
 491 0062 3E       		.uleb128 0x3e
 492 0063 0B       		.uleb128 0xb
 493 0064 03       		.uleb128 0x3
 494 0065 08       		.uleb128 0x8
 495 0066 00       		.byte	0
 496 0067 00       		.byte	0
 497 0068 09       		.uleb128 0x9
 498 0069 16       		.uleb128 0x16
 499 006a 00       		.byte	0
 500 006b 03       		.uleb128 0x3
 501 006c 0E       		.uleb128 0xe
 502 006d 3A       		.uleb128 0x3a
 503 006e 0B       		.uleb128 0xb
 504 006f 3B       		.uleb128 0x3b
 505 0070 0B       		.uleb128 0xb
 506 0071 39       		.uleb128 0x39
 507 0072 0B       		.uleb128 0xb
 508 0073 49       		.uleb128 0x49
 509 0074 13       		.uleb128 0x13
 510 0075 00       		.byte	0
 511 0076 00       		.byte	0
 512 0077 0A       		.uleb128 0xa
 513 0078 04       		.uleb128 0x4
ARM GAS  /tmp/ccj4WOIe.s 			page 10


 514 0079 01       		.byte	0x1
 515 007a 3E       		.uleb128 0x3e
 516 007b 0B       		.uleb128 0xb
 517 007c 0B       		.uleb128 0xb
 518 007d 0B       		.uleb128 0xb
 519 007e 49       		.uleb128 0x49
 520 007f 13       		.uleb128 0x13
 521 0080 3A       		.uleb128 0x3a
 522 0081 0B       		.uleb128 0xb
 523 0082 3B       		.uleb128 0x3b
 524 0083 0B       		.uleb128 0xb
 525 0084 39       		.uleb128 0x39
 526 0085 0B       		.uleb128 0xb
 527 0086 01       		.uleb128 0x1
 528 0087 13       		.uleb128 0x13
 529 0088 00       		.byte	0
 530 0089 00       		.byte	0
 531 008a 00       		.byte	0
 532              		.section	.gnu.debuglto_.debug_line,"e",%progbits
 533              	.Ldebug_line0:
 534 0000 51000000 		.4byte	.LELT0-.LSLT0
 535              	.LSLT0:
 536 0004 0500     		.2byte	0x5
 537 0006 04       		.byte	0x4
 538 0007 00       		.byte	0
 539 0008 49000000 		.4byte	.LELTP0-.LASLTP0
 540              	.LASLTP0:
 541 000c 01       		.byte	0x1
 542 000d 01       		.byte	0x1
 543 000e 01       		.byte	0x1
 544 000f F6       		.byte	0xf6
 545 0010 F2       		.byte	0xf2
 546 0011 0D       		.byte	0xd
 547 0012 00       		.byte	0
 548 0013 01       		.byte	0x1
 549 0014 01       		.byte	0x1
 550 0015 01       		.byte	0x1
 551 0016 01       		.byte	0x1
 552 0017 00       		.byte	0
 553 0018 00       		.byte	0
 554 0019 00       		.byte	0
 555 001a 01       		.byte	0x1
 556 001b 00       		.byte	0
 557 001c 00       		.byte	0
 558 001d 01       		.byte	0x1
 559 001e 01       		.byte	0x1
 560 001f 01       		.uleb128 0x1
 561 0020 1F       		.uleb128 0x1f
 562 0021 05       		.uleb128 0x5
 563 0022 89000000 		.4byte	.LASF109
 564 0026 13010000 		.4byte	.LASF110
 565 002a 63000000 		.4byte	.LASF111
 566 002e 0C000000 		.4byte	.LASF112
 567 0032 39000000 		.4byte	.LASF113
 568 0036 02       		.byte	0x2
 569 0037 01       		.uleb128 0x1
 570 0038 1F       		.uleb128 0x1f
ARM GAS  /tmp/ccj4WOIe.s 			page 11


 571 0039 02       		.uleb128 0x2
 572 003a 0B       		.uleb128 0xb
 573 003b 05       		.uleb128 0x5
 574 003c E1000000 		.4byte	.LASF114
 575 0040 00       		.byte	0
 576 0041 37010000 		.4byte	.LASF115
 577 0045 03       		.byte	0x3
 578 0046 00000000 		.4byte	.LASF116
 579 004a 02       		.byte	0x2
 580 004b 30000000 		.4byte	.LASF117
 581 004f 04       		.byte	0x4
 582 0050 D3000000 		.4byte	.LASF118
 583 0054 01       		.byte	0x1
 584              	.LELTP0:
 585              	.LELT0:
 586              		.section	.gnu.debuglto_.debug_str,"eMS",%progbits,1
 587              	.LASF78:
 588 0000 444D4132 		.ascii	"DMA2_Stream4_IRQn\000"
 588      5F537472 
 588      65616D34 
 588      5F495251 
 588      6E00
 589              	.LASF32:
 590 0012 444D4131 		.ascii	"DMA1_Stream3_IRQn\000"
 590      5F537472 
 590      65616D33 
 590      5F495251 
 590      6E00
 591              	.LASF44:
 592 0024 54494D31 		.ascii	"TIM1_TRG_COM_TIM11_IRQn\000"
 592      5F545247 
 592      5F434F4D 
 592      5F54494D 
 592      31315F49 
 593              	.LASF94:
 594 003c 4F54475F 		.ascii	"OTG_HS_WKUP_IRQn\000"
 594      48535F57 
 594      4B55505F 
 594      4952516E 
 594      00
 595              	.LASF17:
 596 004d 53797354 		.ascii	"SysTick_IRQn\000"
 596      69636B5F 
 596      4952516E 
 596      00
 597              	.LASF40:
 598 005a 43414E31 		.ascii	"CAN1_SCE_IRQn\000"
 598      5F534345 
 598      5F495251 
 598      6E00
 599              	.LASF43:
 600 0068 54494D31 		.ascii	"TIM1_UP_TIM10_IRQn\000"
 600      5F55505F 
 600      54494D31 
 600      305F4952 
 600      516E00
 601              	.LASF23:
ARM GAS  /tmp/ccj4WOIe.s 			page 12


 602 007b 5243435F 		.ascii	"RCC_IRQn\000"
 602      4952516E 
 602      00
 603              	.LASF48:
 604 0084 54494D34 		.ascii	"TIM4_IRQn\000"
 604      5F495251 
 604      6E00
 605              	.LASF28:
 606 008e 45585449 		.ascii	"EXTI4_IRQn\000"
 606      345F4952 
 606      516E00
 607              	.LASF65:
 608 0099 444D4131 		.ascii	"DMA1_Stream7_IRQn\000"
 608      5F537472 
 608      65616D37 
 608      5F495251 
 608      6E00
 609              	.LASF4:
 610 00ab 73686F72 		.ascii	"short int\000"
 610      7420696E 
 610      7400
 611              	.LASF29:
 612 00b5 444D4131 		.ascii	"DMA1_Stream0_IRQn\000"
 612      5F537472 
 612      65616D30 
 612      5F495251 
 612      6E00
 613              	.LASF83:
 614 00c7 43414E32 		.ascii	"CAN2_RX1_IRQn\000"
 614      5F525831 
 614      5F495251 
 614      6E00
 615              	.LASF61:
 616 00d5 54494D38 		.ascii	"TIM8_BRK_TIM12_IRQn\000"
 616      5F42524B 
 616      5F54494D 
 616      31325F49 
 616      52516E00 
 617              	.LASF88:
 618 00e9 444D4132 		.ascii	"DMA2_Stream7_IRQn\000"
 618      5F537472 
 618      65616D37 
 618      5F495251 
 618      6E00
 619              	.LASF9:
 620 00fb 6C6F6E67 		.ascii	"long long unsigned int\000"
 620      206C6F6E 
 620      6720756E 
 620      7369676E 
 620      65642069 
 621              	.LASF86:
 622 0112 444D4132 		.ascii	"DMA2_Stream5_IRQn\000"
 622      5F537472 
 622      65616D35 
 622      5F495251 
 622      6E00
 623              	.LASF45:
ARM GAS  /tmp/ccj4WOIe.s 			page 13


 624 0124 54494D31 		.ascii	"TIM1_CC_IRQn\000"
 624      5F43435F 
 624      4952516E 
 624      00
 625              	.LASF96:
 626 0131 44434D49 		.ascii	"DCMI_IRQn\000"
 626      5F495251 
 626      6E00
 627              	.LASF53:
 628 013b 53504931 		.ascii	"SPI1_IRQn\000"
 628      5F495251 
 628      6E00
 629              	.LASF75:
 630 0145 444D4132 		.ascii	"DMA2_Stream1_IRQn\000"
 630      5F537472 
 630      65616D31 
 630      5F495251 
 630      6E00
 631              	.LASF74:
 632 0157 444D4132 		.ascii	"DMA2_Stream0_IRQn\000"
 632      5F537472 
 632      65616D30 
 632      5F495251 
 632      6E00
 633              	.LASF72:
 634 0169 54494D36 		.ascii	"TIM6_DAC_IRQn\000"
 634      5F444143 
 634      5F495251 
 634      6E00
 635              	.LASF34:
 636 0177 444D4131 		.ascii	"DMA1_Stream5_IRQn\000"
 636      5F537472 
 636      65616D35 
 636      5F495251 
 636      6E00
 637              	.LASF38:
 638 0189 43414E31 		.ascii	"CAN1_RX0_IRQn\000"
 638      5F525830 
 638      5F495251 
 638      6E00
 639              	.LASF97:
 640 0197 48415348 		.ascii	"HASH_RNG_IRQn\000"
 640      5F524E47 
 640      5F495251 
 640      6E00
 641              	.LASF92:
 642 01a5 4F54475F 		.ascii	"OTG_HS_EP1_OUT_IRQn\000"
 642      48535F45 
 642      50315F4F 
 642      55545F49 
 642      52516E00 
 643              	.LASF93:
 644 01b9 4F54475F 		.ascii	"OTG_HS_EP1_IN_IRQn\000"
 644      48535F45 
 644      50315F49 
 644      4E5F4952 
 644      516E00
ARM GAS  /tmp/ccj4WOIe.s 			page 14


 645              	.LASF22:
 646 01cc 464C4153 		.ascii	"FLASH_IRQn\000"
 646      485F4952 
 646      516E00
 647              	.LASF108:
 648 01d7 75696E74 		.ascii	"uint32_t\000"
 648      33325F74 
 648      00
 649              	.LASF13:
 650 01e0 55736167 		.ascii	"UsageFault_IRQn\000"
 650      65466175 
 650      6C745F49 
 650      52516E00 
 651              	.LASF89:
 652 01f0 55534152 		.ascii	"USART6_IRQn\000"
 652      54365F49 
 652      52516E00 
 653              	.LASF70:
 654 01fc 55415254 		.ascii	"UART4_IRQn\000"
 654      345F4952 
 654      516E00
 655              	.LASF2:
 656 0207 6C6F6E67 		.ascii	"long double\000"
 656      20646F75 
 656      626C6500 
 657              	.LASF57:
 658 0213 55534152 		.ascii	"USART3_IRQn\000"
 658      54335F49 
 658      52516E00 
 659              	.LASF37:
 660 021f 43414E31 		.ascii	"CAN1_TX_IRQn\000"
 660      5F54585F 
 660      4952516E 
 660      00
 661              	.LASF31:
 662 022c 444D4131 		.ascii	"DMA1_Stream2_IRQn\000"
 662      5F537472 
 662      65616D32 
 662      5F495251 
 662      6E00
 663              	.LASF55:
 664 023e 55534152 		.ascii	"USART1_IRQn\000"
 664      54315F49 
 664      52516E00 
 665              	.LASF18:
 666 024a 57574447 		.ascii	"WWDG_IRQn\000"
 666      5F495251 
 666      6E00
 667              	.LASF21:
 668 0254 5254435F 		.ascii	"RTC_WKUP_IRQn\000"
 668      574B5550 
 668      5F495251 
 668      6E00
 669              	.LASF5:
 670 0262 6C6F6E67 		.ascii	"long int\000"
 670      20696E74 
 670      00
ARM GAS  /tmp/ccj4WOIe.s 			page 15


 671              	.LASF101:
 672 026b 6E766963 		.ascii	"nvicDisableVector\000"
 672      44697361 
 672      626C6556 
 672      6563746F 
 672      7200
 673              	.LASF58:
 674 027d 45585449 		.ascii	"EXTI15_10_IRQn\000"
 674      31355F31 
 674      305F4952 
 674      516E00
 675              	.LASF49:
 676 028c 49324331 		.ascii	"I2C1_EV_IRQn\000"
 676      5F45565F 
 676      4952516E 
 676      00
 677              	.LASF64:
 678 0299 54494D38 		.ascii	"TIM8_CC_IRQn\000"
 678      5F43435F 
 678      4952516E 
 678      00
 679              	.LASF71:
 680 02a6 55415254 		.ascii	"UART5_IRQn\000"
 680      355F4952 
 680      516E00
 681              	.LASF15:
 682 02b1 44656275 		.ascii	"DebugMonitor_IRQn\000"
 682      674D6F6E 
 682      69746F72 
 682      5F495251 
 682      6E00
 683              	.LASF73:
 684 02c3 54494D37 		.ascii	"TIM7_IRQn\000"
 684      5F495251 
 684      6E00
 685              	.LASF84:
 686 02cd 43414E32 		.ascii	"CAN2_SCE_IRQn\000"
 686      5F534345 
 686      5F495251 
 686      6E00
 687              	.LASF68:
 688 02db 54494D35 		.ascii	"TIM5_IRQn\000"
 688      5F495251 
 688      6E00
 689              	.LASF63:
 690 02e5 54494D38 		.ascii	"TIM8_TRG_COM_TIM14_IRQn\000"
 690      5F545247 
 690      5F434F4D 
 690      5F54494D 
 690      31345F49 
 691              	.LASF46:
 692 02fd 54494D32 		.ascii	"TIM2_IRQn\000"
 692      5F495251 
 692      6E00
 693              	.LASF98:
 694 0307 4650555F 		.ascii	"FPU_IRQn\000"
 694      4952516E 
ARM GAS  /tmp/ccj4WOIe.s 			page 16


 694      00
 695              	.LASF30:
 696 0310 444D4131 		.ascii	"DMA1_Stream1_IRQn\000"
 696      5F537472 
 696      65616D31 
 696      5F495251 
 696      6E00
 697              	.LASF51:
 698 0322 49324332 		.ascii	"I2C2_EV_IRQn\000"
 698      5F45565F 
 698      4952516E 
 698      00
 699              	.LASF6:
 700 032f 756E7369 		.ascii	"unsigned char\000"
 700      676E6564 
 700      20636861 
 700      7200
 701              	.LASF52:
 702 033d 49324332 		.ascii	"I2C2_ER_IRQn\000"
 702      5F45525F 
 702      4952516E 
 702      00
 703              	.LASF104:
 704 034a 69727149 		.ascii	"irqInit\000"
 704      6E697400 
 705              	.LASF102:
 706 0352 6E766963 		.ascii	"nvicEnableVector\000"
 706      456E6162 
 706      6C655665 
 706      63746F72 
 706      00
 707              	.LASF90:
 708 0363 49324333 		.ascii	"I2C3_EV_IRQn\000"
 708      5F45565F 
 708      4952516E 
 708      00
 709              	.LASF3:
 710 0370 7369676E 		.ascii	"signed char\000"
 710      65642063 
 710      68617200 
 711              	.LASF42:
 712 037c 54494D31 		.ascii	"TIM1_BRK_TIM9_IRQn\000"
 712      5F42524B 
 712      5F54494D 
 712      395F4952 
 712      516E00
 713              	.LASF81:
 714 038f 43414E32 		.ascii	"CAN2_TX_IRQn\000"
 714      5F54585F 
 714      4952516E 
 714      00
 715              	.LASF91:
 716 039c 49324333 		.ascii	"I2C3_ER_IRQn\000"
 716      5F45525F 
 716      4952516E 
 716      00
 717              	.LASF26:
ARM GAS  /tmp/ccj4WOIe.s 			page 17


 718 03a9 45585449 		.ascii	"EXTI2_IRQn\000"
 718      325F4952 
 718      516E00
 719              	.LASF0:
 720 03b4 756E7369 		.ascii	"unsigned int\000"
 720      676E6564 
 720      20696E74 
 720      00
 721              	.LASF24:
 722 03c1 45585449 		.ascii	"EXTI0_IRQn\000"
 722      305F4952 
 722      516E00
 723              	.LASF12:
 724 03cc 42757346 		.ascii	"BusFault_IRQn\000"
 724      61756C74 
 724      5F495251 
 724      6E00
 725              	.LASF20:
 726 03da 54414D50 		.ascii	"TAMP_STAMP_IRQn\000"
 726      5F535441 
 726      4D505F49 
 726      52516E00 
 727              	.LASF105:
 728 03ea 474E5520 		.ascii	"GNU C17 13.2.1 20231009 -mcpu=cortex-m4 -mthumb -mf"
 728      43313720 
 728      31332E32 
 728      2E312032 
 728      30323331 
 729 041d 6C6F6174 		.ascii	"loat-abi=soft -march=armv7e-m -ggdb -O2 -fomit-fram"
 729      2D616269 
 729      3D736F66 
 729      74202D6D 
 729      61726368 
 730 0450 652D706F 		.ascii	"e-pointer -falign-functions=16 -ffunction-sections "
 730      696E7465 
 730      72202D66 
 730      616C6967 
 730      6E2D6675 
 731 0483 2D666461 		.ascii	"-fdata-sections -fno-common -flto\000"
 731      74612D73 
 731      65637469 
 731      6F6E7320 
 731      2D666E6F 
 732              	.LASF14:
 733 04a5 53564361 		.ascii	"SVCall_IRQn\000"
 733      6C6C5F49 
 733      52516E00 
 734              	.LASF41:
 735 04b1 45585449 		.ascii	"EXTI9_5_IRQn\000"
 735      395F355F 
 735      4952516E 
 735      00
 736              	.LASF107:
 737 04be 2F686F6D 		.ascii	"/home/mayank/chibios-workspace/ChibiOS/demos/STM32/"
 737      652F6D61 
 737      79616E6B 
 737      2F636869 
ARM GAS  /tmp/ccj4WOIe.s 			page 18


 737      62696F73 
 738 04f1 52542D53 		.ascii	"RT-STM32F407-DISCOVERY\000"
 738      544D3332 
 738      46343037 
 738      2D444953 
 738      434F5645 
 739              	.LASF7:
 740 0508 73686F72 		.ascii	"short unsigned int\000"
 740      7420756E 
 740      7369676E 
 740      65642069 
 740      6E7400
 741              	.LASF76:
 742 051b 444D4132 		.ascii	"DMA2_Stream2_IRQn\000"
 742      5F537472 
 742      65616D32 
 742      5F495251 
 742      6E00
 743              	.LASF106:
 744 052d 2E2E2F2E 		.ascii	"../../../os/hal/ports/STM32/STM32F4xx/stm32_isr.c\000"
 744      2E2F2E2E 
 744      2F6F732F 
 744      68616C2F 
 744      706F7274 
 745              	.LASF82:
 746 055f 43414E32 		.ascii	"CAN2_RX0_IRQn\000"
 746      5F525830 
 746      5F495251 
 746      6E00
 747              	.LASF99:
 748 056d 63686172 		.ascii	"char\000"
 748      00
 749              	.LASF87:
 750 0572 444D4132 		.ascii	"DMA2_Stream6_IRQn\000"
 750      5F537472 
 750      65616D36 
 750      5F495251 
 750      6E00
 751              	.LASF25:
 752 0584 45585449 		.ascii	"EXTI1_IRQn\000"
 752      315F4952 
 752      516E00
 753              	.LASF10:
 754 058f 4E6F6E4D 		.ascii	"NonMaskableInt_IRQn\000"
 754      61736B61 
 754      626C6549 
 754      6E745F49 
 754      52516E00 
 755              	.LASF69:
 756 05a3 53504933 		.ascii	"SPI3_IRQn\000"
 756      5F495251 
 756      6E00
 757              	.LASF77:
 758 05ad 444D4132 		.ascii	"DMA2_Stream3_IRQn\000"
 758      5F537472 
 758      65616D33 
 758      5F495251 
ARM GAS  /tmp/ccj4WOIe.s 			page 19


 758      6E00
 759              	.LASF85:
 760 05bf 4F54475F 		.ascii	"OTG_FS_IRQn\000"
 760      46535F49 
 760      52516E00 
 761              	.LASF100:
 762 05cb 5F426F6F 		.ascii	"_Bool\000"
 762      6C00
 763              	.LASF39:
 764 05d1 43414E31 		.ascii	"CAN1_RX1_IRQn\000"
 764      5F525831 
 764      5F495251 
 764      6E00
 765              	.LASF36:
 766 05df 4144435F 		.ascii	"ADC_IRQn\000"
 766      4952516E 
 766      00
 767              	.LASF8:
 768 05e8 6C6F6E67 		.ascii	"long unsigned int\000"
 768      20756E73 
 768      69676E65 
 768      6420696E 
 768      7400
 769              	.LASF95:
 770 05fa 4F54475F 		.ascii	"OTG_HS_IRQn\000"
 770      48535F49 
 770      52516E00 
 771              	.LASF11:
 772 0606 4D656D6F 		.ascii	"MemoryManagement_IRQn\000"
 772      72794D61 
 772      6E616765 
 772      6D656E74 
 772      5F495251 
 773              	.LASF79:
 774 061c 4554485F 		.ascii	"ETH_IRQn\000"
 774      4952516E 
 774      00
 775              	.LASF66:
 776 0625 46534D43 		.ascii	"FSMC_IRQn\000"
 776      5F495251 
 776      6E00
 777              	.LASF35:
 778 062f 444D4131 		.ascii	"DMA1_Stream6_IRQn\000"
 778      5F537472 
 778      65616D36 
 778      5F495251 
 778      6E00
 779              	.LASF62:
 780 0641 54494D38 		.ascii	"TIM8_UP_TIM13_IRQn\000"
 780      5F55505F 
 780      54494D31 
 780      335F4952 
 780      516E00
 781              	.LASF19:
 782 0654 5056445F 		.ascii	"PVD_IRQn\000"
 782      4952516E 
 782      00
ARM GAS  /tmp/ccj4WOIe.s 			page 20


 783              	.LASF33:
 784 065d 444D4131 		.ascii	"DMA1_Stream4_IRQn\000"
 784      5F537472 
 784      65616D34 
 784      5F495251 
 784      6E00
 785              	.LASF56:
 786 066f 55534152 		.ascii	"USART2_IRQn\000"
 786      54325F49 
 786      52516E00 
 787              	.LASF67:
 788 067b 5344494F 		.ascii	"SDIO_IRQn\000"
 788      5F495251 
 788      6E00
 789              	.LASF27:
 790 0685 45585449 		.ascii	"EXTI3_IRQn\000"
 790      335F4952 
 790      516E00
 791              	.LASF103:
 792 0690 69727144 		.ascii	"irqDeinit\000"
 792      65696E69 
 792      7400
 793              	.LASF80:
 794 069a 4554485F 		.ascii	"ETH_WKUP_IRQn\000"
 794      574B5550 
 794      5F495251 
 794      6E00
 795              	.LASF54:
 796 06a8 53504932 		.ascii	"SPI2_IRQn\000"
 796      5F495251 
 796      6E00
 797              	.LASF59:
 798 06b2 5254435F 		.ascii	"RTC_Alarm_IRQn\000"
 798      416C6172 
 798      6D5F4952 
 798      516E00
 799              	.LASF60:
 800 06c1 4F54475F 		.ascii	"OTG_FS_WKUP_IRQn\000"
 800      46535F57 
 800      4B55505F 
 800      4952516E 
 800      00
 801              	.LASF50:
 802 06d2 49324331 		.ascii	"I2C1_ER_IRQn\000"
 802      5F45525F 
 802      4952516E 
 802      00
 803              	.LASF47:
 804 06df 54494D33 		.ascii	"TIM3_IRQn\000"
 804      5F495251 
 804      6E00
 805              	.LASF16:
 806 06e9 50656E64 		.ascii	"PendSV_IRQn\000"
 806      53565F49 
 806      52516E00 
 807              	.LASF1:
 808 06f5 6C6F6E67 		.ascii	"long long int\000"
ARM GAS  /tmp/ccj4WOIe.s 			page 21


 808      206C6F6E 
 808      6720696E 
 808      7400
 809              		.section	.gnu.debuglto_.debug_line_str,"eMS",%progbits,1
 810              	.LASF116:
 811 0000 73746D33 		.ascii	"stm32_isr.c\000"
 811      325F6973 
 811      722E6300 
 812              	.LASF112:
 813 000c 2E2E2F2E 		.ascii	"../../../os/hal/ports/common/ARMCMx\000"
 813      2E2F2E2E 
 813      2F6F732F 
 813      68616C2F 
 813      706F7274 
 814              	.LASF117:
 815 0030 73746469 		.ascii	"stdint.h\000"
 815      6E742E68 
 815      00
 816              	.LASF113:
 817 0039 2F757372 		.ascii	"/usr/lib/gcc/arm-none-eabi/13.2.1/include\000"
 817      2F6C6962 
 817      2F676363 
 817      2F61726D 
 817      2D6E6F6E 
 818              	.LASF111:
 819 0063 2E2E2F2E 		.ascii	"../../../os/hal/ports/STM32/STM32F4xx\000"
 819      2E2F2E2E 
 819      2F6F732F 
 819      68616C2F 
 819      706F7274 
 820              	.LASF109:
 821 0089 2F686F6D 		.ascii	"/home/mayank/chibios-workspace/ChibiOS/demos/STM32/"
 821      652F6D61 
 821      79616E6B 
 821      2F636869 
 821      62696F73 
 822 00bc 52542D53 		.ascii	"RT-STM32F407-DISCOVERY\000"
 822      544D3332 
 822      46343037 
 822      2D444953 
 822      434F5645 
 823              	.LASF118:
 824 00d3 73746D33 		.ascii	"stm32f407xx.h\000"
 824      32663430 
 824      3778782E 
 824      6800
 825              	.LASF114:
 826 00e1 2E2E2F2E 		.ascii	"../../../os/hal/ports/STM32/STM32F4xx/stm32_isr.c\000"
 826      2E2F2E2E 
 826      2F6F732F 
 826      68616C2F 
 826      706F7274 
 827              	.LASF110:
 828 0113 2E2E2F2E 		.ascii	"../../../os/common/ext/ST/STM32F4xx\000"
 828      2E2F2E2E 
 828      2F6F732F 
 828      636F6D6D 
ARM GAS  /tmp/ccj4WOIe.s 			page 22


 828      6F6E2F65 
 829              	.LASF115:
 830 0137 6E766963 		.ascii	"nvic.h\000"
 830      2E6800
 831              		.text
 832              		.section	.gnu.lto_.profile.a7c51485293ca3f1,"e",%progbits
 833 0000 789C6362 		.ascii	"x\234cb\000\001\000\000\022\000\003"
 833      00010000 
 833      120003
 834              		.text
 835              		.section	.gnu.lto_.icf.a7c51485293ca3f1,"e",%progbits
 836 0000 789C1360 		.ascii	"x\234\023`@\000&\206\366-\337_130\236\375\270\3659#"
 836      40002686 
 836      F62DDF5F 
 836      3133309E 
 836      FDB8F539 
 837 0015 0303003A 		.ascii	"\003\003\000:\263\006\216"
 837      B3068E
 838              		.text
 839              		.section	.gnu.lto_.ipa_sra.a7c51485293ca3f1,"e",%progbits
 840 0000 789C5361 		.ascii	"x\234Sa@\000&\006\006FT\310\210.\300\000\000\010b\000"
 840      40002606 
 840      064654C8 
 840      882EC000 
 840      00086200 
 841 0014 38       		.ascii	"8"
 842              		.text
 843              		.section	.gnu.lto_.inline.a7c51485293ca3f1,"e",%progbits
 844 0000 789C3BC1 		.ascii	"x\234;\301\200\000L\014\014\022\015\015\0157\2302\031"
 844      80004C0C 
 844      0C120D0D 
 844      0D379832 
 844      19
 845 0011 C19C4620 		.ascii	"\301\234F \247\216\201\201\015H50\2450\201\204\030\030"
 845      A78E8181 
 845      0D483530 
 845      A5308184 
 845      1818
 846 0023 9879202A 		.ascii	"\230y *)c12\010\002\015\335\203\327&&n\260B\222i\006"
 846      29633132 
 846      08020DDD 
 846      83D72626 
 846      6EB04292 
 847 0039 00DF9311 		.ascii	"\000\337\223\021\034"
 847      1C
 848              		.text
 849              		.section	.gnu.lto_.jmpfuncs.a7c51485293ca3f1,"e",%progbits
 850 0000 789C758F 		.ascii	"x\234u\217\355\011\2000\014D\373\202T\353\002]\241#"
 850      ED098030 
 850      0C44FB82 
 850      54EB025D 
 850      A123
 851 0012 B98D6BF9 		.ascii	"\271\215k\371\215\243Y#H,6\220\037\367.\220\273\001"
 851      8DA35923 
 851      482C3690 
 851      1FF72E90 
 851      BB01
ARM GAS  /tmp/ccj4WOIe.s 			page 23


 852 0024 F78EE46D 		.ascii	"\367\216\344m\304\217$\307\331\220\362f\230\265W\355"
 852      C48F24C7 
 852      D990F266 
 852      98B557ED 
 853 0034 55EB4154 		.ascii	"U\353AT\020\237\003fJ\277W\320W\375\240 T\375NAW\365"
 853      109F0366 
 853      4ABF57D0 
 853      57FDA020 
 853      54FD4E41 
 854 004a 5B05EDBF 		.ascii	"[\005\355\277\377\325\205\274\2110a\033\012\013\266"
 854      FFD585BC 
 854      8930611B 
 854      0A0BB6
 855 0059 90B0620B 		.ascii	"\220\260b\013\010\0336\260\260c\003\012\0076P\361\322"
 855      081B36B0 
 855      B063030A 
 855      073650F1 
 855      D2
 856 006a 5D50FD30 		.ascii	"]P\3750i"
 856      69
 857              		.text
 858              		.section	.gnu.lto_.pureconst.a7c51485293ca3f1,"e",%progbits
 859 0000 789C6367 		.ascii	"x\234cg```b\230\301\3028\203\005\000\004\245\001C"
 859      60606062 
 859      98C1C238 
 859      83050004 
 859      A50143
 860              		.text
 861              		.section	.gnu.lto_.ipa_modref.a7c51485293ca3f1,"e",%progbits
 862 0000 789C1363 		.ascii	"x\234\023c@\000&\004\223\021\301\004\000\003E\000\032"
 862      40002604 
 862      9311C104 
 862      00034500 
 862      1A
 863              		.text
 864              		.section	.gnu.lto_.lto.a7c51485293ca3f1,"e",%progbits
 865 0000 0D000000 		.ascii	"\015\000\000\000\001\000\000\000"
 865      01000000 
 866              		.text
 867              		.section	.gnu.lto_irqInit.328.a7c51485293ca3f1,"e",%progbits
 868 0000 789C3365 		.ascii	"x\2343ed`\250g``P\006bFf\006\306I\023\273\230\030\032"
 868      6460A867 
 868      60605006 
 868      62466606 
 868      C64913BB 
 869 0017 1A1A1CD8 		.ascii	"\032\032\034\330\231\030\033'v\0112\356d\004\363\030"
 869      99181B27 
 869      760932EE 
 869      6404F318 
 870 0027 19EA9918 		.ascii	"\031\352\231\030\353\031\3270\353\003\271?N\237k\374"
 870      EB19D730 
 870      EB03B93F 
 870      4E9F6BFC 
 871 0037 C4D9D0D0 		.ascii	"\304\331\320\320*\361\006\242\033\014\270!l\240\201"
 871      2AF106A2 
 871      1B0CB821 
 871      6CA081
ARM GAS  /tmp/ccj4WOIe.s 			page 24


 872 0046 0CEB2FB1 		.ascii	"\014\353/\261>h\370\361\177~CCW7\343\355\275L\234\014"
 872      3E68F8F1 
 872      7F7E4343 
 872      5737E3ED 
 872      BD4C9C0C 
 873 005a 0C2B9941 		.ascii	"\014+\231A\3066\26002\254bf\202\260\032\0170\374gjx"
 873      C636B030 
 873      32AC6266 
 873      82B01A0F 
 873      30FC676A 
 874 006f B4761E33 		.ascii	"\264v\0363C+s\253\002C\027#Sm5\003\003[%#\033\343nF"
 874      432B73AB 
 874      02431723 
 874      536D3503 
 874      035B2523 
 875 0087 2616B0EC 		.ascii	"&\026\260\354\0069tIv\204\344\026\014I\016\204\344\016"
 875      06397449 
 875      7684E416 
 875      0C490E84 
 875      E40E
 876 0099 0C494E84 		.ascii	"\014IN\204\344\036\014I.\204\344\003\014Iq\204\344\023"
 876      E41E0C49 
 876      2E84E403 
 876      0C497184 
 876      E413
 877 00ab 0C490D88 		.ascii	"\014I\015\210d;s\323\203\267\363\030\301a\261\222\231"
 877      643B73D3 
 877      83B7F318 
 877      C161B192 
 877      99
 878 00bc 11E2C786 		.ascii	"\021\342\307\206\003@\236\227~F~n\252~nbeb^\266~rFf"
 878      03409E97 
 878      7E467E6E 
 878      AA7E6E62 
 878      65625EB6 
 879 00d4 52667EB1 		.ascii	"Rf~\261ny~QvqAbr\252\2763H\304?X?%57\277X?8\304\327"
 879      6E797E51 
 879      76714162 
 879      72AABE33 
 879      48C43F58 
 880 00f2 D8483F28 		.ascii	"\330H?(D\027\314p310\327u\361\014v\366\017s\015\212"
 880      4417CC70 
 880      333130D7 
 880      75F10C76 
 880      F60F730D 
 881 0107 6430D2D3 		.ascii	"d0\322\323\323\207 \240\312\214\304\034\375\202\374"
 881      D38720A0 
 881      CA8CC41C 
 881      FD82FC
 882 0116 A212981E 		.ascii	"\242\022\230\036\250\206\212\012\375\342\222\\c\243"
 882      A8868A0A 
 882      FDE2925C 
 882      63A3
 883 0124 F8CCE222 		.ascii	"\370\314\342\"\275d\006\000\223\337\205\327"
 883      BD640600 
 883      93DF85D7 
 884              		.text
ARM GAS  /tmp/ccj4WOIe.s 			page 25


 885              		.section	.gnu.lto_irqDeinit.329.a7c51485293ca3f1,"e",%progbits
 886 0000 789C5360 		.ascii	"x\234S`d`\250g``P\006bFf\006\306I\023\273\230\030\032"
 886      6460A867 
 886      60605006 
 886      62466606 
 886      C64913BB 
 887 0017 1A1A1CD8 		.ascii	"\032\032\034\330\231\030\033'v\0112\356d\004\363\030"
 887      99181B27 
 887      760932EE 
 887      6404F318 
 888 0027 19EA9918 		.ascii	"\031\352\231\030\353\031\3270\353\003\271?N\237;\370"
 888      EB19D730 
 888      EB03B93F 
 888      4E9F3BF8 
 889 0037 8BB3A1A1 		.ascii	"\213\263\241\241U\342\015D7\030pC\330@\003\031\326_"
 889      55E20D44 
 889      37187043 
 889      D8400319 
 889      D65F
 890 0049 627DD0F0 		.ascii	"b}\320\360\343\377\374\206\206S\335\214\257\3673q20"
 890      E3FFFC86 
 890      8653DD8C 
 890      AFF73371 
 890      3230
 891 005b AC640619 		.ascii	"\254d\006\031\333\300\302\310\260\212\231\011\302j<"
 891      DBC0C2C8 
 891      B08A9909 
 891      C26A3C
 892 006a C0F09FA9 		.ascii	"\300\360\237\251\341\321\326\371\314\014\255\314-\012"
 892      E1D1D6F9 
 892      CC0CADCC 
 892      2D0A
 893 0078 0C5D8C4C 		.ascii	"\014]\214L\265\325\014\014l\225\214lL,`\251\035\362"
 893      B5D50C0C 
 893      6C958C6C 
 893      4C2C60A9 
 893      1DF2
 894 008a E832EC50 		.ascii	"\3502\354P\231=\0302\034P\231\007\0302\234P\231'\030"
 894      993D1832 
 894      1C509907 
 894      18329C50 
 894      992718
 895 009d 325C5099 		.ascii	"2\\P\231\027\0302\342P\2317\0302\032@\231v\346\246\007"
 895      171832E2 
 895      50993718 
 895      321A4099 
 895      76E6A607 
 896 00b1 5FE73382 		.ascii	"_\3473\202\275\275\222\231\021\342\235\206\003@\236"
 896      BDBD9299 
 896      11E29D86 
 896      03409E
 897 00c0 977E467E 		.ascii	"\227~F~n\252~nbeb^\266~rFfRf~\261ny~QvqAbr\252\2763"
 897      6EAA7E6E 
 897      6265625E 
 897      B67E7246 
 897      6652667E 
 898 00e1 48C43F58 		.ascii	"H\304?X?%57\277X?8\304\327\330H?(D\027\314p310\327u"
ARM GAS  /tmp/ccj4WOIe.s 			page 26


 898      3F253537 
 898      BF583F38 
 898      C4D7D848 
 898      3F284417 
 899 00fc F10C76F6 		.ascii	"\361\014v\366\017s\015\212d0\322\323\323\207 \240\312"
 899      0F730D8A 
 899      6430D2D3 
 899      D38720A0 
 899      CA
 900 010d 8CC41CFD 		.ascii	"\214\304\034\375\202\374\242\022\230\036\250\206\212"
 900      82FCA212 
 900      981EA886 
 900      8A
 901 011a 0AFDE292 		.ascii	"\012\375\342\222\\c\243\370\314\342\"\275d\006\000\316"
 901      5C63A3F8 
 901      CCE222BD 
 901      640600CE 
 902 012a 5A81B2   		.ascii	"Z\201\262"
 903              		.text
 904              		.section	.gnu.lto_.symbol_nodes.a7c51485293ca3f1,"e",%progbits
 905 0000 789C758C 		.ascii	"x\234u\214\313\015\200 \020\005\337.D\312\260\031\373"
 905      CB0D8020 
 905      1005DF2E 
 905      44CAB019 
 905      FB
 906 0011 5A62B600 		.ascii	"Zb\266\000\352\361\314\301ObK\212D\330\213\276\323\344"
 906      EAF1CCC1 
 906      4F624B8A 
 906      44D88BBE 
 906      D3E4
 907 0023 4D329E00 		.ascii	"M2\236\000\360\312B\261\314S:\001\001\2264\363#6\026"
 907      F0CA42B1 
 907      CC533A01 
 907      019634F3 
 907      233616
 908 0036 FE12B4B3 		.ascii	"\376\022\264\263\270\353\335X%\020S\254\356`\361?\316"
 908      B8EBDD58 
 908      251053AC 
 908      EE60F13F 
 908      CE
 909 0047 E1CD4D9D 		.ascii	"\341\315M\235\224:fC\035\3545\324`op\344Z\253Qi5\314"
 909      943A6643 
 909      1DEC35D4 
 909      606F70E4 
 909      5AAB5169 
 910 005d 86A5D55F 		.ascii	"\206\245\325_C\265@\016\270\001\305\237K\272"
 910      43B5400E 
 910      B801C59F 
 910      4BBA
 911              		.text
 912              		.section	.gnu.lto_.refs.a7c51485293ca3f1,"e",%progbits
 913 0000 789C6364 		.ascii	"x\234cd\000\002\000\000\012\000\002"
 913      00020000 
 913      0A0002
 914              		.text
 915              		.section	.gnu.lto_.decls.a7c51485293ca3f1,"e",%progbits
 916 0000 789C9552 		.ascii	"x\234\225R_hSW\030?\337m\222\336tuM\334\012\302\366"
ARM GAS  /tmp/ccj4WOIe.s 			page 27


 916      5F685357 
 916      183FDF6D 
 916      92DE7475 
 916      4DDC0AC2 
 917 0015 109F5618 		.ascii	"\020\237V\030\311\265\265\332\207Q\330hu8\250J\243\342"
 917      C9B5B5DA 
 917      8751D868 
 917      7538A84A 
 917      A3E2
 918 0027 9E668C17 		.ascii	"\236f\214\027z\321\233\333%\321uo\337Mc\032\241Y\222"
 918      7AD19BDB 
 918      25D1756F 
 918      DF4D631A 
 918      A15992
 919 003a 3DB81844 		.ascii	"=\270\030D\257wn\017c\203\242\202\325U{M\322RkK\333"
 919      AF776E0F 
 919      6383A282 
 919      D5557B4D 
 919      D2526B4B 
 920 004f D96E63E2 		.ascii	"\331nc\342\030:Fq\016\204\026&\316\375\371Nr7\207\370"
 920      183A4671 
 920      0E841626 
 920      CEFDF94E 
 920      723787F8 
 921 0063 E2E1FECE 		.ascii	"\342\341\376\316\271\347\373~\337\357\373\335{\316k"
 921      B9E7FB7E 
 921      DFEFFBDD 
 921      7BCE6B
 922 0072 758C0581 		.ascii	"u\214\005\201\261\275\214\261\277i\320\226}Gp\022\306"
 922      B1BD8CB1 
 922      BF69D096 
 922      7D477012 
 922      C6
 923 0083 09938429 		.ascii	"\011\223\204)\302,a\201\220\201Z\216\307\277\261\343"
 923      C22C6181 
 923      90815A8E 
 923      C7BFB1E3 
 924 0093 9C3743C8 		.ascii	"\2347C\310\3339\316\277i\363yn\236\340j\001.\337D+\023"
 924      DB39CEBF 
 924      69F3796E 
 924      9EE06A01 
 924      2EDF442B 
 925 00a8 05B609AB 		.ascii	"\005\266\011\253#\361\012\373\232\212ht6\212A\346z\011"
 925      23F10AFB 
 925      9A8A6874 
 925      368A41E6 
 925      7A09
 926 00ba 1CAE66F0 		.ascii	"\034\256f\3609\204\373\2133\217_h\262\020\037\"\036"
 926      3984FB8B 
 926      338F5F68 
 926      B2101F22 
 926      1E
 927 00cb 5BCBC6E1 		.ascii	"[\313\306\341*\260+\3202\006\227\341\0228\204?\357f"
 927      2AB02BD0 
 927      320697E1 
 927      1238843F 
 927      EF66
ARM GAS  /tmp/ccj4WOIe.s 			page 28


 928 00dd 4B8D2B40 		.ascii	"K\215+@\012i\264\364\212\210f2\203)\254\350P\300Q4."
 928      0A69B4F4 
 928      8A886632 
 928      8329ACE8 
 928      50C05134 
 929 00f2 0C67EA8A 		.ascii	"\014g\352\212f%\255\023a\23598\212\305\221}\305\"\016"
 929      6625AD13 
 929      619D3938 
 929      8AC5917D 
 929      C5220E
 930 0105 97CEA4D1 		.ascii	"\227\316\244\321\000HP\330\322]EZ\2101\274\016Or/\251"
 930      004850D8 
 930      D25D455A 
 930      8831BC0E 
 930      4F722FA9 
 931 0119 6103F49A 		.ascii	"a\003\364\232-\\\203\027\020\007\011\276br\304\3221"
 931      2D5C8317 
 931      100709BE 
 931      6272C4D2 
 931      31
 932 012a 89F3607C 		.ascii	"\211\363`|\232\242\314>BN\377E\037Z\363@_\306O\022\313"
 932      9AA2CC3E 
 932      424EFF45 
 932      1F5AF340 
 932      5FC64F12 
 933 013f 39DF20F2 		.ascii	"9\337 \362F)\204\202A\014+\205\202\211e\314\343\311"
 933      46298482 
 933      410C2B85 
 933      828965CC 
 933      E3C9
 934 0151 CC8B09F3 		.ascii	"\314\213\011\363AFO$\305\234i\245\363F\005=\372\235"
 934      41464F24 
 934      C59C69A5 
 934      F346053D 
 934      FA9D
 935 0163 89B46E22 		.ascii	"\211\264n\"z>6\310:\301\253s\237\004O\236\246\234UA"
 935      7A3E36C8 
 935      3AC1AB73 
 935      9F044F9E 
 935      A69C5541 
 936 0177 AF9EA41E 		.ascii	"\257\236\244\036F\022\275X\262\3229\264\322\375\334"
 936      4612BD58 
 936      B2D239B4 
 936      D2FDDC
 937 0186 569E22C0 		.ascii	"V\236\"\3009y\264\320\223\257ED\335\260\322x\226\212"
 937      3979B4D0 
 937      93AF4544 
 937      DDB0D278 
 937      968A
 938 0198 CED00BCF 		.ascii	"\316\320\013\317z\363?Q\207\004\177\341\242hZx\024Q"
 938      7AF33F51 
 938      87047FE1 
 938      A2685A78 
 938      1451
 939 01aa ACFEE3DA 		.ascii	"\254\376\343\332\267\011\366*:\204\325\345+\343\015"
 939      B709F62A 
 939      3A84D5E5 
ARM GAS  /tmp/ccj4WOIe.s 			page 29


 939      2BE30D
 940 01b9 ABFC371A 		.ascii	"\253\3747\032\037\031op\012\260\346\334\233\014\360"
 940      1F196F70 
 940      0AB0E6DC 
 940      9B0CF0
 941 01c8 658F7898 		.ascii	"e\217x\230\037\207@\307\341q\010\337\037\377\366<\274"
 941      1F8740C7 
 941      E17108DF 
 941      1FFFF63C 
 941      BC
 942 01d9 4ABC55C4 		.ascii	"J\274U\304\226\373l\002*tj\223\300V\250\304!\224\356"
 942      96FB6C02 
 942      2A746A93 
 942      C056A8C4 
 942      2194EE
 943 01ec 65CB8E96 		.ascii	"e\313\216\226B\001\037\376\236-\014\035\270k\015\341"
 943      42011FFE 
 943      9E2D0C1D 
 943      B86B0DE1 
 944 01fc 4E988432 		.ascii	"N\230\2042\214U\317\266\014\254\004\327\240s\311)\376"
 944      8C55CFB6 
 944      0CAC04D7 
 944      A073C929 
 944      FE
 945 020d 0144BF35 		.ascii	"\001D\27751\366c\023\247\217,f\263\350\343\247!N\302"
 945      31F66313 
 945      A78F2C66 
 945      B3E8E3A7 
 945      214EC2
 946 0220 94CD9EB2 		.ascii	"\224\315\236\262\331sN\361\250@\354\023\3237\276\254"
 946      D9734EF1 
 946      A840EC13 
 946      D337BEAC 
 947 0230 7353C282 		.ascii	"sS\302\202\025\332.\375\372\350\264\273\266\275A\027"
 947      15DA2EFD 
 947      FAE8B4BB 
 947      B6BD4117 
 948 0240 61E9ECE7 		.ascii	"a\351\354\347?\327?ml\026\330\014pc\027\317\225oS'\272"
 948      3FD73F6D 
 948      6C16D80C 
 948      706317CF 
 948      956F5327 
 949 0255 45A39F8D 		.ascii	"E\243\237\215\245\032OaI\230\205i\273\3214\237;/;\305"
 949      A51A4F61 
 949      49988569 
 949      BBD1349F 
 949      3B2F3BC5 
 950 0269 D233DA4C 		.ascii	"\3223\332L=\372\355x\303\323\272\013\300\346\253\272"
 950      3DFAED78 
 950      C3D3BA0B 
 950      C0E6ABBA 
 951 0279 A3D7FFBA 		.ascii	"\243\327\377\272\356\342\272#WSY\\/,\300\234-:W\025"
 951      EEE2BA23 
 951      5753595C 
 951      2F2CC09C 
 951      2D3A5715 
 952 028d FDC2E910 		.ascii	"\375\302\351\020\314{X\254\367Vo\260\225t\317B\365\012"
ARM GAS  /tmp/ccj4WOIe.s 			page 30


 952      CC7B58AC 
 952      F7566FB0 
 952      9574CF42 
 952      F50A
 953 029f B39BD5FA 		.ascii	"\263\233\325\372;_]\373\001\376\313-\330\271E^\333\032"
 953      3B5F5DFB 
 953      01FECB2D 
 953      D8B9455E 
 953      DB1A
 954 02b1 0848B547 		.ascii	"\010H\265G\213I}\241CR\277\026\215\307\244\340\256\236"
 954      8B497DA1 
 954      4352BF16 
 954      8DC7A4E0 
 954      AE9E
 955 02c3 8D6DB579 		.ascii	"\215m\265yk\373\300\200\024\213\253\033\333\336Sb\321"
 955      6BFBC080 
 955      148BAB1B 
 955      DBDE5362 
 955      D1
 956 02d4 40587C7B 		.ascii	"@X|{\373n_Wk\007k\376_0\320\026\016mn\357\330 3\361"
 956      FB6E5F57 
 956      6B076BFE 
 956      5F30D016 
 956      0E6D6EEF 
 957 02ec B0128953 		.ascii	"\260\022\211S8^\327\272\231\271CQ\365H\207\354WYC\230"
 957      385ED7BA 
 957      99B94351 
 957      F54887EC 
 957      57594398 
 958 0300 74E501BF 		.ascii	"t\345\001\277\332\316\352\225\350\373\333\"J\374\035"
 958      DACEEA95 
 958      E8FBDB22 
 958      4AFC1D
 959 030f A94F5365 		.ascii	"\251OSeI\015}\030\212\034\224\302}\312~E\213\371?\320"
 959      490D7D18 
 959      8A1C94C2 
 959      7DCA7E45 
 959      8BF93FD0 
 960 0323 A20763FD 		.ascii	"\242\007c\375\241\260,u\361\310\216\240t@V\265\177\035"
 960      A1B02C75 
 960      F1C88EA0 
 960      744056B5 
 960      7F1D
 961 0335 F5EEF2DB 		.ascii	"\365\356\362\333\2466t\370\273\267\005\273v\354\331"
 961      A63674F8 
 961      BBB705BB 
 961      76ECD9
 962 0344 D2FB2E6B 		.ascii	"\322\373.k{\356\257`nr\321-+\344\303\0239\242\204\267"
 962      7BEEAF60 
 962      6E72D12D 
 962      2BE4C313 
 962      39A284B7 
 963 0358 4442FB0F 		.ascii	"DB\373\017\311{\344p\\\213\276\376l\265\260\246\252"
 963      C97BE470 
 963      5C8BBEFE 
 963      6CB5B0A6 
 963      AA
ARM GAS  /tmp/ccj4WOIe.s 			page 31


 964 0369 5A447AAB 		.ascii	"ZDz\253\267\247\253g@\342E\201>\346\345k\267\022{R\375"
 964      B7A7AB67 
 964      40E24581 
 964      3EE6E56B 
 964      B7127B52 
 965 037e 0F4A6AC5 		.ascii	"\017Jj\305\302"
 965      C2
 966              		.text
 967              		.section	.gnu.lto_.symtab.a7c51485293ca3f1,"e",%progbits
 968 0000 69727149 		.ascii	"irqInit\000"
 968      6E697400 
 969 0008 00       		.ascii	"\000"
 970 0009 00       		.ascii	"\000"
 971 000a 00       		.ascii	"\000"
 972 000b 00000000 		.ascii	"\000\000\000\000\000\000\000\000"
 972      00000000 
 973 0013 C6000000 		.ascii	"\306\000\000\000"
 974 0017 69727144 		.ascii	"irqDeinit\000"
 974      65696E69 
 974      7400
 975 0021 00       		.ascii	"\000"
 976 0022 00       		.ascii	"\000"
 977 0023 00       		.ascii	"\000"
 978 0024 00000000 		.ascii	"\000\000\000\000\000\000\000\000"
 978      00000000 
 979 002c C8000000 		.ascii	"\310\000\000\000"
 980 0030 6E766963 		.ascii	"nvicEnableVector\000"
 980      456E6162 
 980      6C655665 
 980      63746F72 
 980      00
 981 0041 00       		.ascii	"\000"
 982 0042 02       		.ascii	"\002"
 983 0043 00       		.ascii	"\000"
 984 0044 00000000 		.ascii	"\000\000\000\000\000\000\000\000"
 984      00000000 
 985 004c CD000000 		.ascii	"\315\000\000\000"
 986 0050 6E766963 		.ascii	"nvicDisableVector\000"
 986      44697361 
 986      626C6556 
 986      6563746F 
 986      7200
 987 0062 00       		.ascii	"\000"
 988 0063 02       		.ascii	"\002"
 989 0064 00       		.ascii	"\000"
 990 0065 00000000 		.ascii	"\000\000\000\000\000\000\000\000"
 990      00000000 
 991 006d D1000000 		.ascii	"\321\000\000\000"
 992              		.text
 993              		.section	.gnu.lto_.ext_symtab.a7c51485293ca3f1,"e",%progbits
 994 0000 01       		.ascii	"\001"
 995 0001 01       		.ascii	"\001"
 996 0002 00       		.ascii	"\000"
 997 0003 01       		.ascii	"\001"
 998 0004 00       		.ascii	"\000"
 999 0005 01       		.ascii	"\001"
 1000 0006 00       		.ascii	"\000"
ARM GAS  /tmp/ccj4WOIe.s 			page 32


 1001 0007 01       		.ascii	"\001"
 1002 0008 00       		.ascii	"\000"
 1003              		.text
 1004              		.section	.gnu.lto_.opts,"e",%progbits
 1005 0000 272D666E 		.ascii	"'-fno-openmp' '-fno-openacc' '-fno-pie' '-fcf-prote"
 1005      6F2D6F70 
 1005      656E6D70 
 1005      2720272D 
 1005      666E6F2D 
 1006 0033 6374696F 		.ascii	"ction=none' '-g' '-mcpu=cortex-m4' '-mthumb' '-mflo"
 1006      6E3D6E6F 
 1006      6E652720 
 1006      272D6727 
 1006      20272D6D 
 1007 0066 61742D61 		.ascii	"at-abi=soft' '-mlibarch=armv7e-m' '-march=armv7e-m'"
 1007      62693D73 
 1007      6F667427 
 1007      20272D6D 
 1007      6C696261 
 1008 0099 20272D4F 		.ascii	" '-O2' '-fomit-frame-pointer' '-falign-functions=16"
 1008      32272027 
 1008      2D666F6D 
 1008      69742D66 
 1008      72616D65 
 1009 00cc 2720272D 		.ascii	"' '-ffunction-sections' '-fdata-sections' '-fno-com"
 1009      6666756E 
 1009      6374696F 
 1009      6E2D7365 
 1009      6374696F 
 1010 00ff 6D6F6E27 		.ascii	"mon' '-flto' '-Xassembler' '-alms=./build/lst/stm32"
 1010      20272D66 
 1010      6C746F27 
 1010      20272D58 
 1010      61737365 
 1011 0132 5F697372 		.ascii	"_isr.lst'\000"
 1011      2E6C7374 
 1011      2700
 1012              		.text
 1013              		.comm	__gnu_lto_slim,1,1
 1014              		.ident	"GCC: (15:13.2.rel1-2) 13.2.1 20231009"
ARM GAS  /tmp/ccj4WOIe.s 			page 33


DEFINED SYMBOLS
                            *ABS*:00000000 stm32_isr.c
     /tmp/ccj4WOIe.s:22     .gnu.debuglto_.debug_info:00000000 stm32_isr.c.2ca6470e
                            *COM*:00000001 __gnu_lto_slim

NO UNDEFINED SYMBOLS
